[2023-04-02T10:32:45.853+0000] {processor.py:153} INFO - Started process (PID=208) to work on /home/airflow/.local/lib/python3.7/site-packages/airflow/example_dags/example_branch_day_of_week_operator.py
[2023-04-02T10:32:45.854+0000] {processor.py:743} INFO - Processing file /home/airflow/.local/lib/python3.7/site-packages/airflow/example_dags/example_branch_day_of_week_operator.py for tasks to queue
[2023-04-02T10:32:45.856+0000] {logging_mixin.py:137} INFO - [2023-04-02T10:32:45.856+0000] {dagbag.py:532} INFO - Filling up the DagBag from /home/airflow/.local/lib/python3.7/site-packages/airflow/example_dags/example_branch_day_of_week_operator.py
[2023-04-02T10:32:45.889+0000] {processor.py:753} INFO - DAG(s) dict_keys(['example_weekday_branch_operator']) retrieved from /home/airflow/.local/lib/python3.7/site-packages/airflow/example_dags/example_branch_day_of_week_operator.py
[2023-04-02T10:32:45.914+0000] {logging_mixin.py:137} INFO - [2023-04-02T10:32:45.914+0000] {dag.py:2705} INFO - Sync 1 DAGs
[2023-04-02T10:32:45.962+0000] {logging_mixin.py:137} INFO - [2023-04-02T10:32:45.961+0000] {dag.py:3456} INFO - Setting next_dagrun for example_weekday_branch_operator to 2023-04-01T00:00:00+00:00, run_after=2023-04-02T00:00:00+00:00
[2023-04-02T10:32:45.989+0000] {processor.py:175} INFO - Processing /home/airflow/.local/lib/python3.7/site-packages/airflow/example_dags/example_branch_day_of_week_operator.py took 0.143 seconds
[2023-04-02T10:33:18.729+0000] {processor.py:153} INFO - Started process (PID=426) to work on /home/airflow/.local/lib/python3.7/site-packages/airflow/example_dags/example_branch_day_of_week_operator.py
[2023-04-02T10:33:18.731+0000] {processor.py:743} INFO - Processing file /home/airflow/.local/lib/python3.7/site-packages/airflow/example_dags/example_branch_day_of_week_operator.py for tasks to queue
[2023-04-02T10:33:18.736+0000] {logging_mixin.py:137} INFO - [2023-04-02T10:33:18.733+0000] {dagbag.py:532} INFO - Filling up the DagBag from /home/airflow/.local/lib/python3.7/site-packages/airflow/example_dags/example_branch_day_of_week_operator.py
[2023-04-02T10:33:18.773+0000] {processor.py:753} INFO - DAG(s) dict_keys(['example_weekday_branch_operator']) retrieved from /home/airflow/.local/lib/python3.7/site-packages/airflow/example_dags/example_branch_day_of_week_operator.py
[2023-04-02T10:33:18.804+0000] {logging_mixin.py:137} INFO - [2023-04-02T10:33:18.804+0000] {dag.py:2705} INFO - Sync 1 DAGs
[2023-04-02T10:33:19.017+0000] {logging_mixin.py:137} INFO - [2023-04-02T10:33:19.017+0000] {dag.py:3456} INFO - Setting next_dagrun for example_weekday_branch_operator to 2023-04-01T00:00:00+00:00, run_after=2023-04-02T00:00:00+00:00
[2023-04-02T10:33:19.119+0000] {processor.py:175} INFO - Processing /home/airflow/.local/lib/python3.7/site-packages/airflow/example_dags/example_branch_day_of_week_operator.py took 0.406 seconds
[2023-04-02T10:33:49.912+0000] {processor.py:153} INFO - Started process (PID=645) to work on /home/airflow/.local/lib/python3.7/site-packages/airflow/example_dags/example_branch_day_of_week_operator.py
[2023-04-02T10:33:49.919+0000] {processor.py:743} INFO - Processing file /home/airflow/.local/lib/python3.7/site-packages/airflow/example_dags/example_branch_day_of_week_operator.py for tasks to queue
[2023-04-02T10:33:49.929+0000] {logging_mixin.py:137} INFO - [2023-04-02T10:33:49.921+0000] {dagbag.py:532} INFO - Filling up the DagBag from /home/airflow/.local/lib/python3.7/site-packages/airflow/example_dags/example_branch_day_of_week_operator.py
[2023-04-02T10:33:50.080+0000] {processor.py:753} INFO - DAG(s) dict_keys(['example_weekday_branch_operator']) retrieved from /home/airflow/.local/lib/python3.7/site-packages/airflow/example_dags/example_branch_day_of_week_operator.py
[2023-04-02T10:33:50.199+0000] {logging_mixin.py:137} INFO - [2023-04-02T10:33:50.199+0000] {dag.py:2705} INFO - Sync 1 DAGs
[2023-04-02T10:33:50.321+0000] {logging_mixin.py:137} INFO - [2023-04-02T10:33:50.321+0000] {dag.py:3456} INFO - Setting next_dagrun for example_weekday_branch_operator to 2023-04-01T00:00:00+00:00, run_after=2023-04-02T00:00:00+00:00
[2023-04-02T10:33:50.403+0000] {processor.py:175} INFO - Processing /home/airflow/.local/lib/python3.7/site-packages/airflow/example_dags/example_branch_day_of_week_operator.py took 0.508 seconds
[2023-04-02T10:34:22.149+0000] {processor.py:153} INFO - Started process (PID=863) to work on /home/airflow/.local/lib/python3.7/site-packages/airflow/example_dags/example_branch_day_of_week_operator.py
[2023-04-02T10:34:22.154+0000] {processor.py:743} INFO - Processing file /home/airflow/.local/lib/python3.7/site-packages/airflow/example_dags/example_branch_day_of_week_operator.py for tasks to queue
[2023-04-02T10:34:22.163+0000] {logging_mixin.py:137} INFO - [2023-04-02T10:34:22.163+0000] {dagbag.py:532} INFO - Filling up the DagBag from /home/airflow/.local/lib/python3.7/site-packages/airflow/example_dags/example_branch_day_of_week_operator.py
[2023-04-02T10:34:22.299+0000] {processor.py:753} INFO - DAG(s) dict_keys(['example_weekday_branch_operator']) retrieved from /home/airflow/.local/lib/python3.7/site-packages/airflow/example_dags/example_branch_day_of_week_operator.py
[2023-04-02T10:34:22.413+0000] {logging_mixin.py:137} INFO - [2023-04-02T10:34:22.413+0000] {dag.py:2705} INFO - Sync 1 DAGs
[2023-04-02T10:34:22.475+0000] {logging_mixin.py:137} INFO - [2023-04-02T10:34:22.475+0000] {dag.py:3456} INFO - Setting next_dagrun for example_weekday_branch_operator to 2023-04-01T00:00:00+00:00, run_after=2023-04-02T00:00:00+00:00
[2023-04-02T10:34:22.541+0000] {processor.py:175} INFO - Processing /home/airflow/.local/lib/python3.7/site-packages/airflow/example_dags/example_branch_day_of_week_operator.py took 0.426 seconds
[2023-04-02T10:34:53.187+0000] {processor.py:153} INFO - Started process (PID=1082) to work on /home/airflow/.local/lib/python3.7/site-packages/airflow/example_dags/example_branch_day_of_week_operator.py
[2023-04-02T10:34:53.190+0000] {processor.py:743} INFO - Processing file /home/airflow/.local/lib/python3.7/site-packages/airflow/example_dags/example_branch_day_of_week_operator.py for tasks to queue
[2023-04-02T10:34:53.200+0000] {logging_mixin.py:137} INFO - [2023-04-02T10:34:53.200+0000] {dagbag.py:532} INFO - Filling up the DagBag from /home/airflow/.local/lib/python3.7/site-packages/airflow/example_dags/example_branch_day_of_week_operator.py
[2023-04-02T10:34:53.271+0000] {processor.py:753} INFO - DAG(s) dict_keys(['example_weekday_branch_operator']) retrieved from /home/airflow/.local/lib/python3.7/site-packages/airflow/example_dags/example_branch_day_of_week_operator.py
[2023-04-02T10:34:53.408+0000] {logging_mixin.py:137} INFO - [2023-04-02T10:34:53.407+0000] {dag.py:2705} INFO - Sync 1 DAGs
[2023-04-02T10:34:53.668+0000] {logging_mixin.py:137} INFO - [2023-04-02T10:34:53.667+0000] {dag.py:3456} INFO - Setting next_dagrun for example_weekday_branch_operator to 2023-04-01T00:00:00+00:00, run_after=2023-04-02T00:00:00+00:00
[2023-04-02T10:34:53.869+0000] {processor.py:175} INFO - Processing /home/airflow/.local/lib/python3.7/site-packages/airflow/example_dags/example_branch_day_of_week_operator.py took 0.694 seconds
[2023-04-02T10:35:24.222+0000] {processor.py:153} INFO - Started process (PID=1300) to work on /home/airflow/.local/lib/python3.7/site-packages/airflow/example_dags/example_branch_day_of_week_operator.py
[2023-04-02T10:35:24.224+0000] {processor.py:743} INFO - Processing file /home/airflow/.local/lib/python3.7/site-packages/airflow/example_dags/example_branch_day_of_week_operator.py for tasks to queue
[2023-04-02T10:35:24.230+0000] {logging_mixin.py:137} INFO - [2023-04-02T10:35:24.227+0000] {dagbag.py:532} INFO - Filling up the DagBag from /home/airflow/.local/lib/python3.7/site-packages/airflow/example_dags/example_branch_day_of_week_operator.py
[2023-04-02T10:35:24.286+0000] {processor.py:753} INFO - DAG(s) dict_keys(['example_weekday_branch_operator']) retrieved from /home/airflow/.local/lib/python3.7/site-packages/airflow/example_dags/example_branch_day_of_week_operator.py
[2023-04-02T10:35:24.355+0000] {logging_mixin.py:137} INFO - [2023-04-02T10:35:24.355+0000] {dag.py:2705} INFO - Sync 1 DAGs
[2023-04-02T10:35:24.414+0000] {logging_mixin.py:137} INFO - [2023-04-02T10:35:24.414+0000] {dag.py:3456} INFO - Setting next_dagrun for example_weekday_branch_operator to 2023-04-01T00:00:00+00:00, run_after=2023-04-02T00:00:00+00:00
[2023-04-02T10:35:24.449+0000] {processor.py:175} INFO - Processing /home/airflow/.local/lib/python3.7/site-packages/airflow/example_dags/example_branch_day_of_week_operator.py took 0.236 seconds
[2023-04-02T10:35:55.001+0000] {processor.py:153} INFO - Started process (PID=1518) to work on /home/airflow/.local/lib/python3.7/site-packages/airflow/example_dags/example_branch_day_of_week_operator.py
[2023-04-02T10:35:55.003+0000] {processor.py:743} INFO - Processing file /home/airflow/.local/lib/python3.7/site-packages/airflow/example_dags/example_branch_day_of_week_operator.py for tasks to queue
[2023-04-02T10:35:55.007+0000] {logging_mixin.py:137} INFO - [2023-04-02T10:35:55.006+0000] {dagbag.py:532} INFO - Filling up the DagBag from /home/airflow/.local/lib/python3.7/site-packages/airflow/example_dags/example_branch_day_of_week_operator.py
[2023-04-02T10:35:55.063+0000] {processor.py:753} INFO - DAG(s) dict_keys(['example_weekday_branch_operator']) retrieved from /home/airflow/.local/lib/python3.7/site-packages/airflow/example_dags/example_branch_day_of_week_operator.py
[2023-04-02T10:35:55.120+0000] {logging_mixin.py:137} INFO - [2023-04-02T10:35:55.120+0000] {dag.py:2705} INFO - Sync 1 DAGs
[2023-04-02T10:35:55.174+0000] {logging_mixin.py:137} INFO - [2023-04-02T10:35:55.173+0000] {dag.py:3456} INFO - Setting next_dagrun for example_weekday_branch_operator to 2023-04-01T00:00:00+00:00, run_after=2023-04-02T00:00:00+00:00
[2023-04-02T10:35:55.210+0000] {processor.py:175} INFO - Processing /home/airflow/.local/lib/python3.7/site-packages/airflow/example_dags/example_branch_day_of_week_operator.py took 0.216 seconds
[2023-04-02T10:36:25.384+0000] {processor.py:153} INFO - Started process (PID=1738) to work on /home/airflow/.local/lib/python3.7/site-packages/airflow/example_dags/example_branch_day_of_week_operator.py
[2023-04-02T10:36:25.386+0000] {processor.py:743} INFO - Processing file /home/airflow/.local/lib/python3.7/site-packages/airflow/example_dags/example_branch_day_of_week_operator.py for tasks to queue
[2023-04-02T10:36:25.389+0000] {logging_mixin.py:137} INFO - [2023-04-02T10:36:25.389+0000] {dagbag.py:532} INFO - Filling up the DagBag from /home/airflow/.local/lib/python3.7/site-packages/airflow/example_dags/example_branch_day_of_week_operator.py
[2023-04-02T10:36:25.421+0000] {processor.py:753} INFO - DAG(s) dict_keys(['example_weekday_branch_operator']) retrieved from /home/airflow/.local/lib/python3.7/site-packages/airflow/example_dags/example_branch_day_of_week_operator.py
[2023-04-02T10:36:25.460+0000] {logging_mixin.py:137} INFO - [2023-04-02T10:36:25.460+0000] {dag.py:2705} INFO - Sync 1 DAGs
[2023-04-02T10:36:25.498+0000] {logging_mixin.py:137} INFO - [2023-04-02T10:36:25.498+0000] {dag.py:3456} INFO - Setting next_dagrun for example_weekday_branch_operator to 2023-04-01T00:00:00+00:00, run_after=2023-04-02T00:00:00+00:00
[2023-04-02T10:36:25.532+0000] {processor.py:175} INFO - Processing /home/airflow/.local/lib/python3.7/site-packages/airflow/example_dags/example_branch_day_of_week_operator.py took 0.153 seconds
[2023-04-02T10:36:55.658+0000] {processor.py:153} INFO - Started process (PID=1954) to work on /home/airflow/.local/lib/python3.7/site-packages/airflow/example_dags/example_branch_day_of_week_operator.py
[2023-04-02T10:36:55.660+0000] {processor.py:743} INFO - Processing file /home/airflow/.local/lib/python3.7/site-packages/airflow/example_dags/example_branch_day_of_week_operator.py for tasks to queue
[2023-04-02T10:36:55.662+0000] {logging_mixin.py:137} INFO - [2023-04-02T10:36:55.662+0000] {dagbag.py:532} INFO - Filling up the DagBag from /home/airflow/.local/lib/python3.7/site-packages/airflow/example_dags/example_branch_day_of_week_operator.py
[2023-04-02T10:36:55.703+0000] {processor.py:753} INFO - DAG(s) dict_keys(['example_weekday_branch_operator']) retrieved from /home/airflow/.local/lib/python3.7/site-packages/airflow/example_dags/example_branch_day_of_week_operator.py
[2023-04-02T10:36:55.766+0000] {logging_mixin.py:137} INFO - [2023-04-02T10:36:55.766+0000] {dag.py:2705} INFO - Sync 1 DAGs
[2023-04-02T10:36:55.831+0000] {logging_mixin.py:137} INFO - [2023-04-02T10:36:55.831+0000] {dag.py:3456} INFO - Setting next_dagrun for example_weekday_branch_operator to 2023-04-01T00:00:00+00:00, run_after=2023-04-02T00:00:00+00:00
[2023-04-02T10:36:55.887+0000] {processor.py:175} INFO - Processing /home/airflow/.local/lib/python3.7/site-packages/airflow/example_dags/example_branch_day_of_week_operator.py took 0.237 seconds
[2023-04-02T10:37:26.178+0000] {processor.py:153} INFO - Started process (PID=2172) to work on /home/airflow/.local/lib/python3.7/site-packages/airflow/example_dags/example_branch_day_of_week_operator.py
[2023-04-02T10:37:26.180+0000] {processor.py:743} INFO - Processing file /home/airflow/.local/lib/python3.7/site-packages/airflow/example_dags/example_branch_day_of_week_operator.py for tasks to queue
[2023-04-02T10:37:26.182+0000] {logging_mixin.py:137} INFO - [2023-04-02T10:37:26.182+0000] {dagbag.py:532} INFO - Filling up the DagBag from /home/airflow/.local/lib/python3.7/site-packages/airflow/example_dags/example_branch_day_of_week_operator.py
[2023-04-02T10:37:26.214+0000] {processor.py:753} INFO - DAG(s) dict_keys(['example_weekday_branch_operator']) retrieved from /home/airflow/.local/lib/python3.7/site-packages/airflow/example_dags/example_branch_day_of_week_operator.py
[2023-04-02T10:37:26.264+0000] {logging_mixin.py:137} INFO - [2023-04-02T10:37:26.264+0000] {dag.py:2705} INFO - Sync 1 DAGs
[2023-04-02T10:37:26.328+0000] {logging_mixin.py:137} INFO - [2023-04-02T10:37:26.327+0000] {dag.py:3456} INFO - Setting next_dagrun for example_weekday_branch_operator to 2023-04-01T00:00:00+00:00, run_after=2023-04-02T00:00:00+00:00
[2023-04-02T10:37:26.372+0000] {processor.py:175} INFO - Processing /home/airflow/.local/lib/python3.7/site-packages/airflow/example_dags/example_branch_day_of_week_operator.py took 0.200 seconds
[2023-04-02T10:37:57.255+0000] {processor.py:153} INFO - Started process (PID=2390) to work on /home/airflow/.local/lib/python3.7/site-packages/airflow/example_dags/example_branch_day_of_week_operator.py
[2023-04-02T10:37:57.257+0000] {processor.py:743} INFO - Processing file /home/airflow/.local/lib/python3.7/site-packages/airflow/example_dags/example_branch_day_of_week_operator.py for tasks to queue
[2023-04-02T10:37:57.260+0000] {logging_mixin.py:137} INFO - [2023-04-02T10:37:57.259+0000] {dagbag.py:532} INFO - Filling up the DagBag from /home/airflow/.local/lib/python3.7/site-packages/airflow/example_dags/example_branch_day_of_week_operator.py
[2023-04-02T10:37:57.297+0000] {processor.py:753} INFO - DAG(s) dict_keys(['example_weekday_branch_operator']) retrieved from /home/airflow/.local/lib/python3.7/site-packages/airflow/example_dags/example_branch_day_of_week_operator.py
[2023-04-02T10:37:57.344+0000] {logging_mixin.py:137} INFO - [2023-04-02T10:37:57.344+0000] {dag.py:2705} INFO - Sync 1 DAGs
[2023-04-02T10:37:57.395+0000] {logging_mixin.py:137} INFO - [2023-04-02T10:37:57.395+0000] {dag.py:3456} INFO - Setting next_dagrun for example_weekday_branch_operator to 2023-04-01T00:00:00+00:00, run_after=2023-04-02T00:00:00+00:00
[2023-04-02T10:37:57.430+0000] {processor.py:175} INFO - Processing /home/airflow/.local/lib/python3.7/site-packages/airflow/example_dags/example_branch_day_of_week_operator.py took 0.183 seconds
[2023-04-02T10:38:28.334+0000] {processor.py:153} INFO - Started process (PID=2608) to work on /home/airflow/.local/lib/python3.7/site-packages/airflow/example_dags/example_branch_day_of_week_operator.py
[2023-04-02T10:38:28.336+0000] {processor.py:743} INFO - Processing file /home/airflow/.local/lib/python3.7/site-packages/airflow/example_dags/example_branch_day_of_week_operator.py for tasks to queue
[2023-04-02T10:38:28.340+0000] {logging_mixin.py:137} INFO - [2023-04-02T10:38:28.340+0000] {dagbag.py:532} INFO - Filling up the DagBag from /home/airflow/.local/lib/python3.7/site-packages/airflow/example_dags/example_branch_day_of_week_operator.py
[2023-04-02T10:38:28.381+0000] {processor.py:753} INFO - DAG(s) dict_keys(['example_weekday_branch_operator']) retrieved from /home/airflow/.local/lib/python3.7/site-packages/airflow/example_dags/example_branch_day_of_week_operator.py
[2023-04-02T10:38:28.455+0000] {logging_mixin.py:137} INFO - [2023-04-02T10:38:28.454+0000] {dag.py:2705} INFO - Sync 1 DAGs
[2023-04-02T10:38:28.510+0000] {logging_mixin.py:137} INFO - [2023-04-02T10:38:28.509+0000] {dag.py:3456} INFO - Setting next_dagrun for example_weekday_branch_operator to 2023-04-01T00:00:00+00:00, run_after=2023-04-02T00:00:00+00:00
[2023-04-02T10:38:28.564+0000] {processor.py:175} INFO - Processing /home/airflow/.local/lib/python3.7/site-packages/airflow/example_dags/example_branch_day_of_week_operator.py took 0.239 seconds
[2023-04-02T10:38:58.769+0000] {processor.py:153} INFO - Started process (PID=2826) to work on /home/airflow/.local/lib/python3.7/site-packages/airflow/example_dags/example_branch_day_of_week_operator.py
[2023-04-02T10:38:58.772+0000] {processor.py:743} INFO - Processing file /home/airflow/.local/lib/python3.7/site-packages/airflow/example_dags/example_branch_day_of_week_operator.py for tasks to queue
[2023-04-02T10:38:58.775+0000] {logging_mixin.py:137} INFO - [2023-04-02T10:38:58.774+0000] {dagbag.py:532} INFO - Filling up the DagBag from /home/airflow/.local/lib/python3.7/site-packages/airflow/example_dags/example_branch_day_of_week_operator.py
[2023-04-02T10:38:58.821+0000] {processor.py:753} INFO - DAG(s) dict_keys(['example_weekday_branch_operator']) retrieved from /home/airflow/.local/lib/python3.7/site-packages/airflow/example_dags/example_branch_day_of_week_operator.py
[2023-04-02T10:38:58.924+0000] {logging_mixin.py:137} INFO - [2023-04-02T10:38:58.923+0000] {dag.py:2705} INFO - Sync 1 DAGs
[2023-04-02T10:38:58.999+0000] {logging_mixin.py:137} INFO - [2023-04-02T10:38:58.998+0000] {dag.py:3456} INFO - Setting next_dagrun for example_weekday_branch_operator to 2023-04-01T00:00:00+00:00, run_after=2023-04-02T00:00:00+00:00
[2023-04-02T10:38:59.079+0000] {processor.py:175} INFO - Processing /home/airflow/.local/lib/python3.7/site-packages/airflow/example_dags/example_branch_day_of_week_operator.py took 0.321 seconds
[2023-04-02T10:39:29.923+0000] {processor.py:153} INFO - Started process (PID=3044) to work on /home/airflow/.local/lib/python3.7/site-packages/airflow/example_dags/example_branch_day_of_week_operator.py
[2023-04-02T10:39:29.925+0000] {processor.py:743} INFO - Processing file /home/airflow/.local/lib/python3.7/site-packages/airflow/example_dags/example_branch_day_of_week_operator.py for tasks to queue
[2023-04-02T10:39:29.928+0000] {logging_mixin.py:137} INFO - [2023-04-02T10:39:29.927+0000] {dagbag.py:532} INFO - Filling up the DagBag from /home/airflow/.local/lib/python3.7/site-packages/airflow/example_dags/example_branch_day_of_week_operator.py
[2023-04-02T10:39:29.969+0000] {processor.py:753} INFO - DAG(s) dict_keys(['example_weekday_branch_operator']) retrieved from /home/airflow/.local/lib/python3.7/site-packages/airflow/example_dags/example_branch_day_of_week_operator.py
[2023-04-02T10:39:30.100+0000] {logging_mixin.py:137} INFO - [2023-04-02T10:39:30.100+0000] {dag.py:2705} INFO - Sync 1 DAGs
[2023-04-02T10:39:30.225+0000] {logging_mixin.py:137} INFO - [2023-04-02T10:39:30.225+0000] {dag.py:3456} INFO - Setting next_dagrun for example_weekday_branch_operator to 2023-04-01T00:00:00+00:00, run_after=2023-04-02T00:00:00+00:00
[2023-04-02T10:39:30.263+0000] {processor.py:175} INFO - Processing /home/airflow/.local/lib/python3.7/site-packages/airflow/example_dags/example_branch_day_of_week_operator.py took 0.349 seconds
[2023-04-02T10:40:01.073+0000] {processor.py:153} INFO - Started process (PID=3262) to work on /home/airflow/.local/lib/python3.7/site-packages/airflow/example_dags/example_branch_day_of_week_operator.py
[2023-04-02T10:40:01.074+0000] {processor.py:743} INFO - Processing file /home/airflow/.local/lib/python3.7/site-packages/airflow/example_dags/example_branch_day_of_week_operator.py for tasks to queue
[2023-04-02T10:40:01.079+0000] {logging_mixin.py:137} INFO - [2023-04-02T10:40:01.078+0000] {dagbag.py:532} INFO - Filling up the DagBag from /home/airflow/.local/lib/python3.7/site-packages/airflow/example_dags/example_branch_day_of_week_operator.py
[2023-04-02T10:40:01.114+0000] {processor.py:753} INFO - DAG(s) dict_keys(['example_weekday_branch_operator']) retrieved from /home/airflow/.local/lib/python3.7/site-packages/airflow/example_dags/example_branch_day_of_week_operator.py
[2023-04-02T10:40:01.179+0000] {logging_mixin.py:137} INFO - [2023-04-02T10:40:01.178+0000] {dag.py:2705} INFO - Sync 1 DAGs
[2023-04-02T10:40:01.235+0000] {logging_mixin.py:137} INFO - [2023-04-02T10:40:01.235+0000] {dag.py:3456} INFO - Setting next_dagrun for example_weekday_branch_operator to 2023-04-01T00:00:00+00:00, run_after=2023-04-02T00:00:00+00:00
[2023-04-02T10:40:01.276+0000] {processor.py:175} INFO - Processing /home/airflow/.local/lib/python3.7/site-packages/airflow/example_dags/example_branch_day_of_week_operator.py took 0.210 seconds
[2023-04-02T10:40:31.928+0000] {processor.py:153} INFO - Started process (PID=3480) to work on /home/airflow/.local/lib/python3.7/site-packages/airflow/example_dags/example_branch_day_of_week_operator.py
[2023-04-02T10:40:31.931+0000] {processor.py:743} INFO - Processing file /home/airflow/.local/lib/python3.7/site-packages/airflow/example_dags/example_branch_day_of_week_operator.py for tasks to queue
[2023-04-02T10:40:31.934+0000] {logging_mixin.py:137} INFO - [2023-04-02T10:40:31.933+0000] {dagbag.py:532} INFO - Filling up the DagBag from /home/airflow/.local/lib/python3.7/site-packages/airflow/example_dags/example_branch_day_of_week_operator.py
[2023-04-02T10:40:31.978+0000] {processor.py:753} INFO - DAG(s) dict_keys(['example_weekday_branch_operator']) retrieved from /home/airflow/.local/lib/python3.7/site-packages/airflow/example_dags/example_branch_day_of_week_operator.py
[2023-04-02T10:40:32.034+0000] {logging_mixin.py:137} INFO - [2023-04-02T10:40:32.034+0000] {dag.py:2705} INFO - Sync 1 DAGs
[2023-04-02T10:40:32.085+0000] {logging_mixin.py:137} INFO - [2023-04-02T10:40:32.085+0000] {dag.py:3456} INFO - Setting next_dagrun for example_weekday_branch_operator to 2023-04-01T00:00:00+00:00, run_after=2023-04-02T00:00:00+00:00
[2023-04-02T10:40:32.116+0000] {processor.py:175} INFO - Processing /home/airflow/.local/lib/python3.7/site-packages/airflow/example_dags/example_branch_day_of_week_operator.py took 0.195 seconds
[2023-04-02T10:41:02.932+0000] {processor.py:153} INFO - Started process (PID=3698) to work on /home/airflow/.local/lib/python3.7/site-packages/airflow/example_dags/example_branch_day_of_week_operator.py
[2023-04-02T10:41:02.936+0000] {processor.py:743} INFO - Processing file /home/airflow/.local/lib/python3.7/site-packages/airflow/example_dags/example_branch_day_of_week_operator.py for tasks to queue
[2023-04-02T10:41:02.944+0000] {logging_mixin.py:137} INFO - [2023-04-02T10:41:02.943+0000] {dagbag.py:532} INFO - Filling up the DagBag from /home/airflow/.local/lib/python3.7/site-packages/airflow/example_dags/example_branch_day_of_week_operator.py
[2023-04-02T10:41:03.031+0000] {processor.py:753} INFO - DAG(s) dict_keys(['example_weekday_branch_operator']) retrieved from /home/airflow/.local/lib/python3.7/site-packages/airflow/example_dags/example_branch_day_of_week_operator.py
[2023-04-02T10:41:03.123+0000] {logging_mixin.py:137} INFO - [2023-04-02T10:41:03.123+0000] {dag.py:2705} INFO - Sync 1 DAGs
[2023-04-02T10:41:03.223+0000] {logging_mixin.py:137} INFO - [2023-04-02T10:41:03.223+0000] {dag.py:3456} INFO - Setting next_dagrun for example_weekday_branch_operator to 2023-04-01T00:00:00+00:00, run_after=2023-04-02T00:00:00+00:00
[2023-04-02T10:41:03.290+0000] {processor.py:175} INFO - Processing /home/airflow/.local/lib/python3.7/site-packages/airflow/example_dags/example_branch_day_of_week_operator.py took 0.369 seconds
[2023-04-02T10:41:33.379+0000] {processor.py:153} INFO - Started process (PID=3916) to work on /home/airflow/.local/lib/python3.7/site-packages/airflow/example_dags/example_branch_day_of_week_operator.py
[2023-04-02T10:41:33.382+0000] {processor.py:743} INFO - Processing file /home/airflow/.local/lib/python3.7/site-packages/airflow/example_dags/example_branch_day_of_week_operator.py for tasks to queue
[2023-04-02T10:41:33.384+0000] {logging_mixin.py:137} INFO - [2023-04-02T10:41:33.384+0000] {dagbag.py:532} INFO - Filling up the DagBag from /home/airflow/.local/lib/python3.7/site-packages/airflow/example_dags/example_branch_day_of_week_operator.py
[2023-04-02T10:41:33.419+0000] {processor.py:753} INFO - DAG(s) dict_keys(['example_weekday_branch_operator']) retrieved from /home/airflow/.local/lib/python3.7/site-packages/airflow/example_dags/example_branch_day_of_week_operator.py
[2023-04-02T10:41:33.474+0000] {logging_mixin.py:137} INFO - [2023-04-02T10:41:33.474+0000] {dag.py:2705} INFO - Sync 1 DAGs
[2023-04-02T10:41:33.548+0000] {logging_mixin.py:137} INFO - [2023-04-02T10:41:33.548+0000] {dag.py:3456} INFO - Setting next_dagrun for example_weekday_branch_operator to 2023-04-01T00:00:00+00:00, run_after=2023-04-02T00:00:00+00:00
[2023-04-02T10:41:33.600+0000] {processor.py:175} INFO - Processing /home/airflow/.local/lib/python3.7/site-packages/airflow/example_dags/example_branch_day_of_week_operator.py took 0.231 seconds
[2023-04-02T10:42:05.031+0000] {processor.py:153} INFO - Started process (PID=4134) to work on /home/airflow/.local/lib/python3.7/site-packages/airflow/example_dags/example_branch_day_of_week_operator.py
[2023-04-02T10:42:05.044+0000] {processor.py:743} INFO - Processing file /home/airflow/.local/lib/python3.7/site-packages/airflow/example_dags/example_branch_day_of_week_operator.py for tasks to queue
[2023-04-02T10:42:05.050+0000] {logging_mixin.py:137} INFO - [2023-04-02T10:42:05.049+0000] {dagbag.py:532} INFO - Filling up the DagBag from /home/airflow/.local/lib/python3.7/site-packages/airflow/example_dags/example_branch_day_of_week_operator.py
[2023-04-02T10:42:05.129+0000] {processor.py:753} INFO - DAG(s) dict_keys(['example_weekday_branch_operator']) retrieved from /home/airflow/.local/lib/python3.7/site-packages/airflow/example_dags/example_branch_day_of_week_operator.py
[2023-04-02T10:42:05.314+0000] {logging_mixin.py:137} INFO - [2023-04-02T10:42:05.314+0000] {dag.py:2705} INFO - Sync 1 DAGs
[2023-04-02T10:42:05.481+0000] {logging_mixin.py:137} INFO - [2023-04-02T10:42:05.480+0000] {dag.py:3456} INFO - Setting next_dagrun for example_weekday_branch_operator to 2023-04-01T00:00:00+00:00, run_after=2023-04-02T00:00:00+00:00
[2023-04-02T10:42:05.857+0000] {processor.py:175} INFO - Processing /home/airflow/.local/lib/python3.7/site-packages/airflow/example_dags/example_branch_day_of_week_operator.py took 0.846 seconds
[2023-04-02T10:42:36.602+0000] {processor.py:153} INFO - Started process (PID=4360) to work on /home/airflow/.local/lib/python3.7/site-packages/airflow/example_dags/example_branch_day_of_week_operator.py
[2023-04-02T10:42:36.604+0000] {processor.py:743} INFO - Processing file /home/airflow/.local/lib/python3.7/site-packages/airflow/example_dags/example_branch_day_of_week_operator.py for tasks to queue
[2023-04-02T10:42:36.606+0000] {logging_mixin.py:137} INFO - [2023-04-02T10:42:36.606+0000] {dagbag.py:532} INFO - Filling up the DagBag from /home/airflow/.local/lib/python3.7/site-packages/airflow/example_dags/example_branch_day_of_week_operator.py
[2023-04-02T10:42:36.660+0000] {processor.py:753} INFO - DAG(s) dict_keys(['example_weekday_branch_operator']) retrieved from /home/airflow/.local/lib/python3.7/site-packages/airflow/example_dags/example_branch_day_of_week_operator.py
[2023-04-02T10:42:36.710+0000] {logging_mixin.py:137} INFO - [2023-04-02T10:42:36.710+0000] {dag.py:2705} INFO - Sync 1 DAGs
[2023-04-02T10:42:36.771+0000] {logging_mixin.py:137} INFO - [2023-04-02T10:42:36.770+0000] {dag.py:3456} INFO - Setting next_dagrun for example_weekday_branch_operator to 2023-04-01T00:00:00+00:00, run_after=2023-04-02T00:00:00+00:00
[2023-04-02T10:42:36.849+0000] {processor.py:175} INFO - Processing /home/airflow/.local/lib/python3.7/site-packages/airflow/example_dags/example_branch_day_of_week_operator.py took 0.252 seconds
[2023-04-02T10:43:07.096+0000] {processor.py:153} INFO - Started process (PID=4577) to work on /home/airflow/.local/lib/python3.7/site-packages/airflow/example_dags/example_branch_day_of_week_operator.py
[2023-04-02T10:43:07.098+0000] {processor.py:743} INFO - Processing file /home/airflow/.local/lib/python3.7/site-packages/airflow/example_dags/example_branch_day_of_week_operator.py for tasks to queue
[2023-04-02T10:43:07.102+0000] {logging_mixin.py:137} INFO - [2023-04-02T10:43:07.102+0000] {dagbag.py:532} INFO - Filling up the DagBag from /home/airflow/.local/lib/python3.7/site-packages/airflow/example_dags/example_branch_day_of_week_operator.py
[2023-04-02T10:43:07.144+0000] {processor.py:753} INFO - DAG(s) dict_keys(['example_weekday_branch_operator']) retrieved from /home/airflow/.local/lib/python3.7/site-packages/airflow/example_dags/example_branch_day_of_week_operator.py
[2023-04-02T10:43:07.190+0000] {logging_mixin.py:137} INFO - [2023-04-02T10:43:07.190+0000] {dag.py:2705} INFO - Sync 1 DAGs
[2023-04-02T10:43:07.243+0000] {logging_mixin.py:137} INFO - [2023-04-02T10:43:07.242+0000] {dag.py:3456} INFO - Setting next_dagrun for example_weekday_branch_operator to 2023-04-01T00:00:00+00:00, run_after=2023-04-02T00:00:00+00:00
[2023-04-02T10:43:07.288+0000] {processor.py:175} INFO - Processing /home/airflow/.local/lib/python3.7/site-packages/airflow/example_dags/example_branch_day_of_week_operator.py took 0.196 seconds
[2023-04-02T10:43:37.774+0000] {processor.py:153} INFO - Started process (PID=4794) to work on /home/airflow/.local/lib/python3.7/site-packages/airflow/example_dags/example_branch_day_of_week_operator.py
[2023-04-02T10:43:37.782+0000] {processor.py:743} INFO - Processing file /home/airflow/.local/lib/python3.7/site-packages/airflow/example_dags/example_branch_day_of_week_operator.py for tasks to queue
[2023-04-02T10:43:37.790+0000] {logging_mixin.py:137} INFO - [2023-04-02T10:43:37.790+0000] {dagbag.py:532} INFO - Filling up the DagBag from /home/airflow/.local/lib/python3.7/site-packages/airflow/example_dags/example_branch_day_of_week_operator.py
[2023-04-02T10:43:37.844+0000] {processor.py:753} INFO - DAG(s) dict_keys(['example_weekday_branch_operator']) retrieved from /home/airflow/.local/lib/python3.7/site-packages/airflow/example_dags/example_branch_day_of_week_operator.py
[2023-04-02T10:43:37.952+0000] {logging_mixin.py:137} INFO - [2023-04-02T10:43:37.951+0000] {dag.py:2705} INFO - Sync 1 DAGs
[2023-04-02T10:43:38.002+0000] {logging_mixin.py:137} INFO - [2023-04-02T10:43:38.002+0000] {dag.py:3456} INFO - Setting next_dagrun for example_weekday_branch_operator to 2023-04-01T00:00:00+00:00, run_after=2023-04-02T00:00:00+00:00
[2023-04-02T10:43:38.036+0000] {processor.py:175} INFO - Processing /home/airflow/.local/lib/python3.7/site-packages/airflow/example_dags/example_branch_day_of_week_operator.py took 0.276 seconds
[2023-04-02T10:44:08.657+0000] {processor.py:153} INFO - Started process (PID=5014) to work on /home/airflow/.local/lib/python3.7/site-packages/airflow/example_dags/example_branch_day_of_week_operator.py
[2023-04-02T10:44:08.658+0000] {processor.py:743} INFO - Processing file /home/airflow/.local/lib/python3.7/site-packages/airflow/example_dags/example_branch_day_of_week_operator.py for tasks to queue
[2023-04-02T10:44:08.660+0000] {logging_mixin.py:137} INFO - [2023-04-02T10:44:08.660+0000] {dagbag.py:532} INFO - Filling up the DagBag from /home/airflow/.local/lib/python3.7/site-packages/airflow/example_dags/example_branch_day_of_week_operator.py
[2023-04-02T10:44:08.687+0000] {processor.py:753} INFO - DAG(s) dict_keys(['example_weekday_branch_operator']) retrieved from /home/airflow/.local/lib/python3.7/site-packages/airflow/example_dags/example_branch_day_of_week_operator.py
[2023-04-02T10:44:08.731+0000] {logging_mixin.py:137} INFO - [2023-04-02T10:44:08.731+0000] {dag.py:2705} INFO - Sync 1 DAGs
[2023-04-02T10:44:08.769+0000] {logging_mixin.py:137} INFO - [2023-04-02T10:44:08.769+0000] {dag.py:3456} INFO - Setting next_dagrun for example_weekday_branch_operator to 2023-04-01T00:00:00+00:00, run_after=2023-04-02T00:00:00+00:00
[2023-04-02T10:44:08.807+0000] {processor.py:175} INFO - Processing /home/airflow/.local/lib/python3.7/site-packages/airflow/example_dags/example_branch_day_of_week_operator.py took 0.156 seconds
[2023-04-02T10:44:38.888+0000] {processor.py:153} INFO - Started process (PID=5229) to work on /home/airflow/.local/lib/python3.7/site-packages/airflow/example_dags/example_branch_day_of_week_operator.py
[2023-04-02T10:44:38.891+0000] {processor.py:743} INFO - Processing file /home/airflow/.local/lib/python3.7/site-packages/airflow/example_dags/example_branch_day_of_week_operator.py for tasks to queue
[2023-04-02T10:44:38.894+0000] {logging_mixin.py:137} INFO - [2023-04-02T10:44:38.894+0000] {dagbag.py:532} INFO - Filling up the DagBag from /home/airflow/.local/lib/python3.7/site-packages/airflow/example_dags/example_branch_day_of_week_operator.py
[2023-04-02T10:44:38.918+0000] {processor.py:753} INFO - DAG(s) dict_keys(['example_weekday_branch_operator']) retrieved from /home/airflow/.local/lib/python3.7/site-packages/airflow/example_dags/example_branch_day_of_week_operator.py
[2023-04-02T10:44:38.954+0000] {logging_mixin.py:137} INFO - [2023-04-02T10:44:38.954+0000] {dag.py:2705} INFO - Sync 1 DAGs
[2023-04-02T10:44:38.990+0000] {logging_mixin.py:137} INFO - [2023-04-02T10:44:38.990+0000] {dag.py:3456} INFO - Setting next_dagrun for example_weekday_branch_operator to 2023-04-01T00:00:00+00:00, run_after=2023-04-02T00:00:00+00:00
[2023-04-02T10:44:39.019+0000] {processor.py:175} INFO - Processing /home/airflow/.local/lib/python3.7/site-packages/airflow/example_dags/example_branch_day_of_week_operator.py took 0.137 seconds
[2023-04-02T10:45:09.583+0000] {processor.py:153} INFO - Started process (PID=5450) to work on /home/airflow/.local/lib/python3.7/site-packages/airflow/example_dags/example_branch_day_of_week_operator.py
[2023-04-02T10:45:09.589+0000] {processor.py:743} INFO - Processing file /home/airflow/.local/lib/python3.7/site-packages/airflow/example_dags/example_branch_day_of_week_operator.py for tasks to queue
[2023-04-02T10:45:09.596+0000] {logging_mixin.py:137} INFO - [2023-04-02T10:45:09.594+0000] {dagbag.py:532} INFO - Filling up the DagBag from /home/airflow/.local/lib/python3.7/site-packages/airflow/example_dags/example_branch_day_of_week_operator.py
[2023-04-02T10:45:09.630+0000] {processor.py:753} INFO - DAG(s) dict_keys(['example_weekday_branch_operator']) retrieved from /home/airflow/.local/lib/python3.7/site-packages/airflow/example_dags/example_branch_day_of_week_operator.py
[2023-04-02T10:45:09.678+0000] {logging_mixin.py:137} INFO - [2023-04-02T10:45:09.678+0000] {dag.py:2705} INFO - Sync 1 DAGs
[2023-04-02T10:45:09.749+0000] {logging_mixin.py:137} INFO - [2023-04-02T10:45:09.749+0000] {dag.py:3456} INFO - Setting next_dagrun for example_weekday_branch_operator to 2023-04-01T00:00:00+00:00, run_after=2023-04-02T00:00:00+00:00
[2023-04-02T10:45:09.780+0000] {processor.py:175} INFO - Processing /home/airflow/.local/lib/python3.7/site-packages/airflow/example_dags/example_branch_day_of_week_operator.py took 0.201 seconds
[2023-04-02T10:45:39.928+0000] {processor.py:153} INFO - Started process (PID=5668) to work on /home/airflow/.local/lib/python3.7/site-packages/airflow/example_dags/example_branch_day_of_week_operator.py
[2023-04-02T10:45:39.930+0000] {processor.py:743} INFO - Processing file /home/airflow/.local/lib/python3.7/site-packages/airflow/example_dags/example_branch_day_of_week_operator.py for tasks to queue
[2023-04-02T10:45:39.933+0000] {logging_mixin.py:137} INFO - [2023-04-02T10:45:39.933+0000] {dagbag.py:532} INFO - Filling up the DagBag from /home/airflow/.local/lib/python3.7/site-packages/airflow/example_dags/example_branch_day_of_week_operator.py
[2023-04-02T10:45:39.971+0000] {processor.py:753} INFO - DAG(s) dict_keys(['example_weekday_branch_operator']) retrieved from /home/airflow/.local/lib/python3.7/site-packages/airflow/example_dags/example_branch_day_of_week_operator.py
[2023-04-02T10:45:40.018+0000] {logging_mixin.py:137} INFO - [2023-04-02T10:45:40.018+0000] {dag.py:2705} INFO - Sync 1 DAGs
[2023-04-02T10:45:40.065+0000] {logging_mixin.py:137} INFO - [2023-04-02T10:45:40.064+0000] {dag.py:3456} INFO - Setting next_dagrun for example_weekday_branch_operator to 2023-04-01T00:00:00+00:00, run_after=2023-04-02T00:00:00+00:00
[2023-04-02T10:45:40.108+0000] {processor.py:175} INFO - Processing /home/airflow/.local/lib/python3.7/site-packages/airflow/example_dags/example_branch_day_of_week_operator.py took 0.187 seconds
[2023-04-02T10:46:10.499+0000] {processor.py:153} INFO - Started process (PID=5886) to work on /home/airflow/.local/lib/python3.7/site-packages/airflow/example_dags/example_branch_day_of_week_operator.py
[2023-04-02T10:46:10.513+0000] {processor.py:743} INFO - Processing file /home/airflow/.local/lib/python3.7/site-packages/airflow/example_dags/example_branch_day_of_week_operator.py for tasks to queue
[2023-04-02T10:46:10.519+0000] {logging_mixin.py:137} INFO - [2023-04-02T10:46:10.518+0000] {dagbag.py:532} INFO - Filling up the DagBag from /home/airflow/.local/lib/python3.7/site-packages/airflow/example_dags/example_branch_day_of_week_operator.py
[2023-04-02T10:46:10.585+0000] {processor.py:753} INFO - DAG(s) dict_keys(['example_weekday_branch_operator']) retrieved from /home/airflow/.local/lib/python3.7/site-packages/airflow/example_dags/example_branch_day_of_week_operator.py
[2023-04-02T10:46:10.650+0000] {logging_mixin.py:137} INFO - [2023-04-02T10:46:10.650+0000] {dag.py:2705} INFO - Sync 1 DAGs
[2023-04-02T10:46:10.709+0000] {logging_mixin.py:137} INFO - [2023-04-02T10:46:10.709+0000] {dag.py:3456} INFO - Setting next_dagrun for example_weekday_branch_operator to 2023-04-01T00:00:00+00:00, run_after=2023-04-02T00:00:00+00:00
[2023-04-02T10:46:10.749+0000] {processor.py:175} INFO - Processing /home/airflow/.local/lib/python3.7/site-packages/airflow/example_dags/example_branch_day_of_week_operator.py took 0.261 seconds
[2023-04-02T10:46:40.929+0000] {processor.py:153} INFO - Started process (PID=6103) to work on /home/airflow/.local/lib/python3.7/site-packages/airflow/example_dags/example_branch_day_of_week_operator.py
[2023-04-02T10:46:40.937+0000] {processor.py:743} INFO - Processing file /home/airflow/.local/lib/python3.7/site-packages/airflow/example_dags/example_branch_day_of_week_operator.py for tasks to queue
[2023-04-02T10:46:40.943+0000] {logging_mixin.py:137} INFO - [2023-04-02T10:46:40.943+0000] {dagbag.py:532} INFO - Filling up the DagBag from /home/airflow/.local/lib/python3.7/site-packages/airflow/example_dags/example_branch_day_of_week_operator.py
[2023-04-02T10:46:40.993+0000] {processor.py:753} INFO - DAG(s) dict_keys(['example_weekday_branch_operator']) retrieved from /home/airflow/.local/lib/python3.7/site-packages/airflow/example_dags/example_branch_day_of_week_operator.py
[2023-04-02T10:46:41.110+0000] {logging_mixin.py:137} INFO - [2023-04-02T10:46:41.110+0000] {dag.py:2705} INFO - Sync 1 DAGs
[2023-04-02T10:46:41.170+0000] {logging_mixin.py:137} INFO - [2023-04-02T10:46:41.170+0000] {dag.py:3456} INFO - Setting next_dagrun for example_weekday_branch_operator to 2023-04-01T00:00:00+00:00, run_after=2023-04-02T00:00:00+00:00
[2023-04-02T10:46:41.215+0000] {processor.py:175} INFO - Processing /home/airflow/.local/lib/python3.7/site-packages/airflow/example_dags/example_branch_day_of_week_operator.py took 0.295 seconds
[2023-04-02T10:47:11.708+0000] {processor.py:153} INFO - Started process (PID=6322) to work on /home/airflow/.local/lib/python3.7/site-packages/airflow/example_dags/example_branch_day_of_week_operator.py
[2023-04-02T10:47:11.710+0000] {processor.py:743} INFO - Processing file /home/airflow/.local/lib/python3.7/site-packages/airflow/example_dags/example_branch_day_of_week_operator.py for tasks to queue
[2023-04-02T10:47:11.713+0000] {logging_mixin.py:137} INFO - [2023-04-02T10:47:11.713+0000] {dagbag.py:532} INFO - Filling up the DagBag from /home/airflow/.local/lib/python3.7/site-packages/airflow/example_dags/example_branch_day_of_week_operator.py
[2023-04-02T10:47:11.747+0000] {processor.py:753} INFO - DAG(s) dict_keys(['example_weekday_branch_operator']) retrieved from /home/airflow/.local/lib/python3.7/site-packages/airflow/example_dags/example_branch_day_of_week_operator.py
[2023-04-02T10:47:11.802+0000] {logging_mixin.py:137} INFO - [2023-04-02T10:47:11.802+0000] {dag.py:2705} INFO - Sync 1 DAGs
[2023-04-02T10:47:11.862+0000] {logging_mixin.py:137} INFO - [2023-04-02T10:47:11.862+0000] {dag.py:3456} INFO - Setting next_dagrun for example_weekday_branch_operator to 2023-04-01T00:00:00+00:00, run_after=2023-04-02T00:00:00+00:00
[2023-04-02T10:47:11.911+0000] {processor.py:175} INFO - Processing /home/airflow/.local/lib/python3.7/site-packages/airflow/example_dags/example_branch_day_of_week_operator.py took 0.214 seconds
[2023-04-02T10:47:42.141+0000] {processor.py:153} INFO - Started process (PID=6541) to work on /home/airflow/.local/lib/python3.7/site-packages/airflow/example_dags/example_branch_day_of_week_operator.py
[2023-04-02T10:47:42.144+0000] {processor.py:743} INFO - Processing file /home/airflow/.local/lib/python3.7/site-packages/airflow/example_dags/example_branch_day_of_week_operator.py for tasks to queue
[2023-04-02T10:47:42.148+0000] {logging_mixin.py:137} INFO - [2023-04-02T10:47:42.146+0000] {dagbag.py:532} INFO - Filling up the DagBag from /home/airflow/.local/lib/python3.7/site-packages/airflow/example_dags/example_branch_day_of_week_operator.py
[2023-04-02T10:47:42.181+0000] {processor.py:753} INFO - DAG(s) dict_keys(['example_weekday_branch_operator']) retrieved from /home/airflow/.local/lib/python3.7/site-packages/airflow/example_dags/example_branch_day_of_week_operator.py
[2023-04-02T10:47:42.229+0000] {logging_mixin.py:137} INFO - [2023-04-02T10:47:42.229+0000] {dag.py:2705} INFO - Sync 1 DAGs
[2023-04-02T10:47:42.277+0000] {logging_mixin.py:137} INFO - [2023-04-02T10:47:42.277+0000] {dag.py:3456} INFO - Setting next_dagrun for example_weekday_branch_operator to 2023-04-01T00:00:00+00:00, run_after=2023-04-02T00:00:00+00:00
[2023-04-02T10:47:42.309+0000] {processor.py:175} INFO - Processing /home/airflow/.local/lib/python3.7/site-packages/airflow/example_dags/example_branch_day_of_week_operator.py took 0.175 seconds
[2023-04-02T10:48:12.445+0000] {processor.py:153} INFO - Started process (PID=6758) to work on /home/airflow/.local/lib/python3.7/site-packages/airflow/example_dags/example_branch_day_of_week_operator.py
[2023-04-02T10:48:12.448+0000] {processor.py:743} INFO - Processing file /home/airflow/.local/lib/python3.7/site-packages/airflow/example_dags/example_branch_day_of_week_operator.py for tasks to queue
[2023-04-02T10:48:12.451+0000] {logging_mixin.py:137} INFO - [2023-04-02T10:48:12.451+0000] {dagbag.py:532} INFO - Filling up the DagBag from /home/airflow/.local/lib/python3.7/site-packages/airflow/example_dags/example_branch_day_of_week_operator.py
[2023-04-02T10:48:12.490+0000] {processor.py:753} INFO - DAG(s) dict_keys(['example_weekday_branch_operator']) retrieved from /home/airflow/.local/lib/python3.7/site-packages/airflow/example_dags/example_branch_day_of_week_operator.py
[2023-04-02T10:48:12.552+0000] {logging_mixin.py:137} INFO - [2023-04-02T10:48:12.552+0000] {dag.py:2705} INFO - Sync 1 DAGs
[2023-04-02T10:48:12.589+0000] {logging_mixin.py:137} INFO - [2023-04-02T10:48:12.589+0000] {dag.py:3456} INFO - Setting next_dagrun for example_weekday_branch_operator to 2023-04-01T00:00:00+00:00, run_after=2023-04-02T00:00:00+00:00
[2023-04-02T10:48:12.624+0000] {processor.py:175} INFO - Processing /home/airflow/.local/lib/python3.7/site-packages/airflow/example_dags/example_branch_day_of_week_operator.py took 0.185 seconds
[2023-04-02T10:48:42.875+0000] {processor.py:153} INFO - Started process (PID=6977) to work on /home/airflow/.local/lib/python3.7/site-packages/airflow/example_dags/example_branch_day_of_week_operator.py
[2023-04-02T10:48:42.878+0000] {processor.py:743} INFO - Processing file /home/airflow/.local/lib/python3.7/site-packages/airflow/example_dags/example_branch_day_of_week_operator.py for tasks to queue
[2023-04-02T10:48:42.881+0000] {logging_mixin.py:137} INFO - [2023-04-02T10:48:42.880+0000] {dagbag.py:532} INFO - Filling up the DagBag from /home/airflow/.local/lib/python3.7/site-packages/airflow/example_dags/example_branch_day_of_week_operator.py
[2023-04-02T10:48:42.914+0000] {processor.py:753} INFO - DAG(s) dict_keys(['example_weekday_branch_operator']) retrieved from /home/airflow/.local/lib/python3.7/site-packages/airflow/example_dags/example_branch_day_of_week_operator.py
[2023-04-02T10:48:42.951+0000] {logging_mixin.py:137} INFO - [2023-04-02T10:48:42.951+0000] {dag.py:2705} INFO - Sync 1 DAGs
[2023-04-02T10:48:42.993+0000] {logging_mixin.py:137} INFO - [2023-04-02T10:48:42.993+0000] {dag.py:3456} INFO - Setting next_dagrun for example_weekday_branch_operator to 2023-04-01T00:00:00+00:00, run_after=2023-04-02T00:00:00+00:00
[2023-04-02T10:48:43.028+0000] {processor.py:175} INFO - Processing /home/airflow/.local/lib/python3.7/site-packages/airflow/example_dags/example_branch_day_of_week_operator.py took 0.159 seconds
[2023-04-02T10:49:13.073+0000] {processor.py:153} INFO - Started process (PID=7192) to work on /home/airflow/.local/lib/python3.7/site-packages/airflow/example_dags/example_branch_day_of_week_operator.py
[2023-04-02T10:49:13.074+0000] {processor.py:743} INFO - Processing file /home/airflow/.local/lib/python3.7/site-packages/airflow/example_dags/example_branch_day_of_week_operator.py for tasks to queue
[2023-04-02T10:49:13.079+0000] {logging_mixin.py:137} INFO - [2023-04-02T10:49:13.077+0000] {dagbag.py:532} INFO - Filling up the DagBag from /home/airflow/.local/lib/python3.7/site-packages/airflow/example_dags/example_branch_day_of_week_operator.py
[2023-04-02T10:49:13.113+0000] {processor.py:753} INFO - DAG(s) dict_keys(['example_weekday_branch_operator']) retrieved from /home/airflow/.local/lib/python3.7/site-packages/airflow/example_dags/example_branch_day_of_week_operator.py
[2023-04-02T10:49:13.173+0000] {logging_mixin.py:137} INFO - [2023-04-02T10:49:13.173+0000] {dag.py:2705} INFO - Sync 1 DAGs
[2023-04-02T10:49:13.235+0000] {logging_mixin.py:137} INFO - [2023-04-02T10:49:13.234+0000] {dag.py:3456} INFO - Setting next_dagrun for example_weekday_branch_operator to 2023-04-01T00:00:00+00:00, run_after=2023-04-02T00:00:00+00:00
[2023-04-02T10:49:13.293+0000] {processor.py:175} INFO - Processing /home/airflow/.local/lib/python3.7/site-packages/airflow/example_dags/example_branch_day_of_week_operator.py took 0.225 seconds
[2023-04-02T10:49:44.263+0000] {processor.py:153} INFO - Started process (PID=7413) to work on /home/airflow/.local/lib/python3.7/site-packages/airflow/example_dags/example_branch_day_of_week_operator.py
[2023-04-02T10:49:44.265+0000] {processor.py:743} INFO - Processing file /home/airflow/.local/lib/python3.7/site-packages/airflow/example_dags/example_branch_day_of_week_operator.py for tasks to queue
[2023-04-02T10:49:44.268+0000] {logging_mixin.py:137} INFO - [2023-04-02T10:49:44.267+0000] {dagbag.py:532} INFO - Filling up the DagBag from /home/airflow/.local/lib/python3.7/site-packages/airflow/example_dags/example_branch_day_of_week_operator.py
[2023-04-02T10:49:44.311+0000] {processor.py:753} INFO - DAG(s) dict_keys(['example_weekday_branch_operator']) retrieved from /home/airflow/.local/lib/python3.7/site-packages/airflow/example_dags/example_branch_day_of_week_operator.py
[2023-04-02T10:49:44.357+0000] {logging_mixin.py:137} INFO - [2023-04-02T10:49:44.355+0000] {dag.py:2705} INFO - Sync 1 DAGs
[2023-04-02T10:49:44.407+0000] {logging_mixin.py:137} INFO - [2023-04-02T10:49:44.406+0000] {dag.py:3456} INFO - Setting next_dagrun for example_weekday_branch_operator to 2023-04-01T00:00:00+00:00, run_after=2023-04-02T00:00:00+00:00
[2023-04-02T10:49:44.464+0000] {processor.py:175} INFO - Processing /home/airflow/.local/lib/python3.7/site-packages/airflow/example_dags/example_branch_day_of_week_operator.py took 0.207 seconds
[2023-04-02T10:50:14.968+0000] {processor.py:153} INFO - Started process (PID=7631) to work on /home/airflow/.local/lib/python3.7/site-packages/airflow/example_dags/example_branch_day_of_week_operator.py
[2023-04-02T10:50:14.970+0000] {processor.py:743} INFO - Processing file /home/airflow/.local/lib/python3.7/site-packages/airflow/example_dags/example_branch_day_of_week_operator.py for tasks to queue
[2023-04-02T10:50:14.973+0000] {logging_mixin.py:137} INFO - [2023-04-02T10:50:14.973+0000] {dagbag.py:532} INFO - Filling up the DagBag from /home/airflow/.local/lib/python3.7/site-packages/airflow/example_dags/example_branch_day_of_week_operator.py
[2023-04-02T10:50:15.065+0000] {processor.py:753} INFO - DAG(s) dict_keys(['example_weekday_branch_operator']) retrieved from /home/airflow/.local/lib/python3.7/site-packages/airflow/example_dags/example_branch_day_of_week_operator.py
[2023-04-02T10:50:15.129+0000] {logging_mixin.py:137} INFO - [2023-04-02T10:50:15.129+0000] {dag.py:2705} INFO - Sync 1 DAGs
[2023-04-02T10:50:15.174+0000] {logging_mixin.py:137} INFO - [2023-04-02T10:50:15.174+0000] {dag.py:3456} INFO - Setting next_dagrun for example_weekday_branch_operator to 2023-04-01T00:00:00+00:00, run_after=2023-04-02T00:00:00+00:00
[2023-04-02T10:50:15.209+0000] {processor.py:175} INFO - Processing /home/airflow/.local/lib/python3.7/site-packages/airflow/example_dags/example_branch_day_of_week_operator.py took 0.248 seconds
[2023-04-02T10:50:46.112+0000] {processor.py:153} INFO - Started process (PID=7848) to work on /home/airflow/.local/lib/python3.7/site-packages/airflow/example_dags/example_branch_day_of_week_operator.py
[2023-04-02T10:50:46.114+0000] {processor.py:743} INFO - Processing file /home/airflow/.local/lib/python3.7/site-packages/airflow/example_dags/example_branch_day_of_week_operator.py for tasks to queue
[2023-04-02T10:50:46.116+0000] {logging_mixin.py:137} INFO - [2023-04-02T10:50:46.116+0000] {dagbag.py:532} INFO - Filling up the DagBag from /home/airflow/.local/lib/python3.7/site-packages/airflow/example_dags/example_branch_day_of_week_operator.py
[2023-04-02T10:50:46.144+0000] {processor.py:753} INFO - DAG(s) dict_keys(['example_weekday_branch_operator']) retrieved from /home/airflow/.local/lib/python3.7/site-packages/airflow/example_dags/example_branch_day_of_week_operator.py
[2023-04-02T10:50:46.179+0000] {logging_mixin.py:137} INFO - [2023-04-02T10:50:46.179+0000] {dag.py:2705} INFO - Sync 1 DAGs
[2023-04-02T10:50:46.216+0000] {logging_mixin.py:137} INFO - [2023-04-02T10:50:46.216+0000] {dag.py:3456} INFO - Setting next_dagrun for example_weekday_branch_operator to 2023-04-01T00:00:00+00:00, run_after=2023-04-02T00:00:00+00:00
[2023-04-02T10:50:46.250+0000] {processor.py:175} INFO - Processing /home/airflow/.local/lib/python3.7/site-packages/airflow/example_dags/example_branch_day_of_week_operator.py took 0.145 seconds
[2023-04-02T10:51:17.066+0000] {processor.py:153} INFO - Started process (PID=8066) to work on /home/airflow/.local/lib/python3.7/site-packages/airflow/example_dags/example_branch_day_of_week_operator.py
[2023-04-02T10:51:17.066+0000] {processor.py:743} INFO - Processing file /home/airflow/.local/lib/python3.7/site-packages/airflow/example_dags/example_branch_day_of_week_operator.py for tasks to queue
[2023-04-02T10:51:17.069+0000] {logging_mixin.py:137} INFO - [2023-04-02T10:51:17.069+0000] {dagbag.py:532} INFO - Filling up the DagBag from /home/airflow/.local/lib/python3.7/site-packages/airflow/example_dags/example_branch_day_of_week_operator.py
[2023-04-02T10:51:17.104+0000] {processor.py:753} INFO - DAG(s) dict_keys(['example_weekday_branch_operator']) retrieved from /home/airflow/.local/lib/python3.7/site-packages/airflow/example_dags/example_branch_day_of_week_operator.py
[2023-04-02T10:51:17.166+0000] {logging_mixin.py:137} INFO - [2023-04-02T10:51:17.166+0000] {dag.py:2705} INFO - Sync 1 DAGs
[2023-04-02T10:51:17.245+0000] {logging_mixin.py:137} INFO - [2023-04-02T10:51:17.244+0000] {dag.py:3456} INFO - Setting next_dagrun for example_weekday_branch_operator to 2023-04-01T00:00:00+00:00, run_after=2023-04-02T00:00:00+00:00
[2023-04-02T10:51:17.275+0000] {processor.py:175} INFO - Processing /home/airflow/.local/lib/python3.7/site-packages/airflow/example_dags/example_branch_day_of_week_operator.py took 0.213 seconds
[2023-04-02T10:51:47.540+0000] {processor.py:153} INFO - Started process (PID=8284) to work on /home/airflow/.local/lib/python3.7/site-packages/airflow/example_dags/example_branch_day_of_week_operator.py
[2023-04-02T10:51:47.541+0000] {processor.py:743} INFO - Processing file /home/airflow/.local/lib/python3.7/site-packages/airflow/example_dags/example_branch_day_of_week_operator.py for tasks to queue
[2023-04-02T10:51:47.543+0000] {logging_mixin.py:137} INFO - [2023-04-02T10:51:47.543+0000] {dagbag.py:532} INFO - Filling up the DagBag from /home/airflow/.local/lib/python3.7/site-packages/airflow/example_dags/example_branch_day_of_week_operator.py
[2023-04-02T10:51:47.573+0000] {processor.py:753} INFO - DAG(s) dict_keys(['example_weekday_branch_operator']) retrieved from /home/airflow/.local/lib/python3.7/site-packages/airflow/example_dags/example_branch_day_of_week_operator.py
[2023-04-02T10:51:47.612+0000] {logging_mixin.py:137} INFO - [2023-04-02T10:51:47.612+0000] {dag.py:2705} INFO - Sync 1 DAGs
[2023-04-02T10:51:47.662+0000] {logging_mixin.py:137} INFO - [2023-04-02T10:51:47.661+0000] {dag.py:3456} INFO - Setting next_dagrun for example_weekday_branch_operator to 2023-04-01T00:00:00+00:00, run_after=2023-04-02T00:00:00+00:00
[2023-04-02T10:51:47.712+0000] {processor.py:175} INFO - Processing /home/airflow/.local/lib/python3.7/site-packages/airflow/example_dags/example_branch_day_of_week_operator.py took 0.177 seconds
[2023-04-02T10:52:17.783+0000] {processor.py:153} INFO - Started process (PID=8502) to work on /home/airflow/.local/lib/python3.7/site-packages/airflow/example_dags/example_branch_day_of_week_operator.py
[2023-04-02T10:52:17.784+0000] {processor.py:743} INFO - Processing file /home/airflow/.local/lib/python3.7/site-packages/airflow/example_dags/example_branch_day_of_week_operator.py for tasks to queue
[2023-04-02T10:52:17.788+0000] {logging_mixin.py:137} INFO - [2023-04-02T10:52:17.788+0000] {dagbag.py:532} INFO - Filling up the DagBag from /home/airflow/.local/lib/python3.7/site-packages/airflow/example_dags/example_branch_day_of_week_operator.py
[2023-04-02T10:52:17.823+0000] {processor.py:753} INFO - DAG(s) dict_keys(['example_weekday_branch_operator']) retrieved from /home/airflow/.local/lib/python3.7/site-packages/airflow/example_dags/example_branch_day_of_week_operator.py
[2023-04-02T10:52:17.858+0000] {logging_mixin.py:137} INFO - [2023-04-02T10:52:17.858+0000] {dag.py:2705} INFO - Sync 1 DAGs
[2023-04-02T10:52:17.898+0000] {logging_mixin.py:137} INFO - [2023-04-02T10:52:17.898+0000] {dag.py:3456} INFO - Setting next_dagrun for example_weekday_branch_operator to 2023-04-01T00:00:00+00:00, run_after=2023-04-02T00:00:00+00:00
[2023-04-02T10:52:17.931+0000] {processor.py:175} INFO - Processing /home/airflow/.local/lib/python3.7/site-packages/airflow/example_dags/example_branch_day_of_week_operator.py took 0.158 seconds
[2023-04-02T10:52:48.402+0000] {processor.py:153} INFO - Started process (PID=8721) to work on /home/airflow/.local/lib/python3.7/site-packages/airflow/example_dags/example_branch_day_of_week_operator.py
[2023-04-02T10:52:48.405+0000] {processor.py:743} INFO - Processing file /home/airflow/.local/lib/python3.7/site-packages/airflow/example_dags/example_branch_day_of_week_operator.py for tasks to queue
[2023-04-02T10:52:48.407+0000] {logging_mixin.py:137} INFO - [2023-04-02T10:52:48.407+0000] {dagbag.py:532} INFO - Filling up the DagBag from /home/airflow/.local/lib/python3.7/site-packages/airflow/example_dags/example_branch_day_of_week_operator.py
[2023-04-02T10:52:48.454+0000] {processor.py:753} INFO - DAG(s) dict_keys(['example_weekday_branch_operator']) retrieved from /home/airflow/.local/lib/python3.7/site-packages/airflow/example_dags/example_branch_day_of_week_operator.py
[2023-04-02T10:52:48.510+0000] {logging_mixin.py:137} INFO - [2023-04-02T10:52:48.510+0000] {dag.py:2705} INFO - Sync 1 DAGs
[2023-04-02T10:52:48.569+0000] {logging_mixin.py:137} INFO - [2023-04-02T10:52:48.568+0000] {dag.py:3456} INFO - Setting next_dagrun for example_weekday_branch_operator to 2023-04-01T00:00:00+00:00, run_after=2023-04-02T00:00:00+00:00
[2023-04-02T10:52:48.620+0000] {processor.py:175} INFO - Processing /home/airflow/.local/lib/python3.7/site-packages/airflow/example_dags/example_branch_day_of_week_operator.py took 0.224 seconds
[2023-04-02T10:53:19.549+0000] {processor.py:153} INFO - Started process (PID=8939) to work on /home/airflow/.local/lib/python3.7/site-packages/airflow/example_dags/example_branch_day_of_week_operator.py
[2023-04-02T10:53:19.553+0000] {processor.py:743} INFO - Processing file /home/airflow/.local/lib/python3.7/site-packages/airflow/example_dags/example_branch_day_of_week_operator.py for tasks to queue
[2023-04-02T10:53:19.555+0000] {logging_mixin.py:137} INFO - [2023-04-02T10:53:19.555+0000] {dagbag.py:532} INFO - Filling up the DagBag from /home/airflow/.local/lib/python3.7/site-packages/airflow/example_dags/example_branch_day_of_week_operator.py
[2023-04-02T10:53:19.586+0000] {processor.py:753} INFO - DAG(s) dict_keys(['example_weekday_branch_operator']) retrieved from /home/airflow/.local/lib/python3.7/site-packages/airflow/example_dags/example_branch_day_of_week_operator.py
[2023-04-02T10:53:19.626+0000] {logging_mixin.py:137} INFO - [2023-04-02T10:53:19.626+0000] {dag.py:2705} INFO - Sync 1 DAGs
[2023-04-02T10:53:19.676+0000] {logging_mixin.py:137} INFO - [2023-04-02T10:53:19.676+0000] {dag.py:3456} INFO - Setting next_dagrun for example_weekday_branch_operator to 2023-04-01T00:00:00+00:00, run_after=2023-04-02T00:00:00+00:00
[2023-04-02T10:53:19.713+0000] {processor.py:175} INFO - Processing /home/airflow/.local/lib/python3.7/site-packages/airflow/example_dags/example_branch_day_of_week_operator.py took 0.173 seconds
[2023-04-02T10:53:50.075+0000] {processor.py:153} INFO - Started process (PID=9157) to work on /home/airflow/.local/lib/python3.7/site-packages/airflow/example_dags/example_branch_day_of_week_operator.py
[2023-04-02T10:53:50.077+0000] {processor.py:743} INFO - Processing file /home/airflow/.local/lib/python3.7/site-packages/airflow/example_dags/example_branch_day_of_week_operator.py for tasks to queue
[2023-04-02T10:53:50.079+0000] {logging_mixin.py:137} INFO - [2023-04-02T10:53:50.079+0000] {dagbag.py:532} INFO - Filling up the DagBag from /home/airflow/.local/lib/python3.7/site-packages/airflow/example_dags/example_branch_day_of_week_operator.py
[2023-04-02T10:53:50.118+0000] {processor.py:753} INFO - DAG(s) dict_keys(['example_weekday_branch_operator']) retrieved from /home/airflow/.local/lib/python3.7/site-packages/airflow/example_dags/example_branch_day_of_week_operator.py
[2023-04-02T10:53:50.162+0000] {logging_mixin.py:137} INFO - [2023-04-02T10:53:50.162+0000] {dag.py:2705} INFO - Sync 1 DAGs
[2023-04-02T10:53:50.198+0000] {logging_mixin.py:137} INFO - [2023-04-02T10:53:50.198+0000] {dag.py:3456} INFO - Setting next_dagrun for example_weekday_branch_operator to 2023-04-01T00:00:00+00:00, run_after=2023-04-02T00:00:00+00:00
[2023-04-02T10:53:50.230+0000] {processor.py:175} INFO - Processing /home/airflow/.local/lib/python3.7/site-packages/airflow/example_dags/example_branch_day_of_week_operator.py took 0.161 seconds
[2023-04-02T10:54:20.718+0000] {processor.py:153} INFO - Started process (PID=9375) to work on /home/airflow/.local/lib/python3.7/site-packages/airflow/example_dags/example_branch_day_of_week_operator.py
[2023-04-02T10:54:20.720+0000] {processor.py:743} INFO - Processing file /home/airflow/.local/lib/python3.7/site-packages/airflow/example_dags/example_branch_day_of_week_operator.py for tasks to queue
[2023-04-02T10:54:20.724+0000] {logging_mixin.py:137} INFO - [2023-04-02T10:54:20.724+0000] {dagbag.py:532} INFO - Filling up the DagBag from /home/airflow/.local/lib/python3.7/site-packages/airflow/example_dags/example_branch_day_of_week_operator.py
[2023-04-02T10:54:20.758+0000] {processor.py:753} INFO - DAG(s) dict_keys(['example_weekday_branch_operator']) retrieved from /home/airflow/.local/lib/python3.7/site-packages/airflow/example_dags/example_branch_day_of_week_operator.py
[2023-04-02T10:54:20.803+0000] {logging_mixin.py:137} INFO - [2023-04-02T10:54:20.802+0000] {dag.py:2705} INFO - Sync 1 DAGs
[2023-04-02T10:54:20.852+0000] {logging_mixin.py:137} INFO - [2023-04-02T10:54:20.852+0000] {dag.py:3456} INFO - Setting next_dagrun for example_weekday_branch_operator to 2023-04-01T00:00:00+00:00, run_after=2023-04-02T00:00:00+00:00
[2023-04-02T10:54:20.913+0000] {processor.py:175} INFO - Processing /home/airflow/.local/lib/python3.7/site-packages/airflow/example_dags/example_branch_day_of_week_operator.py took 0.199 seconds
[2023-04-02T10:54:51.413+0000] {processor.py:153} INFO - Started process (PID=9593) to work on /home/airflow/.local/lib/python3.7/site-packages/airflow/example_dags/example_branch_day_of_week_operator.py
[2023-04-02T10:54:51.415+0000] {processor.py:743} INFO - Processing file /home/airflow/.local/lib/python3.7/site-packages/airflow/example_dags/example_branch_day_of_week_operator.py for tasks to queue
[2023-04-02T10:54:51.416+0000] {logging_mixin.py:137} INFO - [2023-04-02T10:54:51.416+0000] {dagbag.py:532} INFO - Filling up the DagBag from /home/airflow/.local/lib/python3.7/site-packages/airflow/example_dags/example_branch_day_of_week_operator.py
[2023-04-02T10:54:51.449+0000] {processor.py:753} INFO - DAG(s) dict_keys(['example_weekday_branch_operator']) retrieved from /home/airflow/.local/lib/python3.7/site-packages/airflow/example_dags/example_branch_day_of_week_operator.py
[2023-04-02T10:54:51.496+0000] {logging_mixin.py:137} INFO - [2023-04-02T10:54:51.496+0000] {dag.py:2705} INFO - Sync 1 DAGs
[2023-04-02T10:54:51.546+0000] {logging_mixin.py:137} INFO - [2023-04-02T10:54:51.546+0000] {dag.py:3456} INFO - Setting next_dagrun for example_weekday_branch_operator to 2023-04-01T00:00:00+00:00, run_after=2023-04-02T00:00:00+00:00
[2023-04-02T10:54:51.583+0000] {processor.py:175} INFO - Processing /home/airflow/.local/lib/python3.7/site-packages/airflow/example_dags/example_branch_day_of_week_operator.py took 0.179 seconds
[2023-04-02T10:55:22.310+0000] {processor.py:153} INFO - Started process (PID=9811) to work on /home/airflow/.local/lib/python3.7/site-packages/airflow/example_dags/example_branch_day_of_week_operator.py
[2023-04-02T10:55:22.315+0000] {processor.py:743} INFO - Processing file /home/airflow/.local/lib/python3.7/site-packages/airflow/example_dags/example_branch_day_of_week_operator.py for tasks to queue
[2023-04-02T10:55:22.319+0000] {logging_mixin.py:137} INFO - [2023-04-02T10:55:22.318+0000] {dagbag.py:532} INFO - Filling up the DagBag from /home/airflow/.local/lib/python3.7/site-packages/airflow/example_dags/example_branch_day_of_week_operator.py
[2023-04-02T10:55:22.419+0000] {processor.py:753} INFO - DAG(s) dict_keys(['example_weekday_branch_operator']) retrieved from /home/airflow/.local/lib/python3.7/site-packages/airflow/example_dags/example_branch_day_of_week_operator.py
[2023-04-02T10:55:22.479+0000] {logging_mixin.py:137} INFO - [2023-04-02T10:55:22.479+0000] {dag.py:2705} INFO - Sync 1 DAGs
[2023-04-02T10:55:22.542+0000] {logging_mixin.py:137} INFO - [2023-04-02T10:55:22.541+0000] {dag.py:3456} INFO - Setting next_dagrun for example_weekday_branch_operator to 2023-04-01T00:00:00+00:00, run_after=2023-04-02T00:00:00+00:00
[2023-04-02T10:55:22.626+0000] {processor.py:175} INFO - Processing /home/airflow/.local/lib/python3.7/site-packages/airflow/example_dags/example_branch_day_of_week_operator.py took 0.326 seconds
[2023-04-02T10:55:52.794+0000] {processor.py:153} INFO - Started process (PID=10029) to work on /home/airflow/.local/lib/python3.7/site-packages/airflow/example_dags/example_branch_day_of_week_operator.py
[2023-04-02T10:55:52.799+0000] {processor.py:743} INFO - Processing file /home/airflow/.local/lib/python3.7/site-packages/airflow/example_dags/example_branch_day_of_week_operator.py for tasks to queue
[2023-04-02T10:55:52.802+0000] {logging_mixin.py:137} INFO - [2023-04-02T10:55:52.801+0000] {dagbag.py:532} INFO - Filling up the DagBag from /home/airflow/.local/lib/python3.7/site-packages/airflow/example_dags/example_branch_day_of_week_operator.py
[2023-04-02T10:55:52.882+0000] {processor.py:753} INFO - DAG(s) dict_keys(['example_weekday_branch_operator']) retrieved from /home/airflow/.local/lib/python3.7/site-packages/airflow/example_dags/example_branch_day_of_week_operator.py
[2023-04-02T10:55:52.962+0000] {logging_mixin.py:137} INFO - [2023-04-02T10:55:52.961+0000] {dag.py:2705} INFO - Sync 1 DAGs
[2023-04-02T10:55:53.031+0000] {logging_mixin.py:137} INFO - [2023-04-02T10:55:53.031+0000] {dag.py:3456} INFO - Setting next_dagrun for example_weekday_branch_operator to 2023-04-01T00:00:00+00:00, run_after=2023-04-02T00:00:00+00:00
[2023-04-02T10:55:53.079+0000] {processor.py:175} INFO - Processing /home/airflow/.local/lib/python3.7/site-packages/airflow/example_dags/example_branch_day_of_week_operator.py took 0.296 seconds
[2023-04-02T10:56:24.159+0000] {processor.py:153} INFO - Started process (PID=10247) to work on /home/airflow/.local/lib/python3.7/site-packages/airflow/example_dags/example_branch_day_of_week_operator.py
[2023-04-02T10:56:24.162+0000] {processor.py:743} INFO - Processing file /home/airflow/.local/lib/python3.7/site-packages/airflow/example_dags/example_branch_day_of_week_operator.py for tasks to queue
[2023-04-02T10:56:24.165+0000] {logging_mixin.py:137} INFO - [2023-04-02T10:56:24.165+0000] {dagbag.py:532} INFO - Filling up the DagBag from /home/airflow/.local/lib/python3.7/site-packages/airflow/example_dags/example_branch_day_of_week_operator.py
[2023-04-02T10:56:24.228+0000] {processor.py:753} INFO - DAG(s) dict_keys(['example_weekday_branch_operator']) retrieved from /home/airflow/.local/lib/python3.7/site-packages/airflow/example_dags/example_branch_day_of_week_operator.py
[2023-04-02T10:56:24.364+0000] {logging_mixin.py:137} INFO - [2023-04-02T10:56:24.363+0000] {dag.py:2705} INFO - Sync 1 DAGs
[2023-04-02T10:56:24.455+0000] {logging_mixin.py:137} INFO - [2023-04-02T10:56:24.454+0000] {dag.py:3456} INFO - Setting next_dagrun for example_weekday_branch_operator to 2023-04-01T00:00:00+00:00, run_after=2023-04-02T00:00:00+00:00
[2023-04-02T10:56:24.490+0000] {processor.py:175} INFO - Processing /home/airflow/.local/lib/python3.7/site-packages/airflow/example_dags/example_branch_day_of_week_operator.py took 0.354 seconds
[2023-04-02T10:56:54.915+0000] {processor.py:153} INFO - Started process (PID=10464) to work on /home/airflow/.local/lib/python3.7/site-packages/airflow/example_dags/example_branch_day_of_week_operator.py
[2023-04-02T10:56:54.925+0000] {processor.py:743} INFO - Processing file /home/airflow/.local/lib/python3.7/site-packages/airflow/example_dags/example_branch_day_of_week_operator.py for tasks to queue
[2023-04-02T10:56:54.927+0000] {logging_mixin.py:137} INFO - [2023-04-02T10:56:54.926+0000] {dagbag.py:532} INFO - Filling up the DagBag from /home/airflow/.local/lib/python3.7/site-packages/airflow/example_dags/example_branch_day_of_week_operator.py
[2023-04-02T10:56:54.970+0000] {processor.py:753} INFO - DAG(s) dict_keys(['example_weekday_branch_operator']) retrieved from /home/airflow/.local/lib/python3.7/site-packages/airflow/example_dags/example_branch_day_of_week_operator.py
[2023-04-02T10:56:55.023+0000] {logging_mixin.py:137} INFO - [2023-04-02T10:56:55.023+0000] {dag.py:2705} INFO - Sync 1 DAGs
[2023-04-02T10:56:55.079+0000] {logging_mixin.py:137} INFO - [2023-04-02T10:56:55.079+0000] {dag.py:3456} INFO - Setting next_dagrun for example_weekday_branch_operator to 2023-04-01T00:00:00+00:00, run_after=2023-04-02T00:00:00+00:00
[2023-04-02T10:56:55.115+0000] {processor.py:175} INFO - Processing /home/airflow/.local/lib/python3.7/site-packages/airflow/example_dags/example_branch_day_of_week_operator.py took 0.205 seconds
[2023-04-02T10:57:25.588+0000] {processor.py:153} INFO - Started process (PID=10683) to work on /home/airflow/.local/lib/python3.7/site-packages/airflow/example_dags/example_branch_day_of_week_operator.py
[2023-04-02T10:57:25.591+0000] {processor.py:743} INFO - Processing file /home/airflow/.local/lib/python3.7/site-packages/airflow/example_dags/example_branch_day_of_week_operator.py for tasks to queue
[2023-04-02T10:57:25.593+0000] {logging_mixin.py:137} INFO - [2023-04-02T10:57:25.593+0000] {dagbag.py:532} INFO - Filling up the DagBag from /home/airflow/.local/lib/python3.7/site-packages/airflow/example_dags/example_branch_day_of_week_operator.py
[2023-04-02T10:57:25.628+0000] {processor.py:753} INFO - DAG(s) dict_keys(['example_weekday_branch_operator']) retrieved from /home/airflow/.local/lib/python3.7/site-packages/airflow/example_dags/example_branch_day_of_week_operator.py
[2023-04-02T10:57:25.681+0000] {logging_mixin.py:137} INFO - [2023-04-02T10:57:25.681+0000] {dag.py:2705} INFO - Sync 1 DAGs
[2023-04-02T10:57:25.734+0000] {logging_mixin.py:137} INFO - [2023-04-02T10:57:25.733+0000] {dag.py:3456} INFO - Setting next_dagrun for example_weekday_branch_operator to 2023-04-01T00:00:00+00:00, run_after=2023-04-02T00:00:00+00:00
[2023-04-02T10:57:25.772+0000] {processor.py:175} INFO - Processing /home/airflow/.local/lib/python3.7/site-packages/airflow/example_dags/example_branch_day_of_week_operator.py took 0.187 seconds
[2023-04-02T10:57:56.132+0000] {processor.py:153} INFO - Started process (PID=10901) to work on /home/airflow/.local/lib/python3.7/site-packages/airflow/example_dags/example_branch_day_of_week_operator.py
[2023-04-02T10:57:56.134+0000] {processor.py:743} INFO - Processing file /home/airflow/.local/lib/python3.7/site-packages/airflow/example_dags/example_branch_day_of_week_operator.py for tasks to queue
[2023-04-02T10:57:56.137+0000] {logging_mixin.py:137} INFO - [2023-04-02T10:57:56.137+0000] {dagbag.py:532} INFO - Filling up the DagBag from /home/airflow/.local/lib/python3.7/site-packages/airflow/example_dags/example_branch_day_of_week_operator.py
[2023-04-02T10:57:56.173+0000] {processor.py:753} INFO - DAG(s) dict_keys(['example_weekday_branch_operator']) retrieved from /home/airflow/.local/lib/python3.7/site-packages/airflow/example_dags/example_branch_day_of_week_operator.py
[2023-04-02T10:57:56.212+0000] {logging_mixin.py:137} INFO - [2023-04-02T10:57:56.212+0000] {dag.py:2705} INFO - Sync 1 DAGs
[2023-04-02T10:57:56.260+0000] {logging_mixin.py:137} INFO - [2023-04-02T10:57:56.259+0000] {dag.py:3456} INFO - Setting next_dagrun for example_weekday_branch_operator to 2023-04-01T00:00:00+00:00, run_after=2023-04-02T00:00:00+00:00
[2023-04-02T10:57:56.300+0000] {processor.py:175} INFO - Processing /home/airflow/.local/lib/python3.7/site-packages/airflow/example_dags/example_branch_day_of_week_operator.py took 0.175 seconds
[2023-04-02T10:58:26.583+0000] {processor.py:153} INFO - Started process (PID=11118) to work on /home/airflow/.local/lib/python3.7/site-packages/airflow/example_dags/example_branch_day_of_week_operator.py
[2023-04-02T10:58:26.585+0000] {processor.py:743} INFO - Processing file /home/airflow/.local/lib/python3.7/site-packages/airflow/example_dags/example_branch_day_of_week_operator.py for tasks to queue
[2023-04-02T10:58:26.587+0000] {logging_mixin.py:137} INFO - [2023-04-02T10:58:26.587+0000] {dagbag.py:532} INFO - Filling up the DagBag from /home/airflow/.local/lib/python3.7/site-packages/airflow/example_dags/example_branch_day_of_week_operator.py
[2023-04-02T10:58:26.613+0000] {processor.py:753} INFO - DAG(s) dict_keys(['example_weekday_branch_operator']) retrieved from /home/airflow/.local/lib/python3.7/site-packages/airflow/example_dags/example_branch_day_of_week_operator.py
[2023-04-02T10:58:26.656+0000] {logging_mixin.py:137} INFO - [2023-04-02T10:58:26.655+0000] {dag.py:2705} INFO - Sync 1 DAGs
[2023-04-02T10:58:26.693+0000] {logging_mixin.py:137} INFO - [2023-04-02T10:58:26.693+0000] {dag.py:3456} INFO - Setting next_dagrun for example_weekday_branch_operator to 2023-04-01T00:00:00+00:00, run_after=2023-04-02T00:00:00+00:00
[2023-04-02T10:58:26.719+0000] {processor.py:175} INFO - Processing /home/airflow/.local/lib/python3.7/site-packages/airflow/example_dags/example_branch_day_of_week_operator.py took 0.146 seconds
[2023-04-02T10:58:57.051+0000] {processor.py:153} INFO - Started process (PID=11336) to work on /home/airflow/.local/lib/python3.7/site-packages/airflow/example_dags/example_branch_day_of_week_operator.py
[2023-04-02T10:58:57.053+0000] {processor.py:743} INFO - Processing file /home/airflow/.local/lib/python3.7/site-packages/airflow/example_dags/example_branch_day_of_week_operator.py for tasks to queue
[2023-04-02T10:58:57.056+0000] {logging_mixin.py:137} INFO - [2023-04-02T10:58:57.056+0000] {dagbag.py:532} INFO - Filling up the DagBag from /home/airflow/.local/lib/python3.7/site-packages/airflow/example_dags/example_branch_day_of_week_operator.py
[2023-04-02T10:58:57.084+0000] {processor.py:753} INFO - DAG(s) dict_keys(['example_weekday_branch_operator']) retrieved from /home/airflow/.local/lib/python3.7/site-packages/airflow/example_dags/example_branch_day_of_week_operator.py
[2023-04-02T10:58:57.126+0000] {logging_mixin.py:137} INFO - [2023-04-02T10:58:57.126+0000] {dag.py:2705} INFO - Sync 1 DAGs
[2023-04-02T10:58:57.179+0000] {logging_mixin.py:137} INFO - [2023-04-02T10:58:57.178+0000] {dag.py:3456} INFO - Setting next_dagrun for example_weekday_branch_operator to 2023-04-01T00:00:00+00:00, run_after=2023-04-02T00:00:00+00:00
[2023-04-02T10:58:57.219+0000] {processor.py:175} INFO - Processing /home/airflow/.local/lib/python3.7/site-packages/airflow/example_dags/example_branch_day_of_week_operator.py took 0.177 seconds
[2023-04-02T10:59:27.489+0000] {processor.py:153} INFO - Started process (PID=11555) to work on /home/airflow/.local/lib/python3.7/site-packages/airflow/example_dags/example_branch_day_of_week_operator.py
[2023-04-02T10:59:27.492+0000] {processor.py:743} INFO - Processing file /home/airflow/.local/lib/python3.7/site-packages/airflow/example_dags/example_branch_day_of_week_operator.py for tasks to queue
[2023-04-02T10:59:27.495+0000] {logging_mixin.py:137} INFO - [2023-04-02T10:59:27.495+0000] {dagbag.py:532} INFO - Filling up the DagBag from /home/airflow/.local/lib/python3.7/site-packages/airflow/example_dags/example_branch_day_of_week_operator.py
[2023-04-02T10:59:27.531+0000] {processor.py:753} INFO - DAG(s) dict_keys(['example_weekday_branch_operator']) retrieved from /home/airflow/.local/lib/python3.7/site-packages/airflow/example_dags/example_branch_day_of_week_operator.py
[2023-04-02T10:59:27.601+0000] {logging_mixin.py:137} INFO - [2023-04-02T10:59:27.601+0000] {dag.py:2705} INFO - Sync 1 DAGs
[2023-04-02T10:59:27.653+0000] {logging_mixin.py:137} INFO - [2023-04-02T10:59:27.653+0000] {dag.py:3456} INFO - Setting next_dagrun for example_weekday_branch_operator to 2023-04-01T00:00:00+00:00, run_after=2023-04-02T00:00:00+00:00
[2023-04-02T10:59:27.710+0000] {processor.py:175} INFO - Processing /home/airflow/.local/lib/python3.7/site-packages/airflow/example_dags/example_branch_day_of_week_operator.py took 0.228 seconds
[2023-04-02T10:59:58.329+0000] {processor.py:153} INFO - Started process (PID=11772) to work on /home/airflow/.local/lib/python3.7/site-packages/airflow/example_dags/example_branch_day_of_week_operator.py
[2023-04-02T10:59:58.330+0000] {processor.py:743} INFO - Processing file /home/airflow/.local/lib/python3.7/site-packages/airflow/example_dags/example_branch_day_of_week_operator.py for tasks to queue
[2023-04-02T10:59:58.333+0000] {logging_mixin.py:137} INFO - [2023-04-02T10:59:58.333+0000] {dagbag.py:532} INFO - Filling up the DagBag from /home/airflow/.local/lib/python3.7/site-packages/airflow/example_dags/example_branch_day_of_week_operator.py
[2023-04-02T10:59:58.380+0000] {processor.py:753} INFO - DAG(s) dict_keys(['example_weekday_branch_operator']) retrieved from /home/airflow/.local/lib/python3.7/site-packages/airflow/example_dags/example_branch_day_of_week_operator.py
[2023-04-02T10:59:58.419+0000] {logging_mixin.py:137} INFO - [2023-04-02T10:59:58.418+0000] {dag.py:2705} INFO - Sync 1 DAGs
[2023-04-02T10:59:58.464+0000] {logging_mixin.py:137} INFO - [2023-04-02T10:59:58.464+0000] {dag.py:3456} INFO - Setting next_dagrun for example_weekday_branch_operator to 2023-04-01T00:00:00+00:00, run_after=2023-04-02T00:00:00+00:00
[2023-04-02T10:59:58.503+0000] {processor.py:175} INFO - Processing /home/airflow/.local/lib/python3.7/site-packages/airflow/example_dags/example_branch_day_of_week_operator.py took 0.179 seconds
[2023-04-02T11:00:28.999+0000] {processor.py:153} INFO - Started process (PID=11991) to work on /home/airflow/.local/lib/python3.7/site-packages/airflow/example_dags/example_branch_day_of_week_operator.py
[2023-04-02T11:00:29.003+0000] {processor.py:743} INFO - Processing file /home/airflow/.local/lib/python3.7/site-packages/airflow/example_dags/example_branch_day_of_week_operator.py for tasks to queue
[2023-04-02T11:00:29.009+0000] {logging_mixin.py:137} INFO - [2023-04-02T11:00:29.008+0000] {dagbag.py:532} INFO - Filling up the DagBag from /home/airflow/.local/lib/python3.7/site-packages/airflow/example_dags/example_branch_day_of_week_operator.py
[2023-04-02T11:00:29.056+0000] {processor.py:753} INFO - DAG(s) dict_keys(['example_weekday_branch_operator']) retrieved from /home/airflow/.local/lib/python3.7/site-packages/airflow/example_dags/example_branch_day_of_week_operator.py
[2023-04-02T11:00:29.136+0000] {logging_mixin.py:137} INFO - [2023-04-02T11:00:29.135+0000] {dag.py:2705} INFO - Sync 1 DAGs
[2023-04-02T11:00:29.195+0000] {logging_mixin.py:137} INFO - [2023-04-02T11:00:29.195+0000] {dag.py:3456} INFO - Setting next_dagrun for example_weekday_branch_operator to 2023-04-01T00:00:00+00:00, run_after=2023-04-02T00:00:00+00:00
[2023-04-02T11:00:29.233+0000] {processor.py:175} INFO - Processing /home/airflow/.local/lib/python3.7/site-packages/airflow/example_dags/example_branch_day_of_week_operator.py took 0.241 seconds
[2023-04-02T11:00:59.990+0000] {processor.py:153} INFO - Started process (PID=12209) to work on /home/airflow/.local/lib/python3.7/site-packages/airflow/example_dags/example_branch_day_of_week_operator.py
[2023-04-02T11:00:59.994+0000] {processor.py:743} INFO - Processing file /home/airflow/.local/lib/python3.7/site-packages/airflow/example_dags/example_branch_day_of_week_operator.py for tasks to queue
[2023-04-02T11:01:00.000+0000] {logging_mixin.py:137} INFO - [2023-04-02T11:01:00.000+0000] {dagbag.py:532} INFO - Filling up the DagBag from /home/airflow/.local/lib/python3.7/site-packages/airflow/example_dags/example_branch_day_of_week_operator.py
[2023-04-02T11:01:00.047+0000] {processor.py:753} INFO - DAG(s) dict_keys(['example_weekday_branch_operator']) retrieved from /home/airflow/.local/lib/python3.7/site-packages/airflow/example_dags/example_branch_day_of_week_operator.py
[2023-04-02T11:01:00.112+0000] {logging_mixin.py:137} INFO - [2023-04-02T11:01:00.112+0000] {dag.py:2705} INFO - Sync 1 DAGs
[2023-04-02T11:01:00.155+0000] {logging_mixin.py:137} INFO - [2023-04-02T11:01:00.155+0000] {dag.py:3456} INFO - Setting next_dagrun for example_weekday_branch_operator to 2023-04-01T00:00:00+00:00, run_after=2023-04-02T00:00:00+00:00
[2023-04-02T11:01:00.180+0000] {processor.py:175} INFO - Processing /home/airflow/.local/lib/python3.7/site-packages/airflow/example_dags/example_branch_day_of_week_operator.py took 0.203 seconds
[2023-04-02T11:01:30.631+0000] {processor.py:153} INFO - Started process (PID=12421) to work on /home/airflow/.local/lib/python3.7/site-packages/airflow/example_dags/example_branch_day_of_week_operator.py
[2023-04-02T11:01:30.634+0000] {processor.py:743} INFO - Processing file /home/airflow/.local/lib/python3.7/site-packages/airflow/example_dags/example_branch_day_of_week_operator.py for tasks to queue
[2023-04-02T11:01:30.638+0000] {logging_mixin.py:137} INFO - [2023-04-02T11:01:30.638+0000] {dagbag.py:532} INFO - Filling up the DagBag from /home/airflow/.local/lib/python3.7/site-packages/airflow/example_dags/example_branch_day_of_week_operator.py
[2023-04-02T11:01:30.673+0000] {processor.py:753} INFO - DAG(s) dict_keys(['example_weekday_branch_operator']) retrieved from /home/airflow/.local/lib/python3.7/site-packages/airflow/example_dags/example_branch_day_of_week_operator.py
[2023-04-02T11:01:30.729+0000] {logging_mixin.py:137} INFO - [2023-04-02T11:01:30.729+0000] {dag.py:2705} INFO - Sync 1 DAGs
[2023-04-02T11:01:30.787+0000] {logging_mixin.py:137} INFO - [2023-04-02T11:01:30.786+0000] {dag.py:3456} INFO - Setting next_dagrun for example_weekday_branch_operator to 2023-04-01T00:00:00+00:00, run_after=2023-04-02T00:00:00+00:00
[2023-04-02T11:01:30.829+0000] {processor.py:175} INFO - Processing /home/airflow/.local/lib/python3.7/site-packages/airflow/example_dags/example_branch_day_of_week_operator.py took 0.216 seconds
[2023-04-02T11:02:00.954+0000] {processor.py:153} INFO - Started process (PID=12637) to work on /home/airflow/.local/lib/python3.7/site-packages/airflow/example_dags/example_branch_day_of_week_operator.py
[2023-04-02T11:02:00.960+0000] {processor.py:743} INFO - Processing file /home/airflow/.local/lib/python3.7/site-packages/airflow/example_dags/example_branch_day_of_week_operator.py for tasks to queue
[2023-04-02T11:02:00.965+0000] {logging_mixin.py:137} INFO - [2023-04-02T11:02:00.965+0000] {dagbag.py:532} INFO - Filling up the DagBag from /home/airflow/.local/lib/python3.7/site-packages/airflow/example_dags/example_branch_day_of_week_operator.py
[2023-04-02T11:02:01.034+0000] {processor.py:753} INFO - DAG(s) dict_keys(['example_weekday_branch_operator']) retrieved from /home/airflow/.local/lib/python3.7/site-packages/airflow/example_dags/example_branch_day_of_week_operator.py
[2023-04-02T11:02:01.108+0000] {logging_mixin.py:137} INFO - [2023-04-02T11:02:01.108+0000] {dag.py:2705} INFO - Sync 1 DAGs
[2023-04-02T11:02:01.188+0000] {logging_mixin.py:137} INFO - [2023-04-02T11:02:01.188+0000] {dag.py:3456} INFO - Setting next_dagrun for example_weekday_branch_operator to 2023-04-01T00:00:00+00:00, run_after=2023-04-02T00:00:00+00:00
[2023-04-02T11:02:01.266+0000] {processor.py:175} INFO - Processing /home/airflow/.local/lib/python3.7/site-packages/airflow/example_dags/example_branch_day_of_week_operator.py took 0.323 seconds
[2023-04-02T11:02:31.356+0000] {processor.py:153} INFO - Started process (PID=12854) to work on /home/airflow/.local/lib/python3.7/site-packages/airflow/example_dags/example_branch_day_of_week_operator.py
[2023-04-02T11:02:31.360+0000] {processor.py:743} INFO - Processing file /home/airflow/.local/lib/python3.7/site-packages/airflow/example_dags/example_branch_day_of_week_operator.py for tasks to queue
[2023-04-02T11:02:31.365+0000] {logging_mixin.py:137} INFO - [2023-04-02T11:02:31.365+0000] {dagbag.py:532} INFO - Filling up the DagBag from /home/airflow/.local/lib/python3.7/site-packages/airflow/example_dags/example_branch_day_of_week_operator.py
[2023-04-02T11:02:31.399+0000] {processor.py:753} INFO - DAG(s) dict_keys(['example_weekday_branch_operator']) retrieved from /home/airflow/.local/lib/python3.7/site-packages/airflow/example_dags/example_branch_day_of_week_operator.py
[2023-04-02T11:02:31.448+0000] {logging_mixin.py:137} INFO - [2023-04-02T11:02:31.448+0000] {dag.py:2705} INFO - Sync 1 DAGs
[2023-04-02T11:02:31.514+0000] {logging_mixin.py:137} INFO - [2023-04-02T11:02:31.514+0000] {dag.py:3456} INFO - Setting next_dagrun for example_weekday_branch_operator to 2023-04-01T00:00:00+00:00, run_after=2023-04-02T00:00:00+00:00
[2023-04-02T11:02:31.551+0000] {processor.py:175} INFO - Processing /home/airflow/.local/lib/python3.7/site-packages/airflow/example_dags/example_branch_day_of_week_operator.py took 0.200 seconds
[2023-04-02T11:03:01.776+0000] {processor.py:153} INFO - Started process (PID=13074) to work on /home/airflow/.local/lib/python3.7/site-packages/airflow/example_dags/example_branch_day_of_week_operator.py
[2023-04-02T11:03:01.778+0000] {processor.py:743} INFO - Processing file /home/airflow/.local/lib/python3.7/site-packages/airflow/example_dags/example_branch_day_of_week_operator.py for tasks to queue
[2023-04-02T11:03:01.781+0000] {logging_mixin.py:137} INFO - [2023-04-02T11:03:01.781+0000] {dagbag.py:532} INFO - Filling up the DagBag from /home/airflow/.local/lib/python3.7/site-packages/airflow/example_dags/example_branch_day_of_week_operator.py
[2023-04-02T11:03:01.822+0000] {processor.py:753} INFO - DAG(s) dict_keys(['example_weekday_branch_operator']) retrieved from /home/airflow/.local/lib/python3.7/site-packages/airflow/example_dags/example_branch_day_of_week_operator.py
[2023-04-02T11:03:01.878+0000] {logging_mixin.py:137} INFO - [2023-04-02T11:03:01.878+0000] {dag.py:2705} INFO - Sync 1 DAGs
[2023-04-02T11:03:01.952+0000] {logging_mixin.py:137} INFO - [2023-04-02T11:03:01.952+0000] {dag.py:3456} INFO - Setting next_dagrun for example_weekday_branch_operator to 2023-04-01T00:00:00+00:00, run_after=2023-04-02T00:00:00+00:00
[2023-04-02T11:03:01.992+0000] {processor.py:175} INFO - Processing /home/airflow/.local/lib/python3.7/site-packages/airflow/example_dags/example_branch_day_of_week_operator.py took 0.226 seconds
[2023-04-02T11:03:32.309+0000] {processor.py:153} INFO - Started process (PID=13292) to work on /home/airflow/.local/lib/python3.7/site-packages/airflow/example_dags/example_branch_day_of_week_operator.py
[2023-04-02T11:03:32.311+0000] {processor.py:743} INFO - Processing file /home/airflow/.local/lib/python3.7/site-packages/airflow/example_dags/example_branch_day_of_week_operator.py for tasks to queue
[2023-04-02T11:03:32.314+0000] {logging_mixin.py:137} INFO - [2023-04-02T11:03:32.313+0000] {dagbag.py:532} INFO - Filling up the DagBag from /home/airflow/.local/lib/python3.7/site-packages/airflow/example_dags/example_branch_day_of_week_operator.py
[2023-04-02T11:03:32.362+0000] {processor.py:753} INFO - DAG(s) dict_keys(['example_weekday_branch_operator']) retrieved from /home/airflow/.local/lib/python3.7/site-packages/airflow/example_dags/example_branch_day_of_week_operator.py
[2023-04-02T11:03:32.423+0000] {logging_mixin.py:137} INFO - [2023-04-02T11:03:32.422+0000] {dag.py:2705} INFO - Sync 1 DAGs
[2023-04-02T11:03:32.478+0000] {logging_mixin.py:137} INFO - [2023-04-02T11:03:32.477+0000] {dag.py:3456} INFO - Setting next_dagrun for example_weekday_branch_operator to 2023-04-01T00:00:00+00:00, run_after=2023-04-02T00:00:00+00:00
[2023-04-02T11:03:32.569+0000] {processor.py:175} INFO - Processing /home/airflow/.local/lib/python3.7/site-packages/airflow/example_dags/example_branch_day_of_week_operator.py took 0.276 seconds
[2023-04-02T11:04:02.715+0000] {processor.py:153} INFO - Started process (PID=13508) to work on /home/airflow/.local/lib/python3.7/site-packages/airflow/example_dags/example_branch_day_of_week_operator.py
[2023-04-02T11:04:02.718+0000] {processor.py:743} INFO - Processing file /home/airflow/.local/lib/python3.7/site-packages/airflow/example_dags/example_branch_day_of_week_operator.py for tasks to queue
[2023-04-02T11:04:02.724+0000] {logging_mixin.py:137} INFO - [2023-04-02T11:04:02.723+0000] {dagbag.py:532} INFO - Filling up the DagBag from /home/airflow/.local/lib/python3.7/site-packages/airflow/example_dags/example_branch_day_of_week_operator.py
[2023-04-02T11:04:02.762+0000] {processor.py:753} INFO - DAG(s) dict_keys(['example_weekday_branch_operator']) retrieved from /home/airflow/.local/lib/python3.7/site-packages/airflow/example_dags/example_branch_day_of_week_operator.py
[2023-04-02T11:04:02.833+0000] {logging_mixin.py:137} INFO - [2023-04-02T11:04:02.833+0000] {dag.py:2705} INFO - Sync 1 DAGs
[2023-04-02T11:04:02.933+0000] {logging_mixin.py:137} INFO - [2023-04-02T11:04:02.933+0000] {dag.py:3456} INFO - Setting next_dagrun for example_weekday_branch_operator to 2023-04-01T00:00:00+00:00, run_after=2023-04-02T00:00:00+00:00
[2023-04-02T11:04:02.990+0000] {processor.py:175} INFO - Processing /home/airflow/.local/lib/python3.7/site-packages/airflow/example_dags/example_branch_day_of_week_operator.py took 0.291 seconds
[2023-04-02T11:04:33.950+0000] {processor.py:153} INFO - Started process (PID=13729) to work on /home/airflow/.local/lib/python3.7/site-packages/airflow/example_dags/example_branch_day_of_week_operator.py
[2023-04-02T11:04:33.953+0000] {processor.py:743} INFO - Processing file /home/airflow/.local/lib/python3.7/site-packages/airflow/example_dags/example_branch_day_of_week_operator.py for tasks to queue
[2023-04-02T11:04:33.960+0000] {logging_mixin.py:137} INFO - [2023-04-02T11:04:33.959+0000] {dagbag.py:532} INFO - Filling up the DagBag from /home/airflow/.local/lib/python3.7/site-packages/airflow/example_dags/example_branch_day_of_week_operator.py
[2023-04-02T11:04:34.008+0000] {processor.py:753} INFO - DAG(s) dict_keys(['example_weekday_branch_operator']) retrieved from /home/airflow/.local/lib/python3.7/site-packages/airflow/example_dags/example_branch_day_of_week_operator.py
[2023-04-02T11:04:34.058+0000] {logging_mixin.py:137} INFO - [2023-04-02T11:04:34.058+0000] {dag.py:2705} INFO - Sync 1 DAGs
[2023-04-02T11:04:34.114+0000] {logging_mixin.py:137} INFO - [2023-04-02T11:04:34.114+0000] {dag.py:3456} INFO - Setting next_dagrun for example_weekday_branch_operator to 2023-04-01T00:00:00+00:00, run_after=2023-04-02T00:00:00+00:00
[2023-04-02T11:04:34.162+0000] {processor.py:175} INFO - Processing /home/airflow/.local/lib/python3.7/site-packages/airflow/example_dags/example_branch_day_of_week_operator.py took 0.221 seconds
[2023-04-02T11:05:04.581+0000] {processor.py:153} INFO - Started process (PID=13945) to work on /home/airflow/.local/lib/python3.7/site-packages/airflow/example_dags/example_branch_day_of_week_operator.py
[2023-04-02T11:05:04.587+0000] {processor.py:743} INFO - Processing file /home/airflow/.local/lib/python3.7/site-packages/airflow/example_dags/example_branch_day_of_week_operator.py for tasks to queue
[2023-04-02T11:05:04.592+0000] {logging_mixin.py:137} INFO - [2023-04-02T11:05:04.591+0000] {dagbag.py:532} INFO - Filling up the DagBag from /home/airflow/.local/lib/python3.7/site-packages/airflow/example_dags/example_branch_day_of_week_operator.py
[2023-04-02T11:05:04.636+0000] {processor.py:753} INFO - DAG(s) dict_keys(['example_weekday_branch_operator']) retrieved from /home/airflow/.local/lib/python3.7/site-packages/airflow/example_dags/example_branch_day_of_week_operator.py
[2023-04-02T11:05:04.694+0000] {logging_mixin.py:137} INFO - [2023-04-02T11:05:04.693+0000] {dag.py:2705} INFO - Sync 1 DAGs
[2023-04-02T11:05:04.758+0000] {logging_mixin.py:137} INFO - [2023-04-02T11:05:04.758+0000] {dag.py:3456} INFO - Setting next_dagrun for example_weekday_branch_operator to 2023-04-01T00:00:00+00:00, run_after=2023-04-02T00:00:00+00:00
[2023-04-02T11:05:04.816+0000] {processor.py:175} INFO - Processing /home/airflow/.local/lib/python3.7/site-packages/airflow/example_dags/example_branch_day_of_week_operator.py took 0.245 seconds
[2023-04-02T11:05:35.343+0000] {processor.py:153} INFO - Started process (PID=14164) to work on /home/airflow/.local/lib/python3.7/site-packages/airflow/example_dags/example_branch_day_of_week_operator.py
[2023-04-02T11:05:35.350+0000] {processor.py:743} INFO - Processing file /home/airflow/.local/lib/python3.7/site-packages/airflow/example_dags/example_branch_day_of_week_operator.py for tasks to queue
[2023-04-02T11:05:35.361+0000] {logging_mixin.py:137} INFO - [2023-04-02T11:05:35.360+0000] {dagbag.py:532} INFO - Filling up the DagBag from /home/airflow/.local/lib/python3.7/site-packages/airflow/example_dags/example_branch_day_of_week_operator.py
[2023-04-02T11:05:35.449+0000] {processor.py:753} INFO - DAG(s) dict_keys(['example_weekday_branch_operator']) retrieved from /home/airflow/.local/lib/python3.7/site-packages/airflow/example_dags/example_branch_day_of_week_operator.py
[2023-04-02T11:05:35.585+0000] {logging_mixin.py:137} INFO - [2023-04-02T11:05:35.584+0000] {dag.py:2705} INFO - Sync 1 DAGs
[2023-04-02T11:05:35.694+0000] {logging_mixin.py:137} INFO - [2023-04-02T11:05:35.694+0000] {dag.py:3456} INFO - Setting next_dagrun for example_weekday_branch_operator to 2023-04-01T00:00:00+00:00, run_after=2023-04-02T00:00:00+00:00
[2023-04-02T11:05:35.774+0000] {processor.py:175} INFO - Processing /home/airflow/.local/lib/python3.7/site-packages/airflow/example_dags/example_branch_day_of_week_operator.py took 0.447 seconds
[2023-04-02T11:06:06.193+0000] {processor.py:153} INFO - Started process (PID=14383) to work on /home/airflow/.local/lib/python3.7/site-packages/airflow/example_dags/example_branch_day_of_week_operator.py
[2023-04-02T11:06:06.199+0000] {processor.py:743} INFO - Processing file /home/airflow/.local/lib/python3.7/site-packages/airflow/example_dags/example_branch_day_of_week_operator.py for tasks to queue
[2023-04-02T11:06:06.209+0000] {logging_mixin.py:137} INFO - [2023-04-02T11:06:06.208+0000] {dagbag.py:532} INFO - Filling up the DagBag from /home/airflow/.local/lib/python3.7/site-packages/airflow/example_dags/example_branch_day_of_week_operator.py
[2023-04-02T11:06:06.276+0000] {processor.py:753} INFO - DAG(s) dict_keys(['example_weekday_branch_operator']) retrieved from /home/airflow/.local/lib/python3.7/site-packages/airflow/example_dags/example_branch_day_of_week_operator.py
[2023-04-02T11:06:06.341+0000] {logging_mixin.py:137} INFO - [2023-04-02T11:06:06.341+0000] {dag.py:2705} INFO - Sync 1 DAGs
[2023-04-02T11:06:06.416+0000] {logging_mixin.py:137} INFO - [2023-04-02T11:06:06.416+0000] {dag.py:3456} INFO - Setting next_dagrun for example_weekday_branch_operator to 2023-04-01T00:00:00+00:00, run_after=2023-04-02T00:00:00+00:00
[2023-04-02T11:06:06.471+0000] {processor.py:175} INFO - Processing /home/airflow/.local/lib/python3.7/site-packages/airflow/example_dags/example_branch_day_of_week_operator.py took 0.296 seconds
[2023-04-02T11:06:36.884+0000] {processor.py:153} INFO - Started process (PID=14601) to work on /home/airflow/.local/lib/python3.7/site-packages/airflow/example_dags/example_branch_day_of_week_operator.py
[2023-04-02T11:06:36.894+0000] {processor.py:743} INFO - Processing file /home/airflow/.local/lib/python3.7/site-packages/airflow/example_dags/example_branch_day_of_week_operator.py for tasks to queue
[2023-04-02T11:06:36.897+0000] {logging_mixin.py:137} INFO - [2023-04-02T11:06:36.897+0000] {dagbag.py:532} INFO - Filling up the DagBag from /home/airflow/.local/lib/python3.7/site-packages/airflow/example_dags/example_branch_day_of_week_operator.py
[2023-04-02T11:06:36.940+0000] {processor.py:753} INFO - DAG(s) dict_keys(['example_weekday_branch_operator']) retrieved from /home/airflow/.local/lib/python3.7/site-packages/airflow/example_dags/example_branch_day_of_week_operator.py
[2023-04-02T11:06:37.010+0000] {logging_mixin.py:137} INFO - [2023-04-02T11:06:37.009+0000] {dag.py:2705} INFO - Sync 1 DAGs
[2023-04-02T11:06:37.069+0000] {logging_mixin.py:137} INFO - [2023-04-02T11:06:37.069+0000] {dag.py:3456} INFO - Setting next_dagrun for example_weekday_branch_operator to 2023-04-01T00:00:00+00:00, run_after=2023-04-02T00:00:00+00:00
[2023-04-02T11:06:37.114+0000] {processor.py:175} INFO - Processing /home/airflow/.local/lib/python3.7/site-packages/airflow/example_dags/example_branch_day_of_week_operator.py took 0.237 seconds
