[2023-04-02T10:32:46.694+0000] {processor.py:153} INFO - Started process (PID=248) to work on /home/airflow/.local/lib/python3.7/site-packages/airflow/example_dags/example_bash_operator.py
[2023-04-02T10:32:46.697+0000] {processor.py:743} INFO - Processing file /home/airflow/.local/lib/python3.7/site-packages/airflow/example_dags/example_bash_operator.py for tasks to queue
[2023-04-02T10:32:46.699+0000] {logging_mixin.py:137} INFO - [2023-04-02T10:32:46.698+0000] {dagbag.py:532} INFO - Filling up the DagBag from /home/airflow/.local/lib/python3.7/site-packages/airflow/example_dags/example_bash_operator.py
[2023-04-02T10:32:46.741+0000] {processor.py:753} INFO - DAG(s) dict_keys(['example_bash_operator']) retrieved from /home/airflow/.local/lib/python3.7/site-packages/airflow/example_dags/example_bash_operator.py
[2023-04-02T10:32:46.773+0000] {logging_mixin.py:137} INFO - [2023-04-02T10:32:46.773+0000] {dag.py:2705} INFO - Sync 1 DAGs
[2023-04-02T10:32:46.834+0000] {logging_mixin.py:137} INFO - [2023-04-02T10:32:46.833+0000] {dag.py:3456} INFO - Setting next_dagrun for example_bash_operator to 2023-04-01T00:00:00+00:00, run_after=2023-04-02T00:00:00+00:00
[2023-04-02T10:32:46.862+0000] {processor.py:175} INFO - Processing /home/airflow/.local/lib/python3.7/site-packages/airflow/example_dags/example_bash_operator.py took 0.173 seconds
[2023-04-02T10:33:20.684+0000] {processor.py:153} INFO - Started process (PID=466) to work on /home/airflow/.local/lib/python3.7/site-packages/airflow/example_dags/example_bash_operator.py
[2023-04-02T10:33:20.688+0000] {processor.py:743} INFO - Processing file /home/airflow/.local/lib/python3.7/site-packages/airflow/example_dags/example_bash_operator.py for tasks to queue
[2023-04-02T10:33:20.690+0000] {logging_mixin.py:137} INFO - [2023-04-02T10:33:20.690+0000] {dagbag.py:532} INFO - Filling up the DagBag from /home/airflow/.local/lib/python3.7/site-packages/airflow/example_dags/example_bash_operator.py
[2023-04-02T10:33:20.781+0000] {processor.py:753} INFO - DAG(s) dict_keys(['example_bash_operator']) retrieved from /home/airflow/.local/lib/python3.7/site-packages/airflow/example_dags/example_bash_operator.py
[2023-04-02T10:33:20.824+0000] {logging_mixin.py:137} INFO - [2023-04-02T10:33:20.821+0000] {dag.py:2705} INFO - Sync 1 DAGs
[2023-04-02T10:33:20.929+0000] {logging_mixin.py:137} INFO - [2023-04-02T10:33:20.929+0000] {dag.py:3456} INFO - Setting next_dagrun for example_bash_operator to 2023-04-01T00:00:00+00:00, run_after=2023-04-02T00:00:00+00:00
[2023-04-02T10:33:20.966+0000] {processor.py:175} INFO - Processing /home/airflow/.local/lib/python3.7/site-packages/airflow/example_dags/example_bash_operator.py took 0.297 seconds
[2023-04-02T10:33:52.810+0000] {processor.py:153} INFO - Started process (PID=685) to work on /home/airflow/.local/lib/python3.7/site-packages/airflow/example_dags/example_bash_operator.py
[2023-04-02T10:33:52.816+0000] {processor.py:743} INFO - Processing file /home/airflow/.local/lib/python3.7/site-packages/airflow/example_dags/example_bash_operator.py for tasks to queue
[2023-04-02T10:33:52.819+0000] {logging_mixin.py:137} INFO - [2023-04-02T10:33:52.819+0000] {dagbag.py:532} INFO - Filling up the DagBag from /home/airflow/.local/lib/python3.7/site-packages/airflow/example_dags/example_bash_operator.py
[2023-04-02T10:33:52.923+0000] {processor.py:753} INFO - DAG(s) dict_keys(['example_bash_operator']) retrieved from /home/airflow/.local/lib/python3.7/site-packages/airflow/example_dags/example_bash_operator.py
[2023-04-02T10:33:53.140+0000] {logging_mixin.py:137} INFO - [2023-04-02T10:33:53.140+0000] {dag.py:2705} INFO - Sync 1 DAGs
[2023-04-02T10:33:53.281+0000] {logging_mixin.py:137} INFO - [2023-04-02T10:33:53.281+0000] {dag.py:3456} INFO - Setting next_dagrun for example_bash_operator to 2023-04-01T00:00:00+00:00, run_after=2023-04-02T00:00:00+00:00
[2023-04-02T10:33:53.348+0000] {processor.py:175} INFO - Processing /home/airflow/.local/lib/python3.7/site-packages/airflow/example_dags/example_bash_operator.py took 0.550 seconds
[2023-04-02T10:34:24.139+0000] {processor.py:153} INFO - Started process (PID=904) to work on /home/airflow/.local/lib/python3.7/site-packages/airflow/example_dags/example_bash_operator.py
[2023-04-02T10:34:24.143+0000] {processor.py:743} INFO - Processing file /home/airflow/.local/lib/python3.7/site-packages/airflow/example_dags/example_bash_operator.py for tasks to queue
[2023-04-02T10:34:24.152+0000] {logging_mixin.py:137} INFO - [2023-04-02T10:34:24.152+0000] {dagbag.py:532} INFO - Filling up the DagBag from /home/airflow/.local/lib/python3.7/site-packages/airflow/example_dags/example_bash_operator.py
[2023-04-02T10:34:24.200+0000] {processor.py:753} INFO - DAG(s) dict_keys(['example_bash_operator']) retrieved from /home/airflow/.local/lib/python3.7/site-packages/airflow/example_dags/example_bash_operator.py
[2023-04-02T10:34:24.343+0000] {logging_mixin.py:137} INFO - [2023-04-02T10:34:24.343+0000] {dag.py:2705} INFO - Sync 1 DAGs
[2023-04-02T10:34:24.455+0000] {logging_mixin.py:137} INFO - [2023-04-02T10:34:24.455+0000] {dag.py:3456} INFO - Setting next_dagrun for example_bash_operator to 2023-04-01T00:00:00+00:00, run_after=2023-04-02T00:00:00+00:00
[2023-04-02T10:34:24.514+0000] {processor.py:175} INFO - Processing /home/airflow/.local/lib/python3.7/site-packages/airflow/example_dags/example_bash_operator.py took 0.395 seconds
[2023-04-02T10:34:55.569+0000] {processor.py:153} INFO - Started process (PID=1122) to work on /home/airflow/.local/lib/python3.7/site-packages/airflow/example_dags/example_bash_operator.py
[2023-04-02T10:34:55.572+0000] {processor.py:743} INFO - Processing file /home/airflow/.local/lib/python3.7/site-packages/airflow/example_dags/example_bash_operator.py for tasks to queue
[2023-04-02T10:34:55.575+0000] {logging_mixin.py:137} INFO - [2023-04-02T10:34:55.575+0000] {dagbag.py:532} INFO - Filling up the DagBag from /home/airflow/.local/lib/python3.7/site-packages/airflow/example_dags/example_bash_operator.py
[2023-04-02T10:34:55.632+0000] {processor.py:753} INFO - DAG(s) dict_keys(['example_bash_operator']) retrieved from /home/airflow/.local/lib/python3.7/site-packages/airflow/example_dags/example_bash_operator.py
[2023-04-02T10:34:55.726+0000] {logging_mixin.py:137} INFO - [2023-04-02T10:34:55.725+0000] {dag.py:2705} INFO - Sync 1 DAGs
[2023-04-02T10:34:55.811+0000] {logging_mixin.py:137} INFO - [2023-04-02T10:34:55.811+0000] {dag.py:3456} INFO - Setting next_dagrun for example_bash_operator to 2023-04-01T00:00:00+00:00, run_after=2023-04-02T00:00:00+00:00
[2023-04-02T10:34:55.872+0000] {processor.py:175} INFO - Processing /home/airflow/.local/lib/python3.7/site-packages/airflow/example_dags/example_bash_operator.py took 0.312 seconds
[2023-04-02T10:35:26.940+0000] {processor.py:153} INFO - Started process (PID=1340) to work on /home/airflow/.local/lib/python3.7/site-packages/airflow/example_dags/example_bash_operator.py
[2023-04-02T10:35:26.942+0000] {processor.py:743} INFO - Processing file /home/airflow/.local/lib/python3.7/site-packages/airflow/example_dags/example_bash_operator.py for tasks to queue
[2023-04-02T10:35:26.946+0000] {logging_mixin.py:137} INFO - [2023-04-02T10:35:26.945+0000] {dagbag.py:532} INFO - Filling up the DagBag from /home/airflow/.local/lib/python3.7/site-packages/airflow/example_dags/example_bash_operator.py
[2023-04-02T10:35:27.006+0000] {processor.py:753} INFO - DAG(s) dict_keys(['example_bash_operator']) retrieved from /home/airflow/.local/lib/python3.7/site-packages/airflow/example_dags/example_bash_operator.py
[2023-04-02T10:35:27.092+0000] {logging_mixin.py:137} INFO - [2023-04-02T10:35:27.092+0000] {dag.py:2705} INFO - Sync 1 DAGs
[2023-04-02T10:35:27.158+0000] {logging_mixin.py:137} INFO - [2023-04-02T10:35:27.158+0000] {dag.py:3456} INFO - Setting next_dagrun for example_bash_operator to 2023-04-01T00:00:00+00:00, run_after=2023-04-02T00:00:00+00:00
[2023-04-02T10:35:27.202+0000] {processor.py:175} INFO - Processing /home/airflow/.local/lib/python3.7/site-packages/airflow/example_dags/example_bash_operator.py took 0.276 seconds
[2023-04-02T10:35:57.315+0000] {processor.py:153} INFO - Started process (PID=1558) to work on /home/airflow/.local/lib/python3.7/site-packages/airflow/example_dags/example_bash_operator.py
[2023-04-02T10:35:57.321+0000] {processor.py:743} INFO - Processing file /home/airflow/.local/lib/python3.7/site-packages/airflow/example_dags/example_bash_operator.py for tasks to queue
[2023-04-02T10:35:57.327+0000] {logging_mixin.py:137} INFO - [2023-04-02T10:35:57.324+0000] {dagbag.py:532} INFO - Filling up the DagBag from /home/airflow/.local/lib/python3.7/site-packages/airflow/example_dags/example_bash_operator.py
[2023-04-02T10:35:57.420+0000] {processor.py:753} INFO - DAG(s) dict_keys(['example_bash_operator']) retrieved from /home/airflow/.local/lib/python3.7/site-packages/airflow/example_dags/example_bash_operator.py
[2023-04-02T10:35:57.528+0000] {logging_mixin.py:137} INFO - [2023-04-02T10:35:57.527+0000] {dag.py:2705} INFO - Sync 1 DAGs
[2023-04-02T10:35:57.645+0000] {logging_mixin.py:137} INFO - [2023-04-02T10:35:57.645+0000] {dag.py:3456} INFO - Setting next_dagrun for example_bash_operator to 2023-04-01T00:00:00+00:00, run_after=2023-04-02T00:00:00+00:00
[2023-04-02T10:35:57.744+0000] {processor.py:175} INFO - Processing /home/airflow/.local/lib/python3.7/site-packages/airflow/example_dags/example_bash_operator.py took 0.439 seconds
[2023-04-02T10:36:27.825+0000] {processor.py:153} INFO - Started process (PID=1778) to work on /home/airflow/.local/lib/python3.7/site-packages/airflow/example_dags/example_bash_operator.py
[2023-04-02T10:36:27.826+0000] {processor.py:743} INFO - Processing file /home/airflow/.local/lib/python3.7/site-packages/airflow/example_dags/example_bash_operator.py for tasks to queue
[2023-04-02T10:36:27.828+0000] {logging_mixin.py:137} INFO - [2023-04-02T10:36:27.828+0000] {dagbag.py:532} INFO - Filling up the DagBag from /home/airflow/.local/lib/python3.7/site-packages/airflow/example_dags/example_bash_operator.py
[2023-04-02T10:36:27.868+0000] {processor.py:753} INFO - DAG(s) dict_keys(['example_bash_operator']) retrieved from /home/airflow/.local/lib/python3.7/site-packages/airflow/example_dags/example_bash_operator.py
[2023-04-02T10:36:27.927+0000] {logging_mixin.py:137} INFO - [2023-04-02T10:36:27.927+0000] {dag.py:2705} INFO - Sync 1 DAGs
[2023-04-02T10:36:27.980+0000] {logging_mixin.py:137} INFO - [2023-04-02T10:36:27.980+0000] {dag.py:3456} INFO - Setting next_dagrun for example_bash_operator to 2023-04-01T00:00:00+00:00, run_after=2023-04-02T00:00:00+00:00
[2023-04-02T10:36:28.013+0000] {processor.py:175} INFO - Processing /home/airflow/.local/lib/python3.7/site-packages/airflow/example_dags/example_bash_operator.py took 0.193 seconds
[2023-04-02T10:36:58.709+0000] {processor.py:153} INFO - Started process (PID=1994) to work on /home/airflow/.local/lib/python3.7/site-packages/airflow/example_dags/example_bash_operator.py
[2023-04-02T10:36:58.712+0000] {processor.py:743} INFO - Processing file /home/airflow/.local/lib/python3.7/site-packages/airflow/example_dags/example_bash_operator.py for tasks to queue
[2023-04-02T10:36:58.716+0000] {logging_mixin.py:137} INFO - [2023-04-02T10:36:58.716+0000] {dagbag.py:532} INFO - Filling up the DagBag from /home/airflow/.local/lib/python3.7/site-packages/airflow/example_dags/example_bash_operator.py
[2023-04-02T10:36:58.801+0000] {processor.py:753} INFO - DAG(s) dict_keys(['example_bash_operator']) retrieved from /home/airflow/.local/lib/python3.7/site-packages/airflow/example_dags/example_bash_operator.py
[2023-04-02T10:36:58.914+0000] {logging_mixin.py:137} INFO - [2023-04-02T10:36:58.914+0000] {dag.py:2705} INFO - Sync 1 DAGs
[2023-04-02T10:36:58.972+0000] {logging_mixin.py:137} INFO - [2023-04-02T10:36:58.972+0000] {dag.py:3456} INFO - Setting next_dagrun for example_bash_operator to 2023-04-01T00:00:00+00:00, run_after=2023-04-02T00:00:00+00:00
[2023-04-02T10:36:59.027+0000] {processor.py:175} INFO - Processing /home/airflow/.local/lib/python3.7/site-packages/airflow/example_dags/example_bash_operator.py took 0.325 seconds
[2023-04-02T10:37:29.470+0000] {processor.py:153} INFO - Started process (PID=2212) to work on /home/airflow/.local/lib/python3.7/site-packages/airflow/example_dags/example_bash_operator.py
[2023-04-02T10:37:29.472+0000] {processor.py:743} INFO - Processing file /home/airflow/.local/lib/python3.7/site-packages/airflow/example_dags/example_bash_operator.py for tasks to queue
[2023-04-02T10:37:29.474+0000] {logging_mixin.py:137} INFO - [2023-04-02T10:37:29.474+0000] {dagbag.py:532} INFO - Filling up the DagBag from /home/airflow/.local/lib/python3.7/site-packages/airflow/example_dags/example_bash_operator.py
[2023-04-02T10:37:29.532+0000] {processor.py:753} INFO - DAG(s) dict_keys(['example_bash_operator']) retrieved from /home/airflow/.local/lib/python3.7/site-packages/airflow/example_dags/example_bash_operator.py
[2023-04-02T10:37:29.598+0000] {logging_mixin.py:137} INFO - [2023-04-02T10:37:29.598+0000] {dag.py:2705} INFO - Sync 1 DAGs
[2023-04-02T10:37:29.671+0000] {logging_mixin.py:137} INFO - [2023-04-02T10:37:29.671+0000] {dag.py:3456} INFO - Setting next_dagrun for example_bash_operator to 2023-04-01T00:00:00+00:00, run_after=2023-04-02T00:00:00+00:00
[2023-04-02T10:37:29.712+0000] {processor.py:175} INFO - Processing /home/airflow/.local/lib/python3.7/site-packages/airflow/example_dags/example_bash_operator.py took 0.250 seconds
[2023-04-02T10:38:00.513+0000] {processor.py:153} INFO - Started process (PID=2430) to work on /home/airflow/.local/lib/python3.7/site-packages/airflow/example_dags/example_bash_operator.py
[2023-04-02T10:38:00.515+0000] {processor.py:743} INFO - Processing file /home/airflow/.local/lib/python3.7/site-packages/airflow/example_dags/example_bash_operator.py for tasks to queue
[2023-04-02T10:38:00.519+0000] {logging_mixin.py:137} INFO - [2023-04-02T10:38:00.518+0000] {dagbag.py:532} INFO - Filling up the DagBag from /home/airflow/.local/lib/python3.7/site-packages/airflow/example_dags/example_bash_operator.py
[2023-04-02T10:38:00.577+0000] {processor.py:753} INFO - DAG(s) dict_keys(['example_bash_operator']) retrieved from /home/airflow/.local/lib/python3.7/site-packages/airflow/example_dags/example_bash_operator.py
[2023-04-02T10:38:00.641+0000] {logging_mixin.py:137} INFO - [2023-04-02T10:38:00.641+0000] {dag.py:2705} INFO - Sync 1 DAGs
[2023-04-02T10:38:00.693+0000] {logging_mixin.py:137} INFO - [2023-04-02T10:38:00.693+0000] {dag.py:3456} INFO - Setting next_dagrun for example_bash_operator to 2023-04-01T00:00:00+00:00, run_after=2023-04-02T00:00:00+00:00
[2023-04-02T10:38:00.731+0000] {processor.py:175} INFO - Processing /home/airflow/.local/lib/python3.7/site-packages/airflow/example_dags/example_bash_operator.py took 0.222 seconds
[2023-04-02T10:38:31.604+0000] {processor.py:153} INFO - Started process (PID=2648) to work on /home/airflow/.local/lib/python3.7/site-packages/airflow/example_dags/example_bash_operator.py
[2023-04-02T10:38:31.612+0000] {processor.py:743} INFO - Processing file /home/airflow/.local/lib/python3.7/site-packages/airflow/example_dags/example_bash_operator.py for tasks to queue
[2023-04-02T10:38:31.619+0000] {logging_mixin.py:137} INFO - [2023-04-02T10:38:31.619+0000] {dagbag.py:532} INFO - Filling up the DagBag from /home/airflow/.local/lib/python3.7/site-packages/airflow/example_dags/example_bash_operator.py
[2023-04-02T10:38:31.669+0000] {processor.py:753} INFO - DAG(s) dict_keys(['example_bash_operator']) retrieved from /home/airflow/.local/lib/python3.7/site-packages/airflow/example_dags/example_bash_operator.py
[2023-04-02T10:38:31.736+0000] {logging_mixin.py:137} INFO - [2023-04-02T10:38:31.735+0000] {dag.py:2705} INFO - Sync 1 DAGs
[2023-04-02T10:38:31.794+0000] {logging_mixin.py:137} INFO - [2023-04-02T10:38:31.794+0000] {dag.py:3456} INFO - Setting next_dagrun for example_bash_operator to 2023-04-01T00:00:00+00:00, run_after=2023-04-02T00:00:00+00:00
[2023-04-02T10:38:31.837+0000] {processor.py:175} INFO - Processing /home/airflow/.local/lib/python3.7/site-packages/airflow/example_dags/example_bash_operator.py took 0.249 seconds
[2023-04-02T10:39:02.159+0000] {processor.py:153} INFO - Started process (PID=2866) to work on /home/airflow/.local/lib/python3.7/site-packages/airflow/example_dags/example_bash_operator.py
[2023-04-02T10:39:02.164+0000] {processor.py:743} INFO - Processing file /home/airflow/.local/lib/python3.7/site-packages/airflow/example_dags/example_bash_operator.py for tasks to queue
[2023-04-02T10:39:02.168+0000] {logging_mixin.py:137} INFO - [2023-04-02T10:39:02.167+0000] {dagbag.py:532} INFO - Filling up the DagBag from /home/airflow/.local/lib/python3.7/site-packages/airflow/example_dags/example_bash_operator.py
[2023-04-02T10:39:02.207+0000] {processor.py:753} INFO - DAG(s) dict_keys(['example_bash_operator']) retrieved from /home/airflow/.local/lib/python3.7/site-packages/airflow/example_dags/example_bash_operator.py
[2023-04-02T10:39:02.273+0000] {logging_mixin.py:137} INFO - [2023-04-02T10:39:02.273+0000] {dag.py:2705} INFO - Sync 1 DAGs
[2023-04-02T10:39:02.328+0000] {logging_mixin.py:137} INFO - [2023-04-02T10:39:02.328+0000] {dag.py:3456} INFO - Setting next_dagrun for example_bash_operator to 2023-04-01T00:00:00+00:00, run_after=2023-04-02T00:00:00+00:00
[2023-04-02T10:39:02.372+0000] {processor.py:175} INFO - Processing /home/airflow/.local/lib/python3.7/site-packages/airflow/example_dags/example_bash_operator.py took 0.226 seconds
[2023-04-02T10:39:32.804+0000] {processor.py:153} INFO - Started process (PID=3086) to work on /home/airflow/.local/lib/python3.7/site-packages/airflow/example_dags/example_bash_operator.py
[2023-04-02T10:39:32.806+0000] {processor.py:743} INFO - Processing file /home/airflow/.local/lib/python3.7/site-packages/airflow/example_dags/example_bash_operator.py for tasks to queue
[2023-04-02T10:39:32.809+0000] {logging_mixin.py:137} INFO - [2023-04-02T10:39:32.809+0000] {dagbag.py:532} INFO - Filling up the DagBag from /home/airflow/.local/lib/python3.7/site-packages/airflow/example_dags/example_bash_operator.py
[2023-04-02T10:39:32.859+0000] {processor.py:753} INFO - DAG(s) dict_keys(['example_bash_operator']) retrieved from /home/airflow/.local/lib/python3.7/site-packages/airflow/example_dags/example_bash_operator.py
[2023-04-02T10:39:32.938+0000] {logging_mixin.py:137} INFO - [2023-04-02T10:39:32.937+0000] {dag.py:2705} INFO - Sync 1 DAGs
[2023-04-02T10:39:33.003+0000] {logging_mixin.py:137} INFO - [2023-04-02T10:39:33.003+0000] {dag.py:3456} INFO - Setting next_dagrun for example_bash_operator to 2023-04-01T00:00:00+00:00, run_after=2023-04-02T00:00:00+00:00
[2023-04-02T10:39:33.040+0000] {processor.py:175} INFO - Processing /home/airflow/.local/lib/python3.7/site-packages/airflow/example_dags/example_bash_operator.py took 0.243 seconds
[2023-04-02T10:40:03.867+0000] {processor.py:153} INFO - Started process (PID=3302) to work on /home/airflow/.local/lib/python3.7/site-packages/airflow/example_dags/example_bash_operator.py
[2023-04-02T10:40:03.869+0000] {processor.py:743} INFO - Processing file /home/airflow/.local/lib/python3.7/site-packages/airflow/example_dags/example_bash_operator.py for tasks to queue
[2023-04-02T10:40:03.871+0000] {logging_mixin.py:137} INFO - [2023-04-02T10:40:03.871+0000] {dagbag.py:532} INFO - Filling up the DagBag from /home/airflow/.local/lib/python3.7/site-packages/airflow/example_dags/example_bash_operator.py
[2023-04-02T10:40:03.918+0000] {processor.py:753} INFO - DAG(s) dict_keys(['example_bash_operator']) retrieved from /home/airflow/.local/lib/python3.7/site-packages/airflow/example_dags/example_bash_operator.py
[2023-04-02T10:40:04.074+0000] {logging_mixin.py:137} INFO - [2023-04-02T10:40:04.074+0000] {dag.py:2705} INFO - Sync 1 DAGs
[2023-04-02T10:40:04.176+0000] {logging_mixin.py:137} INFO - [2023-04-02T10:40:04.175+0000] {dag.py:3456} INFO - Setting next_dagrun for example_bash_operator to 2023-04-01T00:00:00+00:00, run_after=2023-04-02T00:00:00+00:00
[2023-04-02T10:40:04.284+0000] {processor.py:175} INFO - Processing /home/airflow/.local/lib/python3.7/site-packages/airflow/example_dags/example_bash_operator.py took 0.423 seconds
[2023-04-02T10:40:34.524+0000] {processor.py:153} INFO - Started process (PID=3520) to work on /home/airflow/.local/lib/python3.7/site-packages/airflow/example_dags/example_bash_operator.py
[2023-04-02T10:40:34.533+0000] {processor.py:743} INFO - Processing file /home/airflow/.local/lib/python3.7/site-packages/airflow/example_dags/example_bash_operator.py for tasks to queue
[2023-04-02T10:40:34.545+0000] {logging_mixin.py:137} INFO - [2023-04-02T10:40:34.544+0000] {dagbag.py:532} INFO - Filling up the DagBag from /home/airflow/.local/lib/python3.7/site-packages/airflow/example_dags/example_bash_operator.py
[2023-04-02T10:40:34.623+0000] {processor.py:753} INFO - DAG(s) dict_keys(['example_bash_operator']) retrieved from /home/airflow/.local/lib/python3.7/site-packages/airflow/example_dags/example_bash_operator.py
[2023-04-02T10:40:34.737+0000] {logging_mixin.py:137} INFO - [2023-04-02T10:40:34.736+0000] {dag.py:2705} INFO - Sync 1 DAGs
[2023-04-02T10:40:34.830+0000] {logging_mixin.py:137} INFO - [2023-04-02T10:40:34.829+0000] {dag.py:3456} INFO - Setting next_dagrun for example_bash_operator to 2023-04-01T00:00:00+00:00, run_after=2023-04-02T00:00:00+00:00
[2023-04-02T10:40:34.904+0000] {processor.py:175} INFO - Processing /home/airflow/.local/lib/python3.7/site-packages/airflow/example_dags/example_bash_operator.py took 0.388 seconds
[2023-04-02T10:41:06.076+0000] {processor.py:153} INFO - Started process (PID=3747) to work on /home/airflow/.local/lib/python3.7/site-packages/airflow/example_dags/example_bash_operator.py
[2023-04-02T10:41:06.089+0000] {processor.py:743} INFO - Processing file /home/airflow/.local/lib/python3.7/site-packages/airflow/example_dags/example_bash_operator.py for tasks to queue
[2023-04-02T10:41:06.093+0000] {logging_mixin.py:137} INFO - [2023-04-02T10:41:06.092+0000] {dagbag.py:532} INFO - Filling up the DagBag from /home/airflow/.local/lib/python3.7/site-packages/airflow/example_dags/example_bash_operator.py
[2023-04-02T10:41:06.149+0000] {processor.py:753} INFO - DAG(s) dict_keys(['example_bash_operator']) retrieved from /home/airflow/.local/lib/python3.7/site-packages/airflow/example_dags/example_bash_operator.py
[2023-04-02T10:41:06.235+0000] {logging_mixin.py:137} INFO - [2023-04-02T10:41:06.235+0000] {dag.py:2705} INFO - Sync 1 DAGs
[2023-04-02T10:41:06.315+0000] {logging_mixin.py:137} INFO - [2023-04-02T10:41:06.314+0000] {dag.py:3456} INFO - Setting next_dagrun for example_bash_operator to 2023-04-01T00:00:00+00:00, run_after=2023-04-02T00:00:00+00:00
[2023-04-02T10:41:06.412+0000] {processor.py:175} INFO - Processing /home/airflow/.local/lib/python3.7/site-packages/airflow/example_dags/example_bash_operator.py took 0.346 seconds
[2023-04-02T10:41:37.329+0000] {processor.py:153} INFO - Started process (PID=3963) to work on /home/airflow/.local/lib/python3.7/site-packages/airflow/example_dags/example_bash_operator.py
[2023-04-02T10:41:37.331+0000] {processor.py:743} INFO - Processing file /home/airflow/.local/lib/python3.7/site-packages/airflow/example_dags/example_bash_operator.py for tasks to queue
[2023-04-02T10:41:37.339+0000] {logging_mixin.py:137} INFO - [2023-04-02T10:41:37.333+0000] {dagbag.py:532} INFO - Filling up the DagBag from /home/airflow/.local/lib/python3.7/site-packages/airflow/example_dags/example_bash_operator.py
[2023-04-02T10:41:37.403+0000] {processor.py:753} INFO - DAG(s) dict_keys(['example_bash_operator']) retrieved from /home/airflow/.local/lib/python3.7/site-packages/airflow/example_dags/example_bash_operator.py
[2023-04-02T10:41:37.509+0000] {logging_mixin.py:137} INFO - [2023-04-02T10:41:37.508+0000] {dag.py:2705} INFO - Sync 1 DAGs
[2023-04-02T10:41:37.589+0000] {logging_mixin.py:137} INFO - [2023-04-02T10:41:37.588+0000] {dag.py:3456} INFO - Setting next_dagrun for example_bash_operator to 2023-04-01T00:00:00+00:00, run_after=2023-04-02T00:00:00+00:00
[2023-04-02T10:41:37.666+0000] {processor.py:175} INFO - Processing /home/airflow/.local/lib/python3.7/site-packages/airflow/example_dags/example_bash_operator.py took 0.347 seconds
[2023-04-02T10:42:09.242+0000] {processor.py:153} INFO - Started process (PID=4182) to work on /home/airflow/.local/lib/python3.7/site-packages/airflow/example_dags/example_bash_operator.py
[2023-04-02T10:42:09.254+0000] {processor.py:743} INFO - Processing file /home/airflow/.local/lib/python3.7/site-packages/airflow/example_dags/example_bash_operator.py for tasks to queue
[2023-04-02T10:42:09.264+0000] {logging_mixin.py:137} INFO - [2023-04-02T10:42:09.264+0000] {dagbag.py:532} INFO - Filling up the DagBag from /home/airflow/.local/lib/python3.7/site-packages/airflow/example_dags/example_bash_operator.py
[2023-04-02T10:42:09.397+0000] {processor.py:753} INFO - DAG(s) dict_keys(['example_bash_operator']) retrieved from /home/airflow/.local/lib/python3.7/site-packages/airflow/example_dags/example_bash_operator.py
[2023-04-02T10:42:09.593+0000] {logging_mixin.py:137} INFO - [2023-04-02T10:42:09.592+0000] {dag.py:2705} INFO - Sync 1 DAGs
[2023-04-02T10:42:09.710+0000] {logging_mixin.py:137} INFO - [2023-04-02T10:42:09.709+0000] {dag.py:3456} INFO - Setting next_dagrun for example_bash_operator to 2023-04-01T00:00:00+00:00, run_after=2023-04-02T00:00:00+00:00
[2023-04-02T10:42:09.853+0000] {processor.py:175} INFO - Processing /home/airflow/.local/lib/python3.7/site-packages/airflow/example_dags/example_bash_operator.py took 0.632 seconds
[2023-04-02T10:42:40.718+0000] {processor.py:153} INFO - Started process (PID=4402) to work on /home/airflow/.local/lib/python3.7/site-packages/airflow/example_dags/example_bash_operator.py
[2023-04-02T10:42:40.729+0000] {processor.py:743} INFO - Processing file /home/airflow/.local/lib/python3.7/site-packages/airflow/example_dags/example_bash_operator.py for tasks to queue
[2023-04-02T10:42:40.749+0000] {logging_mixin.py:137} INFO - [2023-04-02T10:42:40.748+0000] {dagbag.py:532} INFO - Filling up the DagBag from /home/airflow/.local/lib/python3.7/site-packages/airflow/example_dags/example_bash_operator.py
[2023-04-02T10:42:40.818+0000] {processor.py:753} INFO - DAG(s) dict_keys(['example_bash_operator']) retrieved from /home/airflow/.local/lib/python3.7/site-packages/airflow/example_dags/example_bash_operator.py
[2023-04-02T10:42:40.871+0000] {logging_mixin.py:137} INFO - [2023-04-02T10:42:40.871+0000] {dag.py:2705} INFO - Sync 1 DAGs
[2023-04-02T10:42:40.914+0000] {logging_mixin.py:137} INFO - [2023-04-02T10:42:40.913+0000] {dag.py:3456} INFO - Setting next_dagrun for example_bash_operator to 2023-04-01T00:00:00+00:00, run_after=2023-04-02T00:00:00+00:00
[2023-04-02T10:42:40.957+0000] {processor.py:175} INFO - Processing /home/airflow/.local/lib/python3.7/site-packages/airflow/example_dags/example_bash_operator.py took 0.267 seconds
[2023-04-02T10:43:11.051+0000] {processor.py:153} INFO - Started process (PID=4620) to work on /home/airflow/.local/lib/python3.7/site-packages/airflow/example_dags/example_bash_operator.py
[2023-04-02T10:43:11.053+0000] {processor.py:743} INFO - Processing file /home/airflow/.local/lib/python3.7/site-packages/airflow/example_dags/example_bash_operator.py for tasks to queue
[2023-04-02T10:43:11.056+0000] {logging_mixin.py:137} INFO - [2023-04-02T10:43:11.055+0000] {dagbag.py:532} INFO - Filling up the DagBag from /home/airflow/.local/lib/python3.7/site-packages/airflow/example_dags/example_bash_operator.py
[2023-04-02T10:43:11.093+0000] {processor.py:753} INFO - DAG(s) dict_keys(['example_bash_operator']) retrieved from /home/airflow/.local/lib/python3.7/site-packages/airflow/example_dags/example_bash_operator.py
[2023-04-02T10:43:11.151+0000] {logging_mixin.py:137} INFO - [2023-04-02T10:43:11.151+0000] {dag.py:2705} INFO - Sync 1 DAGs
[2023-04-02T10:43:11.190+0000] {logging_mixin.py:137} INFO - [2023-04-02T10:43:11.190+0000] {dag.py:3456} INFO - Setting next_dagrun for example_bash_operator to 2023-04-01T00:00:00+00:00, run_after=2023-04-02T00:00:00+00:00
[2023-04-02T10:43:11.221+0000] {processor.py:175} INFO - Processing /home/airflow/.local/lib/python3.7/site-packages/airflow/example_dags/example_bash_operator.py took 0.176 seconds
[2023-04-02T10:43:41.381+0000] {processor.py:153} INFO - Started process (PID=4838) to work on /home/airflow/.local/lib/python3.7/site-packages/airflow/example_dags/example_bash_operator.py
[2023-04-02T10:43:41.383+0000] {processor.py:743} INFO - Processing file /home/airflow/.local/lib/python3.7/site-packages/airflow/example_dags/example_bash_operator.py for tasks to queue
[2023-04-02T10:43:41.387+0000] {logging_mixin.py:137} INFO - [2023-04-02T10:43:41.386+0000] {dagbag.py:532} INFO - Filling up the DagBag from /home/airflow/.local/lib/python3.7/site-packages/airflow/example_dags/example_bash_operator.py
[2023-04-02T10:43:41.417+0000] {processor.py:753} INFO - DAG(s) dict_keys(['example_bash_operator']) retrieved from /home/airflow/.local/lib/python3.7/site-packages/airflow/example_dags/example_bash_operator.py
[2023-04-02T10:43:41.472+0000] {logging_mixin.py:137} INFO - [2023-04-02T10:43:41.472+0000] {dag.py:2705} INFO - Sync 1 DAGs
[2023-04-02T10:43:41.516+0000] {logging_mixin.py:137} INFO - [2023-04-02T10:43:41.516+0000] {dag.py:3456} INFO - Setting next_dagrun for example_bash_operator to 2023-04-01T00:00:00+00:00, run_after=2023-04-02T00:00:00+00:00
[2023-04-02T10:43:41.545+0000] {processor.py:175} INFO - Processing /home/airflow/.local/lib/python3.7/site-packages/airflow/example_dags/example_bash_operator.py took 0.168 seconds
[2023-04-02T10:44:12.343+0000] {processor.py:153} INFO - Started process (PID=5054) to work on /home/airflow/.local/lib/python3.7/site-packages/airflow/example_dags/example_bash_operator.py
[2023-04-02T10:44:12.353+0000] {processor.py:743} INFO - Processing file /home/airflow/.local/lib/python3.7/site-packages/airflow/example_dags/example_bash_operator.py for tasks to queue
[2023-04-02T10:44:12.357+0000] {logging_mixin.py:137} INFO - [2023-04-02T10:44:12.356+0000] {dagbag.py:532} INFO - Filling up the DagBag from /home/airflow/.local/lib/python3.7/site-packages/airflow/example_dags/example_bash_operator.py
[2023-04-02T10:44:12.402+0000] {processor.py:753} INFO - DAG(s) dict_keys(['example_bash_operator']) retrieved from /home/airflow/.local/lib/python3.7/site-packages/airflow/example_dags/example_bash_operator.py
[2023-04-02T10:44:12.456+0000] {logging_mixin.py:137} INFO - [2023-04-02T10:44:12.456+0000] {dag.py:2705} INFO - Sync 1 DAGs
[2023-04-02T10:44:12.508+0000] {logging_mixin.py:137} INFO - [2023-04-02T10:44:12.508+0000] {dag.py:3456} INFO - Setting next_dagrun for example_bash_operator to 2023-04-01T00:00:00+00:00, run_after=2023-04-02T00:00:00+00:00
[2023-04-02T10:44:12.559+0000] {processor.py:175} INFO - Processing /home/airflow/.local/lib/python3.7/site-packages/airflow/example_dags/example_bash_operator.py took 0.225 seconds
[2023-04-02T10:44:43.286+0000] {processor.py:153} INFO - Started process (PID=5272) to work on /home/airflow/.local/lib/python3.7/site-packages/airflow/example_dags/example_bash_operator.py
[2023-04-02T10:44:43.290+0000] {processor.py:743} INFO - Processing file /home/airflow/.local/lib/python3.7/site-packages/airflow/example_dags/example_bash_operator.py for tasks to queue
[2023-04-02T10:44:43.295+0000] {logging_mixin.py:137} INFO - [2023-04-02T10:44:43.295+0000] {dagbag.py:532} INFO - Filling up the DagBag from /home/airflow/.local/lib/python3.7/site-packages/airflow/example_dags/example_bash_operator.py
[2023-04-02T10:44:43.352+0000] {processor.py:753} INFO - DAG(s) dict_keys(['example_bash_operator']) retrieved from /home/airflow/.local/lib/python3.7/site-packages/airflow/example_dags/example_bash_operator.py
[2023-04-02T10:44:43.464+0000] {logging_mixin.py:137} INFO - [2023-04-02T10:44:43.463+0000] {dag.py:2705} INFO - Sync 1 DAGs
[2023-04-02T10:44:43.573+0000] {logging_mixin.py:137} INFO - [2023-04-02T10:44:43.573+0000] {dag.py:3456} INFO - Setting next_dagrun for example_bash_operator to 2023-04-01T00:00:00+00:00, run_after=2023-04-02T00:00:00+00:00
[2023-04-02T10:44:43.670+0000] {processor.py:175} INFO - Processing /home/airflow/.local/lib/python3.7/site-packages/airflow/example_dags/example_bash_operator.py took 0.406 seconds
[2023-04-02T10:45:13.747+0000] {processor.py:153} INFO - Started process (PID=5492) to work on /home/airflow/.local/lib/python3.7/site-packages/airflow/example_dags/example_bash_operator.py
[2023-04-02T10:45:13.748+0000] {processor.py:743} INFO - Processing file /home/airflow/.local/lib/python3.7/site-packages/airflow/example_dags/example_bash_operator.py for tasks to queue
[2023-04-02T10:45:13.750+0000] {logging_mixin.py:137} INFO - [2023-04-02T10:45:13.750+0000] {dagbag.py:532} INFO - Filling up the DagBag from /home/airflow/.local/lib/python3.7/site-packages/airflow/example_dags/example_bash_operator.py
[2023-04-02T10:45:13.780+0000] {processor.py:753} INFO - DAG(s) dict_keys(['example_bash_operator']) retrieved from /home/airflow/.local/lib/python3.7/site-packages/airflow/example_dags/example_bash_operator.py
[2023-04-02T10:45:13.840+0000] {logging_mixin.py:137} INFO - [2023-04-02T10:45:13.840+0000] {dag.py:2705} INFO - Sync 1 DAGs
[2023-04-02T10:45:13.885+0000] {logging_mixin.py:137} INFO - [2023-04-02T10:45:13.885+0000] {dag.py:3456} INFO - Setting next_dagrun for example_bash_operator to 2023-04-01T00:00:00+00:00, run_after=2023-04-02T00:00:00+00:00
[2023-04-02T10:45:13.915+0000] {processor.py:175} INFO - Processing /home/airflow/.local/lib/python3.7/site-packages/airflow/example_dags/example_bash_operator.py took 0.172 seconds
[2023-04-02T10:45:44.419+0000] {processor.py:153} INFO - Started process (PID=5708) to work on /home/airflow/.local/lib/python3.7/site-packages/airflow/example_dags/example_bash_operator.py
[2023-04-02T10:45:44.422+0000] {processor.py:743} INFO - Processing file /home/airflow/.local/lib/python3.7/site-packages/airflow/example_dags/example_bash_operator.py for tasks to queue
[2023-04-02T10:45:44.426+0000] {logging_mixin.py:137} INFO - [2023-04-02T10:45:44.426+0000] {dagbag.py:532} INFO - Filling up the DagBag from /home/airflow/.local/lib/python3.7/site-packages/airflow/example_dags/example_bash_operator.py
[2023-04-02T10:45:44.476+0000] {processor.py:753} INFO - DAG(s) dict_keys(['example_bash_operator']) retrieved from /home/airflow/.local/lib/python3.7/site-packages/airflow/example_dags/example_bash_operator.py
[2023-04-02T10:45:44.526+0000] {logging_mixin.py:137} INFO - [2023-04-02T10:45:44.526+0000] {dag.py:2705} INFO - Sync 1 DAGs
[2023-04-02T10:45:44.568+0000] {logging_mixin.py:137} INFO - [2023-04-02T10:45:44.567+0000] {dag.py:3456} INFO - Setting next_dagrun for example_bash_operator to 2023-04-01T00:00:00+00:00, run_after=2023-04-02T00:00:00+00:00
[2023-04-02T10:45:44.603+0000] {processor.py:175} INFO - Processing /home/airflow/.local/lib/python3.7/site-packages/airflow/example_dags/example_bash_operator.py took 0.190 seconds
[2023-04-02T10:46:14.966+0000] {processor.py:153} INFO - Started process (PID=5928) to work on /home/airflow/.local/lib/python3.7/site-packages/airflow/example_dags/example_bash_operator.py
[2023-04-02T10:46:14.968+0000] {processor.py:743} INFO - Processing file /home/airflow/.local/lib/python3.7/site-packages/airflow/example_dags/example_bash_operator.py for tasks to queue
[2023-04-02T10:46:14.972+0000] {logging_mixin.py:137} INFO - [2023-04-02T10:46:14.971+0000] {dagbag.py:532} INFO - Filling up the DagBag from /home/airflow/.local/lib/python3.7/site-packages/airflow/example_dags/example_bash_operator.py
[2023-04-02T10:46:15.006+0000] {processor.py:753} INFO - DAG(s) dict_keys(['example_bash_operator']) retrieved from /home/airflow/.local/lib/python3.7/site-packages/airflow/example_dags/example_bash_operator.py
[2023-04-02T10:46:15.063+0000] {logging_mixin.py:137} INFO - [2023-04-02T10:46:15.062+0000] {dag.py:2705} INFO - Sync 1 DAGs
[2023-04-02T10:46:15.108+0000] {logging_mixin.py:137} INFO - [2023-04-02T10:46:15.108+0000] {dag.py:3456} INFO - Setting next_dagrun for example_bash_operator to 2023-04-01T00:00:00+00:00, run_after=2023-04-02T00:00:00+00:00
[2023-04-02T10:46:15.138+0000] {processor.py:175} INFO - Processing /home/airflow/.local/lib/python3.7/site-packages/airflow/example_dags/example_bash_operator.py took 0.177 seconds
[2023-04-02T10:46:45.441+0000] {processor.py:153} INFO - Started process (PID=6147) to work on /home/airflow/.local/lib/python3.7/site-packages/airflow/example_dags/example_bash_operator.py
[2023-04-02T10:46:45.443+0000] {processor.py:743} INFO - Processing file /home/airflow/.local/lib/python3.7/site-packages/airflow/example_dags/example_bash_operator.py for tasks to queue
[2023-04-02T10:46:45.446+0000] {logging_mixin.py:137} INFO - [2023-04-02T10:46:45.445+0000] {dagbag.py:532} INFO - Filling up the DagBag from /home/airflow/.local/lib/python3.7/site-packages/airflow/example_dags/example_bash_operator.py
[2023-04-02T10:46:45.480+0000] {processor.py:753} INFO - DAG(s) dict_keys(['example_bash_operator']) retrieved from /home/airflow/.local/lib/python3.7/site-packages/airflow/example_dags/example_bash_operator.py
[2023-04-02T10:46:45.538+0000] {logging_mixin.py:137} INFO - [2023-04-02T10:46:45.538+0000] {dag.py:2705} INFO - Sync 1 DAGs
[2023-04-02T10:46:45.581+0000] {logging_mixin.py:137} INFO - [2023-04-02T10:46:45.581+0000] {dag.py:3456} INFO - Setting next_dagrun for example_bash_operator to 2023-04-01T00:00:00+00:00, run_after=2023-04-02T00:00:00+00:00
[2023-04-02T10:46:45.609+0000] {processor.py:175} INFO - Processing /home/airflow/.local/lib/python3.7/site-packages/airflow/example_dags/example_bash_operator.py took 0.173 seconds
[2023-04-02T10:47:16.135+0000] {processor.py:153} INFO - Started process (PID=6365) to work on /home/airflow/.local/lib/python3.7/site-packages/airflow/example_dags/example_bash_operator.py
[2023-04-02T10:47:16.137+0000] {processor.py:743} INFO - Processing file /home/airflow/.local/lib/python3.7/site-packages/airflow/example_dags/example_bash_operator.py for tasks to queue
[2023-04-02T10:47:16.139+0000] {logging_mixin.py:137} INFO - [2023-04-02T10:47:16.139+0000] {dagbag.py:532} INFO - Filling up the DagBag from /home/airflow/.local/lib/python3.7/site-packages/airflow/example_dags/example_bash_operator.py
[2023-04-02T10:47:16.171+0000] {processor.py:753} INFO - DAG(s) dict_keys(['example_bash_operator']) retrieved from /home/airflow/.local/lib/python3.7/site-packages/airflow/example_dags/example_bash_operator.py
[2023-04-02T10:47:16.219+0000] {logging_mixin.py:137} INFO - [2023-04-02T10:47:16.219+0000] {dag.py:2705} INFO - Sync 1 DAGs
[2023-04-02T10:47:16.257+0000] {logging_mixin.py:137} INFO - [2023-04-02T10:47:16.257+0000] {dag.py:3456} INFO - Setting next_dagrun for example_bash_operator to 2023-04-01T00:00:00+00:00, run_after=2023-04-02T00:00:00+00:00
[2023-04-02T10:47:16.291+0000] {processor.py:175} INFO - Processing /home/airflow/.local/lib/python3.7/site-packages/airflow/example_dags/example_bash_operator.py took 0.159 seconds
[2023-04-02T10:47:46.876+0000] {processor.py:153} INFO - Started process (PID=6581) to work on /home/airflow/.local/lib/python3.7/site-packages/airflow/example_dags/example_bash_operator.py
[2023-04-02T10:47:46.884+0000] {processor.py:743} INFO - Processing file /home/airflow/.local/lib/python3.7/site-packages/airflow/example_dags/example_bash_operator.py for tasks to queue
[2023-04-02T10:47:46.888+0000] {logging_mixin.py:137} INFO - [2023-04-02T10:47:46.887+0000] {dagbag.py:532} INFO - Filling up the DagBag from /home/airflow/.local/lib/python3.7/site-packages/airflow/example_dags/example_bash_operator.py
[2023-04-02T10:47:46.981+0000] {processor.py:753} INFO - DAG(s) dict_keys(['example_bash_operator']) retrieved from /home/airflow/.local/lib/python3.7/site-packages/airflow/example_dags/example_bash_operator.py
[2023-04-02T10:47:47.091+0000] {logging_mixin.py:137} INFO - [2023-04-02T10:47:47.091+0000] {dag.py:2705} INFO - Sync 1 DAGs
[2023-04-02T10:47:47.191+0000] {logging_mixin.py:137} INFO - [2023-04-02T10:47:47.191+0000] {dag.py:3456} INFO - Setting next_dagrun for example_bash_operator to 2023-04-01T00:00:00+00:00, run_after=2023-04-02T00:00:00+00:00
[2023-04-02T10:47:47.237+0000] {processor.py:175} INFO - Processing /home/airflow/.local/lib/python3.7/site-packages/airflow/example_dags/example_bash_operator.py took 0.373 seconds
[2023-04-02T10:48:17.574+0000] {processor.py:153} INFO - Started process (PID=6799) to work on /home/airflow/.local/lib/python3.7/site-packages/airflow/example_dags/example_bash_operator.py
[2023-04-02T10:48:17.582+0000] {processor.py:743} INFO - Processing file /home/airflow/.local/lib/python3.7/site-packages/airflow/example_dags/example_bash_operator.py for tasks to queue
[2023-04-02T10:48:17.586+0000] {logging_mixin.py:137} INFO - [2023-04-02T10:48:17.586+0000] {dagbag.py:532} INFO - Filling up the DagBag from /home/airflow/.local/lib/python3.7/site-packages/airflow/example_dags/example_bash_operator.py
[2023-04-02T10:48:17.618+0000] {processor.py:753} INFO - DAG(s) dict_keys(['example_bash_operator']) retrieved from /home/airflow/.local/lib/python3.7/site-packages/airflow/example_dags/example_bash_operator.py
[2023-04-02T10:48:17.665+0000] {logging_mixin.py:137} INFO - [2023-04-02T10:48:17.665+0000] {dag.py:2705} INFO - Sync 1 DAGs
[2023-04-02T10:48:17.700+0000] {logging_mixin.py:137} INFO - [2023-04-02T10:48:17.700+0000] {dag.py:3456} INFO - Setting next_dagrun for example_bash_operator to 2023-04-01T00:00:00+00:00, run_after=2023-04-02T00:00:00+00:00
[2023-04-02T10:48:17.743+0000] {processor.py:175} INFO - Processing /home/airflow/.local/lib/python3.7/site-packages/airflow/example_dags/example_bash_operator.py took 0.177 seconds
[2023-04-02T10:48:48.025+0000] {processor.py:153} INFO - Started process (PID=7019) to work on /home/airflow/.local/lib/python3.7/site-packages/airflow/example_dags/example_bash_operator.py
[2023-04-02T10:48:48.026+0000] {processor.py:743} INFO - Processing file /home/airflow/.local/lib/python3.7/site-packages/airflow/example_dags/example_bash_operator.py for tasks to queue
[2023-04-02T10:48:48.028+0000] {logging_mixin.py:137} INFO - [2023-04-02T10:48:48.028+0000] {dagbag.py:532} INFO - Filling up the DagBag from /home/airflow/.local/lib/python3.7/site-packages/airflow/example_dags/example_bash_operator.py
[2023-04-02T10:48:48.061+0000] {processor.py:753} INFO - DAG(s) dict_keys(['example_bash_operator']) retrieved from /home/airflow/.local/lib/python3.7/site-packages/airflow/example_dags/example_bash_operator.py
[2023-04-02T10:48:48.113+0000] {logging_mixin.py:137} INFO - [2023-04-02T10:48:48.113+0000] {dag.py:2705} INFO - Sync 1 DAGs
[2023-04-02T10:48:48.152+0000] {logging_mixin.py:137} INFO - [2023-04-02T10:48:48.152+0000] {dag.py:3456} INFO - Setting next_dagrun for example_bash_operator to 2023-04-01T00:00:00+00:00, run_after=2023-04-02T00:00:00+00:00
[2023-04-02T10:48:48.183+0000] {processor.py:175} INFO - Processing /home/airflow/.local/lib/python3.7/site-packages/airflow/example_dags/example_bash_operator.py took 0.163 seconds
[2023-04-02T10:49:18.513+0000] {processor.py:153} INFO - Started process (PID=7235) to work on /home/airflow/.local/lib/python3.7/site-packages/airflow/example_dags/example_bash_operator.py
[2023-04-02T10:49:18.515+0000] {processor.py:743} INFO - Processing file /home/airflow/.local/lib/python3.7/site-packages/airflow/example_dags/example_bash_operator.py for tasks to queue
[2023-04-02T10:49:18.518+0000] {logging_mixin.py:137} INFO - [2023-04-02T10:49:18.517+0000] {dagbag.py:532} INFO - Filling up the DagBag from /home/airflow/.local/lib/python3.7/site-packages/airflow/example_dags/example_bash_operator.py
[2023-04-02T10:49:18.566+0000] {processor.py:753} INFO - DAG(s) dict_keys(['example_bash_operator']) retrieved from /home/airflow/.local/lib/python3.7/site-packages/airflow/example_dags/example_bash_operator.py
[2023-04-02T10:49:18.637+0000] {logging_mixin.py:137} INFO - [2023-04-02T10:49:18.637+0000] {dag.py:2705} INFO - Sync 1 DAGs
[2023-04-02T10:49:18.683+0000] {logging_mixin.py:137} INFO - [2023-04-02T10:49:18.683+0000] {dag.py:3456} INFO - Setting next_dagrun for example_bash_operator to 2023-04-01T00:00:00+00:00, run_after=2023-04-02T00:00:00+00:00
[2023-04-02T10:49:18.737+0000] {processor.py:175} INFO - Processing /home/airflow/.local/lib/python3.7/site-packages/airflow/example_dags/example_bash_operator.py took 0.230 seconds
[2023-04-02T10:49:49.562+0000] {processor.py:153} INFO - Started process (PID=7453) to work on /home/airflow/.local/lib/python3.7/site-packages/airflow/example_dags/example_bash_operator.py
[2023-04-02T10:49:49.564+0000] {processor.py:743} INFO - Processing file /home/airflow/.local/lib/python3.7/site-packages/airflow/example_dags/example_bash_operator.py for tasks to queue
[2023-04-02T10:49:49.567+0000] {logging_mixin.py:137} INFO - [2023-04-02T10:49:49.566+0000] {dagbag.py:532} INFO - Filling up the DagBag from /home/airflow/.local/lib/python3.7/site-packages/airflow/example_dags/example_bash_operator.py
[2023-04-02T10:49:49.605+0000] {processor.py:753} INFO - DAG(s) dict_keys(['example_bash_operator']) retrieved from /home/airflow/.local/lib/python3.7/site-packages/airflow/example_dags/example_bash_operator.py
[2023-04-02T10:49:49.682+0000] {logging_mixin.py:137} INFO - [2023-04-02T10:49:49.682+0000] {dag.py:2705} INFO - Sync 1 DAGs
[2023-04-02T10:49:49.731+0000] {logging_mixin.py:137} INFO - [2023-04-02T10:49:49.731+0000] {dag.py:3456} INFO - Setting next_dagrun for example_bash_operator to 2023-04-01T00:00:00+00:00, run_after=2023-04-02T00:00:00+00:00
[2023-04-02T10:49:49.756+0000] {processor.py:175} INFO - Processing /home/airflow/.local/lib/python3.7/site-packages/airflow/example_dags/example_bash_operator.py took 0.198 seconds
[2023-04-02T10:50:20.356+0000] {processor.py:153} INFO - Started process (PID=7671) to work on /home/airflow/.local/lib/python3.7/site-packages/airflow/example_dags/example_bash_operator.py
[2023-04-02T10:50:20.358+0000] {processor.py:743} INFO - Processing file /home/airflow/.local/lib/python3.7/site-packages/airflow/example_dags/example_bash_operator.py for tasks to queue
[2023-04-02T10:50:20.370+0000] {logging_mixin.py:137} INFO - [2023-04-02T10:50:20.370+0000] {dagbag.py:532} INFO - Filling up the DagBag from /home/airflow/.local/lib/python3.7/site-packages/airflow/example_dags/example_bash_operator.py
[2023-04-02T10:50:20.442+0000] {processor.py:753} INFO - DAG(s) dict_keys(['example_bash_operator']) retrieved from /home/airflow/.local/lib/python3.7/site-packages/airflow/example_dags/example_bash_operator.py
[2023-04-02T10:50:20.508+0000] {logging_mixin.py:137} INFO - [2023-04-02T10:50:20.508+0000] {dag.py:2705} INFO - Sync 1 DAGs
[2023-04-02T10:50:20.568+0000] {logging_mixin.py:137} INFO - [2023-04-02T10:50:20.568+0000] {dag.py:3456} INFO - Setting next_dagrun for example_bash_operator to 2023-04-01T00:00:00+00:00, run_after=2023-04-02T00:00:00+00:00
[2023-04-02T10:50:20.613+0000] {processor.py:175} INFO - Processing /home/airflow/.local/lib/python3.7/site-packages/airflow/example_dags/example_bash_operator.py took 0.272 seconds
[2023-04-02T10:50:51.093+0000] {processor.py:153} INFO - Started process (PID=7890) to work on /home/airflow/.local/lib/python3.7/site-packages/airflow/example_dags/example_bash_operator.py
[2023-04-02T10:50:51.094+0000] {processor.py:743} INFO - Processing file /home/airflow/.local/lib/python3.7/site-packages/airflow/example_dags/example_bash_operator.py for tasks to queue
[2023-04-02T10:50:51.097+0000] {logging_mixin.py:137} INFO - [2023-04-02T10:50:51.096+0000] {dagbag.py:532} INFO - Filling up the DagBag from /home/airflow/.local/lib/python3.7/site-packages/airflow/example_dags/example_bash_operator.py
[2023-04-02T10:50:51.126+0000] {processor.py:753} INFO - DAG(s) dict_keys(['example_bash_operator']) retrieved from /home/airflow/.local/lib/python3.7/site-packages/airflow/example_dags/example_bash_operator.py
[2023-04-02T10:50:51.174+0000] {logging_mixin.py:137} INFO - [2023-04-02T10:50:51.174+0000] {dag.py:2705} INFO - Sync 1 DAGs
[2023-04-02T10:50:51.230+0000] {logging_mixin.py:137} INFO - [2023-04-02T10:50:51.230+0000] {dag.py:3456} INFO - Setting next_dagrun for example_bash_operator to 2023-04-01T00:00:00+00:00, run_after=2023-04-02T00:00:00+00:00
[2023-04-02T10:50:51.257+0000] {processor.py:175} INFO - Processing /home/airflow/.local/lib/python3.7/site-packages/airflow/example_dags/example_bash_operator.py took 0.168 seconds
[2023-04-02T10:51:22.129+0000] {processor.py:153} INFO - Started process (PID=8106) to work on /home/airflow/.local/lib/python3.7/site-packages/airflow/example_dags/example_bash_operator.py
[2023-04-02T10:51:22.131+0000] {processor.py:743} INFO - Processing file /home/airflow/.local/lib/python3.7/site-packages/airflow/example_dags/example_bash_operator.py for tasks to queue
[2023-04-02T10:51:22.134+0000] {logging_mixin.py:137} INFO - [2023-04-02T10:51:22.133+0000] {dagbag.py:532} INFO - Filling up the DagBag from /home/airflow/.local/lib/python3.7/site-packages/airflow/example_dags/example_bash_operator.py
[2023-04-02T10:51:22.179+0000] {processor.py:753} INFO - DAG(s) dict_keys(['example_bash_operator']) retrieved from /home/airflow/.local/lib/python3.7/site-packages/airflow/example_dags/example_bash_operator.py
[2023-04-02T10:51:22.223+0000] {logging_mixin.py:137} INFO - [2023-04-02T10:51:22.223+0000] {dag.py:2705} INFO - Sync 1 DAGs
[2023-04-02T10:51:22.266+0000] {logging_mixin.py:137} INFO - [2023-04-02T10:51:22.266+0000] {dag.py:3456} INFO - Setting next_dagrun for example_bash_operator to 2023-04-01T00:00:00+00:00, run_after=2023-04-02T00:00:00+00:00
[2023-04-02T10:51:22.292+0000] {processor.py:175} INFO - Processing /home/airflow/.local/lib/python3.7/site-packages/airflow/example_dags/example_bash_operator.py took 0.170 seconds
[2023-04-02T10:51:52.669+0000] {processor.py:153} INFO - Started process (PID=8324) to work on /home/airflow/.local/lib/python3.7/site-packages/airflow/example_dags/example_bash_operator.py
[2023-04-02T10:51:52.672+0000] {processor.py:743} INFO - Processing file /home/airflow/.local/lib/python3.7/site-packages/airflow/example_dags/example_bash_operator.py for tasks to queue
[2023-04-02T10:51:52.676+0000] {logging_mixin.py:137} INFO - [2023-04-02T10:51:52.675+0000] {dagbag.py:532} INFO - Filling up the DagBag from /home/airflow/.local/lib/python3.7/site-packages/airflow/example_dags/example_bash_operator.py
[2023-04-02T10:51:52.722+0000] {processor.py:753} INFO - DAG(s) dict_keys(['example_bash_operator']) retrieved from /home/airflow/.local/lib/python3.7/site-packages/airflow/example_dags/example_bash_operator.py
[2023-04-02T10:51:52.787+0000] {logging_mixin.py:137} INFO - [2023-04-02T10:51:52.787+0000] {dag.py:2705} INFO - Sync 1 DAGs
[2023-04-02T10:51:52.825+0000] {logging_mixin.py:137} INFO - [2023-04-02T10:51:52.825+0000] {dag.py:3456} INFO - Setting next_dagrun for example_bash_operator to 2023-04-01T00:00:00+00:00, run_after=2023-04-02T00:00:00+00:00
[2023-04-02T10:51:52.852+0000] {processor.py:175} INFO - Processing /home/airflow/.local/lib/python3.7/site-packages/airflow/example_dags/example_bash_operator.py took 0.190 seconds
[2023-04-02T10:52:22.995+0000] {processor.py:153} INFO - Started process (PID=8542) to work on /home/airflow/.local/lib/python3.7/site-packages/airflow/example_dags/example_bash_operator.py
[2023-04-02T10:52:22.998+0000] {processor.py:743} INFO - Processing file /home/airflow/.local/lib/python3.7/site-packages/airflow/example_dags/example_bash_operator.py for tasks to queue
[2023-04-02T10:52:23.001+0000] {logging_mixin.py:137} INFO - [2023-04-02T10:52:23.001+0000] {dagbag.py:532} INFO - Filling up the DagBag from /home/airflow/.local/lib/python3.7/site-packages/airflow/example_dags/example_bash_operator.py
[2023-04-02T10:52:23.045+0000] {processor.py:753} INFO - DAG(s) dict_keys(['example_bash_operator']) retrieved from /home/airflow/.local/lib/python3.7/site-packages/airflow/example_dags/example_bash_operator.py
[2023-04-02T10:52:23.116+0000] {logging_mixin.py:137} INFO - [2023-04-02T10:52:23.116+0000] {dag.py:2705} INFO - Sync 1 DAGs
[2023-04-02T10:52:23.154+0000] {logging_mixin.py:137} INFO - [2023-04-02T10:52:23.154+0000] {dag.py:3456} INFO - Setting next_dagrun for example_bash_operator to 2023-04-01T00:00:00+00:00, run_after=2023-04-02T00:00:00+00:00
[2023-04-02T10:52:23.196+0000] {processor.py:175} INFO - Processing /home/airflow/.local/lib/python3.7/site-packages/airflow/example_dags/example_bash_operator.py took 0.208 seconds
[2023-04-02T10:52:53.592+0000] {processor.py:153} INFO - Started process (PID=8761) to work on /home/airflow/.local/lib/python3.7/site-packages/airflow/example_dags/example_bash_operator.py
[2023-04-02T10:52:53.594+0000] {processor.py:743} INFO - Processing file /home/airflow/.local/lib/python3.7/site-packages/airflow/example_dags/example_bash_operator.py for tasks to queue
[2023-04-02T10:52:53.597+0000] {logging_mixin.py:137} INFO - [2023-04-02T10:52:53.597+0000] {dagbag.py:532} INFO - Filling up the DagBag from /home/airflow/.local/lib/python3.7/site-packages/airflow/example_dags/example_bash_operator.py
[2023-04-02T10:52:53.644+0000] {processor.py:753} INFO - DAG(s) dict_keys(['example_bash_operator']) retrieved from /home/airflow/.local/lib/python3.7/site-packages/airflow/example_dags/example_bash_operator.py
[2023-04-02T10:52:53.728+0000] {logging_mixin.py:137} INFO - [2023-04-02T10:52:53.727+0000] {dag.py:2705} INFO - Sync 1 DAGs
[2023-04-02T10:52:53.814+0000] {logging_mixin.py:137} INFO - [2023-04-02T10:52:53.813+0000] {dag.py:3456} INFO - Setting next_dagrun for example_bash_operator to 2023-04-01T00:00:00+00:00, run_after=2023-04-02T00:00:00+00:00
[2023-04-02T10:52:53.849+0000] {processor.py:175} INFO - Processing /home/airflow/.local/lib/python3.7/site-packages/airflow/example_dags/example_bash_operator.py took 0.265 seconds
[2023-04-02T10:53:24.615+0000] {processor.py:153} INFO - Started process (PID=8979) to work on /home/airflow/.local/lib/python3.7/site-packages/airflow/example_dags/example_bash_operator.py
[2023-04-02T10:53:24.617+0000] {processor.py:743} INFO - Processing file /home/airflow/.local/lib/python3.7/site-packages/airflow/example_dags/example_bash_operator.py for tasks to queue
[2023-04-02T10:53:24.619+0000] {logging_mixin.py:137} INFO - [2023-04-02T10:53:24.619+0000] {dagbag.py:532} INFO - Filling up the DagBag from /home/airflow/.local/lib/python3.7/site-packages/airflow/example_dags/example_bash_operator.py
[2023-04-02T10:53:24.664+0000] {processor.py:753} INFO - DAG(s) dict_keys(['example_bash_operator']) retrieved from /home/airflow/.local/lib/python3.7/site-packages/airflow/example_dags/example_bash_operator.py
[2023-04-02T10:53:24.708+0000] {logging_mixin.py:137} INFO - [2023-04-02T10:53:24.708+0000] {dag.py:2705} INFO - Sync 1 DAGs
[2023-04-02T10:53:24.743+0000] {logging_mixin.py:137} INFO - [2023-04-02T10:53:24.743+0000] {dag.py:3456} INFO - Setting next_dagrun for example_bash_operator to 2023-04-01T00:00:00+00:00, run_after=2023-04-02T00:00:00+00:00
[2023-04-02T10:53:24.772+0000] {processor.py:175} INFO - Processing /home/airflow/.local/lib/python3.7/site-packages/airflow/example_dags/example_bash_operator.py took 0.163 seconds
[2023-04-02T10:53:55.111+0000] {processor.py:153} INFO - Started process (PID=9197) to work on /home/airflow/.local/lib/python3.7/site-packages/airflow/example_dags/example_bash_operator.py
[2023-04-02T10:53:55.112+0000] {processor.py:743} INFO - Processing file /home/airflow/.local/lib/python3.7/site-packages/airflow/example_dags/example_bash_operator.py for tasks to queue
[2023-04-02T10:53:55.115+0000] {logging_mixin.py:137} INFO - [2023-04-02T10:53:55.115+0000] {dagbag.py:532} INFO - Filling up the DagBag from /home/airflow/.local/lib/python3.7/site-packages/airflow/example_dags/example_bash_operator.py
[2023-04-02T10:53:55.153+0000] {processor.py:753} INFO - DAG(s) dict_keys(['example_bash_operator']) retrieved from /home/airflow/.local/lib/python3.7/site-packages/airflow/example_dags/example_bash_operator.py
[2023-04-02T10:53:55.199+0000] {logging_mixin.py:137} INFO - [2023-04-02T10:53:55.199+0000] {dag.py:2705} INFO - Sync 1 DAGs
[2023-04-02T10:53:55.235+0000] {logging_mixin.py:137} INFO - [2023-04-02T10:53:55.235+0000] {dag.py:3456} INFO - Setting next_dagrun for example_bash_operator to 2023-04-01T00:00:00+00:00, run_after=2023-04-02T00:00:00+00:00
[2023-04-02T10:53:55.260+0000] {processor.py:175} INFO - Processing /home/airflow/.local/lib/python3.7/site-packages/airflow/example_dags/example_bash_operator.py took 0.155 seconds
[2023-04-02T10:54:26.063+0000] {processor.py:153} INFO - Started process (PID=9415) to work on /home/airflow/.local/lib/python3.7/site-packages/airflow/example_dags/example_bash_operator.py
[2023-04-02T10:54:26.065+0000] {processor.py:743} INFO - Processing file /home/airflow/.local/lib/python3.7/site-packages/airflow/example_dags/example_bash_operator.py for tasks to queue
[2023-04-02T10:54:26.071+0000] {logging_mixin.py:137} INFO - [2023-04-02T10:54:26.071+0000] {dagbag.py:532} INFO - Filling up the DagBag from /home/airflow/.local/lib/python3.7/site-packages/airflow/example_dags/example_bash_operator.py
[2023-04-02T10:54:26.104+0000] {processor.py:753} INFO - DAG(s) dict_keys(['example_bash_operator']) retrieved from /home/airflow/.local/lib/python3.7/site-packages/airflow/example_dags/example_bash_operator.py
[2023-04-02T10:54:26.163+0000] {logging_mixin.py:137} INFO - [2023-04-02T10:54:26.163+0000] {dag.py:2705} INFO - Sync 1 DAGs
[2023-04-02T10:54:26.219+0000] {logging_mixin.py:137} INFO - [2023-04-02T10:54:26.219+0000] {dag.py:3456} INFO - Setting next_dagrun for example_bash_operator to 2023-04-01T00:00:00+00:00, run_after=2023-04-02T00:00:00+00:00
[2023-04-02T10:54:26.252+0000] {processor.py:175} INFO - Processing /home/airflow/.local/lib/python3.7/site-packages/airflow/example_dags/example_bash_operator.py took 0.197 seconds
[2023-04-02T10:54:56.591+0000] {processor.py:153} INFO - Started process (PID=9633) to work on /home/airflow/.local/lib/python3.7/site-packages/airflow/example_dags/example_bash_operator.py
[2023-04-02T10:54:56.593+0000] {processor.py:743} INFO - Processing file /home/airflow/.local/lib/python3.7/site-packages/airflow/example_dags/example_bash_operator.py for tasks to queue
[2023-04-02T10:54:56.596+0000] {logging_mixin.py:137} INFO - [2023-04-02T10:54:56.596+0000] {dagbag.py:532} INFO - Filling up the DagBag from /home/airflow/.local/lib/python3.7/site-packages/airflow/example_dags/example_bash_operator.py
[2023-04-02T10:54:56.643+0000] {processor.py:753} INFO - DAG(s) dict_keys(['example_bash_operator']) retrieved from /home/airflow/.local/lib/python3.7/site-packages/airflow/example_dags/example_bash_operator.py
[2023-04-02T10:54:56.708+0000] {logging_mixin.py:137} INFO - [2023-04-02T10:54:56.708+0000] {dag.py:2705} INFO - Sync 1 DAGs
[2023-04-02T10:54:56.749+0000] {logging_mixin.py:137} INFO - [2023-04-02T10:54:56.748+0000] {dag.py:3456} INFO - Setting next_dagrun for example_bash_operator to 2023-04-01T00:00:00+00:00, run_after=2023-04-02T00:00:00+00:00
[2023-04-02T10:54:56.815+0000] {processor.py:175} INFO - Processing /home/airflow/.local/lib/python3.7/site-packages/airflow/example_dags/example_bash_operator.py took 0.230 seconds
[2023-04-02T10:55:27.854+0000] {processor.py:153} INFO - Started process (PID=9851) to work on /home/airflow/.local/lib/python3.7/site-packages/airflow/example_dags/example_bash_operator.py
[2023-04-02T10:55:27.861+0000] {processor.py:743} INFO - Processing file /home/airflow/.local/lib/python3.7/site-packages/airflow/example_dags/example_bash_operator.py for tasks to queue
[2023-04-02T10:55:27.865+0000] {logging_mixin.py:137} INFO - [2023-04-02T10:55:27.865+0000] {dagbag.py:532} INFO - Filling up the DagBag from /home/airflow/.local/lib/python3.7/site-packages/airflow/example_dags/example_bash_operator.py
[2023-04-02T10:55:27.933+0000] {processor.py:753} INFO - DAG(s) dict_keys(['example_bash_operator']) retrieved from /home/airflow/.local/lib/python3.7/site-packages/airflow/example_dags/example_bash_operator.py
[2023-04-02T10:55:28.100+0000] {logging_mixin.py:137} INFO - [2023-04-02T10:55:28.100+0000] {dag.py:2705} INFO - Sync 1 DAGs
[2023-04-02T10:55:28.198+0000] {logging_mixin.py:137} INFO - [2023-04-02T10:55:28.198+0000] {dag.py:3456} INFO - Setting next_dagrun for example_bash_operator to 2023-04-01T00:00:00+00:00, run_after=2023-04-02T00:00:00+00:00
[2023-04-02T10:55:28.254+0000] {processor.py:175} INFO - Processing /home/airflow/.local/lib/python3.7/site-packages/airflow/example_dags/example_bash_operator.py took 0.412 seconds
[2023-04-02T10:55:58.389+0000] {processor.py:153} INFO - Started process (PID=10071) to work on /home/airflow/.local/lib/python3.7/site-packages/airflow/example_dags/example_bash_operator.py
[2023-04-02T10:55:58.391+0000] {processor.py:743} INFO - Processing file /home/airflow/.local/lib/python3.7/site-packages/airflow/example_dags/example_bash_operator.py for tasks to queue
[2023-04-02T10:55:58.396+0000] {logging_mixin.py:137} INFO - [2023-04-02T10:55:58.395+0000] {dagbag.py:532} INFO - Filling up the DagBag from /home/airflow/.local/lib/python3.7/site-packages/airflow/example_dags/example_bash_operator.py
[2023-04-02T10:55:58.474+0000] {processor.py:753} INFO - DAG(s) dict_keys(['example_bash_operator']) retrieved from /home/airflow/.local/lib/python3.7/site-packages/airflow/example_dags/example_bash_operator.py
[2023-04-02T10:55:58.576+0000] {logging_mixin.py:137} INFO - [2023-04-02T10:55:58.575+0000] {dag.py:2705} INFO - Sync 1 DAGs
[2023-04-02T10:55:58.644+0000] {logging_mixin.py:137} INFO - [2023-04-02T10:55:58.644+0000] {dag.py:3456} INFO - Setting next_dagrun for example_bash_operator to 2023-04-01T00:00:00+00:00, run_after=2023-04-02T00:00:00+00:00
[2023-04-02T10:55:58.697+0000] {processor.py:175} INFO - Processing /home/airflow/.local/lib/python3.7/site-packages/airflow/example_dags/example_bash_operator.py took 0.318 seconds
[2023-04-02T10:56:29.336+0000] {processor.py:153} INFO - Started process (PID=10288) to work on /home/airflow/.local/lib/python3.7/site-packages/airflow/example_dags/example_bash_operator.py
[2023-04-02T10:56:29.347+0000] {processor.py:743} INFO - Processing file /home/airflow/.local/lib/python3.7/site-packages/airflow/example_dags/example_bash_operator.py for tasks to queue
[2023-04-02T10:56:29.354+0000] {logging_mixin.py:137} INFO - [2023-04-02T10:56:29.354+0000] {dagbag.py:532} INFO - Filling up the DagBag from /home/airflow/.local/lib/python3.7/site-packages/airflow/example_dags/example_bash_operator.py
[2023-04-02T10:56:29.426+0000] {processor.py:753} INFO - DAG(s) dict_keys(['example_bash_operator']) retrieved from /home/airflow/.local/lib/python3.7/site-packages/airflow/example_dags/example_bash_operator.py
[2023-04-02T10:56:29.548+0000] {logging_mixin.py:137} INFO - [2023-04-02T10:56:29.548+0000] {dag.py:2705} INFO - Sync 1 DAGs
[2023-04-02T10:56:29.623+0000] {logging_mixin.py:137} INFO - [2023-04-02T10:56:29.623+0000] {dag.py:3456} INFO - Setting next_dagrun for example_bash_operator to 2023-04-01T00:00:00+00:00, run_after=2023-04-02T00:00:00+00:00
[2023-04-02T10:56:29.684+0000] {processor.py:175} INFO - Processing /home/airflow/.local/lib/python3.7/site-packages/airflow/example_dags/example_bash_operator.py took 0.356 seconds
[2023-04-02T10:57:00.632+0000] {processor.py:153} INFO - Started process (PID=10505) to work on /home/airflow/.local/lib/python3.7/site-packages/airflow/example_dags/example_bash_operator.py
[2023-04-02T10:57:00.634+0000] {processor.py:743} INFO - Processing file /home/airflow/.local/lib/python3.7/site-packages/airflow/example_dags/example_bash_operator.py for tasks to queue
[2023-04-02T10:57:00.638+0000] {logging_mixin.py:137} INFO - [2023-04-02T10:57:00.638+0000] {dagbag.py:532} INFO - Filling up the DagBag from /home/airflow/.local/lib/python3.7/site-packages/airflow/example_dags/example_bash_operator.py
[2023-04-02T10:57:00.671+0000] {processor.py:753} INFO - DAG(s) dict_keys(['example_bash_operator']) retrieved from /home/airflow/.local/lib/python3.7/site-packages/airflow/example_dags/example_bash_operator.py
[2023-04-02T10:57:00.732+0000] {logging_mixin.py:137} INFO - [2023-04-02T10:57:00.732+0000] {dag.py:2705} INFO - Sync 1 DAGs
[2023-04-02T10:57:00.776+0000] {logging_mixin.py:137} INFO - [2023-04-02T10:57:00.776+0000] {dag.py:3456} INFO - Setting next_dagrun for example_bash_operator to 2023-04-01T00:00:00+00:00, run_after=2023-04-02T00:00:00+00:00
[2023-04-02T10:57:00.820+0000] {processor.py:175} INFO - Processing /home/airflow/.local/lib/python3.7/site-packages/airflow/example_dags/example_bash_operator.py took 0.194 seconds
[2023-04-02T10:57:31.696+0000] {processor.py:153} INFO - Started process (PID=10723) to work on /home/airflow/.local/lib/python3.7/site-packages/airflow/example_dags/example_bash_operator.py
[2023-04-02T10:57:31.706+0000] {processor.py:743} INFO - Processing file /home/airflow/.local/lib/python3.7/site-packages/airflow/example_dags/example_bash_operator.py for tasks to queue
[2023-04-02T10:57:31.710+0000] {logging_mixin.py:137} INFO - [2023-04-02T10:57:31.709+0000] {dagbag.py:532} INFO - Filling up the DagBag from /home/airflow/.local/lib/python3.7/site-packages/airflow/example_dags/example_bash_operator.py
[2023-04-02T10:57:31.781+0000] {processor.py:753} INFO - DAG(s) dict_keys(['example_bash_operator']) retrieved from /home/airflow/.local/lib/python3.7/site-packages/airflow/example_dags/example_bash_operator.py
[2023-04-02T10:57:31.960+0000] {logging_mixin.py:137} INFO - [2023-04-02T10:57:31.960+0000] {dag.py:2705} INFO - Sync 1 DAGs
[2023-04-02T10:57:32.016+0000] {logging_mixin.py:137} INFO - [2023-04-02T10:57:32.016+0000] {dag.py:3456} INFO - Setting next_dagrun for example_bash_operator to 2023-04-01T00:00:00+00:00, run_after=2023-04-02T00:00:00+00:00
[2023-04-02T10:57:32.055+0000] {processor.py:175} INFO - Processing /home/airflow/.local/lib/python3.7/site-packages/airflow/example_dags/example_bash_operator.py took 0.367 seconds
[2023-04-02T10:58:02.234+0000] {processor.py:153} INFO - Started process (PID=10939) to work on /home/airflow/.local/lib/python3.7/site-packages/airflow/example_dags/example_bash_operator.py
[2023-04-02T10:58:02.239+0000] {processor.py:743} INFO - Processing file /home/airflow/.local/lib/python3.7/site-packages/airflow/example_dags/example_bash_operator.py for tasks to queue
[2023-04-02T10:58:02.255+0000] {logging_mixin.py:137} INFO - [2023-04-02T10:58:02.255+0000] {dagbag.py:532} INFO - Filling up the DagBag from /home/airflow/.local/lib/python3.7/site-packages/airflow/example_dags/example_bash_operator.py
[2023-04-02T10:58:02.328+0000] {processor.py:753} INFO - DAG(s) dict_keys(['example_bash_operator']) retrieved from /home/airflow/.local/lib/python3.7/site-packages/airflow/example_dags/example_bash_operator.py
[2023-04-02T10:58:02.375+0000] {logging_mixin.py:137} INFO - [2023-04-02T10:58:02.375+0000] {dag.py:2705} INFO - Sync 1 DAGs
[2023-04-02T10:58:02.421+0000] {logging_mixin.py:137} INFO - [2023-04-02T10:58:02.421+0000] {dag.py:3456} INFO - Setting next_dagrun for example_bash_operator to 2023-04-01T00:00:00+00:00, run_after=2023-04-02T00:00:00+00:00
[2023-04-02T10:58:02.456+0000] {processor.py:175} INFO - Processing /home/airflow/.local/lib/python3.7/site-packages/airflow/example_dags/example_bash_operator.py took 0.232 seconds
[2023-04-02T10:58:32.611+0000] {processor.py:153} INFO - Started process (PID=11159) to work on /home/airflow/.local/lib/python3.7/site-packages/airflow/example_dags/example_bash_operator.py
[2023-04-02T10:58:32.614+0000] {processor.py:743} INFO - Processing file /home/airflow/.local/lib/python3.7/site-packages/airflow/example_dags/example_bash_operator.py for tasks to queue
[2023-04-02T10:58:32.617+0000] {logging_mixin.py:137} INFO - [2023-04-02T10:58:32.617+0000] {dagbag.py:532} INFO - Filling up the DagBag from /home/airflow/.local/lib/python3.7/site-packages/airflow/example_dags/example_bash_operator.py
[2023-04-02T10:58:32.671+0000] {processor.py:753} INFO - DAG(s) dict_keys(['example_bash_operator']) retrieved from /home/airflow/.local/lib/python3.7/site-packages/airflow/example_dags/example_bash_operator.py
[2023-04-02T10:58:32.751+0000] {logging_mixin.py:137} INFO - [2023-04-02T10:58:32.751+0000] {dag.py:2705} INFO - Sync 1 DAGs
[2023-04-02T10:58:32.808+0000] {logging_mixin.py:137} INFO - [2023-04-02T10:58:32.807+0000] {dag.py:3456} INFO - Setting next_dagrun for example_bash_operator to 2023-04-01T00:00:00+00:00, run_after=2023-04-02T00:00:00+00:00
[2023-04-02T10:58:32.841+0000] {processor.py:175} INFO - Processing /home/airflow/.local/lib/python3.7/site-packages/airflow/example_dags/example_bash_operator.py took 0.238 seconds
[2023-04-02T10:59:02.999+0000] {processor.py:153} INFO - Started process (PID=11377) to work on /home/airflow/.local/lib/python3.7/site-packages/airflow/example_dags/example_bash_operator.py
[2023-04-02T10:59:03.002+0000] {processor.py:743} INFO - Processing file /home/airflow/.local/lib/python3.7/site-packages/airflow/example_dags/example_bash_operator.py for tasks to queue
[2023-04-02T10:59:03.006+0000] {logging_mixin.py:137} INFO - [2023-04-02T10:59:03.005+0000] {dagbag.py:532} INFO - Filling up the DagBag from /home/airflow/.local/lib/python3.7/site-packages/airflow/example_dags/example_bash_operator.py
[2023-04-02T10:59:03.052+0000] {processor.py:753} INFO - DAG(s) dict_keys(['example_bash_operator']) retrieved from /home/airflow/.local/lib/python3.7/site-packages/airflow/example_dags/example_bash_operator.py
[2023-04-02T10:59:03.130+0000] {logging_mixin.py:137} INFO - [2023-04-02T10:59:03.130+0000] {dag.py:2705} INFO - Sync 1 DAGs
[2023-04-02T10:59:03.198+0000] {logging_mixin.py:137} INFO - [2023-04-02T10:59:03.198+0000] {dag.py:3456} INFO - Setting next_dagrun for example_bash_operator to 2023-04-01T00:00:00+00:00, run_after=2023-04-02T00:00:00+00:00
[2023-04-02T10:59:03.230+0000] {processor.py:175} INFO - Processing /home/airflow/.local/lib/python3.7/site-packages/airflow/example_dags/example_bash_operator.py took 0.240 seconds
[2023-04-02T10:59:33.937+0000] {processor.py:153} INFO - Started process (PID=11595) to work on /home/airflow/.local/lib/python3.7/site-packages/airflow/example_dags/example_bash_operator.py
[2023-04-02T10:59:33.952+0000] {processor.py:743} INFO - Processing file /home/airflow/.local/lib/python3.7/site-packages/airflow/example_dags/example_bash_operator.py for tasks to queue
[2023-04-02T10:59:33.961+0000] {logging_mixin.py:137} INFO - [2023-04-02T10:59:33.960+0000] {dagbag.py:532} INFO - Filling up the DagBag from /home/airflow/.local/lib/python3.7/site-packages/airflow/example_dags/example_bash_operator.py
[2023-04-02T10:59:34.066+0000] {processor.py:753} INFO - DAG(s) dict_keys(['example_bash_operator']) retrieved from /home/airflow/.local/lib/python3.7/site-packages/airflow/example_dags/example_bash_operator.py
[2023-04-02T10:59:34.177+0000] {logging_mixin.py:137} INFO - [2023-04-02T10:59:34.176+0000] {dag.py:2705} INFO - Sync 1 DAGs
[2023-04-02T10:59:34.244+0000] {logging_mixin.py:137} INFO - [2023-04-02T10:59:34.243+0000] {dag.py:3456} INFO - Setting next_dagrun for example_bash_operator to 2023-04-01T00:00:00+00:00, run_after=2023-04-02T00:00:00+00:00
[2023-04-02T10:59:34.302+0000] {processor.py:175} INFO - Processing /home/airflow/.local/lib/python3.7/site-packages/airflow/example_dags/example_bash_operator.py took 0.374 seconds
[2023-04-02T11:00:04.473+0000] {processor.py:153} INFO - Started process (PID=11813) to work on /home/airflow/.local/lib/python3.7/site-packages/airflow/example_dags/example_bash_operator.py
[2023-04-02T11:00:04.474+0000] {processor.py:743} INFO - Processing file /home/airflow/.local/lib/python3.7/site-packages/airflow/example_dags/example_bash_operator.py for tasks to queue
[2023-04-02T11:00:04.477+0000] {logging_mixin.py:137} INFO - [2023-04-02T11:00:04.477+0000] {dagbag.py:532} INFO - Filling up the DagBag from /home/airflow/.local/lib/python3.7/site-packages/airflow/example_dags/example_bash_operator.py
[2023-04-02T11:00:04.512+0000] {processor.py:753} INFO - DAG(s) dict_keys(['example_bash_operator']) retrieved from /home/airflow/.local/lib/python3.7/site-packages/airflow/example_dags/example_bash_operator.py
[2023-04-02T11:00:04.593+0000] {logging_mixin.py:137} INFO - [2023-04-02T11:00:04.593+0000] {dag.py:2705} INFO - Sync 1 DAGs
[2023-04-02T11:00:04.644+0000] {logging_mixin.py:137} INFO - [2023-04-02T11:00:04.644+0000] {dag.py:3456} INFO - Setting next_dagrun for example_bash_operator to 2023-04-01T00:00:00+00:00, run_after=2023-04-02T00:00:00+00:00
[2023-04-02T11:00:04.677+0000] {processor.py:175} INFO - Processing /home/airflow/.local/lib/python3.7/site-packages/airflow/example_dags/example_bash_operator.py took 0.212 seconds
[2023-04-02T11:00:35.059+0000] {processor.py:153} INFO - Started process (PID=12031) to work on /home/airflow/.local/lib/python3.7/site-packages/airflow/example_dags/example_bash_operator.py
[2023-04-02T11:00:35.062+0000] {processor.py:743} INFO - Processing file /home/airflow/.local/lib/python3.7/site-packages/airflow/example_dags/example_bash_operator.py for tasks to queue
[2023-04-02T11:00:35.064+0000] {logging_mixin.py:137} INFO - [2023-04-02T11:00:35.064+0000] {dagbag.py:532} INFO - Filling up the DagBag from /home/airflow/.local/lib/python3.7/site-packages/airflow/example_dags/example_bash_operator.py
[2023-04-02T11:00:35.114+0000] {processor.py:753} INFO - DAG(s) dict_keys(['example_bash_operator']) retrieved from /home/airflow/.local/lib/python3.7/site-packages/airflow/example_dags/example_bash_operator.py
[2023-04-02T11:00:35.175+0000] {logging_mixin.py:137} INFO - [2023-04-02T11:00:35.174+0000] {dag.py:2705} INFO - Sync 1 DAGs
[2023-04-02T11:00:35.243+0000] {logging_mixin.py:137} INFO - [2023-04-02T11:00:35.242+0000] {dag.py:3456} INFO - Setting next_dagrun for example_bash_operator to 2023-04-01T00:00:00+00:00, run_after=2023-04-02T00:00:00+00:00
[2023-04-02T11:00:35.276+0000] {processor.py:175} INFO - Processing /home/airflow/.local/lib/python3.7/site-packages/airflow/example_dags/example_bash_operator.py took 0.227 seconds
[2023-04-02T11:01:05.355+0000] {processor.py:153} INFO - Started process (PID=12249) to work on /home/airflow/.local/lib/python3.7/site-packages/airflow/example_dags/example_bash_operator.py
[2023-04-02T11:01:05.363+0000] {processor.py:743} INFO - Processing file /home/airflow/.local/lib/python3.7/site-packages/airflow/example_dags/example_bash_operator.py for tasks to queue
[2023-04-02T11:01:05.373+0000] {logging_mixin.py:137} INFO - [2023-04-02T11:01:05.371+0000] {dagbag.py:532} INFO - Filling up the DagBag from /home/airflow/.local/lib/python3.7/site-packages/airflow/example_dags/example_bash_operator.py
[2023-04-02T11:01:05.419+0000] {processor.py:753} INFO - DAG(s) dict_keys(['example_bash_operator']) retrieved from /home/airflow/.local/lib/python3.7/site-packages/airflow/example_dags/example_bash_operator.py
[2023-04-02T11:01:05.497+0000] {logging_mixin.py:137} INFO - [2023-04-02T11:01:05.497+0000] {dag.py:2705} INFO - Sync 1 DAGs
[2023-04-02T11:01:05.533+0000] {logging_mixin.py:137} INFO - [2023-04-02T11:01:05.533+0000] {dag.py:3456} INFO - Setting next_dagrun for example_bash_operator to 2023-04-01T00:00:00+00:00, run_after=2023-04-02T00:00:00+00:00
[2023-04-02T11:01:05.567+0000] {processor.py:175} INFO - Processing /home/airflow/.local/lib/python3.7/site-packages/airflow/example_dags/example_bash_operator.py took 0.220 seconds
[2023-04-02T11:01:35.815+0000] {processor.py:153} INFO - Started process (PID=12467) to work on /home/airflow/.local/lib/python3.7/site-packages/airflow/example_dags/example_bash_operator.py
[2023-04-02T11:01:35.818+0000] {processor.py:743} INFO - Processing file /home/airflow/.local/lib/python3.7/site-packages/airflow/example_dags/example_bash_operator.py for tasks to queue
[2023-04-02T11:01:35.823+0000] {logging_mixin.py:137} INFO - [2023-04-02T11:01:35.823+0000] {dagbag.py:532} INFO - Filling up the DagBag from /home/airflow/.local/lib/python3.7/site-packages/airflow/example_dags/example_bash_operator.py
[2023-04-02T11:01:35.885+0000] {processor.py:753} INFO - DAG(s) dict_keys(['example_bash_operator']) retrieved from /home/airflow/.local/lib/python3.7/site-packages/airflow/example_dags/example_bash_operator.py
[2023-04-02T11:01:35.972+0000] {logging_mixin.py:137} INFO - [2023-04-02T11:01:35.971+0000] {dag.py:2705} INFO - Sync 1 DAGs
[2023-04-02T11:01:36.042+0000] {logging_mixin.py:137} INFO - [2023-04-02T11:01:36.042+0000] {dag.py:3456} INFO - Setting next_dagrun for example_bash_operator to 2023-04-01T00:00:00+00:00, run_after=2023-04-02T00:00:00+00:00
[2023-04-02T11:01:36.088+0000] {processor.py:175} INFO - Processing /home/airflow/.local/lib/python3.7/site-packages/airflow/example_dags/example_bash_operator.py took 0.280 seconds
[2023-04-02T11:02:06.166+0000] {processor.py:153} INFO - Started process (PID=12685) to work on /home/airflow/.local/lib/python3.7/site-packages/airflow/example_dags/example_bash_operator.py
[2023-04-02T11:02:06.168+0000] {processor.py:743} INFO - Processing file /home/airflow/.local/lib/python3.7/site-packages/airflow/example_dags/example_bash_operator.py for tasks to queue
[2023-04-02T11:02:06.170+0000] {logging_mixin.py:137} INFO - [2023-04-02T11:02:06.170+0000] {dagbag.py:532} INFO - Filling up the DagBag from /home/airflow/.local/lib/python3.7/site-packages/airflow/example_dags/example_bash_operator.py
[2023-04-02T11:02:06.213+0000] {processor.py:753} INFO - DAG(s) dict_keys(['example_bash_operator']) retrieved from /home/airflow/.local/lib/python3.7/site-packages/airflow/example_dags/example_bash_operator.py
[2023-04-02T11:02:06.303+0000] {logging_mixin.py:137} INFO - [2023-04-02T11:02:06.303+0000] {dag.py:2705} INFO - Sync 1 DAGs
[2023-04-02T11:02:06.347+0000] {logging_mixin.py:137} INFO - [2023-04-02T11:02:06.347+0000] {dag.py:3456} INFO - Setting next_dagrun for example_bash_operator to 2023-04-01T00:00:00+00:00, run_after=2023-04-02T00:00:00+00:00
[2023-04-02T11:02:06.374+0000] {processor.py:175} INFO - Processing /home/airflow/.local/lib/python3.7/site-packages/airflow/example_dags/example_bash_operator.py took 0.216 seconds
[2023-04-02T11:02:37.354+0000] {processor.py:153} INFO - Started process (PID=12903) to work on /home/airflow/.local/lib/python3.7/site-packages/airflow/example_dags/example_bash_operator.py
[2023-04-02T11:02:37.356+0000] {processor.py:743} INFO - Processing file /home/airflow/.local/lib/python3.7/site-packages/airflow/example_dags/example_bash_operator.py for tasks to queue
[2023-04-02T11:02:37.360+0000] {logging_mixin.py:137} INFO - [2023-04-02T11:02:37.360+0000] {dagbag.py:532} INFO - Filling up the DagBag from /home/airflow/.local/lib/python3.7/site-packages/airflow/example_dags/example_bash_operator.py
[2023-04-02T11:02:37.416+0000] {processor.py:753} INFO - DAG(s) dict_keys(['example_bash_operator']) retrieved from /home/airflow/.local/lib/python3.7/site-packages/airflow/example_dags/example_bash_operator.py
[2023-04-02T11:02:37.481+0000] {logging_mixin.py:137} INFO - [2023-04-02T11:02:37.481+0000] {dag.py:2705} INFO - Sync 1 DAGs
[2023-04-02T11:02:37.535+0000] {logging_mixin.py:137} INFO - [2023-04-02T11:02:37.535+0000] {dag.py:3456} INFO - Setting next_dagrun for example_bash_operator to 2023-04-01T00:00:00+00:00, run_after=2023-04-02T00:00:00+00:00
[2023-04-02T11:02:37.576+0000] {processor.py:175} INFO - Processing /home/airflow/.local/lib/python3.7/site-packages/airflow/example_dags/example_bash_operator.py took 0.226 seconds
[2023-04-02T11:03:08.232+0000] {processor.py:153} INFO - Started process (PID=13121) to work on /home/airflow/.local/lib/python3.7/site-packages/airflow/example_dags/example_bash_operator.py
[2023-04-02T11:03:08.234+0000] {processor.py:743} INFO - Processing file /home/airflow/.local/lib/python3.7/site-packages/airflow/example_dags/example_bash_operator.py for tasks to queue
[2023-04-02T11:03:08.237+0000] {logging_mixin.py:137} INFO - [2023-04-02T11:03:08.237+0000] {dagbag.py:532} INFO - Filling up the DagBag from /home/airflow/.local/lib/python3.7/site-packages/airflow/example_dags/example_bash_operator.py
[2023-04-02T11:03:08.273+0000] {processor.py:753} INFO - DAG(s) dict_keys(['example_bash_operator']) retrieved from /home/airflow/.local/lib/python3.7/site-packages/airflow/example_dags/example_bash_operator.py
[2023-04-02T11:03:08.339+0000] {logging_mixin.py:137} INFO - [2023-04-02T11:03:08.339+0000] {dag.py:2705} INFO - Sync 1 DAGs
[2023-04-02T11:03:08.410+0000] {logging_mixin.py:137} INFO - [2023-04-02T11:03:08.410+0000] {dag.py:3456} INFO - Setting next_dagrun for example_bash_operator to 2023-04-01T00:00:00+00:00, run_after=2023-04-02T00:00:00+00:00
[2023-04-02T11:03:08.468+0000] {processor.py:175} INFO - Processing /home/airflow/.local/lib/python3.7/site-packages/airflow/example_dags/example_bash_operator.py took 0.242 seconds
[2023-04-02T11:03:38.908+0000] {processor.py:153} INFO - Started process (PID=13339) to work on /home/airflow/.local/lib/python3.7/site-packages/airflow/example_dags/example_bash_operator.py
[2023-04-02T11:03:38.912+0000] {processor.py:743} INFO - Processing file /home/airflow/.local/lib/python3.7/site-packages/airflow/example_dags/example_bash_operator.py for tasks to queue
[2023-04-02T11:03:38.914+0000] {logging_mixin.py:137} INFO - [2023-04-02T11:03:38.913+0000] {dagbag.py:532} INFO - Filling up the DagBag from /home/airflow/.local/lib/python3.7/site-packages/airflow/example_dags/example_bash_operator.py
[2023-04-02T11:03:38.956+0000] {processor.py:753} INFO - DAG(s) dict_keys(['example_bash_operator']) retrieved from /home/airflow/.local/lib/python3.7/site-packages/airflow/example_dags/example_bash_operator.py
[2023-04-02T11:03:39.031+0000] {logging_mixin.py:137} INFO - [2023-04-02T11:03:39.031+0000] {dag.py:2705} INFO - Sync 1 DAGs
[2023-04-02T11:03:39.101+0000] {logging_mixin.py:137} INFO - [2023-04-02T11:03:39.101+0000] {dag.py:3456} INFO - Setting next_dagrun for example_bash_operator to 2023-04-01T00:00:00+00:00, run_after=2023-04-02T00:00:00+00:00
[2023-04-02T11:03:39.166+0000] {processor.py:175} INFO - Processing /home/airflow/.local/lib/python3.7/site-packages/airflow/example_dags/example_bash_operator.py took 0.267 seconds
[2023-04-02T11:04:09.495+0000] {processor.py:153} INFO - Started process (PID=13557) to work on /home/airflow/.local/lib/python3.7/site-packages/airflow/example_dags/example_bash_operator.py
[2023-04-02T11:04:09.497+0000] {processor.py:743} INFO - Processing file /home/airflow/.local/lib/python3.7/site-packages/airflow/example_dags/example_bash_operator.py for tasks to queue
[2023-04-02T11:04:09.500+0000] {logging_mixin.py:137} INFO - [2023-04-02T11:04:09.500+0000] {dagbag.py:532} INFO - Filling up the DagBag from /home/airflow/.local/lib/python3.7/site-packages/airflow/example_dags/example_bash_operator.py
[2023-04-02T11:04:09.556+0000] {processor.py:753} INFO - DAG(s) dict_keys(['example_bash_operator']) retrieved from /home/airflow/.local/lib/python3.7/site-packages/airflow/example_dags/example_bash_operator.py
[2023-04-02T11:04:09.653+0000] {logging_mixin.py:137} INFO - [2023-04-02T11:04:09.652+0000] {dag.py:2705} INFO - Sync 1 DAGs
[2023-04-02T11:04:09.726+0000] {logging_mixin.py:137} INFO - [2023-04-02T11:04:09.726+0000] {dag.py:3456} INFO - Setting next_dagrun for example_bash_operator to 2023-04-01T00:00:00+00:00, run_after=2023-04-02T00:00:00+00:00
[2023-04-02T11:04:09.795+0000] {processor.py:175} INFO - Processing /home/airflow/.local/lib/python3.7/site-packages/airflow/example_dags/example_bash_operator.py took 0.310 seconds
[2023-04-02T11:04:40.070+0000] {processor.py:153} INFO - Started process (PID=13775) to work on /home/airflow/.local/lib/python3.7/site-packages/airflow/example_dags/example_bash_operator.py
[2023-04-02T11:04:40.076+0000] {processor.py:743} INFO - Processing file /home/airflow/.local/lib/python3.7/site-packages/airflow/example_dags/example_bash_operator.py for tasks to queue
[2023-04-02T11:04:40.079+0000] {logging_mixin.py:137} INFO - [2023-04-02T11:04:40.079+0000] {dagbag.py:532} INFO - Filling up the DagBag from /home/airflow/.local/lib/python3.7/site-packages/airflow/example_dags/example_bash_operator.py
[2023-04-02T11:04:40.132+0000] {processor.py:753} INFO - DAG(s) dict_keys(['example_bash_operator']) retrieved from /home/airflow/.local/lib/python3.7/site-packages/airflow/example_dags/example_bash_operator.py
[2023-04-02T11:04:40.231+0000] {logging_mixin.py:137} INFO - [2023-04-02T11:04:40.231+0000] {dag.py:2705} INFO - Sync 1 DAGs
[2023-04-02T11:04:40.296+0000] {logging_mixin.py:137} INFO - [2023-04-02T11:04:40.296+0000] {dag.py:3456} INFO - Setting next_dagrun for example_bash_operator to 2023-04-01T00:00:00+00:00, run_after=2023-04-02T00:00:00+00:00
[2023-04-02T11:04:40.342+0000] {processor.py:175} INFO - Processing /home/airflow/.local/lib/python3.7/site-packages/airflow/example_dags/example_bash_operator.py took 0.280 seconds
[2023-04-02T11:05:10.909+0000] {processor.py:153} INFO - Started process (PID=13993) to work on /home/airflow/.local/lib/python3.7/site-packages/airflow/example_dags/example_bash_operator.py
[2023-04-02T11:05:10.911+0000] {processor.py:743} INFO - Processing file /home/airflow/.local/lib/python3.7/site-packages/airflow/example_dags/example_bash_operator.py for tasks to queue
[2023-04-02T11:05:10.914+0000] {logging_mixin.py:137} INFO - [2023-04-02T11:05:10.914+0000] {dagbag.py:532} INFO - Filling up the DagBag from /home/airflow/.local/lib/python3.7/site-packages/airflow/example_dags/example_bash_operator.py
[2023-04-02T11:05:10.988+0000] {processor.py:753} INFO - DAG(s) dict_keys(['example_bash_operator']) retrieved from /home/airflow/.local/lib/python3.7/site-packages/airflow/example_dags/example_bash_operator.py
[2023-04-02T11:05:11.106+0000] {logging_mixin.py:137} INFO - [2023-04-02T11:05:11.106+0000] {dag.py:2705} INFO - Sync 1 DAGs
[2023-04-02T11:05:11.159+0000] {logging_mixin.py:137} INFO - [2023-04-02T11:05:11.159+0000] {dag.py:3456} INFO - Setting next_dagrun for example_bash_operator to 2023-04-01T00:00:00+00:00, run_after=2023-04-02T00:00:00+00:00
[2023-04-02T11:05:11.198+0000] {processor.py:175} INFO - Processing /home/airflow/.local/lib/python3.7/site-packages/airflow/example_dags/example_bash_operator.py took 0.300 seconds
[2023-04-02T11:05:41.595+0000] {processor.py:153} INFO - Started process (PID=14211) to work on /home/airflow/.local/lib/python3.7/site-packages/airflow/example_dags/example_bash_operator.py
[2023-04-02T11:05:41.598+0000] {processor.py:743} INFO - Processing file /home/airflow/.local/lib/python3.7/site-packages/airflow/example_dags/example_bash_operator.py for tasks to queue
[2023-04-02T11:05:41.605+0000] {logging_mixin.py:137} INFO - [2023-04-02T11:05:41.604+0000] {dagbag.py:532} INFO - Filling up the DagBag from /home/airflow/.local/lib/python3.7/site-packages/airflow/example_dags/example_bash_operator.py
[2023-04-02T11:05:41.677+0000] {processor.py:753} INFO - DAG(s) dict_keys(['example_bash_operator']) retrieved from /home/airflow/.local/lib/python3.7/site-packages/airflow/example_dags/example_bash_operator.py
[2023-04-02T11:05:41.776+0000] {logging_mixin.py:137} INFO - [2023-04-02T11:05:41.776+0000] {dag.py:2705} INFO - Sync 1 DAGs
[2023-04-02T11:05:41.844+0000] {logging_mixin.py:137} INFO - [2023-04-02T11:05:41.844+0000] {dag.py:3456} INFO - Setting next_dagrun for example_bash_operator to 2023-04-01T00:00:00+00:00, run_after=2023-04-02T00:00:00+00:00
[2023-04-02T11:05:41.891+0000] {processor.py:175} INFO - Processing /home/airflow/.local/lib/python3.7/site-packages/airflow/example_dags/example_bash_operator.py took 0.301 seconds
[2023-04-02T11:06:12.378+0000] {processor.py:153} INFO - Started process (PID=14429) to work on /home/airflow/.local/lib/python3.7/site-packages/airflow/example_dags/example_bash_operator.py
[2023-04-02T11:06:12.384+0000] {processor.py:743} INFO - Processing file /home/airflow/.local/lib/python3.7/site-packages/airflow/example_dags/example_bash_operator.py for tasks to queue
[2023-04-02T11:06:12.394+0000] {logging_mixin.py:137} INFO - [2023-04-02T11:06:12.393+0000] {dagbag.py:532} INFO - Filling up the DagBag from /home/airflow/.local/lib/python3.7/site-packages/airflow/example_dags/example_bash_operator.py
[2023-04-02T11:06:12.462+0000] {processor.py:753} INFO - DAG(s) dict_keys(['example_bash_operator']) retrieved from /home/airflow/.local/lib/python3.7/site-packages/airflow/example_dags/example_bash_operator.py
[2023-04-02T11:06:12.609+0000] {logging_mixin.py:137} INFO - [2023-04-02T11:06:12.609+0000] {dag.py:2705} INFO - Sync 1 DAGs
[2023-04-02T11:06:12.662+0000] {logging_mixin.py:137} INFO - [2023-04-02T11:06:12.661+0000] {dag.py:3456} INFO - Setting next_dagrun for example_bash_operator to 2023-04-01T00:00:00+00:00, run_after=2023-04-02T00:00:00+00:00
[2023-04-02T11:06:12.716+0000] {processor.py:175} INFO - Processing /home/airflow/.local/lib/python3.7/site-packages/airflow/example_dags/example_bash_operator.py took 0.343 seconds
[2023-04-02T11:06:42.930+0000] {processor.py:153} INFO - Started process (PID=14656) to work on /home/airflow/.local/lib/python3.7/site-packages/airflow/example_dags/example_bash_operator.py
[2023-04-02T11:06:42.931+0000] {processor.py:743} INFO - Processing file /home/airflow/.local/lib/python3.7/site-packages/airflow/example_dags/example_bash_operator.py for tasks to queue
[2023-04-02T11:06:42.933+0000] {logging_mixin.py:137} INFO - [2023-04-02T11:06:42.932+0000] {dagbag.py:532} INFO - Filling up the DagBag from /home/airflow/.local/lib/python3.7/site-packages/airflow/example_dags/example_bash_operator.py
[2023-04-02T11:06:42.977+0000] {processor.py:753} INFO - DAG(s) dict_keys(['example_bash_operator']) retrieved from /home/airflow/.local/lib/python3.7/site-packages/airflow/example_dags/example_bash_operator.py
[2023-04-02T11:06:43.041+0000] {logging_mixin.py:137} INFO - [2023-04-02T11:06:43.041+0000] {dag.py:2705} INFO - Sync 1 DAGs
[2023-04-02T11:06:43.083+0000] {logging_mixin.py:137} INFO - [2023-04-02T11:06:43.083+0000] {dag.py:3456} INFO - Setting next_dagrun for example_bash_operator to 2023-04-01T00:00:00+00:00, run_after=2023-04-02T00:00:00+00:00
[2023-04-02T11:06:43.119+0000] {processor.py:175} INFO - Processing /home/airflow/.local/lib/python3.7/site-packages/airflow/example_dags/example_bash_operator.py took 0.194 seconds
