[2023-04-02T10:32:47.321+0000] {processor.py:153} INFO - Started process (PID=273) to work on /home/airflow/.local/lib/python3.7/site-packages/airflow/example_dags/example_xcomargs.py
[2023-04-02T10:32:47.326+0000] {processor.py:743} INFO - Processing file /home/airflow/.local/lib/python3.7/site-packages/airflow/example_dags/example_xcomargs.py for tasks to queue
[2023-04-02T10:32:47.329+0000] {logging_mixin.py:137} INFO - [2023-04-02T10:32:47.328+0000] {dagbag.py:532} INFO - Filling up the DagBag from /home/airflow/.local/lib/python3.7/site-packages/airflow/example_dags/example_xcomargs.py
[2023-04-02T10:32:47.364+0000] {processor.py:753} INFO - DAG(s) dict_keys(['example_xcom_args', 'example_xcom_args_with_operators']) retrieved from /home/airflow/.local/lib/python3.7/site-packages/airflow/example_dags/example_xcomargs.py
[2023-04-02T10:32:47.394+0000] {logging_mixin.py:137} INFO - [2023-04-02T10:32:47.394+0000] {dag.py:2705} INFO - Sync 2 DAGs
[2023-04-02T10:32:47.450+0000] {logging_mixin.py:137} INFO - [2023-04-02T10:32:47.450+0000] {dag.py:3456} INFO - Setting next_dagrun for example_xcom_args to None, run_after=None
[2023-04-02T10:32:47.459+0000] {logging_mixin.py:137} INFO - [2023-04-02T10:32:47.459+0000] {dag.py:3456} INFO - Setting next_dagrun for example_xcom_args_with_operators to None, run_after=None
[2023-04-02T10:32:47.488+0000] {processor.py:175} INFO - Processing /home/airflow/.local/lib/python3.7/site-packages/airflow/example_dags/example_xcomargs.py took 0.174 seconds
[2023-04-02T10:33:21.650+0000] {processor.py:153} INFO - Started process (PID=490) to work on /home/airflow/.local/lib/python3.7/site-packages/airflow/example_dags/example_xcomargs.py
[2023-04-02T10:33:21.656+0000] {processor.py:743} INFO - Processing file /home/airflow/.local/lib/python3.7/site-packages/airflow/example_dags/example_xcomargs.py for tasks to queue
[2023-04-02T10:33:21.663+0000] {logging_mixin.py:137} INFO - [2023-04-02T10:33:21.662+0000] {dagbag.py:532} INFO - Filling up the DagBag from /home/airflow/.local/lib/python3.7/site-packages/airflow/example_dags/example_xcomargs.py
[2023-04-02T10:33:21.726+0000] {processor.py:753} INFO - DAG(s) dict_keys(['example_xcom_args_with_operators', 'example_xcom_args']) retrieved from /home/airflow/.local/lib/python3.7/site-packages/airflow/example_dags/example_xcomargs.py
[2023-04-02T10:33:21.778+0000] {logging_mixin.py:137} INFO - [2023-04-02T10:33:21.778+0000] {dag.py:2705} INFO - Sync 2 DAGs
[2023-04-02T10:33:21.965+0000] {logging_mixin.py:137} INFO - [2023-04-02T10:33:21.965+0000] {dag.py:3456} INFO - Setting next_dagrun for example_xcom_args to None, run_after=None
[2023-04-02T10:33:21.981+0000] {logging_mixin.py:137} INFO - [2023-04-02T10:33:21.980+0000] {dag.py:3456} INFO - Setting next_dagrun for example_xcom_args_with_operators to None, run_after=None
[2023-04-02T10:33:22.041+0000] {processor.py:175} INFO - Processing /home/airflow/.local/lib/python3.7/site-packages/airflow/example_dags/example_xcomargs.py took 0.413 seconds
[2023-04-02T10:33:54.433+0000] {processor.py:153} INFO - Started process (PID=710) to work on /home/airflow/.local/lib/python3.7/site-packages/airflow/example_dags/example_xcomargs.py
[2023-04-02T10:33:54.435+0000] {processor.py:743} INFO - Processing file /home/airflow/.local/lib/python3.7/site-packages/airflow/example_dags/example_xcomargs.py for tasks to queue
[2023-04-02T10:33:54.442+0000] {logging_mixin.py:137} INFO - [2023-04-02T10:33:54.440+0000] {dagbag.py:532} INFO - Filling up the DagBag from /home/airflow/.local/lib/python3.7/site-packages/airflow/example_dags/example_xcomargs.py
[2023-04-02T10:33:54.537+0000] {processor.py:753} INFO - DAG(s) dict_keys(['example_xcom_args_with_operators', 'example_xcom_args']) retrieved from /home/airflow/.local/lib/python3.7/site-packages/airflow/example_dags/example_xcomargs.py
[2023-04-02T10:33:54.711+0000] {logging_mixin.py:137} INFO - [2023-04-02T10:33:54.711+0000] {dag.py:2705} INFO - Sync 2 DAGs
[2023-04-02T10:33:54.832+0000] {logging_mixin.py:137} INFO - [2023-04-02T10:33:54.831+0000] {dag.py:3456} INFO - Setting next_dagrun for example_xcom_args to None, run_after=None
[2023-04-02T10:33:54.847+0000] {logging_mixin.py:137} INFO - [2023-04-02T10:33:54.847+0000] {dag.py:3456} INFO - Setting next_dagrun for example_xcom_args_with_operators to None, run_after=None
[2023-04-02T10:33:54.899+0000] {processor.py:175} INFO - Processing /home/airflow/.local/lib/python3.7/site-packages/airflow/example_dags/example_xcomargs.py took 0.486 seconds
[2023-04-02T10:34:25.564+0000] {processor.py:153} INFO - Started process (PID=928) to work on /home/airflow/.local/lib/python3.7/site-packages/airflow/example_dags/example_xcomargs.py
[2023-04-02T10:34:25.568+0000] {processor.py:743} INFO - Processing file /home/airflow/.local/lib/python3.7/site-packages/airflow/example_dags/example_xcomargs.py for tasks to queue
[2023-04-02T10:34:25.571+0000] {logging_mixin.py:137} INFO - [2023-04-02T10:34:25.571+0000] {dagbag.py:532} INFO - Filling up the DagBag from /home/airflow/.local/lib/python3.7/site-packages/airflow/example_dags/example_xcomargs.py
[2023-04-02T10:34:25.654+0000] {processor.py:753} INFO - DAG(s) dict_keys(['example_xcom_args', 'example_xcom_args_with_operators']) retrieved from /home/airflow/.local/lib/python3.7/site-packages/airflow/example_dags/example_xcomargs.py
[2023-04-02T10:34:25.764+0000] {logging_mixin.py:137} INFO - [2023-04-02T10:34:25.763+0000] {dag.py:2705} INFO - Sync 2 DAGs
[2023-04-02T10:34:25.890+0000] {logging_mixin.py:137} INFO - [2023-04-02T10:34:25.889+0000] {dag.py:3456} INFO - Setting next_dagrun for example_xcom_args to None, run_after=None
[2023-04-02T10:34:25.898+0000] {logging_mixin.py:137} INFO - [2023-04-02T10:34:25.898+0000] {dag.py:3456} INFO - Setting next_dagrun for example_xcom_args_with_operators to None, run_after=None
[2023-04-02T10:34:25.933+0000] {processor.py:175} INFO - Processing /home/airflow/.local/lib/python3.7/site-packages/airflow/example_dags/example_xcomargs.py took 0.377 seconds
[2023-04-02T10:34:56.541+0000] {processor.py:153} INFO - Started process (PID=1147) to work on /home/airflow/.local/lib/python3.7/site-packages/airflow/example_dags/example_xcomargs.py
[2023-04-02T10:34:56.545+0000] {processor.py:743} INFO - Processing file /home/airflow/.local/lib/python3.7/site-packages/airflow/example_dags/example_xcomargs.py for tasks to queue
[2023-04-02T10:34:56.548+0000] {logging_mixin.py:137} INFO - [2023-04-02T10:34:56.546+0000] {dagbag.py:532} INFO - Filling up the DagBag from /home/airflow/.local/lib/python3.7/site-packages/airflow/example_dags/example_xcomargs.py
[2023-04-02T10:34:56.661+0000] {processor.py:753} INFO - DAG(s) dict_keys(['example_xcom_args_with_operators', 'example_xcom_args']) retrieved from /home/airflow/.local/lib/python3.7/site-packages/airflow/example_dags/example_xcomargs.py
[2023-04-02T10:34:56.757+0000] {logging_mixin.py:137} INFO - [2023-04-02T10:34:56.756+0000] {dag.py:2705} INFO - Sync 2 DAGs
[2023-04-02T10:34:56.860+0000] {logging_mixin.py:137} INFO - [2023-04-02T10:34:56.860+0000] {dag.py:3456} INFO - Setting next_dagrun for example_xcom_args to None, run_after=None
[2023-04-02T10:34:56.904+0000] {logging_mixin.py:137} INFO - [2023-04-02T10:34:56.897+0000] {dag.py:3456} INFO - Setting next_dagrun for example_xcom_args_with_operators to None, run_after=None
[2023-04-02T10:34:57.066+0000] {processor.py:175} INFO - Processing /home/airflow/.local/lib/python3.7/site-packages/airflow/example_dags/example_xcomargs.py took 0.551 seconds
[2023-04-02T10:35:27.786+0000] {processor.py:153} INFO - Started process (PID=1365) to work on /home/airflow/.local/lib/python3.7/site-packages/airflow/example_dags/example_xcomargs.py
[2023-04-02T10:35:27.788+0000] {processor.py:743} INFO - Processing file /home/airflow/.local/lib/python3.7/site-packages/airflow/example_dags/example_xcomargs.py for tasks to queue
[2023-04-02T10:35:27.791+0000] {logging_mixin.py:137} INFO - [2023-04-02T10:35:27.790+0000] {dagbag.py:532} INFO - Filling up the DagBag from /home/airflow/.local/lib/python3.7/site-packages/airflow/example_dags/example_xcomargs.py
[2023-04-02T10:35:27.876+0000] {processor.py:753} INFO - DAG(s) dict_keys(['example_xcom_args', 'example_xcom_args_with_operators']) retrieved from /home/airflow/.local/lib/python3.7/site-packages/airflow/example_dags/example_xcomargs.py
[2023-04-02T10:35:28.045+0000] {logging_mixin.py:137} INFO - [2023-04-02T10:35:28.044+0000] {dag.py:2705} INFO - Sync 2 DAGs
[2023-04-02T10:35:28.161+0000] {logging_mixin.py:137} INFO - [2023-04-02T10:35:28.161+0000] {dag.py:3456} INFO - Setting next_dagrun for example_xcom_args to None, run_after=None
[2023-04-02T10:35:28.176+0000] {logging_mixin.py:137} INFO - [2023-04-02T10:35:28.176+0000] {dag.py:3456} INFO - Setting next_dagrun for example_xcom_args_with_operators to None, run_after=None
[2023-04-02T10:35:28.225+0000] {processor.py:175} INFO - Processing /home/airflow/.local/lib/python3.7/site-packages/airflow/example_dags/example_xcomargs.py took 0.444 seconds
[2023-04-02T10:35:58.473+0000] {processor.py:153} INFO - Started process (PID=1585) to work on /home/airflow/.local/lib/python3.7/site-packages/airflow/example_dags/example_xcomargs.py
[2023-04-02T10:35:58.476+0000] {processor.py:743} INFO - Processing file /home/airflow/.local/lib/python3.7/site-packages/airflow/example_dags/example_xcomargs.py for tasks to queue
[2023-04-02T10:35:58.479+0000] {logging_mixin.py:137} INFO - [2023-04-02T10:35:58.479+0000] {dagbag.py:532} INFO - Filling up the DagBag from /home/airflow/.local/lib/python3.7/site-packages/airflow/example_dags/example_xcomargs.py
[2023-04-02T10:35:58.538+0000] {processor.py:753} INFO - DAG(s) dict_keys(['example_xcom_args_with_operators', 'example_xcom_args']) retrieved from /home/airflow/.local/lib/python3.7/site-packages/airflow/example_dags/example_xcomargs.py
[2023-04-02T10:35:58.616+0000] {logging_mixin.py:137} INFO - [2023-04-02T10:35:58.616+0000] {dag.py:2705} INFO - Sync 2 DAGs
[2023-04-02T10:35:58.690+0000] {logging_mixin.py:137} INFO - [2023-04-02T10:35:58.689+0000] {dag.py:3456} INFO - Setting next_dagrun for example_xcom_args to None, run_after=None
[2023-04-02T10:35:58.714+0000] {logging_mixin.py:137} INFO - [2023-04-02T10:35:58.713+0000] {dag.py:3456} INFO - Setting next_dagrun for example_xcom_args_with_operators to None, run_after=None
[2023-04-02T10:35:58.780+0000] {processor.py:175} INFO - Processing /home/airflow/.local/lib/python3.7/site-packages/airflow/example_dags/example_xcomargs.py took 0.312 seconds
[2023-04-02T10:36:29.525+0000] {processor.py:153} INFO - Started process (PID=1803) to work on /home/airflow/.local/lib/python3.7/site-packages/airflow/example_dags/example_xcomargs.py
[2023-04-02T10:36:29.526+0000] {processor.py:743} INFO - Processing file /home/airflow/.local/lib/python3.7/site-packages/airflow/example_dags/example_xcomargs.py for tasks to queue
[2023-04-02T10:36:29.528+0000] {logging_mixin.py:137} INFO - [2023-04-02T10:36:29.528+0000] {dagbag.py:532} INFO - Filling up the DagBag from /home/airflow/.local/lib/python3.7/site-packages/airflow/example_dags/example_xcomargs.py
[2023-04-02T10:36:29.564+0000] {processor.py:753} INFO - DAG(s) dict_keys(['example_xcom_args', 'example_xcom_args_with_operators']) retrieved from /home/airflow/.local/lib/python3.7/site-packages/airflow/example_dags/example_xcomargs.py
[2023-04-02T10:36:29.609+0000] {logging_mixin.py:137} INFO - [2023-04-02T10:36:29.609+0000] {dag.py:2705} INFO - Sync 2 DAGs
[2023-04-02T10:36:29.646+0000] {logging_mixin.py:137} INFO - [2023-04-02T10:36:29.646+0000] {dag.py:3456} INFO - Setting next_dagrun for example_xcom_args to None, run_after=None
[2023-04-02T10:36:29.654+0000] {logging_mixin.py:137} INFO - [2023-04-02T10:36:29.653+0000] {dag.py:3456} INFO - Setting next_dagrun for example_xcom_args_with_operators to None, run_after=None
[2023-04-02T10:36:29.689+0000] {processor.py:175} INFO - Processing /home/airflow/.local/lib/python3.7/site-packages/airflow/example_dags/example_xcomargs.py took 0.169 seconds
[2023-04-02T10:37:00.442+0000] {processor.py:153} INFO - Started process (PID=2019) to work on /home/airflow/.local/lib/python3.7/site-packages/airflow/example_dags/example_xcomargs.py
[2023-04-02T10:37:00.445+0000] {processor.py:743} INFO - Processing file /home/airflow/.local/lib/python3.7/site-packages/airflow/example_dags/example_xcomargs.py for tasks to queue
[2023-04-02T10:37:00.447+0000] {logging_mixin.py:137} INFO - [2023-04-02T10:37:00.447+0000] {dagbag.py:532} INFO - Filling up the DagBag from /home/airflow/.local/lib/python3.7/site-packages/airflow/example_dags/example_xcomargs.py
[2023-04-02T10:37:00.510+0000] {processor.py:753} INFO - DAG(s) dict_keys(['example_xcom_args', 'example_xcom_args_with_operators']) retrieved from /home/airflow/.local/lib/python3.7/site-packages/airflow/example_dags/example_xcomargs.py
[2023-04-02T10:37:00.568+0000] {logging_mixin.py:137} INFO - [2023-04-02T10:37:00.568+0000] {dag.py:2705} INFO - Sync 2 DAGs
[2023-04-02T10:37:00.625+0000] {logging_mixin.py:137} INFO - [2023-04-02T10:37:00.625+0000] {dag.py:3456} INFO - Setting next_dagrun for example_xcom_args to None, run_after=None
[2023-04-02T10:37:00.636+0000] {logging_mixin.py:137} INFO - [2023-04-02T10:37:00.636+0000] {dag.py:3456} INFO - Setting next_dagrun for example_xcom_args_with_operators to None, run_after=None
[2023-04-02T10:37:00.667+0000] {processor.py:175} INFO - Processing /home/airflow/.local/lib/python3.7/site-packages/airflow/example_dags/example_xcomargs.py took 0.236 seconds
[2023-04-02T10:37:31.099+0000] {processor.py:153} INFO - Started process (PID=2237) to work on /home/airflow/.local/lib/python3.7/site-packages/airflow/example_dags/example_xcomargs.py
[2023-04-02T10:37:31.100+0000] {processor.py:743} INFO - Processing file /home/airflow/.local/lib/python3.7/site-packages/airflow/example_dags/example_xcomargs.py for tasks to queue
[2023-04-02T10:37:31.108+0000] {logging_mixin.py:137} INFO - [2023-04-02T10:37:31.108+0000] {dagbag.py:532} INFO - Filling up the DagBag from /home/airflow/.local/lib/python3.7/site-packages/airflow/example_dags/example_xcomargs.py
[2023-04-02T10:37:31.158+0000] {processor.py:753} INFO - DAG(s) dict_keys(['example_xcom_args', 'example_xcom_args_with_operators']) retrieved from /home/airflow/.local/lib/python3.7/site-packages/airflow/example_dags/example_xcomargs.py
[2023-04-02T10:37:31.221+0000] {logging_mixin.py:137} INFO - [2023-04-02T10:37:31.221+0000] {dag.py:2705} INFO - Sync 2 DAGs
[2023-04-02T10:37:31.268+0000] {logging_mixin.py:137} INFO - [2023-04-02T10:37:31.268+0000] {dag.py:3456} INFO - Setting next_dagrun for example_xcom_args to None, run_after=None
[2023-04-02T10:37:31.279+0000] {logging_mixin.py:137} INFO - [2023-04-02T10:37:31.278+0000] {dag.py:3456} INFO - Setting next_dagrun for example_xcom_args_with_operators to None, run_after=None
[2023-04-02T10:37:31.319+0000] {processor.py:175} INFO - Processing /home/airflow/.local/lib/python3.7/site-packages/airflow/example_dags/example_xcomargs.py took 0.227 seconds
[2023-04-02T10:38:02.093+0000] {processor.py:153} INFO - Started process (PID=2455) to work on /home/airflow/.local/lib/python3.7/site-packages/airflow/example_dags/example_xcomargs.py
[2023-04-02T10:38:02.095+0000] {processor.py:743} INFO - Processing file /home/airflow/.local/lib/python3.7/site-packages/airflow/example_dags/example_xcomargs.py for tasks to queue
[2023-04-02T10:38:02.105+0000] {logging_mixin.py:137} INFO - [2023-04-02T10:38:02.103+0000] {dagbag.py:532} INFO - Filling up the DagBag from /home/airflow/.local/lib/python3.7/site-packages/airflow/example_dags/example_xcomargs.py
[2023-04-02T10:38:02.174+0000] {processor.py:753} INFO - DAG(s) dict_keys(['example_xcom_args', 'example_xcom_args_with_operators']) retrieved from /home/airflow/.local/lib/python3.7/site-packages/airflow/example_dags/example_xcomargs.py
[2023-04-02T10:38:02.231+0000] {logging_mixin.py:137} INFO - [2023-04-02T10:38:02.231+0000] {dag.py:2705} INFO - Sync 2 DAGs
[2023-04-02T10:38:02.286+0000] {logging_mixin.py:137} INFO - [2023-04-02T10:38:02.286+0000] {dag.py:3456} INFO - Setting next_dagrun for example_xcom_args to None, run_after=None
[2023-04-02T10:38:02.294+0000] {logging_mixin.py:137} INFO - [2023-04-02T10:38:02.294+0000] {dag.py:3456} INFO - Setting next_dagrun for example_xcom_args_with_operators to None, run_after=None
[2023-04-02T10:38:02.344+0000] {processor.py:175} INFO - Processing /home/airflow/.local/lib/python3.7/site-packages/airflow/example_dags/example_xcomargs.py took 0.259 seconds
[2023-04-02T10:38:33.213+0000] {processor.py:153} INFO - Started process (PID=2673) to work on /home/airflow/.local/lib/python3.7/site-packages/airflow/example_dags/example_xcomargs.py
[2023-04-02T10:38:33.215+0000] {processor.py:743} INFO - Processing file /home/airflow/.local/lib/python3.7/site-packages/airflow/example_dags/example_xcomargs.py for tasks to queue
[2023-04-02T10:38:33.217+0000] {logging_mixin.py:137} INFO - [2023-04-02T10:38:33.217+0000] {dagbag.py:532} INFO - Filling up the DagBag from /home/airflow/.local/lib/python3.7/site-packages/airflow/example_dags/example_xcomargs.py
[2023-04-02T10:38:33.258+0000] {processor.py:753} INFO - DAG(s) dict_keys(['example_xcom_args_with_operators', 'example_xcom_args']) retrieved from /home/airflow/.local/lib/python3.7/site-packages/airflow/example_dags/example_xcomargs.py
[2023-04-02T10:38:33.318+0000] {logging_mixin.py:137} INFO - [2023-04-02T10:38:33.317+0000] {dag.py:2705} INFO - Sync 2 DAGs
[2023-04-02T10:38:33.359+0000] {logging_mixin.py:137} INFO - [2023-04-02T10:38:33.359+0000] {dag.py:3456} INFO - Setting next_dagrun for example_xcom_args to None, run_after=None
[2023-04-02T10:38:33.368+0000] {logging_mixin.py:137} INFO - [2023-04-02T10:38:33.367+0000] {dag.py:3456} INFO - Setting next_dagrun for example_xcom_args_with_operators to None, run_after=None
[2023-04-02T10:38:33.401+0000] {processor.py:175} INFO - Processing /home/airflow/.local/lib/python3.7/site-packages/airflow/example_dags/example_xcomargs.py took 0.192 seconds
[2023-04-02T10:39:03.988+0000] {processor.py:153} INFO - Started process (PID=2891) to work on /home/airflow/.local/lib/python3.7/site-packages/airflow/example_dags/example_xcomargs.py
[2023-04-02T10:39:03.992+0000] {processor.py:743} INFO - Processing file /home/airflow/.local/lib/python3.7/site-packages/airflow/example_dags/example_xcomargs.py for tasks to queue
[2023-04-02T10:39:03.997+0000] {logging_mixin.py:137} INFO - [2023-04-02T10:39:03.995+0000] {dagbag.py:532} INFO - Filling up the DagBag from /home/airflow/.local/lib/python3.7/site-packages/airflow/example_dags/example_xcomargs.py
[2023-04-02T10:39:04.106+0000] {processor.py:753} INFO - DAG(s) dict_keys(['example_xcom_args_with_operators', 'example_xcom_args']) retrieved from /home/airflow/.local/lib/python3.7/site-packages/airflow/example_dags/example_xcomargs.py
[2023-04-02T10:39:04.246+0000] {logging_mixin.py:137} INFO - [2023-04-02T10:39:04.246+0000] {dag.py:2705} INFO - Sync 2 DAGs
[2023-04-02T10:39:04.440+0000] {logging_mixin.py:137} INFO - [2023-04-02T10:39:04.440+0000] {dag.py:3456} INFO - Setting next_dagrun for example_xcom_args to None, run_after=None
[2023-04-02T10:39:04.471+0000] {logging_mixin.py:137} INFO - [2023-04-02T10:39:04.471+0000] {dag.py:3456} INFO - Setting next_dagrun for example_xcom_args_with_operators to None, run_after=None
[2023-04-02T10:39:04.568+0000] {processor.py:175} INFO - Processing /home/airflow/.local/lib/python3.7/site-packages/airflow/example_dags/example_xcomargs.py took 0.589 seconds
[2023-04-02T10:39:35.442+0000] {processor.py:153} INFO - Started process (PID=3118) to work on /home/airflow/.local/lib/python3.7/site-packages/airflow/example_dags/example_xcomargs.py
[2023-04-02T10:39:35.446+0000] {processor.py:743} INFO - Processing file /home/airflow/.local/lib/python3.7/site-packages/airflow/example_dags/example_xcomargs.py for tasks to queue
[2023-04-02T10:39:35.452+0000] {logging_mixin.py:137} INFO - [2023-04-02T10:39:35.452+0000] {dagbag.py:532} INFO - Filling up the DagBag from /home/airflow/.local/lib/python3.7/site-packages/airflow/example_dags/example_xcomargs.py
[2023-04-02T10:39:35.501+0000] {processor.py:753} INFO - DAG(s) dict_keys(['example_xcom_args_with_operators', 'example_xcom_args']) retrieved from /home/airflow/.local/lib/python3.7/site-packages/airflow/example_dags/example_xcomargs.py
[2023-04-02T10:39:35.574+0000] {logging_mixin.py:137} INFO - [2023-04-02T10:39:35.573+0000] {dag.py:2705} INFO - Sync 2 DAGs
[2023-04-02T10:39:35.630+0000] {logging_mixin.py:137} INFO - [2023-04-02T10:39:35.630+0000] {dag.py:3456} INFO - Setting next_dagrun for example_xcom_args to None, run_after=None
[2023-04-02T10:39:35.639+0000] {logging_mixin.py:137} INFO - [2023-04-02T10:39:35.639+0000] {dag.py:3456} INFO - Setting next_dagrun for example_xcom_args_with_operators to None, run_after=None
[2023-04-02T10:39:35.678+0000] {processor.py:175} INFO - Processing /home/airflow/.local/lib/python3.7/site-packages/airflow/example_dags/example_xcomargs.py took 0.246 seconds
[2023-04-02T10:40:06.395+0000] {processor.py:153} INFO - Started process (PID=3336) to work on /home/airflow/.local/lib/python3.7/site-packages/airflow/example_dags/example_xcomargs.py
[2023-04-02T10:40:06.400+0000] {processor.py:743} INFO - Processing file /home/airflow/.local/lib/python3.7/site-packages/airflow/example_dags/example_xcomargs.py for tasks to queue
[2023-04-02T10:40:06.404+0000] {logging_mixin.py:137} INFO - [2023-04-02T10:40:06.403+0000] {dagbag.py:532} INFO - Filling up the DagBag from /home/airflow/.local/lib/python3.7/site-packages/airflow/example_dags/example_xcomargs.py
[2023-04-02T10:40:06.512+0000] {processor.py:753} INFO - DAG(s) dict_keys(['example_xcom_args_with_operators', 'example_xcom_args']) retrieved from /home/airflow/.local/lib/python3.7/site-packages/airflow/example_dags/example_xcomargs.py
[2023-04-02T10:40:06.606+0000] {logging_mixin.py:137} INFO - [2023-04-02T10:40:06.606+0000] {dag.py:2705} INFO - Sync 2 DAGs
[2023-04-02T10:40:06.675+0000] {logging_mixin.py:137} INFO - [2023-04-02T10:40:06.675+0000] {dag.py:3456} INFO - Setting next_dagrun for example_xcom_args to None, run_after=None
[2023-04-02T10:40:06.687+0000] {logging_mixin.py:137} INFO - [2023-04-02T10:40:06.687+0000] {dag.py:3456} INFO - Setting next_dagrun for example_xcom_args_with_operators to None, run_after=None
[2023-04-02T10:40:06.808+0000] {processor.py:175} INFO - Processing /home/airflow/.local/lib/python3.7/site-packages/airflow/example_dags/example_xcomargs.py took 0.422 seconds
[2023-04-02T10:40:36.975+0000] {processor.py:153} INFO - Started process (PID=3554) to work on /home/airflow/.local/lib/python3.7/site-packages/airflow/example_dags/example_xcomargs.py
[2023-04-02T10:40:36.983+0000] {processor.py:743} INFO - Processing file /home/airflow/.local/lib/python3.7/site-packages/airflow/example_dags/example_xcomargs.py for tasks to queue
[2023-04-02T10:40:36.986+0000] {logging_mixin.py:137} INFO - [2023-04-02T10:40:36.985+0000] {dagbag.py:532} INFO - Filling up the DagBag from /home/airflow/.local/lib/python3.7/site-packages/airflow/example_dags/example_xcomargs.py
[2023-04-02T10:40:37.121+0000] {processor.py:753} INFO - DAG(s) dict_keys(['example_xcom_args_with_operators', 'example_xcom_args']) retrieved from /home/airflow/.local/lib/python3.7/site-packages/airflow/example_dags/example_xcomargs.py
[2023-04-02T10:40:37.227+0000] {logging_mixin.py:137} INFO - [2023-04-02T10:40:37.226+0000] {dag.py:2705} INFO - Sync 2 DAGs
[2023-04-02T10:40:37.355+0000] {logging_mixin.py:137} INFO - [2023-04-02T10:40:37.354+0000] {dag.py:3456} INFO - Setting next_dagrun for example_xcom_args to None, run_after=None
[2023-04-02T10:40:37.378+0000] {logging_mixin.py:137} INFO - [2023-04-02T10:40:37.377+0000] {dag.py:3456} INFO - Setting next_dagrun for example_xcom_args_with_operators to None, run_after=None
[2023-04-02T10:40:37.461+0000] {processor.py:175} INFO - Processing /home/airflow/.local/lib/python3.7/site-packages/airflow/example_dags/example_xcomargs.py took 0.496 seconds
[2023-04-02T10:41:08.142+0000] {processor.py:153} INFO - Started process (PID=3772) to work on /home/airflow/.local/lib/python3.7/site-packages/airflow/example_dags/example_xcomargs.py
[2023-04-02T10:41:08.151+0000] {processor.py:743} INFO - Processing file /home/airflow/.local/lib/python3.7/site-packages/airflow/example_dags/example_xcomargs.py for tasks to queue
[2023-04-02T10:41:08.154+0000] {logging_mixin.py:137} INFO - [2023-04-02T10:41:08.153+0000] {dagbag.py:532} INFO - Filling up the DagBag from /home/airflow/.local/lib/python3.7/site-packages/airflow/example_dags/example_xcomargs.py
[2023-04-02T10:41:08.236+0000] {processor.py:753} INFO - DAG(s) dict_keys(['example_xcom_args', 'example_xcom_args_with_operators']) retrieved from /home/airflow/.local/lib/python3.7/site-packages/airflow/example_dags/example_xcomargs.py
[2023-04-02T10:41:08.332+0000] {logging_mixin.py:137} INFO - [2023-04-02T10:41:08.332+0000] {dag.py:2705} INFO - Sync 2 DAGs
[2023-04-02T10:41:08.478+0000] {logging_mixin.py:137} INFO - [2023-04-02T10:41:08.478+0000] {dag.py:3456} INFO - Setting next_dagrun for example_xcom_args to None, run_after=None
[2023-04-02T10:41:08.491+0000] {logging_mixin.py:137} INFO - [2023-04-02T10:41:08.491+0000] {dag.py:3456} INFO - Setting next_dagrun for example_xcom_args_with_operators to None, run_after=None
[2023-04-02T10:41:08.530+0000] {processor.py:175} INFO - Processing /home/airflow/.local/lib/python3.7/site-packages/airflow/example_dags/example_xcomargs.py took 0.398 seconds
[2023-04-02T10:41:38.635+0000] {processor.py:153} INFO - Started process (PID=3988) to work on /home/airflow/.local/lib/python3.7/site-packages/airflow/example_dags/example_xcomargs.py
[2023-04-02T10:41:38.641+0000] {processor.py:743} INFO - Processing file /home/airflow/.local/lib/python3.7/site-packages/airflow/example_dags/example_xcomargs.py for tasks to queue
[2023-04-02T10:41:38.648+0000] {logging_mixin.py:137} INFO - [2023-04-02T10:41:38.647+0000] {dagbag.py:532} INFO - Filling up the DagBag from /home/airflow/.local/lib/python3.7/site-packages/airflow/example_dags/example_xcomargs.py
[2023-04-02T10:41:38.738+0000] {processor.py:753} INFO - DAG(s) dict_keys(['example_xcom_args', 'example_xcom_args_with_operators']) retrieved from /home/airflow/.local/lib/python3.7/site-packages/airflow/example_dags/example_xcomargs.py
[2023-04-02T10:41:38.823+0000] {logging_mixin.py:137} INFO - [2023-04-02T10:41:38.823+0000] {dag.py:2705} INFO - Sync 2 DAGs
[2023-04-02T10:41:38.898+0000] {logging_mixin.py:137} INFO - [2023-04-02T10:41:38.898+0000] {dag.py:3456} INFO - Setting next_dagrun for example_xcom_args to None, run_after=None
[2023-04-02T10:41:38.910+0000] {logging_mixin.py:137} INFO - [2023-04-02T10:41:38.910+0000] {dag.py:3456} INFO - Setting next_dagrun for example_xcom_args_with_operators to None, run_after=None
[2023-04-02T10:41:38.961+0000] {processor.py:175} INFO - Processing /home/airflow/.local/lib/python3.7/site-packages/airflow/example_dags/example_xcomargs.py took 0.333 seconds
[2023-04-02T10:42:11.056+0000] {processor.py:153} INFO - Started process (PID=4209) to work on /home/airflow/.local/lib/python3.7/site-packages/airflow/example_dags/example_xcomargs.py
[2023-04-02T10:42:11.060+0000] {processor.py:743} INFO - Processing file /home/airflow/.local/lib/python3.7/site-packages/airflow/example_dags/example_xcomargs.py for tasks to queue
[2023-04-02T10:42:11.065+0000] {logging_mixin.py:137} INFO - [2023-04-02T10:42:11.064+0000] {dagbag.py:532} INFO - Filling up the DagBag from /home/airflow/.local/lib/python3.7/site-packages/airflow/example_dags/example_xcomargs.py
[2023-04-02T10:42:11.125+0000] {processor.py:753} INFO - DAG(s) dict_keys(['example_xcom_args', 'example_xcom_args_with_operators']) retrieved from /home/airflow/.local/lib/python3.7/site-packages/airflow/example_dags/example_xcomargs.py
[2023-04-02T10:42:11.219+0000] {logging_mixin.py:137} INFO - [2023-04-02T10:42:11.219+0000] {dag.py:2705} INFO - Sync 2 DAGs
[2023-04-02T10:42:11.316+0000] {logging_mixin.py:137} INFO - [2023-04-02T10:42:11.316+0000] {dag.py:3456} INFO - Setting next_dagrun for example_xcom_args to None, run_after=None
[2023-04-02T10:42:11.326+0000] {logging_mixin.py:137} INFO - [2023-04-02T10:42:11.326+0000] {dag.py:3456} INFO - Setting next_dagrun for example_xcom_args_with_operators to None, run_after=None
[2023-04-02T10:42:11.392+0000] {processor.py:175} INFO - Processing /home/airflow/.local/lib/python3.7/site-packages/airflow/example_dags/example_xcomargs.py took 0.342 seconds
[2023-04-02T10:42:41.452+0000] {processor.py:153} INFO - Started process (PID=4427) to work on /home/airflow/.local/lib/python3.7/site-packages/airflow/example_dags/example_xcomargs.py
[2023-04-02T10:42:41.455+0000] {processor.py:743} INFO - Processing file /home/airflow/.local/lib/python3.7/site-packages/airflow/example_dags/example_xcomargs.py for tasks to queue
[2023-04-02T10:42:41.458+0000] {logging_mixin.py:137} INFO - [2023-04-02T10:42:41.458+0000] {dagbag.py:532} INFO - Filling up the DagBag from /home/airflow/.local/lib/python3.7/site-packages/airflow/example_dags/example_xcomargs.py
[2023-04-02T10:42:41.495+0000] {processor.py:753} INFO - DAG(s) dict_keys(['example_xcom_args_with_operators', 'example_xcom_args']) retrieved from /home/airflow/.local/lib/python3.7/site-packages/airflow/example_dags/example_xcomargs.py
[2023-04-02T10:42:41.548+0000] {logging_mixin.py:137} INFO - [2023-04-02T10:42:41.547+0000] {dag.py:2705} INFO - Sync 2 DAGs
[2023-04-02T10:42:41.585+0000] {logging_mixin.py:137} INFO - [2023-04-02T10:42:41.584+0000] {dag.py:3456} INFO - Setting next_dagrun for example_xcom_args to None, run_after=None
[2023-04-02T10:42:41.592+0000] {logging_mixin.py:137} INFO - [2023-04-02T10:42:41.592+0000] {dag.py:3456} INFO - Setting next_dagrun for example_xcom_args_with_operators to None, run_after=None
[2023-04-02T10:42:41.628+0000] {processor.py:175} INFO - Processing /home/airflow/.local/lib/python3.7/site-packages/airflow/example_dags/example_xcomargs.py took 0.182 seconds
[2023-04-02T10:43:11.844+0000] {processor.py:153} INFO - Started process (PID=4643) to work on /home/airflow/.local/lib/python3.7/site-packages/airflow/example_dags/example_xcomargs.py
[2023-04-02T10:43:11.847+0000] {processor.py:743} INFO - Processing file /home/airflow/.local/lib/python3.7/site-packages/airflow/example_dags/example_xcomargs.py for tasks to queue
[2023-04-02T10:43:11.849+0000] {logging_mixin.py:137} INFO - [2023-04-02T10:43:11.848+0000] {dagbag.py:532} INFO - Filling up the DagBag from /home/airflow/.local/lib/python3.7/site-packages/airflow/example_dags/example_xcomargs.py
[2023-04-02T10:43:11.909+0000] {processor.py:753} INFO - DAG(s) dict_keys(['example_xcom_args', 'example_xcom_args_with_operators']) retrieved from /home/airflow/.local/lib/python3.7/site-packages/airflow/example_dags/example_xcomargs.py
[2023-04-02T10:43:11.958+0000] {logging_mixin.py:137} INFO - [2023-04-02T10:43:11.958+0000] {dag.py:2705} INFO - Sync 2 DAGs
[2023-04-02T10:43:12.009+0000] {logging_mixin.py:137} INFO - [2023-04-02T10:43:12.009+0000] {dag.py:3456} INFO - Setting next_dagrun for example_xcom_args to None, run_after=None
[2023-04-02T10:43:12.018+0000] {logging_mixin.py:137} INFO - [2023-04-02T10:43:12.017+0000] {dag.py:3456} INFO - Setting next_dagrun for example_xcom_args_with_operators to None, run_after=None
[2023-04-02T10:43:12.049+0000] {processor.py:175} INFO - Processing /home/airflow/.local/lib/python3.7/site-packages/airflow/example_dags/example_xcomargs.py took 0.209 seconds
[2023-04-02T10:43:42.321+0000] {processor.py:153} INFO - Started process (PID=4863) to work on /home/airflow/.local/lib/python3.7/site-packages/airflow/example_dags/example_xcomargs.py
[2023-04-02T10:43:42.323+0000] {processor.py:743} INFO - Processing file /home/airflow/.local/lib/python3.7/site-packages/airflow/example_dags/example_xcomargs.py for tasks to queue
[2023-04-02T10:43:42.325+0000] {logging_mixin.py:137} INFO - [2023-04-02T10:43:42.325+0000] {dagbag.py:532} INFO - Filling up the DagBag from /home/airflow/.local/lib/python3.7/site-packages/airflow/example_dags/example_xcomargs.py
[2023-04-02T10:43:42.358+0000] {processor.py:753} INFO - DAG(s) dict_keys(['example_xcom_args_with_operators', 'example_xcom_args']) retrieved from /home/airflow/.local/lib/python3.7/site-packages/airflow/example_dags/example_xcomargs.py
[2023-04-02T10:43:42.396+0000] {logging_mixin.py:137} INFO - [2023-04-02T10:43:42.396+0000] {dag.py:2705} INFO - Sync 2 DAGs
[2023-04-02T10:43:42.432+0000] {logging_mixin.py:137} INFO - [2023-04-02T10:43:42.432+0000] {dag.py:3456} INFO - Setting next_dagrun for example_xcom_args to None, run_after=None
[2023-04-02T10:43:42.440+0000] {logging_mixin.py:137} INFO - [2023-04-02T10:43:42.440+0000] {dag.py:3456} INFO - Setting next_dagrun for example_xcom_args_with_operators to None, run_after=None
[2023-04-02T10:43:42.473+0000] {processor.py:175} INFO - Processing /home/airflow/.local/lib/python3.7/site-packages/airflow/example_dags/example_xcomargs.py took 0.155 seconds
[2023-04-02T10:44:12.925+0000] {processor.py:153} INFO - Started process (PID=5079) to work on /home/airflow/.local/lib/python3.7/site-packages/airflow/example_dags/example_xcomargs.py
[2023-04-02T10:44:12.929+0000] {processor.py:743} INFO - Processing file /home/airflow/.local/lib/python3.7/site-packages/airflow/example_dags/example_xcomargs.py for tasks to queue
[2023-04-02T10:44:12.932+0000] {logging_mixin.py:137} INFO - [2023-04-02T10:44:12.932+0000] {dagbag.py:532} INFO - Filling up the DagBag from /home/airflow/.local/lib/python3.7/site-packages/airflow/example_dags/example_xcomargs.py
[2023-04-02T10:44:12.981+0000] {processor.py:753} INFO - DAG(s) dict_keys(['example_xcom_args', 'example_xcom_args_with_operators']) retrieved from /home/airflow/.local/lib/python3.7/site-packages/airflow/example_dags/example_xcomargs.py
[2023-04-02T10:44:13.026+0000] {logging_mixin.py:137} INFO - [2023-04-02T10:44:13.026+0000] {dag.py:2705} INFO - Sync 2 DAGs
[2023-04-02T10:44:13.075+0000] {logging_mixin.py:137} INFO - [2023-04-02T10:44:13.075+0000] {dag.py:3456} INFO - Setting next_dagrun for example_xcom_args to None, run_after=None
[2023-04-02T10:44:13.083+0000] {logging_mixin.py:137} INFO - [2023-04-02T10:44:13.082+0000] {dag.py:3456} INFO - Setting next_dagrun for example_xcom_args_with_operators to None, run_after=None
[2023-04-02T10:44:13.107+0000] {processor.py:175} INFO - Processing /home/airflow/.local/lib/python3.7/site-packages/airflow/example_dags/example_xcomargs.py took 0.189 seconds
[2023-04-02T10:44:44.261+0000] {processor.py:153} INFO - Started process (PID=5297) to work on /home/airflow/.local/lib/python3.7/site-packages/airflow/example_dags/example_xcomargs.py
[2023-04-02T10:44:44.263+0000] {processor.py:743} INFO - Processing file /home/airflow/.local/lib/python3.7/site-packages/airflow/example_dags/example_xcomargs.py for tasks to queue
[2023-04-02T10:44:44.266+0000] {logging_mixin.py:137} INFO - [2023-04-02T10:44:44.265+0000] {dagbag.py:532} INFO - Filling up the DagBag from /home/airflow/.local/lib/python3.7/site-packages/airflow/example_dags/example_xcomargs.py
[2023-04-02T10:44:44.350+0000] {processor.py:753} INFO - DAG(s) dict_keys(['example_xcom_args', 'example_xcom_args_with_operators']) retrieved from /home/airflow/.local/lib/python3.7/site-packages/airflow/example_dags/example_xcomargs.py
[2023-04-02T10:44:44.417+0000] {logging_mixin.py:137} INFO - [2023-04-02T10:44:44.416+0000] {dag.py:2705} INFO - Sync 2 DAGs
[2023-04-02T10:44:44.490+0000] {logging_mixin.py:137} INFO - [2023-04-02T10:44:44.489+0000] {dag.py:3456} INFO - Setting next_dagrun for example_xcom_args to None, run_after=None
[2023-04-02T10:44:44.502+0000] {logging_mixin.py:137} INFO - [2023-04-02T10:44:44.502+0000] {dag.py:3456} INFO - Setting next_dagrun for example_xcom_args_with_operators to None, run_after=None
[2023-04-02T10:44:44.561+0000] {processor.py:175} INFO - Processing /home/airflow/.local/lib/python3.7/site-packages/airflow/example_dags/example_xcomargs.py took 0.312 seconds
[2023-04-02T10:45:15.256+0000] {processor.py:153} INFO - Started process (PID=5515) to work on /home/airflow/.local/lib/python3.7/site-packages/airflow/example_dags/example_xcomargs.py
[2023-04-02T10:45:15.260+0000] {processor.py:743} INFO - Processing file /home/airflow/.local/lib/python3.7/site-packages/airflow/example_dags/example_xcomargs.py for tasks to queue
[2023-04-02T10:45:15.263+0000] {logging_mixin.py:137} INFO - [2023-04-02T10:45:15.262+0000] {dagbag.py:532} INFO - Filling up the DagBag from /home/airflow/.local/lib/python3.7/site-packages/airflow/example_dags/example_xcomargs.py
[2023-04-02T10:45:15.316+0000] {processor.py:753} INFO - DAG(s) dict_keys(['example_xcom_args_with_operators', 'example_xcom_args']) retrieved from /home/airflow/.local/lib/python3.7/site-packages/airflow/example_dags/example_xcomargs.py
[2023-04-02T10:45:15.387+0000] {logging_mixin.py:137} INFO - [2023-04-02T10:45:15.387+0000] {dag.py:2705} INFO - Sync 2 DAGs
[2023-04-02T10:45:15.445+0000] {logging_mixin.py:137} INFO - [2023-04-02T10:45:15.445+0000] {dag.py:3456} INFO - Setting next_dagrun for example_xcom_args to None, run_after=None
[2023-04-02T10:45:15.453+0000] {logging_mixin.py:137} INFO - [2023-04-02T10:45:15.453+0000] {dag.py:3456} INFO - Setting next_dagrun for example_xcom_args_with_operators to None, run_after=None
[2023-04-02T10:45:15.485+0000] {processor.py:175} INFO - Processing /home/airflow/.local/lib/python3.7/site-packages/airflow/example_dags/example_xcomargs.py took 0.236 seconds
[2023-04-02T10:45:45.983+0000] {processor.py:153} INFO - Started process (PID=5733) to work on /home/airflow/.local/lib/python3.7/site-packages/airflow/example_dags/example_xcomargs.py
[2023-04-02T10:45:45.984+0000] {processor.py:743} INFO - Processing file /home/airflow/.local/lib/python3.7/site-packages/airflow/example_dags/example_xcomargs.py for tasks to queue
[2023-04-02T10:45:45.987+0000] {logging_mixin.py:137} INFO - [2023-04-02T10:45:45.986+0000] {dagbag.py:532} INFO - Filling up the DagBag from /home/airflow/.local/lib/python3.7/site-packages/airflow/example_dags/example_xcomargs.py
[2023-04-02T10:45:46.042+0000] {processor.py:753} INFO - DAG(s) dict_keys(['example_xcom_args_with_operators', 'example_xcom_args']) retrieved from /home/airflow/.local/lib/python3.7/site-packages/airflow/example_dags/example_xcomargs.py
[2023-04-02T10:45:46.101+0000] {logging_mixin.py:137} INFO - [2023-04-02T10:45:46.101+0000] {dag.py:2705} INFO - Sync 2 DAGs
[2023-04-02T10:45:46.155+0000] {logging_mixin.py:137} INFO - [2023-04-02T10:45:46.155+0000] {dag.py:3456} INFO - Setting next_dagrun for example_xcom_args to None, run_after=None
[2023-04-02T10:45:46.164+0000] {logging_mixin.py:137} INFO - [2023-04-02T10:45:46.164+0000] {dag.py:3456} INFO - Setting next_dagrun for example_xcom_args_with_operators to None, run_after=None
[2023-04-02T10:45:46.196+0000] {processor.py:175} INFO - Processing /home/airflow/.local/lib/python3.7/site-packages/airflow/example_dags/example_xcomargs.py took 0.219 seconds
[2023-04-02T10:46:16.767+0000] {processor.py:153} INFO - Started process (PID=5951) to work on /home/airflow/.local/lib/python3.7/site-packages/airflow/example_dags/example_xcomargs.py
[2023-04-02T10:46:16.769+0000] {processor.py:743} INFO - Processing file /home/airflow/.local/lib/python3.7/site-packages/airflow/example_dags/example_xcomargs.py for tasks to queue
[2023-04-02T10:46:16.777+0000] {logging_mixin.py:137} INFO - [2023-04-02T10:46:16.777+0000] {dagbag.py:532} INFO - Filling up the DagBag from /home/airflow/.local/lib/python3.7/site-packages/airflow/example_dags/example_xcomargs.py
[2023-04-02T10:46:16.835+0000] {processor.py:753} INFO - DAG(s) dict_keys(['example_xcom_args', 'example_xcom_args_with_operators']) retrieved from /home/airflow/.local/lib/python3.7/site-packages/airflow/example_dags/example_xcomargs.py
[2023-04-02T10:46:16.908+0000] {logging_mixin.py:137} INFO - [2023-04-02T10:46:16.907+0000] {dag.py:2705} INFO - Sync 2 DAGs
[2023-04-02T10:46:16.989+0000] {logging_mixin.py:137} INFO - [2023-04-02T10:46:16.989+0000] {dag.py:3456} INFO - Setting next_dagrun for example_xcom_args to None, run_after=None
[2023-04-02T10:46:17.002+0000] {logging_mixin.py:137} INFO - [2023-04-02T10:46:17.001+0000] {dag.py:3456} INFO - Setting next_dagrun for example_xcom_args_with_operators to None, run_after=None
[2023-04-02T10:46:17.045+0000] {processor.py:175} INFO - Processing /home/airflow/.local/lib/python3.7/site-packages/airflow/example_dags/example_xcomargs.py took 0.285 seconds
[2023-04-02T10:46:47.597+0000] {processor.py:153} INFO - Started process (PID=6170) to work on /home/airflow/.local/lib/python3.7/site-packages/airflow/example_dags/example_xcomargs.py
[2023-04-02T10:46:47.611+0000] {processor.py:743} INFO - Processing file /home/airflow/.local/lib/python3.7/site-packages/airflow/example_dags/example_xcomargs.py for tasks to queue
[2023-04-02T10:46:47.620+0000] {logging_mixin.py:137} INFO - [2023-04-02T10:46:47.617+0000] {dagbag.py:532} INFO - Filling up the DagBag from /home/airflow/.local/lib/python3.7/site-packages/airflow/example_dags/example_xcomargs.py
[2023-04-02T10:46:47.694+0000] {processor.py:753} INFO - DAG(s) dict_keys(['example_xcom_args', 'example_xcom_args_with_operators']) retrieved from /home/airflow/.local/lib/python3.7/site-packages/airflow/example_dags/example_xcomargs.py
[2023-04-02T10:46:47.771+0000] {logging_mixin.py:137} INFO - [2023-04-02T10:46:47.770+0000] {dag.py:2705} INFO - Sync 2 DAGs
[2023-04-02T10:46:47.839+0000] {logging_mixin.py:137} INFO - [2023-04-02T10:46:47.838+0000] {dag.py:3456} INFO - Setting next_dagrun for example_xcom_args to None, run_after=None
[2023-04-02T10:46:47.863+0000] {logging_mixin.py:137} INFO - [2023-04-02T10:46:47.862+0000] {dag.py:3456} INFO - Setting next_dagrun for example_xcom_args_with_operators to None, run_after=None
[2023-04-02T10:46:47.917+0000] {processor.py:175} INFO - Processing /home/airflow/.local/lib/python3.7/site-packages/airflow/example_dags/example_xcomargs.py took 0.334 seconds
[2023-04-02T10:47:18.155+0000] {processor.py:153} INFO - Started process (PID=6388) to work on /home/airflow/.local/lib/python3.7/site-packages/airflow/example_dags/example_xcomargs.py
[2023-04-02T10:47:18.158+0000] {processor.py:743} INFO - Processing file /home/airflow/.local/lib/python3.7/site-packages/airflow/example_dags/example_xcomargs.py for tasks to queue
[2023-04-02T10:47:18.161+0000] {logging_mixin.py:137} INFO - [2023-04-02T10:47:18.161+0000] {dagbag.py:532} INFO - Filling up the DagBag from /home/airflow/.local/lib/python3.7/site-packages/airflow/example_dags/example_xcomargs.py
[2023-04-02T10:47:18.208+0000] {processor.py:753} INFO - DAG(s) dict_keys(['example_xcom_args_with_operators', 'example_xcom_args']) retrieved from /home/airflow/.local/lib/python3.7/site-packages/airflow/example_dags/example_xcomargs.py
[2023-04-02T10:47:18.278+0000] {logging_mixin.py:137} INFO - [2023-04-02T10:47:18.278+0000] {dag.py:2705} INFO - Sync 2 DAGs
[2023-04-02T10:47:18.369+0000] {logging_mixin.py:137} INFO - [2023-04-02T10:47:18.369+0000] {dag.py:3456} INFO - Setting next_dagrun for example_xcom_args to None, run_after=None
[2023-04-02T10:47:18.381+0000] {logging_mixin.py:137} INFO - [2023-04-02T10:47:18.381+0000] {dag.py:3456} INFO - Setting next_dagrun for example_xcom_args_with_operators to None, run_after=None
[2023-04-02T10:47:18.416+0000] {processor.py:175} INFO - Processing /home/airflow/.local/lib/python3.7/site-packages/airflow/example_dags/example_xcomargs.py took 0.265 seconds
[2023-04-02T10:47:48.937+0000] {processor.py:153} INFO - Started process (PID=6606) to work on /home/airflow/.local/lib/python3.7/site-packages/airflow/example_dags/example_xcomargs.py
[2023-04-02T10:47:48.939+0000] {processor.py:743} INFO - Processing file /home/airflow/.local/lib/python3.7/site-packages/airflow/example_dags/example_xcomargs.py for tasks to queue
[2023-04-02T10:47:48.942+0000] {logging_mixin.py:137} INFO - [2023-04-02T10:47:48.942+0000] {dagbag.py:532} INFO - Filling up the DagBag from /home/airflow/.local/lib/python3.7/site-packages/airflow/example_dags/example_xcomargs.py
[2023-04-02T10:47:49.001+0000] {processor.py:753} INFO - DAG(s) dict_keys(['example_xcom_args_with_operators', 'example_xcom_args']) retrieved from /home/airflow/.local/lib/python3.7/site-packages/airflow/example_dags/example_xcomargs.py
[2023-04-02T10:47:49.066+0000] {logging_mixin.py:137} INFO - [2023-04-02T10:47:49.066+0000] {dag.py:2705} INFO - Sync 2 DAGs
[2023-04-02T10:47:49.139+0000] {logging_mixin.py:137} INFO - [2023-04-02T10:47:49.138+0000] {dag.py:3456} INFO - Setting next_dagrun for example_xcom_args to None, run_after=None
[2023-04-02T10:47:49.155+0000] {logging_mixin.py:137} INFO - [2023-04-02T10:47:49.155+0000] {dag.py:3456} INFO - Setting next_dagrun for example_xcom_args_with_operators to None, run_after=None
[2023-04-02T10:47:49.209+0000] {processor.py:175} INFO - Processing /home/airflow/.local/lib/python3.7/site-packages/airflow/example_dags/example_xcomargs.py took 0.278 seconds
[2023-04-02T10:48:20.033+0000] {processor.py:153} INFO - Started process (PID=6826) to work on /home/airflow/.local/lib/python3.7/site-packages/airflow/example_dags/example_xcomargs.py
[2023-04-02T10:48:20.036+0000] {processor.py:743} INFO - Processing file /home/airflow/.local/lib/python3.7/site-packages/airflow/example_dags/example_xcomargs.py for tasks to queue
[2023-04-02T10:48:20.039+0000] {logging_mixin.py:137} INFO - [2023-04-02T10:48:20.039+0000] {dagbag.py:532} INFO - Filling up the DagBag from /home/airflow/.local/lib/python3.7/site-packages/airflow/example_dags/example_xcomargs.py
[2023-04-02T10:48:20.088+0000] {processor.py:753} INFO - DAG(s) dict_keys(['example_xcom_args_with_operators', 'example_xcom_args']) retrieved from /home/airflow/.local/lib/python3.7/site-packages/airflow/example_dags/example_xcomargs.py
[2023-04-02T10:48:20.144+0000] {logging_mixin.py:137} INFO - [2023-04-02T10:48:20.144+0000] {dag.py:2705} INFO - Sync 2 DAGs
[2023-04-02T10:48:20.184+0000] {logging_mixin.py:137} INFO - [2023-04-02T10:48:20.184+0000] {dag.py:3456} INFO - Setting next_dagrun for example_xcom_args to None, run_after=None
[2023-04-02T10:48:20.196+0000] {logging_mixin.py:137} INFO - [2023-04-02T10:48:20.196+0000] {dag.py:3456} INFO - Setting next_dagrun for example_xcom_args_with_operators to None, run_after=None
[2023-04-02T10:48:20.227+0000] {processor.py:175} INFO - Processing /home/airflow/.local/lib/python3.7/site-packages/airflow/example_dags/example_xcomargs.py took 0.201 seconds
[2023-04-02T10:48:50.632+0000] {processor.py:153} INFO - Started process (PID=7044) to work on /home/airflow/.local/lib/python3.7/site-packages/airflow/example_dags/example_xcomargs.py
[2023-04-02T10:48:50.636+0000] {processor.py:743} INFO - Processing file /home/airflow/.local/lib/python3.7/site-packages/airflow/example_dags/example_xcomargs.py for tasks to queue
[2023-04-02T10:48:50.639+0000] {logging_mixin.py:137} INFO - [2023-04-02T10:48:50.639+0000] {dagbag.py:532} INFO - Filling up the DagBag from /home/airflow/.local/lib/python3.7/site-packages/airflow/example_dags/example_xcomargs.py
[2023-04-02T10:48:50.693+0000] {processor.py:753} INFO - DAG(s) dict_keys(['example_xcom_args', 'example_xcom_args_with_operators']) retrieved from /home/airflow/.local/lib/python3.7/site-packages/airflow/example_dags/example_xcomargs.py
[2023-04-02T10:48:50.804+0000] {logging_mixin.py:137} INFO - [2023-04-02T10:48:50.803+0000] {dag.py:2705} INFO - Sync 2 DAGs
[2023-04-02T10:48:50.870+0000] {logging_mixin.py:137} INFO - [2023-04-02T10:48:50.870+0000] {dag.py:3456} INFO - Setting next_dagrun for example_xcom_args to None, run_after=None
[2023-04-02T10:48:50.880+0000] {logging_mixin.py:137} INFO - [2023-04-02T10:48:50.879+0000] {dag.py:3456} INFO - Setting next_dagrun for example_xcom_args_with_operators to None, run_after=None
[2023-04-02T10:48:50.920+0000] {processor.py:175} INFO - Processing /home/airflow/.local/lib/python3.7/site-packages/airflow/example_dags/example_xcomargs.py took 0.309 seconds
[2023-04-02T10:49:21.186+0000] {processor.py:153} INFO - Started process (PID=7262) to work on /home/airflow/.local/lib/python3.7/site-packages/airflow/example_dags/example_xcomargs.py
[2023-04-02T10:49:21.193+0000] {processor.py:743} INFO - Processing file /home/airflow/.local/lib/python3.7/site-packages/airflow/example_dags/example_xcomargs.py for tasks to queue
[2023-04-02T10:49:21.196+0000] {logging_mixin.py:137} INFO - [2023-04-02T10:49:21.196+0000] {dagbag.py:532} INFO - Filling up the DagBag from /home/airflow/.local/lib/python3.7/site-packages/airflow/example_dags/example_xcomargs.py
[2023-04-02T10:49:21.240+0000] {processor.py:753} INFO - DAG(s) dict_keys(['example_xcom_args', 'example_xcom_args_with_operators']) retrieved from /home/airflow/.local/lib/python3.7/site-packages/airflow/example_dags/example_xcomargs.py
[2023-04-02T10:49:21.311+0000] {logging_mixin.py:137} INFO - [2023-04-02T10:49:21.311+0000] {dag.py:2705} INFO - Sync 2 DAGs
[2023-04-02T10:49:21.359+0000] {logging_mixin.py:137} INFO - [2023-04-02T10:49:21.359+0000] {dag.py:3456} INFO - Setting next_dagrun for example_xcom_args to None, run_after=None
[2023-04-02T10:49:21.366+0000] {logging_mixin.py:137} INFO - [2023-04-02T10:49:21.366+0000] {dag.py:3456} INFO - Setting next_dagrun for example_xcom_args_with_operators to None, run_after=None
[2023-04-02T10:49:21.399+0000] {processor.py:175} INFO - Processing /home/airflow/.local/lib/python3.7/site-packages/airflow/example_dags/example_xcomargs.py took 0.218 seconds
[2023-04-02T10:49:51.525+0000] {processor.py:153} INFO - Started process (PID=7478) to work on /home/airflow/.local/lib/python3.7/site-packages/airflow/example_dags/example_xcomargs.py
[2023-04-02T10:49:51.534+0000] {processor.py:743} INFO - Processing file /home/airflow/.local/lib/python3.7/site-packages/airflow/example_dags/example_xcomargs.py for tasks to queue
[2023-04-02T10:49:51.547+0000] {logging_mixin.py:137} INFO - [2023-04-02T10:49:51.540+0000] {dagbag.py:532} INFO - Filling up the DagBag from /home/airflow/.local/lib/python3.7/site-packages/airflow/example_dags/example_xcomargs.py
[2023-04-02T10:49:51.652+0000] {processor.py:753} INFO - DAG(s) dict_keys(['example_xcom_args_with_operators', 'example_xcom_args']) retrieved from /home/airflow/.local/lib/python3.7/site-packages/airflow/example_dags/example_xcomargs.py
[2023-04-02T10:49:51.740+0000] {logging_mixin.py:137} INFO - [2023-04-02T10:49:51.740+0000] {dag.py:2705} INFO - Sync 2 DAGs
[2023-04-02T10:49:51.832+0000] {logging_mixin.py:137} INFO - [2023-04-02T10:49:51.832+0000] {dag.py:3456} INFO - Setting next_dagrun for example_xcom_args to None, run_after=None
[2023-04-02T10:49:51.844+0000] {logging_mixin.py:137} INFO - [2023-04-02T10:49:51.844+0000] {dag.py:3456} INFO - Setting next_dagrun for example_xcom_args_with_operators to None, run_after=None
[2023-04-02T10:49:51.916+0000] {processor.py:175} INFO - Processing /home/airflow/.local/lib/python3.7/site-packages/airflow/example_dags/example_xcomargs.py took 0.398 seconds
[2023-04-02T10:50:22.026+0000] {processor.py:153} INFO - Started process (PID=7696) to work on /home/airflow/.local/lib/python3.7/site-packages/airflow/example_dags/example_xcomargs.py
[2023-04-02T10:50:22.028+0000] {processor.py:743} INFO - Processing file /home/airflow/.local/lib/python3.7/site-packages/airflow/example_dags/example_xcomargs.py for tasks to queue
[2023-04-02T10:50:22.031+0000] {logging_mixin.py:137} INFO - [2023-04-02T10:50:22.030+0000] {dagbag.py:532} INFO - Filling up the DagBag from /home/airflow/.local/lib/python3.7/site-packages/airflow/example_dags/example_xcomargs.py
[2023-04-02T10:50:22.103+0000] {processor.py:753} INFO - DAG(s) dict_keys(['example_xcom_args_with_operators', 'example_xcom_args']) retrieved from /home/airflow/.local/lib/python3.7/site-packages/airflow/example_dags/example_xcomargs.py
[2023-04-02T10:50:22.211+0000] {logging_mixin.py:137} INFO - [2023-04-02T10:50:22.211+0000] {dag.py:2705} INFO - Sync 2 DAGs
[2023-04-02T10:50:22.277+0000] {logging_mixin.py:137} INFO - [2023-04-02T10:50:22.277+0000] {dag.py:3456} INFO - Setting next_dagrun for example_xcom_args to None, run_after=None
[2023-04-02T10:50:22.284+0000] {logging_mixin.py:137} INFO - [2023-04-02T10:50:22.283+0000] {dag.py:3456} INFO - Setting next_dagrun for example_xcom_args_with_operators to None, run_after=None
[2023-04-02T10:50:22.361+0000] {processor.py:175} INFO - Processing /home/airflow/.local/lib/python3.7/site-packages/airflow/example_dags/example_xcomargs.py took 0.342 seconds
