[2023-04-02T10:32:46.897+0000] {processor.py:153} INFO - Started process (PID=255) to work on /home/airflow/.local/lib/python3.7/site-packages/airflow/example_dags/example_datasets.py
[2023-04-02T10:32:46.899+0000] {processor.py:743} INFO - Processing file /home/airflow/.local/lib/python3.7/site-packages/airflow/example_dags/example_datasets.py for tasks to queue
[2023-04-02T10:32:46.901+0000] {logging_mixin.py:137} INFO - [2023-04-02T10:32:46.900+0000] {dagbag.py:532} INFO - Filling up the DagBag from /home/airflow/.local/lib/python3.7/site-packages/airflow/example_dags/example_datasets.py
[2023-04-02T10:32:46.924+0000] {processor.py:753} INFO - DAG(s) dict_keys(['dataset_consumes_1_never_scheduled', 'dataset_produces_2', 'dataset_consumes_1_and_2', 'dataset_consumes_unknown_never_scheduled', 'dataset_consumes_1', 'dataset_produces_1']) retrieved from /home/airflow/.local/lib/python3.7/site-packages/airflow/example_dags/example_datasets.py
[2023-04-02T10:32:46.947+0000] {logging_mixin.py:137} INFO - [2023-04-02T10:32:46.947+0000] {dag.py:2705} INFO - Sync 6 DAGs
[2023-04-02T10:32:46.982+0000] {logging_mixin.py:137} INFO - [2023-04-02T10:32:46.982+0000] {dag.py:3456} INFO - Setting next_dagrun for dataset_consumes_1 to None, run_after=None
[2023-04-02T10:32:46.988+0000] {logging_mixin.py:137} INFO - [2023-04-02T10:32:46.988+0000] {dag.py:3456} INFO - Setting next_dagrun for dataset_consumes_1_and_2 to None, run_after=None
[2023-04-02T10:32:46.991+0000] {logging_mixin.py:137} INFO - [2023-04-02T10:32:46.991+0000] {dag.py:3456} INFO - Setting next_dagrun for dataset_consumes_1_never_scheduled to None, run_after=None
[2023-04-02T10:32:46.994+0000] {logging_mixin.py:137} INFO - [2023-04-02T10:32:46.994+0000] {dag.py:3456} INFO - Setting next_dagrun for dataset_consumes_unknown_never_scheduled to None, run_after=None
[2023-04-02T10:32:47.000+0000] {logging_mixin.py:137} INFO - [2023-04-02T10:32:46.999+0000] {dag.py:3456} INFO - Setting next_dagrun for dataset_produces_1 to 2023-04-01T00:00:00+00:00, run_after=2023-04-02T00:00:00+00:00
[2023-04-02T10:32:47.002+0000] {logging_mixin.py:137} INFO - [2023-04-02T10:32:47.002+0000] {dag.py:3456} INFO - Setting next_dagrun for dataset_produces_2 to None, run_after=None
[2023-04-02T10:32:47.069+0000] {processor.py:175} INFO - Processing /home/airflow/.local/lib/python3.7/site-packages/airflow/example_dags/example_datasets.py took 0.177 seconds
[2023-04-02T10:33:20.870+0000] {processor.py:153} INFO - Started process (PID=471) to work on /home/airflow/.local/lib/python3.7/site-packages/airflow/example_dags/example_datasets.py
[2023-04-02T10:33:20.873+0000] {processor.py:743} INFO - Processing file /home/airflow/.local/lib/python3.7/site-packages/airflow/example_dags/example_datasets.py for tasks to queue
[2023-04-02T10:33:20.880+0000] {logging_mixin.py:137} INFO - [2023-04-02T10:33:20.879+0000] {dagbag.py:532} INFO - Filling up the DagBag from /home/airflow/.local/lib/python3.7/site-packages/airflow/example_dags/example_datasets.py
[2023-04-02T10:33:20.960+0000] {processor.py:753} INFO - DAG(s) dict_keys(['dataset_consumes_1_and_2', 'dataset_consumes_unknown_never_scheduled', 'dataset_produces_2', 'dataset_consumes_1_never_scheduled', 'dataset_produces_1', 'dataset_consumes_1']) retrieved from /home/airflow/.local/lib/python3.7/site-packages/airflow/example_dags/example_datasets.py
[2023-04-02T10:33:21.020+0000] {logging_mixin.py:137} INFO - [2023-04-02T10:33:21.020+0000] {dag.py:2705} INFO - Sync 6 DAGs
[2023-04-02T10:33:21.190+0000] {logging_mixin.py:137} INFO - [2023-04-02T10:33:21.189+0000] {dag.py:3456} INFO - Setting next_dagrun for dataset_consumes_1 to None, run_after=None
[2023-04-02T10:33:21.212+0000] {logging_mixin.py:137} INFO - [2023-04-02T10:33:21.211+0000] {dag.py:3456} INFO - Setting next_dagrun for dataset_consumes_1_and_2 to None, run_after=None
[2023-04-02T10:33:21.215+0000] {logging_mixin.py:137} INFO - [2023-04-02T10:33:21.215+0000] {dag.py:3456} INFO - Setting next_dagrun for dataset_consumes_1_never_scheduled to None, run_after=None
[2023-04-02T10:33:21.220+0000] {logging_mixin.py:137} INFO - [2023-04-02T10:33:21.219+0000] {dag.py:3456} INFO - Setting next_dagrun for dataset_consumes_unknown_never_scheduled to None, run_after=None
[2023-04-02T10:33:21.232+0000] {logging_mixin.py:137} INFO - [2023-04-02T10:33:21.232+0000] {dag.py:3456} INFO - Setting next_dagrun for dataset_produces_1 to 2023-04-01T00:00:00+00:00, run_after=2023-04-02T00:00:00+00:00
[2023-04-02T10:33:21.241+0000] {logging_mixin.py:137} INFO - [2023-04-02T10:33:21.241+0000] {dag.py:3456} INFO - Setting next_dagrun for dataset_produces_2 to None, run_after=None
[2023-04-02T10:33:21.388+0000] {processor.py:175} INFO - Processing /home/airflow/.local/lib/python3.7/site-packages/airflow/example_dags/example_datasets.py took 0.525 seconds
[2023-04-02T10:33:53.072+0000] {processor.py:153} INFO - Started process (PID=690) to work on /home/airflow/.local/lib/python3.7/site-packages/airflow/example_dags/example_datasets.py
[2023-04-02T10:33:53.083+0000] {processor.py:743} INFO - Processing file /home/airflow/.local/lib/python3.7/site-packages/airflow/example_dags/example_datasets.py for tasks to queue
[2023-04-02T10:33:53.093+0000] {logging_mixin.py:137} INFO - [2023-04-02T10:33:53.093+0000] {dagbag.py:532} INFO - Filling up the DagBag from /home/airflow/.local/lib/python3.7/site-packages/airflow/example_dags/example_datasets.py
[2023-04-02T10:33:53.175+0000] {processor.py:753} INFO - DAG(s) dict_keys(['dataset_consumes_1_and_2', 'dataset_produces_2', 'dataset_produces_1', 'dataset_consumes_unknown_never_scheduled', 'dataset_consumes_1', 'dataset_consumes_1_never_scheduled']) retrieved from /home/airflow/.local/lib/python3.7/site-packages/airflow/example_dags/example_datasets.py
[2023-04-02T10:33:53.700+0000] {logging_mixin.py:137} INFO - [2023-04-02T10:33:53.700+0000] {dag.py:2705} INFO - Sync 6 DAGs
[2023-04-02T10:33:53.757+0000] {logging_mixin.py:137} INFO - [2023-04-02T10:33:53.757+0000] {dag.py:3456} INFO - Setting next_dagrun for dataset_consumes_1 to None, run_after=None
[2023-04-02T10:33:53.770+0000] {logging_mixin.py:137} INFO - [2023-04-02T10:33:53.770+0000] {dag.py:3456} INFO - Setting next_dagrun for dataset_consumes_1_and_2 to None, run_after=None
[2023-04-02T10:33:53.779+0000] {logging_mixin.py:137} INFO - [2023-04-02T10:33:53.779+0000] {dag.py:3456} INFO - Setting next_dagrun for dataset_consumes_1_never_scheduled to None, run_after=None
[2023-04-02T10:33:53.787+0000] {logging_mixin.py:137} INFO - [2023-04-02T10:33:53.786+0000] {dag.py:3456} INFO - Setting next_dagrun for dataset_consumes_unknown_never_scheduled to None, run_after=None
[2023-04-02T10:33:53.803+0000] {logging_mixin.py:137} INFO - [2023-04-02T10:33:53.803+0000] {dag.py:3456} INFO - Setting next_dagrun for dataset_produces_1 to 2023-04-01T00:00:00+00:00, run_after=2023-04-02T00:00:00+00:00
[2023-04-02T10:33:53.815+0000] {logging_mixin.py:137} INFO - [2023-04-02T10:33:53.814+0000] {dag.py:3456} INFO - Setting next_dagrun for dataset_produces_2 to None, run_after=None
[2023-04-02T10:33:53.956+0000] {processor.py:175} INFO - Processing /home/airflow/.local/lib/python3.7/site-packages/airflow/example_dags/example_datasets.py took 0.900 seconds
[2023-04-02T10:34:24.578+0000] {processor.py:153} INFO - Started process (PID=913) to work on /home/airflow/.local/lib/python3.7/site-packages/airflow/example_dags/example_datasets.py
[2023-04-02T10:34:24.581+0000] {processor.py:743} INFO - Processing file /home/airflow/.local/lib/python3.7/site-packages/airflow/example_dags/example_datasets.py for tasks to queue
[2023-04-02T10:34:24.583+0000] {logging_mixin.py:137} INFO - [2023-04-02T10:34:24.583+0000] {dagbag.py:532} INFO - Filling up the DagBag from /home/airflow/.local/lib/python3.7/site-packages/airflow/example_dags/example_datasets.py
[2023-04-02T10:34:24.636+0000] {processor.py:753} INFO - DAG(s) dict_keys(['dataset_consumes_unknown_never_scheduled', 'dataset_consumes_1_never_scheduled', 'dataset_consumes_1', 'dataset_consumes_1_and_2', 'dataset_produces_2', 'dataset_produces_1']) retrieved from /home/airflow/.local/lib/python3.7/site-packages/airflow/example_dags/example_datasets.py
[2023-04-02T10:34:24.901+0000] {logging_mixin.py:137} INFO - [2023-04-02T10:34:24.901+0000] {dag.py:2705} INFO - Sync 6 DAGs
[2023-04-02T10:34:25.154+0000] {logging_mixin.py:137} INFO - [2023-04-02T10:34:25.152+0000] {dag.py:3456} INFO - Setting next_dagrun for dataset_consumes_1 to None, run_after=None
[2023-04-02T10:34:25.163+0000] {logging_mixin.py:137} INFO - [2023-04-02T10:34:25.163+0000] {dag.py:3456} INFO - Setting next_dagrun for dataset_consumes_1_and_2 to None, run_after=None
[2023-04-02T10:34:25.167+0000] {logging_mixin.py:137} INFO - [2023-04-02T10:34:25.167+0000] {dag.py:3456} INFO - Setting next_dagrun for dataset_consumes_1_never_scheduled to None, run_after=None
[2023-04-02T10:34:25.172+0000] {logging_mixin.py:137} INFO - [2023-04-02T10:34:25.171+0000] {dag.py:3456} INFO - Setting next_dagrun for dataset_consumes_unknown_never_scheduled to None, run_after=None
[2023-04-02T10:34:25.180+0000] {logging_mixin.py:137} INFO - [2023-04-02T10:34:25.180+0000] {dag.py:3456} INFO - Setting next_dagrun for dataset_produces_1 to 2023-04-01T00:00:00+00:00, run_after=2023-04-02T00:00:00+00:00
[2023-04-02T10:34:25.186+0000] {logging_mixin.py:137} INFO - [2023-04-02T10:34:25.186+0000] {dag.py:3456} INFO - Setting next_dagrun for dataset_produces_2 to None, run_after=None
[2023-04-02T10:34:25.456+0000] {processor.py:175} INFO - Processing /home/airflow/.local/lib/python3.7/site-packages/airflow/example_dags/example_datasets.py took 0.882 seconds
[2023-04-02T10:34:56.029+0000] {processor.py:153} INFO - Started process (PID=1137) to work on /home/airflow/.local/lib/python3.7/site-packages/airflow/example_dags/example_datasets.py
[2023-04-02T10:34:56.036+0000] {processor.py:743} INFO - Processing file /home/airflow/.local/lib/python3.7/site-packages/airflow/example_dags/example_datasets.py for tasks to queue
[2023-04-02T10:34:56.041+0000] {logging_mixin.py:137} INFO - [2023-04-02T10:34:56.041+0000] {dagbag.py:532} INFO - Filling up the DagBag from /home/airflow/.local/lib/python3.7/site-packages/airflow/example_dags/example_datasets.py
[2023-04-02T10:34:56.123+0000] {processor.py:753} INFO - DAG(s) dict_keys(['dataset_produces_1', 'dataset_produces_2', 'dataset_consumes_1_and_2', 'dataset_consumes_1_never_scheduled', 'dataset_consumes_unknown_never_scheduled', 'dataset_consumes_1']) retrieved from /home/airflow/.local/lib/python3.7/site-packages/airflow/example_dags/example_datasets.py
[2023-04-02T10:34:56.257+0000] {logging_mixin.py:137} INFO - [2023-04-02T10:34:56.253+0000] {dag.py:2705} INFO - Sync 6 DAGs
[2023-04-02T10:34:56.324+0000] {logging_mixin.py:137} INFO - [2023-04-02T10:34:56.324+0000] {dag.py:3456} INFO - Setting next_dagrun for dataset_consumes_1 to None, run_after=None
[2023-04-02T10:34:56.333+0000] {logging_mixin.py:137} INFO - [2023-04-02T10:34:56.332+0000] {dag.py:3456} INFO - Setting next_dagrun for dataset_consumes_1_and_2 to None, run_after=None
[2023-04-02T10:34:56.336+0000] {logging_mixin.py:137} INFO - [2023-04-02T10:34:56.336+0000] {dag.py:3456} INFO - Setting next_dagrun for dataset_consumes_1_never_scheduled to None, run_after=None
[2023-04-02T10:34:56.341+0000] {logging_mixin.py:137} INFO - [2023-04-02T10:34:56.341+0000] {dag.py:3456} INFO - Setting next_dagrun for dataset_consumes_unknown_never_scheduled to None, run_after=None
[2023-04-02T10:34:56.349+0000] {logging_mixin.py:137} INFO - [2023-04-02T10:34:56.348+0000] {dag.py:3456} INFO - Setting next_dagrun for dataset_produces_1 to 2023-04-01T00:00:00+00:00, run_after=2023-04-02T00:00:00+00:00
[2023-04-02T10:34:56.352+0000] {logging_mixin.py:137} INFO - [2023-04-02T10:34:56.352+0000] {dag.py:3456} INFO - Setting next_dagrun for dataset_produces_2 to None, run_after=None
[2023-04-02T10:34:56.461+0000] {processor.py:175} INFO - Processing /home/airflow/.local/lib/python3.7/site-packages/airflow/example_dags/example_datasets.py took 0.444 seconds
[2023-04-02T10:35:27.480+0000] {processor.py:153} INFO - Started process (PID=1355) to work on /home/airflow/.local/lib/python3.7/site-packages/airflow/example_dags/example_datasets.py
[2023-04-02T10:35:27.483+0000] {processor.py:743} INFO - Processing file /home/airflow/.local/lib/python3.7/site-packages/airflow/example_dags/example_datasets.py for tasks to queue
[2023-04-02T10:35:27.486+0000] {logging_mixin.py:137} INFO - [2023-04-02T10:35:27.485+0000] {dagbag.py:532} INFO - Filling up the DagBag from /home/airflow/.local/lib/python3.7/site-packages/airflow/example_dags/example_datasets.py
[2023-04-02T10:35:27.525+0000] {processor.py:753} INFO - DAG(s) dict_keys(['dataset_consumes_1_never_scheduled', 'dataset_produces_1', 'dataset_produces_2', 'dataset_consumes_1_and_2', 'dataset_consumes_unknown_never_scheduled', 'dataset_consumes_1']) retrieved from /home/airflow/.local/lib/python3.7/site-packages/airflow/example_dags/example_datasets.py
[2023-04-02T10:35:27.630+0000] {logging_mixin.py:137} INFO - [2023-04-02T10:35:27.629+0000] {dag.py:2705} INFO - Sync 6 DAGs
[2023-04-02T10:35:27.694+0000] {logging_mixin.py:137} INFO - [2023-04-02T10:35:27.694+0000] {dag.py:3456} INFO - Setting next_dagrun for dataset_consumes_1 to None, run_after=None
[2023-04-02T10:35:27.707+0000] {logging_mixin.py:137} INFO - [2023-04-02T10:35:27.706+0000] {dag.py:3456} INFO - Setting next_dagrun for dataset_consumes_1_and_2 to None, run_after=None
[2023-04-02T10:35:27.712+0000] {logging_mixin.py:137} INFO - [2023-04-02T10:35:27.711+0000] {dag.py:3456} INFO - Setting next_dagrun for dataset_consumes_1_never_scheduled to None, run_after=None
[2023-04-02T10:35:27.717+0000] {logging_mixin.py:137} INFO - [2023-04-02T10:35:27.717+0000] {dag.py:3456} INFO - Setting next_dagrun for dataset_consumes_unknown_never_scheduled to None, run_after=None
[2023-04-02T10:35:27.726+0000] {logging_mixin.py:137} INFO - [2023-04-02T10:35:27.726+0000] {dag.py:3456} INFO - Setting next_dagrun for dataset_produces_1 to 2023-04-01T00:00:00+00:00, run_after=2023-04-02T00:00:00+00:00
[2023-04-02T10:35:27.731+0000] {logging_mixin.py:137} INFO - [2023-04-02T10:35:27.731+0000] {dag.py:3456} INFO - Setting next_dagrun for dataset_produces_2 to None, run_after=None
[2023-04-02T10:35:27.806+0000] {processor.py:175} INFO - Processing /home/airflow/.local/lib/python3.7/site-packages/airflow/example_dags/example_datasets.py took 0.333 seconds
[2023-04-02T10:35:58.021+0000] {processor.py:153} INFO - Started process (PID=1573) to work on /home/airflow/.local/lib/python3.7/site-packages/airflow/example_dags/example_datasets.py
[2023-04-02T10:35:58.023+0000] {processor.py:743} INFO - Processing file /home/airflow/.local/lib/python3.7/site-packages/airflow/example_dags/example_datasets.py for tasks to queue
[2023-04-02T10:35:58.028+0000] {logging_mixin.py:137} INFO - [2023-04-02T10:35:58.028+0000] {dagbag.py:532} INFO - Filling up the DagBag from /home/airflow/.local/lib/python3.7/site-packages/airflow/example_dags/example_datasets.py
[2023-04-02T10:35:58.069+0000] {processor.py:753} INFO - DAG(s) dict_keys(['dataset_produces_1', 'dataset_consumes_1_never_scheduled', 'dataset_consumes_1_and_2', 'dataset_consumes_unknown_never_scheduled', 'dataset_produces_2', 'dataset_consumes_1']) retrieved from /home/airflow/.local/lib/python3.7/site-packages/airflow/example_dags/example_datasets.py
[2023-04-02T10:35:58.190+0000] {logging_mixin.py:137} INFO - [2023-04-02T10:35:58.190+0000] {dag.py:2705} INFO - Sync 6 DAGs
[2023-04-02T10:35:58.247+0000] {logging_mixin.py:137} INFO - [2023-04-02T10:35:58.244+0000] {dag.py:3456} INFO - Setting next_dagrun for dataset_consumes_1 to None, run_after=None
[2023-04-02T10:35:58.263+0000] {logging_mixin.py:137} INFO - [2023-04-02T10:35:58.263+0000] {dag.py:3456} INFO - Setting next_dagrun for dataset_consumes_1_and_2 to None, run_after=None
[2023-04-02T10:35:58.268+0000] {logging_mixin.py:137} INFO - [2023-04-02T10:35:58.267+0000] {dag.py:3456} INFO - Setting next_dagrun for dataset_consumes_1_never_scheduled to None, run_after=None
[2023-04-02T10:35:58.274+0000] {logging_mixin.py:137} INFO - [2023-04-02T10:35:58.274+0000] {dag.py:3456} INFO - Setting next_dagrun for dataset_consumes_unknown_never_scheduled to None, run_after=None
[2023-04-02T10:35:58.284+0000] {logging_mixin.py:137} INFO - [2023-04-02T10:35:58.284+0000] {dag.py:3456} INFO - Setting next_dagrun for dataset_produces_1 to 2023-04-01T00:00:00+00:00, run_after=2023-04-02T00:00:00+00:00
[2023-04-02T10:35:58.291+0000] {logging_mixin.py:137} INFO - [2023-04-02T10:35:58.290+0000] {dag.py:3456} INFO - Setting next_dagrun for dataset_produces_2 to None, run_after=None
[2023-04-02T10:35:58.413+0000] {processor.py:175} INFO - Processing /home/airflow/.local/lib/python3.7/site-packages/airflow/example_dags/example_datasets.py took 0.399 seconds
[2023-04-02T10:36:29.250+0000] {processor.py:153} INFO - Started process (PID=1793) to work on /home/airflow/.local/lib/python3.7/site-packages/airflow/example_dags/example_datasets.py
[2023-04-02T10:36:29.252+0000] {processor.py:743} INFO - Processing file /home/airflow/.local/lib/python3.7/site-packages/airflow/example_dags/example_datasets.py for tasks to queue
[2023-04-02T10:36:29.255+0000] {logging_mixin.py:137} INFO - [2023-04-02T10:36:29.254+0000] {dagbag.py:532} INFO - Filling up the DagBag from /home/airflow/.local/lib/python3.7/site-packages/airflow/example_dags/example_datasets.py
[2023-04-02T10:36:29.288+0000] {processor.py:753} INFO - DAG(s) dict_keys(['dataset_produces_1', 'dataset_consumes_1_never_scheduled', 'dataset_produces_2', 'dataset_consumes_1_and_2', 'dataset_consumes_1', 'dataset_consumes_unknown_never_scheduled']) retrieved from /home/airflow/.local/lib/python3.7/site-packages/airflow/example_dags/example_datasets.py
[2023-04-02T10:36:29.364+0000] {logging_mixin.py:137} INFO - [2023-04-02T10:36:29.364+0000] {dag.py:2705} INFO - Sync 6 DAGs
[2023-04-02T10:36:29.409+0000] {logging_mixin.py:137} INFO - [2023-04-02T10:36:29.409+0000] {dag.py:3456} INFO - Setting next_dagrun for dataset_consumes_1 to None, run_after=None
[2023-04-02T10:36:29.414+0000] {logging_mixin.py:137} INFO - [2023-04-02T10:36:29.414+0000] {dag.py:3456} INFO - Setting next_dagrun for dataset_consumes_1_and_2 to None, run_after=None
[2023-04-02T10:36:29.416+0000] {logging_mixin.py:137} INFO - [2023-04-02T10:36:29.416+0000] {dag.py:3456} INFO - Setting next_dagrun for dataset_consumes_1_never_scheduled to None, run_after=None
[2023-04-02T10:36:29.419+0000] {logging_mixin.py:137} INFO - [2023-04-02T10:36:29.418+0000] {dag.py:3456} INFO - Setting next_dagrun for dataset_consumes_unknown_never_scheduled to None, run_after=None
[2023-04-02T10:36:29.425+0000] {logging_mixin.py:137} INFO - [2023-04-02T10:36:29.425+0000] {dag.py:3456} INFO - Setting next_dagrun for dataset_produces_1 to 2023-04-01T00:00:00+00:00, run_after=2023-04-02T00:00:00+00:00
[2023-04-02T10:36:29.428+0000] {logging_mixin.py:137} INFO - [2023-04-02T10:36:29.427+0000] {dag.py:3456} INFO - Setting next_dagrun for dataset_produces_2 to None, run_after=None
[2023-04-02T10:36:29.485+0000] {processor.py:175} INFO - Processing /home/airflow/.local/lib/python3.7/site-packages/airflow/example_dags/example_datasets.py took 0.242 seconds
[2023-04-02T10:37:00.133+0000] {processor.py:153} INFO - Started process (PID=2011) to work on /home/airflow/.local/lib/python3.7/site-packages/airflow/example_dags/example_datasets.py
[2023-04-02T10:37:00.135+0000] {processor.py:743} INFO - Processing file /home/airflow/.local/lib/python3.7/site-packages/airflow/example_dags/example_datasets.py for tasks to queue
[2023-04-02T10:37:00.144+0000] {logging_mixin.py:137} INFO - [2023-04-02T10:37:00.143+0000] {dagbag.py:532} INFO - Filling up the DagBag from /home/airflow/.local/lib/python3.7/site-packages/airflow/example_dags/example_datasets.py
[2023-04-02T10:37:00.196+0000] {processor.py:753} INFO - DAG(s) dict_keys(['dataset_consumes_1', 'dataset_produces_1', 'dataset_consumes_unknown_never_scheduled', 'dataset_consumes_1_never_scheduled', 'dataset_produces_2', 'dataset_consumes_1_and_2']) retrieved from /home/airflow/.local/lib/python3.7/site-packages/airflow/example_dags/example_datasets.py
[2023-04-02T10:37:00.303+0000] {logging_mixin.py:137} INFO - [2023-04-02T10:37:00.302+0000] {dag.py:2705} INFO - Sync 6 DAGs
[2023-04-02T10:37:00.378+0000] {logging_mixin.py:137} INFO - [2023-04-02T10:37:00.378+0000] {dag.py:3456} INFO - Setting next_dagrun for dataset_consumes_1 to None, run_after=None
[2023-04-02T10:37:00.390+0000] {logging_mixin.py:137} INFO - [2023-04-02T10:37:00.389+0000] {dag.py:3456} INFO - Setting next_dagrun for dataset_consumes_1_and_2 to None, run_after=None
[2023-04-02T10:37:00.393+0000] {logging_mixin.py:137} INFO - [2023-04-02T10:37:00.392+0000] {dag.py:3456} INFO - Setting next_dagrun for dataset_consumes_1_never_scheduled to None, run_after=None
[2023-04-02T10:37:00.399+0000] {logging_mixin.py:137} INFO - [2023-04-02T10:37:00.399+0000] {dag.py:3456} INFO - Setting next_dagrun for dataset_consumes_unknown_never_scheduled to None, run_after=None
[2023-04-02T10:37:00.410+0000] {logging_mixin.py:137} INFO - [2023-04-02T10:37:00.410+0000] {dag.py:3456} INFO - Setting next_dagrun for dataset_produces_1 to 2023-04-01T00:00:00+00:00, run_after=2023-04-02T00:00:00+00:00
[2023-04-02T10:37:00.414+0000] {logging_mixin.py:137} INFO - [2023-04-02T10:37:00.414+0000] {dag.py:3456} INFO - Setting next_dagrun for dataset_produces_2 to None, run_after=None
[2023-04-02T10:37:00.493+0000] {processor.py:175} INFO - Processing /home/airflow/.local/lib/python3.7/site-packages/airflow/example_dags/example_datasets.py took 0.373 seconds
[2023-04-02T10:37:30.827+0000] {processor.py:153} INFO - Started process (PID=2229) to work on /home/airflow/.local/lib/python3.7/site-packages/airflow/example_dags/example_datasets.py
[2023-04-02T10:37:30.828+0000] {processor.py:743} INFO - Processing file /home/airflow/.local/lib/python3.7/site-packages/airflow/example_dags/example_datasets.py for tasks to queue
[2023-04-02T10:37:30.832+0000] {logging_mixin.py:137} INFO - [2023-04-02T10:37:30.831+0000] {dagbag.py:532} INFO - Filling up the DagBag from /home/airflow/.local/lib/python3.7/site-packages/airflow/example_dags/example_datasets.py
[2023-04-02T10:37:30.865+0000] {processor.py:753} INFO - DAG(s) dict_keys(['dataset_produces_2', 'dataset_consumes_1', 'dataset_consumes_1_and_2', 'dataset_consumes_1_never_scheduled', 'dataset_consumes_unknown_never_scheduled', 'dataset_produces_1']) retrieved from /home/airflow/.local/lib/python3.7/site-packages/airflow/example_dags/example_datasets.py
[2023-04-02T10:37:30.938+0000] {logging_mixin.py:137} INFO - [2023-04-02T10:37:30.938+0000] {dag.py:2705} INFO - Sync 6 DAGs
[2023-04-02T10:37:31.032+0000] {logging_mixin.py:137} INFO - [2023-04-02T10:37:31.032+0000] {dag.py:3456} INFO - Setting next_dagrun for dataset_consumes_1 to None, run_after=None
[2023-04-02T10:37:31.044+0000] {logging_mixin.py:137} INFO - [2023-04-02T10:37:31.044+0000] {dag.py:3456} INFO - Setting next_dagrun for dataset_consumes_1_and_2 to None, run_after=None
[2023-04-02T10:37:31.048+0000] {logging_mixin.py:137} INFO - [2023-04-02T10:37:31.048+0000] {dag.py:3456} INFO - Setting next_dagrun for dataset_consumes_1_never_scheduled to None, run_after=None
[2023-04-02T10:37:31.055+0000] {logging_mixin.py:137} INFO - [2023-04-02T10:37:31.055+0000] {dag.py:3456} INFO - Setting next_dagrun for dataset_consumes_unknown_never_scheduled to None, run_after=None
[2023-04-02T10:37:31.064+0000] {logging_mixin.py:137} INFO - [2023-04-02T10:37:31.064+0000] {dag.py:3456} INFO - Setting next_dagrun for dataset_produces_1 to 2023-04-01T00:00:00+00:00, run_after=2023-04-02T00:00:00+00:00
[2023-04-02T10:37:31.072+0000] {logging_mixin.py:137} INFO - [2023-04-02T10:37:31.071+0000] {dag.py:3456} INFO - Setting next_dagrun for dataset_produces_2 to None, run_after=None
[2023-04-02T10:37:31.170+0000] {processor.py:175} INFO - Processing /home/airflow/.local/lib/python3.7/site-packages/airflow/example_dags/example_datasets.py took 0.349 seconds
[2023-04-02T10:38:01.814+0000] {processor.py:153} INFO - Started process (PID=2447) to work on /home/airflow/.local/lib/python3.7/site-packages/airflow/example_dags/example_datasets.py
[2023-04-02T10:38:01.818+0000] {processor.py:743} INFO - Processing file /home/airflow/.local/lib/python3.7/site-packages/airflow/example_dags/example_datasets.py for tasks to queue
[2023-04-02T10:38:01.823+0000] {logging_mixin.py:137} INFO - [2023-04-02T10:38:01.823+0000] {dagbag.py:532} INFO - Filling up the DagBag from /home/airflow/.local/lib/python3.7/site-packages/airflow/example_dags/example_datasets.py
[2023-04-02T10:38:01.861+0000] {processor.py:753} INFO - DAG(s) dict_keys(['dataset_produces_1', 'dataset_consumes_1_and_2', 'dataset_consumes_unknown_never_scheduled', 'dataset_consumes_1', 'dataset_consumes_1_never_scheduled', 'dataset_produces_2']) retrieved from /home/airflow/.local/lib/python3.7/site-packages/airflow/example_dags/example_datasets.py
[2023-04-02T10:38:01.972+0000] {logging_mixin.py:137} INFO - [2023-04-02T10:38:01.972+0000] {dag.py:2705} INFO - Sync 6 DAGs
[2023-04-02T10:38:02.028+0000] {logging_mixin.py:137} INFO - [2023-04-02T10:38:02.028+0000] {dag.py:3456} INFO - Setting next_dagrun for dataset_consumes_1 to None, run_after=None
[2023-04-02T10:38:02.042+0000] {logging_mixin.py:137} INFO - [2023-04-02T10:38:02.042+0000] {dag.py:3456} INFO - Setting next_dagrun for dataset_consumes_1_and_2 to None, run_after=None
[2023-04-02T10:38:02.045+0000] {logging_mixin.py:137} INFO - [2023-04-02T10:38:02.045+0000] {dag.py:3456} INFO - Setting next_dagrun for dataset_consumes_1_never_scheduled to None, run_after=None
[2023-04-02T10:38:02.048+0000] {logging_mixin.py:137} INFO - [2023-04-02T10:38:02.048+0000] {dag.py:3456} INFO - Setting next_dagrun for dataset_consumes_unknown_never_scheduled to None, run_after=None
[2023-04-02T10:38:02.060+0000] {logging_mixin.py:137} INFO - [2023-04-02T10:38:02.059+0000] {dag.py:3456} INFO - Setting next_dagrun for dataset_produces_1 to 2023-04-01T00:00:00+00:00, run_after=2023-04-02T00:00:00+00:00
[2023-04-02T10:38:02.063+0000] {logging_mixin.py:137} INFO - [2023-04-02T10:38:02.063+0000] {dag.py:3456} INFO - Setting next_dagrun for dataset_produces_2 to None, run_after=None
[2023-04-02T10:38:02.133+0000] {processor.py:175} INFO - Processing /home/airflow/.local/lib/python3.7/site-packages/airflow/example_dags/example_datasets.py took 0.326 seconds
[2023-04-02T10:38:32.926+0000] {processor.py:153} INFO - Started process (PID=2665) to work on /home/airflow/.local/lib/python3.7/site-packages/airflow/example_dags/example_datasets.py
[2023-04-02T10:38:32.928+0000] {processor.py:743} INFO - Processing file /home/airflow/.local/lib/python3.7/site-packages/airflow/example_dags/example_datasets.py for tasks to queue
[2023-04-02T10:38:32.933+0000] {logging_mixin.py:137} INFO - [2023-04-02T10:38:32.933+0000] {dagbag.py:532} INFO - Filling up the DagBag from /home/airflow/.local/lib/python3.7/site-packages/airflow/example_dags/example_datasets.py
[2023-04-02T10:38:33.000+0000] {processor.py:753} INFO - DAG(s) dict_keys(['dataset_consumes_1_never_scheduled', 'dataset_consumes_unknown_never_scheduled', 'dataset_consumes_1', 'dataset_produces_2', 'dataset_consumes_1_and_2', 'dataset_produces_1']) retrieved from /home/airflow/.local/lib/python3.7/site-packages/airflow/example_dags/example_datasets.py
[2023-04-02T10:38:33.106+0000] {logging_mixin.py:137} INFO - [2023-04-02T10:38:33.106+0000] {dag.py:2705} INFO - Sync 6 DAGs
[2023-04-02T10:38:33.149+0000] {logging_mixin.py:137} INFO - [2023-04-02T10:38:33.149+0000] {dag.py:3456} INFO - Setting next_dagrun for dataset_consumes_1 to None, run_after=None
[2023-04-02T10:38:33.157+0000] {logging_mixin.py:137} INFO - [2023-04-02T10:38:33.157+0000] {dag.py:3456} INFO - Setting next_dagrun for dataset_consumes_1_and_2 to None, run_after=None
[2023-04-02T10:38:33.160+0000] {logging_mixin.py:137} INFO - [2023-04-02T10:38:33.160+0000] {dag.py:3456} INFO - Setting next_dagrun for dataset_consumes_1_never_scheduled to None, run_after=None
[2023-04-02T10:38:33.166+0000] {logging_mixin.py:137} INFO - [2023-04-02T10:38:33.166+0000] {dag.py:3456} INFO - Setting next_dagrun for dataset_consumes_unknown_never_scheduled to None, run_after=None
[2023-04-02T10:38:33.176+0000] {logging_mixin.py:137} INFO - [2023-04-02T10:38:33.176+0000] {dag.py:3456} INFO - Setting next_dagrun for dataset_produces_1 to 2023-04-01T00:00:00+00:00, run_after=2023-04-02T00:00:00+00:00
[2023-04-02T10:38:33.180+0000] {logging_mixin.py:137} INFO - [2023-04-02T10:38:33.180+0000] {dag.py:3456} INFO - Setting next_dagrun for dataset_produces_2 to None, run_after=None
[2023-04-02T10:38:33.262+0000] {processor.py:175} INFO - Processing /home/airflow/.local/lib/python3.7/site-packages/airflow/example_dags/example_datasets.py took 0.344 seconds
[2023-04-02T10:39:03.504+0000] {processor.py:153} INFO - Started process (PID=2883) to work on /home/airflow/.local/lib/python3.7/site-packages/airflow/example_dags/example_datasets.py
[2023-04-02T10:39:03.509+0000] {processor.py:743} INFO - Processing file /home/airflow/.local/lib/python3.7/site-packages/airflow/example_dags/example_datasets.py for tasks to queue
[2023-04-02T10:39:03.513+0000] {logging_mixin.py:137} INFO - [2023-04-02T10:39:03.512+0000] {dagbag.py:532} INFO - Filling up the DagBag from /home/airflow/.local/lib/python3.7/site-packages/airflow/example_dags/example_datasets.py
[2023-04-02T10:39:03.555+0000] {processor.py:753} INFO - DAG(s) dict_keys(['dataset_consumes_1_and_2', 'dataset_produces_2', 'dataset_produces_1', 'dataset_consumes_1_never_scheduled', 'dataset_consumes_unknown_never_scheduled', 'dataset_consumes_1']) retrieved from /home/airflow/.local/lib/python3.7/site-packages/airflow/example_dags/example_datasets.py
[2023-04-02T10:39:03.655+0000] {logging_mixin.py:137} INFO - [2023-04-02T10:39:03.654+0000] {dag.py:2705} INFO - Sync 6 DAGs
[2023-04-02T10:39:03.739+0000] {logging_mixin.py:137} INFO - [2023-04-02T10:39:03.739+0000] {dag.py:3456} INFO - Setting next_dagrun for dataset_consumes_1 to None, run_after=None
[2023-04-02T10:39:03.752+0000] {logging_mixin.py:137} INFO - [2023-04-02T10:39:03.751+0000] {dag.py:3456} INFO - Setting next_dagrun for dataset_consumes_1_and_2 to None, run_after=None
[2023-04-02T10:39:03.755+0000] {logging_mixin.py:137} INFO - [2023-04-02T10:39:03.755+0000] {dag.py:3456} INFO - Setting next_dagrun for dataset_consumes_1_never_scheduled to None, run_after=None
[2023-04-02T10:39:03.761+0000] {logging_mixin.py:137} INFO - [2023-04-02T10:39:03.760+0000] {dag.py:3456} INFO - Setting next_dagrun for dataset_consumes_unknown_never_scheduled to None, run_after=None
[2023-04-02T10:39:03.770+0000] {logging_mixin.py:137} INFO - [2023-04-02T10:39:03.770+0000] {dag.py:3456} INFO - Setting next_dagrun for dataset_produces_1 to 2023-04-01T00:00:00+00:00, run_after=2023-04-02T00:00:00+00:00
[2023-04-02T10:39:03.780+0000] {logging_mixin.py:137} INFO - [2023-04-02T10:39:03.779+0000] {dag.py:3456} INFO - Setting next_dagrun for dataset_produces_2 to None, run_after=None
[2023-04-02T10:39:03.919+0000] {processor.py:175} INFO - Processing /home/airflow/.local/lib/python3.7/site-packages/airflow/example_dags/example_datasets.py took 0.432 seconds
[2023-04-02T10:39:34.100+0000] {processor.py:153} INFO - Started process (PID=3101) to work on /home/airflow/.local/lib/python3.7/site-packages/airflow/example_dags/example_datasets.py
[2023-04-02T10:39:34.104+0000] {processor.py:743} INFO - Processing file /home/airflow/.local/lib/python3.7/site-packages/airflow/example_dags/example_datasets.py for tasks to queue
[2023-04-02T10:39:34.107+0000] {logging_mixin.py:137} INFO - [2023-04-02T10:39:34.107+0000] {dagbag.py:532} INFO - Filling up the DagBag from /home/airflow/.local/lib/python3.7/site-packages/airflow/example_dags/example_datasets.py
[2023-04-02T10:39:34.161+0000] {processor.py:753} INFO - DAG(s) dict_keys(['dataset_consumes_1', 'dataset_consumes_1_never_scheduled', 'dataset_consumes_1_and_2', 'dataset_consumes_unknown_never_scheduled', 'dataset_produces_2', 'dataset_produces_1']) retrieved from /home/airflow/.local/lib/python3.7/site-packages/airflow/example_dags/example_datasets.py
[2023-04-02T10:39:34.263+0000] {logging_mixin.py:137} INFO - [2023-04-02T10:39:34.263+0000] {dag.py:2705} INFO - Sync 6 DAGs
[2023-04-02T10:39:34.323+0000] {logging_mixin.py:137} INFO - [2023-04-02T10:39:34.323+0000] {dag.py:3456} INFO - Setting next_dagrun for dataset_consumes_1 to None, run_after=None
[2023-04-02T10:39:34.334+0000] {logging_mixin.py:137} INFO - [2023-04-02T10:39:34.334+0000] {dag.py:3456} INFO - Setting next_dagrun for dataset_consumes_1_and_2 to None, run_after=None
[2023-04-02T10:39:34.339+0000] {logging_mixin.py:137} INFO - [2023-04-02T10:39:34.339+0000] {dag.py:3456} INFO - Setting next_dagrun for dataset_consumes_1_never_scheduled to None, run_after=None
[2023-04-02T10:39:34.344+0000] {logging_mixin.py:137} INFO - [2023-04-02T10:39:34.344+0000] {dag.py:3456} INFO - Setting next_dagrun for dataset_consumes_unknown_never_scheduled to None, run_after=None
[2023-04-02T10:39:34.353+0000] {logging_mixin.py:137} INFO - [2023-04-02T10:39:34.352+0000] {dag.py:3456} INFO - Setting next_dagrun for dataset_produces_1 to 2023-04-01T00:00:00+00:00, run_after=2023-04-02T00:00:00+00:00
[2023-04-02T10:39:34.357+0000] {logging_mixin.py:137} INFO - [2023-04-02T10:39:34.357+0000] {dag.py:3456} INFO - Setting next_dagrun for dataset_produces_2 to None, run_after=None
[2023-04-02T10:39:34.420+0000] {processor.py:175} INFO - Processing /home/airflow/.local/lib/python3.7/site-packages/airflow/example_dags/example_datasets.py took 0.330 seconds
[2023-04-02T10:40:04.838+0000] {processor.py:153} INFO - Started process (PID=3317) to work on /home/airflow/.local/lib/python3.7/site-packages/airflow/example_dags/example_datasets.py
[2023-04-02T10:40:04.841+0000] {processor.py:743} INFO - Processing file /home/airflow/.local/lib/python3.7/site-packages/airflow/example_dags/example_datasets.py for tasks to queue
[2023-04-02T10:40:04.846+0000] {logging_mixin.py:137} INFO - [2023-04-02T10:40:04.845+0000] {dagbag.py:532} INFO - Filling up the DagBag from /home/airflow/.local/lib/python3.7/site-packages/airflow/example_dags/example_datasets.py
[2023-04-02T10:40:04.950+0000] {processor.py:753} INFO - DAG(s) dict_keys(['dataset_consumes_1_never_scheduled', 'dataset_produces_1', 'dataset_consumes_unknown_never_scheduled', 'dataset_consumes_1', 'dataset_produces_2', 'dataset_consumes_1_and_2']) retrieved from /home/airflow/.local/lib/python3.7/site-packages/airflow/example_dags/example_datasets.py
[2023-04-02T10:40:05.078+0000] {logging_mixin.py:137} INFO - [2023-04-02T10:40:05.078+0000] {dag.py:2705} INFO - Sync 6 DAGs
[2023-04-02T10:40:05.139+0000] {logging_mixin.py:137} INFO - [2023-04-02T10:40:05.139+0000] {dag.py:3456} INFO - Setting next_dagrun for dataset_consumes_1 to None, run_after=None
[2023-04-02T10:40:05.156+0000] {logging_mixin.py:137} INFO - [2023-04-02T10:40:05.156+0000] {dag.py:3456} INFO - Setting next_dagrun for dataset_consumes_1_and_2 to None, run_after=None
[2023-04-02T10:40:05.169+0000] {logging_mixin.py:137} INFO - [2023-04-02T10:40:05.169+0000] {dag.py:3456} INFO - Setting next_dagrun for dataset_consumes_1_never_scheduled to None, run_after=None
[2023-04-02T10:40:05.173+0000] {logging_mixin.py:137} INFO - [2023-04-02T10:40:05.173+0000] {dag.py:3456} INFO - Setting next_dagrun for dataset_consumes_unknown_never_scheduled to None, run_after=None
[2023-04-02T10:40:05.186+0000] {logging_mixin.py:137} INFO - [2023-04-02T10:40:05.186+0000] {dag.py:3456} INFO - Setting next_dagrun for dataset_produces_1 to 2023-04-01T00:00:00+00:00, run_after=2023-04-02T00:00:00+00:00
[2023-04-02T10:40:05.196+0000] {logging_mixin.py:137} INFO - [2023-04-02T10:40:05.195+0000] {dag.py:3456} INFO - Setting next_dagrun for dataset_produces_2 to None, run_after=None
[2023-04-02T10:40:05.289+0000] {processor.py:175} INFO - Processing /home/airflow/.local/lib/python3.7/site-packages/airflow/example_dags/example_datasets.py took 0.470 seconds
[2023-04-02T10:40:35.473+0000] {processor.py:153} INFO - Started process (PID=3542) to work on /home/airflow/.local/lib/python3.7/site-packages/airflow/example_dags/example_datasets.py
[2023-04-02T10:40:35.475+0000] {processor.py:743} INFO - Processing file /home/airflow/.local/lib/python3.7/site-packages/airflow/example_dags/example_datasets.py for tasks to queue
[2023-04-02T10:40:35.479+0000] {logging_mixin.py:137} INFO - [2023-04-02T10:40:35.479+0000] {dagbag.py:532} INFO - Filling up the DagBag from /home/airflow/.local/lib/python3.7/site-packages/airflow/example_dags/example_datasets.py
[2023-04-02T10:40:35.518+0000] {processor.py:753} INFO - DAG(s) dict_keys(['dataset_consumes_1_and_2', 'dataset_produces_1', 'dataset_produces_2', 'dataset_consumes_unknown_never_scheduled', 'dataset_consumes_1_never_scheduled', 'dataset_consumes_1']) retrieved from /home/airflow/.local/lib/python3.7/site-packages/airflow/example_dags/example_datasets.py
[2023-04-02T10:40:35.645+0000] {logging_mixin.py:137} INFO - [2023-04-02T10:40:35.644+0000] {dag.py:2705} INFO - Sync 6 DAGs
[2023-04-02T10:40:35.734+0000] {logging_mixin.py:137} INFO - [2023-04-02T10:40:35.734+0000] {dag.py:3456} INFO - Setting next_dagrun for dataset_consumes_1 to None, run_after=None
[2023-04-02T10:40:35.743+0000] {logging_mixin.py:137} INFO - [2023-04-02T10:40:35.742+0000] {dag.py:3456} INFO - Setting next_dagrun for dataset_consumes_1_and_2 to None, run_after=None
[2023-04-02T10:40:35.750+0000] {logging_mixin.py:137} INFO - [2023-04-02T10:40:35.750+0000] {dag.py:3456} INFO - Setting next_dagrun for dataset_consumes_1_never_scheduled to None, run_after=None
[2023-04-02T10:40:35.753+0000] {logging_mixin.py:137} INFO - [2023-04-02T10:40:35.753+0000] {dag.py:3456} INFO - Setting next_dagrun for dataset_consumes_unknown_never_scheduled to None, run_after=None
[2023-04-02T10:40:35.766+0000] {logging_mixin.py:137} INFO - [2023-04-02T10:40:35.766+0000] {dag.py:3456} INFO - Setting next_dagrun for dataset_produces_1 to 2023-04-01T00:00:00+00:00, run_after=2023-04-02T00:00:00+00:00
[2023-04-02T10:40:35.771+0000] {logging_mixin.py:137} INFO - [2023-04-02T10:40:35.771+0000] {dag.py:3456} INFO - Setting next_dagrun for dataset_produces_2 to None, run_after=None
[2023-04-02T10:40:35.872+0000] {processor.py:175} INFO - Processing /home/airflow/.local/lib/python3.7/site-packages/airflow/example_dags/example_datasets.py took 0.406 seconds
[2023-04-02T10:41:06.474+0000] {processor.py:153} INFO - Started process (PID=3752) to work on /home/airflow/.local/lib/python3.7/site-packages/airflow/example_dags/example_datasets.py
[2023-04-02T10:41:06.491+0000] {processor.py:743} INFO - Processing file /home/airflow/.local/lib/python3.7/site-packages/airflow/example_dags/example_datasets.py for tasks to queue
[2023-04-02T10:41:06.494+0000] {logging_mixin.py:137} INFO - [2023-04-02T10:41:06.494+0000] {dagbag.py:532} INFO - Filling up the DagBag from /home/airflow/.local/lib/python3.7/site-packages/airflow/example_dags/example_datasets.py
[2023-04-02T10:41:06.542+0000] {processor.py:753} INFO - DAG(s) dict_keys(['dataset_consumes_1', 'dataset_produces_2', 'dataset_consumes_unknown_never_scheduled', 'dataset_consumes_1_never_scheduled', 'dataset_consumes_1_and_2', 'dataset_produces_1']) retrieved from /home/airflow/.local/lib/python3.7/site-packages/airflow/example_dags/example_datasets.py
[2023-04-02T10:41:06.649+0000] {logging_mixin.py:137} INFO - [2023-04-02T10:41:06.649+0000] {dag.py:2705} INFO - Sync 6 DAGs
[2023-04-02T10:41:06.743+0000] {logging_mixin.py:137} INFO - [2023-04-02T10:41:06.743+0000] {dag.py:3456} INFO - Setting next_dagrun for dataset_consumes_1 to None, run_after=None
[2023-04-02T10:41:06.750+0000] {logging_mixin.py:137} INFO - [2023-04-02T10:41:06.750+0000] {dag.py:3456} INFO - Setting next_dagrun for dataset_consumes_1_and_2 to None, run_after=None
[2023-04-02T10:41:06.758+0000] {logging_mixin.py:137} INFO - [2023-04-02T10:41:06.757+0000] {dag.py:3456} INFO - Setting next_dagrun for dataset_consumes_1_never_scheduled to None, run_after=None
[2023-04-02T10:41:06.764+0000] {logging_mixin.py:137} INFO - [2023-04-02T10:41:06.764+0000] {dag.py:3456} INFO - Setting next_dagrun for dataset_consumes_unknown_never_scheduled to None, run_after=None
[2023-04-02T10:41:06.772+0000] {logging_mixin.py:137} INFO - [2023-04-02T10:41:06.772+0000] {dag.py:3456} INFO - Setting next_dagrun for dataset_produces_1 to 2023-04-01T00:00:00+00:00, run_after=2023-04-02T00:00:00+00:00
[2023-04-02T10:41:06.781+0000] {logging_mixin.py:137} INFO - [2023-04-02T10:41:06.780+0000] {dag.py:3456} INFO - Setting next_dagrun for dataset_produces_2 to None, run_after=None
[2023-04-02T10:41:06.872+0000] {processor.py:175} INFO - Processing /home/airflow/.local/lib/python3.7/site-packages/airflow/example_dags/example_datasets.py took 0.405 seconds
[2023-04-02T10:41:37.731+0000] {processor.py:153} INFO - Started process (PID=3973) to work on /home/airflow/.local/lib/python3.7/site-packages/airflow/example_dags/example_datasets.py
[2023-04-02T10:41:37.733+0000] {processor.py:743} INFO - Processing file /home/airflow/.local/lib/python3.7/site-packages/airflow/example_dags/example_datasets.py for tasks to queue
[2023-04-02T10:41:37.736+0000] {logging_mixin.py:137} INFO - [2023-04-02T10:41:37.735+0000] {dagbag.py:532} INFO - Filling up the DagBag from /home/airflow/.local/lib/python3.7/site-packages/airflow/example_dags/example_datasets.py
[2023-04-02T10:41:37.770+0000] {processor.py:753} INFO - DAG(s) dict_keys(['dataset_consumes_1_and_2', 'dataset_consumes_1', 'dataset_produces_1', 'dataset_produces_2', 'dataset_consumes_unknown_never_scheduled', 'dataset_consumes_1_never_scheduled']) retrieved from /home/airflow/.local/lib/python3.7/site-packages/airflow/example_dags/example_datasets.py
[2023-04-02T10:41:37.885+0000] {logging_mixin.py:137} INFO - [2023-04-02T10:41:37.885+0000] {dag.py:2705} INFO - Sync 6 DAGs
[2023-04-02T10:41:38.018+0000] {logging_mixin.py:137} INFO - [2023-04-02T10:41:38.018+0000] {dag.py:3456} INFO - Setting next_dagrun for dataset_consumes_1 to None, run_after=None
[2023-04-02T10:41:38.034+0000] {logging_mixin.py:137} INFO - [2023-04-02T10:41:38.034+0000] {dag.py:3456} INFO - Setting next_dagrun for dataset_consumes_1_and_2 to None, run_after=None
[2023-04-02T10:41:38.039+0000] {logging_mixin.py:137} INFO - [2023-04-02T10:41:38.039+0000] {dag.py:3456} INFO - Setting next_dagrun for dataset_consumes_1_never_scheduled to None, run_after=None
[2023-04-02T10:41:38.046+0000] {logging_mixin.py:137} INFO - [2023-04-02T10:41:38.046+0000] {dag.py:3456} INFO - Setting next_dagrun for dataset_consumes_unknown_never_scheduled to None, run_after=None
[2023-04-02T10:41:38.060+0000] {logging_mixin.py:137} INFO - [2023-04-02T10:41:38.060+0000] {dag.py:3456} INFO - Setting next_dagrun for dataset_produces_1 to 2023-04-01T00:00:00+00:00, run_after=2023-04-02T00:00:00+00:00
[2023-04-02T10:41:38.064+0000] {logging_mixin.py:137} INFO - [2023-04-02T10:41:38.064+0000] {dag.py:3456} INFO - Setting next_dagrun for dataset_produces_2 to None, run_after=None
[2023-04-02T10:41:38.184+0000] {processor.py:175} INFO - Processing /home/airflow/.local/lib/python3.7/site-packages/airflow/example_dags/example_datasets.py took 0.463 seconds
[2023-04-02T10:42:09.589+0000] {processor.py:153} INFO - Started process (PID=4187) to work on /home/airflow/.local/lib/python3.7/site-packages/airflow/example_dags/example_datasets.py
[2023-04-02T10:42:09.601+0000] {processor.py:743} INFO - Processing file /home/airflow/.local/lib/python3.7/site-packages/airflow/example_dags/example_datasets.py for tasks to queue
[2023-04-02T10:42:09.608+0000] {logging_mixin.py:137} INFO - [2023-04-02T10:42:09.607+0000] {dagbag.py:532} INFO - Filling up the DagBag from /home/airflow/.local/lib/python3.7/site-packages/airflow/example_dags/example_datasets.py
[2023-04-02T10:42:09.699+0000] {processor.py:753} INFO - DAG(s) dict_keys(['dataset_consumes_1_and_2', 'dataset_consumes_1_never_scheduled', 'dataset_produces_1', 'dataset_produces_2', 'dataset_consumes_1', 'dataset_consumes_unknown_never_scheduled']) retrieved from /home/airflow/.local/lib/python3.7/site-packages/airflow/example_dags/example_datasets.py
[2023-04-02T10:42:09.945+0000] {logging_mixin.py:137} INFO - [2023-04-02T10:42:09.945+0000] {dag.py:2705} INFO - Sync 6 DAGs
[2023-04-02T10:42:10.182+0000] {logging_mixin.py:137} INFO - [2023-04-02T10:42:10.182+0000] {dag.py:3456} INFO - Setting next_dagrun for dataset_consumes_1 to None, run_after=None
[2023-04-02T10:42:10.211+0000] {logging_mixin.py:137} INFO - [2023-04-02T10:42:10.210+0000] {dag.py:3456} INFO - Setting next_dagrun for dataset_consumes_1_and_2 to None, run_after=None
[2023-04-02T10:42:10.220+0000] {logging_mixin.py:137} INFO - [2023-04-02T10:42:10.220+0000] {dag.py:3456} INFO - Setting next_dagrun for dataset_consumes_1_never_scheduled to None, run_after=None
[2023-04-02T10:42:10.241+0000] {logging_mixin.py:137} INFO - [2023-04-02T10:42:10.240+0000] {dag.py:3456} INFO - Setting next_dagrun for dataset_consumes_unknown_never_scheduled to None, run_after=None
[2023-04-02T10:42:10.267+0000] {logging_mixin.py:137} INFO - [2023-04-02T10:42:10.267+0000] {dag.py:3456} INFO - Setting next_dagrun for dataset_produces_1 to 2023-04-01T00:00:00+00:00, run_after=2023-04-02T00:00:00+00:00
[2023-04-02T10:42:10.294+0000] {logging_mixin.py:137} INFO - [2023-04-02T10:42:10.293+0000] {dag.py:3456} INFO - Setting next_dagrun for dataset_produces_2 to None, run_after=None
[2023-04-02T10:42:10.523+0000] {processor.py:175} INFO - Processing /home/airflow/.local/lib/python3.7/site-packages/airflow/example_dags/example_datasets.py took 0.945 seconds
[2023-04-02T10:42:40.763+0000] {processor.py:153} INFO - Started process (PID=4405) to work on /home/airflow/.local/lib/python3.7/site-packages/airflow/example_dags/example_datasets.py
[2023-04-02T10:42:40.766+0000] {processor.py:743} INFO - Processing file /home/airflow/.local/lib/python3.7/site-packages/airflow/example_dags/example_datasets.py for tasks to queue
[2023-04-02T10:42:40.770+0000] {logging_mixin.py:137} INFO - [2023-04-02T10:42:40.769+0000] {dagbag.py:532} INFO - Filling up the DagBag from /home/airflow/.local/lib/python3.7/site-packages/airflow/example_dags/example_datasets.py
[2023-04-02T10:42:40.812+0000] {processor.py:753} INFO - DAG(s) dict_keys(['dataset_produces_1', 'dataset_consumes_1_and_2', 'dataset_consumes_unknown_never_scheduled', 'dataset_consumes_1', 'dataset_consumes_1_never_scheduled', 'dataset_produces_2']) retrieved from /home/airflow/.local/lib/python3.7/site-packages/airflow/example_dags/example_datasets.py
[2023-04-02T10:42:40.880+0000] {logging_mixin.py:137} INFO - [2023-04-02T10:42:40.880+0000] {dag.py:2705} INFO - Sync 6 DAGs
[2023-04-02T10:42:40.926+0000] {logging_mixin.py:137} INFO - [2023-04-02T10:42:40.926+0000] {dag.py:3456} INFO - Setting next_dagrun for dataset_consumes_1 to None, run_after=None
[2023-04-02T10:42:40.932+0000] {logging_mixin.py:137} INFO - [2023-04-02T10:42:40.932+0000] {dag.py:3456} INFO - Setting next_dagrun for dataset_consumes_1_and_2 to None, run_after=None
[2023-04-02T10:42:40.937+0000] {logging_mixin.py:137} INFO - [2023-04-02T10:42:40.937+0000] {dag.py:3456} INFO - Setting next_dagrun for dataset_consumes_1_never_scheduled to None, run_after=None
[2023-04-02T10:42:40.940+0000] {logging_mixin.py:137} INFO - [2023-04-02T10:42:40.940+0000] {dag.py:3456} INFO - Setting next_dagrun for dataset_consumes_unknown_never_scheduled to None, run_after=None
[2023-04-02T10:42:40.947+0000] {logging_mixin.py:137} INFO - [2023-04-02T10:42:40.946+0000] {dag.py:3456} INFO - Setting next_dagrun for dataset_produces_1 to 2023-04-01T00:00:00+00:00, run_after=2023-04-02T00:00:00+00:00
[2023-04-02T10:42:40.951+0000] {logging_mixin.py:137} INFO - [2023-04-02T10:42:40.950+0000] {dag.py:3456} INFO - Setting next_dagrun for dataset_produces_2 to None, run_after=None
[2023-04-02T10:42:41.036+0000] {processor.py:175} INFO - Processing /home/airflow/.local/lib/python3.7/site-packages/airflow/example_dags/example_datasets.py took 0.306 seconds
[2023-04-02T10:43:11.257+0000] {processor.py:153} INFO - Started process (PID=4625) to work on /home/airflow/.local/lib/python3.7/site-packages/airflow/example_dags/example_datasets.py
[2023-04-02T10:43:11.258+0000] {processor.py:743} INFO - Processing file /home/airflow/.local/lib/python3.7/site-packages/airflow/example_dags/example_datasets.py for tasks to queue
[2023-04-02T10:43:11.261+0000] {logging_mixin.py:137} INFO - [2023-04-02T10:43:11.261+0000] {dagbag.py:532} INFO - Filling up the DagBag from /home/airflow/.local/lib/python3.7/site-packages/airflow/example_dags/example_datasets.py
[2023-04-02T10:43:11.294+0000] {processor.py:753} INFO - DAG(s) dict_keys(['dataset_consumes_1_and_2', 'dataset_consumes_1_never_scheduled', 'dataset_produces_2', 'dataset_consumes_unknown_never_scheduled', 'dataset_produces_1', 'dataset_consumes_1']) retrieved from /home/airflow/.local/lib/python3.7/site-packages/airflow/example_dags/example_datasets.py
[2023-04-02T10:43:11.393+0000] {logging_mixin.py:137} INFO - [2023-04-02T10:43:11.393+0000] {dag.py:2705} INFO - Sync 6 DAGs
[2023-04-02T10:43:11.453+0000] {logging_mixin.py:137} INFO - [2023-04-02T10:43:11.452+0000] {dag.py:3456} INFO - Setting next_dagrun for dataset_consumes_1 to None, run_after=None
[2023-04-02T10:43:11.462+0000] {logging_mixin.py:137} INFO - [2023-04-02T10:43:11.461+0000] {dag.py:3456} INFO - Setting next_dagrun for dataset_consumes_1_and_2 to None, run_after=None
[2023-04-02T10:43:11.466+0000] {logging_mixin.py:137} INFO - [2023-04-02T10:43:11.466+0000] {dag.py:3456} INFO - Setting next_dagrun for dataset_consumes_1_never_scheduled to None, run_after=None
[2023-04-02T10:43:11.473+0000] {logging_mixin.py:137} INFO - [2023-04-02T10:43:11.472+0000] {dag.py:3456} INFO - Setting next_dagrun for dataset_consumes_unknown_never_scheduled to None, run_after=None
[2023-04-02T10:43:11.481+0000] {logging_mixin.py:137} INFO - [2023-04-02T10:43:11.481+0000] {dag.py:3456} INFO - Setting next_dagrun for dataset_produces_1 to 2023-04-01T00:00:00+00:00, run_after=2023-04-02T00:00:00+00:00
[2023-04-02T10:43:11.486+0000] {logging_mixin.py:137} INFO - [2023-04-02T10:43:11.486+0000] {dag.py:3456} INFO - Setting next_dagrun for dataset_produces_2 to None, run_after=None
[2023-04-02T10:43:11.590+0000] {processor.py:175} INFO - Processing /home/airflow/.local/lib/python3.7/site-packages/airflow/example_dags/example_datasets.py took 0.337 seconds
[2023-04-02T10:43:41.810+0000] {processor.py:153} INFO - Started process (PID=4848) to work on /home/airflow/.local/lib/python3.7/site-packages/airflow/example_dags/example_datasets.py
[2023-04-02T10:43:41.813+0000] {processor.py:743} INFO - Processing file /home/airflow/.local/lib/python3.7/site-packages/airflow/example_dags/example_datasets.py for tasks to queue
[2023-04-02T10:43:41.818+0000] {logging_mixin.py:137} INFO - [2023-04-02T10:43:41.817+0000] {dagbag.py:532} INFO - Filling up the DagBag from /home/airflow/.local/lib/python3.7/site-packages/airflow/example_dags/example_datasets.py
[2023-04-02T10:43:41.855+0000] {processor.py:753} INFO - DAG(s) dict_keys(['dataset_consumes_1_and_2', 'dataset_consumes_1', 'dataset_produces_1', 'dataset_consumes_1_never_scheduled', 'dataset_consumes_unknown_never_scheduled', 'dataset_produces_2']) retrieved from /home/airflow/.local/lib/python3.7/site-packages/airflow/example_dags/example_datasets.py
[2023-04-02T10:43:41.910+0000] {logging_mixin.py:137} INFO - [2023-04-02T10:43:41.910+0000] {dag.py:2705} INFO - Sync 6 DAGs
[2023-04-02T10:43:41.949+0000] {logging_mixin.py:137} INFO - [2023-04-02T10:43:41.949+0000] {dag.py:3456} INFO - Setting next_dagrun for dataset_consumes_1 to None, run_after=None
[2023-04-02T10:43:41.959+0000] {logging_mixin.py:137} INFO - [2023-04-02T10:43:41.959+0000] {dag.py:3456} INFO - Setting next_dagrun for dataset_consumes_1_and_2 to None, run_after=None
[2023-04-02T10:43:41.962+0000] {logging_mixin.py:137} INFO - [2023-04-02T10:43:41.962+0000] {dag.py:3456} INFO - Setting next_dagrun for dataset_consumes_1_never_scheduled to None, run_after=None
[2023-04-02T10:43:41.967+0000] {logging_mixin.py:137} INFO - [2023-04-02T10:43:41.966+0000] {dag.py:3456} INFO - Setting next_dagrun for dataset_consumes_unknown_never_scheduled to None, run_after=None
[2023-04-02T10:43:41.972+0000] {logging_mixin.py:137} INFO - [2023-04-02T10:43:41.972+0000] {dag.py:3456} INFO - Setting next_dagrun for dataset_produces_1 to 2023-04-01T00:00:00+00:00, run_after=2023-04-02T00:00:00+00:00
[2023-04-02T10:43:41.975+0000] {logging_mixin.py:137} INFO - [2023-04-02T10:43:41.975+0000] {dag.py:3456} INFO - Setting next_dagrun for dataset_produces_2 to None, run_after=None
[2023-04-02T10:43:42.034+0000] {processor.py:175} INFO - Processing /home/airflow/.local/lib/python3.7/site-packages/airflow/example_dags/example_datasets.py took 0.229 seconds
[2023-04-02T10:44:12.385+0000] {processor.py:153} INFO - Started process (PID=5059) to work on /home/airflow/.local/lib/python3.7/site-packages/airflow/example_dags/example_datasets.py
[2023-04-02T10:44:12.386+0000] {processor.py:743} INFO - Processing file /home/airflow/.local/lib/python3.7/site-packages/airflow/example_dags/example_datasets.py for tasks to queue
[2023-04-02T10:44:12.388+0000] {logging_mixin.py:137} INFO - [2023-04-02T10:44:12.387+0000] {dagbag.py:532} INFO - Filling up the DagBag from /home/airflow/.local/lib/python3.7/site-packages/airflow/example_dags/example_datasets.py
[2023-04-02T10:44:12.423+0000] {processor.py:753} INFO - DAG(s) dict_keys(['dataset_consumes_1', 'dataset_consumes_1_never_scheduled', 'dataset_consumes_unknown_never_scheduled', 'dataset_consumes_1_and_2', 'dataset_produces_2', 'dataset_produces_1']) retrieved from /home/airflow/.local/lib/python3.7/site-packages/airflow/example_dags/example_datasets.py
[2023-04-02T10:44:12.495+0000] {logging_mixin.py:137} INFO - [2023-04-02T10:44:12.494+0000] {dag.py:2705} INFO - Sync 6 DAGs
[2023-04-02T10:44:12.566+0000] {logging_mixin.py:137} INFO - [2023-04-02T10:44:12.566+0000] {dag.py:3456} INFO - Setting next_dagrun for dataset_consumes_1 to None, run_after=None
[2023-04-02T10:44:12.574+0000] {logging_mixin.py:137} INFO - [2023-04-02T10:44:12.574+0000] {dag.py:3456} INFO - Setting next_dagrun for dataset_consumes_1_and_2 to None, run_after=None
[2023-04-02T10:44:12.581+0000] {logging_mixin.py:137} INFO - [2023-04-02T10:44:12.581+0000] {dag.py:3456} INFO - Setting next_dagrun for dataset_consumes_1_never_scheduled to None, run_after=None
[2023-04-02T10:44:12.589+0000] {logging_mixin.py:137} INFO - [2023-04-02T10:44:12.589+0000] {dag.py:3456} INFO - Setting next_dagrun for dataset_consumes_unknown_never_scheduled to None, run_after=None
[2023-04-02T10:44:12.598+0000] {logging_mixin.py:137} INFO - [2023-04-02T10:44:12.597+0000] {dag.py:3456} INFO - Setting next_dagrun for dataset_produces_1 to 2023-04-01T00:00:00+00:00, run_after=2023-04-02T00:00:00+00:00
[2023-04-02T10:44:12.604+0000] {logging_mixin.py:137} INFO - [2023-04-02T10:44:12.603+0000] {dag.py:3456} INFO - Setting next_dagrun for dataset_produces_2 to None, run_after=None
[2023-04-02T10:44:12.684+0000] {processor.py:175} INFO - Processing /home/airflow/.local/lib/python3.7/site-packages/airflow/example_dags/example_datasets.py took 0.306 seconds
[2023-04-02T10:44:43.421+0000] {processor.py:153} INFO - Started process (PID=5277) to work on /home/airflow/.local/lib/python3.7/site-packages/airflow/example_dags/example_datasets.py
[2023-04-02T10:44:43.424+0000] {processor.py:743} INFO - Processing file /home/airflow/.local/lib/python3.7/site-packages/airflow/example_dags/example_datasets.py for tasks to queue
[2023-04-02T10:44:43.429+0000] {logging_mixin.py:137} INFO - [2023-04-02T10:44:43.429+0000] {dagbag.py:532} INFO - Filling up the DagBag from /home/airflow/.local/lib/python3.7/site-packages/airflow/example_dags/example_datasets.py
[2023-04-02T10:44:43.501+0000] {processor.py:753} INFO - DAG(s) dict_keys(['dataset_produces_2', 'dataset_consumes_1_and_2', 'dataset_consumes_unknown_never_scheduled', 'dataset_produces_1', 'dataset_consumes_1', 'dataset_consumes_1_never_scheduled']) retrieved from /home/airflow/.local/lib/python3.7/site-packages/airflow/example_dags/example_datasets.py
[2023-04-02T10:44:43.681+0000] {logging_mixin.py:137} INFO - [2023-04-02T10:44:43.680+0000] {dag.py:2705} INFO - Sync 6 DAGs
[2023-04-02T10:44:43.768+0000] {logging_mixin.py:137} INFO - [2023-04-02T10:44:43.768+0000] {dag.py:3456} INFO - Setting next_dagrun for dataset_consumes_1 to None, run_after=None
[2023-04-02T10:44:43.784+0000] {logging_mixin.py:137} INFO - [2023-04-02T10:44:43.784+0000] {dag.py:3456} INFO - Setting next_dagrun for dataset_consumes_1_and_2 to None, run_after=None
[2023-04-02T10:44:43.790+0000] {logging_mixin.py:137} INFO - [2023-04-02T10:44:43.790+0000] {dag.py:3456} INFO - Setting next_dagrun for dataset_consumes_1_never_scheduled to None, run_after=None
[2023-04-02T10:44:43.803+0000] {logging_mixin.py:137} INFO - [2023-04-02T10:44:43.802+0000] {dag.py:3456} INFO - Setting next_dagrun for dataset_consumes_unknown_never_scheduled to None, run_after=None
[2023-04-02T10:44:43.812+0000] {logging_mixin.py:137} INFO - [2023-04-02T10:44:43.811+0000] {dag.py:3456} INFO - Setting next_dagrun for dataset_produces_1 to 2023-04-01T00:00:00+00:00, run_after=2023-04-02T00:00:00+00:00
[2023-04-02T10:44:43.818+0000] {logging_mixin.py:137} INFO - [2023-04-02T10:44:43.818+0000] {dag.py:3456} INFO - Setting next_dagrun for dataset_produces_2 to None, run_after=None
[2023-04-02T10:44:43.943+0000] {processor.py:175} INFO - Processing /home/airflow/.local/lib/python3.7/site-packages/airflow/example_dags/example_datasets.py took 0.534 seconds
[2023-04-02T10:45:14.795+0000] {processor.py:153} INFO - Started process (PID=5497) to work on /home/airflow/.local/lib/python3.7/site-packages/airflow/example_dags/example_datasets.py
[2023-04-02T10:45:14.797+0000] {processor.py:743} INFO - Processing file /home/airflow/.local/lib/python3.7/site-packages/airflow/example_dags/example_datasets.py for tasks to queue
[2023-04-02T10:45:14.803+0000] {logging_mixin.py:137} INFO - [2023-04-02T10:45:14.801+0000] {dagbag.py:532} INFO - Filling up the DagBag from /home/airflow/.local/lib/python3.7/site-packages/airflow/example_dags/example_datasets.py
[2023-04-02T10:45:14.836+0000] {processor.py:753} INFO - DAG(s) dict_keys(['dataset_produces_1', 'dataset_consumes_unknown_never_scheduled', 'dataset_produces_2', 'dataset_consumes_1', 'dataset_consumes_1_never_scheduled', 'dataset_consumes_1_and_2']) retrieved from /home/airflow/.local/lib/python3.7/site-packages/airflow/example_dags/example_datasets.py
[2023-04-02T10:45:14.909+0000] {logging_mixin.py:137} INFO - [2023-04-02T10:45:14.908+0000] {dag.py:2705} INFO - Sync 6 DAGs
[2023-04-02T10:45:14.949+0000] {logging_mixin.py:137} INFO - [2023-04-02T10:45:14.949+0000] {dag.py:3456} INFO - Setting next_dagrun for dataset_consumes_1 to None, run_after=None
[2023-04-02T10:45:14.956+0000] {logging_mixin.py:137} INFO - [2023-04-02T10:45:14.956+0000] {dag.py:3456} INFO - Setting next_dagrun for dataset_consumes_1_and_2 to None, run_after=None
[2023-04-02T10:45:14.962+0000] {logging_mixin.py:137} INFO - [2023-04-02T10:45:14.962+0000] {dag.py:3456} INFO - Setting next_dagrun for dataset_consumes_1_never_scheduled to None, run_after=None
[2023-04-02T10:45:14.966+0000] {logging_mixin.py:137} INFO - [2023-04-02T10:45:14.966+0000] {dag.py:3456} INFO - Setting next_dagrun for dataset_consumes_unknown_never_scheduled to None, run_after=None
[2023-04-02T10:45:14.972+0000] {logging_mixin.py:137} INFO - [2023-04-02T10:45:14.972+0000] {dag.py:3456} INFO - Setting next_dagrun for dataset_produces_1 to 2023-04-01T00:00:00+00:00, run_after=2023-04-02T00:00:00+00:00
[2023-04-02T10:45:14.979+0000] {logging_mixin.py:137} INFO - [2023-04-02T10:45:14.979+0000] {dag.py:3456} INFO - Setting next_dagrun for dataset_produces_2 to None, run_after=None
[2023-04-02T10:45:15.036+0000] {processor.py:175} INFO - Processing /home/airflow/.local/lib/python3.7/site-packages/airflow/example_dags/example_datasets.py took 0.250 seconds
[2023-04-02T10:45:45.514+0000] {processor.py:153} INFO - Started process (PID=5715) to work on /home/airflow/.local/lib/python3.7/site-packages/airflow/example_dags/example_datasets.py
[2023-04-02T10:45:45.525+0000] {processor.py:743} INFO - Processing file /home/airflow/.local/lib/python3.7/site-packages/airflow/example_dags/example_datasets.py for tasks to queue
[2023-04-02T10:45:45.533+0000] {logging_mixin.py:137} INFO - [2023-04-02T10:45:45.533+0000] {dagbag.py:532} INFO - Filling up the DagBag from /home/airflow/.local/lib/python3.7/site-packages/airflow/example_dags/example_datasets.py
[2023-04-02T10:45:45.596+0000] {processor.py:753} INFO - DAG(s) dict_keys(['dataset_consumes_1_never_scheduled', 'dataset_consumes_1_and_2', 'dataset_produces_2', 'dataset_consumes_1', 'dataset_consumes_unknown_never_scheduled', 'dataset_produces_1']) retrieved from /home/airflow/.local/lib/python3.7/site-packages/airflow/example_dags/example_datasets.py
[2023-04-02T10:45:45.673+0000] {logging_mixin.py:137} INFO - [2023-04-02T10:45:45.673+0000] {dag.py:2705} INFO - Sync 6 DAGs
[2023-04-02T10:45:45.719+0000] {logging_mixin.py:137} INFO - [2023-04-02T10:45:45.719+0000] {dag.py:3456} INFO - Setting next_dagrun for dataset_consumes_1 to None, run_after=None
[2023-04-02T10:45:45.726+0000] {logging_mixin.py:137} INFO - [2023-04-02T10:45:45.726+0000] {dag.py:3456} INFO - Setting next_dagrun for dataset_consumes_1_and_2 to None, run_after=None
[2023-04-02T10:45:45.732+0000] {logging_mixin.py:137} INFO - [2023-04-02T10:45:45.732+0000] {dag.py:3456} INFO - Setting next_dagrun for dataset_consumes_1_never_scheduled to None, run_after=None
[2023-04-02T10:45:45.736+0000] {logging_mixin.py:137} INFO - [2023-04-02T10:45:45.736+0000] {dag.py:3456} INFO - Setting next_dagrun for dataset_consumes_unknown_never_scheduled to None, run_after=None
[2023-04-02T10:45:45.744+0000] {logging_mixin.py:137} INFO - [2023-04-02T10:45:45.744+0000] {dag.py:3456} INFO - Setting next_dagrun for dataset_produces_1 to 2023-04-01T00:00:00+00:00, run_after=2023-04-02T00:00:00+00:00
[2023-04-02T10:45:45.747+0000] {logging_mixin.py:137} INFO - [2023-04-02T10:45:45.747+0000] {dag.py:3456} INFO - Setting next_dagrun for dataset_produces_2 to None, run_after=None
[2023-04-02T10:45:45.820+0000] {processor.py:175} INFO - Processing /home/airflow/.local/lib/python3.7/site-packages/airflow/example_dags/example_datasets.py took 0.315 seconds
[2023-04-02T10:46:16.025+0000] {processor.py:153} INFO - Started process (PID=5933) to work on /home/airflow/.local/lib/python3.7/site-packages/airflow/example_dags/example_datasets.py
[2023-04-02T10:46:16.036+0000] {processor.py:743} INFO - Processing file /home/airflow/.local/lib/python3.7/site-packages/airflow/example_dags/example_datasets.py for tasks to queue
[2023-04-02T10:46:16.042+0000] {logging_mixin.py:137} INFO - [2023-04-02T10:46:16.042+0000] {dagbag.py:532} INFO - Filling up the DagBag from /home/airflow/.local/lib/python3.7/site-packages/airflow/example_dags/example_datasets.py
[2023-04-02T10:46:16.113+0000] {processor.py:753} INFO - DAG(s) dict_keys(['dataset_consumes_unknown_never_scheduled', 'dataset_consumes_1_never_scheduled', 'dataset_consumes_1', 'dataset_consumes_1_and_2', 'dataset_produces_2', 'dataset_produces_1']) retrieved from /home/airflow/.local/lib/python3.7/site-packages/airflow/example_dags/example_datasets.py
[2023-04-02T10:46:16.275+0000] {logging_mixin.py:137} INFO - [2023-04-02T10:46:16.275+0000] {dag.py:2705} INFO - Sync 6 DAGs
[2023-04-02T10:46:16.412+0000] {logging_mixin.py:137} INFO - [2023-04-02T10:46:16.411+0000] {dag.py:3456} INFO - Setting next_dagrun for dataset_consumes_1 to None, run_after=None
[2023-04-02T10:46:16.435+0000] {logging_mixin.py:137} INFO - [2023-04-02T10:46:16.435+0000] {dag.py:3456} INFO - Setting next_dagrun for dataset_consumes_1_and_2 to None, run_after=None
[2023-04-02T10:46:16.441+0000] {logging_mixin.py:137} INFO - [2023-04-02T10:46:16.440+0000] {dag.py:3456} INFO - Setting next_dagrun for dataset_consumes_1_never_scheduled to None, run_after=None
[2023-04-02T10:46:16.450+0000] {logging_mixin.py:137} INFO - [2023-04-02T10:46:16.450+0000] {dag.py:3456} INFO - Setting next_dagrun for dataset_consumes_unknown_never_scheduled to None, run_after=None
[2023-04-02T10:46:16.461+0000] {logging_mixin.py:137} INFO - [2023-04-02T10:46:16.461+0000] {dag.py:3456} INFO - Setting next_dagrun for dataset_produces_1 to 2023-04-01T00:00:00+00:00, run_after=2023-04-02T00:00:00+00:00
[2023-04-02T10:46:16.468+0000] {logging_mixin.py:137} INFO - [2023-04-02T10:46:16.468+0000] {dag.py:3456} INFO - Setting next_dagrun for dataset_produces_2 to None, run_after=None
[2023-04-02T10:46:16.560+0000] {processor.py:175} INFO - Processing /home/airflow/.local/lib/python3.7/site-packages/airflow/example_dags/example_datasets.py took 0.558 seconds
[2023-04-02T10:46:46.705+0000] {processor.py:153} INFO - Started process (PID=6155) to work on /home/airflow/.local/lib/python3.7/site-packages/airflow/example_dags/example_datasets.py
[2023-04-02T10:46:46.715+0000] {processor.py:743} INFO - Processing file /home/airflow/.local/lib/python3.7/site-packages/airflow/example_dags/example_datasets.py for tasks to queue
[2023-04-02T10:46:46.718+0000] {logging_mixin.py:137} INFO - [2023-04-02T10:46:46.718+0000] {dagbag.py:532} INFO - Filling up the DagBag from /home/airflow/.local/lib/python3.7/site-packages/airflow/example_dags/example_datasets.py
[2023-04-02T10:46:46.809+0000] {processor.py:753} INFO - DAG(s) dict_keys(['dataset_produces_2', 'dataset_consumes_1_and_2', 'dataset_produces_1', 'dataset_consumes_unknown_never_scheduled', 'dataset_consumes_1', 'dataset_consumes_1_never_scheduled']) retrieved from /home/airflow/.local/lib/python3.7/site-packages/airflow/example_dags/example_datasets.py
[2023-04-02T10:46:47.009+0000] {logging_mixin.py:137} INFO - [2023-04-02T10:46:47.009+0000] {dag.py:2705} INFO - Sync 6 DAGs
[2023-04-02T10:46:47.141+0000] {logging_mixin.py:137} INFO - [2023-04-02T10:46:47.141+0000] {dag.py:3456} INFO - Setting next_dagrun for dataset_consumes_1 to None, run_after=None
[2023-04-02T10:46:47.159+0000] {logging_mixin.py:137} INFO - [2023-04-02T10:46:47.159+0000] {dag.py:3456} INFO - Setting next_dagrun for dataset_consumes_1_and_2 to None, run_after=None
[2023-04-02T10:46:47.165+0000] {logging_mixin.py:137} INFO - [2023-04-02T10:46:47.164+0000] {dag.py:3456} INFO - Setting next_dagrun for dataset_consumes_1_never_scheduled to None, run_after=None
[2023-04-02T10:46:47.177+0000] {logging_mixin.py:137} INFO - [2023-04-02T10:46:47.176+0000] {dag.py:3456} INFO - Setting next_dagrun for dataset_consumes_unknown_never_scheduled to None, run_after=None
[2023-04-02T10:46:47.191+0000] {logging_mixin.py:137} INFO - [2023-04-02T10:46:47.190+0000] {dag.py:3456} INFO - Setting next_dagrun for dataset_produces_1 to 2023-04-01T00:00:00+00:00, run_after=2023-04-02T00:00:00+00:00
[2023-04-02T10:46:47.195+0000] {logging_mixin.py:137} INFO - [2023-04-02T10:46:47.195+0000] {dag.py:3456} INFO - Setting next_dagrun for dataset_produces_2 to None, run_after=None
[2023-04-02T10:46:47.316+0000] {processor.py:175} INFO - Processing /home/airflow/.local/lib/python3.7/site-packages/airflow/example_dags/example_datasets.py took 0.622 seconds
[2023-04-02T10:47:17.533+0000] {processor.py:153} INFO - Started process (PID=6375) to work on /home/airflow/.local/lib/python3.7/site-packages/airflow/example_dags/example_datasets.py
[2023-04-02T10:47:17.537+0000] {processor.py:743} INFO - Processing file /home/airflow/.local/lib/python3.7/site-packages/airflow/example_dags/example_datasets.py for tasks to queue
[2023-04-02T10:47:17.544+0000] {logging_mixin.py:137} INFO - [2023-04-02T10:47:17.544+0000] {dagbag.py:532} INFO - Filling up the DagBag from /home/airflow/.local/lib/python3.7/site-packages/airflow/example_dags/example_datasets.py
[2023-04-02T10:47:17.593+0000] {processor.py:753} INFO - DAG(s) dict_keys(['dataset_produces_1', 'dataset_produces_2', 'dataset_consumes_unknown_never_scheduled', 'dataset_consumes_1_and_2', 'dataset_consumes_1', 'dataset_consumes_1_never_scheduled']) retrieved from /home/airflow/.local/lib/python3.7/site-packages/airflow/example_dags/example_datasets.py
[2023-04-02T10:47:17.674+0000] {logging_mixin.py:137} INFO - [2023-04-02T10:47:17.674+0000] {dag.py:2705} INFO - Sync 6 DAGs
[2023-04-02T10:47:17.719+0000] {logging_mixin.py:137} INFO - [2023-04-02T10:47:17.718+0000] {dag.py:3456} INFO - Setting next_dagrun for dataset_consumes_1 to None, run_after=None
[2023-04-02T10:47:17.729+0000] {logging_mixin.py:137} INFO - [2023-04-02T10:47:17.729+0000] {dag.py:3456} INFO - Setting next_dagrun for dataset_consumes_1_and_2 to None, run_after=None
[2023-04-02T10:47:17.732+0000] {logging_mixin.py:137} INFO - [2023-04-02T10:47:17.732+0000] {dag.py:3456} INFO - Setting next_dagrun for dataset_consumes_1_never_scheduled to None, run_after=None
[2023-04-02T10:47:17.737+0000] {logging_mixin.py:137} INFO - [2023-04-02T10:47:17.737+0000] {dag.py:3456} INFO - Setting next_dagrun for dataset_consumes_unknown_never_scheduled to None, run_after=None
[2023-04-02T10:47:17.748+0000] {logging_mixin.py:137} INFO - [2023-04-02T10:47:17.747+0000] {dag.py:3456} INFO - Setting next_dagrun for dataset_produces_1 to 2023-04-01T00:00:00+00:00, run_after=2023-04-02T00:00:00+00:00
[2023-04-02T10:47:17.751+0000] {logging_mixin.py:137} INFO - [2023-04-02T10:47:17.751+0000] {dag.py:3456} INFO - Setting next_dagrun for dataset_produces_2 to None, run_after=None
[2023-04-02T10:47:17.812+0000] {processor.py:175} INFO - Processing /home/airflow/.local/lib/python3.7/site-packages/airflow/example_dags/example_datasets.py took 0.285 seconds
[2023-04-02T10:47:48.259+0000] {processor.py:153} INFO - Started process (PID=6588) to work on /home/airflow/.local/lib/python3.7/site-packages/airflow/example_dags/example_datasets.py
[2023-04-02T10:47:48.270+0000] {processor.py:743} INFO - Processing file /home/airflow/.local/lib/python3.7/site-packages/airflow/example_dags/example_datasets.py for tasks to queue
[2023-04-02T10:47:48.274+0000] {logging_mixin.py:137} INFO - [2023-04-02T10:47:48.274+0000] {dagbag.py:532} INFO - Filling up the DagBag from /home/airflow/.local/lib/python3.7/site-packages/airflow/example_dags/example_datasets.py
[2023-04-02T10:47:48.380+0000] {processor.py:753} INFO - DAG(s) dict_keys(['dataset_consumes_unknown_never_scheduled', 'dataset_consumes_1_and_2', 'dataset_produces_2', 'dataset_produces_1', 'dataset_consumes_1', 'dataset_consumes_1_never_scheduled']) retrieved from /home/airflow/.local/lib/python3.7/site-packages/airflow/example_dags/example_datasets.py
[2023-04-02T10:47:48.526+0000] {logging_mixin.py:137} INFO - [2023-04-02T10:47:48.526+0000] {dag.py:2705} INFO - Sync 6 DAGs
[2023-04-02T10:47:48.593+0000] {logging_mixin.py:137} INFO - [2023-04-02T10:47:48.593+0000] {dag.py:3456} INFO - Setting next_dagrun for dataset_consumes_1 to None, run_after=None
[2023-04-02T10:47:48.600+0000] {logging_mixin.py:137} INFO - [2023-04-02T10:47:48.599+0000] {dag.py:3456} INFO - Setting next_dagrun for dataset_consumes_1_and_2 to None, run_after=None
[2023-04-02T10:47:48.604+0000] {logging_mixin.py:137} INFO - [2023-04-02T10:47:48.604+0000] {dag.py:3456} INFO - Setting next_dagrun for dataset_consumes_1_never_scheduled to None, run_after=None
[2023-04-02T10:47:48.608+0000] {logging_mixin.py:137} INFO - [2023-04-02T10:47:48.608+0000] {dag.py:3456} INFO - Setting next_dagrun for dataset_consumes_unknown_never_scheduled to None, run_after=None
[2023-04-02T10:47:48.616+0000] {logging_mixin.py:137} INFO - [2023-04-02T10:47:48.616+0000] {dag.py:3456} INFO - Setting next_dagrun for dataset_produces_1 to 2023-04-01T00:00:00+00:00, run_after=2023-04-02T00:00:00+00:00
[2023-04-02T10:47:48.621+0000] {logging_mixin.py:137} INFO - [2023-04-02T10:47:48.621+0000] {dag.py:3456} INFO - Setting next_dagrun for dataset_produces_2 to None, run_after=None
[2023-04-02T10:47:48.697+0000] {processor.py:175} INFO - Processing /home/airflow/.local/lib/python3.7/site-packages/airflow/example_dags/example_datasets.py took 0.445 seconds
[2023-04-02T10:48:18.786+0000] {processor.py:153} INFO - Started process (PID=6809) to work on /home/airflow/.local/lib/python3.7/site-packages/airflow/example_dags/example_datasets.py
[2023-04-02T10:48:18.791+0000] {processor.py:743} INFO - Processing file /home/airflow/.local/lib/python3.7/site-packages/airflow/example_dags/example_datasets.py for tasks to queue
[2023-04-02T10:48:18.793+0000] {logging_mixin.py:137} INFO - [2023-04-02T10:48:18.793+0000] {dagbag.py:532} INFO - Filling up the DagBag from /home/airflow/.local/lib/python3.7/site-packages/airflow/example_dags/example_datasets.py
[2023-04-02T10:48:18.815+0000] {processor.py:753} INFO - DAG(s) dict_keys(['dataset_consumes_1_never_scheduled', 'dataset_consumes_1', 'dataset_consumes_1_and_2', 'dataset_produces_2', 'dataset_produces_1', 'dataset_consumes_unknown_never_scheduled']) retrieved from /home/airflow/.local/lib/python3.7/site-packages/airflow/example_dags/example_datasets.py
[2023-04-02T10:48:18.869+0000] {logging_mixin.py:137} INFO - [2023-04-02T10:48:18.869+0000] {dag.py:2705} INFO - Sync 6 DAGs
[2023-04-02T10:48:18.905+0000] {logging_mixin.py:137} INFO - [2023-04-02T10:48:18.905+0000] {dag.py:3456} INFO - Setting next_dagrun for dataset_consumes_1 to None, run_after=None
[2023-04-02T10:48:18.912+0000] {logging_mixin.py:137} INFO - [2023-04-02T10:48:18.912+0000] {dag.py:3456} INFO - Setting next_dagrun for dataset_consumes_1_and_2 to None, run_after=None
[2023-04-02T10:48:18.915+0000] {logging_mixin.py:137} INFO - [2023-04-02T10:48:18.915+0000] {dag.py:3456} INFO - Setting next_dagrun for dataset_consumes_1_never_scheduled to None, run_after=None
[2023-04-02T10:48:18.919+0000] {logging_mixin.py:137} INFO - [2023-04-02T10:48:18.918+0000] {dag.py:3456} INFO - Setting next_dagrun for dataset_consumes_unknown_never_scheduled to None, run_after=None
[2023-04-02T10:48:18.924+0000] {logging_mixin.py:137} INFO - [2023-04-02T10:48:18.924+0000] {dag.py:3456} INFO - Setting next_dagrun for dataset_produces_1 to 2023-04-01T00:00:00+00:00, run_after=2023-04-02T00:00:00+00:00
[2023-04-02T10:48:18.927+0000] {logging_mixin.py:137} INFO - [2023-04-02T10:48:18.927+0000] {dag.py:3456} INFO - Setting next_dagrun for dataset_produces_2 to None, run_after=None
[2023-04-02T10:48:18.977+0000] {processor.py:175} INFO - Processing /home/airflow/.local/lib/python3.7/site-packages/airflow/example_dags/example_datasets.py took 0.196 seconds
[2023-04-02T10:48:49.088+0000] {processor.py:153} INFO - Started process (PID=7024) to work on /home/airflow/.local/lib/python3.7/site-packages/airflow/example_dags/example_datasets.py
[2023-04-02T10:48:49.091+0000] {processor.py:743} INFO - Processing file /home/airflow/.local/lib/python3.7/site-packages/airflow/example_dags/example_datasets.py for tasks to queue
[2023-04-02T10:48:49.095+0000] {logging_mixin.py:137} INFO - [2023-04-02T10:48:49.095+0000] {dagbag.py:532} INFO - Filling up the DagBag from /home/airflow/.local/lib/python3.7/site-packages/airflow/example_dags/example_datasets.py
[2023-04-02T10:48:49.124+0000] {processor.py:753} INFO - DAG(s) dict_keys(['dataset_consumes_1', 'dataset_produces_1', 'dataset_consumes_1_and_2', 'dataset_produces_2', 'dataset_consumes_1_never_scheduled', 'dataset_consumes_unknown_never_scheduled']) retrieved from /home/airflow/.local/lib/python3.7/site-packages/airflow/example_dags/example_datasets.py
[2023-04-02T10:48:49.185+0000] {logging_mixin.py:137} INFO - [2023-04-02T10:48:49.185+0000] {dag.py:2705} INFO - Sync 6 DAGs
[2023-04-02T10:48:49.230+0000] {logging_mixin.py:137} INFO - [2023-04-02T10:48:49.230+0000] {dag.py:3456} INFO - Setting next_dagrun for dataset_consumes_1 to None, run_after=None
[2023-04-02T10:48:49.242+0000] {logging_mixin.py:137} INFO - [2023-04-02T10:48:49.242+0000] {dag.py:3456} INFO - Setting next_dagrun for dataset_consumes_1_and_2 to None, run_after=None
[2023-04-02T10:48:49.247+0000] {logging_mixin.py:137} INFO - [2023-04-02T10:48:49.247+0000] {dag.py:3456} INFO - Setting next_dagrun for dataset_consumes_1_never_scheduled to None, run_after=None
[2023-04-02T10:48:49.258+0000] {logging_mixin.py:137} INFO - [2023-04-02T10:48:49.257+0000] {dag.py:3456} INFO - Setting next_dagrun for dataset_consumes_unknown_never_scheduled to None, run_after=None
[2023-04-02T10:48:49.267+0000] {logging_mixin.py:137} INFO - [2023-04-02T10:48:49.267+0000] {dag.py:3456} INFO - Setting next_dagrun for dataset_produces_1 to 2023-04-01T00:00:00+00:00, run_after=2023-04-02T00:00:00+00:00
[2023-04-02T10:48:49.271+0000] {logging_mixin.py:137} INFO - [2023-04-02T10:48:49.270+0000] {dag.py:3456} INFO - Setting next_dagrun for dataset_produces_2 to None, run_after=None
[2023-04-02T10:48:49.334+0000] {processor.py:175} INFO - Processing /home/airflow/.local/lib/python3.7/site-packages/airflow/example_dags/example_datasets.py took 0.253 seconds
[2023-04-02T10:49:19.608+0000] {processor.py:153} INFO - Started process (PID=7242) to work on /home/airflow/.local/lib/python3.7/site-packages/airflow/example_dags/example_datasets.py
[2023-04-02T10:49:19.610+0000] {processor.py:743} INFO - Processing file /home/airflow/.local/lib/python3.7/site-packages/airflow/example_dags/example_datasets.py for tasks to queue
[2023-04-02T10:49:19.618+0000] {logging_mixin.py:137} INFO - [2023-04-02T10:49:19.618+0000] {dagbag.py:532} INFO - Filling up the DagBag from /home/airflow/.local/lib/python3.7/site-packages/airflow/example_dags/example_datasets.py
[2023-04-02T10:49:19.657+0000] {processor.py:753} INFO - DAG(s) dict_keys(['dataset_produces_2', 'dataset_consumes_1_and_2', 'dataset_consumes_1', 'dataset_produces_1', 'dataset_consumes_1_never_scheduled', 'dataset_consumes_unknown_never_scheduled']) retrieved from /home/airflow/.local/lib/python3.7/site-packages/airflow/example_dags/example_datasets.py
[2023-04-02T10:49:19.786+0000] {logging_mixin.py:137} INFO - [2023-04-02T10:49:19.786+0000] {dag.py:2705} INFO - Sync 6 DAGs
[2023-04-02T10:49:19.854+0000] {logging_mixin.py:137} INFO - [2023-04-02T10:49:19.854+0000] {dag.py:3456} INFO - Setting next_dagrun for dataset_consumes_1 to None, run_after=None
[2023-04-02T10:49:19.866+0000] {logging_mixin.py:137} INFO - [2023-04-02T10:49:19.866+0000] {dag.py:3456} INFO - Setting next_dagrun for dataset_consumes_1_and_2 to None, run_after=None
[2023-04-02T10:49:19.870+0000] {logging_mixin.py:137} INFO - [2023-04-02T10:49:19.870+0000] {dag.py:3456} INFO - Setting next_dagrun for dataset_consumes_1_never_scheduled to None, run_after=None
[2023-04-02T10:49:19.873+0000] {logging_mixin.py:137} INFO - [2023-04-02T10:49:19.873+0000] {dag.py:3456} INFO - Setting next_dagrun for dataset_consumes_unknown_never_scheduled to None, run_after=None
[2023-04-02T10:49:19.883+0000] {logging_mixin.py:137} INFO - [2023-04-02T10:49:19.883+0000] {dag.py:3456} INFO - Setting next_dagrun for dataset_produces_1 to 2023-04-01T00:00:00+00:00, run_after=2023-04-02T00:00:00+00:00
[2023-04-02T10:49:19.887+0000] {logging_mixin.py:137} INFO - [2023-04-02T10:49:19.886+0000] {dag.py:3456} INFO - Setting next_dagrun for dataset_produces_2 to None, run_after=None
[2023-04-02T10:49:19.964+0000] {processor.py:175} INFO - Processing /home/airflow/.local/lib/python3.7/site-packages/airflow/example_dags/example_datasets.py took 0.362 seconds
[2023-04-02T10:49:50.818+0000] {processor.py:153} INFO - Started process (PID=7460) to work on /home/airflow/.local/lib/python3.7/site-packages/airflow/example_dags/example_datasets.py
[2023-04-02T10:49:50.822+0000] {processor.py:743} INFO - Processing file /home/airflow/.local/lib/python3.7/site-packages/airflow/example_dags/example_datasets.py for tasks to queue
[2023-04-02T10:49:50.826+0000] {logging_mixin.py:137} INFO - [2023-04-02T10:49:50.826+0000] {dagbag.py:532} INFO - Filling up the DagBag from /home/airflow/.local/lib/python3.7/site-packages/airflow/example_dags/example_datasets.py
[2023-04-02T10:49:50.909+0000] {processor.py:753} INFO - DAG(s) dict_keys(['dataset_consumes_1', 'dataset_consumes_unknown_never_scheduled', 'dataset_consumes_1_and_2', 'dataset_produces_2', 'dataset_produces_1', 'dataset_consumes_1_never_scheduled']) retrieved from /home/airflow/.local/lib/python3.7/site-packages/airflow/example_dags/example_datasets.py
[2023-04-02T10:49:51.010+0000] {logging_mixin.py:137} INFO - [2023-04-02T10:49:51.010+0000] {dag.py:2705} INFO - Sync 6 DAGs
[2023-04-02T10:49:51.089+0000] {logging_mixin.py:137} INFO - [2023-04-02T10:49:51.089+0000] {dag.py:3456} INFO - Setting next_dagrun for dataset_consumes_1 to None, run_after=None
[2023-04-02T10:49:51.110+0000] {logging_mixin.py:137} INFO - [2023-04-02T10:49:51.110+0000] {dag.py:3456} INFO - Setting next_dagrun for dataset_consumes_1_and_2 to None, run_after=None
[2023-04-02T10:49:51.115+0000] {logging_mixin.py:137} INFO - [2023-04-02T10:49:51.114+0000] {dag.py:3456} INFO - Setting next_dagrun for dataset_consumes_1_never_scheduled to None, run_after=None
[2023-04-02T10:49:51.119+0000] {logging_mixin.py:137} INFO - [2023-04-02T10:49:51.119+0000] {dag.py:3456} INFO - Setting next_dagrun for dataset_consumes_unknown_never_scheduled to None, run_after=None
[2023-04-02T10:49:51.127+0000] {logging_mixin.py:137} INFO - [2023-04-02T10:49:51.126+0000] {dag.py:3456} INFO - Setting next_dagrun for dataset_produces_1 to 2023-04-01T00:00:00+00:00, run_after=2023-04-02T00:00:00+00:00
[2023-04-02T10:49:51.132+0000] {logging_mixin.py:137} INFO - [2023-04-02T10:49:51.132+0000] {dag.py:3456} INFO - Setting next_dagrun for dataset_produces_2 to None, run_after=None
[2023-04-02T10:49:51.247+0000] {processor.py:175} INFO - Processing /home/airflow/.local/lib/python3.7/site-packages/airflow/example_dags/example_datasets.py took 0.449 seconds
[2023-04-02T10:50:21.452+0000] {processor.py:153} INFO - Started process (PID=7678) to work on /home/airflow/.local/lib/python3.7/site-packages/airflow/example_dags/example_datasets.py
[2023-04-02T10:50:21.458+0000] {processor.py:743} INFO - Processing file /home/airflow/.local/lib/python3.7/site-packages/airflow/example_dags/example_datasets.py for tasks to queue
[2023-04-02T10:50:21.461+0000] {logging_mixin.py:137} INFO - [2023-04-02T10:50:21.460+0000] {dagbag.py:532} INFO - Filling up the DagBag from /home/airflow/.local/lib/python3.7/site-packages/airflow/example_dags/example_datasets.py
[2023-04-02T10:50:21.511+0000] {processor.py:753} INFO - DAG(s) dict_keys(['dataset_consumes_1', 'dataset_produces_1', 'dataset_produces_2', 'dataset_consumes_unknown_never_scheduled', 'dataset_consumes_1_and_2', 'dataset_consumes_1_never_scheduled']) retrieved from /home/airflow/.local/lib/python3.7/site-packages/airflow/example_dags/example_datasets.py
[2023-04-02T10:50:21.619+0000] {logging_mixin.py:137} INFO - [2023-04-02T10:50:21.618+0000] {dag.py:2705} INFO - Sync 6 DAGs
[2023-04-02T10:50:21.687+0000] {logging_mixin.py:137} INFO - [2023-04-02T10:50:21.687+0000] {dag.py:3456} INFO - Setting next_dagrun for dataset_consumes_1 to None, run_after=None
[2023-04-02T10:50:21.695+0000] {logging_mixin.py:137} INFO - [2023-04-02T10:50:21.695+0000] {dag.py:3456} INFO - Setting next_dagrun for dataset_consumes_1_and_2 to None, run_after=None
[2023-04-02T10:50:21.700+0000] {logging_mixin.py:137} INFO - [2023-04-02T10:50:21.700+0000] {dag.py:3456} INFO - Setting next_dagrun for dataset_consumes_1_never_scheduled to None, run_after=None
[2023-04-02T10:50:21.705+0000] {logging_mixin.py:137} INFO - [2023-04-02T10:50:21.705+0000] {dag.py:3456} INFO - Setting next_dagrun for dataset_consumes_unknown_never_scheduled to None, run_after=None
[2023-04-02T10:50:21.713+0000] {logging_mixin.py:137} INFO - [2023-04-02T10:50:21.713+0000] {dag.py:3456} INFO - Setting next_dagrun for dataset_produces_1 to 2023-04-01T00:00:00+00:00, run_after=2023-04-02T00:00:00+00:00
[2023-04-02T10:50:21.718+0000] {logging_mixin.py:137} INFO - [2023-04-02T10:50:21.718+0000] {dag.py:3456} INFO - Setting next_dagrun for dataset_produces_2 to None, run_after=None
[2023-04-02T10:50:21.786+0000] {processor.py:175} INFO - Processing /home/airflow/.local/lib/python3.7/site-packages/airflow/example_dags/example_datasets.py took 0.339 seconds
