[2023-04-02T10:32:47.285+0000] {processor.py:153} INFO - Started process (PID=268) to work on /home/airflow/.local/lib/python3.7/site-packages/airflow/example_dags/example_skip_dag.py
[2023-04-02T10:32:47.287+0000] {processor.py:743} INFO - Processing file /home/airflow/.local/lib/python3.7/site-packages/airflow/example_dags/example_skip_dag.py for tasks to queue
[2023-04-02T10:32:47.291+0000] {logging_mixin.py:137} INFO - [2023-04-02T10:32:47.289+0000] {dagbag.py:532} INFO - Filling up the DagBag from /home/airflow/.local/lib/python3.7/site-packages/airflow/example_dags/example_skip_dag.py
[2023-04-02T10:32:47.313+0000] {processor.py:753} INFO - DAG(s) dict_keys(['example_skip_dag']) retrieved from /home/airflow/.local/lib/python3.7/site-packages/airflow/example_dags/example_skip_dag.py
[2023-04-02T10:32:47.335+0000] {logging_mixin.py:137} INFO - [2023-04-02T10:32:47.334+0000] {dag.py:2705} INFO - Sync 1 DAGs
[2023-04-02T10:32:47.370+0000] {logging_mixin.py:137} INFO - [2023-04-02T10:32:47.369+0000] {dag.py:3456} INFO - Setting next_dagrun for example_skip_dag to 2023-04-01T10:32:47.369675+00:00, run_after=2023-04-02T10:32:47.369675+00:00
[2023-04-02T10:32:47.416+0000] {processor.py:175} INFO - Processing /home/airflow/.local/lib/python3.7/site-packages/airflow/example_dags/example_skip_dag.py took 0.135 seconds
[2023-04-02T10:33:21.618+0000] {processor.py:153} INFO - Started process (PID=488) to work on /home/airflow/.local/lib/python3.7/site-packages/airflow/example_dags/example_skip_dag.py
[2023-04-02T10:33:21.621+0000] {processor.py:743} INFO - Processing file /home/airflow/.local/lib/python3.7/site-packages/airflow/example_dags/example_skip_dag.py for tasks to queue
[2023-04-02T10:33:21.625+0000] {logging_mixin.py:137} INFO - [2023-04-02T10:33:21.624+0000] {dagbag.py:532} INFO - Filling up the DagBag from /home/airflow/.local/lib/python3.7/site-packages/airflow/example_dags/example_skip_dag.py
[2023-04-02T10:33:21.653+0000] {processor.py:753} INFO - DAG(s) dict_keys(['example_skip_dag']) retrieved from /home/airflow/.local/lib/python3.7/site-packages/airflow/example_dags/example_skip_dag.py
[2023-04-02T10:33:21.739+0000] {logging_mixin.py:137} INFO - [2023-04-02T10:33:21.738+0000] {dag.py:2705} INFO - Sync 1 DAGs
[2023-04-02T10:33:21.797+0000] {logging_mixin.py:137} INFO - [2023-04-02T10:33:21.797+0000] {dag.py:3456} INFO - Setting next_dagrun for example_skip_dag to 2023-04-01T10:33:21.796671+00:00, run_after=2023-04-02T10:33:21.796671+00:00
[2023-04-02T10:33:21.868+0000] {processor.py:175} INFO - Processing /home/airflow/.local/lib/python3.7/site-packages/airflow/example_dags/example_skip_dag.py took 0.257 seconds
[2023-04-02T10:33:54.115+0000] {processor.py:153} INFO - Started process (PID=705) to work on /home/airflow/.local/lib/python3.7/site-packages/airflow/example_dags/example_skip_dag.py
[2023-04-02T10:33:54.121+0000] {processor.py:743} INFO - Processing file /home/airflow/.local/lib/python3.7/site-packages/airflow/example_dags/example_skip_dag.py for tasks to queue
[2023-04-02T10:33:54.131+0000] {logging_mixin.py:137} INFO - [2023-04-02T10:33:54.129+0000] {dagbag.py:532} INFO - Filling up the DagBag from /home/airflow/.local/lib/python3.7/site-packages/airflow/example_dags/example_skip_dag.py
[2023-04-02T10:33:54.237+0000] {processor.py:753} INFO - DAG(s) dict_keys(['example_skip_dag']) retrieved from /home/airflow/.local/lib/python3.7/site-packages/airflow/example_dags/example_skip_dag.py
[2023-04-02T10:33:54.315+0000] {logging_mixin.py:137} INFO - [2023-04-02T10:33:54.315+0000] {dag.py:2705} INFO - Sync 1 DAGs
[2023-04-02T10:33:54.375+0000] {logging_mixin.py:137} INFO - [2023-04-02T10:33:54.375+0000] {dag.py:3456} INFO - Setting next_dagrun for example_skip_dag to 2023-04-01T10:33:54.374445+00:00, run_after=2023-04-02T10:33:54.374445+00:00
[2023-04-02T10:33:54.451+0000] {processor.py:175} INFO - Processing /home/airflow/.local/lib/python3.7/site-packages/airflow/example_dags/example_skip_dag.py took 0.367 seconds
[2023-04-02T10:34:25.384+0000] {processor.py:153} INFO - Started process (PID=923) to work on /home/airflow/.local/lib/python3.7/site-packages/airflow/example_dags/example_skip_dag.py
[2023-04-02T10:34:25.397+0000] {processor.py:743} INFO - Processing file /home/airflow/.local/lib/python3.7/site-packages/airflow/example_dags/example_skip_dag.py for tasks to queue
[2023-04-02T10:34:25.402+0000] {logging_mixin.py:137} INFO - [2023-04-02T10:34:25.402+0000] {dagbag.py:532} INFO - Filling up the DagBag from /home/airflow/.local/lib/python3.7/site-packages/airflow/example_dags/example_skip_dag.py
[2023-04-02T10:34:25.445+0000] {processor.py:753} INFO - DAG(s) dict_keys(['example_skip_dag']) retrieved from /home/airflow/.local/lib/python3.7/site-packages/airflow/example_dags/example_skip_dag.py
[2023-04-02T10:34:25.544+0000] {logging_mixin.py:137} INFO - [2023-04-02T10:34:25.544+0000] {dag.py:2705} INFO - Sync 1 DAGs
[2023-04-02T10:34:25.632+0000] {logging_mixin.py:137} INFO - [2023-04-02T10:34:25.631+0000] {dag.py:3456} INFO - Setting next_dagrun for example_skip_dag to 2023-04-01T10:34:25.631492+00:00, run_after=2023-04-02T10:34:25.631492+00:00
[2023-04-02T10:34:25.685+0000] {processor.py:175} INFO - Processing /home/airflow/.local/lib/python3.7/site-packages/airflow/example_dags/example_skip_dag.py took 0.308 seconds
[2023-04-02T10:34:56.200+0000] {processor.py:153} INFO - Started process (PID=1142) to work on /home/airflow/.local/lib/python3.7/site-packages/airflow/example_dags/example_skip_dag.py
[2023-04-02T10:34:56.203+0000] {processor.py:743} INFO - Processing file /home/airflow/.local/lib/python3.7/site-packages/airflow/example_dags/example_skip_dag.py for tasks to queue
[2023-04-02T10:34:56.209+0000] {logging_mixin.py:137} INFO - [2023-04-02T10:34:56.208+0000] {dagbag.py:532} INFO - Filling up the DagBag from /home/airflow/.local/lib/python3.7/site-packages/airflow/example_dags/example_skip_dag.py
[2023-04-02T10:34:56.252+0000] {processor.py:753} INFO - DAG(s) dict_keys(['example_skip_dag']) retrieved from /home/airflow/.local/lib/python3.7/site-packages/airflow/example_dags/example_skip_dag.py
[2023-04-02T10:34:56.420+0000] {logging_mixin.py:137} INFO - [2023-04-02T10:34:56.419+0000] {dag.py:2705} INFO - Sync 1 DAGs
[2023-04-02T10:34:56.517+0000] {logging_mixin.py:137} INFO - [2023-04-02T10:34:56.516+0000] {dag.py:3456} INFO - Setting next_dagrun for example_skip_dag to 2023-04-01T10:34:56.516602+00:00, run_after=2023-04-02T10:34:56.516602+00:00
[2023-04-02T10:34:56.558+0000] {processor.py:175} INFO - Processing /home/airflow/.local/lib/python3.7/site-packages/airflow/example_dags/example_skip_dag.py took 0.363 seconds
[2023-04-02T10:35:27.532+0000] {processor.py:153} INFO - Started process (PID=1360) to work on /home/airflow/.local/lib/python3.7/site-packages/airflow/example_dags/example_skip_dag.py
[2023-04-02T10:35:27.534+0000] {processor.py:743} INFO - Processing file /home/airflow/.local/lib/python3.7/site-packages/airflow/example_dags/example_skip_dag.py for tasks to queue
[2023-04-02T10:35:27.538+0000] {logging_mixin.py:137} INFO - [2023-04-02T10:35:27.538+0000] {dagbag.py:532} INFO - Filling up the DagBag from /home/airflow/.local/lib/python3.7/site-packages/airflow/example_dags/example_skip_dag.py
[2023-04-02T10:35:27.575+0000] {processor.py:753} INFO - DAG(s) dict_keys(['example_skip_dag']) retrieved from /home/airflow/.local/lib/python3.7/site-packages/airflow/example_dags/example_skip_dag.py
[2023-04-02T10:35:27.635+0000] {logging_mixin.py:137} INFO - [2023-04-02T10:35:27.635+0000] {dag.py:2705} INFO - Sync 1 DAGs
[2023-04-02T10:35:27.694+0000] {logging_mixin.py:137} INFO - [2023-04-02T10:35:27.694+0000] {dag.py:3456} INFO - Setting next_dagrun for example_skip_dag to 2023-04-01T10:35:27.693671+00:00, run_after=2023-04-02T10:35:27.693671+00:00
[2023-04-02T10:35:27.742+0000] {processor.py:175} INFO - Processing /home/airflow/.local/lib/python3.7/site-packages/airflow/example_dags/example_skip_dag.py took 0.219 seconds
[2023-04-02T10:35:58.165+0000] {processor.py:153} INFO - Started process (PID=1578) to work on /home/airflow/.local/lib/python3.7/site-packages/airflow/example_dags/example_skip_dag.py
[2023-04-02T10:35:58.173+0000] {processor.py:743} INFO - Processing file /home/airflow/.local/lib/python3.7/site-packages/airflow/example_dags/example_skip_dag.py for tasks to queue
[2023-04-02T10:35:58.178+0000] {logging_mixin.py:137} INFO - [2023-04-02T10:35:58.178+0000] {dagbag.py:532} INFO - Filling up the DagBag from /home/airflow/.local/lib/python3.7/site-packages/airflow/example_dags/example_skip_dag.py
[2023-04-02T10:35:58.225+0000] {processor.py:753} INFO - DAG(s) dict_keys(['example_skip_dag']) retrieved from /home/airflow/.local/lib/python3.7/site-packages/airflow/example_dags/example_skip_dag.py
[2023-04-02T10:35:58.320+0000] {logging_mixin.py:137} INFO - [2023-04-02T10:35:58.320+0000] {dag.py:2705} INFO - Sync 1 DAGs
[2023-04-02T10:35:58.387+0000] {logging_mixin.py:137} INFO - [2023-04-02T10:35:58.386+0000] {dag.py:3456} INFO - Setting next_dagrun for example_skip_dag to 2023-04-01T10:35:58.386502+00:00, run_after=2023-04-02T10:35:58.386502+00:00
[2023-04-02T10:35:58.433+0000] {processor.py:175} INFO - Processing /home/airflow/.local/lib/python3.7/site-packages/airflow/example_dags/example_skip_dag.py took 0.275 seconds
[2023-04-02T10:36:29.268+0000] {processor.py:153} INFO - Started process (PID=1796) to work on /home/airflow/.local/lib/python3.7/site-packages/airflow/example_dags/example_skip_dag.py
[2023-04-02T10:36:29.271+0000] {processor.py:743} INFO - Processing file /home/airflow/.local/lib/python3.7/site-packages/airflow/example_dags/example_skip_dag.py for tasks to queue
[2023-04-02T10:36:29.275+0000] {logging_mixin.py:137} INFO - [2023-04-02T10:36:29.275+0000] {dagbag.py:532} INFO - Filling up the DagBag from /home/airflow/.local/lib/python3.7/site-packages/airflow/example_dags/example_skip_dag.py
[2023-04-02T10:36:29.301+0000] {processor.py:753} INFO - DAG(s) dict_keys(['example_skip_dag']) retrieved from /home/airflow/.local/lib/python3.7/site-packages/airflow/example_dags/example_skip_dag.py
[2023-04-02T10:36:29.369+0000] {logging_mixin.py:137} INFO - [2023-04-02T10:36:29.369+0000] {dag.py:2705} INFO - Sync 1 DAGs
[2023-04-02T10:36:29.435+0000] {logging_mixin.py:137} INFO - [2023-04-02T10:36:29.435+0000] {dag.py:3456} INFO - Setting next_dagrun for example_skip_dag to 2023-04-01T10:36:29.434938+00:00, run_after=2023-04-02T10:36:29.434938+00:00
[2023-04-02T10:36:29.467+0000] {processor.py:175} INFO - Processing /home/airflow/.local/lib/python3.7/site-packages/airflow/example_dags/example_skip_dag.py took 0.207 seconds
[2023-04-02T10:37:00.167+0000] {processor.py:153} INFO - Started process (PID=2014) to work on /home/airflow/.local/lib/python3.7/site-packages/airflow/example_dags/example_skip_dag.py
[2023-04-02T10:37:00.169+0000] {processor.py:743} INFO - Processing file /home/airflow/.local/lib/python3.7/site-packages/airflow/example_dags/example_skip_dag.py for tasks to queue
[2023-04-02T10:37:00.172+0000] {logging_mixin.py:137} INFO - [2023-04-02T10:37:00.171+0000] {dagbag.py:532} INFO - Filling up the DagBag from /home/airflow/.local/lib/python3.7/site-packages/airflow/example_dags/example_skip_dag.py
[2023-04-02T10:37:00.212+0000] {processor.py:753} INFO - DAG(s) dict_keys(['example_skip_dag']) retrieved from /home/airflow/.local/lib/python3.7/site-packages/airflow/example_dags/example_skip_dag.py
[2023-04-02T10:37:00.266+0000] {logging_mixin.py:137} INFO - [2023-04-02T10:37:00.266+0000] {dag.py:2705} INFO - Sync 1 DAGs
[2023-04-02T10:37:00.327+0000] {logging_mixin.py:137} INFO - [2023-04-02T10:37:00.327+0000] {dag.py:3456} INFO - Setting next_dagrun for example_skip_dag to 2023-04-01T10:37:00.327072+00:00, run_after=2023-04-02T10:37:00.327072+00:00
[2023-04-02T10:37:00.375+0000] {processor.py:175} INFO - Processing /home/airflow/.local/lib/python3.7/site-packages/airflow/example_dags/example_skip_dag.py took 0.215 seconds
[2023-04-02T10:37:30.842+0000] {processor.py:153} INFO - Started process (PID=2232) to work on /home/airflow/.local/lib/python3.7/site-packages/airflow/example_dags/example_skip_dag.py
[2023-04-02T10:37:30.844+0000] {processor.py:743} INFO - Processing file /home/airflow/.local/lib/python3.7/site-packages/airflow/example_dags/example_skip_dag.py for tasks to queue
[2023-04-02T10:37:30.847+0000] {logging_mixin.py:137} INFO - [2023-04-02T10:37:30.847+0000] {dagbag.py:532} INFO - Filling up the DagBag from /home/airflow/.local/lib/python3.7/site-packages/airflow/example_dags/example_skip_dag.py
[2023-04-02T10:37:30.874+0000] {processor.py:753} INFO - DAG(s) dict_keys(['example_skip_dag']) retrieved from /home/airflow/.local/lib/python3.7/site-packages/airflow/example_dags/example_skip_dag.py
[2023-04-02T10:37:30.914+0000] {logging_mixin.py:137} INFO - [2023-04-02T10:37:30.914+0000] {dag.py:2705} INFO - Sync 1 DAGs
[2023-04-02T10:37:30.982+0000] {logging_mixin.py:137} INFO - [2023-04-02T10:37:30.982+0000] {dag.py:3456} INFO - Setting next_dagrun for example_skip_dag to 2023-04-01T10:37:30.981965+00:00, run_after=2023-04-02T10:37:30.981965+00:00
[2023-04-02T10:37:31.040+0000] {processor.py:175} INFO - Processing /home/airflow/.local/lib/python3.7/site-packages/airflow/example_dags/example_skip_dag.py took 0.205 seconds
[2023-04-02T10:38:01.827+0000] {processor.py:153} INFO - Started process (PID=2450) to work on /home/airflow/.local/lib/python3.7/site-packages/airflow/example_dags/example_skip_dag.py
[2023-04-02T10:38:01.830+0000] {processor.py:743} INFO - Processing file /home/airflow/.local/lib/python3.7/site-packages/airflow/example_dags/example_skip_dag.py for tasks to queue
[2023-04-02T10:38:01.832+0000] {logging_mixin.py:137} INFO - [2023-04-02T10:38:01.832+0000] {dagbag.py:532} INFO - Filling up the DagBag from /home/airflow/.local/lib/python3.7/site-packages/airflow/example_dags/example_skip_dag.py
[2023-04-02T10:38:01.861+0000] {processor.py:753} INFO - DAG(s) dict_keys(['example_skip_dag']) retrieved from /home/airflow/.local/lib/python3.7/site-packages/airflow/example_dags/example_skip_dag.py
[2023-04-02T10:38:01.929+0000] {logging_mixin.py:137} INFO - [2023-04-02T10:38:01.929+0000] {dag.py:2705} INFO - Sync 1 DAGs
[2023-04-02T10:38:01.989+0000] {logging_mixin.py:137} INFO - [2023-04-02T10:38:01.988+0000] {dag.py:3456} INFO - Setting next_dagrun for example_skip_dag to 2023-04-01T10:38:01.988315+00:00, run_after=2023-04-02T10:38:01.988315+00:00
[2023-04-02T10:38:02.036+0000] {processor.py:175} INFO - Processing /home/airflow/.local/lib/python3.7/site-packages/airflow/example_dags/example_skip_dag.py took 0.219 seconds
[2023-04-02T10:38:32.963+0000] {processor.py:153} INFO - Started process (PID=2668) to work on /home/airflow/.local/lib/python3.7/site-packages/airflow/example_dags/example_skip_dag.py
[2023-04-02T10:38:32.971+0000] {processor.py:743} INFO - Processing file /home/airflow/.local/lib/python3.7/site-packages/airflow/example_dags/example_skip_dag.py for tasks to queue
[2023-04-02T10:38:32.975+0000] {logging_mixin.py:137} INFO - [2023-04-02T10:38:32.973+0000] {dagbag.py:532} INFO - Filling up the DagBag from /home/airflow/.local/lib/python3.7/site-packages/airflow/example_dags/example_skip_dag.py
[2023-04-02T10:38:33.040+0000] {processor.py:753} INFO - DAG(s) dict_keys(['example_skip_dag']) retrieved from /home/airflow/.local/lib/python3.7/site-packages/airflow/example_dags/example_skip_dag.py
[2023-04-02T10:38:33.085+0000] {logging_mixin.py:137} INFO - [2023-04-02T10:38:33.084+0000] {dag.py:2705} INFO - Sync 1 DAGs
[2023-04-02T10:38:33.128+0000] {logging_mixin.py:137} INFO - [2023-04-02T10:38:33.128+0000] {dag.py:3456} INFO - Setting next_dagrun for example_skip_dag to 2023-04-01T10:38:33.128140+00:00, run_after=2023-04-02T10:38:33.128140+00:00
[2023-04-02T10:38:33.171+0000] {processor.py:175} INFO - Processing /home/airflow/.local/lib/python3.7/site-packages/airflow/example_dags/example_skip_dag.py took 0.222 seconds
[2023-04-02T10:39:03.526+0000] {processor.py:153} INFO - Started process (PID=2886) to work on /home/airflow/.local/lib/python3.7/site-packages/airflow/example_dags/example_skip_dag.py
[2023-04-02T10:39:03.531+0000] {processor.py:743} INFO - Processing file /home/airflow/.local/lib/python3.7/site-packages/airflow/example_dags/example_skip_dag.py for tasks to queue
[2023-04-02T10:39:03.534+0000] {logging_mixin.py:137} INFO - [2023-04-02T10:39:03.533+0000] {dagbag.py:532} INFO - Filling up the DagBag from /home/airflow/.local/lib/python3.7/site-packages/airflow/example_dags/example_skip_dag.py
[2023-04-02T10:39:03.570+0000] {processor.py:753} INFO - DAG(s) dict_keys(['example_skip_dag']) retrieved from /home/airflow/.local/lib/python3.7/site-packages/airflow/example_dags/example_skip_dag.py
[2023-04-02T10:39:03.650+0000] {logging_mixin.py:137} INFO - [2023-04-02T10:39:03.650+0000] {dag.py:2705} INFO - Sync 1 DAGs
[2023-04-02T10:39:03.749+0000] {logging_mixin.py:137} INFO - [2023-04-02T10:39:03.748+0000] {dag.py:3456} INFO - Setting next_dagrun for example_skip_dag to 2023-04-01T10:39:03.748433+00:00, run_after=2023-04-02T10:39:03.748433+00:00
[2023-04-02T10:39:03.841+0000] {processor.py:175} INFO - Processing /home/airflow/.local/lib/python3.7/site-packages/airflow/example_dags/example_skip_dag.py took 0.334 seconds
[2023-04-02T10:39:34.116+0000] {processor.py:153} INFO - Started process (PID=3104) to work on /home/airflow/.local/lib/python3.7/site-packages/airflow/example_dags/example_skip_dag.py
[2023-04-02T10:39:34.118+0000] {processor.py:743} INFO - Processing file /home/airflow/.local/lib/python3.7/site-packages/airflow/example_dags/example_skip_dag.py for tasks to queue
[2023-04-02T10:39:34.122+0000] {logging_mixin.py:137} INFO - [2023-04-02T10:39:34.121+0000] {dagbag.py:532} INFO - Filling up the DagBag from /home/airflow/.local/lib/python3.7/site-packages/airflow/example_dags/example_skip_dag.py
[2023-04-02T10:39:34.160+0000] {processor.py:753} INFO - DAG(s) dict_keys(['example_skip_dag']) retrieved from /home/airflow/.local/lib/python3.7/site-packages/airflow/example_dags/example_skip_dag.py
[2023-04-02T10:39:34.220+0000] {logging_mixin.py:137} INFO - [2023-04-02T10:39:34.219+0000] {dag.py:2705} INFO - Sync 1 DAGs
[2023-04-02T10:39:34.286+0000] {logging_mixin.py:137} INFO - [2023-04-02T10:39:34.286+0000] {dag.py:3456} INFO - Setting next_dagrun for example_skip_dag to 2023-04-01T10:39:34.285853+00:00, run_after=2023-04-02T10:39:34.285853+00:00
[2023-04-02T10:39:34.330+0000] {processor.py:175} INFO - Processing /home/airflow/.local/lib/python3.7/site-packages/airflow/example_dags/example_skip_dag.py took 0.224 seconds
[2023-04-02T10:40:05.006+0000] {processor.py:153} INFO - Started process (PID=3328) to work on /home/airflow/.local/lib/python3.7/site-packages/airflow/example_dags/example_skip_dag.py
[2023-04-02T10:40:05.013+0000] {processor.py:743} INFO - Processing file /home/airflow/.local/lib/python3.7/site-packages/airflow/example_dags/example_skip_dag.py for tasks to queue
[2023-04-02T10:40:05.027+0000] {logging_mixin.py:137} INFO - [2023-04-02T10:40:05.025+0000] {dagbag.py:532} INFO - Filling up the DagBag from /home/airflow/.local/lib/python3.7/site-packages/airflow/example_dags/example_skip_dag.py
[2023-04-02T10:40:05.135+0000] {processor.py:753} INFO - DAG(s) dict_keys(['example_skip_dag']) retrieved from /home/airflow/.local/lib/python3.7/site-packages/airflow/example_dags/example_skip_dag.py
[2023-04-02T10:40:05.252+0000] {logging_mixin.py:137} INFO - [2023-04-02T10:40:05.252+0000] {dag.py:2705} INFO - Sync 1 DAGs
[2023-04-02T10:40:05.371+0000] {logging_mixin.py:137} INFO - [2023-04-02T10:40:05.371+0000] {dag.py:3456} INFO - Setting next_dagrun for example_skip_dag to 2023-04-01T10:40:05.370701+00:00, run_after=2023-04-02T10:40:05.370701+00:00
[2023-04-02T10:40:05.434+0000] {processor.py:175} INFO - Processing /home/airflow/.local/lib/python3.7/site-packages/airflow/example_dags/example_skip_dag.py took 0.473 seconds
[2023-04-02T10:40:35.611+0000] {processor.py:153} INFO - Started process (PID=3547) to work on /home/airflow/.local/lib/python3.7/site-packages/airflow/example_dags/example_skip_dag.py
[2023-04-02T10:40:35.618+0000] {processor.py:743} INFO - Processing file /home/airflow/.local/lib/python3.7/site-packages/airflow/example_dags/example_skip_dag.py for tasks to queue
[2023-04-02T10:40:35.627+0000] {logging_mixin.py:137} INFO - [2023-04-02T10:40:35.627+0000] {dagbag.py:532} INFO - Filling up the DagBag from /home/airflow/.local/lib/python3.7/site-packages/airflow/example_dags/example_skip_dag.py
[2023-04-02T10:40:35.685+0000] {processor.py:753} INFO - DAG(s) dict_keys(['example_skip_dag']) retrieved from /home/airflow/.local/lib/python3.7/site-packages/airflow/example_dags/example_skip_dag.py
[2023-04-02T10:40:35.781+0000] {logging_mixin.py:137} INFO - [2023-04-02T10:40:35.781+0000] {dag.py:2705} INFO - Sync 1 DAGs
[2023-04-02T10:40:35.844+0000] {logging_mixin.py:137} INFO - [2023-04-02T10:40:35.843+0000] {dag.py:3456} INFO - Setting next_dagrun for example_skip_dag to 2023-04-01T10:40:35.843512+00:00, run_after=2023-04-02T10:40:35.843512+00:00
[2023-04-02T10:40:35.893+0000] {processor.py:175} INFO - Processing /home/airflow/.local/lib/python3.7/site-packages/airflow/example_dags/example_skip_dag.py took 0.294 seconds
[2023-04-02T10:41:06.945+0000] {processor.py:153} INFO - Started process (PID=3765) to work on /home/airflow/.local/lib/python3.7/site-packages/airflow/example_dags/example_skip_dag.py
[2023-04-02T10:41:06.949+0000] {processor.py:743} INFO - Processing file /home/airflow/.local/lib/python3.7/site-packages/airflow/example_dags/example_skip_dag.py for tasks to queue
[2023-04-02T10:41:06.952+0000] {logging_mixin.py:137} INFO - [2023-04-02T10:41:06.952+0000] {dagbag.py:532} INFO - Filling up the DagBag from /home/airflow/.local/lib/python3.7/site-packages/airflow/example_dags/example_skip_dag.py
[2023-04-02T10:41:06.994+0000] {processor.py:753} INFO - DAG(s) dict_keys(['example_skip_dag']) retrieved from /home/airflow/.local/lib/python3.7/site-packages/airflow/example_dags/example_skip_dag.py
[2023-04-02T10:41:07.071+0000] {logging_mixin.py:137} INFO - [2023-04-02T10:41:07.071+0000] {dag.py:2705} INFO - Sync 1 DAGs
[2023-04-02T10:41:07.170+0000] {logging_mixin.py:137} INFO - [2023-04-02T10:41:07.170+0000] {dag.py:3456} INFO - Setting next_dagrun for example_skip_dag to 2023-04-01T10:41:07.169929+00:00, run_after=2023-04-02T10:41:07.169929+00:00
[2023-04-02T10:41:07.224+0000] {processor.py:175} INFO - Processing /home/airflow/.local/lib/python3.7/site-packages/airflow/example_dags/example_skip_dag.py took 0.286 seconds
[2023-04-02T10:41:38.362+0000] {processor.py:153} INFO - Started process (PID=3983) to work on /home/airflow/.local/lib/python3.7/site-packages/airflow/example_dags/example_skip_dag.py
[2023-04-02T10:41:38.366+0000] {processor.py:743} INFO - Processing file /home/airflow/.local/lib/python3.7/site-packages/airflow/example_dags/example_skip_dag.py for tasks to queue
[2023-04-02T10:41:38.370+0000] {logging_mixin.py:137} INFO - [2023-04-02T10:41:38.370+0000] {dagbag.py:532} INFO - Filling up the DagBag from /home/airflow/.local/lib/python3.7/site-packages/airflow/example_dags/example_skip_dag.py
[2023-04-02T10:41:38.418+0000] {processor.py:753} INFO - DAG(s) dict_keys(['example_skip_dag']) retrieved from /home/airflow/.local/lib/python3.7/site-packages/airflow/example_dags/example_skip_dag.py
[2023-04-02T10:41:38.519+0000] {logging_mixin.py:137} INFO - [2023-04-02T10:41:38.519+0000] {dag.py:2705} INFO - Sync 1 DAGs
[2023-04-02T10:41:38.611+0000] {logging_mixin.py:137} INFO - [2023-04-02T10:41:38.610+0000] {dag.py:3456} INFO - Setting next_dagrun for example_skip_dag to 2023-04-01T10:41:38.610160+00:00, run_after=2023-04-02T10:41:38.610160+00:00
[2023-04-02T10:41:38.680+0000] {processor.py:175} INFO - Processing /home/airflow/.local/lib/python3.7/site-packages/airflow/example_dags/example_skip_dag.py took 0.338 seconds
[2023-04-02T10:42:10.675+0000] {processor.py:153} INFO - Started process (PID=4202) to work on /home/airflow/.local/lib/python3.7/site-packages/airflow/example_dags/example_skip_dag.py
[2023-04-02T10:42:10.696+0000] {processor.py:743} INFO - Processing file /home/airflow/.local/lib/python3.7/site-packages/airflow/example_dags/example_skip_dag.py for tasks to queue
[2023-04-02T10:42:10.706+0000] {logging_mixin.py:137} INFO - [2023-04-02T10:42:10.705+0000] {dagbag.py:532} INFO - Filling up the DagBag from /home/airflow/.local/lib/python3.7/site-packages/airflow/example_dags/example_skip_dag.py
[2023-04-02T10:42:10.808+0000] {processor.py:753} INFO - DAG(s) dict_keys(['example_skip_dag']) retrieved from /home/airflow/.local/lib/python3.7/site-packages/airflow/example_dags/example_skip_dag.py
[2023-04-02T10:42:10.901+0000] {logging_mixin.py:137} INFO - [2023-04-02T10:42:10.900+0000] {dag.py:2705} INFO - Sync 1 DAGs
[2023-04-02T10:42:10.967+0000] {logging_mixin.py:137} INFO - [2023-04-02T10:42:10.967+0000] {dag.py:3456} INFO - Setting next_dagrun for example_skip_dag to 2023-04-01T10:42:10.967133+00:00, run_after=2023-04-02T10:42:10.967133+00:00
[2023-04-02T10:42:11.007+0000] {processor.py:175} INFO - Processing /home/airflow/.local/lib/python3.7/site-packages/airflow/example_dags/example_skip_dag.py took 0.342 seconds
[2023-04-02T10:42:41.269+0000] {processor.py:153} INFO - Started process (PID=4420) to work on /home/airflow/.local/lib/python3.7/site-packages/airflow/example_dags/example_skip_dag.py
[2023-04-02T10:42:41.274+0000] {processor.py:743} INFO - Processing file /home/airflow/.local/lib/python3.7/site-packages/airflow/example_dags/example_skip_dag.py for tasks to queue
[2023-04-02T10:42:41.280+0000] {logging_mixin.py:137} INFO - [2023-04-02T10:42:41.280+0000] {dagbag.py:532} INFO - Filling up the DagBag from /home/airflow/.local/lib/python3.7/site-packages/airflow/example_dags/example_skip_dag.py
[2023-04-02T10:42:41.319+0000] {processor.py:753} INFO - DAG(s) dict_keys(['example_skip_dag']) retrieved from /home/airflow/.local/lib/python3.7/site-packages/airflow/example_dags/example_skip_dag.py
[2023-04-02T10:42:41.354+0000] {logging_mixin.py:137} INFO - [2023-04-02T10:42:41.353+0000] {dag.py:2705} INFO - Sync 1 DAGs
[2023-04-02T10:42:41.390+0000] {logging_mixin.py:137} INFO - [2023-04-02T10:42:41.390+0000] {dag.py:3456} INFO - Setting next_dagrun for example_skip_dag to 2023-04-01T10:42:41.389916+00:00, run_after=2023-04-02T10:42:41.389916+00:00
[2023-04-02T10:42:41.418+0000] {processor.py:175} INFO - Processing /home/airflow/.local/lib/python3.7/site-packages/airflow/example_dags/example_skip_dag.py took 0.159 seconds
[2023-04-02T10:43:11.644+0000] {processor.py:153} INFO - Started process (PID=4638) to work on /home/airflow/.local/lib/python3.7/site-packages/airflow/example_dags/example_skip_dag.py
[2023-04-02T10:43:11.647+0000] {processor.py:743} INFO - Processing file /home/airflow/.local/lib/python3.7/site-packages/airflow/example_dags/example_skip_dag.py for tasks to queue
[2023-04-02T10:43:11.651+0000] {logging_mixin.py:137} INFO - [2023-04-02T10:43:11.651+0000] {dagbag.py:532} INFO - Filling up the DagBag from /home/airflow/.local/lib/python3.7/site-packages/airflow/example_dags/example_skip_dag.py
[2023-04-02T10:43:11.678+0000] {processor.py:753} INFO - DAG(s) dict_keys(['example_skip_dag']) retrieved from /home/airflow/.local/lib/python3.7/site-packages/airflow/example_dags/example_skip_dag.py
[2023-04-02T10:43:11.717+0000] {logging_mixin.py:137} INFO - [2023-04-02T10:43:11.716+0000] {dag.py:2705} INFO - Sync 1 DAGs
[2023-04-02T10:43:11.761+0000] {logging_mixin.py:137} INFO - [2023-04-02T10:43:11.761+0000] {dag.py:3456} INFO - Setting next_dagrun for example_skip_dag to 2023-04-01T10:43:11.760903+00:00, run_after=2023-04-02T10:43:11.760903+00:00
[2023-04-02T10:43:11.808+0000] {processor.py:175} INFO - Processing /home/airflow/.local/lib/python3.7/site-packages/airflow/example_dags/example_skip_dag.py took 0.172 seconds
[2023-04-02T10:43:42.087+0000] {processor.py:153} INFO - Started process (PID=4856) to work on /home/airflow/.local/lib/python3.7/site-packages/airflow/example_dags/example_skip_dag.py
[2023-04-02T10:43:42.089+0000] {processor.py:743} INFO - Processing file /home/airflow/.local/lib/python3.7/site-packages/airflow/example_dags/example_skip_dag.py for tasks to queue
[2023-04-02T10:43:42.091+0000] {logging_mixin.py:137} INFO - [2023-04-02T10:43:42.091+0000] {dagbag.py:532} INFO - Filling up the DagBag from /home/airflow/.local/lib/python3.7/site-packages/airflow/example_dags/example_skip_dag.py
[2023-04-02T10:43:42.125+0000] {processor.py:753} INFO - DAG(s) dict_keys(['example_skip_dag']) retrieved from /home/airflow/.local/lib/python3.7/site-packages/airflow/example_dags/example_skip_dag.py
[2023-04-02T10:43:42.185+0000] {logging_mixin.py:137} INFO - [2023-04-02T10:43:42.185+0000] {dag.py:2705} INFO - Sync 1 DAGs
[2023-04-02T10:43:42.245+0000] {logging_mixin.py:137} INFO - [2023-04-02T10:43:42.244+0000] {dag.py:3456} INFO - Setting next_dagrun for example_skip_dag to 2023-04-01T10:43:42.244344+00:00, run_after=2023-04-02T10:43:42.244344+00:00
[2023-04-02T10:43:42.285+0000] {processor.py:175} INFO - Processing /home/airflow/.local/lib/python3.7/site-packages/airflow/example_dags/example_skip_dag.py took 0.205 seconds
[2023-04-02T10:44:12.847+0000] {processor.py:153} INFO - Started process (PID=5074) to work on /home/airflow/.local/lib/python3.7/site-packages/airflow/example_dags/example_skip_dag.py
[2023-04-02T10:44:12.849+0000] {processor.py:743} INFO - Processing file /home/airflow/.local/lib/python3.7/site-packages/airflow/example_dags/example_skip_dag.py for tasks to queue
[2023-04-02T10:44:12.851+0000] {logging_mixin.py:137} INFO - [2023-04-02T10:44:12.851+0000] {dagbag.py:532} INFO - Filling up the DagBag from /home/airflow/.local/lib/python3.7/site-packages/airflow/example_dags/example_skip_dag.py
[2023-04-02T10:44:12.876+0000] {processor.py:753} INFO - DAG(s) dict_keys(['example_skip_dag']) retrieved from /home/airflow/.local/lib/python3.7/site-packages/airflow/example_dags/example_skip_dag.py
[2023-04-02T10:44:12.938+0000] {logging_mixin.py:137} INFO - [2023-04-02T10:44:12.937+0000] {dag.py:2705} INFO - Sync 1 DAGs
[2023-04-02T10:44:12.986+0000] {logging_mixin.py:137} INFO - [2023-04-02T10:44:12.985+0000] {dag.py:3456} INFO - Setting next_dagrun for example_skip_dag to 2023-04-01T10:44:12.985138+00:00, run_after=2023-04-02T10:44:12.985138+00:00
[2023-04-02T10:44:13.036+0000] {processor.py:175} INFO - Processing /home/airflow/.local/lib/python3.7/site-packages/airflow/example_dags/example_skip_dag.py took 0.196 seconds
[2023-04-02T10:44:44.098+0000] {processor.py:153} INFO - Started process (PID=5292) to work on /home/airflow/.local/lib/python3.7/site-packages/airflow/example_dags/example_skip_dag.py
[2023-04-02T10:44:44.103+0000] {processor.py:743} INFO - Processing file /home/airflow/.local/lib/python3.7/site-packages/airflow/example_dags/example_skip_dag.py for tasks to queue
[2023-04-02T10:44:44.106+0000] {logging_mixin.py:137} INFO - [2023-04-02T10:44:44.105+0000] {dagbag.py:532} INFO - Filling up the DagBag from /home/airflow/.local/lib/python3.7/site-packages/airflow/example_dags/example_skip_dag.py
[2023-04-02T10:44:44.174+0000] {processor.py:753} INFO - DAG(s) dict_keys(['example_skip_dag']) retrieved from /home/airflow/.local/lib/python3.7/site-packages/airflow/example_dags/example_skip_dag.py
[2023-04-02T10:44:44.240+0000] {logging_mixin.py:137} INFO - [2023-04-02T10:44:44.240+0000] {dag.py:2705} INFO - Sync 1 DAGs
[2023-04-02T10:44:44.282+0000] {logging_mixin.py:137} INFO - [2023-04-02T10:44:44.281+0000] {dag.py:3456} INFO - Setting next_dagrun for example_skip_dag to 2023-04-01T10:44:44.281494+00:00, run_after=2023-04-02T10:44:44.281494+00:00
[2023-04-02T10:44:44.339+0000] {processor.py:175} INFO - Processing /home/airflow/.local/lib/python3.7/site-packages/airflow/example_dags/example_skip_dag.py took 0.257 seconds
[2023-04-02T10:45:15.236+0000] {processor.py:153} INFO - Started process (PID=5512) to work on /home/airflow/.local/lib/python3.7/site-packages/airflow/example_dags/example_skip_dag.py
[2023-04-02T10:45:15.238+0000] {processor.py:743} INFO - Processing file /home/airflow/.local/lib/python3.7/site-packages/airflow/example_dags/example_skip_dag.py for tasks to queue
[2023-04-02T10:45:15.240+0000] {logging_mixin.py:137} INFO - [2023-04-02T10:45:15.239+0000] {dagbag.py:532} INFO - Filling up the DagBag from /home/airflow/.local/lib/python3.7/site-packages/airflow/example_dags/example_skip_dag.py
[2023-04-02T10:45:15.275+0000] {processor.py:753} INFO - DAG(s) dict_keys(['example_skip_dag']) retrieved from /home/airflow/.local/lib/python3.7/site-packages/airflow/example_dags/example_skip_dag.py
[2023-04-02T10:45:15.329+0000] {logging_mixin.py:137} INFO - [2023-04-02T10:45:15.329+0000] {dag.py:2705} INFO - Sync 1 DAGs
[2023-04-02T10:45:15.393+0000] {logging_mixin.py:137} INFO - [2023-04-02T10:45:15.392+0000] {dag.py:3456} INFO - Setting next_dagrun for example_skip_dag to 2023-04-01T10:45:15.392136+00:00, run_after=2023-04-02T10:45:15.392136+00:00
[2023-04-02T10:45:15.427+0000] {processor.py:175} INFO - Processing /home/airflow/.local/lib/python3.7/site-packages/airflow/example_dags/example_skip_dag.py took 0.197 seconds
[2023-04-02T10:45:45.861+0000] {processor.py:153} INFO - Started process (PID=5728) to work on /home/airflow/.local/lib/python3.7/site-packages/airflow/example_dags/example_skip_dag.py
[2023-04-02T10:45:45.863+0000] {processor.py:743} INFO - Processing file /home/airflow/.local/lib/python3.7/site-packages/airflow/example_dags/example_skip_dag.py for tasks to queue
[2023-04-02T10:45:45.866+0000] {logging_mixin.py:137} INFO - [2023-04-02T10:45:45.865+0000] {dagbag.py:532} INFO - Filling up the DagBag from /home/airflow/.local/lib/python3.7/site-packages/airflow/example_dags/example_skip_dag.py
[2023-04-02T10:45:45.886+0000] {processor.py:753} INFO - DAG(s) dict_keys(['example_skip_dag']) retrieved from /home/airflow/.local/lib/python3.7/site-packages/airflow/example_dags/example_skip_dag.py
[2023-04-02T10:45:45.925+0000] {logging_mixin.py:137} INFO - [2023-04-02T10:45:45.925+0000] {dag.py:2705} INFO - Sync 1 DAGs
[2023-04-02T10:45:45.967+0000] {logging_mixin.py:137} INFO - [2023-04-02T10:45:45.967+0000] {dag.py:3456} INFO - Setting next_dagrun for example_skip_dag to 2023-04-01T10:45:45.967269+00:00, run_after=2023-04-02T10:45:45.967269+00:00
[2023-04-02T10:45:46.007+0000] {processor.py:175} INFO - Processing /home/airflow/.local/lib/python3.7/site-packages/airflow/example_dags/example_skip_dag.py took 0.153 seconds
[2023-04-02T10:46:16.623+0000] {processor.py:153} INFO - Started process (PID=5946) to work on /home/airflow/.local/lib/python3.7/site-packages/airflow/example_dags/example_skip_dag.py
[2023-04-02T10:46:16.626+0000] {processor.py:743} INFO - Processing file /home/airflow/.local/lib/python3.7/site-packages/airflow/example_dags/example_skip_dag.py for tasks to queue
[2023-04-02T10:46:16.629+0000] {logging_mixin.py:137} INFO - [2023-04-02T10:46:16.628+0000] {dagbag.py:532} INFO - Filling up the DagBag from /home/airflow/.local/lib/python3.7/site-packages/airflow/example_dags/example_skip_dag.py
[2023-04-02T10:46:16.660+0000] {processor.py:753} INFO - DAG(s) dict_keys(['example_skip_dag']) retrieved from /home/airflow/.local/lib/python3.7/site-packages/airflow/example_dags/example_skip_dag.py
[2023-04-02T10:46:16.709+0000] {logging_mixin.py:137} INFO - [2023-04-02T10:46:16.709+0000] {dag.py:2705} INFO - Sync 1 DAGs
[2023-04-02T10:46:16.761+0000] {logging_mixin.py:137} INFO - [2023-04-02T10:46:16.761+0000] {dag.py:3456} INFO - Setting next_dagrun for example_skip_dag to 2023-04-01T10:46:16.760851+00:00, run_after=2023-04-02T10:46:16.760851+00:00
[2023-04-02T10:46:16.809+0000] {processor.py:175} INFO - Processing /home/airflow/.local/lib/python3.7/site-packages/airflow/example_dags/example_skip_dag.py took 0.193 seconds
[2023-04-02T10:46:47.396+0000] {processor.py:153} INFO - Started process (PID=6165) to work on /home/airflow/.local/lib/python3.7/site-packages/airflow/example_dags/example_skip_dag.py
[2023-04-02T10:46:47.398+0000] {processor.py:743} INFO - Processing file /home/airflow/.local/lib/python3.7/site-packages/airflow/example_dags/example_skip_dag.py for tasks to queue
[2023-04-02T10:46:47.401+0000] {logging_mixin.py:137} INFO - [2023-04-02T10:46:47.400+0000] {dagbag.py:532} INFO - Filling up the DagBag from /home/airflow/.local/lib/python3.7/site-packages/airflow/example_dags/example_skip_dag.py
[2023-04-02T10:46:47.464+0000] {processor.py:753} INFO - DAG(s) dict_keys(['example_skip_dag']) retrieved from /home/airflow/.local/lib/python3.7/site-packages/airflow/example_dags/example_skip_dag.py
[2023-04-02T10:46:47.537+0000] {logging_mixin.py:137} INFO - [2023-04-02T10:46:47.537+0000] {dag.py:2705} INFO - Sync 1 DAGs
[2023-04-02T10:46:47.614+0000] {logging_mixin.py:137} INFO - [2023-04-02T10:46:47.614+0000] {dag.py:3456} INFO - Setting next_dagrun for example_skip_dag to 2023-04-01T10:46:47.611666+00:00, run_after=2023-04-02T10:46:47.611666+00:00
[2023-04-02T10:46:47.670+0000] {processor.py:175} INFO - Processing /home/airflow/.local/lib/python3.7/site-packages/airflow/example_dags/example_skip_dag.py took 0.285 seconds
[2023-04-02T10:47:17.883+0000] {processor.py:153} INFO - Started process (PID=6382) to work on /home/airflow/.local/lib/python3.7/site-packages/airflow/example_dags/example_skip_dag.py
[2023-04-02T10:47:17.885+0000] {processor.py:743} INFO - Processing file /home/airflow/.local/lib/python3.7/site-packages/airflow/example_dags/example_skip_dag.py for tasks to queue
[2023-04-02T10:47:17.889+0000] {logging_mixin.py:137} INFO - [2023-04-02T10:47:17.889+0000] {dagbag.py:532} INFO - Filling up the DagBag from /home/airflow/.local/lib/python3.7/site-packages/airflow/example_dags/example_skip_dag.py
[2023-04-02T10:47:17.920+0000] {processor.py:753} INFO - DAG(s) dict_keys(['example_skip_dag']) retrieved from /home/airflow/.local/lib/python3.7/site-packages/airflow/example_dags/example_skip_dag.py
[2023-04-02T10:47:17.972+0000] {logging_mixin.py:137} INFO - [2023-04-02T10:47:17.971+0000] {dag.py:2705} INFO - Sync 1 DAGs
[2023-04-02T10:47:18.066+0000] {logging_mixin.py:137} INFO - [2023-04-02T10:47:18.065+0000] {dag.py:3456} INFO - Setting next_dagrun for example_skip_dag to 2023-04-01T10:47:18.065318+00:00, run_after=2023-04-02T10:47:18.065318+00:00
[2023-04-02T10:47:18.105+0000] {processor.py:175} INFO - Processing /home/airflow/.local/lib/python3.7/site-packages/airflow/example_dags/example_skip_dag.py took 0.232 seconds
[2023-04-02T10:47:48.761+0000] {processor.py:153} INFO - Started process (PID=6601) to work on /home/airflow/.local/lib/python3.7/site-packages/airflow/example_dags/example_skip_dag.py
[2023-04-02T10:47:48.764+0000] {processor.py:743} INFO - Processing file /home/airflow/.local/lib/python3.7/site-packages/airflow/example_dags/example_skip_dag.py for tasks to queue
[2023-04-02T10:47:48.767+0000] {logging_mixin.py:137} INFO - [2023-04-02T10:47:48.767+0000] {dagbag.py:532} INFO - Filling up the DagBag from /home/airflow/.local/lib/python3.7/site-packages/airflow/example_dags/example_skip_dag.py
[2023-04-02T10:47:48.810+0000] {processor.py:753} INFO - DAG(s) dict_keys(['example_skip_dag']) retrieved from /home/airflow/.local/lib/python3.7/site-packages/airflow/example_dags/example_skip_dag.py
[2023-04-02T10:47:48.857+0000] {logging_mixin.py:137} INFO - [2023-04-02T10:47:48.857+0000] {dag.py:2705} INFO - Sync 1 DAGs
[2023-04-02T10:47:48.920+0000] {logging_mixin.py:137} INFO - [2023-04-02T10:47:48.920+0000] {dag.py:3456} INFO - Setting next_dagrun for example_skip_dag to 2023-04-01T10:47:48.920224+00:00, run_after=2023-04-02T10:47:48.920224+00:00
[2023-04-02T10:47:48.959+0000] {processor.py:175} INFO - Processing /home/airflow/.local/lib/python3.7/site-packages/airflow/example_dags/example_skip_dag.py took 0.213 seconds
[2023-04-02T10:48:19.023+0000] {processor.py:153} INFO - Started process (PID=6819) to work on /home/airflow/.local/lib/python3.7/site-packages/airflow/example_dags/example_skip_dag.py
[2023-04-02T10:48:19.025+0000] {processor.py:743} INFO - Processing file /home/airflow/.local/lib/python3.7/site-packages/airflow/example_dags/example_skip_dag.py for tasks to queue
[2023-04-02T10:48:19.028+0000] {logging_mixin.py:137} INFO - [2023-04-02T10:48:19.028+0000] {dagbag.py:532} INFO - Filling up the DagBag from /home/airflow/.local/lib/python3.7/site-packages/airflow/example_dags/example_skip_dag.py
[2023-04-02T10:48:19.060+0000] {processor.py:753} INFO - DAG(s) dict_keys(['example_skip_dag']) retrieved from /home/airflow/.local/lib/python3.7/site-packages/airflow/example_dags/example_skip_dag.py
[2023-04-02T10:48:19.106+0000] {logging_mixin.py:137} INFO - [2023-04-02T10:48:19.106+0000] {dag.py:2705} INFO - Sync 1 DAGs
[2023-04-02T10:48:19.156+0000] {logging_mixin.py:137} INFO - [2023-04-02T10:48:19.156+0000] {dag.py:3456} INFO - Setting next_dagrun for example_skip_dag to 2023-04-01T10:48:19.155744+00:00, run_after=2023-04-02T10:48:19.155744+00:00
[2023-04-02T10:48:19.188+0000] {processor.py:175} INFO - Processing /home/airflow/.local/lib/python3.7/site-packages/airflow/example_dags/example_skip_dag.py took 0.170 seconds
[2023-04-02T10:48:49.391+0000] {processor.py:153} INFO - Started process (PID=7037) to work on /home/airflow/.local/lib/python3.7/site-packages/airflow/example_dags/example_skip_dag.py
[2023-04-02T10:48:49.393+0000] {processor.py:743} INFO - Processing file /home/airflow/.local/lib/python3.7/site-packages/airflow/example_dags/example_skip_dag.py for tasks to queue
[2023-04-02T10:48:49.397+0000] {logging_mixin.py:137} INFO - [2023-04-02T10:48:49.397+0000] {dagbag.py:532} INFO - Filling up the DagBag from /home/airflow/.local/lib/python3.7/site-packages/airflow/example_dags/example_skip_dag.py
[2023-04-02T10:48:49.430+0000] {processor.py:753} INFO - DAG(s) dict_keys(['example_skip_dag']) retrieved from /home/airflow/.local/lib/python3.7/site-packages/airflow/example_dags/example_skip_dag.py
[2023-04-02T10:48:49.484+0000] {logging_mixin.py:137} INFO - [2023-04-02T10:48:49.483+0000] {dag.py:2705} INFO - Sync 1 DAGs
[2023-04-02T10:48:49.527+0000] {logging_mixin.py:137} INFO - [2023-04-02T10:48:49.526+0000] {dag.py:3456} INFO - Setting next_dagrun for example_skip_dag to 2023-04-01T10:48:49.526653+00:00, run_after=2023-04-02T10:48:49.526653+00:00
[2023-04-02T10:48:49.556+0000] {processor.py:175} INFO - Processing /home/airflow/.local/lib/python3.7/site-packages/airflow/example_dags/example_skip_dag.py took 0.171 seconds
[2023-04-02T10:49:20.037+0000] {processor.py:153} INFO - Started process (PID=7255) to work on /home/airflow/.local/lib/python3.7/site-packages/airflow/example_dags/example_skip_dag.py
[2023-04-02T10:49:20.039+0000] {processor.py:743} INFO - Processing file /home/airflow/.local/lib/python3.7/site-packages/airflow/example_dags/example_skip_dag.py for tasks to queue
[2023-04-02T10:49:20.045+0000] {logging_mixin.py:137} INFO - [2023-04-02T10:49:20.043+0000] {dagbag.py:532} INFO - Filling up the DagBag from /home/airflow/.local/lib/python3.7/site-packages/airflow/example_dags/example_skip_dag.py
[2023-04-02T10:49:20.074+0000] {processor.py:753} INFO - DAG(s) dict_keys(['example_skip_dag']) retrieved from /home/airflow/.local/lib/python3.7/site-packages/airflow/example_dags/example_skip_dag.py
[2023-04-02T10:49:20.121+0000] {logging_mixin.py:137} INFO - [2023-04-02T10:49:20.121+0000] {dag.py:2705} INFO - Sync 1 DAGs
[2023-04-02T10:49:20.174+0000] {logging_mixin.py:137} INFO - [2023-04-02T10:49:20.174+0000] {dag.py:3456} INFO - Setting next_dagrun for example_skip_dag to 2023-04-01T10:49:20.173695+00:00, run_after=2023-04-02T10:49:20.173695+00:00
[2023-04-02T10:49:20.206+0000] {processor.py:175} INFO - Processing /home/airflow/.local/lib/python3.7/site-packages/airflow/example_dags/example_skip_dag.py took 0.175 seconds
[2023-04-02T10:49:51.375+0000] {processor.py:153} INFO - Started process (PID=7473) to work on /home/airflow/.local/lib/python3.7/site-packages/airflow/example_dags/example_skip_dag.py
[2023-04-02T10:49:51.377+0000] {processor.py:743} INFO - Processing file /home/airflow/.local/lib/python3.7/site-packages/airflow/example_dags/example_skip_dag.py for tasks to queue
[2023-04-02T10:49:51.379+0000] {logging_mixin.py:137} INFO - [2023-04-02T10:49:51.379+0000] {dagbag.py:532} INFO - Filling up the DagBag from /home/airflow/.local/lib/python3.7/site-packages/airflow/example_dags/example_skip_dag.py
[2023-04-02T10:49:51.414+0000] {processor.py:753} INFO - DAG(s) dict_keys(['example_skip_dag']) retrieved from /home/airflow/.local/lib/python3.7/site-packages/airflow/example_dags/example_skip_dag.py
[2023-04-02T10:49:51.496+0000] {logging_mixin.py:137} INFO - [2023-04-02T10:49:51.496+0000] {dag.py:2705} INFO - Sync 1 DAGs
[2023-04-02T10:49:51.611+0000] {logging_mixin.py:137} INFO - [2023-04-02T10:49:51.611+0000] {dag.py:3456} INFO - Setting next_dagrun for example_skip_dag to 2023-04-01T10:49:51.610425+00:00, run_after=2023-04-02T10:49:51.610425+00:00
[2023-04-02T10:49:51.675+0000] {processor.py:175} INFO - Processing /home/airflow/.local/lib/python3.7/site-packages/airflow/example_dags/example_skip_dag.py took 0.308 seconds
[2023-04-02T10:50:21.832+0000] {processor.py:153} INFO - Started process (PID=7691) to work on /home/airflow/.local/lib/python3.7/site-packages/airflow/example_dags/example_skip_dag.py
[2023-04-02T10:50:21.834+0000] {processor.py:743} INFO - Processing file /home/airflow/.local/lib/python3.7/site-packages/airflow/example_dags/example_skip_dag.py for tasks to queue
[2023-04-02T10:50:21.836+0000] {logging_mixin.py:137} INFO - [2023-04-02T10:50:21.836+0000] {dagbag.py:532} INFO - Filling up the DagBag from /home/airflow/.local/lib/python3.7/site-packages/airflow/example_dags/example_skip_dag.py
[2023-04-02T10:50:21.856+0000] {processor.py:753} INFO - DAG(s) dict_keys(['example_skip_dag']) retrieved from /home/airflow/.local/lib/python3.7/site-packages/airflow/example_dags/example_skip_dag.py
[2023-04-02T10:50:21.892+0000] {logging_mixin.py:137} INFO - [2023-04-02T10:50:21.892+0000] {dag.py:2705} INFO - Sync 1 DAGs
[2023-04-02T10:50:21.948+0000] {logging_mixin.py:137} INFO - [2023-04-02T10:50:21.948+0000] {dag.py:3456} INFO - Setting next_dagrun for example_skip_dag to 2023-04-01T10:50:21.948050+00:00, run_after=2023-04-02T10:50:21.948050+00:00
[2023-04-02T10:50:21.978+0000] {processor.py:175} INFO - Processing /home/airflow/.local/lib/python3.7/site-packages/airflow/example_dags/example_skip_dag.py took 0.151 seconds
[2023-04-02T10:50:52.406+0000] {processor.py:153} INFO - Started process (PID=7903) to work on /home/airflow/.local/lib/python3.7/site-packages/airflow/example_dags/example_skip_dag.py
[2023-04-02T10:50:52.412+0000] {processor.py:743} INFO - Processing file /home/airflow/.local/lib/python3.7/site-packages/airflow/example_dags/example_skip_dag.py for tasks to queue
[2023-04-02T10:50:52.415+0000] {logging_mixin.py:137} INFO - [2023-04-02T10:50:52.415+0000] {dagbag.py:532} INFO - Filling up the DagBag from /home/airflow/.local/lib/python3.7/site-packages/airflow/example_dags/example_skip_dag.py
[2023-04-02T10:50:52.445+0000] {processor.py:753} INFO - DAG(s) dict_keys(['example_skip_dag']) retrieved from /home/airflow/.local/lib/python3.7/site-packages/airflow/example_dags/example_skip_dag.py
[2023-04-02T10:50:52.494+0000] {logging_mixin.py:137} INFO - [2023-04-02T10:50:52.494+0000] {dag.py:2705} INFO - Sync 1 DAGs
[2023-04-02T10:50:52.536+0000] {logging_mixin.py:137} INFO - [2023-04-02T10:50:52.535+0000] {dag.py:3456} INFO - Setting next_dagrun for example_skip_dag to 2023-04-01T10:50:52.535531+00:00, run_after=2023-04-02T10:50:52.535531+00:00
[2023-04-02T10:50:52.564+0000] {processor.py:175} INFO - Processing /home/airflow/.local/lib/python3.7/site-packages/airflow/example_dags/example_skip_dag.py took 0.163 seconds
[2023-04-02T10:51:23.483+0000] {processor.py:153} INFO - Started process (PID=8126) to work on /home/airflow/.local/lib/python3.7/site-packages/airflow/example_dags/example_skip_dag.py
[2023-04-02T10:51:23.486+0000] {processor.py:743} INFO - Processing file /home/airflow/.local/lib/python3.7/site-packages/airflow/example_dags/example_skip_dag.py for tasks to queue
[2023-04-02T10:51:23.489+0000] {logging_mixin.py:137} INFO - [2023-04-02T10:51:23.488+0000] {dagbag.py:532} INFO - Filling up the DagBag from /home/airflow/.local/lib/python3.7/site-packages/airflow/example_dags/example_skip_dag.py
[2023-04-02T10:51:23.518+0000] {processor.py:753} INFO - DAG(s) dict_keys(['example_skip_dag']) retrieved from /home/airflow/.local/lib/python3.7/site-packages/airflow/example_dags/example_skip_dag.py
[2023-04-02T10:51:23.567+0000] {logging_mixin.py:137} INFO - [2023-04-02T10:51:23.566+0000] {dag.py:2705} INFO - Sync 1 DAGs
[2023-04-02T10:51:23.615+0000] {logging_mixin.py:137} INFO - [2023-04-02T10:51:23.615+0000] {dag.py:3456} INFO - Setting next_dagrun for example_skip_dag to 2023-04-01T10:51:23.614881+00:00, run_after=2023-04-02T10:51:23.614881+00:00
[2023-04-02T10:51:23.649+0000] {processor.py:175} INFO - Processing /home/airflow/.local/lib/python3.7/site-packages/airflow/example_dags/example_skip_dag.py took 0.172 seconds
[2023-04-02T10:51:54.042+0000] {processor.py:153} INFO - Started process (PID=8344) to work on /home/airflow/.local/lib/python3.7/site-packages/airflow/example_dags/example_skip_dag.py
[2023-04-02T10:51:54.044+0000] {processor.py:743} INFO - Processing file /home/airflow/.local/lib/python3.7/site-packages/airflow/example_dags/example_skip_dag.py for tasks to queue
[2023-04-02T10:51:54.047+0000] {logging_mixin.py:137} INFO - [2023-04-02T10:51:54.046+0000] {dagbag.py:532} INFO - Filling up the DagBag from /home/airflow/.local/lib/python3.7/site-packages/airflow/example_dags/example_skip_dag.py
[2023-04-02T10:51:54.070+0000] {processor.py:753} INFO - DAG(s) dict_keys(['example_skip_dag']) retrieved from /home/airflow/.local/lib/python3.7/site-packages/airflow/example_dags/example_skip_dag.py
[2023-04-02T10:51:54.118+0000] {logging_mixin.py:137} INFO - [2023-04-02T10:51:54.118+0000] {dag.py:2705} INFO - Sync 1 DAGs
[2023-04-02T10:51:54.167+0000] {logging_mixin.py:137} INFO - [2023-04-02T10:51:54.167+0000] {dag.py:3456} INFO - Setting next_dagrun for example_skip_dag to 2023-04-01T10:51:54.167264+00:00, run_after=2023-04-02T10:51:54.167264+00:00
[2023-04-02T10:51:54.199+0000] {processor.py:175} INFO - Processing /home/airflow/.local/lib/python3.7/site-packages/airflow/example_dags/example_skip_dag.py took 0.163 seconds
[2023-04-02T10:52:24.515+0000] {processor.py:153} INFO - Started process (PID=8562) to work on /home/airflow/.local/lib/python3.7/site-packages/airflow/example_dags/example_skip_dag.py
[2023-04-02T10:52:24.516+0000] {processor.py:743} INFO - Processing file /home/airflow/.local/lib/python3.7/site-packages/airflow/example_dags/example_skip_dag.py for tasks to queue
[2023-04-02T10:52:24.519+0000] {logging_mixin.py:137} INFO - [2023-04-02T10:52:24.518+0000] {dagbag.py:532} INFO - Filling up the DagBag from /home/airflow/.local/lib/python3.7/site-packages/airflow/example_dags/example_skip_dag.py
[2023-04-02T10:52:24.563+0000] {processor.py:753} INFO - DAG(s) dict_keys(['example_skip_dag']) retrieved from /home/airflow/.local/lib/python3.7/site-packages/airflow/example_dags/example_skip_dag.py
[2023-04-02T10:52:24.613+0000] {logging_mixin.py:137} INFO - [2023-04-02T10:52:24.613+0000] {dag.py:2705} INFO - Sync 1 DAGs
[2023-04-02T10:52:24.665+0000] {logging_mixin.py:137} INFO - [2023-04-02T10:52:24.665+0000] {dag.py:3456} INFO - Setting next_dagrun for example_skip_dag to 2023-04-01T10:52:24.664988+00:00, run_after=2023-04-02T10:52:24.664988+00:00
[2023-04-02T10:52:24.705+0000] {processor.py:175} INFO - Processing /home/airflow/.local/lib/python3.7/site-packages/airflow/example_dags/example_skip_dag.py took 0.198 seconds
[2023-04-02T10:52:55.376+0000] {processor.py:153} INFO - Started process (PID=8781) to work on /home/airflow/.local/lib/python3.7/site-packages/airflow/example_dags/example_skip_dag.py
[2023-04-02T10:52:55.378+0000] {processor.py:743} INFO - Processing file /home/airflow/.local/lib/python3.7/site-packages/airflow/example_dags/example_skip_dag.py for tasks to queue
[2023-04-02T10:52:55.384+0000] {logging_mixin.py:137} INFO - [2023-04-02T10:52:55.383+0000] {dagbag.py:532} INFO - Filling up the DagBag from /home/airflow/.local/lib/python3.7/site-packages/airflow/example_dags/example_skip_dag.py
[2023-04-02T10:52:55.409+0000] {processor.py:753} INFO - DAG(s) dict_keys(['example_skip_dag']) retrieved from /home/airflow/.local/lib/python3.7/site-packages/airflow/example_dags/example_skip_dag.py
[2023-04-02T10:52:55.445+0000] {logging_mixin.py:137} INFO - [2023-04-02T10:52:55.445+0000] {dag.py:2705} INFO - Sync 1 DAGs
[2023-04-02T10:52:55.491+0000] {logging_mixin.py:137} INFO - [2023-04-02T10:52:55.490+0000] {dag.py:3456} INFO - Setting next_dagrun for example_skip_dag to 2023-04-01T10:52:55.490505+00:00, run_after=2023-04-02T10:52:55.490505+00:00
[2023-04-02T10:52:55.526+0000] {processor.py:175} INFO - Processing /home/airflow/.local/lib/python3.7/site-packages/airflow/example_dags/example_skip_dag.py took 0.155 seconds
[2023-04-02T10:53:26.035+0000] {processor.py:153} INFO - Started process (PID=8999) to work on /home/airflow/.local/lib/python3.7/site-packages/airflow/example_dags/example_skip_dag.py
[2023-04-02T10:53:26.038+0000] {processor.py:743} INFO - Processing file /home/airflow/.local/lib/python3.7/site-packages/airflow/example_dags/example_skip_dag.py for tasks to queue
[2023-04-02T10:53:26.041+0000] {logging_mixin.py:137} INFO - [2023-04-02T10:53:26.040+0000] {dagbag.py:532} INFO - Filling up the DagBag from /home/airflow/.local/lib/python3.7/site-packages/airflow/example_dags/example_skip_dag.py
[2023-04-02T10:53:26.085+0000] {processor.py:753} INFO - DAG(s) dict_keys(['example_skip_dag']) retrieved from /home/airflow/.local/lib/python3.7/site-packages/airflow/example_dags/example_skip_dag.py
[2023-04-02T10:53:26.136+0000] {logging_mixin.py:137} INFO - [2023-04-02T10:53:26.136+0000] {dag.py:2705} INFO - Sync 1 DAGs
[2023-04-02T10:53:26.196+0000] {logging_mixin.py:137} INFO - [2023-04-02T10:53:26.195+0000] {dag.py:3456} INFO - Setting next_dagrun for example_skip_dag to 2023-04-01T10:53:26.195328+00:00, run_after=2023-04-02T10:53:26.195328+00:00
[2023-04-02T10:53:26.228+0000] {processor.py:175} INFO - Processing /home/airflow/.local/lib/python3.7/site-packages/airflow/example_dags/example_skip_dag.py took 0.200 seconds
[2023-04-02T10:53:56.467+0000] {processor.py:153} INFO - Started process (PID=9217) to work on /home/airflow/.local/lib/python3.7/site-packages/airflow/example_dags/example_skip_dag.py
[2023-04-02T10:53:56.469+0000] {processor.py:743} INFO - Processing file /home/airflow/.local/lib/python3.7/site-packages/airflow/example_dags/example_skip_dag.py for tasks to queue
[2023-04-02T10:53:56.472+0000] {logging_mixin.py:137} INFO - [2023-04-02T10:53:56.472+0000] {dagbag.py:532} INFO - Filling up the DagBag from /home/airflow/.local/lib/python3.7/site-packages/airflow/example_dags/example_skip_dag.py
[2023-04-02T10:53:56.496+0000] {processor.py:753} INFO - DAG(s) dict_keys(['example_skip_dag']) retrieved from /home/airflow/.local/lib/python3.7/site-packages/airflow/example_dags/example_skip_dag.py
[2023-04-02T10:53:56.539+0000] {logging_mixin.py:137} INFO - [2023-04-02T10:53:56.539+0000] {dag.py:2705} INFO - Sync 1 DAGs
[2023-04-02T10:53:56.590+0000] {logging_mixin.py:137} INFO - [2023-04-02T10:53:56.590+0000] {dag.py:3456} INFO - Setting next_dagrun for example_skip_dag to 2023-04-01T10:53:56.589993+00:00, run_after=2023-04-02T10:53:56.589993+00:00
[2023-04-02T10:53:56.622+0000] {processor.py:175} INFO - Processing /home/airflow/.local/lib/python3.7/site-packages/airflow/example_dags/example_skip_dag.py took 0.159 seconds
[2023-04-02T10:54:27.626+0000] {processor.py:153} INFO - Started process (PID=9435) to work on /home/airflow/.local/lib/python3.7/site-packages/airflow/example_dags/example_skip_dag.py
[2023-04-02T10:54:27.630+0000] {processor.py:743} INFO - Processing file /home/airflow/.local/lib/python3.7/site-packages/airflow/example_dags/example_skip_dag.py for tasks to queue
[2023-04-02T10:54:27.635+0000] {logging_mixin.py:137} INFO - [2023-04-02T10:54:27.635+0000] {dagbag.py:532} INFO - Filling up the DagBag from /home/airflow/.local/lib/python3.7/site-packages/airflow/example_dags/example_skip_dag.py
[2023-04-02T10:54:27.675+0000] {processor.py:753} INFO - DAG(s) dict_keys(['example_skip_dag']) retrieved from /home/airflow/.local/lib/python3.7/site-packages/airflow/example_dags/example_skip_dag.py
[2023-04-02T10:54:27.744+0000] {logging_mixin.py:137} INFO - [2023-04-02T10:54:27.744+0000] {dag.py:2705} INFO - Sync 1 DAGs
[2023-04-02T10:54:27.812+0000] {logging_mixin.py:137} INFO - [2023-04-02T10:54:27.811+0000] {dag.py:3456} INFO - Setting next_dagrun for example_skip_dag to 2023-04-01T10:54:27.811009+00:00, run_after=2023-04-02T10:54:27.811009+00:00
[2023-04-02T10:54:27.864+0000] {processor.py:175} INFO - Processing /home/airflow/.local/lib/python3.7/site-packages/airflow/example_dags/example_skip_dag.py took 0.246 seconds
[2023-04-02T10:54:58.086+0000] {processor.py:153} INFO - Started process (PID=9653) to work on /home/airflow/.local/lib/python3.7/site-packages/airflow/example_dags/example_skip_dag.py
[2023-04-02T10:54:58.092+0000] {processor.py:743} INFO - Processing file /home/airflow/.local/lib/python3.7/site-packages/airflow/example_dags/example_skip_dag.py for tasks to queue
[2023-04-02T10:54:58.097+0000] {logging_mixin.py:137} INFO - [2023-04-02T10:54:58.096+0000] {dagbag.py:532} INFO - Filling up the DagBag from /home/airflow/.local/lib/python3.7/site-packages/airflow/example_dags/example_skip_dag.py
[2023-04-02T10:54:58.128+0000] {processor.py:753} INFO - DAG(s) dict_keys(['example_skip_dag']) retrieved from /home/airflow/.local/lib/python3.7/site-packages/airflow/example_dags/example_skip_dag.py
[2023-04-02T10:54:58.186+0000] {logging_mixin.py:137} INFO - [2023-04-02T10:54:58.186+0000] {dag.py:2705} INFO - Sync 1 DAGs
[2023-04-02T10:54:58.240+0000] {logging_mixin.py:137} INFO - [2023-04-02T10:54:58.239+0000] {dag.py:3456} INFO - Setting next_dagrun for example_skip_dag to 2023-04-01T10:54:58.239048+00:00, run_after=2023-04-02T10:54:58.239048+00:00
[2023-04-02T10:54:58.281+0000] {processor.py:175} INFO - Processing /home/airflow/.local/lib/python3.7/site-packages/airflow/example_dags/example_skip_dag.py took 0.203 seconds
[2023-04-02T10:55:28.677+0000] {processor.py:153} INFO - Started process (PID=9871) to work on /home/airflow/.local/lib/python3.7/site-packages/airflow/example_dags/example_skip_dag.py
[2023-04-02T10:55:28.679+0000] {processor.py:743} INFO - Processing file /home/airflow/.local/lib/python3.7/site-packages/airflow/example_dags/example_skip_dag.py for tasks to queue
[2023-04-02T10:55:28.680+0000] {logging_mixin.py:137} INFO - [2023-04-02T10:55:28.680+0000] {dagbag.py:532} INFO - Filling up the DagBag from /home/airflow/.local/lib/python3.7/site-packages/airflow/example_dags/example_skip_dag.py
[2023-04-02T10:55:28.709+0000] {processor.py:753} INFO - DAG(s) dict_keys(['example_skip_dag']) retrieved from /home/airflow/.local/lib/python3.7/site-packages/airflow/example_dags/example_skip_dag.py
[2023-04-02T10:55:28.757+0000] {logging_mixin.py:137} INFO - [2023-04-02T10:55:28.757+0000] {dag.py:2705} INFO - Sync 1 DAGs
[2023-04-02T10:55:28.806+0000] {logging_mixin.py:137} INFO - [2023-04-02T10:55:28.806+0000] {dag.py:3456} INFO - Setting next_dagrun for example_skip_dag to 2023-04-01T10:55:28.806069+00:00, run_after=2023-04-02T10:55:28.806069+00:00
[2023-04-02T10:55:28.859+0000] {processor.py:175} INFO - Processing /home/airflow/.local/lib/python3.7/site-packages/airflow/example_dags/example_skip_dag.py took 0.189 seconds
[2023-04-02T10:55:59.298+0000] {processor.py:153} INFO - Started process (PID=10089) to work on /home/airflow/.local/lib/python3.7/site-packages/airflow/example_dags/example_skip_dag.py
[2023-04-02T10:55:59.304+0000] {processor.py:743} INFO - Processing file /home/airflow/.local/lib/python3.7/site-packages/airflow/example_dags/example_skip_dag.py for tasks to queue
[2023-04-02T10:55:59.309+0000] {logging_mixin.py:137} INFO - [2023-04-02T10:55:59.308+0000] {dagbag.py:532} INFO - Filling up the DagBag from /home/airflow/.local/lib/python3.7/site-packages/airflow/example_dags/example_skip_dag.py
[2023-04-02T10:55:59.372+0000] {processor.py:753} INFO - DAG(s) dict_keys(['example_skip_dag']) retrieved from /home/airflow/.local/lib/python3.7/site-packages/airflow/example_dags/example_skip_dag.py
[2023-04-02T10:55:59.464+0000] {logging_mixin.py:137} INFO - [2023-04-02T10:55:59.464+0000] {dag.py:2705} INFO - Sync 1 DAGs
[2023-04-02T10:55:59.594+0000] {logging_mixin.py:137} INFO - [2023-04-02T10:55:59.593+0000] {dag.py:3456} INFO - Setting next_dagrun for example_skip_dag to 2023-04-01T10:55:59.593173+00:00, run_after=2023-04-02T10:55:59.593173+00:00
[2023-04-02T10:55:59.674+0000] {processor.py:175} INFO - Processing /home/airflow/.local/lib/python3.7/site-packages/airflow/example_dags/example_skip_dag.py took 0.390 seconds
[2023-04-02T10:56:29.985+0000] {processor.py:153} INFO - Started process (PID=10307) to work on /home/airflow/.local/lib/python3.7/site-packages/airflow/example_dags/example_skip_dag.py
[2023-04-02T10:56:29.987+0000] {processor.py:743} INFO - Processing file /home/airflow/.local/lib/python3.7/site-packages/airflow/example_dags/example_skip_dag.py for tasks to queue
[2023-04-02T10:56:29.990+0000] {logging_mixin.py:137} INFO - [2023-04-02T10:56:29.990+0000] {dagbag.py:532} INFO - Filling up the DagBag from /home/airflow/.local/lib/python3.7/site-packages/airflow/example_dags/example_skip_dag.py
[2023-04-02T10:56:30.040+0000] {processor.py:753} INFO - DAG(s) dict_keys(['example_skip_dag']) retrieved from /home/airflow/.local/lib/python3.7/site-packages/airflow/example_dags/example_skip_dag.py
[2023-04-02T10:56:30.108+0000] {logging_mixin.py:137} INFO - [2023-04-02T10:56:30.108+0000] {dag.py:2705} INFO - Sync 1 DAGs
[2023-04-02T10:56:30.181+0000] {logging_mixin.py:137} INFO - [2023-04-02T10:56:30.181+0000] {dag.py:3456} INFO - Setting next_dagrun for example_skip_dag to 2023-04-01T10:56:30.180383+00:00, run_after=2023-04-02T10:56:30.180383+00:00
[2023-04-02T10:56:30.233+0000] {processor.py:175} INFO - Processing /home/airflow/.local/lib/python3.7/site-packages/airflow/example_dags/example_skip_dag.py took 0.255 seconds
[2023-04-02T10:57:01.523+0000] {processor.py:153} INFO - Started process (PID=10525) to work on /home/airflow/.local/lib/python3.7/site-packages/airflow/example_dags/example_skip_dag.py
[2023-04-02T10:57:01.526+0000] {processor.py:743} INFO - Processing file /home/airflow/.local/lib/python3.7/site-packages/airflow/example_dags/example_skip_dag.py for tasks to queue
[2023-04-02T10:57:01.529+0000] {logging_mixin.py:137} INFO - [2023-04-02T10:57:01.528+0000] {dagbag.py:532} INFO - Filling up the DagBag from /home/airflow/.local/lib/python3.7/site-packages/airflow/example_dags/example_skip_dag.py
[2023-04-02T10:57:01.578+0000] {processor.py:753} INFO - DAG(s) dict_keys(['example_skip_dag']) retrieved from /home/airflow/.local/lib/python3.7/site-packages/airflow/example_dags/example_skip_dag.py
[2023-04-02T10:57:01.617+0000] {logging_mixin.py:137} INFO - [2023-04-02T10:57:01.617+0000] {dag.py:2705} INFO - Sync 1 DAGs
[2023-04-02T10:57:01.651+0000] {logging_mixin.py:137} INFO - [2023-04-02T10:57:01.651+0000] {dag.py:3456} INFO - Setting next_dagrun for example_skip_dag to 2023-04-01T10:57:01.651402+00:00, run_after=2023-04-02T10:57:01.651402+00:00
[2023-04-02T10:57:01.705+0000] {processor.py:175} INFO - Processing /home/airflow/.local/lib/python3.7/site-packages/airflow/example_dags/example_skip_dag.py took 0.187 seconds
[2023-04-02T10:57:32.344+0000] {processor.py:153} INFO - Started process (PID=10743) to work on /home/airflow/.local/lib/python3.7/site-packages/airflow/example_dags/example_skip_dag.py
[2023-04-02T10:57:32.348+0000] {processor.py:743} INFO - Processing file /home/airflow/.local/lib/python3.7/site-packages/airflow/example_dags/example_skip_dag.py for tasks to queue
[2023-04-02T10:57:32.352+0000] {logging_mixin.py:137} INFO - [2023-04-02T10:57:32.351+0000] {dagbag.py:532} INFO - Filling up the DagBag from /home/airflow/.local/lib/python3.7/site-packages/airflow/example_dags/example_skip_dag.py
[2023-04-02T10:57:32.376+0000] {processor.py:753} INFO - DAG(s) dict_keys(['example_skip_dag']) retrieved from /home/airflow/.local/lib/python3.7/site-packages/airflow/example_dags/example_skip_dag.py
[2023-04-02T10:57:32.427+0000] {logging_mixin.py:137} INFO - [2023-04-02T10:57:32.427+0000] {dag.py:2705} INFO - Sync 1 DAGs
[2023-04-02T10:57:32.526+0000] {logging_mixin.py:137} INFO - [2023-04-02T10:57:32.525+0000] {dag.py:3456} INFO - Setting next_dagrun for example_skip_dag to 2023-04-01T10:57:32.525633+00:00, run_after=2023-04-02T10:57:32.525633+00:00
[2023-04-02T10:57:32.599+0000] {processor.py:175} INFO - Processing /home/airflow/.local/lib/python3.7/site-packages/airflow/example_dags/example_skip_dag.py took 0.261 seconds
[2023-04-02T10:58:02.737+0000] {processor.py:153} INFO - Started process (PID=10961) to work on /home/airflow/.local/lib/python3.7/site-packages/airflow/example_dags/example_skip_dag.py
[2023-04-02T10:58:02.740+0000] {processor.py:743} INFO - Processing file /home/airflow/.local/lib/python3.7/site-packages/airflow/example_dags/example_skip_dag.py for tasks to queue
[2023-04-02T10:58:02.746+0000] {logging_mixin.py:137} INFO - [2023-04-02T10:58:02.746+0000] {dagbag.py:532} INFO - Filling up the DagBag from /home/airflow/.local/lib/python3.7/site-packages/airflow/example_dags/example_skip_dag.py
[2023-04-02T10:58:02.767+0000] {processor.py:753} INFO - DAG(s) dict_keys(['example_skip_dag']) retrieved from /home/airflow/.local/lib/python3.7/site-packages/airflow/example_dags/example_skip_dag.py
[2023-04-02T10:58:02.805+0000] {logging_mixin.py:137} INFO - [2023-04-02T10:58:02.805+0000] {dag.py:2705} INFO - Sync 1 DAGs
[2023-04-02T10:58:02.859+0000] {logging_mixin.py:137} INFO - [2023-04-02T10:58:02.859+0000] {dag.py:3456} INFO - Setting next_dagrun for example_skip_dag to 2023-04-01T10:58:02.859067+00:00, run_after=2023-04-02T10:58:02.859067+00:00
[2023-04-02T10:58:02.895+0000] {processor.py:175} INFO - Processing /home/airflow/.local/lib/python3.7/site-packages/airflow/example_dags/example_skip_dag.py took 0.164 seconds
[2023-04-02T10:58:33.147+0000] {processor.py:153} INFO - Started process (PID=11179) to work on /home/airflow/.local/lib/python3.7/site-packages/airflow/example_dags/example_skip_dag.py
[2023-04-02T10:58:33.150+0000] {processor.py:743} INFO - Processing file /home/airflow/.local/lib/python3.7/site-packages/airflow/example_dags/example_skip_dag.py for tasks to queue
[2023-04-02T10:58:33.152+0000] {logging_mixin.py:137} INFO - [2023-04-02T10:58:33.152+0000] {dagbag.py:532} INFO - Filling up the DagBag from /home/airflow/.local/lib/python3.7/site-packages/airflow/example_dags/example_skip_dag.py
[2023-04-02T10:58:33.181+0000] {processor.py:753} INFO - DAG(s) dict_keys(['example_skip_dag']) retrieved from /home/airflow/.local/lib/python3.7/site-packages/airflow/example_dags/example_skip_dag.py
[2023-04-02T10:58:33.224+0000] {logging_mixin.py:137} INFO - [2023-04-02T10:58:33.224+0000] {dag.py:2705} INFO - Sync 1 DAGs
[2023-04-02T10:58:33.270+0000] {logging_mixin.py:137} INFO - [2023-04-02T10:58:33.270+0000] {dag.py:3456} INFO - Setting next_dagrun for example_skip_dag to 2023-04-01T10:58:33.270313+00:00, run_after=2023-04-02T10:58:33.270313+00:00
[2023-04-02T10:58:33.296+0000] {processor.py:175} INFO - Processing /home/airflow/.local/lib/python3.7/site-packages/airflow/example_dags/example_skip_dag.py took 0.155 seconds
[2023-04-02T10:59:03.648+0000] {processor.py:153} INFO - Started process (PID=11397) to work on /home/airflow/.local/lib/python3.7/site-packages/airflow/example_dags/example_skip_dag.py
[2023-04-02T10:59:03.651+0000] {processor.py:743} INFO - Processing file /home/airflow/.local/lib/python3.7/site-packages/airflow/example_dags/example_skip_dag.py for tasks to queue
[2023-04-02T10:59:03.654+0000] {logging_mixin.py:137} INFO - [2023-04-02T10:59:03.653+0000] {dagbag.py:532} INFO - Filling up the DagBag from /home/airflow/.local/lib/python3.7/site-packages/airflow/example_dags/example_skip_dag.py
[2023-04-02T10:59:03.684+0000] {processor.py:753} INFO - DAG(s) dict_keys(['example_skip_dag']) retrieved from /home/airflow/.local/lib/python3.7/site-packages/airflow/example_dags/example_skip_dag.py
[2023-04-02T10:59:03.735+0000] {logging_mixin.py:137} INFO - [2023-04-02T10:59:03.735+0000] {dag.py:2705} INFO - Sync 1 DAGs
[2023-04-02T10:59:03.773+0000] {logging_mixin.py:137} INFO - [2023-04-02T10:59:03.772+0000] {dag.py:3456} INFO - Setting next_dagrun for example_skip_dag to 2023-04-01T10:59:03.772451+00:00, run_after=2023-04-02T10:59:03.772451+00:00
[2023-04-02T10:59:03.812+0000] {processor.py:175} INFO - Processing /home/airflow/.local/lib/python3.7/site-packages/airflow/example_dags/example_skip_dag.py took 0.170 seconds
[2023-04-02T10:59:34.730+0000] {processor.py:153} INFO - Started process (PID=11615) to work on /home/airflow/.local/lib/python3.7/site-packages/airflow/example_dags/example_skip_dag.py
[2023-04-02T10:59:34.739+0000] {processor.py:743} INFO - Processing file /home/airflow/.local/lib/python3.7/site-packages/airflow/example_dags/example_skip_dag.py for tasks to queue
[2023-04-02T10:59:34.745+0000] {logging_mixin.py:137} INFO - [2023-04-02T10:59:34.744+0000] {dagbag.py:532} INFO - Filling up the DagBag from /home/airflow/.local/lib/python3.7/site-packages/airflow/example_dags/example_skip_dag.py
[2023-04-02T10:59:34.806+0000] {processor.py:753} INFO - DAG(s) dict_keys(['example_skip_dag']) retrieved from /home/airflow/.local/lib/python3.7/site-packages/airflow/example_dags/example_skip_dag.py
[2023-04-02T10:59:34.865+0000] {logging_mixin.py:137} INFO - [2023-04-02T10:59:34.865+0000] {dag.py:2705} INFO - Sync 1 DAGs
[2023-04-02T10:59:34.926+0000] {logging_mixin.py:137} INFO - [2023-04-02T10:59:34.926+0000] {dag.py:3456} INFO - Setting next_dagrun for example_skip_dag to 2023-04-01T10:59:34.925270+00:00, run_after=2023-04-02T10:59:34.925270+00:00
[2023-04-02T10:59:34.982+0000] {processor.py:175} INFO - Processing /home/airflow/.local/lib/python3.7/site-packages/airflow/example_dags/example_skip_dag.py took 0.274 seconds
[2023-04-02T11:00:05.165+0000] {processor.py:153} INFO - Started process (PID=11835) to work on /home/airflow/.local/lib/python3.7/site-packages/airflow/example_dags/example_skip_dag.py
[2023-04-02T11:00:05.167+0000] {processor.py:743} INFO - Processing file /home/airflow/.local/lib/python3.7/site-packages/airflow/example_dags/example_skip_dag.py for tasks to queue
[2023-04-02T11:00:05.171+0000] {logging_mixin.py:137} INFO - [2023-04-02T11:00:05.170+0000] {dagbag.py:532} INFO - Filling up the DagBag from /home/airflow/.local/lib/python3.7/site-packages/airflow/example_dags/example_skip_dag.py
[2023-04-02T11:00:05.193+0000] {processor.py:753} INFO - DAG(s) dict_keys(['example_skip_dag']) retrieved from /home/airflow/.local/lib/python3.7/site-packages/airflow/example_dags/example_skip_dag.py
[2023-04-02T11:00:05.232+0000] {logging_mixin.py:137} INFO - [2023-04-02T11:00:05.232+0000] {dag.py:2705} INFO - Sync 1 DAGs
[2023-04-02T11:00:05.278+0000] {logging_mixin.py:137} INFO - [2023-04-02T11:00:05.278+0000] {dag.py:3456} INFO - Setting next_dagrun for example_skip_dag to 2023-04-01T11:00:05.278303+00:00, run_after=2023-04-02T11:00:05.278303+00:00
[2023-04-02T11:00:05.329+0000] {processor.py:175} INFO - Processing /home/airflow/.local/lib/python3.7/site-packages/airflow/example_dags/example_skip_dag.py took 0.168 seconds
[2023-04-02T11:00:35.649+0000] {processor.py:153} INFO - Started process (PID=12051) to work on /home/airflow/.local/lib/python3.7/site-packages/airflow/example_dags/example_skip_dag.py
[2023-04-02T11:00:35.654+0000] {processor.py:743} INFO - Processing file /home/airflow/.local/lib/python3.7/site-packages/airflow/example_dags/example_skip_dag.py for tasks to queue
[2023-04-02T11:00:35.657+0000] {logging_mixin.py:137} INFO - [2023-04-02T11:00:35.656+0000] {dagbag.py:532} INFO - Filling up the DagBag from /home/airflow/.local/lib/python3.7/site-packages/airflow/example_dags/example_skip_dag.py
[2023-04-02T11:00:35.681+0000] {processor.py:753} INFO - DAG(s) dict_keys(['example_skip_dag']) retrieved from /home/airflow/.local/lib/python3.7/site-packages/airflow/example_dags/example_skip_dag.py
[2023-04-02T11:00:35.736+0000] {logging_mixin.py:137} INFO - [2023-04-02T11:00:35.736+0000] {dag.py:2705} INFO - Sync 1 DAGs
[2023-04-02T11:00:35.784+0000] {logging_mixin.py:137} INFO - [2023-04-02T11:00:35.783+0000] {dag.py:3456} INFO - Setting next_dagrun for example_skip_dag to 2023-04-01T11:00:35.783097+00:00, run_after=2023-04-02T11:00:35.783097+00:00
[2023-04-02T11:00:35.814+0000] {processor.py:175} INFO - Processing /home/airflow/.local/lib/python3.7/site-packages/airflow/example_dags/example_skip_dag.py took 0.174 seconds
[2023-04-02T11:01:06.073+0000] {processor.py:153} INFO - Started process (PID=12269) to work on /home/airflow/.local/lib/python3.7/site-packages/airflow/example_dags/example_skip_dag.py
[2023-04-02T11:01:06.075+0000] {processor.py:743} INFO - Processing file /home/airflow/.local/lib/python3.7/site-packages/airflow/example_dags/example_skip_dag.py for tasks to queue
[2023-04-02T11:01:06.078+0000] {logging_mixin.py:137} INFO - [2023-04-02T11:01:06.077+0000] {dagbag.py:532} INFO - Filling up the DagBag from /home/airflow/.local/lib/python3.7/site-packages/airflow/example_dags/example_skip_dag.py
[2023-04-02T11:01:06.103+0000] {processor.py:753} INFO - DAG(s) dict_keys(['example_skip_dag']) retrieved from /home/airflow/.local/lib/python3.7/site-packages/airflow/example_dags/example_skip_dag.py
[2023-04-02T11:01:06.159+0000] {logging_mixin.py:137} INFO - [2023-04-02T11:01:06.159+0000] {dag.py:2705} INFO - Sync 1 DAGs
[2023-04-02T11:01:06.207+0000] {logging_mixin.py:137} INFO - [2023-04-02T11:01:06.207+0000] {dag.py:3456} INFO - Setting next_dagrun for example_skip_dag to 2023-04-01T11:01:06.207375+00:00, run_after=2023-04-02T11:01:06.207375+00:00
[2023-04-02T11:01:06.242+0000] {processor.py:175} INFO - Processing /home/airflow/.local/lib/python3.7/site-packages/airflow/example_dags/example_skip_dag.py took 0.177 seconds
[2023-04-02T11:01:36.435+0000] {processor.py:153} INFO - Started process (PID=12487) to work on /home/airflow/.local/lib/python3.7/site-packages/airflow/example_dags/example_skip_dag.py
[2023-04-02T11:01:36.437+0000] {processor.py:743} INFO - Processing file /home/airflow/.local/lib/python3.7/site-packages/airflow/example_dags/example_skip_dag.py for tasks to queue
[2023-04-02T11:01:36.440+0000] {logging_mixin.py:137} INFO - [2023-04-02T11:01:36.439+0000] {dagbag.py:532} INFO - Filling up the DagBag from /home/airflow/.local/lib/python3.7/site-packages/airflow/example_dags/example_skip_dag.py
[2023-04-02T11:01:36.469+0000] {processor.py:753} INFO - DAG(s) dict_keys(['example_skip_dag']) retrieved from /home/airflow/.local/lib/python3.7/site-packages/airflow/example_dags/example_skip_dag.py
[2023-04-02T11:01:36.509+0000] {logging_mixin.py:137} INFO - [2023-04-02T11:01:36.509+0000] {dag.py:2705} INFO - Sync 1 DAGs
[2023-04-02T11:01:36.554+0000] {logging_mixin.py:137} INFO - [2023-04-02T11:01:36.554+0000] {dag.py:3456} INFO - Setting next_dagrun for example_skip_dag to 2023-04-01T11:01:36.553775+00:00, run_after=2023-04-02T11:01:36.553775+00:00
[2023-04-02T11:01:36.590+0000] {processor.py:175} INFO - Processing /home/airflow/.local/lib/python3.7/site-packages/airflow/example_dags/example_skip_dag.py took 0.163 seconds
[2023-04-02T11:02:06.843+0000] {processor.py:153} INFO - Started process (PID=12705) to work on /home/airflow/.local/lib/python3.7/site-packages/airflow/example_dags/example_skip_dag.py
[2023-04-02T11:02:06.846+0000] {processor.py:743} INFO - Processing file /home/airflow/.local/lib/python3.7/site-packages/airflow/example_dags/example_skip_dag.py for tasks to queue
[2023-04-02T11:02:06.851+0000] {logging_mixin.py:137} INFO - [2023-04-02T11:02:06.850+0000] {dagbag.py:532} INFO - Filling up the DagBag from /home/airflow/.local/lib/python3.7/site-packages/airflow/example_dags/example_skip_dag.py
[2023-04-02T11:02:06.884+0000] {processor.py:753} INFO - DAG(s) dict_keys(['example_skip_dag']) retrieved from /home/airflow/.local/lib/python3.7/site-packages/airflow/example_dags/example_skip_dag.py
[2023-04-02T11:02:06.938+0000] {logging_mixin.py:137} INFO - [2023-04-02T11:02:06.937+0000] {dag.py:2705} INFO - Sync 1 DAGs
[2023-04-02T11:02:06.993+0000] {logging_mixin.py:137} INFO - [2023-04-02T11:02:06.993+0000] {dag.py:3456} INFO - Setting next_dagrun for example_skip_dag to 2023-04-01T11:02:06.993162+00:00, run_after=2023-04-02T11:02:06.993162+00:00
[2023-04-02T11:02:07.042+0000] {processor.py:175} INFO - Processing /home/airflow/.local/lib/python3.7/site-packages/airflow/example_dags/example_skip_dag.py took 0.205 seconds
[2023-04-02T11:02:37.925+0000] {processor.py:153} INFO - Started process (PID=12923) to work on /home/airflow/.local/lib/python3.7/site-packages/airflow/example_dags/example_skip_dag.py
[2023-04-02T11:02:37.929+0000] {processor.py:743} INFO - Processing file /home/airflow/.local/lib/python3.7/site-packages/airflow/example_dags/example_skip_dag.py for tasks to queue
[2023-04-02T11:02:37.934+0000] {logging_mixin.py:137} INFO - [2023-04-02T11:02:37.934+0000] {dagbag.py:532} INFO - Filling up the DagBag from /home/airflow/.local/lib/python3.7/site-packages/airflow/example_dags/example_skip_dag.py
[2023-04-02T11:02:37.966+0000] {processor.py:753} INFO - DAG(s) dict_keys(['example_skip_dag']) retrieved from /home/airflow/.local/lib/python3.7/site-packages/airflow/example_dags/example_skip_dag.py
[2023-04-02T11:02:38.008+0000] {logging_mixin.py:137} INFO - [2023-04-02T11:02:38.008+0000] {dag.py:2705} INFO - Sync 1 DAGs
[2023-04-02T11:02:38.057+0000] {logging_mixin.py:137} INFO - [2023-04-02T11:02:38.056+0000] {dag.py:3456} INFO - Setting next_dagrun for example_skip_dag to 2023-04-01T11:02:38.056593+00:00, run_after=2023-04-02T11:02:38.056593+00:00
[2023-04-02T11:02:38.106+0000] {processor.py:175} INFO - Processing /home/airflow/.local/lib/python3.7/site-packages/airflow/example_dags/example_skip_dag.py took 0.189 seconds
[2023-04-02T11:03:09.058+0000] {processor.py:153} INFO - Started process (PID=13141) to work on /home/airflow/.local/lib/python3.7/site-packages/airflow/example_dags/example_skip_dag.py
[2023-04-02T11:03:09.066+0000] {processor.py:743} INFO - Processing file /home/airflow/.local/lib/python3.7/site-packages/airflow/example_dags/example_skip_dag.py for tasks to queue
[2023-04-02T11:03:09.069+0000] {logging_mixin.py:137} INFO - [2023-04-02T11:03:09.068+0000] {dagbag.py:532} INFO - Filling up the DagBag from /home/airflow/.local/lib/python3.7/site-packages/airflow/example_dags/example_skip_dag.py
[2023-04-02T11:03:09.118+0000] {processor.py:753} INFO - DAG(s) dict_keys(['example_skip_dag']) retrieved from /home/airflow/.local/lib/python3.7/site-packages/airflow/example_dags/example_skip_dag.py
[2023-04-02T11:03:09.188+0000] {logging_mixin.py:137} INFO - [2023-04-02T11:03:09.188+0000] {dag.py:2705} INFO - Sync 1 DAGs
[2023-04-02T11:03:09.264+0000] {logging_mixin.py:137} INFO - [2023-04-02T11:03:09.264+0000] {dag.py:3456} INFO - Setting next_dagrun for example_skip_dag to 2023-04-01T11:03:09.263986+00:00, run_after=2023-04-02T11:03:09.263986+00:00
[2023-04-02T11:03:09.297+0000] {processor.py:175} INFO - Processing /home/airflow/.local/lib/python3.7/site-packages/airflow/example_dags/example_skip_dag.py took 0.259 seconds
[2023-04-02T11:03:39.538+0000] {processor.py:153} INFO - Started process (PID=13359) to work on /home/airflow/.local/lib/python3.7/site-packages/airflow/example_dags/example_skip_dag.py
[2023-04-02T11:03:39.546+0000] {processor.py:743} INFO - Processing file /home/airflow/.local/lib/python3.7/site-packages/airflow/example_dags/example_skip_dag.py for tasks to queue
[2023-04-02T11:03:39.548+0000] {logging_mixin.py:137} INFO - [2023-04-02T11:03:39.548+0000] {dagbag.py:532} INFO - Filling up the DagBag from /home/airflow/.local/lib/python3.7/site-packages/airflow/example_dags/example_skip_dag.py
[2023-04-02T11:03:39.583+0000] {processor.py:753} INFO - DAG(s) dict_keys(['example_skip_dag']) retrieved from /home/airflow/.local/lib/python3.7/site-packages/airflow/example_dags/example_skip_dag.py
[2023-04-02T11:03:39.664+0000] {logging_mixin.py:137} INFO - [2023-04-02T11:03:39.664+0000] {dag.py:2705} INFO - Sync 1 DAGs
[2023-04-02T11:03:39.734+0000] {logging_mixin.py:137} INFO - [2023-04-02T11:03:39.734+0000] {dag.py:3456} INFO - Setting next_dagrun for example_skip_dag to 2023-04-01T11:03:39.733711+00:00, run_after=2023-04-02T11:03:39.733711+00:00
[2023-04-02T11:03:39.785+0000] {processor.py:175} INFO - Processing /home/airflow/.local/lib/python3.7/site-packages/airflow/example_dags/example_skip_dag.py took 0.255 seconds
[2023-04-02T11:04:10.128+0000] {processor.py:153} INFO - Started process (PID=13577) to work on /home/airflow/.local/lib/python3.7/site-packages/airflow/example_dags/example_skip_dag.py
[2023-04-02T11:04:10.130+0000] {processor.py:743} INFO - Processing file /home/airflow/.local/lib/python3.7/site-packages/airflow/example_dags/example_skip_dag.py for tasks to queue
[2023-04-02T11:04:10.133+0000] {logging_mixin.py:137} INFO - [2023-04-02T11:04:10.133+0000] {dagbag.py:532} INFO - Filling up the DagBag from /home/airflow/.local/lib/python3.7/site-packages/airflow/example_dags/example_skip_dag.py
[2023-04-02T11:04:10.167+0000] {processor.py:753} INFO - DAG(s) dict_keys(['example_skip_dag']) retrieved from /home/airflow/.local/lib/python3.7/site-packages/airflow/example_dags/example_skip_dag.py
[2023-04-02T11:04:10.226+0000] {logging_mixin.py:137} INFO - [2023-04-02T11:04:10.226+0000] {dag.py:2705} INFO - Sync 1 DAGs
[2023-04-02T11:04:10.279+0000] {logging_mixin.py:137} INFO - [2023-04-02T11:04:10.279+0000] {dag.py:3456} INFO - Setting next_dagrun for example_skip_dag to 2023-04-01T11:04:10.279018+00:00, run_after=2023-04-02T11:04:10.279018+00:00
[2023-04-02T11:04:10.317+0000] {processor.py:175} INFO - Processing /home/airflow/.local/lib/python3.7/site-packages/airflow/example_dags/example_skip_dag.py took 0.196 seconds
[2023-04-02T11:04:40.652+0000] {processor.py:153} INFO - Started process (PID=13795) to work on /home/airflow/.local/lib/python3.7/site-packages/airflow/example_dags/example_skip_dag.py
[2023-04-02T11:04:40.654+0000] {processor.py:743} INFO - Processing file /home/airflow/.local/lib/python3.7/site-packages/airflow/example_dags/example_skip_dag.py for tasks to queue
[2023-04-02T11:04:40.659+0000] {logging_mixin.py:137} INFO - [2023-04-02T11:04:40.659+0000] {dagbag.py:532} INFO - Filling up the DagBag from /home/airflow/.local/lib/python3.7/site-packages/airflow/example_dags/example_skip_dag.py
[2023-04-02T11:04:40.688+0000] {processor.py:753} INFO - DAG(s) dict_keys(['example_skip_dag']) retrieved from /home/airflow/.local/lib/python3.7/site-packages/airflow/example_dags/example_skip_dag.py
[2023-04-02T11:04:40.732+0000] {logging_mixin.py:137} INFO - [2023-04-02T11:04:40.732+0000] {dag.py:2705} INFO - Sync 1 DAGs
[2023-04-02T11:04:40.782+0000] {logging_mixin.py:137} INFO - [2023-04-02T11:04:40.782+0000] {dag.py:3456} INFO - Setting next_dagrun for example_skip_dag to 2023-04-01T11:04:40.781874+00:00, run_after=2023-04-02T11:04:40.781874+00:00
[2023-04-02T11:04:40.824+0000] {processor.py:175} INFO - Processing /home/airflow/.local/lib/python3.7/site-packages/airflow/example_dags/example_skip_dag.py took 0.180 seconds
[2023-04-02T11:05:11.546+0000] {processor.py:153} INFO - Started process (PID=14013) to work on /home/airflow/.local/lib/python3.7/site-packages/airflow/example_dags/example_skip_dag.py
[2023-04-02T11:05:11.549+0000] {processor.py:743} INFO - Processing file /home/airflow/.local/lib/python3.7/site-packages/airflow/example_dags/example_skip_dag.py for tasks to queue
[2023-04-02T11:05:11.557+0000] {logging_mixin.py:137} INFO - [2023-04-02T11:05:11.556+0000] {dagbag.py:532} INFO - Filling up the DagBag from /home/airflow/.local/lib/python3.7/site-packages/airflow/example_dags/example_skip_dag.py
[2023-04-02T11:05:11.591+0000] {processor.py:753} INFO - DAG(s) dict_keys(['example_skip_dag']) retrieved from /home/airflow/.local/lib/python3.7/site-packages/airflow/example_dags/example_skip_dag.py
[2023-04-02T11:05:11.661+0000] {logging_mixin.py:137} INFO - [2023-04-02T11:05:11.660+0000] {dag.py:2705} INFO - Sync 1 DAGs
[2023-04-02T11:05:11.726+0000] {logging_mixin.py:137} INFO - [2023-04-02T11:05:11.726+0000] {dag.py:3456} INFO - Setting next_dagrun for example_skip_dag to 2023-04-01T11:05:11.725925+00:00, run_after=2023-04-02T11:05:11.725925+00:00
[2023-04-02T11:05:11.761+0000] {processor.py:175} INFO - Processing /home/airflow/.local/lib/python3.7/site-packages/airflow/example_dags/example_skip_dag.py took 0.220 seconds
[2023-04-02T11:05:42.221+0000] {processor.py:153} INFO - Started process (PID=14231) to work on /home/airflow/.local/lib/python3.7/site-packages/airflow/example_dags/example_skip_dag.py
[2023-04-02T11:05:42.223+0000] {processor.py:743} INFO - Processing file /home/airflow/.local/lib/python3.7/site-packages/airflow/example_dags/example_skip_dag.py for tasks to queue
[2023-04-02T11:05:42.226+0000] {logging_mixin.py:137} INFO - [2023-04-02T11:05:42.225+0000] {dagbag.py:532} INFO - Filling up the DagBag from /home/airflow/.local/lib/python3.7/site-packages/airflow/example_dags/example_skip_dag.py
[2023-04-02T11:05:42.295+0000] {processor.py:753} INFO - DAG(s) dict_keys(['example_skip_dag']) retrieved from /home/airflow/.local/lib/python3.7/site-packages/airflow/example_dags/example_skip_dag.py
[2023-04-02T11:05:42.360+0000] {logging_mixin.py:137} INFO - [2023-04-02T11:05:42.360+0000] {dag.py:2705} INFO - Sync 1 DAGs
[2023-04-02T11:05:42.426+0000] {logging_mixin.py:137} INFO - [2023-04-02T11:05:42.426+0000] {dag.py:3456} INFO - Setting next_dagrun for example_skip_dag to 2023-04-01T11:05:42.426446+00:00, run_after=2023-04-02T11:05:42.426446+00:00
[2023-04-02T11:05:42.471+0000] {processor.py:175} INFO - Processing /home/airflow/.local/lib/python3.7/site-packages/airflow/example_dags/example_skip_dag.py took 0.259 seconds
[2023-04-02T11:06:13.031+0000] {processor.py:153} INFO - Started process (PID=14456) to work on /home/airflow/.local/lib/python3.7/site-packages/airflow/example_dags/example_skip_dag.py
[2023-04-02T11:06:13.041+0000] {processor.py:743} INFO - Processing file /home/airflow/.local/lib/python3.7/site-packages/airflow/example_dags/example_skip_dag.py for tasks to queue
[2023-04-02T11:06:13.043+0000] {logging_mixin.py:137} INFO - [2023-04-02T11:06:13.043+0000] {dagbag.py:532} INFO - Filling up the DagBag from /home/airflow/.local/lib/python3.7/site-packages/airflow/example_dags/example_skip_dag.py
[2023-04-02T11:06:13.075+0000] {processor.py:753} INFO - DAG(s) dict_keys(['example_skip_dag']) retrieved from /home/airflow/.local/lib/python3.7/site-packages/airflow/example_dags/example_skip_dag.py
[2023-04-02T11:06:13.136+0000] {logging_mixin.py:137} INFO - [2023-04-02T11:06:13.136+0000] {dag.py:2705} INFO - Sync 1 DAGs
[2023-04-02T11:06:13.186+0000] {logging_mixin.py:137} INFO - [2023-04-02T11:06:13.186+0000] {dag.py:3456} INFO - Setting next_dagrun for example_skip_dag to 2023-04-01T11:06:13.186105+00:00, run_after=2023-04-02T11:06:13.186105+00:00
[2023-04-02T11:06:13.222+0000] {processor.py:175} INFO - Processing /home/airflow/.local/lib/python3.7/site-packages/airflow/example_dags/example_skip_dag.py took 0.199 seconds
[2023-04-02T11:06:43.401+0000] {processor.py:153} INFO - Started process (PID=14674) to work on /home/airflow/.local/lib/python3.7/site-packages/airflow/example_dags/example_skip_dag.py
[2023-04-02T11:06:43.403+0000] {processor.py:743} INFO - Processing file /home/airflow/.local/lib/python3.7/site-packages/airflow/example_dags/example_skip_dag.py for tasks to queue
[2023-04-02T11:06:43.406+0000] {logging_mixin.py:137} INFO - [2023-04-02T11:06:43.406+0000] {dagbag.py:532} INFO - Filling up the DagBag from /home/airflow/.local/lib/python3.7/site-packages/airflow/example_dags/example_skip_dag.py
[2023-04-02T11:06:43.439+0000] {processor.py:753} INFO - DAG(s) dict_keys(['example_skip_dag']) retrieved from /home/airflow/.local/lib/python3.7/site-packages/airflow/example_dags/example_skip_dag.py
[2023-04-02T11:06:43.475+0000] {logging_mixin.py:137} INFO - [2023-04-02T11:06:43.475+0000] {dag.py:2705} INFO - Sync 1 DAGs
[2023-04-02T11:06:43.512+0000] {logging_mixin.py:137} INFO - [2023-04-02T11:06:43.512+0000] {dag.py:3456} INFO - Setting next_dagrun for example_skip_dag to 2023-04-01T11:06:43.511819+00:00, run_after=2023-04-02T11:06:43.511819+00:00
[2023-04-02T11:06:43.543+0000] {processor.py:175} INFO - Processing /home/airflow/.local/lib/python3.7/site-packages/airflow/example_dags/example_skip_dag.py took 0.150 seconds
