[2023-04-02T10:32:45.084+0000] {processor.py:153} INFO - Started process (PID=178) to work on /home/airflow/.local/lib/python3.7/site-packages/airflow/example_dags/example_trigger_controller_dag.py
[2023-04-02T10:32:45.086+0000] {processor.py:743} INFO - Processing file /home/airflow/.local/lib/python3.7/site-packages/airflow/example_dags/example_trigger_controller_dag.py for tasks to queue
[2023-04-02T10:32:45.093+0000] {logging_mixin.py:137} INFO - [2023-04-02T10:32:45.093+0000] {dagbag.py:532} INFO - Filling up the DagBag from /home/airflow/.local/lib/python3.7/site-packages/airflow/example_dags/example_trigger_controller_dag.py
[2023-04-02T10:32:45.110+0000] {processor.py:753} INFO - DAG(s) dict_keys(['example_trigger_controller_dag']) retrieved from /home/airflow/.local/lib/python3.7/site-packages/airflow/example_dags/example_trigger_controller_dag.py
[2023-04-02T10:32:45.130+0000] {logging_mixin.py:137} INFO - [2023-04-02T10:32:45.130+0000] {dag.py:2705} INFO - Sync 1 DAGs
[2023-04-02T10:32:45.169+0000] {logging_mixin.py:137} INFO - [2023-04-02T10:32:45.168+0000] {dag.py:3456} INFO - Setting next_dagrun for example_trigger_controller_dag to 2021-01-01T00:00:00+00:00, run_after=2021-01-01T00:00:00+00:00
[2023-04-02T10:32:45.212+0000] {processor.py:175} INFO - Processing /home/airflow/.local/lib/python3.7/site-packages/airflow/example_dags/example_trigger_controller_dag.py took 0.133 seconds
[2023-04-02T10:33:16.051+0000] {processor.py:153} INFO - Started process (PID=396) to work on /home/airflow/.local/lib/python3.7/site-packages/airflow/example_dags/example_trigger_controller_dag.py
[2023-04-02T10:33:16.054+0000] {processor.py:743} INFO - Processing file /home/airflow/.local/lib/python3.7/site-packages/airflow/example_dags/example_trigger_controller_dag.py for tasks to queue
[2023-04-02T10:33:16.059+0000] {logging_mixin.py:137} INFO - [2023-04-02T10:33:16.058+0000] {dagbag.py:532} INFO - Filling up the DagBag from /home/airflow/.local/lib/python3.7/site-packages/airflow/example_dags/example_trigger_controller_dag.py
[2023-04-02T10:33:16.101+0000] {processor.py:753} INFO - DAG(s) dict_keys(['example_trigger_controller_dag']) retrieved from /home/airflow/.local/lib/python3.7/site-packages/airflow/example_dags/example_trigger_controller_dag.py
[2023-04-02T10:33:16.208+0000] {logging_mixin.py:137} INFO - [2023-04-02T10:33:16.208+0000] {dag.py:2705} INFO - Sync 1 DAGs
[2023-04-02T10:33:16.260+0000] {logging_mixin.py:137} INFO - [2023-04-02T10:33:16.260+0000] {dag.py:3456} INFO - Setting next_dagrun for example_trigger_controller_dag to 2021-01-01T00:00:00+00:00, run_after=2021-01-01T00:00:00+00:00
[2023-04-02T10:33:16.357+0000] {processor.py:175} INFO - Processing /home/airflow/.local/lib/python3.7/site-packages/airflow/example_dags/example_trigger_controller_dag.py took 0.314 seconds
[2023-04-02T10:33:46.898+0000] {processor.py:153} INFO - Started process (PID=615) to work on /home/airflow/.local/lib/python3.7/site-packages/airflow/example_dags/example_trigger_controller_dag.py
[2023-04-02T10:33:46.909+0000] {processor.py:743} INFO - Processing file /home/airflow/.local/lib/python3.7/site-packages/airflow/example_dags/example_trigger_controller_dag.py for tasks to queue
[2023-04-02T10:33:46.914+0000] {logging_mixin.py:137} INFO - [2023-04-02T10:33:46.913+0000] {dagbag.py:532} INFO - Filling up the DagBag from /home/airflow/.local/lib/python3.7/site-packages/airflow/example_dags/example_trigger_controller_dag.py
[2023-04-02T10:33:47.036+0000] {processor.py:753} INFO - DAG(s) dict_keys(['example_trigger_controller_dag']) retrieved from /home/airflow/.local/lib/python3.7/site-packages/airflow/example_dags/example_trigger_controller_dag.py
[2023-04-02T10:33:47.235+0000] {logging_mixin.py:137} INFO - [2023-04-02T10:33:47.234+0000] {dag.py:2705} INFO - Sync 1 DAGs
[2023-04-02T10:33:47.339+0000] {logging_mixin.py:137} INFO - [2023-04-02T10:33:47.339+0000] {dag.py:3456} INFO - Setting next_dagrun for example_trigger_controller_dag to 2021-01-01T00:00:00+00:00, run_after=2021-01-01T00:00:00+00:00
[2023-04-02T10:33:47.411+0000] {processor.py:175} INFO - Processing /home/airflow/.local/lib/python3.7/site-packages/airflow/example_dags/example_trigger_controller_dag.py took 0.534 seconds
[2023-04-02T10:34:19.568+0000] {processor.py:153} INFO - Started process (PID=835) to work on /home/airflow/.local/lib/python3.7/site-packages/airflow/example_dags/example_trigger_controller_dag.py
[2023-04-02T10:34:19.573+0000] {processor.py:743} INFO - Processing file /home/airflow/.local/lib/python3.7/site-packages/airflow/example_dags/example_trigger_controller_dag.py for tasks to queue
[2023-04-02T10:34:19.578+0000] {logging_mixin.py:137} INFO - [2023-04-02T10:34:19.576+0000] {dagbag.py:532} INFO - Filling up the DagBag from /home/airflow/.local/lib/python3.7/site-packages/airflow/example_dags/example_trigger_controller_dag.py
[2023-04-02T10:34:19.604+0000] {processor.py:753} INFO - DAG(s) dict_keys(['example_trigger_controller_dag']) retrieved from /home/airflow/.local/lib/python3.7/site-packages/airflow/example_dags/example_trigger_controller_dag.py
[2023-04-02T10:34:19.772+0000] {logging_mixin.py:137} INFO - [2023-04-02T10:34:19.767+0000] {dag.py:2705} INFO - Sync 1 DAGs
[2023-04-02T10:34:19.847+0000] {logging_mixin.py:137} INFO - [2023-04-02T10:34:19.847+0000] {dag.py:3456} INFO - Setting next_dagrun for example_trigger_controller_dag to 2021-01-01T00:00:00+00:00, run_after=2021-01-01T00:00:00+00:00
[2023-04-02T10:34:19.982+0000] {processor.py:175} INFO - Processing /home/airflow/.local/lib/python3.7/site-packages/airflow/example_dags/example_trigger_controller_dag.py took 0.423 seconds
[2023-04-02T10:34:50.848+0000] {processor.py:153} INFO - Started process (PID=1054) to work on /home/airflow/.local/lib/python3.7/site-packages/airflow/example_dags/example_trigger_controller_dag.py
[2023-04-02T10:34:50.850+0000] {processor.py:743} INFO - Processing file /home/airflow/.local/lib/python3.7/site-packages/airflow/example_dags/example_trigger_controller_dag.py for tasks to queue
[2023-04-02T10:34:50.853+0000] {logging_mixin.py:137} INFO - [2023-04-02T10:34:50.852+0000] {dagbag.py:532} INFO - Filling up the DagBag from /home/airflow/.local/lib/python3.7/site-packages/airflow/example_dags/example_trigger_controller_dag.py
[2023-04-02T10:34:50.877+0000] {processor.py:753} INFO - DAG(s) dict_keys(['example_trigger_controller_dag']) retrieved from /home/airflow/.local/lib/python3.7/site-packages/airflow/example_dags/example_trigger_controller_dag.py
[2023-04-02T10:34:50.917+0000] {logging_mixin.py:137} INFO - [2023-04-02T10:34:50.917+0000] {dag.py:2705} INFO - Sync 1 DAGs
[2023-04-02T10:34:50.951+0000] {logging_mixin.py:137} INFO - [2023-04-02T10:34:50.951+0000] {dag.py:3456} INFO - Setting next_dagrun for example_trigger_controller_dag to 2021-01-01T00:00:00+00:00, run_after=2021-01-01T00:00:00+00:00
[2023-04-02T10:34:50.982+0000] {processor.py:175} INFO - Processing /home/airflow/.local/lib/python3.7/site-packages/airflow/example_dags/example_trigger_controller_dag.py took 0.140 seconds
[2023-04-02T10:35:21.340+0000] {processor.py:153} INFO - Started process (PID=1272) to work on /home/airflow/.local/lib/python3.7/site-packages/airflow/example_dags/example_trigger_controller_dag.py
[2023-04-02T10:35:21.343+0000] {processor.py:743} INFO - Processing file /home/airflow/.local/lib/python3.7/site-packages/airflow/example_dags/example_trigger_controller_dag.py for tasks to queue
[2023-04-02T10:35:21.347+0000] {logging_mixin.py:137} INFO - [2023-04-02T10:35:21.346+0000] {dagbag.py:532} INFO - Filling up the DagBag from /home/airflow/.local/lib/python3.7/site-packages/airflow/example_dags/example_trigger_controller_dag.py
[2023-04-02T10:35:21.367+0000] {processor.py:753} INFO - DAG(s) dict_keys(['example_trigger_controller_dag']) retrieved from /home/airflow/.local/lib/python3.7/site-packages/airflow/example_dags/example_trigger_controller_dag.py
[2023-04-02T10:35:21.403+0000] {logging_mixin.py:137} INFO - [2023-04-02T10:35:21.403+0000] {dag.py:2705} INFO - Sync 1 DAGs
[2023-04-02T10:35:21.449+0000] {logging_mixin.py:137} INFO - [2023-04-02T10:35:21.449+0000] {dag.py:3456} INFO - Setting next_dagrun for example_trigger_controller_dag to 2021-01-01T00:00:00+00:00, run_after=2021-01-01T00:00:00+00:00
[2023-04-02T10:35:21.481+0000] {processor.py:175} INFO - Processing /home/airflow/.local/lib/python3.7/site-packages/airflow/example_dags/example_trigger_controller_dag.py took 0.149 seconds
[2023-04-02T10:35:51.799+0000] {processor.py:153} INFO - Started process (PID=1490) to work on /home/airflow/.local/lib/python3.7/site-packages/airflow/example_dags/example_trigger_controller_dag.py
[2023-04-02T10:35:51.802+0000] {processor.py:743} INFO - Processing file /home/airflow/.local/lib/python3.7/site-packages/airflow/example_dags/example_trigger_controller_dag.py for tasks to queue
[2023-04-02T10:35:51.805+0000] {logging_mixin.py:137} INFO - [2023-04-02T10:35:51.804+0000] {dagbag.py:532} INFO - Filling up the DagBag from /home/airflow/.local/lib/python3.7/site-packages/airflow/example_dags/example_trigger_controller_dag.py
[2023-04-02T10:35:51.829+0000] {processor.py:753} INFO - DAG(s) dict_keys(['example_trigger_controller_dag']) retrieved from /home/airflow/.local/lib/python3.7/site-packages/airflow/example_dags/example_trigger_controller_dag.py
[2023-04-02T10:35:51.880+0000] {logging_mixin.py:137} INFO - [2023-04-02T10:35:51.880+0000] {dag.py:2705} INFO - Sync 1 DAGs
[2023-04-02T10:35:51.925+0000] {logging_mixin.py:137} INFO - [2023-04-02T10:35:51.925+0000] {dag.py:3456} INFO - Setting next_dagrun for example_trigger_controller_dag to 2021-01-01T00:00:00+00:00, run_after=2021-01-01T00:00:00+00:00
[2023-04-02T10:35:51.967+0000] {processor.py:175} INFO - Processing /home/airflow/.local/lib/python3.7/site-packages/airflow/example_dags/example_trigger_controller_dag.py took 0.175 seconds
[2023-04-02T10:36:22.316+0000] {processor.py:153} INFO - Started process (PID=1708) to work on /home/airflow/.local/lib/python3.7/site-packages/airflow/example_dags/example_trigger_controller_dag.py
[2023-04-02T10:36:22.318+0000] {processor.py:743} INFO - Processing file /home/airflow/.local/lib/python3.7/site-packages/airflow/example_dags/example_trigger_controller_dag.py for tasks to queue
[2023-04-02T10:36:22.321+0000] {logging_mixin.py:137} INFO - [2023-04-02T10:36:22.321+0000] {dagbag.py:532} INFO - Filling up the DagBag from /home/airflow/.local/lib/python3.7/site-packages/airflow/example_dags/example_trigger_controller_dag.py
[2023-04-02T10:36:22.341+0000] {processor.py:753} INFO - DAG(s) dict_keys(['example_trigger_controller_dag']) retrieved from /home/airflow/.local/lib/python3.7/site-packages/airflow/example_dags/example_trigger_controller_dag.py
[2023-04-02T10:36:22.383+0000] {logging_mixin.py:137} INFO - [2023-04-02T10:36:22.383+0000] {dag.py:2705} INFO - Sync 1 DAGs
[2023-04-02T10:36:22.427+0000] {logging_mixin.py:137} INFO - [2023-04-02T10:36:22.427+0000] {dag.py:3456} INFO - Setting next_dagrun for example_trigger_controller_dag to 2021-01-01T00:00:00+00:00, run_after=2021-01-01T00:00:00+00:00
[2023-04-02T10:36:22.456+0000] {processor.py:175} INFO - Processing /home/airflow/.local/lib/python3.7/site-packages/airflow/example_dags/example_trigger_controller_dag.py took 0.146 seconds
[2023-04-02T10:36:52.615+0000] {processor.py:153} INFO - Started process (PID=1926) to work on /home/airflow/.local/lib/python3.7/site-packages/airflow/example_dags/example_trigger_controller_dag.py
[2023-04-02T10:36:52.617+0000] {processor.py:743} INFO - Processing file /home/airflow/.local/lib/python3.7/site-packages/airflow/example_dags/example_trigger_controller_dag.py for tasks to queue
[2023-04-02T10:36:52.620+0000] {logging_mixin.py:137} INFO - [2023-04-02T10:36:52.619+0000] {dagbag.py:532} INFO - Filling up the DagBag from /home/airflow/.local/lib/python3.7/site-packages/airflow/example_dags/example_trigger_controller_dag.py
[2023-04-02T10:36:52.662+0000] {processor.py:753} INFO - DAG(s) dict_keys(['example_trigger_controller_dag']) retrieved from /home/airflow/.local/lib/python3.7/site-packages/airflow/example_dags/example_trigger_controller_dag.py
[2023-04-02T10:36:52.745+0000] {logging_mixin.py:137} INFO - [2023-04-02T10:36:52.744+0000] {dag.py:2705} INFO - Sync 1 DAGs
[2023-04-02T10:36:52.810+0000] {logging_mixin.py:137} INFO - [2023-04-02T10:36:52.809+0000] {dag.py:3456} INFO - Setting next_dagrun for example_trigger_controller_dag to 2021-01-01T00:00:00+00:00, run_after=2021-01-01T00:00:00+00:00
[2023-04-02T10:36:52.864+0000] {processor.py:175} INFO - Processing /home/airflow/.local/lib/python3.7/site-packages/airflow/example_dags/example_trigger_controller_dag.py took 0.255 seconds
[2023-04-02T10:37:23.167+0000] {processor.py:153} INFO - Started process (PID=2144) to work on /home/airflow/.local/lib/python3.7/site-packages/airflow/example_dags/example_trigger_controller_dag.py
[2023-04-02T10:37:23.171+0000] {processor.py:743} INFO - Processing file /home/airflow/.local/lib/python3.7/site-packages/airflow/example_dags/example_trigger_controller_dag.py for tasks to queue
[2023-04-02T10:37:23.175+0000] {logging_mixin.py:137} INFO - [2023-04-02T10:37:23.174+0000] {dagbag.py:532} INFO - Filling up the DagBag from /home/airflow/.local/lib/python3.7/site-packages/airflow/example_dags/example_trigger_controller_dag.py
[2023-04-02T10:37:23.194+0000] {processor.py:753} INFO - DAG(s) dict_keys(['example_trigger_controller_dag']) retrieved from /home/airflow/.local/lib/python3.7/site-packages/airflow/example_dags/example_trigger_controller_dag.py
[2023-04-02T10:37:23.232+0000] {logging_mixin.py:137} INFO - [2023-04-02T10:37:23.232+0000] {dag.py:2705} INFO - Sync 1 DAGs
[2023-04-02T10:37:23.275+0000] {logging_mixin.py:137} INFO - [2023-04-02T10:37:23.275+0000] {dag.py:3456} INFO - Setting next_dagrun for example_trigger_controller_dag to 2021-01-01T00:00:00+00:00, run_after=2021-01-01T00:00:00+00:00
[2023-04-02T10:37:23.328+0000] {processor.py:175} INFO - Processing /home/airflow/.local/lib/python3.7/site-packages/airflow/example_dags/example_trigger_controller_dag.py took 0.166 seconds
[2023-04-02T10:37:53.646+0000] {processor.py:153} INFO - Started process (PID=2362) to work on /home/airflow/.local/lib/python3.7/site-packages/airflow/example_dags/example_trigger_controller_dag.py
[2023-04-02T10:37:53.647+0000] {processor.py:743} INFO - Processing file /home/airflow/.local/lib/python3.7/site-packages/airflow/example_dags/example_trigger_controller_dag.py for tasks to queue
[2023-04-02T10:37:53.652+0000] {logging_mixin.py:137} INFO - [2023-04-02T10:37:53.651+0000] {dagbag.py:532} INFO - Filling up the DagBag from /home/airflow/.local/lib/python3.7/site-packages/airflow/example_dags/example_trigger_controller_dag.py
[2023-04-02T10:37:53.671+0000] {processor.py:753} INFO - DAG(s) dict_keys(['example_trigger_controller_dag']) retrieved from /home/airflow/.local/lib/python3.7/site-packages/airflow/example_dags/example_trigger_controller_dag.py
[2023-04-02T10:37:53.708+0000] {logging_mixin.py:137} INFO - [2023-04-02T10:37:53.708+0000] {dag.py:2705} INFO - Sync 1 DAGs
[2023-04-02T10:37:53.744+0000] {logging_mixin.py:137} INFO - [2023-04-02T10:37:53.744+0000] {dag.py:3456} INFO - Setting next_dagrun for example_trigger_controller_dag to 2021-01-01T00:00:00+00:00, run_after=2021-01-01T00:00:00+00:00
[2023-04-02T10:37:53.779+0000] {processor.py:175} INFO - Processing /home/airflow/.local/lib/python3.7/site-packages/airflow/example_dags/example_trigger_controller_dag.py took 0.139 seconds
[2023-04-02T10:38:23.928+0000] {processor.py:153} INFO - Started process (PID=2580) to work on /home/airflow/.local/lib/python3.7/site-packages/airflow/example_dags/example_trigger_controller_dag.py
[2023-04-02T10:38:23.930+0000] {processor.py:743} INFO - Processing file /home/airflow/.local/lib/python3.7/site-packages/airflow/example_dags/example_trigger_controller_dag.py for tasks to queue
[2023-04-02T10:38:23.936+0000] {logging_mixin.py:137} INFO - [2023-04-02T10:38:23.935+0000] {dagbag.py:532} INFO - Filling up the DagBag from /home/airflow/.local/lib/python3.7/site-packages/airflow/example_dags/example_trigger_controller_dag.py
[2023-04-02T10:38:23.955+0000] {processor.py:753} INFO - DAG(s) dict_keys(['example_trigger_controller_dag']) retrieved from /home/airflow/.local/lib/python3.7/site-packages/airflow/example_dags/example_trigger_controller_dag.py
[2023-04-02T10:38:23.996+0000] {logging_mixin.py:137} INFO - [2023-04-02T10:38:23.996+0000] {dag.py:2705} INFO - Sync 1 DAGs
[2023-04-02T10:38:24.034+0000] {logging_mixin.py:137} INFO - [2023-04-02T10:38:24.034+0000] {dag.py:3456} INFO - Setting next_dagrun for example_trigger_controller_dag to 2021-01-01T00:00:00+00:00, run_after=2021-01-01T00:00:00+00:00
[2023-04-02T10:38:24.072+0000] {processor.py:175} INFO - Processing /home/airflow/.local/lib/python3.7/site-packages/airflow/example_dags/example_trigger_controller_dag.py took 0.151 seconds
[2023-04-02T10:38:54.551+0000] {processor.py:153} INFO - Started process (PID=2796) to work on /home/airflow/.local/lib/python3.7/site-packages/airflow/example_dags/example_trigger_controller_dag.py
[2023-04-02T10:38:54.553+0000] {processor.py:743} INFO - Processing file /home/airflow/.local/lib/python3.7/site-packages/airflow/example_dags/example_trigger_controller_dag.py for tasks to queue
[2023-04-02T10:38:54.557+0000] {logging_mixin.py:137} INFO - [2023-04-02T10:38:54.556+0000] {dagbag.py:532} INFO - Filling up the DagBag from /home/airflow/.local/lib/python3.7/site-packages/airflow/example_dags/example_trigger_controller_dag.py
[2023-04-02T10:38:54.586+0000] {processor.py:753} INFO - DAG(s) dict_keys(['example_trigger_controller_dag']) retrieved from /home/airflow/.local/lib/python3.7/site-packages/airflow/example_dags/example_trigger_controller_dag.py
[2023-04-02T10:38:54.684+0000] {logging_mixin.py:137} INFO - [2023-04-02T10:38:54.684+0000] {dag.py:2705} INFO - Sync 1 DAGs
[2023-04-02T10:38:54.813+0000] {logging_mixin.py:137} INFO - [2023-04-02T10:38:54.813+0000] {dag.py:3456} INFO - Setting next_dagrun for example_trigger_controller_dag to 2021-01-01T00:00:00+00:00, run_after=2021-01-01T00:00:00+00:00
[2023-04-02T10:38:54.876+0000] {processor.py:175} INFO - Processing /home/airflow/.local/lib/python3.7/site-packages/airflow/example_dags/example_trigger_controller_dag.py took 0.333 seconds
[2023-04-02T10:39:25.759+0000] {processor.py:153} INFO - Started process (PID=3014) to work on /home/airflow/.local/lib/python3.7/site-packages/airflow/example_dags/example_trigger_controller_dag.py
[2023-04-02T10:39:25.761+0000] {processor.py:743} INFO - Processing file /home/airflow/.local/lib/python3.7/site-packages/airflow/example_dags/example_trigger_controller_dag.py for tasks to queue
[2023-04-02T10:39:25.767+0000] {logging_mixin.py:137} INFO - [2023-04-02T10:39:25.766+0000] {dagbag.py:532} INFO - Filling up the DagBag from /home/airflow/.local/lib/python3.7/site-packages/airflow/example_dags/example_trigger_controller_dag.py
[2023-04-02T10:39:25.793+0000] {processor.py:753} INFO - DAG(s) dict_keys(['example_trigger_controller_dag']) retrieved from /home/airflow/.local/lib/python3.7/site-packages/airflow/example_dags/example_trigger_controller_dag.py
[2023-04-02T10:39:25.856+0000] {logging_mixin.py:137} INFO - [2023-04-02T10:39:25.856+0000] {dag.py:2705} INFO - Sync 1 DAGs
[2023-04-02T10:39:25.922+0000] {logging_mixin.py:137} INFO - [2023-04-02T10:39:25.921+0000] {dag.py:3456} INFO - Setting next_dagrun for example_trigger_controller_dag to 2021-01-01T00:00:00+00:00, run_after=2021-01-01T00:00:00+00:00
[2023-04-02T10:39:25.963+0000] {processor.py:175} INFO - Processing /home/airflow/.local/lib/python3.7/site-packages/airflow/example_dags/example_trigger_controller_dag.py took 0.208 seconds
[2023-04-02T10:39:56.118+0000] {processor.py:153} INFO - Started process (PID=3232) to work on /home/airflow/.local/lib/python3.7/site-packages/airflow/example_dags/example_trigger_controller_dag.py
[2023-04-02T10:39:56.119+0000] {processor.py:743} INFO - Processing file /home/airflow/.local/lib/python3.7/site-packages/airflow/example_dags/example_trigger_controller_dag.py for tasks to queue
[2023-04-02T10:39:56.121+0000] {logging_mixin.py:137} INFO - [2023-04-02T10:39:56.121+0000] {dagbag.py:532} INFO - Filling up the DagBag from /home/airflow/.local/lib/python3.7/site-packages/airflow/example_dags/example_trigger_controller_dag.py
[2023-04-02T10:39:56.153+0000] {processor.py:753} INFO - DAG(s) dict_keys(['example_trigger_controller_dag']) retrieved from /home/airflow/.local/lib/python3.7/site-packages/airflow/example_dags/example_trigger_controller_dag.py
[2023-04-02T10:39:56.199+0000] {logging_mixin.py:137} INFO - [2023-04-02T10:39:56.199+0000] {dag.py:2705} INFO - Sync 1 DAGs
[2023-04-02T10:39:56.250+0000] {logging_mixin.py:137} INFO - [2023-04-02T10:39:56.249+0000] {dag.py:3456} INFO - Setting next_dagrun for example_trigger_controller_dag to 2021-01-01T00:00:00+00:00, run_after=2021-01-01T00:00:00+00:00
[2023-04-02T10:39:56.286+0000] {processor.py:175} INFO - Processing /home/airflow/.local/lib/python3.7/site-packages/airflow/example_dags/example_trigger_controller_dag.py took 0.173 seconds
[2023-04-02T10:40:27.043+0000] {processor.py:153} INFO - Started process (PID=3452) to work on /home/airflow/.local/lib/python3.7/site-packages/airflow/example_dags/example_trigger_controller_dag.py
[2023-04-02T10:40:27.044+0000] {processor.py:743} INFO - Processing file /home/airflow/.local/lib/python3.7/site-packages/airflow/example_dags/example_trigger_controller_dag.py for tasks to queue
[2023-04-02T10:40:27.047+0000] {logging_mixin.py:137} INFO - [2023-04-02T10:40:27.046+0000] {dagbag.py:532} INFO - Filling up the DagBag from /home/airflow/.local/lib/python3.7/site-packages/airflow/example_dags/example_trigger_controller_dag.py
[2023-04-02T10:40:27.065+0000] {processor.py:753} INFO - DAG(s) dict_keys(['example_trigger_controller_dag']) retrieved from /home/airflow/.local/lib/python3.7/site-packages/airflow/example_dags/example_trigger_controller_dag.py
[2023-04-02T10:40:27.102+0000] {logging_mixin.py:137} INFO - [2023-04-02T10:40:27.102+0000] {dag.py:2705} INFO - Sync 1 DAGs
[2023-04-02T10:40:27.139+0000] {logging_mixin.py:137} INFO - [2023-04-02T10:40:27.139+0000] {dag.py:3456} INFO - Setting next_dagrun for example_trigger_controller_dag to 2021-01-01T00:00:00+00:00, run_after=2021-01-01T00:00:00+00:00
[2023-04-02T10:40:27.184+0000] {processor.py:175} INFO - Processing /home/airflow/.local/lib/python3.7/site-packages/airflow/example_dags/example_trigger_controller_dag.py took 0.147 seconds
[2023-04-02T10:40:57.502+0000] {processor.py:153} INFO - Started process (PID=3668) to work on /home/airflow/.local/lib/python3.7/site-packages/airflow/example_dags/example_trigger_controller_dag.py
[2023-04-02T10:40:57.507+0000] {processor.py:743} INFO - Processing file /home/airflow/.local/lib/python3.7/site-packages/airflow/example_dags/example_trigger_controller_dag.py for tasks to queue
[2023-04-02T10:40:57.514+0000] {logging_mixin.py:137} INFO - [2023-04-02T10:40:57.512+0000] {dagbag.py:532} INFO - Filling up the DagBag from /home/airflow/.local/lib/python3.7/site-packages/airflow/example_dags/example_trigger_controller_dag.py
[2023-04-02T10:40:57.539+0000] {processor.py:753} INFO - DAG(s) dict_keys(['example_trigger_controller_dag']) retrieved from /home/airflow/.local/lib/python3.7/site-packages/airflow/example_dags/example_trigger_controller_dag.py
[2023-04-02T10:40:57.581+0000] {logging_mixin.py:137} INFO - [2023-04-02T10:40:57.581+0000] {dag.py:2705} INFO - Sync 1 DAGs
[2023-04-02T10:40:57.628+0000] {logging_mixin.py:137} INFO - [2023-04-02T10:40:57.628+0000] {dag.py:3456} INFO - Setting next_dagrun for example_trigger_controller_dag to 2021-01-01T00:00:00+00:00, run_after=2021-01-01T00:00:00+00:00
[2023-04-02T10:40:57.669+0000] {processor.py:175} INFO - Processing /home/airflow/.local/lib/python3.7/site-packages/airflow/example_dags/example_trigger_controller_dag.py took 0.186 seconds
[2023-04-02T10:41:27.901+0000] {processor.py:153} INFO - Started process (PID=3888) to work on /home/airflow/.local/lib/python3.7/site-packages/airflow/example_dags/example_trigger_controller_dag.py
[2023-04-02T10:41:27.903+0000] {processor.py:743} INFO - Processing file /home/airflow/.local/lib/python3.7/site-packages/airflow/example_dags/example_trigger_controller_dag.py for tasks to queue
[2023-04-02T10:41:27.904+0000] {logging_mixin.py:137} INFO - [2023-04-02T10:41:27.904+0000] {dagbag.py:532} INFO - Filling up the DagBag from /home/airflow/.local/lib/python3.7/site-packages/airflow/example_dags/example_trigger_controller_dag.py
[2023-04-02T10:41:27.935+0000] {processor.py:753} INFO - DAG(s) dict_keys(['example_trigger_controller_dag']) retrieved from /home/airflow/.local/lib/python3.7/site-packages/airflow/example_dags/example_trigger_controller_dag.py
[2023-04-02T10:41:28.017+0000] {logging_mixin.py:137} INFO - [2023-04-02T10:41:28.017+0000] {dag.py:2705} INFO - Sync 1 DAGs
[2023-04-02T10:41:28.070+0000] {logging_mixin.py:137} INFO - [2023-04-02T10:41:28.070+0000] {dag.py:3456} INFO - Setting next_dagrun for example_trigger_controller_dag to 2021-01-01T00:00:00+00:00, run_after=2021-01-01T00:00:00+00:00
[2023-04-02T10:41:28.113+0000] {processor.py:175} INFO - Processing /home/airflow/.local/lib/python3.7/site-packages/airflow/example_dags/example_trigger_controller_dag.py took 0.218 seconds
[2023-04-02T10:41:58.537+0000] {processor.py:153} INFO - Started process (PID=4104) to work on /home/airflow/.local/lib/python3.7/site-packages/airflow/example_dags/example_trigger_controller_dag.py
[2023-04-02T10:41:58.567+0000] {processor.py:743} INFO - Processing file /home/airflow/.local/lib/python3.7/site-packages/airflow/example_dags/example_trigger_controller_dag.py for tasks to queue
[2023-04-02T10:41:58.585+0000] {logging_mixin.py:137} INFO - [2023-04-02T10:41:58.574+0000] {dagbag.py:532} INFO - Filling up the DagBag from /home/airflow/.local/lib/python3.7/site-packages/airflow/example_dags/example_trigger_controller_dag.py
[2023-04-02T10:41:58.634+0000] {processor.py:753} INFO - DAG(s) dict_keys(['example_trigger_controller_dag']) retrieved from /home/airflow/.local/lib/python3.7/site-packages/airflow/example_dags/example_trigger_controller_dag.py
[2023-04-02T10:41:58.694+0000] {logging_mixin.py:137} INFO - [2023-04-02T10:41:58.694+0000] {dag.py:2705} INFO - Sync 1 DAGs
[2023-04-02T10:41:58.785+0000] {logging_mixin.py:137} INFO - [2023-04-02T10:41:58.784+0000] {dag.py:3456} INFO - Setting next_dagrun for example_trigger_controller_dag to 2021-01-01T00:00:00+00:00, run_after=2021-01-01T00:00:00+00:00
[2023-04-02T10:41:58.886+0000] {processor.py:175} INFO - Processing /home/airflow/.local/lib/python3.7/site-packages/airflow/example_dags/example_trigger_controller_dag.py took 0.363 seconds
[2023-04-02T10:42:29.795+0000] {processor.py:153} INFO - Started process (PID=4325) to work on /home/airflow/.local/lib/python3.7/site-packages/airflow/example_dags/example_trigger_controller_dag.py
[2023-04-02T10:42:29.798+0000] {processor.py:743} INFO - Processing file /home/airflow/.local/lib/python3.7/site-packages/airflow/example_dags/example_trigger_controller_dag.py for tasks to queue
[2023-04-02T10:42:29.801+0000] {logging_mixin.py:137} INFO - [2023-04-02T10:42:29.801+0000] {dagbag.py:532} INFO - Filling up the DagBag from /home/airflow/.local/lib/python3.7/site-packages/airflow/example_dags/example_trigger_controller_dag.py
[2023-04-02T10:42:29.831+0000] {processor.py:753} INFO - DAG(s) dict_keys(['example_trigger_controller_dag']) retrieved from /home/airflow/.local/lib/python3.7/site-packages/airflow/example_dags/example_trigger_controller_dag.py
[2023-04-02T10:42:29.895+0000] {logging_mixin.py:137} INFO - [2023-04-02T10:42:29.895+0000] {dag.py:2705} INFO - Sync 1 DAGs
[2023-04-02T10:42:29.967+0000] {logging_mixin.py:137} INFO - [2023-04-02T10:42:29.966+0000] {dag.py:3456} INFO - Setting next_dagrun for example_trigger_controller_dag to 2021-01-01T00:00:00+00:00, run_after=2021-01-01T00:00:00+00:00
[2023-04-02T10:42:30.026+0000] {processor.py:175} INFO - Processing /home/airflow/.local/lib/python3.7/site-packages/airflow/example_dags/example_trigger_controller_dag.py took 0.237 seconds
[2023-04-02T10:43:00.203+0000] {processor.py:153} INFO - Started process (PID=4543) to work on /home/airflow/.local/lib/python3.7/site-packages/airflow/example_dags/example_trigger_controller_dag.py
[2023-04-02T10:43:00.206+0000] {processor.py:743} INFO - Processing file /home/airflow/.local/lib/python3.7/site-packages/airflow/example_dags/example_trigger_controller_dag.py for tasks to queue
[2023-04-02T10:43:00.209+0000] {logging_mixin.py:137} INFO - [2023-04-02T10:43:00.208+0000] {dagbag.py:532} INFO - Filling up the DagBag from /home/airflow/.local/lib/python3.7/site-packages/airflow/example_dags/example_trigger_controller_dag.py
[2023-04-02T10:43:00.226+0000] {processor.py:753} INFO - DAG(s) dict_keys(['example_trigger_controller_dag']) retrieved from /home/airflow/.local/lib/python3.7/site-packages/airflow/example_dags/example_trigger_controller_dag.py
[2023-04-02T10:43:00.264+0000] {logging_mixin.py:137} INFO - [2023-04-02T10:43:00.264+0000] {dag.py:2705} INFO - Sync 1 DAGs
[2023-04-02T10:43:00.304+0000] {logging_mixin.py:137} INFO - [2023-04-02T10:43:00.304+0000] {dag.py:3456} INFO - Setting next_dagrun for example_trigger_controller_dag to 2021-01-01T00:00:00+00:00, run_after=2021-01-01T00:00:00+00:00
[2023-04-02T10:43:00.338+0000] {processor.py:175} INFO - Processing /home/airflow/.local/lib/python3.7/site-packages/airflow/example_dags/example_trigger_controller_dag.py took 0.142 seconds
[2023-04-02T10:43:30.777+0000] {processor.py:153} INFO - Started process (PID=4759) to work on /home/airflow/.local/lib/python3.7/site-packages/airflow/example_dags/example_trigger_controller_dag.py
[2023-04-02T10:43:30.780+0000] {processor.py:743} INFO - Processing file /home/airflow/.local/lib/python3.7/site-packages/airflow/example_dags/example_trigger_controller_dag.py for tasks to queue
[2023-04-02T10:43:30.782+0000] {logging_mixin.py:137} INFO - [2023-04-02T10:43:30.782+0000] {dagbag.py:532} INFO - Filling up the DagBag from /home/airflow/.local/lib/python3.7/site-packages/airflow/example_dags/example_trigger_controller_dag.py
[2023-04-02T10:43:30.804+0000] {processor.py:753} INFO - DAG(s) dict_keys(['example_trigger_controller_dag']) retrieved from /home/airflow/.local/lib/python3.7/site-packages/airflow/example_dags/example_trigger_controller_dag.py
[2023-04-02T10:43:30.856+0000] {logging_mixin.py:137} INFO - [2023-04-02T10:43:30.856+0000] {dag.py:2705} INFO - Sync 1 DAGs
[2023-04-02T10:43:30.924+0000] {logging_mixin.py:137} INFO - [2023-04-02T10:43:30.923+0000] {dag.py:3456} INFO - Setting next_dagrun for example_trigger_controller_dag to 2021-01-01T00:00:00+00:00, run_after=2021-01-01T00:00:00+00:00
[2023-04-02T10:43:30.958+0000] {processor.py:175} INFO - Processing /home/airflow/.local/lib/python3.7/site-packages/airflow/example_dags/example_trigger_controller_dag.py took 0.186 seconds
[2023-04-02T10:44:01.671+0000] {processor.py:153} INFO - Started process (PID=4977) to work on /home/airflow/.local/lib/python3.7/site-packages/airflow/example_dags/example_trigger_controller_dag.py
[2023-04-02T10:44:01.673+0000] {processor.py:743} INFO - Processing file /home/airflow/.local/lib/python3.7/site-packages/airflow/example_dags/example_trigger_controller_dag.py for tasks to queue
[2023-04-02T10:44:01.675+0000] {logging_mixin.py:137} INFO - [2023-04-02T10:44:01.675+0000] {dagbag.py:532} INFO - Filling up the DagBag from /home/airflow/.local/lib/python3.7/site-packages/airflow/example_dags/example_trigger_controller_dag.py
[2023-04-02T10:44:01.694+0000] {processor.py:753} INFO - DAG(s) dict_keys(['example_trigger_controller_dag']) retrieved from /home/airflow/.local/lib/python3.7/site-packages/airflow/example_dags/example_trigger_controller_dag.py
[2023-04-02T10:44:01.765+0000] {logging_mixin.py:137} INFO - [2023-04-02T10:44:01.765+0000] {dag.py:2705} INFO - Sync 1 DAGs
[2023-04-02T10:44:01.811+0000] {logging_mixin.py:137} INFO - [2023-04-02T10:44:01.811+0000] {dag.py:3456} INFO - Setting next_dagrun for example_trigger_controller_dag to 2021-01-01T00:00:00+00:00, run_after=2021-01-01T00:00:00+00:00
[2023-04-02T10:44:01.842+0000] {processor.py:175} INFO - Processing /home/airflow/.local/lib/python3.7/site-packages/airflow/example_dags/example_trigger_controller_dag.py took 0.175 seconds
[2023-04-02T10:44:32.278+0000] {processor.py:153} INFO - Started process (PID=5195) to work on /home/airflow/.local/lib/python3.7/site-packages/airflow/example_dags/example_trigger_controller_dag.py
[2023-04-02T10:44:32.281+0000] {processor.py:743} INFO - Processing file /home/airflow/.local/lib/python3.7/site-packages/airflow/example_dags/example_trigger_controller_dag.py for tasks to queue
[2023-04-02T10:44:32.284+0000] {logging_mixin.py:137} INFO - [2023-04-02T10:44:32.283+0000] {dagbag.py:532} INFO - Filling up the DagBag from /home/airflow/.local/lib/python3.7/site-packages/airflow/example_dags/example_trigger_controller_dag.py
[2023-04-02T10:44:32.301+0000] {processor.py:753} INFO - DAG(s) dict_keys(['example_trigger_controller_dag']) retrieved from /home/airflow/.local/lib/python3.7/site-packages/airflow/example_dags/example_trigger_controller_dag.py
[2023-04-02T10:44:32.341+0000] {logging_mixin.py:137} INFO - [2023-04-02T10:44:32.341+0000] {dag.py:2705} INFO - Sync 1 DAGs
[2023-04-02T10:44:32.385+0000] {logging_mixin.py:137} INFO - [2023-04-02T10:44:32.385+0000] {dag.py:3456} INFO - Setting next_dagrun for example_trigger_controller_dag to 2021-01-01T00:00:00+00:00, run_after=2021-01-01T00:00:00+00:00
[2023-04-02T10:44:32.420+0000] {processor.py:175} INFO - Processing /home/airflow/.local/lib/python3.7/site-packages/airflow/example_dags/example_trigger_controller_dag.py took 0.146 seconds
[2023-04-02T10:45:02.721+0000] {processor.py:153} INFO - Started process (PID=5413) to work on /home/airflow/.local/lib/python3.7/site-packages/airflow/example_dags/example_trigger_controller_dag.py
[2023-04-02T10:45:02.723+0000] {processor.py:743} INFO - Processing file /home/airflow/.local/lib/python3.7/site-packages/airflow/example_dags/example_trigger_controller_dag.py for tasks to queue
[2023-04-02T10:45:02.727+0000] {logging_mixin.py:137} INFO - [2023-04-02T10:45:02.726+0000] {dagbag.py:532} INFO - Filling up the DagBag from /home/airflow/.local/lib/python3.7/site-packages/airflow/example_dags/example_trigger_controller_dag.py
[2023-04-02T10:45:02.746+0000] {processor.py:753} INFO - DAG(s) dict_keys(['example_trigger_controller_dag']) retrieved from /home/airflow/.local/lib/python3.7/site-packages/airflow/example_dags/example_trigger_controller_dag.py
[2023-04-02T10:45:02.794+0000] {logging_mixin.py:137} INFO - [2023-04-02T10:45:02.793+0000] {dag.py:2705} INFO - Sync 1 DAGs
[2023-04-02T10:45:02.840+0000] {logging_mixin.py:137} INFO - [2023-04-02T10:45:02.840+0000] {dag.py:3456} INFO - Setting next_dagrun for example_trigger_controller_dag to 2021-01-01T00:00:00+00:00, run_after=2021-01-01T00:00:00+00:00
[2023-04-02T10:45:02.883+0000] {processor.py:175} INFO - Processing /home/airflow/.local/lib/python3.7/site-packages/airflow/example_dags/example_trigger_controller_dag.py took 0.167 seconds
[2023-04-02T10:45:33.954+0000] {processor.py:153} INFO - Started process (PID=5631) to work on /home/airflow/.local/lib/python3.7/site-packages/airflow/example_dags/example_trigger_controller_dag.py
[2023-04-02T10:45:33.973+0000] {processor.py:743} INFO - Processing file /home/airflow/.local/lib/python3.7/site-packages/airflow/example_dags/example_trigger_controller_dag.py for tasks to queue
[2023-04-02T10:45:33.979+0000] {logging_mixin.py:137} INFO - [2023-04-02T10:45:33.978+0000] {dagbag.py:532} INFO - Filling up the DagBag from /home/airflow/.local/lib/python3.7/site-packages/airflow/example_dags/example_trigger_controller_dag.py
[2023-04-02T10:45:34.021+0000] {processor.py:753} INFO - DAG(s) dict_keys(['example_trigger_controller_dag']) retrieved from /home/airflow/.local/lib/python3.7/site-packages/airflow/example_dags/example_trigger_controller_dag.py
[2023-04-02T10:45:34.189+0000] {logging_mixin.py:137} INFO - [2023-04-02T10:45:34.189+0000] {dag.py:2705} INFO - Sync 1 DAGs
[2023-04-02T10:45:34.342+0000] {logging_mixin.py:137} INFO - [2023-04-02T10:45:34.342+0000] {dag.py:3456} INFO - Setting next_dagrun for example_trigger_controller_dag to 2021-01-01T00:00:00+00:00, run_after=2021-01-01T00:00:00+00:00
[2023-04-02T10:45:34.411+0000] {processor.py:175} INFO - Processing /home/airflow/.local/lib/python3.7/site-packages/airflow/example_dags/example_trigger_controller_dag.py took 0.463 seconds
[2023-04-02T10:46:05.285+0000] {processor.py:153} INFO - Started process (PID=5849) to work on /home/airflow/.local/lib/python3.7/site-packages/airflow/example_dags/example_trigger_controller_dag.py
[2023-04-02T10:46:05.292+0000] {processor.py:743} INFO - Processing file /home/airflow/.local/lib/python3.7/site-packages/airflow/example_dags/example_trigger_controller_dag.py for tasks to queue
[2023-04-02T10:46:05.295+0000] {logging_mixin.py:137} INFO - [2023-04-02T10:46:05.294+0000] {dagbag.py:532} INFO - Filling up the DagBag from /home/airflow/.local/lib/python3.7/site-packages/airflow/example_dags/example_trigger_controller_dag.py
[2023-04-02T10:46:05.313+0000] {processor.py:753} INFO - DAG(s) dict_keys(['example_trigger_controller_dag']) retrieved from /home/airflow/.local/lib/python3.7/site-packages/airflow/example_dags/example_trigger_controller_dag.py
[2023-04-02T10:46:05.373+0000] {logging_mixin.py:137} INFO - [2023-04-02T10:46:05.372+0000] {dag.py:2705} INFO - Sync 1 DAGs
[2023-04-02T10:46:05.428+0000] {logging_mixin.py:137} INFO - [2023-04-02T10:46:05.427+0000] {dag.py:3456} INFO - Setting next_dagrun for example_trigger_controller_dag to 2021-01-01T00:00:00+00:00, run_after=2021-01-01T00:00:00+00:00
[2023-04-02T10:46:05.470+0000] {processor.py:175} INFO - Processing /home/airflow/.local/lib/python3.7/site-packages/airflow/example_dags/example_trigger_controller_dag.py took 0.193 seconds
[2023-04-02T10:46:36.170+0000] {processor.py:153} INFO - Started process (PID=6067) to work on /home/airflow/.local/lib/python3.7/site-packages/airflow/example_dags/example_trigger_controller_dag.py
[2023-04-02T10:46:36.174+0000] {processor.py:743} INFO - Processing file /home/airflow/.local/lib/python3.7/site-packages/airflow/example_dags/example_trigger_controller_dag.py for tasks to queue
[2023-04-02T10:46:36.177+0000] {logging_mixin.py:137} INFO - [2023-04-02T10:46:36.176+0000] {dagbag.py:532} INFO - Filling up the DagBag from /home/airflow/.local/lib/python3.7/site-packages/airflow/example_dags/example_trigger_controller_dag.py
[2023-04-02T10:46:36.198+0000] {processor.py:753} INFO - DAG(s) dict_keys(['example_trigger_controller_dag']) retrieved from /home/airflow/.local/lib/python3.7/site-packages/airflow/example_dags/example_trigger_controller_dag.py
[2023-04-02T10:46:36.254+0000] {logging_mixin.py:137} INFO - [2023-04-02T10:46:36.253+0000] {dag.py:2705} INFO - Sync 1 DAGs
[2023-04-02T10:46:36.310+0000] {logging_mixin.py:137} INFO - [2023-04-02T10:46:36.310+0000] {dag.py:3456} INFO - Setting next_dagrun for example_trigger_controller_dag to 2021-01-01T00:00:00+00:00, run_after=2021-01-01T00:00:00+00:00
[2023-04-02T10:46:36.369+0000] {processor.py:175} INFO - Processing /home/airflow/.local/lib/python3.7/site-packages/airflow/example_dags/example_trigger_controller_dag.py took 0.204 seconds
[2023-04-02T10:47:06.685+0000] {processor.py:153} INFO - Started process (PID=6286) to work on /home/airflow/.local/lib/python3.7/site-packages/airflow/example_dags/example_trigger_controller_dag.py
[2023-04-02T10:47:06.686+0000] {processor.py:743} INFO - Processing file /home/airflow/.local/lib/python3.7/site-packages/airflow/example_dags/example_trigger_controller_dag.py for tasks to queue
[2023-04-02T10:47:06.690+0000] {logging_mixin.py:137} INFO - [2023-04-02T10:47:06.689+0000] {dagbag.py:532} INFO - Filling up the DagBag from /home/airflow/.local/lib/python3.7/site-packages/airflow/example_dags/example_trigger_controller_dag.py
[2023-04-02T10:47:06.712+0000] {processor.py:753} INFO - DAG(s) dict_keys(['example_trigger_controller_dag']) retrieved from /home/airflow/.local/lib/python3.7/site-packages/airflow/example_dags/example_trigger_controller_dag.py
[2023-04-02T10:47:06.764+0000] {logging_mixin.py:137} INFO - [2023-04-02T10:47:06.764+0000] {dag.py:2705} INFO - Sync 1 DAGs
[2023-04-02T10:47:06.821+0000] {logging_mixin.py:137} INFO - [2023-04-02T10:47:06.820+0000] {dag.py:3456} INFO - Setting next_dagrun for example_trigger_controller_dag to 2021-01-01T00:00:00+00:00, run_after=2021-01-01T00:00:00+00:00
[2023-04-02T10:47:06.884+0000] {processor.py:175} INFO - Processing /home/airflow/.local/lib/python3.7/site-packages/airflow/example_dags/example_trigger_controller_dag.py took 0.208 seconds
[2023-04-02T10:47:37.149+0000] {processor.py:153} INFO - Started process (PID=6504) to work on /home/airflow/.local/lib/python3.7/site-packages/airflow/example_dags/example_trigger_controller_dag.py
[2023-04-02T10:47:37.151+0000] {processor.py:743} INFO - Processing file /home/airflow/.local/lib/python3.7/site-packages/airflow/example_dags/example_trigger_controller_dag.py for tasks to queue
[2023-04-02T10:47:37.154+0000] {logging_mixin.py:137} INFO - [2023-04-02T10:47:37.154+0000] {dagbag.py:532} INFO - Filling up the DagBag from /home/airflow/.local/lib/python3.7/site-packages/airflow/example_dags/example_trigger_controller_dag.py
[2023-04-02T10:47:37.176+0000] {processor.py:753} INFO - DAG(s) dict_keys(['example_trigger_controller_dag']) retrieved from /home/airflow/.local/lib/python3.7/site-packages/airflow/example_dags/example_trigger_controller_dag.py
[2023-04-02T10:47:37.237+0000] {logging_mixin.py:137} INFO - [2023-04-02T10:47:37.237+0000] {dag.py:2705} INFO - Sync 1 DAGs
[2023-04-02T10:47:37.291+0000] {logging_mixin.py:137} INFO - [2023-04-02T10:47:37.291+0000] {dag.py:3456} INFO - Setting next_dagrun for example_trigger_controller_dag to 2021-01-01T00:00:00+00:00, run_after=2021-01-01T00:00:00+00:00
[2023-04-02T10:47:37.336+0000] {processor.py:175} INFO - Processing /home/airflow/.local/lib/python3.7/site-packages/airflow/example_dags/example_trigger_controller_dag.py took 0.196 seconds
[2023-04-02T10:48:07.593+0000] {processor.py:153} INFO - Started process (PID=6721) to work on /home/airflow/.local/lib/python3.7/site-packages/airflow/example_dags/example_trigger_controller_dag.py
[2023-04-02T10:48:07.604+0000] {processor.py:743} INFO - Processing file /home/airflow/.local/lib/python3.7/site-packages/airflow/example_dags/example_trigger_controller_dag.py for tasks to queue
[2023-04-02T10:48:07.610+0000] {logging_mixin.py:137} INFO - [2023-04-02T10:48:07.610+0000] {dagbag.py:532} INFO - Filling up the DagBag from /home/airflow/.local/lib/python3.7/site-packages/airflow/example_dags/example_trigger_controller_dag.py
[2023-04-02T10:48:07.662+0000] {processor.py:753} INFO - DAG(s) dict_keys(['example_trigger_controller_dag']) retrieved from /home/airflow/.local/lib/python3.7/site-packages/airflow/example_dags/example_trigger_controller_dag.py
[2023-04-02T10:48:07.748+0000] {logging_mixin.py:137} INFO - [2023-04-02T10:48:07.748+0000] {dag.py:2705} INFO - Sync 1 DAGs
[2023-04-02T10:48:07.797+0000] {logging_mixin.py:137} INFO - [2023-04-02T10:48:07.797+0000] {dag.py:3456} INFO - Setting next_dagrun for example_trigger_controller_dag to 2021-01-01T00:00:00+00:00, run_after=2021-01-01T00:00:00+00:00
[2023-04-02T10:48:07.870+0000] {processor.py:175} INFO - Processing /home/airflow/.local/lib/python3.7/site-packages/airflow/example_dags/example_trigger_controller_dag.py took 0.284 seconds
[2023-04-02T10:48:37.962+0000] {processor.py:153} INFO - Started process (PID=6947) to work on /home/airflow/.local/lib/python3.7/site-packages/airflow/example_dags/example_trigger_controller_dag.py
[2023-04-02T10:48:37.965+0000] {processor.py:743} INFO - Processing file /home/airflow/.local/lib/python3.7/site-packages/airflow/example_dags/example_trigger_controller_dag.py for tasks to queue
[2023-04-02T10:48:37.968+0000] {logging_mixin.py:137} INFO - [2023-04-02T10:48:37.967+0000] {dagbag.py:532} INFO - Filling up the DagBag from /home/airflow/.local/lib/python3.7/site-packages/airflow/example_dags/example_trigger_controller_dag.py
[2023-04-02T10:48:37.993+0000] {processor.py:753} INFO - DAG(s) dict_keys(['example_trigger_controller_dag']) retrieved from /home/airflow/.local/lib/python3.7/site-packages/airflow/example_dags/example_trigger_controller_dag.py
[2023-04-02T10:48:38.037+0000] {logging_mixin.py:137} INFO - [2023-04-02T10:48:38.037+0000] {dag.py:2705} INFO - Sync 1 DAGs
[2023-04-02T10:48:38.075+0000] {logging_mixin.py:137} INFO - [2023-04-02T10:48:38.075+0000] {dag.py:3456} INFO - Setting next_dagrun for example_trigger_controller_dag to 2021-01-01T00:00:00+00:00, run_after=2021-01-01T00:00:00+00:00
[2023-04-02T10:48:38.126+0000] {processor.py:175} INFO - Processing /home/airflow/.local/lib/python3.7/site-packages/airflow/example_dags/example_trigger_controller_dag.py took 0.171 seconds
[2023-04-02T10:49:08.434+0000] {processor.py:153} INFO - Started process (PID=7165) to work on /home/airflow/.local/lib/python3.7/site-packages/airflow/example_dags/example_trigger_controller_dag.py
[2023-04-02T10:49:08.438+0000] {processor.py:743} INFO - Processing file /home/airflow/.local/lib/python3.7/site-packages/airflow/example_dags/example_trigger_controller_dag.py for tasks to queue
[2023-04-02T10:49:08.440+0000] {logging_mixin.py:137} INFO - [2023-04-02T10:49:08.440+0000] {dagbag.py:532} INFO - Filling up the DagBag from /home/airflow/.local/lib/python3.7/site-packages/airflow/example_dags/example_trigger_controller_dag.py
[2023-04-02T10:49:08.464+0000] {processor.py:753} INFO - DAG(s) dict_keys(['example_trigger_controller_dag']) retrieved from /home/airflow/.local/lib/python3.7/site-packages/airflow/example_dags/example_trigger_controller_dag.py
[2023-04-02T10:49:08.525+0000] {logging_mixin.py:137} INFO - [2023-04-02T10:49:08.525+0000] {dag.py:2705} INFO - Sync 1 DAGs
[2023-04-02T10:49:08.564+0000] {logging_mixin.py:137} INFO - [2023-04-02T10:49:08.563+0000] {dag.py:3456} INFO - Setting next_dagrun for example_trigger_controller_dag to 2021-01-01T00:00:00+00:00, run_after=2021-01-01T00:00:00+00:00
[2023-04-02T10:49:08.599+0000] {processor.py:175} INFO - Processing /home/airflow/.local/lib/python3.7/site-packages/airflow/example_dags/example_trigger_controller_dag.py took 0.174 seconds
[2023-04-02T10:49:39.583+0000] {processor.py:153} INFO - Started process (PID=7383) to work on /home/airflow/.local/lib/python3.7/site-packages/airflow/example_dags/example_trigger_controller_dag.py
[2023-04-02T10:49:39.587+0000] {processor.py:743} INFO - Processing file /home/airflow/.local/lib/python3.7/site-packages/airflow/example_dags/example_trigger_controller_dag.py for tasks to queue
[2023-04-02T10:49:39.591+0000] {logging_mixin.py:137} INFO - [2023-04-02T10:49:39.590+0000] {dagbag.py:532} INFO - Filling up the DagBag from /home/airflow/.local/lib/python3.7/site-packages/airflow/example_dags/example_trigger_controller_dag.py
[2023-04-02T10:49:39.615+0000] {processor.py:753} INFO - DAG(s) dict_keys(['example_trigger_controller_dag']) retrieved from /home/airflow/.local/lib/python3.7/site-packages/airflow/example_dags/example_trigger_controller_dag.py
[2023-04-02T10:49:39.667+0000] {logging_mixin.py:137} INFO - [2023-04-02T10:49:39.667+0000] {dag.py:2705} INFO - Sync 1 DAGs
[2023-04-02T10:49:39.720+0000] {logging_mixin.py:137} INFO - [2023-04-02T10:49:39.720+0000] {dag.py:3456} INFO - Setting next_dagrun for example_trigger_controller_dag to 2021-01-01T00:00:00+00:00, run_after=2021-01-01T00:00:00+00:00
[2023-04-02T10:49:39.766+0000] {processor.py:175} INFO - Processing /home/airflow/.local/lib/python3.7/site-packages/airflow/example_dags/example_trigger_controller_dag.py took 0.196 seconds
[2023-04-02T10:50:10.112+0000] {processor.py:153} INFO - Started process (PID=7601) to work on /home/airflow/.local/lib/python3.7/site-packages/airflow/example_dags/example_trigger_controller_dag.py
[2023-04-02T10:50:10.114+0000] {processor.py:743} INFO - Processing file /home/airflow/.local/lib/python3.7/site-packages/airflow/example_dags/example_trigger_controller_dag.py for tasks to queue
[2023-04-02T10:50:10.117+0000] {logging_mixin.py:137} INFO - [2023-04-02T10:50:10.117+0000] {dagbag.py:532} INFO - Filling up the DagBag from /home/airflow/.local/lib/python3.7/site-packages/airflow/example_dags/example_trigger_controller_dag.py
[2023-04-02T10:50:10.132+0000] {processor.py:753} INFO - DAG(s) dict_keys(['example_trigger_controller_dag']) retrieved from /home/airflow/.local/lib/python3.7/site-packages/airflow/example_dags/example_trigger_controller_dag.py
[2023-04-02T10:50:10.188+0000] {logging_mixin.py:137} INFO - [2023-04-02T10:50:10.188+0000] {dag.py:2705} INFO - Sync 1 DAGs
[2023-04-02T10:50:10.241+0000] {logging_mixin.py:137} INFO - [2023-04-02T10:50:10.239+0000] {dag.py:3456} INFO - Setting next_dagrun for example_trigger_controller_dag to 2021-01-01T00:00:00+00:00, run_after=2021-01-01T00:00:00+00:00
[2023-04-02T10:50:10.295+0000] {processor.py:175} INFO - Processing /home/airflow/.local/lib/python3.7/site-packages/airflow/example_dags/example_trigger_controller_dag.py took 0.190 seconds
