[2023-04-02T10:32:45.966+0000] {processor.py:153} INFO - Started process (PID=213) to work on /home/airflow/.local/lib/python3.7/site-packages/airflow/example_dags/example_params_ui_tutorial.py
[2023-04-02T10:32:45.969+0000] {processor.py:743} INFO - Processing file /home/airflow/.local/lib/python3.7/site-packages/airflow/example_dags/example_params_ui_tutorial.py for tasks to queue
[2023-04-02T10:32:45.971+0000] {logging_mixin.py:137} INFO - [2023-04-02T10:32:45.970+0000] {dagbag.py:532} INFO - Filling up the DagBag from /home/airflow/.local/lib/python3.7/site-packages/airflow/example_dags/example_params_ui_tutorial.py
[2023-04-02T10:32:46.071+0000] {processor.py:753} INFO - DAG(s) dict_keys(['example_params_ui_tutorial']) retrieved from /home/airflow/.local/lib/python3.7/site-packages/airflow/example_dags/example_params_ui_tutorial.py
[2023-04-02T10:32:46.093+0000] {logging_mixin.py:137} INFO - [2023-04-02T10:32:46.093+0000] {dag.py:2705} INFO - Sync 1 DAGs
[2023-04-02T10:32:46.162+0000] {logging_mixin.py:137} INFO - [2023-04-02T10:32:46.162+0000] {dag.py:3456} INFO - Setting next_dagrun for example_params_ui_tutorial to None, run_after=None
[2023-04-02T10:32:46.216+0000] {processor.py:175} INFO - Processing /home/airflow/.local/lib/python3.7/site-packages/airflow/example_dags/example_params_ui_tutorial.py took 0.255 seconds
[2023-04-02T10:33:19.165+0000] {processor.py:153} INFO - Started process (PID=433) to work on /home/airflow/.local/lib/python3.7/site-packages/airflow/example_dags/example_params_ui_tutorial.py
[2023-04-02T10:33:19.167+0000] {processor.py:743} INFO - Processing file /home/airflow/.local/lib/python3.7/site-packages/airflow/example_dags/example_params_ui_tutorial.py for tasks to queue
[2023-04-02T10:33:19.170+0000] {logging_mixin.py:137} INFO - [2023-04-02T10:33:19.170+0000] {dagbag.py:532} INFO - Filling up the DagBag from /home/airflow/.local/lib/python3.7/site-packages/airflow/example_dags/example_params_ui_tutorial.py
[2023-04-02T10:33:19.432+0000] {processor.py:753} INFO - DAG(s) dict_keys(['example_params_ui_tutorial']) retrieved from /home/airflow/.local/lib/python3.7/site-packages/airflow/example_dags/example_params_ui_tutorial.py
[2023-04-02T10:33:19.473+0000] {logging_mixin.py:137} INFO - [2023-04-02T10:33:19.472+0000] {dag.py:2705} INFO - Sync 1 DAGs
[2023-04-02T10:33:19.537+0000] {logging_mixin.py:137} INFO - [2023-04-02T10:33:19.537+0000] {dag.py:3456} INFO - Setting next_dagrun for example_params_ui_tutorial to None, run_after=None
[2023-04-02T10:33:19.572+0000] {processor.py:175} INFO - Processing /home/airflow/.local/lib/python3.7/site-packages/airflow/example_dags/example_params_ui_tutorial.py took 0.419 seconds
[2023-04-02T10:33:50.360+0000] {processor.py:153} INFO - Started process (PID=650) to work on /home/airflow/.local/lib/python3.7/site-packages/airflow/example_dags/example_params_ui_tutorial.py
[2023-04-02T10:33:50.371+0000] {processor.py:743} INFO - Processing file /home/airflow/.local/lib/python3.7/site-packages/airflow/example_dags/example_params_ui_tutorial.py for tasks to queue
[2023-04-02T10:33:50.376+0000] {logging_mixin.py:137} INFO - [2023-04-02T10:33:50.374+0000] {dagbag.py:532} INFO - Filling up the DagBag from /home/airflow/.local/lib/python3.7/site-packages/airflow/example_dags/example_params_ui_tutorial.py
[2023-04-02T10:33:50.750+0000] {processor.py:753} INFO - DAG(s) dict_keys(['example_params_ui_tutorial']) retrieved from /home/airflow/.local/lib/python3.7/site-packages/airflow/example_dags/example_params_ui_tutorial.py
[2023-04-02T10:33:51.053+0000] {logging_mixin.py:137} INFO - [2023-04-02T10:33:51.053+0000] {dag.py:2705} INFO - Sync 1 DAGs
[2023-04-02T10:33:51.161+0000] {logging_mixin.py:137} INFO - [2023-04-02T10:33:51.160+0000] {dag.py:3456} INFO - Setting next_dagrun for example_params_ui_tutorial to None, run_after=None
[2023-04-02T10:33:51.210+0000] {processor.py:175} INFO - Processing /home/airflow/.local/lib/python3.7/site-packages/airflow/example_dags/example_params_ui_tutorial.py took 0.858 seconds
[2023-04-02T10:34:22.499+0000] {processor.py:153} INFO - Started process (PID=868) to work on /home/airflow/.local/lib/python3.7/site-packages/airflow/example_dags/example_params_ui_tutorial.py
[2023-04-02T10:34:22.509+0000] {processor.py:743} INFO - Processing file /home/airflow/.local/lib/python3.7/site-packages/airflow/example_dags/example_params_ui_tutorial.py for tasks to queue
[2023-04-02T10:34:22.515+0000] {logging_mixin.py:137} INFO - [2023-04-02T10:34:22.512+0000] {dagbag.py:532} INFO - Filling up the DagBag from /home/airflow/.local/lib/python3.7/site-packages/airflow/example_dags/example_params_ui_tutorial.py
[2023-04-02T10:34:22.650+0000] {processor.py:753} INFO - DAG(s) dict_keys(['example_params_ui_tutorial']) retrieved from /home/airflow/.local/lib/python3.7/site-packages/airflow/example_dags/example_params_ui_tutorial.py
[2023-04-02T10:34:22.869+0000] {logging_mixin.py:137} INFO - [2023-04-02T10:34:22.869+0000] {dag.py:2705} INFO - Sync 1 DAGs
[2023-04-02T10:34:22.958+0000] {logging_mixin.py:137} INFO - [2023-04-02T10:34:22.958+0000] {dag.py:3456} INFO - Setting next_dagrun for example_params_ui_tutorial to None, run_after=None
[2023-04-02T10:34:23.024+0000] {processor.py:175} INFO - Processing /home/airflow/.local/lib/python3.7/site-packages/airflow/example_dags/example_params_ui_tutorial.py took 0.530 seconds
[2023-04-02T10:34:53.542+0000] {processor.py:153} INFO - Started process (PID=1087) to work on /home/airflow/.local/lib/python3.7/site-packages/airflow/example_dags/example_params_ui_tutorial.py
[2023-04-02T10:34:53.559+0000] {processor.py:743} INFO - Processing file /home/airflow/.local/lib/python3.7/site-packages/airflow/example_dags/example_params_ui_tutorial.py for tasks to queue
[2023-04-02T10:34:53.564+0000] {logging_mixin.py:137} INFO - [2023-04-02T10:34:53.561+0000] {dagbag.py:532} INFO - Filling up the DagBag from /home/airflow/.local/lib/python3.7/site-packages/airflow/example_dags/example_params_ui_tutorial.py
[2023-04-02T10:34:54.004+0000] {processor.py:753} INFO - DAG(s) dict_keys(['example_params_ui_tutorial']) retrieved from /home/airflow/.local/lib/python3.7/site-packages/airflow/example_dags/example_params_ui_tutorial.py
[2023-04-02T10:34:54.256+0000] {logging_mixin.py:137} INFO - [2023-04-02T10:34:54.255+0000] {dag.py:2705} INFO - Sync 1 DAGs
[2023-04-02T10:34:54.454+0000] {logging_mixin.py:137} INFO - [2023-04-02T10:34:54.454+0000] {dag.py:3456} INFO - Setting next_dagrun for example_params_ui_tutorial to None, run_after=None
[2023-04-02T10:34:54.533+0000] {processor.py:175} INFO - Processing /home/airflow/.local/lib/python3.7/site-packages/airflow/example_dags/example_params_ui_tutorial.py took 1.026 seconds
[2023-04-02T10:35:25.343+0000] {processor.py:153} INFO - Started process (PID=1307) to work on /home/airflow/.local/lib/python3.7/site-packages/airflow/example_dags/example_params_ui_tutorial.py
[2023-04-02T10:35:25.350+0000] {processor.py:743} INFO - Processing file /home/airflow/.local/lib/python3.7/site-packages/airflow/example_dags/example_params_ui_tutorial.py for tasks to queue
[2023-04-02T10:35:25.355+0000] {logging_mixin.py:137} INFO - [2023-04-02T10:35:25.354+0000] {dagbag.py:532} INFO - Filling up the DagBag from /home/airflow/.local/lib/python3.7/site-packages/airflow/example_dags/example_params_ui_tutorial.py
[2023-04-02T10:35:25.503+0000] {processor.py:753} INFO - DAG(s) dict_keys(['example_params_ui_tutorial']) retrieved from /home/airflow/.local/lib/python3.7/site-packages/airflow/example_dags/example_params_ui_tutorial.py
[2023-04-02T10:35:25.690+0000] {logging_mixin.py:137} INFO - [2023-04-02T10:35:25.689+0000] {dag.py:2705} INFO - Sync 1 DAGs
[2023-04-02T10:35:25.775+0000] {logging_mixin.py:137} INFO - [2023-04-02T10:35:25.774+0000] {dag.py:3456} INFO - Setting next_dagrun for example_params_ui_tutorial to None, run_after=None
[2023-04-02T10:35:25.845+0000] {processor.py:175} INFO - Processing /home/airflow/.local/lib/python3.7/site-packages/airflow/example_dags/example_params_ui_tutorial.py took 0.513 seconds
[2023-04-02T10:35:56.176+0000] {processor.py:153} INFO - Started process (PID=1525) to work on /home/airflow/.local/lib/python3.7/site-packages/airflow/example_dags/example_params_ui_tutorial.py
[2023-04-02T10:35:56.180+0000] {processor.py:743} INFO - Processing file /home/airflow/.local/lib/python3.7/site-packages/airflow/example_dags/example_params_ui_tutorial.py for tasks to queue
[2023-04-02T10:35:56.184+0000] {logging_mixin.py:137} INFO - [2023-04-02T10:35:56.183+0000] {dagbag.py:532} INFO - Filling up the DagBag from /home/airflow/.local/lib/python3.7/site-packages/airflow/example_dags/example_params_ui_tutorial.py
[2023-04-02T10:35:56.323+0000] {processor.py:753} INFO - DAG(s) dict_keys(['example_params_ui_tutorial']) retrieved from /home/airflow/.local/lib/python3.7/site-packages/airflow/example_dags/example_params_ui_tutorial.py
[2023-04-02T10:35:56.445+0000] {logging_mixin.py:137} INFO - [2023-04-02T10:35:56.445+0000] {dag.py:2705} INFO - Sync 1 DAGs
[2023-04-02T10:35:56.495+0000] {logging_mixin.py:137} INFO - [2023-04-02T10:35:56.495+0000] {dag.py:3456} INFO - Setting next_dagrun for example_params_ui_tutorial to None, run_after=None
[2023-04-02T10:35:56.570+0000] {processor.py:175} INFO - Processing /home/airflow/.local/lib/python3.7/site-packages/airflow/example_dags/example_params_ui_tutorial.py took 0.403 seconds
[2023-04-02T10:36:26.765+0000] {processor.py:153} INFO - Started process (PID=1748) to work on /home/airflow/.local/lib/python3.7/site-packages/airflow/example_dags/example_params_ui_tutorial.py
[2023-04-02T10:36:26.766+0000] {processor.py:743} INFO - Processing file /home/airflow/.local/lib/python3.7/site-packages/airflow/example_dags/example_params_ui_tutorial.py for tasks to queue
[2023-04-02T10:36:26.767+0000] {logging_mixin.py:137} INFO - [2023-04-02T10:36:26.767+0000] {dagbag.py:532} INFO - Filling up the DagBag from /home/airflow/.local/lib/python3.7/site-packages/airflow/example_dags/example_params_ui_tutorial.py
[2023-04-02T10:36:26.863+0000] {processor.py:753} INFO - DAG(s) dict_keys(['example_params_ui_tutorial']) retrieved from /home/airflow/.local/lib/python3.7/site-packages/airflow/example_dags/example_params_ui_tutorial.py
[2023-04-02T10:36:26.940+0000] {logging_mixin.py:137} INFO - [2023-04-02T10:36:26.939+0000] {dag.py:2705} INFO - Sync 1 DAGs
[2023-04-02T10:36:26.982+0000] {logging_mixin.py:137} INFO - [2023-04-02T10:36:26.982+0000] {dag.py:3456} INFO - Setting next_dagrun for example_params_ui_tutorial to None, run_after=None
[2023-04-02T10:36:27.015+0000] {processor.py:175} INFO - Processing /home/airflow/.local/lib/python3.7/site-packages/airflow/example_dags/example_params_ui_tutorial.py took 0.255 seconds
[2023-04-02T10:36:57.367+0000] {processor.py:153} INFO - Started process (PID=1966) to work on /home/airflow/.local/lib/python3.7/site-packages/airflow/example_dags/example_params_ui_tutorial.py
[2023-04-02T10:36:57.372+0000] {processor.py:743} INFO - Processing file /home/airflow/.local/lib/python3.7/site-packages/airflow/example_dags/example_params_ui_tutorial.py for tasks to queue
[2023-04-02T10:36:57.381+0000] {logging_mixin.py:137} INFO - [2023-04-02T10:36:57.381+0000] {dagbag.py:532} INFO - Filling up the DagBag from /home/airflow/.local/lib/python3.7/site-packages/airflow/example_dags/example_params_ui_tutorial.py
[2023-04-02T10:36:57.586+0000] {processor.py:753} INFO - DAG(s) dict_keys(['example_params_ui_tutorial']) retrieved from /home/airflow/.local/lib/python3.7/site-packages/airflow/example_dags/example_params_ui_tutorial.py
[2023-04-02T10:36:57.841+0000] {logging_mixin.py:137} INFO - [2023-04-02T10:36:57.841+0000] {dag.py:2705} INFO - Sync 1 DAGs
[2023-04-02T10:36:57.916+0000] {logging_mixin.py:137} INFO - [2023-04-02T10:36:57.916+0000] {dag.py:3456} INFO - Setting next_dagrun for example_params_ui_tutorial to None, run_after=None
[2023-04-02T10:36:57.967+0000] {processor.py:175} INFO - Processing /home/airflow/.local/lib/python3.7/site-packages/airflow/example_dags/example_params_ui_tutorial.py took 0.608 seconds
[2023-04-02T10:37:28.515+0000] {processor.py:153} INFO - Started process (PID=2184) to work on /home/airflow/.local/lib/python3.7/site-packages/airflow/example_dags/example_params_ui_tutorial.py
[2023-04-02T10:37:28.517+0000] {processor.py:743} INFO - Processing file /home/airflow/.local/lib/python3.7/site-packages/airflow/example_dags/example_params_ui_tutorial.py for tasks to queue
[2023-04-02T10:37:28.523+0000] {logging_mixin.py:137} INFO - [2023-04-02T10:37:28.522+0000] {dagbag.py:532} INFO - Filling up the DagBag from /home/airflow/.local/lib/python3.7/site-packages/airflow/example_dags/example_params_ui_tutorial.py
[2023-04-02T10:37:28.661+0000] {processor.py:753} INFO - DAG(s) dict_keys(['example_params_ui_tutorial']) retrieved from /home/airflow/.local/lib/python3.7/site-packages/airflow/example_dags/example_params_ui_tutorial.py
[2023-04-02T10:37:28.778+0000] {logging_mixin.py:137} INFO - [2023-04-02T10:37:28.778+0000] {dag.py:2705} INFO - Sync 1 DAGs
[2023-04-02T10:37:28.827+0000] {logging_mixin.py:137} INFO - [2023-04-02T10:37:28.827+0000] {dag.py:3456} INFO - Setting next_dagrun for example_params_ui_tutorial to None, run_after=None
[2023-04-02T10:37:28.880+0000] {processor.py:175} INFO - Processing /home/airflow/.local/lib/python3.7/site-packages/airflow/example_dags/example_params_ui_tutorial.py took 0.372 seconds
[2023-04-02T10:37:59.551+0000] {processor.py:153} INFO - Started process (PID=2402) to work on /home/airflow/.local/lib/python3.7/site-packages/airflow/example_dags/example_params_ui_tutorial.py
[2023-04-02T10:37:59.554+0000] {processor.py:743} INFO - Processing file /home/airflow/.local/lib/python3.7/site-packages/airflow/example_dags/example_params_ui_tutorial.py for tasks to queue
[2023-04-02T10:37:59.557+0000] {logging_mixin.py:137} INFO - [2023-04-02T10:37:59.557+0000] {dagbag.py:532} INFO - Filling up the DagBag from /home/airflow/.local/lib/python3.7/site-packages/airflow/example_dags/example_params_ui_tutorial.py
[2023-04-02T10:37:59.686+0000] {processor.py:753} INFO - DAG(s) dict_keys(['example_params_ui_tutorial']) retrieved from /home/airflow/.local/lib/python3.7/site-packages/airflow/example_dags/example_params_ui_tutorial.py
[2023-04-02T10:37:59.828+0000] {logging_mixin.py:137} INFO - [2023-04-02T10:37:59.827+0000] {dag.py:2705} INFO - Sync 1 DAGs
[2023-04-02T10:37:59.888+0000] {logging_mixin.py:137} INFO - [2023-04-02T10:37:59.887+0000] {dag.py:3456} INFO - Setting next_dagrun for example_params_ui_tutorial to None, run_after=None
[2023-04-02T10:37:59.934+0000] {processor.py:175} INFO - Processing /home/airflow/.local/lib/python3.7/site-packages/airflow/example_dags/example_params_ui_tutorial.py took 0.391 seconds
[2023-04-02T10:38:30.680+0000] {processor.py:153} INFO - Started process (PID=2620) to work on /home/airflow/.local/lib/python3.7/site-packages/airflow/example_dags/example_params_ui_tutorial.py
[2023-04-02T10:38:30.685+0000] {processor.py:743} INFO - Processing file /home/airflow/.local/lib/python3.7/site-packages/airflow/example_dags/example_params_ui_tutorial.py for tasks to queue
[2023-04-02T10:38:30.688+0000] {logging_mixin.py:137} INFO - [2023-04-02T10:38:30.688+0000] {dagbag.py:532} INFO - Filling up the DagBag from /home/airflow/.local/lib/python3.7/site-packages/airflow/example_dags/example_params_ui_tutorial.py
[2023-04-02T10:38:30.796+0000] {processor.py:753} INFO - DAG(s) dict_keys(['example_params_ui_tutorial']) retrieved from /home/airflow/.local/lib/python3.7/site-packages/airflow/example_dags/example_params_ui_tutorial.py
[2023-04-02T10:38:30.901+0000] {logging_mixin.py:137} INFO - [2023-04-02T10:38:30.901+0000] {dag.py:2705} INFO - Sync 1 DAGs
[2023-04-02T10:38:30.945+0000] {logging_mixin.py:137} INFO - [2023-04-02T10:38:30.945+0000] {dag.py:3456} INFO - Setting next_dagrun for example_params_ui_tutorial to None, run_after=None
[2023-04-02T10:38:30.986+0000] {processor.py:175} INFO - Processing /home/airflow/.local/lib/python3.7/site-packages/airflow/example_dags/example_params_ui_tutorial.py took 0.312 seconds
[2023-04-02T10:39:01.267+0000] {processor.py:153} INFO - Started process (PID=2838) to work on /home/airflow/.local/lib/python3.7/site-packages/airflow/example_dags/example_params_ui_tutorial.py
[2023-04-02T10:39:01.277+0000] {processor.py:743} INFO - Processing file /home/airflow/.local/lib/python3.7/site-packages/airflow/example_dags/example_params_ui_tutorial.py for tasks to queue
[2023-04-02T10:39:01.281+0000] {logging_mixin.py:137} INFO - [2023-04-02T10:39:01.280+0000] {dagbag.py:532} INFO - Filling up the DagBag from /home/airflow/.local/lib/python3.7/site-packages/airflow/example_dags/example_params_ui_tutorial.py
[2023-04-02T10:39:01.369+0000] {processor.py:753} INFO - DAG(s) dict_keys(['example_params_ui_tutorial']) retrieved from /home/airflow/.local/lib/python3.7/site-packages/airflow/example_dags/example_params_ui_tutorial.py
[2023-04-02T10:39:01.455+0000] {logging_mixin.py:137} INFO - [2023-04-02T10:39:01.455+0000] {dag.py:2705} INFO - Sync 1 DAGs
[2023-04-02T10:39:01.494+0000] {logging_mixin.py:137} INFO - [2023-04-02T10:39:01.494+0000] {dag.py:3456} INFO - Setting next_dagrun for example_params_ui_tutorial to None, run_after=None
[2023-04-02T10:39:01.543+0000] {processor.py:175} INFO - Processing /home/airflow/.local/lib/python3.7/site-packages/airflow/example_dags/example_params_ui_tutorial.py took 0.284 seconds
[2023-04-02T10:39:31.622+0000] {processor.py:153} INFO - Started process (PID=3056) to work on /home/airflow/.local/lib/python3.7/site-packages/airflow/example_dags/example_params_ui_tutorial.py
[2023-04-02T10:39:31.625+0000] {processor.py:743} INFO - Processing file /home/airflow/.local/lib/python3.7/site-packages/airflow/example_dags/example_params_ui_tutorial.py for tasks to queue
[2023-04-02T10:39:31.629+0000] {logging_mixin.py:137} INFO - [2023-04-02T10:39:31.628+0000] {dagbag.py:532} INFO - Filling up the DagBag from /home/airflow/.local/lib/python3.7/site-packages/airflow/example_dags/example_params_ui_tutorial.py
[2023-04-02T10:39:31.829+0000] {processor.py:753} INFO - DAG(s) dict_keys(['example_params_ui_tutorial']) retrieved from /home/airflow/.local/lib/python3.7/site-packages/airflow/example_dags/example_params_ui_tutorial.py
[2023-04-02T10:39:31.935+0000] {logging_mixin.py:137} INFO - [2023-04-02T10:39:31.935+0000] {dag.py:2705} INFO - Sync 1 DAGs
[2023-04-02T10:39:31.996+0000] {logging_mixin.py:137} INFO - [2023-04-02T10:39:31.996+0000] {dag.py:3456} INFO - Setting next_dagrun for example_params_ui_tutorial to None, run_after=None
[2023-04-02T10:39:32.041+0000] {processor.py:175} INFO - Processing /home/airflow/.local/lib/python3.7/site-packages/airflow/example_dags/example_params_ui_tutorial.py took 0.427 seconds
[2023-04-02T10:40:02.337+0000] {processor.py:153} INFO - Started process (PID=3269) to work on /home/airflow/.local/lib/python3.7/site-packages/airflow/example_dags/example_params_ui_tutorial.py
[2023-04-02T10:40:02.339+0000] {processor.py:743} INFO - Processing file /home/airflow/.local/lib/python3.7/site-packages/airflow/example_dags/example_params_ui_tutorial.py for tasks to queue
[2023-04-02T10:40:02.347+0000] {logging_mixin.py:137} INFO - [2023-04-02T10:40:02.346+0000] {dagbag.py:532} INFO - Filling up the DagBag from /home/airflow/.local/lib/python3.7/site-packages/airflow/example_dags/example_params_ui_tutorial.py
[2023-04-02T10:40:02.564+0000] {processor.py:753} INFO - DAG(s) dict_keys(['example_params_ui_tutorial']) retrieved from /home/airflow/.local/lib/python3.7/site-packages/airflow/example_dags/example_params_ui_tutorial.py
[2023-04-02T10:40:02.813+0000] {logging_mixin.py:137} INFO - [2023-04-02T10:40:02.812+0000] {dag.py:2705} INFO - Sync 1 DAGs
[2023-04-02T10:40:02.919+0000] {logging_mixin.py:137} INFO - [2023-04-02T10:40:02.919+0000] {dag.py:3456} INFO - Setting next_dagrun for example_params_ui_tutorial to None, run_after=None
[2023-04-02T10:40:02.979+0000] {processor.py:175} INFO - Processing /home/airflow/.local/lib/python3.7/site-packages/airflow/example_dags/example_params_ui_tutorial.py took 0.664 seconds
[2023-04-02T10:40:33.252+0000] {processor.py:153} INFO - Started process (PID=3487) to work on /home/airflow/.local/lib/python3.7/site-packages/airflow/example_dags/example_params_ui_tutorial.py
[2023-04-02T10:40:33.263+0000] {processor.py:743} INFO - Processing file /home/airflow/.local/lib/python3.7/site-packages/airflow/example_dags/example_params_ui_tutorial.py for tasks to queue
[2023-04-02T10:40:33.267+0000] {logging_mixin.py:137} INFO - [2023-04-02T10:40:33.266+0000] {dagbag.py:532} INFO - Filling up the DagBag from /home/airflow/.local/lib/python3.7/site-packages/airflow/example_dags/example_params_ui_tutorial.py
[2023-04-02T10:40:33.355+0000] {processor.py:753} INFO - DAG(s) dict_keys(['example_params_ui_tutorial']) retrieved from /home/airflow/.local/lib/python3.7/site-packages/airflow/example_dags/example_params_ui_tutorial.py
[2023-04-02T10:40:33.532+0000] {logging_mixin.py:137} INFO - [2023-04-02T10:40:33.531+0000] {dag.py:2705} INFO - Sync 1 DAGs
[2023-04-02T10:40:33.606+0000] {logging_mixin.py:137} INFO - [2023-04-02T10:40:33.606+0000] {dag.py:3456} INFO - Setting next_dagrun for example_params_ui_tutorial to None, run_after=None
[2023-04-02T10:40:33.651+0000] {processor.py:175} INFO - Processing /home/airflow/.local/lib/python3.7/site-packages/airflow/example_dags/example_params_ui_tutorial.py took 0.413 seconds
[2023-04-02T10:41:04.225+0000] {processor.py:153} INFO - Started process (PID=3705) to work on /home/airflow/.local/lib/python3.7/site-packages/airflow/example_dags/example_params_ui_tutorial.py
[2023-04-02T10:41:04.227+0000] {processor.py:743} INFO - Processing file /home/airflow/.local/lib/python3.7/site-packages/airflow/example_dags/example_params_ui_tutorial.py for tasks to queue
[2023-04-02T10:41:04.233+0000] {logging_mixin.py:137} INFO - [2023-04-02T10:41:04.232+0000] {dagbag.py:532} INFO - Filling up the DagBag from /home/airflow/.local/lib/python3.7/site-packages/airflow/example_dags/example_params_ui_tutorial.py
[2023-04-02T10:41:04.412+0000] {processor.py:753} INFO - DAG(s) dict_keys(['example_params_ui_tutorial']) retrieved from /home/airflow/.local/lib/python3.7/site-packages/airflow/example_dags/example_params_ui_tutorial.py
[2023-04-02T10:41:04.680+0000] {logging_mixin.py:137} INFO - [2023-04-02T10:41:04.680+0000] {dag.py:2705} INFO - Sync 1 DAGs
[2023-04-02T10:41:04.765+0000] {logging_mixin.py:137} INFO - [2023-04-02T10:41:04.765+0000] {dag.py:3456} INFO - Setting next_dagrun for example_params_ui_tutorial to None, run_after=None
[2023-04-02T10:41:04.818+0000] {processor.py:175} INFO - Processing /home/airflow/.local/lib/python3.7/site-packages/airflow/example_dags/example_params_ui_tutorial.py took 0.605 seconds
[2023-04-02T10:41:35.708+0000] {processor.py:153} INFO - Started process (PID=3930) to work on /home/airflow/.local/lib/python3.7/site-packages/airflow/example_dags/example_params_ui_tutorial.py
[2023-04-02T10:41:35.712+0000] {processor.py:743} INFO - Processing file /home/airflow/.local/lib/python3.7/site-packages/airflow/example_dags/example_params_ui_tutorial.py for tasks to queue
[2023-04-02T10:41:35.716+0000] {logging_mixin.py:137} INFO - [2023-04-02T10:41:35.715+0000] {dagbag.py:532} INFO - Filling up the DagBag from /home/airflow/.local/lib/python3.7/site-packages/airflow/example_dags/example_params_ui_tutorial.py
[2023-04-02T10:41:35.937+0000] {processor.py:753} INFO - DAG(s) dict_keys(['example_params_ui_tutorial']) retrieved from /home/airflow/.local/lib/python3.7/site-packages/airflow/example_dags/example_params_ui_tutorial.py
[2023-04-02T10:41:36.219+0000] {logging_mixin.py:137} INFO - [2023-04-02T10:41:36.219+0000] {dag.py:2705} INFO - Sync 1 DAGs
[2023-04-02T10:41:36.345+0000] {logging_mixin.py:137} INFO - [2023-04-02T10:41:36.344+0000] {dag.py:3456} INFO - Setting next_dagrun for example_params_ui_tutorial to None, run_after=None
[2023-04-02T10:41:36.461+0000] {processor.py:175} INFO - Processing /home/airflow/.local/lib/python3.7/site-packages/airflow/example_dags/example_params_ui_tutorial.py took 0.765 seconds
[2023-04-02T10:42:07.311+0000] {processor.py:153} INFO - Started process (PID=4154) to work on /home/airflow/.local/lib/python3.7/site-packages/airflow/example_dags/example_params_ui_tutorial.py
[2023-04-02T10:42:07.347+0000] {processor.py:743} INFO - Processing file /home/airflow/.local/lib/python3.7/site-packages/airflow/example_dags/example_params_ui_tutorial.py for tasks to queue
[2023-04-02T10:42:07.369+0000] {logging_mixin.py:137} INFO - [2023-04-02T10:42:07.369+0000] {dagbag.py:532} INFO - Filling up the DagBag from /home/airflow/.local/lib/python3.7/site-packages/airflow/example_dags/example_params_ui_tutorial.py
[2023-04-02T10:42:07.563+0000] {processor.py:753} INFO - DAG(s) dict_keys(['example_params_ui_tutorial']) retrieved from /home/airflow/.local/lib/python3.7/site-packages/airflow/example_dags/example_params_ui_tutorial.py
[2023-04-02T10:42:07.807+0000] {logging_mixin.py:137} INFO - [2023-04-02T10:42:07.807+0000] {dag.py:2705} INFO - Sync 1 DAGs
[2023-04-02T10:42:07.870+0000] {logging_mixin.py:137} INFO - [2023-04-02T10:42:07.870+0000] {dag.py:3456} INFO - Setting next_dagrun for example_params_ui_tutorial to None, run_after=None
[2023-04-02T10:42:08.009+0000] {processor.py:175} INFO - Processing /home/airflow/.local/lib/python3.7/site-packages/airflow/example_dags/example_params_ui_tutorial.py took 0.707 seconds
[2023-04-02T10:42:38.154+0000] {processor.py:153} INFO - Started process (PID=4372) to work on /home/airflow/.local/lib/python3.7/site-packages/airflow/example_dags/example_params_ui_tutorial.py
[2023-04-02T10:42:38.158+0000] {processor.py:743} INFO - Processing file /home/airflow/.local/lib/python3.7/site-packages/airflow/example_dags/example_params_ui_tutorial.py for tasks to queue
[2023-04-02T10:42:38.162+0000] {logging_mixin.py:137} INFO - [2023-04-02T10:42:38.161+0000] {dagbag.py:532} INFO - Filling up the DagBag from /home/airflow/.local/lib/python3.7/site-packages/airflow/example_dags/example_params_ui_tutorial.py
[2023-04-02T10:42:38.271+0000] {processor.py:753} INFO - DAG(s) dict_keys(['example_params_ui_tutorial']) retrieved from /home/airflow/.local/lib/python3.7/site-packages/airflow/example_dags/example_params_ui_tutorial.py
[2023-04-02T10:42:38.390+0000] {logging_mixin.py:137} INFO - [2023-04-02T10:42:38.390+0000] {dag.py:2705} INFO - Sync 1 DAGs
[2023-04-02T10:42:38.434+0000] {logging_mixin.py:137} INFO - [2023-04-02T10:42:38.434+0000] {dag.py:3456} INFO - Setting next_dagrun for example_params_ui_tutorial to None, run_after=None
[2023-04-02T10:42:38.478+0000] {processor.py:175} INFO - Processing /home/airflow/.local/lib/python3.7/site-packages/airflow/example_dags/example_params_ui_tutorial.py took 0.332 seconds
[2023-04-02T10:43:08.688+0000] {processor.py:153} INFO - Started process (PID=4590) to work on /home/airflow/.local/lib/python3.7/site-packages/airflow/example_dags/example_params_ui_tutorial.py
[2023-04-02T10:43:08.690+0000] {processor.py:743} INFO - Processing file /home/airflow/.local/lib/python3.7/site-packages/airflow/example_dags/example_params_ui_tutorial.py for tasks to queue
[2023-04-02T10:43:08.695+0000] {logging_mixin.py:137} INFO - [2023-04-02T10:43:08.695+0000] {dagbag.py:532} INFO - Filling up the DagBag from /home/airflow/.local/lib/python3.7/site-packages/airflow/example_dags/example_params_ui_tutorial.py
[2023-04-02T10:43:08.799+0000] {processor.py:753} INFO - DAG(s) dict_keys(['example_params_ui_tutorial']) retrieved from /home/airflow/.local/lib/python3.7/site-packages/airflow/example_dags/example_params_ui_tutorial.py
[2023-04-02T10:43:08.882+0000] {logging_mixin.py:137} INFO - [2023-04-02T10:43:08.882+0000] {dag.py:2705} INFO - Sync 1 DAGs
[2023-04-02T10:43:08.927+0000] {logging_mixin.py:137} INFO - [2023-04-02T10:43:08.927+0000] {dag.py:3456} INFO - Setting next_dagrun for example_params_ui_tutorial to None, run_after=None
[2023-04-02T10:43:08.959+0000] {processor.py:175} INFO - Processing /home/airflow/.local/lib/python3.7/site-packages/airflow/example_dags/example_params_ui_tutorial.py took 0.276 seconds
[2023-04-02T10:43:39.084+0000] {processor.py:153} INFO - Started process (PID=4803) to work on /home/airflow/.local/lib/python3.7/site-packages/airflow/example_dags/example_params_ui_tutorial.py
[2023-04-02T10:43:39.093+0000] {processor.py:743} INFO - Processing file /home/airflow/.local/lib/python3.7/site-packages/airflow/example_dags/example_params_ui_tutorial.py for tasks to queue
[2023-04-02T10:43:39.097+0000] {logging_mixin.py:137} INFO - [2023-04-02T10:43:39.095+0000] {dagbag.py:532} INFO - Filling up the DagBag from /home/airflow/.local/lib/python3.7/site-packages/airflow/example_dags/example_params_ui_tutorial.py
[2023-04-02T10:43:39.304+0000] {processor.py:753} INFO - DAG(s) dict_keys(['example_params_ui_tutorial']) retrieved from /home/airflow/.local/lib/python3.7/site-packages/airflow/example_dags/example_params_ui_tutorial.py
[2023-04-02T10:43:39.403+0000] {logging_mixin.py:137} INFO - [2023-04-02T10:43:39.403+0000] {dag.py:2705} INFO - Sync 1 DAGs
[2023-04-02T10:43:39.445+0000] {logging_mixin.py:137} INFO - [2023-04-02T10:43:39.444+0000] {dag.py:3456} INFO - Setting next_dagrun for example_params_ui_tutorial to None, run_after=None
[2023-04-02T10:43:39.477+0000] {processor.py:175} INFO - Processing /home/airflow/.local/lib/python3.7/site-packages/airflow/example_dags/example_params_ui_tutorial.py took 0.400 seconds
[2023-04-02T10:44:09.908+0000] {processor.py:153} INFO - Started process (PID=5021) to work on /home/airflow/.local/lib/python3.7/site-packages/airflow/example_dags/example_params_ui_tutorial.py
[2023-04-02T10:44:09.923+0000] {processor.py:743} INFO - Processing file /home/airflow/.local/lib/python3.7/site-packages/airflow/example_dags/example_params_ui_tutorial.py for tasks to queue
[2023-04-02T10:44:09.927+0000] {logging_mixin.py:137} INFO - [2023-04-02T10:44:09.926+0000] {dagbag.py:532} INFO - Filling up the DagBag from /home/airflow/.local/lib/python3.7/site-packages/airflow/example_dags/example_params_ui_tutorial.py
[2023-04-02T10:44:10.112+0000] {processor.py:753} INFO - DAG(s) dict_keys(['example_params_ui_tutorial']) retrieved from /home/airflow/.local/lib/python3.7/site-packages/airflow/example_dags/example_params_ui_tutorial.py
[2023-04-02T10:44:10.271+0000] {logging_mixin.py:137} INFO - [2023-04-02T10:44:10.271+0000] {dag.py:2705} INFO - Sync 1 DAGs
[2023-04-02T10:44:10.313+0000] {logging_mixin.py:137} INFO - [2023-04-02T10:44:10.313+0000] {dag.py:3456} INFO - Setting next_dagrun for example_params_ui_tutorial to None, run_after=None
[2023-04-02T10:44:10.340+0000] {processor.py:175} INFO - Processing /home/airflow/.local/lib/python3.7/site-packages/airflow/example_dags/example_params_ui_tutorial.py took 0.436 seconds
[2023-04-02T10:44:41.115+0000] {processor.py:153} INFO - Started process (PID=5239) to work on /home/airflow/.local/lib/python3.7/site-packages/airflow/example_dags/example_params_ui_tutorial.py
[2023-04-02T10:44:41.118+0000] {processor.py:743} INFO - Processing file /home/airflow/.local/lib/python3.7/site-packages/airflow/example_dags/example_params_ui_tutorial.py for tasks to queue
[2023-04-02T10:44:41.122+0000] {logging_mixin.py:137} INFO - [2023-04-02T10:44:41.121+0000] {dagbag.py:532} INFO - Filling up the DagBag from /home/airflow/.local/lib/python3.7/site-packages/airflow/example_dags/example_params_ui_tutorial.py
[2023-04-02T10:44:41.223+0000] {processor.py:753} INFO - DAG(s) dict_keys(['example_params_ui_tutorial']) retrieved from /home/airflow/.local/lib/python3.7/site-packages/airflow/example_dags/example_params_ui_tutorial.py
[2023-04-02T10:44:41.310+0000] {logging_mixin.py:137} INFO - [2023-04-02T10:44:41.310+0000] {dag.py:2705} INFO - Sync 1 DAGs
[2023-04-02T10:44:41.367+0000] {logging_mixin.py:137} INFO - [2023-04-02T10:44:41.366+0000] {dag.py:3456} INFO - Setting next_dagrun for example_params_ui_tutorial to None, run_after=None
[2023-04-02T10:44:41.397+0000] {processor.py:175} INFO - Processing /home/airflow/.local/lib/python3.7/site-packages/airflow/example_dags/example_params_ui_tutorial.py took 0.292 seconds
[2023-04-02T10:45:11.869+0000] {processor.py:153} INFO - Started process (PID=5457) to work on /home/airflow/.local/lib/python3.7/site-packages/airflow/example_dags/example_params_ui_tutorial.py
[2023-04-02T10:45:11.875+0000] {processor.py:743} INFO - Processing file /home/airflow/.local/lib/python3.7/site-packages/airflow/example_dags/example_params_ui_tutorial.py for tasks to queue
[2023-04-02T10:45:11.892+0000] {logging_mixin.py:137} INFO - [2023-04-02T10:45:11.891+0000] {dagbag.py:532} INFO - Filling up the DagBag from /home/airflow/.local/lib/python3.7/site-packages/airflow/example_dags/example_params_ui_tutorial.py
[2023-04-02T10:45:12.020+0000] {processor.py:753} INFO - DAG(s) dict_keys(['example_params_ui_tutorial']) retrieved from /home/airflow/.local/lib/python3.7/site-packages/airflow/example_dags/example_params_ui_tutorial.py
[2023-04-02T10:45:12.122+0000] {logging_mixin.py:137} INFO - [2023-04-02T10:45:12.121+0000] {dag.py:2705} INFO - Sync 1 DAGs
[2023-04-02T10:45:12.166+0000] {logging_mixin.py:137} INFO - [2023-04-02T10:45:12.166+0000] {dag.py:3456} INFO - Setting next_dagrun for example_params_ui_tutorial to None, run_after=None
[2023-04-02T10:45:12.197+0000] {processor.py:175} INFO - Processing /home/airflow/.local/lib/python3.7/site-packages/airflow/example_dags/example_params_ui_tutorial.py took 0.344 seconds
[2023-04-02T10:45:42.534+0000] {processor.py:153} INFO - Started process (PID=5680) to work on /home/airflow/.local/lib/python3.7/site-packages/airflow/example_dags/example_params_ui_tutorial.py
[2023-04-02T10:45:42.536+0000] {processor.py:743} INFO - Processing file /home/airflow/.local/lib/python3.7/site-packages/airflow/example_dags/example_params_ui_tutorial.py for tasks to queue
[2023-04-02T10:45:42.540+0000] {logging_mixin.py:137} INFO - [2023-04-02T10:45:42.539+0000] {dagbag.py:532} INFO - Filling up the DagBag from /home/airflow/.local/lib/python3.7/site-packages/airflow/example_dags/example_params_ui_tutorial.py
[2023-04-02T10:45:42.659+0000] {processor.py:753} INFO - DAG(s) dict_keys(['example_params_ui_tutorial']) retrieved from /home/airflow/.local/lib/python3.7/site-packages/airflow/example_dags/example_params_ui_tutorial.py
[2023-04-02T10:45:42.810+0000] {logging_mixin.py:137} INFO - [2023-04-02T10:45:42.810+0000] {dag.py:2705} INFO - Sync 1 DAGs
[2023-04-02T10:45:42.868+0000] {logging_mixin.py:137} INFO - [2023-04-02T10:45:42.868+0000] {dag.py:3456} INFO - Setting next_dagrun for example_params_ui_tutorial to None, run_after=None
[2023-04-02T10:45:42.915+0000] {processor.py:175} INFO - Processing /home/airflow/.local/lib/python3.7/site-packages/airflow/example_dags/example_params_ui_tutorial.py took 0.386 seconds
[2023-04-02T10:46:13.017+0000] {processor.py:153} INFO - Started process (PID=5898) to work on /home/airflow/.local/lib/python3.7/site-packages/airflow/example_dags/example_params_ui_tutorial.py
[2023-04-02T10:46:13.019+0000] {processor.py:743} INFO - Processing file /home/airflow/.local/lib/python3.7/site-packages/airflow/example_dags/example_params_ui_tutorial.py for tasks to queue
[2023-04-02T10:46:13.022+0000] {logging_mixin.py:137} INFO - [2023-04-02T10:46:13.022+0000] {dagbag.py:532} INFO - Filling up the DagBag from /home/airflow/.local/lib/python3.7/site-packages/airflow/example_dags/example_params_ui_tutorial.py
[2023-04-02T10:46:13.136+0000] {processor.py:753} INFO - DAG(s) dict_keys(['example_params_ui_tutorial']) retrieved from /home/airflow/.local/lib/python3.7/site-packages/airflow/example_dags/example_params_ui_tutorial.py
[2023-04-02T10:46:13.267+0000] {logging_mixin.py:137} INFO - [2023-04-02T10:46:13.267+0000] {dag.py:2705} INFO - Sync 1 DAGs
[2023-04-02T10:46:13.329+0000] {logging_mixin.py:137} INFO - [2023-04-02T10:46:13.328+0000] {dag.py:3456} INFO - Setting next_dagrun for example_params_ui_tutorial to None, run_after=None
[2023-04-02T10:46:13.364+0000] {processor.py:175} INFO - Processing /home/airflow/.local/lib/python3.7/site-packages/airflow/example_dags/example_params_ui_tutorial.py took 0.352 seconds
[2023-04-02T10:46:43.794+0000] {processor.py:153} INFO - Started process (PID=6117) to work on /home/airflow/.local/lib/python3.7/site-packages/airflow/example_dags/example_params_ui_tutorial.py
[2023-04-02T10:46:43.800+0000] {processor.py:743} INFO - Processing file /home/airflow/.local/lib/python3.7/site-packages/airflow/example_dags/example_params_ui_tutorial.py for tasks to queue
[2023-04-02T10:46:43.804+0000] {logging_mixin.py:137} INFO - [2023-04-02T10:46:43.803+0000] {dagbag.py:532} INFO - Filling up the DagBag from /home/airflow/.local/lib/python3.7/site-packages/airflow/example_dags/example_params_ui_tutorial.py
[2023-04-02T10:46:43.958+0000] {processor.py:753} INFO - DAG(s) dict_keys(['example_params_ui_tutorial']) retrieved from /home/airflow/.local/lib/python3.7/site-packages/airflow/example_dags/example_params_ui_tutorial.py
[2023-04-02T10:46:44.150+0000] {logging_mixin.py:137} INFO - [2023-04-02T10:46:44.150+0000] {dag.py:2705} INFO - Sync 1 DAGs
[2023-04-02T10:46:44.217+0000] {logging_mixin.py:137} INFO - [2023-04-02T10:46:44.216+0000] {dag.py:3456} INFO - Setting next_dagrun for example_params_ui_tutorial to None, run_after=None
[2023-04-02T10:46:44.254+0000] {processor.py:175} INFO - Processing /home/airflow/.local/lib/python3.7/site-packages/airflow/example_dags/example_params_ui_tutorial.py took 0.472 seconds
[2023-04-02T10:47:15.121+0000] {processor.py:153} INFO - Started process (PID=6335) to work on /home/airflow/.local/lib/python3.7/site-packages/airflow/example_dags/example_params_ui_tutorial.py
[2023-04-02T10:47:15.125+0000] {processor.py:743} INFO - Processing file /home/airflow/.local/lib/python3.7/site-packages/airflow/example_dags/example_params_ui_tutorial.py for tasks to queue
[2023-04-02T10:47:15.127+0000] {logging_mixin.py:137} INFO - [2023-04-02T10:47:15.127+0000] {dagbag.py:532} INFO - Filling up the DagBag from /home/airflow/.local/lib/python3.7/site-packages/airflow/example_dags/example_params_ui_tutorial.py
[2023-04-02T10:47:15.231+0000] {processor.py:753} INFO - DAG(s) dict_keys(['example_params_ui_tutorial']) retrieved from /home/airflow/.local/lib/python3.7/site-packages/airflow/example_dags/example_params_ui_tutorial.py
[2023-04-02T10:47:15.340+0000] {logging_mixin.py:137} INFO - [2023-04-02T10:47:15.340+0000] {dag.py:2705} INFO - Sync 1 DAGs
[2023-04-02T10:47:15.426+0000] {logging_mixin.py:137} INFO - [2023-04-02T10:47:15.426+0000] {dag.py:3456} INFO - Setting next_dagrun for example_params_ui_tutorial to None, run_after=None
[2023-04-02T10:47:15.463+0000] {processor.py:175} INFO - Processing /home/airflow/.local/lib/python3.7/site-packages/airflow/example_dags/example_params_ui_tutorial.py took 0.352 seconds
[2023-04-02T10:47:45.735+0000] {processor.py:153} INFO - Started process (PID=6553) to work on /home/airflow/.local/lib/python3.7/site-packages/airflow/example_dags/example_params_ui_tutorial.py
[2023-04-02T10:47:45.742+0000] {processor.py:743} INFO - Processing file /home/airflow/.local/lib/python3.7/site-packages/airflow/example_dags/example_params_ui_tutorial.py for tasks to queue
[2023-04-02T10:47:45.754+0000] {logging_mixin.py:137} INFO - [2023-04-02T10:47:45.753+0000] {dagbag.py:532} INFO - Filling up the DagBag from /home/airflow/.local/lib/python3.7/site-packages/airflow/example_dags/example_params_ui_tutorial.py
[2023-04-02T10:47:45.957+0000] {processor.py:753} INFO - DAG(s) dict_keys(['example_params_ui_tutorial']) retrieved from /home/airflow/.local/lib/python3.7/site-packages/airflow/example_dags/example_params_ui_tutorial.py
[2023-04-02T10:47:46.074+0000] {logging_mixin.py:137} INFO - [2023-04-02T10:47:46.073+0000] {dag.py:2705} INFO - Sync 1 DAGs
[2023-04-02T10:47:46.126+0000] {logging_mixin.py:137} INFO - [2023-04-02T10:47:46.126+0000] {dag.py:3456} INFO - Setting next_dagrun for example_params_ui_tutorial to None, run_after=None
[2023-04-02T10:47:46.206+0000] {processor.py:175} INFO - Processing /home/airflow/.local/lib/python3.7/site-packages/airflow/example_dags/example_params_ui_tutorial.py took 0.478 seconds
[2023-04-02T10:48:16.784+0000] {processor.py:153} INFO - Started process (PID=6771) to work on /home/airflow/.local/lib/python3.7/site-packages/airflow/example_dags/example_params_ui_tutorial.py
[2023-04-02T10:48:16.786+0000] {processor.py:743} INFO - Processing file /home/airflow/.local/lib/python3.7/site-packages/airflow/example_dags/example_params_ui_tutorial.py for tasks to queue
[2023-04-02T10:48:16.790+0000] {logging_mixin.py:137} INFO - [2023-04-02T10:48:16.789+0000] {dagbag.py:532} INFO - Filling up the DagBag from /home/airflow/.local/lib/python3.7/site-packages/airflow/example_dags/example_params_ui_tutorial.py
[2023-04-02T10:48:16.884+0000] {processor.py:753} INFO - DAG(s) dict_keys(['example_params_ui_tutorial']) retrieved from /home/airflow/.local/lib/python3.7/site-packages/airflow/example_dags/example_params_ui_tutorial.py
[2023-04-02T10:48:16.962+0000] {logging_mixin.py:137} INFO - [2023-04-02T10:48:16.961+0000] {dag.py:2705} INFO - Sync 1 DAGs
[2023-04-02T10:48:17.005+0000] {logging_mixin.py:137} INFO - [2023-04-02T10:48:17.005+0000] {dag.py:3456} INFO - Setting next_dagrun for example_params_ui_tutorial to None, run_after=None
[2023-04-02T10:48:17.038+0000] {processor.py:175} INFO - Processing /home/airflow/.local/lib/python3.7/site-packages/airflow/example_dags/example_params_ui_tutorial.py took 0.262 seconds
[2023-04-02T10:48:47.226+0000] {processor.py:153} INFO - Started process (PID=6989) to work on /home/airflow/.local/lib/python3.7/site-packages/airflow/example_dags/example_params_ui_tutorial.py
[2023-04-02T10:48:47.229+0000] {processor.py:743} INFO - Processing file /home/airflow/.local/lib/python3.7/site-packages/airflow/example_dags/example_params_ui_tutorial.py for tasks to queue
[2023-04-02T10:48:47.232+0000] {logging_mixin.py:137} INFO - [2023-04-02T10:48:47.232+0000] {dagbag.py:532} INFO - Filling up the DagBag from /home/airflow/.local/lib/python3.7/site-packages/airflow/example_dags/example_params_ui_tutorial.py
[2023-04-02T10:48:47.318+0000] {processor.py:753} INFO - DAG(s) dict_keys(['example_params_ui_tutorial']) retrieved from /home/airflow/.local/lib/python3.7/site-packages/airflow/example_dags/example_params_ui_tutorial.py
[2023-04-02T10:48:47.394+0000] {logging_mixin.py:137} INFO - [2023-04-02T10:48:47.394+0000] {dag.py:2705} INFO - Sync 1 DAGs
[2023-04-02T10:48:47.428+0000] {logging_mixin.py:137} INFO - [2023-04-02T10:48:47.428+0000] {dag.py:3456} INFO - Setting next_dagrun for example_params_ui_tutorial to None, run_after=None
[2023-04-02T10:48:47.459+0000] {processor.py:175} INFO - Processing /home/airflow/.local/lib/python3.7/site-packages/airflow/example_dags/example_params_ui_tutorial.py took 0.243 seconds
[2023-04-02T10:49:17.620+0000] {processor.py:153} INFO - Started process (PID=7207) to work on /home/airflow/.local/lib/python3.7/site-packages/airflow/example_dags/example_params_ui_tutorial.py
[2023-04-02T10:49:17.623+0000] {processor.py:743} INFO - Processing file /home/airflow/.local/lib/python3.7/site-packages/airflow/example_dags/example_params_ui_tutorial.py for tasks to queue
[2023-04-02T10:49:17.626+0000] {logging_mixin.py:137} INFO - [2023-04-02T10:49:17.626+0000] {dagbag.py:532} INFO - Filling up the DagBag from /home/airflow/.local/lib/python3.7/site-packages/airflow/example_dags/example_params_ui_tutorial.py
[2023-04-02T10:49:17.753+0000] {processor.py:753} INFO - DAG(s) dict_keys(['example_params_ui_tutorial']) retrieved from /home/airflow/.local/lib/python3.7/site-packages/airflow/example_dags/example_params_ui_tutorial.py
[2023-04-02T10:49:17.889+0000] {logging_mixin.py:137} INFO - [2023-04-02T10:49:17.888+0000] {dag.py:2705} INFO - Sync 1 DAGs
[2023-04-02T10:49:17.941+0000] {logging_mixin.py:137} INFO - [2023-04-02T10:49:17.941+0000] {dag.py:3456} INFO - Setting next_dagrun for example_params_ui_tutorial to None, run_after=None
[2023-04-02T10:49:17.988+0000] {processor.py:175} INFO - Processing /home/airflow/.local/lib/python3.7/site-packages/airflow/example_dags/example_params_ui_tutorial.py took 0.374 seconds
[2023-04-02T10:49:48.548+0000] {processor.py:153} INFO - Started process (PID=7425) to work on /home/airflow/.local/lib/python3.7/site-packages/airflow/example_dags/example_params_ui_tutorial.py
[2023-04-02T10:49:48.557+0000] {processor.py:743} INFO - Processing file /home/airflow/.local/lib/python3.7/site-packages/airflow/example_dags/example_params_ui_tutorial.py for tasks to queue
[2023-04-02T10:49:48.560+0000] {logging_mixin.py:137} INFO - [2023-04-02T10:49:48.559+0000] {dagbag.py:532} INFO - Filling up the DagBag from /home/airflow/.local/lib/python3.7/site-packages/airflow/example_dags/example_params_ui_tutorial.py
[2023-04-02T10:49:48.713+0000] {processor.py:753} INFO - DAG(s) dict_keys(['example_params_ui_tutorial']) retrieved from /home/airflow/.local/lib/python3.7/site-packages/airflow/example_dags/example_params_ui_tutorial.py
[2023-04-02T10:49:48.886+0000] {logging_mixin.py:137} INFO - [2023-04-02T10:49:48.886+0000] {dag.py:2705} INFO - Sync 1 DAGs
[2023-04-02T10:49:49.015+0000] {logging_mixin.py:137} INFO - [2023-04-02T10:49:49.014+0000] {dag.py:3456} INFO - Setting next_dagrun for example_params_ui_tutorial to None, run_after=None
[2023-04-02T10:49:49.070+0000] {processor.py:175} INFO - Processing /home/airflow/.local/lib/python3.7/site-packages/airflow/example_dags/example_params_ui_tutorial.py took 0.527 seconds
[2023-04-02T10:50:19.382+0000] {processor.py:153} INFO - Started process (PID=7643) to work on /home/airflow/.local/lib/python3.7/site-packages/airflow/example_dags/example_params_ui_tutorial.py
[2023-04-02T10:50:19.385+0000] {processor.py:743} INFO - Processing file /home/airflow/.local/lib/python3.7/site-packages/airflow/example_dags/example_params_ui_tutorial.py for tasks to queue
[2023-04-02T10:50:19.388+0000] {logging_mixin.py:137} INFO - [2023-04-02T10:50:19.387+0000] {dagbag.py:532} INFO - Filling up the DagBag from /home/airflow/.local/lib/python3.7/site-packages/airflow/example_dags/example_params_ui_tutorial.py
[2023-04-02T10:50:19.473+0000] {processor.py:753} INFO - DAG(s) dict_keys(['example_params_ui_tutorial']) retrieved from /home/airflow/.local/lib/python3.7/site-packages/airflow/example_dags/example_params_ui_tutorial.py
[2023-04-02T10:50:19.637+0000] {logging_mixin.py:137} INFO - [2023-04-02T10:50:19.637+0000] {dag.py:2705} INFO - Sync 1 DAGs
[2023-04-02T10:50:19.698+0000] {logging_mixin.py:137} INFO - [2023-04-02T10:50:19.698+0000] {dag.py:3456} INFO - Setting next_dagrun for example_params_ui_tutorial to None, run_after=None
[2023-04-02T10:50:19.762+0000] {processor.py:175} INFO - Processing /home/airflow/.local/lib/python3.7/site-packages/airflow/example_dags/example_params_ui_tutorial.py took 0.385 seconds
