[2023-04-02T10:32:46.034+0000] {processor.py:153} INFO - Started process (PID=218) to work on /home/airflow/.local/lib/python3.7/site-packages/airflow/example_dags/example_branch_python_dop_operator_3.py
[2023-04-02T10:32:46.036+0000] {processor.py:743} INFO - Processing file /home/airflow/.local/lib/python3.7/site-packages/airflow/example_dags/example_branch_python_dop_operator_3.py for tasks to queue
[2023-04-02T10:32:46.039+0000] {logging_mixin.py:137} INFO - [2023-04-02T10:32:46.038+0000] {dagbag.py:532} INFO - Filling up the DagBag from /home/airflow/.local/lib/python3.7/site-packages/airflow/example_dags/example_branch_python_dop_operator_3.py
[2023-04-02T10:32:46.085+0000] {processor.py:753} INFO - DAG(s) dict_keys(['example_branch_dop_operator_v3']) retrieved from /home/airflow/.local/lib/python3.7/site-packages/airflow/example_dags/example_branch_python_dop_operator_3.py
[2023-04-02T10:32:46.114+0000] {logging_mixin.py:137} INFO - [2023-04-02T10:32:46.114+0000] {dag.py:2705} INFO - Sync 1 DAGs
[2023-04-02T10:32:46.172+0000] {logging_mixin.py:137} INFO - [2023-04-02T10:32:46.172+0000] {dag.py:3456} INFO - Setting next_dagrun for example_branch_dop_operator_v3 to 2023-04-02T10:31:00+00:00, run_after=2023-04-02T10:32:00+00:00
[2023-04-02T10:32:46.203+0000] {processor.py:175} INFO - Processing /home/airflow/.local/lib/python3.7/site-packages/airflow/example_dags/example_branch_python_dop_operator_3.py took 0.176 seconds
[2023-04-02T10:33:19.233+0000] {processor.py:153} INFO - Started process (PID=436) to work on /home/airflow/.local/lib/python3.7/site-packages/airflow/example_dags/example_branch_python_dop_operator_3.py
[2023-04-02T10:33:19.237+0000] {processor.py:743} INFO - Processing file /home/airflow/.local/lib/python3.7/site-packages/airflow/example_dags/example_branch_python_dop_operator_3.py for tasks to queue
[2023-04-02T10:33:19.243+0000] {logging_mixin.py:137} INFO - [2023-04-02T10:33:19.243+0000] {dagbag.py:532} INFO - Filling up the DagBag from /home/airflow/.local/lib/python3.7/site-packages/airflow/example_dags/example_branch_python_dop_operator_3.py
[2023-04-02T10:33:19.366+0000] {processor.py:753} INFO - DAG(s) dict_keys(['example_branch_dop_operator_v3']) retrieved from /home/airflow/.local/lib/python3.7/site-packages/airflow/example_dags/example_branch_python_dop_operator_3.py
[2023-04-02T10:33:19.397+0000] {logging_mixin.py:137} INFO - [2023-04-02T10:33:19.397+0000] {dag.py:2705} INFO - Sync 1 DAGs
[2023-04-02T10:33:19.473+0000] {logging_mixin.py:137} INFO - [2023-04-02T10:33:19.473+0000] {dag.py:3456} INFO - Setting next_dagrun for example_branch_dop_operator_v3 to 2023-04-02T10:32:00+00:00, run_after=2023-04-02T10:33:00+00:00
[2023-04-02T10:33:19.551+0000] {processor.py:175} INFO - Processing /home/airflow/.local/lib/python3.7/site-packages/airflow/example_dags/example_branch_python_dop_operator_3.py took 0.330 seconds
[2023-04-02T10:33:50.534+0000] {processor.py:153} INFO - Started process (PID=655) to work on /home/airflow/.local/lib/python3.7/site-packages/airflow/example_dags/example_branch_python_dop_operator_3.py
[2023-04-02T10:33:50.537+0000] {processor.py:743} INFO - Processing file /home/airflow/.local/lib/python3.7/site-packages/airflow/example_dags/example_branch_python_dop_operator_3.py for tasks to queue
[2023-04-02T10:33:50.552+0000] {logging_mixin.py:137} INFO - [2023-04-02T10:33:50.548+0000] {dagbag.py:532} INFO - Filling up the DagBag from /home/airflow/.local/lib/python3.7/site-packages/airflow/example_dags/example_branch_python_dop_operator_3.py
[2023-04-02T10:33:50.766+0000] {processor.py:753} INFO - DAG(s) dict_keys(['example_branch_dop_operator_v3']) retrieved from /home/airflow/.local/lib/python3.7/site-packages/airflow/example_dags/example_branch_python_dop_operator_3.py
[2023-04-02T10:33:50.870+0000] {logging_mixin.py:137} INFO - [2023-04-02T10:33:50.870+0000] {dag.py:2705} INFO - Sync 1 DAGs
[2023-04-02T10:33:51.091+0000] {logging_mixin.py:137} INFO - [2023-04-02T10:33:51.091+0000] {dag.py:3456} INFO - Setting next_dagrun for example_branch_dop_operator_v3 to 2023-04-02T10:32:00+00:00, run_after=2023-04-02T10:33:00+00:00
[2023-04-02T10:33:51.177+0000] {processor.py:175} INFO - Processing /home/airflow/.local/lib/python3.7/site-packages/airflow/example_dags/example_branch_python_dop_operator_3.py took 0.665 seconds
[2023-04-02T10:34:22.619+0000] {processor.py:153} INFO - Started process (PID=873) to work on /home/airflow/.local/lib/python3.7/site-packages/airflow/example_dags/example_branch_python_dop_operator_3.py
[2023-04-02T10:34:22.626+0000] {processor.py:743} INFO - Processing file /home/airflow/.local/lib/python3.7/site-packages/airflow/example_dags/example_branch_python_dop_operator_3.py for tasks to queue
[2023-04-02T10:34:22.632+0000] {logging_mixin.py:137} INFO - [2023-04-02T10:34:22.631+0000] {dagbag.py:532} INFO - Filling up the DagBag from /home/airflow/.local/lib/python3.7/site-packages/airflow/example_dags/example_branch_python_dop_operator_3.py
[2023-04-02T10:34:22.708+0000] {processor.py:753} INFO - DAG(s) dict_keys(['example_branch_dop_operator_v3']) retrieved from /home/airflow/.local/lib/python3.7/site-packages/airflow/example_dags/example_branch_python_dop_operator_3.py
[2023-04-02T10:34:22.751+0000] {logging_mixin.py:137} INFO - [2023-04-02T10:34:22.751+0000] {dag.py:2705} INFO - Sync 1 DAGs
[2023-04-02T10:34:22.896+0000] {logging_mixin.py:137} INFO - [2023-04-02T10:34:22.896+0000] {dag.py:3456} INFO - Setting next_dagrun for example_branch_dop_operator_v3 to 2023-04-02T10:33:00+00:00, run_after=2023-04-02T10:34:00+00:00
[2023-04-02T10:34:22.968+0000] {processor.py:175} INFO - Processing /home/airflow/.local/lib/python3.7/site-packages/airflow/example_dags/example_branch_python_dop_operator_3.py took 0.360 seconds
[2023-04-02T10:34:53.982+0000] {processor.py:153} INFO - Started process (PID=1092) to work on /home/airflow/.local/lib/python3.7/site-packages/airflow/example_dags/example_branch_python_dop_operator_3.py
[2023-04-02T10:34:53.992+0000] {processor.py:743} INFO - Processing file /home/airflow/.local/lib/python3.7/site-packages/airflow/example_dags/example_branch_python_dop_operator_3.py for tasks to queue
[2023-04-02T10:34:53.999+0000] {logging_mixin.py:137} INFO - [2023-04-02T10:34:53.998+0000] {dagbag.py:532} INFO - Filling up the DagBag from /home/airflow/.local/lib/python3.7/site-packages/airflow/example_dags/example_branch_python_dop_operator_3.py
[2023-04-02T10:34:54.187+0000] {processor.py:753} INFO - DAG(s) dict_keys(['example_branch_dop_operator_v3']) retrieved from /home/airflow/.local/lib/python3.7/site-packages/airflow/example_dags/example_branch_python_dop_operator_3.py
[2023-04-02T10:34:54.270+0000] {logging_mixin.py:137} INFO - [2023-04-02T10:34:54.270+0000] {dag.py:2705} INFO - Sync 1 DAGs
[2023-04-02T10:34:54.428+0000] {logging_mixin.py:137} INFO - [2023-04-02T10:34:54.428+0000] {dag.py:3456} INFO - Setting next_dagrun for example_branch_dop_operator_v3 to 2023-04-02T10:33:00+00:00, run_after=2023-04-02T10:34:00+00:00
[2023-04-02T10:34:54.510+0000] {processor.py:175} INFO - Processing /home/airflow/.local/lib/python3.7/site-packages/airflow/example_dags/example_branch_python_dop_operator_3.py took 0.544 seconds
[2023-04-02T10:35:25.368+0000] {processor.py:153} INFO - Started process (PID=1310) to work on /home/airflow/.local/lib/python3.7/site-packages/airflow/example_dags/example_branch_python_dop_operator_3.py
[2023-04-02T10:35:25.375+0000] {processor.py:743} INFO - Processing file /home/airflow/.local/lib/python3.7/site-packages/airflow/example_dags/example_branch_python_dop_operator_3.py for tasks to queue
[2023-04-02T10:35:25.378+0000] {logging_mixin.py:137} INFO - [2023-04-02T10:35:25.378+0000] {dagbag.py:532} INFO - Filling up the DagBag from /home/airflow/.local/lib/python3.7/site-packages/airflow/example_dags/example_branch_python_dop_operator_3.py
[2023-04-02T10:35:25.423+0000] {processor.py:753} INFO - DAG(s) dict_keys(['example_branch_dop_operator_v3']) retrieved from /home/airflow/.local/lib/python3.7/site-packages/airflow/example_dags/example_branch_python_dop_operator_3.py
[2023-04-02T10:35:25.496+0000] {logging_mixin.py:137} INFO - [2023-04-02T10:35:25.496+0000] {dag.py:2705} INFO - Sync 1 DAGs
[2023-04-02T10:35:25.575+0000] {logging_mixin.py:137} INFO - [2023-04-02T10:35:25.575+0000] {dag.py:3456} INFO - Setting next_dagrun for example_branch_dop_operator_v3 to 2023-04-02T10:34:00+00:00, run_after=2023-04-02T10:35:00+00:00
[2023-04-02T10:35:25.653+0000] {processor.py:175} INFO - Processing /home/airflow/.local/lib/python3.7/site-packages/airflow/example_dags/example_branch_python_dop_operator_3.py took 0.297 seconds
[2023-04-02T10:35:56.193+0000] {processor.py:153} INFO - Started process (PID=1528) to work on /home/airflow/.local/lib/python3.7/site-packages/airflow/example_dags/example_branch_python_dop_operator_3.py
[2023-04-02T10:35:56.196+0000] {processor.py:743} INFO - Processing file /home/airflow/.local/lib/python3.7/site-packages/airflow/example_dags/example_branch_python_dop_operator_3.py for tasks to queue
[2023-04-02T10:35:56.198+0000] {logging_mixin.py:137} INFO - [2023-04-02T10:35:56.198+0000] {dagbag.py:532} INFO - Filling up the DagBag from /home/airflow/.local/lib/python3.7/site-packages/airflow/example_dags/example_branch_python_dop_operator_3.py
[2023-04-02T10:35:56.258+0000] {processor.py:753} INFO - DAG(s) dict_keys(['example_branch_dop_operator_v3']) retrieved from /home/airflow/.local/lib/python3.7/site-packages/airflow/example_dags/example_branch_python_dop_operator_3.py
[2023-04-02T10:35:56.316+0000] {logging_mixin.py:137} INFO - [2023-04-02T10:35:56.316+0000] {dag.py:2705} INFO - Sync 1 DAGs
[2023-04-02T10:35:56.382+0000] {logging_mixin.py:137} INFO - [2023-04-02T10:35:56.382+0000] {dag.py:3456} INFO - Setting next_dagrun for example_branch_dop_operator_v3 to 2023-04-02T10:34:00+00:00, run_after=2023-04-02T10:35:00+00:00
[2023-04-02T10:35:56.419+0000] {processor.py:175} INFO - Processing /home/airflow/.local/lib/python3.7/site-packages/airflow/example_dags/example_branch_python_dop_operator_3.py took 0.233 seconds
[2023-04-02T10:36:26.578+0000] {processor.py:153} INFO - Started process (PID=1743) to work on /home/airflow/.local/lib/python3.7/site-packages/airflow/example_dags/example_branch_python_dop_operator_3.py
[2023-04-02T10:36:26.579+0000] {processor.py:743} INFO - Processing file /home/airflow/.local/lib/python3.7/site-packages/airflow/example_dags/example_branch_python_dop_operator_3.py for tasks to queue
[2023-04-02T10:36:26.582+0000] {logging_mixin.py:137} INFO - [2023-04-02T10:36:26.582+0000] {dagbag.py:532} INFO - Filling up the DagBag from /home/airflow/.local/lib/python3.7/site-packages/airflow/example_dags/example_branch_python_dop_operator_3.py
[2023-04-02T10:36:26.617+0000] {processor.py:753} INFO - DAG(s) dict_keys(['example_branch_dop_operator_v3']) retrieved from /home/airflow/.local/lib/python3.7/site-packages/airflow/example_dags/example_branch_python_dop_operator_3.py
[2023-04-02T10:36:26.653+0000] {logging_mixin.py:137} INFO - [2023-04-02T10:36:26.652+0000] {dag.py:2705} INFO - Sync 1 DAGs
[2023-04-02T10:36:26.695+0000] {logging_mixin.py:137} INFO - [2023-04-02T10:36:26.694+0000] {dag.py:3456} INFO - Setting next_dagrun for example_branch_dop_operator_v3 to 2023-04-02T10:35:00+00:00, run_after=2023-04-02T10:36:00+00:00
[2023-04-02T10:36:26.727+0000] {processor.py:175} INFO - Processing /home/airflow/.local/lib/python3.7/site-packages/airflow/example_dags/example_branch_python_dop_operator_3.py took 0.158 seconds
[2023-04-02T10:36:56.970+0000] {processor.py:153} INFO - Started process (PID=1961) to work on /home/airflow/.local/lib/python3.7/site-packages/airflow/example_dags/example_branch_python_dop_operator_3.py
[2023-04-02T10:36:56.975+0000] {processor.py:743} INFO - Processing file /home/airflow/.local/lib/python3.7/site-packages/airflow/example_dags/example_branch_python_dop_operator_3.py for tasks to queue
[2023-04-02T10:36:56.983+0000] {logging_mixin.py:137} INFO - [2023-04-02T10:36:56.983+0000] {dagbag.py:532} INFO - Filling up the DagBag from /home/airflow/.local/lib/python3.7/site-packages/airflow/example_dags/example_branch_python_dop_operator_3.py
[2023-04-02T10:36:57.096+0000] {processor.py:753} INFO - DAG(s) dict_keys(['example_branch_dop_operator_v3']) retrieved from /home/airflow/.local/lib/python3.7/site-packages/airflow/example_dags/example_branch_python_dop_operator_3.py
[2023-04-02T10:36:57.170+0000] {logging_mixin.py:137} INFO - [2023-04-02T10:36:57.170+0000] {dag.py:2705} INFO - Sync 1 DAGs
[2023-04-02T10:36:57.250+0000] {logging_mixin.py:137} INFO - [2023-04-02T10:36:57.249+0000] {dag.py:3456} INFO - Setting next_dagrun for example_branch_dop_operator_v3 to 2023-04-02T10:35:00+00:00, run_after=2023-04-02T10:36:00+00:00
[2023-04-02T10:36:57.313+0000] {processor.py:175} INFO - Processing /home/airflow/.local/lib/python3.7/site-packages/airflow/example_dags/example_branch_python_dop_operator_3.py took 0.356 seconds
[2023-04-02T10:37:27.429+0000] {processor.py:153} INFO - Started process (PID=2179) to work on /home/airflow/.local/lib/python3.7/site-packages/airflow/example_dags/example_branch_python_dop_operator_3.py
[2023-04-02T10:37:27.432+0000] {processor.py:743} INFO - Processing file /home/airflow/.local/lib/python3.7/site-packages/airflow/example_dags/example_branch_python_dop_operator_3.py for tasks to queue
[2023-04-02T10:37:27.433+0000] {logging_mixin.py:137} INFO - [2023-04-02T10:37:27.433+0000] {dagbag.py:532} INFO - Filling up the DagBag from /home/airflow/.local/lib/python3.7/site-packages/airflow/example_dags/example_branch_python_dop_operator_3.py
[2023-04-02T10:37:27.477+0000] {processor.py:753} INFO - DAG(s) dict_keys(['example_branch_dop_operator_v3']) retrieved from /home/airflow/.local/lib/python3.7/site-packages/airflow/example_dags/example_branch_python_dop_operator_3.py
[2023-04-02T10:37:27.521+0000] {logging_mixin.py:137} INFO - [2023-04-02T10:37:27.521+0000] {dag.py:2705} INFO - Sync 1 DAGs
[2023-04-02T10:37:27.576+0000] {logging_mixin.py:137} INFO - [2023-04-02T10:37:27.575+0000] {dag.py:3456} INFO - Setting next_dagrun for example_branch_dop_operator_v3 to 2023-04-02T10:36:00+00:00, run_after=2023-04-02T10:37:00+00:00
[2023-04-02T10:37:27.613+0000] {processor.py:175} INFO - Processing /home/airflow/.local/lib/python3.7/site-packages/airflow/example_dags/example_branch_python_dop_operator_3.py took 0.190 seconds
[2023-04-02T10:37:58.504+0000] {processor.py:153} INFO - Started process (PID=2397) to work on /home/airflow/.local/lib/python3.7/site-packages/airflow/example_dags/example_branch_python_dop_operator_3.py
[2023-04-02T10:37:58.507+0000] {processor.py:743} INFO - Processing file /home/airflow/.local/lib/python3.7/site-packages/airflow/example_dags/example_branch_python_dop_operator_3.py for tasks to queue
[2023-04-02T10:37:58.509+0000] {logging_mixin.py:137} INFO - [2023-04-02T10:37:58.509+0000] {dagbag.py:532} INFO - Filling up the DagBag from /home/airflow/.local/lib/python3.7/site-packages/airflow/example_dags/example_branch_python_dop_operator_3.py
[2023-04-02T10:37:58.545+0000] {processor.py:753} INFO - DAG(s) dict_keys(['example_branch_dop_operator_v3']) retrieved from /home/airflow/.local/lib/python3.7/site-packages/airflow/example_dags/example_branch_python_dop_operator_3.py
[2023-04-02T10:37:58.579+0000] {logging_mixin.py:137} INFO - [2023-04-02T10:37:58.579+0000] {dag.py:2705} INFO - Sync 1 DAGs
[2023-04-02T10:37:58.642+0000] {logging_mixin.py:137} INFO - [2023-04-02T10:37:58.641+0000] {dag.py:3456} INFO - Setting next_dagrun for example_branch_dop_operator_v3 to 2023-04-02T10:36:00+00:00, run_after=2023-04-02T10:37:00+00:00
[2023-04-02T10:37:58.670+0000] {processor.py:175} INFO - Processing /home/airflow/.local/lib/python3.7/site-packages/airflow/example_dags/example_branch_python_dop_operator_3.py took 0.174 seconds
[2023-04-02T10:38:29.632+0000] {processor.py:153} INFO - Started process (PID=2615) to work on /home/airflow/.local/lib/python3.7/site-packages/airflow/example_dags/example_branch_python_dop_operator_3.py
[2023-04-02T10:38:29.634+0000] {processor.py:743} INFO - Processing file /home/airflow/.local/lib/python3.7/site-packages/airflow/example_dags/example_branch_python_dop_operator_3.py for tasks to queue
[2023-04-02T10:38:29.637+0000] {logging_mixin.py:137} INFO - [2023-04-02T10:38:29.636+0000] {dagbag.py:532} INFO - Filling up the DagBag from /home/airflow/.local/lib/python3.7/site-packages/airflow/example_dags/example_branch_python_dop_operator_3.py
[2023-04-02T10:38:29.673+0000] {processor.py:753} INFO - DAG(s) dict_keys(['example_branch_dop_operator_v3']) retrieved from /home/airflow/.local/lib/python3.7/site-packages/airflow/example_dags/example_branch_python_dop_operator_3.py
[2023-04-02T10:38:29.711+0000] {logging_mixin.py:137} INFO - [2023-04-02T10:38:29.710+0000] {dag.py:2705} INFO - Sync 1 DAGs
[2023-04-02T10:38:29.753+0000] {logging_mixin.py:137} INFO - [2023-04-02T10:38:29.753+0000] {dag.py:3456} INFO - Setting next_dagrun for example_branch_dop_operator_v3 to 2023-04-02T10:37:00+00:00, run_after=2023-04-02T10:38:00+00:00
[2023-04-02T10:38:29.786+0000] {processor.py:175} INFO - Processing /home/airflow/.local/lib/python3.7/site-packages/airflow/example_dags/example_branch_python_dop_operator_3.py took 0.161 seconds
[2023-04-02T10:39:00.189+0000] {processor.py:153} INFO - Started process (PID=2833) to work on /home/airflow/.local/lib/python3.7/site-packages/airflow/example_dags/example_branch_python_dop_operator_3.py
[2023-04-02T10:39:00.192+0000] {processor.py:743} INFO - Processing file /home/airflow/.local/lib/python3.7/site-packages/airflow/example_dags/example_branch_python_dop_operator_3.py for tasks to queue
[2023-04-02T10:39:00.194+0000] {logging_mixin.py:137} INFO - [2023-04-02T10:39:00.194+0000] {dagbag.py:532} INFO - Filling up the DagBag from /home/airflow/.local/lib/python3.7/site-packages/airflow/example_dags/example_branch_python_dop_operator_3.py
[2023-04-02T10:39:00.233+0000] {processor.py:753} INFO - DAG(s) dict_keys(['example_branch_dop_operator_v3']) retrieved from /home/airflow/.local/lib/python3.7/site-packages/airflow/example_dags/example_branch_python_dop_operator_3.py
[2023-04-02T10:39:00.269+0000] {logging_mixin.py:137} INFO - [2023-04-02T10:39:00.269+0000] {dag.py:2705} INFO - Sync 1 DAGs
[2023-04-02T10:39:00.319+0000] {logging_mixin.py:137} INFO - [2023-04-02T10:39:00.318+0000] {dag.py:3456} INFO - Setting next_dagrun for example_branch_dop_operator_v3 to 2023-04-02T10:38:00+00:00, run_after=2023-04-02T10:39:00+00:00
[2023-04-02T10:39:00.356+0000] {processor.py:175} INFO - Processing /home/airflow/.local/lib/python3.7/site-packages/airflow/example_dags/example_branch_python_dop_operator_3.py took 0.173 seconds
[2023-04-02T10:39:31.275+0000] {processor.py:153} INFO - Started process (PID=3051) to work on /home/airflow/.local/lib/python3.7/site-packages/airflow/example_dags/example_branch_python_dop_operator_3.py
[2023-04-02T10:39:31.279+0000] {processor.py:743} INFO - Processing file /home/airflow/.local/lib/python3.7/site-packages/airflow/example_dags/example_branch_python_dop_operator_3.py for tasks to queue
[2023-04-02T10:39:31.283+0000] {logging_mixin.py:137} INFO - [2023-04-02T10:39:31.282+0000] {dagbag.py:532} INFO - Filling up the DagBag from /home/airflow/.local/lib/python3.7/site-packages/airflow/example_dags/example_branch_python_dop_operator_3.py
[2023-04-02T10:39:31.347+0000] {processor.py:753} INFO - DAG(s) dict_keys(['example_branch_dop_operator_v3']) retrieved from /home/airflow/.local/lib/python3.7/site-packages/airflow/example_dags/example_branch_python_dop_operator_3.py
[2023-04-02T10:39:31.398+0000] {logging_mixin.py:137} INFO - [2023-04-02T10:39:31.397+0000] {dag.py:2705} INFO - Sync 1 DAGs
[2023-04-02T10:39:31.524+0000] {logging_mixin.py:137} INFO - [2023-04-02T10:39:31.524+0000] {dag.py:3456} INFO - Setting next_dagrun for example_branch_dop_operator_v3 to 2023-04-02T10:38:00+00:00, run_after=2023-04-02T10:39:00+00:00
[2023-04-02T10:39:31.564+0000] {processor.py:175} INFO - Processing /home/airflow/.local/lib/python3.7/site-packages/airflow/example_dags/example_branch_python_dop_operator_3.py took 0.294 seconds
[2023-04-02T10:40:02.344+0000] {processor.py:153} INFO - Started process (PID=3270) to work on /home/airflow/.local/lib/python3.7/site-packages/airflow/example_dags/example_branch_python_dop_operator_3.py
[2023-04-02T10:40:02.357+0000] {processor.py:743} INFO - Processing file /home/airflow/.local/lib/python3.7/site-packages/airflow/example_dags/example_branch_python_dop_operator_3.py for tasks to queue
[2023-04-02T10:40:02.362+0000] {logging_mixin.py:137} INFO - [2023-04-02T10:40:02.361+0000] {dagbag.py:532} INFO - Filling up the DagBag from /home/airflow/.local/lib/python3.7/site-packages/airflow/example_dags/example_branch_python_dop_operator_3.py
[2023-04-02T10:40:02.461+0000] {processor.py:753} INFO - DAG(s) dict_keys(['example_branch_dop_operator_v3']) retrieved from /home/airflow/.local/lib/python3.7/site-packages/airflow/example_dags/example_branch_python_dop_operator_3.py
[2023-04-02T10:40:02.567+0000] {logging_mixin.py:137} INFO - [2023-04-02T10:40:02.567+0000] {dag.py:2705} INFO - Sync 1 DAGs
[2023-04-02T10:40:02.679+0000] {logging_mixin.py:137} INFO - [2023-04-02T10:40:02.679+0000] {dag.py:3456} INFO - Setting next_dagrun for example_branch_dop_operator_v3 to 2023-04-02T10:39:00+00:00, run_after=2023-04-02T10:40:00+00:00
[2023-04-02T10:40:02.747+0000] {processor.py:175} INFO - Processing /home/airflow/.local/lib/python3.7/site-packages/airflow/example_dags/example_branch_python_dop_operator_3.py took 0.418 seconds
[2023-04-02T10:40:33.268+0000] {processor.py:153} INFO - Started process (PID=3489) to work on /home/airflow/.local/lib/python3.7/site-packages/airflow/example_dags/example_branch_python_dop_operator_3.py
[2023-04-02T10:40:33.271+0000] {processor.py:743} INFO - Processing file /home/airflow/.local/lib/python3.7/site-packages/airflow/example_dags/example_branch_python_dop_operator_3.py for tasks to queue
[2023-04-02T10:40:33.275+0000] {logging_mixin.py:137} INFO - [2023-04-02T10:40:33.274+0000] {dagbag.py:532} INFO - Filling up the DagBag from /home/airflow/.local/lib/python3.7/site-packages/airflow/example_dags/example_branch_python_dop_operator_3.py
[2023-04-02T10:40:33.308+0000] {processor.py:753} INFO - DAG(s) dict_keys(['example_branch_dop_operator_v3']) retrieved from /home/airflow/.local/lib/python3.7/site-packages/airflow/example_dags/example_branch_python_dop_operator_3.py
[2023-04-02T10:40:33.347+0000] {logging_mixin.py:137} INFO - [2023-04-02T10:40:33.347+0000] {dag.py:2705} INFO - Sync 1 DAGs
[2023-04-02T10:40:33.414+0000] {logging_mixin.py:137} INFO - [2023-04-02T10:40:33.414+0000] {dag.py:3456} INFO - Setting next_dagrun for example_branch_dop_operator_v3 to 2023-04-02T10:39:00+00:00, run_after=2023-04-02T10:40:00+00:00
[2023-04-02T10:40:33.488+0000] {processor.py:175} INFO - Processing /home/airflow/.local/lib/python3.7/site-packages/airflow/example_dags/example_branch_python_dop_operator_3.py took 0.230 seconds
[2023-04-02T10:41:04.242+0000] {processor.py:153} INFO - Started process (PID=3708) to work on /home/airflow/.local/lib/python3.7/site-packages/airflow/example_dags/example_branch_python_dop_operator_3.py
[2023-04-02T10:41:04.248+0000] {processor.py:743} INFO - Processing file /home/airflow/.local/lib/python3.7/site-packages/airflow/example_dags/example_branch_python_dop_operator_3.py for tasks to queue
[2023-04-02T10:41:04.253+0000] {logging_mixin.py:137} INFO - [2023-04-02T10:41:04.252+0000] {dagbag.py:532} INFO - Filling up the DagBag from /home/airflow/.local/lib/python3.7/site-packages/airflow/example_dags/example_branch_python_dop_operator_3.py
[2023-04-02T10:41:04.320+0000] {processor.py:753} INFO - DAG(s) dict_keys(['example_branch_dop_operator_v3']) retrieved from /home/airflow/.local/lib/python3.7/site-packages/airflow/example_dags/example_branch_python_dop_operator_3.py
[2023-04-02T10:41:04.399+0000] {logging_mixin.py:137} INFO - [2023-04-02T10:41:04.399+0000] {dag.py:2705} INFO - Sync 1 DAGs
[2023-04-02T10:41:04.587+0000] {logging_mixin.py:137} INFO - [2023-04-02T10:41:04.587+0000] {dag.py:3456} INFO - Setting next_dagrun for example_branch_dop_operator_v3 to 2023-04-02T10:40:00+00:00, run_after=2023-04-02T10:41:00+00:00
[2023-04-02T10:41:04.643+0000] {processor.py:175} INFO - Processing /home/airflow/.local/lib/python3.7/site-packages/airflow/example_dags/example_branch_python_dop_operator_3.py took 0.420 seconds
[2023-04-02T10:41:35.738+0000] {processor.py:153} INFO - Started process (PID=3932) to work on /home/airflow/.local/lib/python3.7/site-packages/airflow/example_dags/example_branch_python_dop_operator_3.py
[2023-04-02T10:41:35.747+0000] {processor.py:743} INFO - Processing file /home/airflow/.local/lib/python3.7/site-packages/airflow/example_dags/example_branch_python_dop_operator_3.py for tasks to queue
[2023-04-02T10:41:35.752+0000] {logging_mixin.py:137} INFO - [2023-04-02T10:41:35.752+0000] {dagbag.py:532} INFO - Filling up the DagBag from /home/airflow/.local/lib/python3.7/site-packages/airflow/example_dags/example_branch_python_dop_operator_3.py
[2023-04-02T10:41:35.847+0000] {processor.py:753} INFO - DAG(s) dict_keys(['example_branch_dop_operator_v3']) retrieved from /home/airflow/.local/lib/python3.7/site-packages/airflow/example_dags/example_branch_python_dop_operator_3.py
[2023-04-02T10:41:35.921+0000] {logging_mixin.py:137} INFO - [2023-04-02T10:41:35.920+0000] {dag.py:2705} INFO - Sync 1 DAGs
[2023-04-02T10:41:36.033+0000] {logging_mixin.py:137} INFO - [2023-04-02T10:41:36.033+0000] {dag.py:3456} INFO - Setting next_dagrun for example_branch_dop_operator_v3 to 2023-04-02T10:40:00+00:00, run_after=2023-04-02T10:41:00+00:00
[2023-04-02T10:41:36.092+0000] {processor.py:175} INFO - Processing /home/airflow/.local/lib/python3.7/site-packages/airflow/example_dags/example_branch_python_dop_operator_3.py took 0.362 seconds
[2023-04-02T10:42:06.320+0000] {processor.py:153} INFO - Started process (PID=4149) to work on /home/airflow/.local/lib/python3.7/site-packages/airflow/example_dags/example_branch_python_dop_operator_3.py
[2023-04-02T10:42:06.431+0000] {processor.py:743} INFO - Processing file /home/airflow/.local/lib/python3.7/site-packages/airflow/example_dags/example_branch_python_dop_operator_3.py for tasks to queue
[2023-04-02T10:42:06.432+0000] {logging_mixin.py:137} INFO - [2023-04-02T10:42:06.432+0000] {dagbag.py:532} INFO - Filling up the DagBag from /home/airflow/.local/lib/python3.7/site-packages/airflow/example_dags/example_branch_python_dop_operator_3.py
[2023-04-02T10:42:06.601+0000] {processor.py:753} INFO - DAG(s) dict_keys(['example_branch_dop_operator_v3']) retrieved from /home/airflow/.local/lib/python3.7/site-packages/airflow/example_dags/example_branch_python_dop_operator_3.py
[2023-04-02T10:42:06.758+0000] {logging_mixin.py:137} INFO - [2023-04-02T10:42:06.757+0000] {dag.py:2705} INFO - Sync 1 DAGs
[2023-04-02T10:42:06.869+0000] {logging_mixin.py:137} INFO - [2023-04-02T10:42:06.868+0000] {dag.py:3456} INFO - Setting next_dagrun for example_branch_dop_operator_v3 to 2023-04-02T10:41:00+00:00, run_after=2023-04-02T10:42:00+00:00
[2023-04-02T10:42:07.150+0000] {processor.py:175} INFO - Processing /home/airflow/.local/lib/python3.7/site-packages/airflow/example_dags/example_branch_python_dop_operator_3.py took 0.849 seconds
[2023-04-02T10:42:37.911+0000] {processor.py:153} INFO - Started process (PID=4367) to work on /home/airflow/.local/lib/python3.7/site-packages/airflow/example_dags/example_branch_python_dop_operator_3.py
[2023-04-02T10:42:37.922+0000] {processor.py:743} INFO - Processing file /home/airflow/.local/lib/python3.7/site-packages/airflow/example_dags/example_branch_python_dop_operator_3.py for tasks to queue
[2023-04-02T10:42:37.925+0000] {logging_mixin.py:137} INFO - [2023-04-02T10:42:37.925+0000] {dagbag.py:532} INFO - Filling up the DagBag from /home/airflow/.local/lib/python3.7/site-packages/airflow/example_dags/example_branch_python_dop_operator_3.py
[2023-04-02T10:42:37.973+0000] {processor.py:753} INFO - DAG(s) dict_keys(['example_branch_dop_operator_v3']) retrieved from /home/airflow/.local/lib/python3.7/site-packages/airflow/example_dags/example_branch_python_dop_operator_3.py
[2023-04-02T10:42:38.028+0000] {logging_mixin.py:137} INFO - [2023-04-02T10:42:38.028+0000] {dag.py:2705} INFO - Sync 1 DAGs
[2023-04-02T10:42:38.074+0000] {logging_mixin.py:137} INFO - [2023-04-02T10:42:38.074+0000] {dag.py:3456} INFO - Setting next_dagrun for example_branch_dop_operator_v3 to 2023-04-02T10:41:00+00:00, run_after=2023-04-02T10:42:00+00:00
[2023-04-02T10:42:38.115+0000] {processor.py:175} INFO - Processing /home/airflow/.local/lib/python3.7/site-packages/airflow/example_dags/example_branch_python_dop_operator_3.py took 0.218 seconds
[2023-04-02T10:43:08.341+0000] {processor.py:153} INFO - Started process (PID=4585) to work on /home/airflow/.local/lib/python3.7/site-packages/airflow/example_dags/example_branch_python_dop_operator_3.py
[2023-04-02T10:43:08.348+0000] {processor.py:743} INFO - Processing file /home/airflow/.local/lib/python3.7/site-packages/airflow/example_dags/example_branch_python_dop_operator_3.py for tasks to queue
[2023-04-02T10:43:08.352+0000] {logging_mixin.py:137} INFO - [2023-04-02T10:43:08.351+0000] {dagbag.py:532} INFO - Filling up the DagBag from /home/airflow/.local/lib/python3.7/site-packages/airflow/example_dags/example_branch_python_dop_operator_3.py
[2023-04-02T10:43:08.398+0000] {processor.py:753} INFO - DAG(s) dict_keys(['example_branch_dop_operator_v3']) retrieved from /home/airflow/.local/lib/python3.7/site-packages/airflow/example_dags/example_branch_python_dop_operator_3.py
[2023-04-02T10:43:08.470+0000] {logging_mixin.py:137} INFO - [2023-04-02T10:43:08.469+0000] {dag.py:2705} INFO - Sync 1 DAGs
[2023-04-02T10:43:08.566+0000] {logging_mixin.py:137} INFO - [2023-04-02T10:43:08.565+0000] {dag.py:3456} INFO - Setting next_dagrun for example_branch_dop_operator_v3 to 2023-04-02T10:42:00+00:00, run_after=2023-04-02T10:43:00+00:00
[2023-04-02T10:43:08.647+0000] {processor.py:175} INFO - Processing /home/airflow/.local/lib/python3.7/site-packages/airflow/example_dags/example_branch_python_dop_operator_3.py took 0.313 seconds
[2023-04-02T10:43:39.119+0000] {processor.py:153} INFO - Started process (PID=4806) to work on /home/airflow/.local/lib/python3.7/site-packages/airflow/example_dags/example_branch_python_dop_operator_3.py
[2023-04-02T10:43:39.129+0000] {processor.py:743} INFO - Processing file /home/airflow/.local/lib/python3.7/site-packages/airflow/example_dags/example_branch_python_dop_operator_3.py for tasks to queue
[2023-04-02T10:43:39.131+0000] {logging_mixin.py:137} INFO - [2023-04-02T10:43:39.130+0000] {dagbag.py:532} INFO - Filling up the DagBag from /home/airflow/.local/lib/python3.7/site-packages/airflow/example_dags/example_branch_python_dop_operator_3.py
[2023-04-02T10:43:39.210+0000] {processor.py:753} INFO - DAG(s) dict_keys(['example_branch_dop_operator_v3']) retrieved from /home/airflow/.local/lib/python3.7/site-packages/airflow/example_dags/example_branch_python_dop_operator_3.py
[2023-04-02T10:43:39.264+0000] {logging_mixin.py:137} INFO - [2023-04-02T10:43:39.264+0000] {dag.py:2705} INFO - Sync 1 DAGs
[2023-04-02T10:43:39.327+0000] {logging_mixin.py:137} INFO - [2023-04-02T10:43:39.327+0000] {dag.py:3456} INFO - Setting next_dagrun for example_branch_dop_operator_v3 to 2023-04-02T10:42:00+00:00, run_after=2023-04-02T10:43:00+00:00
[2023-04-02T10:43:39.361+0000] {processor.py:175} INFO - Processing /home/airflow/.local/lib/python3.7/site-packages/airflow/example_dags/example_branch_python_dop_operator_3.py took 0.252 seconds
[2023-04-02T10:44:09.920+0000] {processor.py:153} INFO - Started process (PID=5022) to work on /home/airflow/.local/lib/python3.7/site-packages/airflow/example_dags/example_branch_python_dop_operator_3.py
[2023-04-02T10:44:09.928+0000] {processor.py:743} INFO - Processing file /home/airflow/.local/lib/python3.7/site-packages/airflow/example_dags/example_branch_python_dop_operator_3.py for tasks to queue
[2023-04-02T10:44:09.932+0000] {logging_mixin.py:137} INFO - [2023-04-02T10:44:09.932+0000] {dagbag.py:532} INFO - Filling up the DagBag from /home/airflow/.local/lib/python3.7/site-packages/airflow/example_dags/example_branch_python_dop_operator_3.py
[2023-04-02T10:44:10.019+0000] {processor.py:753} INFO - DAG(s) dict_keys(['example_branch_dop_operator_v3']) retrieved from /home/airflow/.local/lib/python3.7/site-packages/airflow/example_dags/example_branch_python_dop_operator_3.py
[2023-04-02T10:44:10.084+0000] {logging_mixin.py:137} INFO - [2023-04-02T10:44:10.083+0000] {dag.py:2705} INFO - Sync 1 DAGs
[2023-04-02T10:44:10.187+0000] {logging_mixin.py:137} INFO - [2023-04-02T10:44:10.187+0000] {dag.py:3456} INFO - Setting next_dagrun for example_branch_dop_operator_v3 to 2023-04-02T10:43:00+00:00, run_after=2023-04-02T10:44:00+00:00
[2023-04-02T10:44:10.233+0000] {processor.py:175} INFO - Processing /home/airflow/.local/lib/python3.7/site-packages/airflow/example_dags/example_branch_python_dop_operator_3.py took 0.336 seconds
[2023-04-02T10:44:41.136+0000] {processor.py:153} INFO - Started process (PID=5242) to work on /home/airflow/.local/lib/python3.7/site-packages/airflow/example_dags/example_branch_python_dop_operator_3.py
[2023-04-02T10:44:41.139+0000] {processor.py:743} INFO - Processing file /home/airflow/.local/lib/python3.7/site-packages/airflow/example_dags/example_branch_python_dop_operator_3.py for tasks to queue
[2023-04-02T10:44:41.142+0000] {logging_mixin.py:137} INFO - [2023-04-02T10:44:41.142+0000] {dagbag.py:532} INFO - Filling up the DagBag from /home/airflow/.local/lib/python3.7/site-packages/airflow/example_dags/example_branch_python_dop_operator_3.py
[2023-04-02T10:44:41.185+0000] {processor.py:753} INFO - DAG(s) dict_keys(['example_branch_dop_operator_v3']) retrieved from /home/airflow/.local/lib/python3.7/site-packages/airflow/example_dags/example_branch_python_dop_operator_3.py
[2023-04-02T10:44:41.221+0000] {logging_mixin.py:137} INFO - [2023-04-02T10:44:41.221+0000] {dag.py:2705} INFO - Sync 1 DAGs
[2023-04-02T10:44:41.270+0000] {logging_mixin.py:137} INFO - [2023-04-02T10:44:41.270+0000] {dag.py:3456} INFO - Setting next_dagrun for example_branch_dop_operator_v3 to 2023-04-02T10:43:00+00:00, run_after=2023-04-02T10:44:00+00:00
[2023-04-02T10:44:41.304+0000] {processor.py:175} INFO - Processing /home/airflow/.local/lib/python3.7/site-packages/airflow/example_dags/example_branch_python_dop_operator_3.py took 0.177 seconds
[2023-04-02T10:45:11.920+0000] {processor.py:153} INFO - Started process (PID=5460) to work on /home/airflow/.local/lib/python3.7/site-packages/airflow/example_dags/example_branch_python_dop_operator_3.py
[2023-04-02T10:45:11.926+0000] {processor.py:743} INFO - Processing file /home/airflow/.local/lib/python3.7/site-packages/airflow/example_dags/example_branch_python_dop_operator_3.py for tasks to queue
[2023-04-02T10:45:11.932+0000] {logging_mixin.py:137} INFO - [2023-04-02T10:45:11.931+0000] {dagbag.py:532} INFO - Filling up the DagBag from /home/airflow/.local/lib/python3.7/site-packages/airflow/example_dags/example_branch_python_dop_operator_3.py
[2023-04-02T10:45:11.980+0000] {processor.py:753} INFO - DAG(s) dict_keys(['example_branch_dop_operator_v3']) retrieved from /home/airflow/.local/lib/python3.7/site-packages/airflow/example_dags/example_branch_python_dop_operator_3.py
[2023-04-02T10:45:12.022+0000] {logging_mixin.py:137} INFO - [2023-04-02T10:45:12.022+0000] {dag.py:2705} INFO - Sync 1 DAGs
[2023-04-02T10:45:12.077+0000] {logging_mixin.py:137} INFO - [2023-04-02T10:45:12.076+0000] {dag.py:3456} INFO - Setting next_dagrun for example_branch_dop_operator_v3 to 2023-04-02T10:44:00+00:00, run_after=2023-04-02T10:45:00+00:00
[2023-04-02T10:45:12.114+0000] {processor.py:175} INFO - Processing /home/airflow/.local/lib/python3.7/site-packages/airflow/example_dags/example_branch_python_dop_operator_3.py took 0.206 seconds
[2023-04-02T10:45:42.263+0000] {processor.py:153} INFO - Started process (PID=5675) to work on /home/airflow/.local/lib/python3.7/site-packages/airflow/example_dags/example_branch_python_dop_operator_3.py
[2023-04-02T10:45:42.278+0000] {processor.py:743} INFO - Processing file /home/airflow/.local/lib/python3.7/site-packages/airflow/example_dags/example_branch_python_dop_operator_3.py for tasks to queue
[2023-04-02T10:45:42.295+0000] {logging_mixin.py:137} INFO - [2023-04-02T10:45:42.292+0000] {dagbag.py:532} INFO - Filling up the DagBag from /home/airflow/.local/lib/python3.7/site-packages/airflow/example_dags/example_branch_python_dop_operator_3.py
[2023-04-02T10:45:42.378+0000] {processor.py:753} INFO - DAG(s) dict_keys(['example_branch_dop_operator_v3']) retrieved from /home/airflow/.local/lib/python3.7/site-packages/airflow/example_dags/example_branch_python_dop_operator_3.py
[2023-04-02T10:45:42.415+0000] {logging_mixin.py:137} INFO - [2023-04-02T10:45:42.414+0000] {dag.py:2705} INFO - Sync 1 DAGs
[2023-04-02T10:45:42.461+0000] {logging_mixin.py:137} INFO - [2023-04-02T10:45:42.461+0000] {dag.py:3456} INFO - Setting next_dagrun for example_branch_dop_operator_v3 to 2023-04-02T10:44:00+00:00, run_after=2023-04-02T10:45:00+00:00
[2023-04-02T10:45:42.501+0000] {processor.py:175} INFO - Processing /home/airflow/.local/lib/python3.7/site-packages/airflow/example_dags/example_branch_python_dop_operator_3.py took 0.271 seconds
[2023-04-02T10:46:12.819+0000] {processor.py:153} INFO - Started process (PID=5893) to work on /home/airflow/.local/lib/python3.7/site-packages/airflow/example_dags/example_branch_python_dop_operator_3.py
[2023-04-02T10:46:12.822+0000] {processor.py:743} INFO - Processing file /home/airflow/.local/lib/python3.7/site-packages/airflow/example_dags/example_branch_python_dop_operator_3.py for tasks to queue
[2023-04-02T10:46:12.825+0000] {logging_mixin.py:137} INFO - [2023-04-02T10:46:12.825+0000] {dagbag.py:532} INFO - Filling up the DagBag from /home/airflow/.local/lib/python3.7/site-packages/airflow/example_dags/example_branch_python_dop_operator_3.py
[2023-04-02T10:46:12.865+0000] {processor.py:753} INFO - DAG(s) dict_keys(['example_branch_dop_operator_v3']) retrieved from /home/airflow/.local/lib/python3.7/site-packages/airflow/example_dags/example_branch_python_dop_operator_3.py
[2023-04-02T10:46:12.903+0000] {logging_mixin.py:137} INFO - [2023-04-02T10:46:12.902+0000] {dag.py:2705} INFO - Sync 1 DAGs
[2023-04-02T10:46:12.946+0000] {logging_mixin.py:137} INFO - [2023-04-02T10:46:12.946+0000] {dag.py:3456} INFO - Setting next_dagrun for example_branch_dop_operator_v3 to 2023-04-02T10:45:00+00:00, run_after=2023-04-02T10:46:00+00:00
[2023-04-02T10:46:12.982+0000] {processor.py:175} INFO - Processing /home/airflow/.local/lib/python3.7/site-packages/airflow/example_dags/example_branch_python_dop_operator_3.py took 0.170 seconds
[2023-04-02T10:46:43.405+0000] {processor.py:153} INFO - Started process (PID=6112) to work on /home/airflow/.local/lib/python3.7/site-packages/airflow/example_dags/example_branch_python_dop_operator_3.py
[2023-04-02T10:46:43.416+0000] {processor.py:743} INFO - Processing file /home/airflow/.local/lib/python3.7/site-packages/airflow/example_dags/example_branch_python_dop_operator_3.py for tasks to queue
[2023-04-02T10:46:43.423+0000] {logging_mixin.py:137} INFO - [2023-04-02T10:46:43.422+0000] {dagbag.py:532} INFO - Filling up the DagBag from /home/airflow/.local/lib/python3.7/site-packages/airflow/example_dags/example_branch_python_dop_operator_3.py
[2023-04-02T10:46:43.501+0000] {processor.py:753} INFO - DAG(s) dict_keys(['example_branch_dop_operator_v3']) retrieved from /home/airflow/.local/lib/python3.7/site-packages/airflow/example_dags/example_branch_python_dop_operator_3.py
[2023-04-02T10:46:43.593+0000] {logging_mixin.py:137} INFO - [2023-04-02T10:46:43.591+0000] {dag.py:2705} INFO - Sync 1 DAGs
[2023-04-02T10:46:43.663+0000] {logging_mixin.py:137} INFO - [2023-04-02T10:46:43.663+0000] {dag.py:3456} INFO - Setting next_dagrun for example_branch_dop_operator_v3 to 2023-04-02T10:45:00+00:00, run_after=2023-04-02T10:46:00+00:00
[2023-04-02T10:46:43.717+0000] {processor.py:175} INFO - Processing /home/airflow/.local/lib/python3.7/site-packages/airflow/example_dags/example_branch_python_dop_operator_3.py took 0.329 seconds
[2023-04-02T10:47:14.027+0000] {processor.py:153} INFO - Started process (PID=6330) to work on /home/airflow/.local/lib/python3.7/site-packages/airflow/example_dags/example_branch_python_dop_operator_3.py
[2023-04-02T10:47:14.032+0000] {processor.py:743} INFO - Processing file /home/airflow/.local/lib/python3.7/site-packages/airflow/example_dags/example_branch_python_dop_operator_3.py for tasks to queue
[2023-04-02T10:47:14.044+0000] {logging_mixin.py:137} INFO - [2023-04-02T10:47:14.043+0000] {dagbag.py:532} INFO - Filling up the DagBag from /home/airflow/.local/lib/python3.7/site-packages/airflow/example_dags/example_branch_python_dop_operator_3.py
[2023-04-02T10:47:14.095+0000] {processor.py:753} INFO - DAG(s) dict_keys(['example_branch_dop_operator_v3']) retrieved from /home/airflow/.local/lib/python3.7/site-packages/airflow/example_dags/example_branch_python_dop_operator_3.py
[2023-04-02T10:47:14.137+0000] {logging_mixin.py:137} INFO - [2023-04-02T10:47:14.136+0000] {dag.py:2705} INFO - Sync 1 DAGs
[2023-04-02T10:47:14.189+0000] {logging_mixin.py:137} INFO - [2023-04-02T10:47:14.189+0000] {dag.py:3456} INFO - Setting next_dagrun for example_branch_dop_operator_v3 to 2023-04-02T10:46:00+00:00, run_after=2023-04-02T10:47:00+00:00
[2023-04-02T10:47:14.222+0000] {processor.py:175} INFO - Processing /home/airflow/.local/lib/python3.7/site-packages/airflow/example_dags/example_branch_python_dop_operator_3.py took 0.212 seconds
[2023-04-02T10:47:44.365+0000] {processor.py:153} INFO - Started process (PID=6548) to work on /home/airflow/.local/lib/python3.7/site-packages/airflow/example_dags/example_branch_python_dop_operator_3.py
[2023-04-02T10:47:44.368+0000] {processor.py:743} INFO - Processing file /home/airflow/.local/lib/python3.7/site-packages/airflow/example_dags/example_branch_python_dop_operator_3.py for tasks to queue
[2023-04-02T10:47:44.373+0000] {logging_mixin.py:137} INFO - [2023-04-02T10:47:44.372+0000] {dagbag.py:532} INFO - Filling up the DagBag from /home/airflow/.local/lib/python3.7/site-packages/airflow/example_dags/example_branch_python_dop_operator_3.py
[2023-04-02T10:47:44.425+0000] {processor.py:753} INFO - DAG(s) dict_keys(['example_branch_dop_operator_v3']) retrieved from /home/airflow/.local/lib/python3.7/site-packages/airflow/example_dags/example_branch_python_dop_operator_3.py
[2023-04-02T10:47:44.497+0000] {logging_mixin.py:137} INFO - [2023-04-02T10:47:44.497+0000] {dag.py:2705} INFO - Sync 1 DAGs
[2023-04-02T10:47:44.582+0000] {logging_mixin.py:137} INFO - [2023-04-02T10:47:44.582+0000] {dag.py:3456} INFO - Setting next_dagrun for example_branch_dop_operator_v3 to 2023-04-02T10:46:00+00:00, run_after=2023-04-02T10:47:00+00:00
[2023-04-02T10:47:44.658+0000] {processor.py:175} INFO - Processing /home/airflow/.local/lib/python3.7/site-packages/airflow/example_dags/example_branch_python_dop_operator_3.py took 0.297 seconds
[2023-04-02T10:48:14.709+0000] {processor.py:153} INFO - Started process (PID=6766) to work on /home/airflow/.local/lib/python3.7/site-packages/airflow/example_dags/example_branch_python_dop_operator_3.py
[2023-04-02T10:48:14.711+0000] {processor.py:743} INFO - Processing file /home/airflow/.local/lib/python3.7/site-packages/airflow/example_dags/example_branch_python_dop_operator_3.py for tasks to queue
[2023-04-02T10:48:14.713+0000] {logging_mixin.py:137} INFO - [2023-04-02T10:48:14.712+0000] {dagbag.py:532} INFO - Filling up the DagBag from /home/airflow/.local/lib/python3.7/site-packages/airflow/example_dags/example_branch_python_dop_operator_3.py
[2023-04-02T10:48:14.753+0000] {processor.py:753} INFO - DAG(s) dict_keys(['example_branch_dop_operator_v3']) retrieved from /home/airflow/.local/lib/python3.7/site-packages/airflow/example_dags/example_branch_python_dop_operator_3.py
[2023-04-02T10:48:14.788+0000] {logging_mixin.py:137} INFO - [2023-04-02T10:48:14.787+0000] {dag.py:2705} INFO - Sync 1 DAGs
[2023-04-02T10:48:14.827+0000] {logging_mixin.py:137} INFO - [2023-04-02T10:48:14.827+0000] {dag.py:3456} INFO - Setting next_dagrun for example_branch_dop_operator_v3 to 2023-04-02T10:47:00+00:00, run_after=2023-04-02T10:48:00+00:00
[2023-04-02T10:48:14.855+0000] {processor.py:175} INFO - Processing /home/airflow/.local/lib/python3.7/site-packages/airflow/example_dags/example_branch_python_dop_operator_3.py took 0.150 seconds
[2023-04-02T10:48:45.096+0000] {processor.py:153} INFO - Started process (PID=6984) to work on /home/airflow/.local/lib/python3.7/site-packages/airflow/example_dags/example_branch_python_dop_operator_3.py
[2023-04-02T10:48:45.099+0000] {processor.py:743} INFO - Processing file /home/airflow/.local/lib/python3.7/site-packages/airflow/example_dags/example_branch_python_dop_operator_3.py for tasks to queue
[2023-04-02T10:48:45.101+0000] {logging_mixin.py:137} INFO - [2023-04-02T10:48:45.101+0000] {dagbag.py:532} INFO - Filling up the DagBag from /home/airflow/.local/lib/python3.7/site-packages/airflow/example_dags/example_branch_python_dop_operator_3.py
[2023-04-02T10:48:45.136+0000] {processor.py:753} INFO - DAG(s) dict_keys(['example_branch_dop_operator_v3']) retrieved from /home/airflow/.local/lib/python3.7/site-packages/airflow/example_dags/example_branch_python_dop_operator_3.py
[2023-04-02T10:48:45.169+0000] {logging_mixin.py:137} INFO - [2023-04-02T10:48:45.169+0000] {dag.py:2705} INFO - Sync 1 DAGs
[2023-04-02T10:48:45.211+0000] {logging_mixin.py:137} INFO - [2023-04-02T10:48:45.211+0000] {dag.py:3456} INFO - Setting next_dagrun for example_branch_dop_operator_v3 to 2023-04-02T10:47:00+00:00, run_after=2023-04-02T10:48:00+00:00
[2023-04-02T10:48:45.242+0000] {processor.py:175} INFO - Processing /home/airflow/.local/lib/python3.7/site-packages/airflow/example_dags/example_branch_python_dop_operator_3.py took 0.151 seconds
[2023-04-02T10:49:15.374+0000] {processor.py:153} INFO - Started process (PID=7202) to work on /home/airflow/.local/lib/python3.7/site-packages/airflow/example_dags/example_branch_python_dop_operator_3.py
[2023-04-02T10:49:15.376+0000] {processor.py:743} INFO - Processing file /home/airflow/.local/lib/python3.7/site-packages/airflow/example_dags/example_branch_python_dop_operator_3.py for tasks to queue
[2023-04-02T10:49:15.380+0000] {logging_mixin.py:137} INFO - [2023-04-02T10:49:15.379+0000] {dagbag.py:532} INFO - Filling up the DagBag from /home/airflow/.local/lib/python3.7/site-packages/airflow/example_dags/example_branch_python_dop_operator_3.py
[2023-04-02T10:49:15.434+0000] {processor.py:753} INFO - DAG(s) dict_keys(['example_branch_dop_operator_v3']) retrieved from /home/airflow/.local/lib/python3.7/site-packages/airflow/example_dags/example_branch_python_dop_operator_3.py
[2023-04-02T10:49:15.492+0000] {logging_mixin.py:137} INFO - [2023-04-02T10:49:15.492+0000] {dag.py:2705} INFO - Sync 1 DAGs
[2023-04-02T10:49:15.560+0000] {logging_mixin.py:137} INFO - [2023-04-02T10:49:15.560+0000] {dag.py:3456} INFO - Setting next_dagrun for example_branch_dop_operator_v3 to 2023-04-02T10:48:00+00:00, run_after=2023-04-02T10:49:00+00:00
[2023-04-02T10:49:15.597+0000] {processor.py:175} INFO - Processing /home/airflow/.local/lib/python3.7/site-packages/airflow/example_dags/example_branch_python_dop_operator_3.py took 0.230 seconds
[2023-04-02T10:49:46.493+0000] {processor.py:153} INFO - Started process (PID=7420) to work on /home/airflow/.local/lib/python3.7/site-packages/airflow/example_dags/example_branch_python_dop_operator_3.py
[2023-04-02T10:49:46.495+0000] {processor.py:743} INFO - Processing file /home/airflow/.local/lib/python3.7/site-packages/airflow/example_dags/example_branch_python_dop_operator_3.py for tasks to queue
[2023-04-02T10:49:46.498+0000] {logging_mixin.py:137} INFO - [2023-04-02T10:49:46.498+0000] {dagbag.py:532} INFO - Filling up the DagBag from /home/airflow/.local/lib/python3.7/site-packages/airflow/example_dags/example_branch_python_dop_operator_3.py
[2023-04-02T10:49:46.543+0000] {processor.py:753} INFO - DAG(s) dict_keys(['example_branch_dop_operator_v3']) retrieved from /home/airflow/.local/lib/python3.7/site-packages/airflow/example_dags/example_branch_python_dop_operator_3.py
[2023-04-02T10:49:46.593+0000] {logging_mixin.py:137} INFO - [2023-04-02T10:49:46.592+0000] {dag.py:2705} INFO - Sync 1 DAGs
[2023-04-02T10:49:46.660+0000] {logging_mixin.py:137} INFO - [2023-04-02T10:49:46.659+0000] {dag.py:3456} INFO - Setting next_dagrun for example_branch_dop_operator_v3 to 2023-04-02T10:48:00+00:00, run_after=2023-04-02T10:49:00+00:00
[2023-04-02T10:49:46.699+0000] {processor.py:175} INFO - Processing /home/airflow/.local/lib/python3.7/site-packages/airflow/example_dags/example_branch_python_dop_operator_3.py took 0.212 seconds
[2023-04-02T10:50:17.353+0000] {processor.py:153} INFO - Started process (PID=7638) to work on /home/airflow/.local/lib/python3.7/site-packages/airflow/example_dags/example_branch_python_dop_operator_3.py
[2023-04-02T10:50:17.357+0000] {processor.py:743} INFO - Processing file /home/airflow/.local/lib/python3.7/site-packages/airflow/example_dags/example_branch_python_dop_operator_3.py for tasks to queue
[2023-04-02T10:50:17.360+0000] {logging_mixin.py:137} INFO - [2023-04-02T10:50:17.360+0000] {dagbag.py:532} INFO - Filling up the DagBag from /home/airflow/.local/lib/python3.7/site-packages/airflow/example_dags/example_branch_python_dop_operator_3.py
[2023-04-02T10:50:17.392+0000] {processor.py:753} INFO - DAG(s) dict_keys(['example_branch_dop_operator_v3']) retrieved from /home/airflow/.local/lib/python3.7/site-packages/airflow/example_dags/example_branch_python_dop_operator_3.py
[2023-04-02T10:50:17.424+0000] {logging_mixin.py:137} INFO - [2023-04-02T10:50:17.424+0000] {dag.py:2705} INFO - Sync 1 DAGs
[2023-04-02T10:50:17.461+0000] {logging_mixin.py:137} INFO - [2023-04-02T10:50:17.461+0000] {dag.py:3456} INFO - Setting next_dagrun for example_branch_dop_operator_v3 to 2023-04-02T10:49:00+00:00, run_after=2023-04-02T10:50:00+00:00
[2023-04-02T10:50:17.487+0000] {processor.py:175} INFO - Processing /home/airflow/.local/lib/python3.7/site-packages/airflow/example_dags/example_branch_python_dop_operator_3.py took 0.151 seconds
[2023-04-02T10:50:48.320+0000] {processor.py:153} INFO - Started process (PID=7855) to work on /home/airflow/.local/lib/python3.7/site-packages/airflow/example_dags/example_branch_python_dop_operator_3.py
[2023-04-02T10:50:48.321+0000] {processor.py:743} INFO - Processing file /home/airflow/.local/lib/python3.7/site-packages/airflow/example_dags/example_branch_python_dop_operator_3.py for tasks to queue
[2023-04-02T10:50:48.326+0000] {logging_mixin.py:137} INFO - [2023-04-02T10:50:48.326+0000] {dagbag.py:532} INFO - Filling up the DagBag from /home/airflow/.local/lib/python3.7/site-packages/airflow/example_dags/example_branch_python_dop_operator_3.py
[2023-04-02T10:50:48.376+0000] {processor.py:753} INFO - DAG(s) dict_keys(['example_branch_dop_operator_v3']) retrieved from /home/airflow/.local/lib/python3.7/site-packages/airflow/example_dags/example_branch_python_dop_operator_3.py
[2023-04-02T10:50:48.431+0000] {logging_mixin.py:137} INFO - [2023-04-02T10:50:48.431+0000] {dag.py:2705} INFO - Sync 1 DAGs
[2023-04-02T10:50:48.470+0000] {logging_mixin.py:137} INFO - [2023-04-02T10:50:48.470+0000] {dag.py:3456} INFO - Setting next_dagrun for example_branch_dop_operator_v3 to 2023-04-02T10:49:00+00:00, run_after=2023-04-02T10:50:00+00:00
[2023-04-02T10:50:48.506+0000] {processor.py:175} INFO - Processing /home/airflow/.local/lib/python3.7/site-packages/airflow/example_dags/example_branch_python_dop_operator_3.py took 0.192 seconds
[2023-04-02T10:51:19.335+0000] {processor.py:153} INFO - Started process (PID=8073) to work on /home/airflow/.local/lib/python3.7/site-packages/airflow/example_dags/example_branch_python_dop_operator_3.py
[2023-04-02T10:51:19.339+0000] {processor.py:743} INFO - Processing file /home/airflow/.local/lib/python3.7/site-packages/airflow/example_dags/example_branch_python_dop_operator_3.py for tasks to queue
[2023-04-02T10:51:19.342+0000] {logging_mixin.py:137} INFO - [2023-04-02T10:51:19.342+0000] {dagbag.py:532} INFO - Filling up the DagBag from /home/airflow/.local/lib/python3.7/site-packages/airflow/example_dags/example_branch_python_dop_operator_3.py
[2023-04-02T10:51:19.392+0000] {processor.py:753} INFO - DAG(s) dict_keys(['example_branch_dop_operator_v3']) retrieved from /home/airflow/.local/lib/python3.7/site-packages/airflow/example_dags/example_branch_python_dop_operator_3.py
[2023-04-02T10:51:19.426+0000] {logging_mixin.py:137} INFO - [2023-04-02T10:51:19.426+0000] {dag.py:2705} INFO - Sync 1 DAGs
[2023-04-02T10:51:19.464+0000] {logging_mixin.py:137} INFO - [2023-04-02T10:51:19.464+0000] {dag.py:3456} INFO - Setting next_dagrun for example_branch_dop_operator_v3 to 2023-04-02T10:50:00+00:00, run_after=2023-04-02T10:51:00+00:00
[2023-04-02T10:51:19.499+0000] {processor.py:175} INFO - Processing /home/airflow/.local/lib/python3.7/site-packages/airflow/example_dags/example_branch_python_dop_operator_3.py took 0.171 seconds
[2023-04-02T10:51:49.781+0000] {processor.py:153} INFO - Started process (PID=8291) to work on /home/airflow/.local/lib/python3.7/site-packages/airflow/example_dags/example_branch_python_dop_operator_3.py
[2023-04-02T10:51:49.783+0000] {processor.py:743} INFO - Processing file /home/airflow/.local/lib/python3.7/site-packages/airflow/example_dags/example_branch_python_dop_operator_3.py for tasks to queue
[2023-04-02T10:51:49.786+0000] {logging_mixin.py:137} INFO - [2023-04-02T10:51:49.786+0000] {dagbag.py:532} INFO - Filling up the DagBag from /home/airflow/.local/lib/python3.7/site-packages/airflow/example_dags/example_branch_python_dop_operator_3.py
[2023-04-02T10:51:49.818+0000] {processor.py:753} INFO - DAG(s) dict_keys(['example_branch_dop_operator_v3']) retrieved from /home/airflow/.local/lib/python3.7/site-packages/airflow/example_dags/example_branch_python_dop_operator_3.py
[2023-04-02T10:51:49.849+0000] {logging_mixin.py:137} INFO - [2023-04-02T10:51:49.849+0000] {dag.py:2705} INFO - Sync 1 DAGs
[2023-04-02T10:51:49.892+0000] {logging_mixin.py:137} INFO - [2023-04-02T10:51:49.892+0000] {dag.py:3456} INFO - Setting next_dagrun for example_branch_dop_operator_v3 to 2023-04-02T10:50:00+00:00, run_after=2023-04-02T10:51:00+00:00
[2023-04-02T10:51:49.919+0000] {processor.py:175} INFO - Processing /home/airflow/.local/lib/python3.7/site-packages/airflow/example_dags/example_branch_python_dop_operator_3.py took 0.145 seconds
[2023-04-02T10:52:20.016+0000] {processor.py:153} INFO - Started process (PID=8509) to work on /home/airflow/.local/lib/python3.7/site-packages/airflow/example_dags/example_branch_python_dop_operator_3.py
[2023-04-02T10:52:20.017+0000] {processor.py:743} INFO - Processing file /home/airflow/.local/lib/python3.7/site-packages/airflow/example_dags/example_branch_python_dop_operator_3.py for tasks to queue
[2023-04-02T10:52:20.021+0000] {logging_mixin.py:137} INFO - [2023-04-02T10:52:20.021+0000] {dagbag.py:532} INFO - Filling up the DagBag from /home/airflow/.local/lib/python3.7/site-packages/airflow/example_dags/example_branch_python_dop_operator_3.py
[2023-04-02T10:52:20.053+0000] {processor.py:753} INFO - DAG(s) dict_keys(['example_branch_dop_operator_v3']) retrieved from /home/airflow/.local/lib/python3.7/site-packages/airflow/example_dags/example_branch_python_dop_operator_3.py
[2023-04-02T10:52:20.083+0000] {logging_mixin.py:137} INFO - [2023-04-02T10:52:20.083+0000] {dag.py:2705} INFO - Sync 1 DAGs
[2023-04-02T10:52:20.125+0000] {logging_mixin.py:137} INFO - [2023-04-02T10:52:20.125+0000] {dag.py:3456} INFO - Setting next_dagrun for example_branch_dop_operator_v3 to 2023-04-02T10:51:00+00:00, run_after=2023-04-02T10:52:00+00:00
[2023-04-02T10:52:20.156+0000] {processor.py:175} INFO - Processing /home/airflow/.local/lib/python3.7/site-packages/airflow/example_dags/example_branch_python_dop_operator_3.py took 0.148 seconds
[2023-04-02T10:52:50.712+0000] {processor.py:153} INFO - Started process (PID=8728) to work on /home/airflow/.local/lib/python3.7/site-packages/airflow/example_dags/example_branch_python_dop_operator_3.py
[2023-04-02T10:52:50.718+0000] {processor.py:743} INFO - Processing file /home/airflow/.local/lib/python3.7/site-packages/airflow/example_dags/example_branch_python_dop_operator_3.py for tasks to queue
[2023-04-02T10:52:50.725+0000] {logging_mixin.py:137} INFO - [2023-04-02T10:52:50.724+0000] {dagbag.py:532} INFO - Filling up the DagBag from /home/airflow/.local/lib/python3.7/site-packages/airflow/example_dags/example_branch_python_dop_operator_3.py
[2023-04-02T10:52:50.771+0000] {processor.py:753} INFO - DAG(s) dict_keys(['example_branch_dop_operator_v3']) retrieved from /home/airflow/.local/lib/python3.7/site-packages/airflow/example_dags/example_branch_python_dop_operator_3.py
[2023-04-02T10:52:50.809+0000] {logging_mixin.py:137} INFO - [2023-04-02T10:52:50.809+0000] {dag.py:2705} INFO - Sync 1 DAGs
[2023-04-02T10:52:50.857+0000] {logging_mixin.py:137} INFO - [2023-04-02T10:52:50.857+0000] {dag.py:3456} INFO - Setting next_dagrun for example_branch_dop_operator_v3 to 2023-04-02T10:51:00+00:00, run_after=2023-04-02T10:52:00+00:00
[2023-04-02T10:52:50.905+0000] {processor.py:175} INFO - Processing /home/airflow/.local/lib/python3.7/site-packages/airflow/example_dags/example_branch_python_dop_operator_3.py took 0.216 seconds
[2023-04-02T10:53:21.795+0000] {processor.py:153} INFO - Started process (PID=8946) to work on /home/airflow/.local/lib/python3.7/site-packages/airflow/example_dags/example_branch_python_dop_operator_3.py
[2023-04-02T10:53:21.796+0000] {processor.py:743} INFO - Processing file /home/airflow/.local/lib/python3.7/site-packages/airflow/example_dags/example_branch_python_dop_operator_3.py for tasks to queue
[2023-04-02T10:53:21.801+0000] {logging_mixin.py:137} INFO - [2023-04-02T10:53:21.801+0000] {dagbag.py:532} INFO - Filling up the DagBag from /home/airflow/.local/lib/python3.7/site-packages/airflow/example_dags/example_branch_python_dop_operator_3.py
[2023-04-02T10:53:21.833+0000] {processor.py:753} INFO - DAG(s) dict_keys(['example_branch_dop_operator_v3']) retrieved from /home/airflow/.local/lib/python3.7/site-packages/airflow/example_dags/example_branch_python_dop_operator_3.py
[2023-04-02T10:53:21.865+0000] {logging_mixin.py:137} INFO - [2023-04-02T10:53:21.865+0000] {dag.py:2705} INFO - Sync 1 DAGs
[2023-04-02T10:53:21.903+0000] {logging_mixin.py:137} INFO - [2023-04-02T10:53:21.903+0000] {dag.py:3456} INFO - Setting next_dagrun for example_branch_dop_operator_v3 to 2023-04-02T10:52:00+00:00, run_after=2023-04-02T10:53:00+00:00
[2023-04-02T10:53:21.929+0000] {processor.py:175} INFO - Processing /home/airflow/.local/lib/python3.7/site-packages/airflow/example_dags/example_branch_python_dop_operator_3.py took 0.141 seconds
[2023-04-02T10:53:52.323+0000] {processor.py:153} INFO - Started process (PID=9164) to work on /home/airflow/.local/lib/python3.7/site-packages/airflow/example_dags/example_branch_python_dop_operator_3.py
[2023-04-02T10:53:52.325+0000] {processor.py:743} INFO - Processing file /home/airflow/.local/lib/python3.7/site-packages/airflow/example_dags/example_branch_python_dop_operator_3.py for tasks to queue
[2023-04-02T10:53:52.327+0000] {logging_mixin.py:137} INFO - [2023-04-02T10:53:52.327+0000] {dagbag.py:532} INFO - Filling up the DagBag from /home/airflow/.local/lib/python3.7/site-packages/airflow/example_dags/example_branch_python_dop_operator_3.py
[2023-04-02T10:53:52.357+0000] {processor.py:753} INFO - DAG(s) dict_keys(['example_branch_dop_operator_v3']) retrieved from /home/airflow/.local/lib/python3.7/site-packages/airflow/example_dags/example_branch_python_dop_operator_3.py
[2023-04-02T10:53:52.393+0000] {logging_mixin.py:137} INFO - [2023-04-02T10:53:52.392+0000] {dag.py:2705} INFO - Sync 1 DAGs
[2023-04-02T10:53:52.431+0000] {logging_mixin.py:137} INFO - [2023-04-02T10:53:52.431+0000] {dag.py:3456} INFO - Setting next_dagrun for example_branch_dop_operator_v3 to 2023-04-02T10:52:00+00:00, run_after=2023-04-02T10:53:00+00:00
[2023-04-02T10:53:52.470+0000] {processor.py:175} INFO - Processing /home/airflow/.local/lib/python3.7/site-packages/airflow/example_dags/example_branch_python_dop_operator_3.py took 0.156 seconds
[2023-04-02T10:54:23.040+0000] {processor.py:153} INFO - Started process (PID=9382) to work on /home/airflow/.local/lib/python3.7/site-packages/airflow/example_dags/example_branch_python_dop_operator_3.py
[2023-04-02T10:54:23.043+0000] {processor.py:743} INFO - Processing file /home/airflow/.local/lib/python3.7/site-packages/airflow/example_dags/example_branch_python_dop_operator_3.py for tasks to queue
[2023-04-02T10:54:23.047+0000] {logging_mixin.py:137} INFO - [2023-04-02T10:54:23.047+0000] {dagbag.py:532} INFO - Filling up the DagBag from /home/airflow/.local/lib/python3.7/site-packages/airflow/example_dags/example_branch_python_dop_operator_3.py
[2023-04-02T10:54:23.085+0000] {processor.py:753} INFO - DAG(s) dict_keys(['example_branch_dop_operator_v3']) retrieved from /home/airflow/.local/lib/python3.7/site-packages/airflow/example_dags/example_branch_python_dop_operator_3.py
[2023-04-02T10:54:23.122+0000] {logging_mixin.py:137} INFO - [2023-04-02T10:54:23.122+0000] {dag.py:2705} INFO - Sync 1 DAGs
[2023-04-02T10:54:23.164+0000] {logging_mixin.py:137} INFO - [2023-04-02T10:54:23.164+0000] {dag.py:3456} INFO - Setting next_dagrun for example_branch_dop_operator_v3 to 2023-04-02T10:53:00+00:00, run_after=2023-04-02T10:54:00+00:00
[2023-04-02T10:54:23.200+0000] {processor.py:175} INFO - Processing /home/airflow/.local/lib/python3.7/site-packages/airflow/example_dags/example_branch_python_dop_operator_3.py took 0.167 seconds
[2023-04-02T10:54:53.643+0000] {processor.py:153} INFO - Started process (PID=9600) to work on /home/airflow/.local/lib/python3.7/site-packages/airflow/example_dags/example_branch_python_dop_operator_3.py
[2023-04-02T10:54:53.645+0000] {processor.py:743} INFO - Processing file /home/airflow/.local/lib/python3.7/site-packages/airflow/example_dags/example_branch_python_dop_operator_3.py for tasks to queue
[2023-04-02T10:54:53.648+0000] {logging_mixin.py:137} INFO - [2023-04-02T10:54:53.648+0000] {dagbag.py:532} INFO - Filling up the DagBag from /home/airflow/.local/lib/python3.7/site-packages/airflow/example_dags/example_branch_python_dop_operator_3.py
[2023-04-02T10:54:53.684+0000] {processor.py:753} INFO - DAG(s) dict_keys(['example_branch_dop_operator_v3']) retrieved from /home/airflow/.local/lib/python3.7/site-packages/airflow/example_dags/example_branch_python_dop_operator_3.py
[2023-04-02T10:54:53.720+0000] {logging_mixin.py:137} INFO - [2023-04-02T10:54:53.720+0000] {dag.py:2705} INFO - Sync 1 DAGs
[2023-04-02T10:54:53.765+0000] {logging_mixin.py:137} INFO - [2023-04-02T10:54:53.765+0000] {dag.py:3456} INFO - Setting next_dagrun for example_branch_dop_operator_v3 to 2023-04-02T10:53:00+00:00, run_after=2023-04-02T10:54:00+00:00
[2023-04-02T10:54:53.801+0000] {processor.py:175} INFO - Processing /home/airflow/.local/lib/python3.7/site-packages/airflow/example_dags/example_branch_python_dop_operator_3.py took 0.163 seconds
[2023-04-02T10:55:24.757+0000] {processor.py:153} INFO - Started process (PID=9818) to work on /home/airflow/.local/lib/python3.7/site-packages/airflow/example_dags/example_branch_python_dop_operator_3.py
[2023-04-02T10:55:24.760+0000] {processor.py:743} INFO - Processing file /home/airflow/.local/lib/python3.7/site-packages/airflow/example_dags/example_branch_python_dop_operator_3.py for tasks to queue
[2023-04-02T10:55:24.765+0000] {logging_mixin.py:137} INFO - [2023-04-02T10:55:24.764+0000] {dagbag.py:532} INFO - Filling up the DagBag from /home/airflow/.local/lib/python3.7/site-packages/airflow/example_dags/example_branch_python_dop_operator_3.py
[2023-04-02T10:55:24.818+0000] {processor.py:753} INFO - DAG(s) dict_keys(['example_branch_dop_operator_v3']) retrieved from /home/airflow/.local/lib/python3.7/site-packages/airflow/example_dags/example_branch_python_dop_operator_3.py
[2023-04-02T10:55:24.858+0000] {logging_mixin.py:137} INFO - [2023-04-02T10:55:24.858+0000] {dag.py:2705} INFO - Sync 1 DAGs
[2023-04-02T10:55:24.897+0000] {logging_mixin.py:137} INFO - [2023-04-02T10:55:24.897+0000] {dag.py:3456} INFO - Setting next_dagrun for example_branch_dop_operator_v3 to 2023-04-02T10:54:00+00:00, run_after=2023-04-02T10:55:00+00:00
[2023-04-02T10:55:24.921+0000] {processor.py:175} INFO - Processing /home/airflow/.local/lib/python3.7/site-packages/airflow/example_dags/example_branch_python_dop_operator_3.py took 0.176 seconds
[2023-04-02T10:55:55.184+0000] {processor.py:153} INFO - Started process (PID=10036) to work on /home/airflow/.local/lib/python3.7/site-packages/airflow/example_dags/example_branch_python_dop_operator_3.py
[2023-04-02T10:55:55.188+0000] {processor.py:743} INFO - Processing file /home/airflow/.local/lib/python3.7/site-packages/airflow/example_dags/example_branch_python_dop_operator_3.py for tasks to queue
[2023-04-02T10:55:55.193+0000] {logging_mixin.py:137} INFO - [2023-04-02T10:55:55.192+0000] {dagbag.py:532} INFO - Filling up the DagBag from /home/airflow/.local/lib/python3.7/site-packages/airflow/example_dags/example_branch_python_dop_operator_3.py
[2023-04-02T10:55:55.227+0000] {processor.py:753} INFO - DAG(s) dict_keys(['example_branch_dop_operator_v3']) retrieved from /home/airflow/.local/lib/python3.7/site-packages/airflow/example_dags/example_branch_python_dop_operator_3.py
[2023-04-02T10:55:55.261+0000] {logging_mixin.py:137} INFO - [2023-04-02T10:55:55.261+0000] {dag.py:2705} INFO - Sync 1 DAGs
[2023-04-02T10:55:55.302+0000] {logging_mixin.py:137} INFO - [2023-04-02T10:55:55.302+0000] {dag.py:3456} INFO - Setting next_dagrun for example_branch_dop_operator_v3 to 2023-04-02T10:54:00+00:00, run_after=2023-04-02T10:55:00+00:00
[2023-04-02T10:55:55.336+0000] {processor.py:175} INFO - Processing /home/airflow/.local/lib/python3.7/site-packages/airflow/example_dags/example_branch_python_dop_operator_3.py took 0.165 seconds
[2023-04-02T10:56:25.543+0000] {processor.py:153} INFO - Started process (PID=10254) to work on /home/airflow/.local/lib/python3.7/site-packages/airflow/example_dags/example_branch_python_dop_operator_3.py
[2023-04-02T10:56:25.546+0000] {processor.py:743} INFO - Processing file /home/airflow/.local/lib/python3.7/site-packages/airflow/example_dags/example_branch_python_dop_operator_3.py for tasks to queue
[2023-04-02T10:56:25.549+0000] {logging_mixin.py:137} INFO - [2023-04-02T10:56:25.549+0000] {dagbag.py:532} INFO - Filling up the DagBag from /home/airflow/.local/lib/python3.7/site-packages/airflow/example_dags/example_branch_python_dop_operator_3.py
[2023-04-02T10:56:25.612+0000] {processor.py:753} INFO - DAG(s) dict_keys(['example_branch_dop_operator_v3']) retrieved from /home/airflow/.local/lib/python3.7/site-packages/airflow/example_dags/example_branch_python_dop_operator_3.py
[2023-04-02T10:56:25.661+0000] {logging_mixin.py:137} INFO - [2023-04-02T10:56:25.661+0000] {dag.py:2705} INFO - Sync 1 DAGs
[2023-04-02T10:56:25.731+0000] {logging_mixin.py:137} INFO - [2023-04-02T10:56:25.730+0000] {dag.py:3456} INFO - Setting next_dagrun for example_branch_dop_operator_v3 to 2023-04-02T10:55:00+00:00, run_after=2023-04-02T10:56:00+00:00
[2023-04-02T10:56:25.781+0000] {processor.py:175} INFO - Processing /home/airflow/.local/lib/python3.7/site-packages/airflow/example_dags/example_branch_python_dop_operator_3.py took 0.242 seconds
[2023-04-02T10:56:56.187+0000] {processor.py:153} INFO - Started process (PID=10472) to work on /home/airflow/.local/lib/python3.7/site-packages/airflow/example_dags/example_branch_python_dop_operator_3.py
[2023-04-02T10:56:56.188+0000] {processor.py:743} INFO - Processing file /home/airflow/.local/lib/python3.7/site-packages/airflow/example_dags/example_branch_python_dop_operator_3.py for tasks to queue
[2023-04-02T10:56:56.190+0000] {logging_mixin.py:137} INFO - [2023-04-02T10:56:56.190+0000] {dagbag.py:532} INFO - Filling up the DagBag from /home/airflow/.local/lib/python3.7/site-packages/airflow/example_dags/example_branch_python_dop_operator_3.py
[2023-04-02T10:56:56.225+0000] {processor.py:753} INFO - DAG(s) dict_keys(['example_branch_dop_operator_v3']) retrieved from /home/airflow/.local/lib/python3.7/site-packages/airflow/example_dags/example_branch_python_dop_operator_3.py
[2023-04-02T10:56:56.260+0000] {logging_mixin.py:137} INFO - [2023-04-02T10:56:56.260+0000] {dag.py:2705} INFO - Sync 1 DAGs
[2023-04-02T10:56:56.302+0000] {logging_mixin.py:137} INFO - [2023-04-02T10:56:56.302+0000] {dag.py:3456} INFO - Setting next_dagrun for example_branch_dop_operator_v3 to 2023-04-02T10:55:00+00:00, run_after=2023-04-02T10:56:00+00:00
[2023-04-02T10:56:56.347+0000] {processor.py:175} INFO - Processing /home/airflow/.local/lib/python3.7/site-packages/airflow/example_dags/example_branch_python_dop_operator_3.py took 0.166 seconds
[2023-04-02T10:57:26.842+0000] {processor.py:153} INFO - Started process (PID=10690) to work on /home/airflow/.local/lib/python3.7/site-packages/airflow/example_dags/example_branch_python_dop_operator_3.py
[2023-04-02T10:57:26.846+0000] {processor.py:743} INFO - Processing file /home/airflow/.local/lib/python3.7/site-packages/airflow/example_dags/example_branch_python_dop_operator_3.py for tasks to queue
[2023-04-02T10:57:26.848+0000] {logging_mixin.py:137} INFO - [2023-04-02T10:57:26.848+0000] {dagbag.py:532} INFO - Filling up the DagBag from /home/airflow/.local/lib/python3.7/site-packages/airflow/example_dags/example_branch_python_dop_operator_3.py
[2023-04-02T10:57:26.878+0000] {processor.py:753} INFO - DAG(s) dict_keys(['example_branch_dop_operator_v3']) retrieved from /home/airflow/.local/lib/python3.7/site-packages/airflow/example_dags/example_branch_python_dop_operator_3.py
[2023-04-02T10:57:26.914+0000] {logging_mixin.py:137} INFO - [2023-04-02T10:57:26.914+0000] {dag.py:2705} INFO - Sync 1 DAGs
[2023-04-02T10:57:26.955+0000] {logging_mixin.py:137} INFO - [2023-04-02T10:57:26.955+0000] {dag.py:3456} INFO - Setting next_dagrun for example_branch_dop_operator_v3 to 2023-04-02T10:56:00+00:00, run_after=2023-04-02T10:57:00+00:00
[2023-04-02T10:57:26.996+0000] {processor.py:175} INFO - Processing /home/airflow/.local/lib/python3.7/site-packages/airflow/example_dags/example_branch_python_dop_operator_3.py took 0.162 seconds
[2023-04-02T10:57:57.367+0000] {processor.py:153} INFO - Started process (PID=10908) to work on /home/airflow/.local/lib/python3.7/site-packages/airflow/example_dags/example_branch_python_dop_operator_3.py
[2023-04-02T10:57:57.370+0000] {processor.py:743} INFO - Processing file /home/airflow/.local/lib/python3.7/site-packages/airflow/example_dags/example_branch_python_dop_operator_3.py for tasks to queue
[2023-04-02T10:57:57.374+0000] {logging_mixin.py:137} INFO - [2023-04-02T10:57:57.373+0000] {dagbag.py:532} INFO - Filling up the DagBag from /home/airflow/.local/lib/python3.7/site-packages/airflow/example_dags/example_branch_python_dop_operator_3.py
[2023-04-02T10:57:57.406+0000] {processor.py:753} INFO - DAG(s) dict_keys(['example_branch_dop_operator_v3']) retrieved from /home/airflow/.local/lib/python3.7/site-packages/airflow/example_dags/example_branch_python_dop_operator_3.py
[2023-04-02T10:57:57.438+0000] {logging_mixin.py:137} INFO - [2023-04-02T10:57:57.438+0000] {dag.py:2705} INFO - Sync 1 DAGs
[2023-04-02T10:57:57.478+0000] {logging_mixin.py:137} INFO - [2023-04-02T10:57:57.478+0000] {dag.py:3456} INFO - Setting next_dagrun for example_branch_dop_operator_v3 to 2023-04-02T10:56:00+00:00, run_after=2023-04-02T10:57:00+00:00
[2023-04-02T10:57:57.507+0000] {processor.py:175} INFO - Processing /home/airflow/.local/lib/python3.7/site-packages/airflow/example_dags/example_branch_python_dop_operator_3.py took 0.147 seconds
[2023-04-02T10:58:27.785+0000] {processor.py:153} INFO - Started process (PID=11126) to work on /home/airflow/.local/lib/python3.7/site-packages/airflow/example_dags/example_branch_python_dop_operator_3.py
[2023-04-02T10:58:27.787+0000] {processor.py:743} INFO - Processing file /home/airflow/.local/lib/python3.7/site-packages/airflow/example_dags/example_branch_python_dop_operator_3.py for tasks to queue
[2023-04-02T10:58:27.789+0000] {logging_mixin.py:137} INFO - [2023-04-02T10:58:27.789+0000] {dagbag.py:532} INFO - Filling up the DagBag from /home/airflow/.local/lib/python3.7/site-packages/airflow/example_dags/example_branch_python_dop_operator_3.py
[2023-04-02T10:58:27.821+0000] {processor.py:753} INFO - DAG(s) dict_keys(['example_branch_dop_operator_v3']) retrieved from /home/airflow/.local/lib/python3.7/site-packages/airflow/example_dags/example_branch_python_dop_operator_3.py
[2023-04-02T10:58:27.853+0000] {logging_mixin.py:137} INFO - [2023-04-02T10:58:27.853+0000] {dag.py:2705} INFO - Sync 1 DAGs
[2023-04-02T10:58:27.893+0000] {logging_mixin.py:137} INFO - [2023-04-02T10:58:27.892+0000] {dag.py:3456} INFO - Setting next_dagrun for example_branch_dop_operator_v3 to 2023-04-02T10:57:00+00:00, run_after=2023-04-02T10:58:00+00:00
[2023-04-02T10:58:27.924+0000] {processor.py:175} INFO - Processing /home/airflow/.local/lib/python3.7/site-packages/airflow/example_dags/example_branch_python_dop_operator_3.py took 0.145 seconds
[2023-04-02T10:58:58.105+0000] {processor.py:153} INFO - Started process (PID=11344) to work on /home/airflow/.local/lib/python3.7/site-packages/airflow/example_dags/example_branch_python_dop_operator_3.py
[2023-04-02T10:58:58.108+0000] {processor.py:743} INFO - Processing file /home/airflow/.local/lib/python3.7/site-packages/airflow/example_dags/example_branch_python_dop_operator_3.py for tasks to queue
[2023-04-02T10:58:58.110+0000] {logging_mixin.py:137} INFO - [2023-04-02T10:58:58.110+0000] {dagbag.py:532} INFO - Filling up the DagBag from /home/airflow/.local/lib/python3.7/site-packages/airflow/example_dags/example_branch_python_dop_operator_3.py
[2023-04-02T10:58:58.143+0000] {processor.py:753} INFO - DAG(s) dict_keys(['example_branch_dop_operator_v3']) retrieved from /home/airflow/.local/lib/python3.7/site-packages/airflow/example_dags/example_branch_python_dop_operator_3.py
[2023-04-02T10:58:58.177+0000] {logging_mixin.py:137} INFO - [2023-04-02T10:58:58.177+0000] {dag.py:2705} INFO - Sync 1 DAGs
[2023-04-02T10:58:58.216+0000] {logging_mixin.py:137} INFO - [2023-04-02T10:58:58.216+0000] {dag.py:3456} INFO - Setting next_dagrun for example_branch_dop_operator_v3 to 2023-04-02T10:57:00+00:00, run_after=2023-04-02T10:58:00+00:00
[2023-04-02T10:58:58.256+0000] {processor.py:175} INFO - Processing /home/airflow/.local/lib/python3.7/site-packages/airflow/example_dags/example_branch_python_dop_operator_3.py took 0.158 seconds
[2023-04-02T10:59:28.766+0000] {processor.py:153} INFO - Started process (PID=11562) to work on /home/airflow/.local/lib/python3.7/site-packages/airflow/example_dags/example_branch_python_dop_operator_3.py
[2023-04-02T10:59:28.768+0000] {processor.py:743} INFO - Processing file /home/airflow/.local/lib/python3.7/site-packages/airflow/example_dags/example_branch_python_dop_operator_3.py for tasks to queue
[2023-04-02T10:59:28.770+0000] {logging_mixin.py:137} INFO - [2023-04-02T10:59:28.770+0000] {dagbag.py:532} INFO - Filling up the DagBag from /home/airflow/.local/lib/python3.7/site-packages/airflow/example_dags/example_branch_python_dop_operator_3.py
[2023-04-02T10:59:28.822+0000] {processor.py:753} INFO - DAG(s) dict_keys(['example_branch_dop_operator_v3']) retrieved from /home/airflow/.local/lib/python3.7/site-packages/airflow/example_dags/example_branch_python_dop_operator_3.py
[2023-04-02T10:59:28.894+0000] {logging_mixin.py:137} INFO - [2023-04-02T10:59:28.894+0000] {dag.py:2705} INFO - Sync 1 DAGs
[2023-04-02T10:59:28.973+0000] {logging_mixin.py:137} INFO - [2023-04-02T10:59:28.973+0000] {dag.py:3456} INFO - Setting next_dagrun for example_branch_dop_operator_v3 to 2023-04-02T10:58:00+00:00, run_after=2023-04-02T10:59:00+00:00
[2023-04-02T10:59:29.025+0000] {processor.py:175} INFO - Processing /home/airflow/.local/lib/python3.7/site-packages/airflow/example_dags/example_branch_python_dop_operator_3.py took 0.268 seconds
[2023-04-02T10:59:59.399+0000] {processor.py:153} INFO - Started process (PID=11780) to work on /home/airflow/.local/lib/python3.7/site-packages/airflow/example_dags/example_branch_python_dop_operator_3.py
[2023-04-02T10:59:59.406+0000] {processor.py:743} INFO - Processing file /home/airflow/.local/lib/python3.7/site-packages/airflow/example_dags/example_branch_python_dop_operator_3.py for tasks to queue
[2023-04-02T10:59:59.412+0000] {logging_mixin.py:137} INFO - [2023-04-02T10:59:59.412+0000] {dagbag.py:532} INFO - Filling up the DagBag from /home/airflow/.local/lib/python3.7/site-packages/airflow/example_dags/example_branch_python_dop_operator_3.py
[2023-04-02T10:59:59.463+0000] {processor.py:753} INFO - DAG(s) dict_keys(['example_branch_dop_operator_v3']) retrieved from /home/airflow/.local/lib/python3.7/site-packages/airflow/example_dags/example_branch_python_dop_operator_3.py
[2023-04-02T10:59:59.501+0000] {logging_mixin.py:137} INFO - [2023-04-02T10:59:59.501+0000] {dag.py:2705} INFO - Sync 1 DAGs
[2023-04-02T10:59:59.551+0000] {logging_mixin.py:137} INFO - [2023-04-02T10:59:59.551+0000] {dag.py:3456} INFO - Setting next_dagrun for example_branch_dop_operator_v3 to 2023-04-02T10:58:00+00:00, run_after=2023-04-02T10:59:00+00:00
[2023-04-02T10:59:59.600+0000] {processor.py:175} INFO - Processing /home/airflow/.local/lib/python3.7/site-packages/airflow/example_dags/example_branch_python_dop_operator_3.py took 0.227 seconds
[2023-04-02T11:00:30.002+0000] {processor.py:153} INFO - Started process (PID=11998) to work on /home/airflow/.local/lib/python3.7/site-packages/airflow/example_dags/example_branch_python_dop_operator_3.py
[2023-04-02T11:00:30.008+0000] {processor.py:743} INFO - Processing file /home/airflow/.local/lib/python3.7/site-packages/airflow/example_dags/example_branch_python_dop_operator_3.py for tasks to queue
[2023-04-02T11:00:30.012+0000] {logging_mixin.py:137} INFO - [2023-04-02T11:00:30.011+0000] {dagbag.py:532} INFO - Filling up the DagBag from /home/airflow/.local/lib/python3.7/site-packages/airflow/example_dags/example_branch_python_dop_operator_3.py
[2023-04-02T11:00:30.062+0000] {processor.py:753} INFO - DAG(s) dict_keys(['example_branch_dop_operator_v3']) retrieved from /home/airflow/.local/lib/python3.7/site-packages/airflow/example_dags/example_branch_python_dop_operator_3.py
[2023-04-02T11:00:30.134+0000] {logging_mixin.py:137} INFO - [2023-04-02T11:00:30.134+0000] {dag.py:2705} INFO - Sync 1 DAGs
[2023-04-02T11:00:30.183+0000] {logging_mixin.py:137} INFO - [2023-04-02T11:00:30.183+0000] {dag.py:3456} INFO - Setting next_dagrun for example_branch_dop_operator_v3 to 2023-04-02T10:59:00+00:00, run_after=2023-04-02T11:00:00+00:00
[2023-04-02T11:00:30.276+0000] {processor.py:175} INFO - Processing /home/airflow/.local/lib/python3.7/site-packages/airflow/example_dags/example_branch_python_dop_operator_3.py took 0.279 seconds
[2023-04-02T11:01:01.186+0000] {processor.py:153} INFO - Started process (PID=12216) to work on /home/airflow/.local/lib/python3.7/site-packages/airflow/example_dags/example_branch_python_dop_operator_3.py
[2023-04-02T11:01:01.192+0000] {processor.py:743} INFO - Processing file /home/airflow/.local/lib/python3.7/site-packages/airflow/example_dags/example_branch_python_dop_operator_3.py for tasks to queue
[2023-04-02T11:01:01.199+0000] {logging_mixin.py:137} INFO - [2023-04-02T11:01:01.197+0000] {dagbag.py:532} INFO - Filling up the DagBag from /home/airflow/.local/lib/python3.7/site-packages/airflow/example_dags/example_branch_python_dop_operator_3.py
[2023-04-02T11:01:01.266+0000] {processor.py:753} INFO - DAG(s) dict_keys(['example_branch_dop_operator_v3']) retrieved from /home/airflow/.local/lib/python3.7/site-packages/airflow/example_dags/example_branch_python_dop_operator_3.py
[2023-04-02T11:01:01.328+0000] {logging_mixin.py:137} INFO - [2023-04-02T11:01:01.328+0000] {dag.py:2705} INFO - Sync 1 DAGs
[2023-04-02T11:01:01.391+0000] {logging_mixin.py:137} INFO - [2023-04-02T11:01:01.391+0000] {dag.py:3456} INFO - Setting next_dagrun for example_branch_dop_operator_v3 to 2023-04-02T11:00:00+00:00, run_after=2023-04-02T11:01:00+00:00
[2023-04-02T11:01:01.430+0000] {processor.py:175} INFO - Processing /home/airflow/.local/lib/python3.7/site-packages/airflow/example_dags/example_branch_python_dop_operator_3.py took 0.253 seconds
[2023-04-02T11:01:31.510+0000] {processor.py:153} INFO - Started process (PID=12434) to work on /home/airflow/.local/lib/python3.7/site-packages/airflow/example_dags/example_branch_python_dop_operator_3.py
[2023-04-02T11:01:31.512+0000] {processor.py:743} INFO - Processing file /home/airflow/.local/lib/python3.7/site-packages/airflow/example_dags/example_branch_python_dop_operator_3.py for tasks to queue
[2023-04-02T11:01:31.516+0000] {logging_mixin.py:137} INFO - [2023-04-02T11:01:31.515+0000] {dagbag.py:532} INFO - Filling up the DagBag from /home/airflow/.local/lib/python3.7/site-packages/airflow/example_dags/example_branch_python_dop_operator_3.py
[2023-04-02T11:01:31.551+0000] {processor.py:753} INFO - DAG(s) dict_keys(['example_branch_dop_operator_v3']) retrieved from /home/airflow/.local/lib/python3.7/site-packages/airflow/example_dags/example_branch_python_dop_operator_3.py
[2023-04-02T11:01:31.589+0000] {logging_mixin.py:137} INFO - [2023-04-02T11:01:31.589+0000] {dag.py:2705} INFO - Sync 1 DAGs
[2023-04-02T11:01:31.634+0000] {logging_mixin.py:137} INFO - [2023-04-02T11:01:31.633+0000] {dag.py:3456} INFO - Setting next_dagrun for example_branch_dop_operator_v3 to 2023-04-02T11:00:00+00:00, run_after=2023-04-02T11:01:00+00:00
[2023-04-02T11:01:31.677+0000] {processor.py:175} INFO - Processing /home/airflow/.local/lib/python3.7/site-packages/airflow/example_dags/example_branch_python_dop_operator_3.py took 0.172 seconds
[2023-04-02T11:02:02.347+0000] {processor.py:153} INFO - Started process (PID=12646) to work on /home/airflow/.local/lib/python3.7/site-packages/airflow/example_dags/example_branch_python_dop_operator_3.py
[2023-04-02T11:02:02.350+0000] {processor.py:743} INFO - Processing file /home/airflow/.local/lib/python3.7/site-packages/airflow/example_dags/example_branch_python_dop_operator_3.py for tasks to queue
[2023-04-02T11:02:02.354+0000] {logging_mixin.py:137} INFO - [2023-04-02T11:02:02.354+0000] {dagbag.py:532} INFO - Filling up the DagBag from /home/airflow/.local/lib/python3.7/site-packages/airflow/example_dags/example_branch_python_dop_operator_3.py
[2023-04-02T11:02:02.427+0000] {processor.py:753} INFO - DAG(s) dict_keys(['example_branch_dop_operator_v3']) retrieved from /home/airflow/.local/lib/python3.7/site-packages/airflow/example_dags/example_branch_python_dop_operator_3.py
[2023-04-02T11:02:02.529+0000] {logging_mixin.py:137} INFO - [2023-04-02T11:02:02.529+0000] {dag.py:2705} INFO - Sync 1 DAGs
[2023-04-02T11:02:02.666+0000] {logging_mixin.py:137} INFO - [2023-04-02T11:02:02.666+0000] {dag.py:3456} INFO - Setting next_dagrun for example_branch_dop_operator_v3 to 2023-04-02T11:01:00+00:00, run_after=2023-04-02T11:02:00+00:00
[2023-04-02T11:02:02.742+0000] {processor.py:175} INFO - Processing /home/airflow/.local/lib/python3.7/site-packages/airflow/example_dags/example_branch_python_dop_operator_3.py took 0.406 seconds
[2023-04-02T11:02:33.649+0000] {processor.py:153} INFO - Started process (PID=12864) to work on /home/airflow/.local/lib/python3.7/site-packages/airflow/example_dags/example_branch_python_dop_operator_3.py
[2023-04-02T11:02:33.652+0000] {processor.py:743} INFO - Processing file /home/airflow/.local/lib/python3.7/site-packages/airflow/example_dags/example_branch_python_dop_operator_3.py for tasks to queue
[2023-04-02T11:02:33.656+0000] {logging_mixin.py:137} INFO - [2023-04-02T11:02:33.653+0000] {dagbag.py:532} INFO - Filling up the DagBag from /home/airflow/.local/lib/python3.7/site-packages/airflow/example_dags/example_branch_python_dop_operator_3.py
[2023-04-02T11:02:33.768+0000] {processor.py:753} INFO - DAG(s) dict_keys(['example_branch_dop_operator_v3']) retrieved from /home/airflow/.local/lib/python3.7/site-packages/airflow/example_dags/example_branch_python_dop_operator_3.py
[2023-04-02T11:02:33.860+0000] {logging_mixin.py:137} INFO - [2023-04-02T11:02:33.860+0000] {dag.py:2705} INFO - Sync 1 DAGs
[2023-04-02T11:02:34.023+0000] {logging_mixin.py:137} INFO - [2023-04-02T11:02:34.022+0000] {dag.py:3456} INFO - Setting next_dagrun for example_branch_dop_operator_v3 to 2023-04-02T11:01:00+00:00, run_after=2023-04-02T11:02:00+00:00
[2023-04-02T11:02:34.090+0000] {processor.py:175} INFO - Processing /home/airflow/.local/lib/python3.7/site-packages/airflow/example_dags/example_branch_python_dop_operator_3.py took 0.460 seconds
[2023-04-02T11:03:05.069+0000] {processor.py:153} INFO - Started process (PID=13082) to work on /home/airflow/.local/lib/python3.7/site-packages/airflow/example_dags/example_branch_python_dop_operator_3.py
[2023-04-02T11:03:05.071+0000] {processor.py:743} INFO - Processing file /home/airflow/.local/lib/python3.7/site-packages/airflow/example_dags/example_branch_python_dop_operator_3.py for tasks to queue
[2023-04-02T11:03:05.075+0000] {logging_mixin.py:137} INFO - [2023-04-02T11:03:05.074+0000] {dagbag.py:532} INFO - Filling up the DagBag from /home/airflow/.local/lib/python3.7/site-packages/airflow/example_dags/example_branch_python_dop_operator_3.py
[2023-04-02T11:03:05.119+0000] {processor.py:753} INFO - DAG(s) dict_keys(['example_branch_dop_operator_v3']) retrieved from /home/airflow/.local/lib/python3.7/site-packages/airflow/example_dags/example_branch_python_dop_operator_3.py
[2023-04-02T11:03:05.161+0000] {logging_mixin.py:137} INFO - [2023-04-02T11:03:05.160+0000] {dag.py:2705} INFO - Sync 1 DAGs
[2023-04-02T11:03:05.230+0000] {logging_mixin.py:137} INFO - [2023-04-02T11:03:05.230+0000] {dag.py:3456} INFO - Setting next_dagrun for example_branch_dop_operator_v3 to 2023-04-02T11:02:00+00:00, run_after=2023-04-02T11:03:00+00:00
[2023-04-02T11:03:05.272+0000] {processor.py:175} INFO - Processing /home/airflow/.local/lib/python3.7/site-packages/airflow/example_dags/example_branch_python_dop_operator_3.py took 0.209 seconds
[2023-04-02T11:03:35.705+0000] {processor.py:153} INFO - Started process (PID=13300) to work on /home/airflow/.local/lib/python3.7/site-packages/airflow/example_dags/example_branch_python_dop_operator_3.py
[2023-04-02T11:03:35.712+0000] {processor.py:743} INFO - Processing file /home/airflow/.local/lib/python3.7/site-packages/airflow/example_dags/example_branch_python_dop_operator_3.py for tasks to queue
[2023-04-02T11:03:35.717+0000] {logging_mixin.py:137} INFO - [2023-04-02T11:03:35.716+0000] {dagbag.py:532} INFO - Filling up the DagBag from /home/airflow/.local/lib/python3.7/site-packages/airflow/example_dags/example_branch_python_dop_operator_3.py
[2023-04-02T11:03:35.796+0000] {processor.py:753} INFO - DAG(s) dict_keys(['example_branch_dop_operator_v3']) retrieved from /home/airflow/.local/lib/python3.7/site-packages/airflow/example_dags/example_branch_python_dop_operator_3.py
[2023-04-02T11:03:35.848+0000] {logging_mixin.py:137} INFO - [2023-04-02T11:03:35.848+0000] {dag.py:2705} INFO - Sync 1 DAGs
[2023-04-02T11:03:35.909+0000] {logging_mixin.py:137} INFO - [2023-04-02T11:03:35.908+0000] {dag.py:3456} INFO - Setting next_dagrun for example_branch_dop_operator_v3 to 2023-04-02T11:02:00+00:00, run_after=2023-04-02T11:03:00+00:00
[2023-04-02T11:03:35.968+0000] {processor.py:175} INFO - Processing /home/airflow/.local/lib/python3.7/site-packages/airflow/example_dags/example_branch_python_dop_operator_3.py took 0.272 seconds
[2023-04-02T11:04:06.191+0000] {processor.py:153} INFO - Started process (PID=13518) to work on /home/airflow/.local/lib/python3.7/site-packages/airflow/example_dags/example_branch_python_dop_operator_3.py
[2023-04-02T11:04:06.196+0000] {processor.py:743} INFO - Processing file /home/airflow/.local/lib/python3.7/site-packages/airflow/example_dags/example_branch_python_dop_operator_3.py for tasks to queue
[2023-04-02T11:04:06.200+0000] {logging_mixin.py:137} INFO - [2023-04-02T11:04:06.199+0000] {dagbag.py:532} INFO - Filling up the DagBag from /home/airflow/.local/lib/python3.7/site-packages/airflow/example_dags/example_branch_python_dop_operator_3.py
[2023-04-02T11:04:06.261+0000] {processor.py:753} INFO - DAG(s) dict_keys(['example_branch_dop_operator_v3']) retrieved from /home/airflow/.local/lib/python3.7/site-packages/airflow/example_dags/example_branch_python_dop_operator_3.py
[2023-04-02T11:04:06.324+0000] {logging_mixin.py:137} INFO - [2023-04-02T11:04:06.324+0000] {dag.py:2705} INFO - Sync 1 DAGs
[2023-04-02T11:04:06.380+0000] {logging_mixin.py:137} INFO - [2023-04-02T11:04:06.379+0000] {dag.py:3456} INFO - Setting next_dagrun for example_branch_dop_operator_v3 to 2023-04-02T11:03:00+00:00, run_after=2023-04-02T11:04:00+00:00
[2023-04-02T11:04:06.416+0000] {processor.py:175} INFO - Processing /home/airflow/.local/lib/python3.7/site-packages/airflow/example_dags/example_branch_python_dop_operator_3.py took 0.239 seconds
[2023-04-02T11:04:37.349+0000] {processor.py:153} INFO - Started process (PID=13736) to work on /home/airflow/.local/lib/python3.7/site-packages/airflow/example_dags/example_branch_python_dop_operator_3.py
[2023-04-02T11:04:37.355+0000] {processor.py:743} INFO - Processing file /home/airflow/.local/lib/python3.7/site-packages/airflow/example_dags/example_branch_python_dop_operator_3.py for tasks to queue
[2023-04-02T11:04:37.359+0000] {logging_mixin.py:137} INFO - [2023-04-02T11:04:37.357+0000] {dagbag.py:532} INFO - Filling up the DagBag from /home/airflow/.local/lib/python3.7/site-packages/airflow/example_dags/example_branch_python_dop_operator_3.py
[2023-04-02T11:04:37.406+0000] {processor.py:753} INFO - DAG(s) dict_keys(['example_branch_dop_operator_v3']) retrieved from /home/airflow/.local/lib/python3.7/site-packages/airflow/example_dags/example_branch_python_dop_operator_3.py
[2023-04-02T11:04:37.447+0000] {logging_mixin.py:137} INFO - [2023-04-02T11:04:37.447+0000] {dag.py:2705} INFO - Sync 1 DAGs
[2023-04-02T11:04:37.495+0000] {logging_mixin.py:137} INFO - [2023-04-02T11:04:37.495+0000] {dag.py:3456} INFO - Setting next_dagrun for example_branch_dop_operator_v3 to 2023-04-02T11:03:00+00:00, run_after=2023-04-02T11:04:00+00:00
[2023-04-02T11:04:37.531+0000] {processor.py:175} INFO - Processing /home/airflow/.local/lib/python3.7/site-packages/airflow/example_dags/example_branch_python_dop_operator_3.py took 0.192 seconds
[2023-04-02T11:05:08.014+0000] {processor.py:153} INFO - Started process (PID=13954) to work on /home/airflow/.local/lib/python3.7/site-packages/airflow/example_dags/example_branch_python_dop_operator_3.py
[2023-04-02T11:05:08.018+0000] {processor.py:743} INFO - Processing file /home/airflow/.local/lib/python3.7/site-packages/airflow/example_dags/example_branch_python_dop_operator_3.py for tasks to queue
[2023-04-02T11:05:08.024+0000] {logging_mixin.py:137} INFO - [2023-04-02T11:05:08.023+0000] {dagbag.py:532} INFO - Filling up the DagBag from /home/airflow/.local/lib/python3.7/site-packages/airflow/example_dags/example_branch_python_dop_operator_3.py
[2023-04-02T11:05:08.062+0000] {processor.py:753} INFO - DAG(s) dict_keys(['example_branch_dop_operator_v3']) retrieved from /home/airflow/.local/lib/python3.7/site-packages/airflow/example_dags/example_branch_python_dop_operator_3.py
[2023-04-02T11:05:08.106+0000] {logging_mixin.py:137} INFO - [2023-04-02T11:05:08.106+0000] {dag.py:2705} INFO - Sync 1 DAGs
[2023-04-02T11:05:08.158+0000] {logging_mixin.py:137} INFO - [2023-04-02T11:05:08.158+0000] {dag.py:3456} INFO - Setting next_dagrun for example_branch_dop_operator_v3 to 2023-04-02T11:04:00+00:00, run_after=2023-04-02T11:05:00+00:00
[2023-04-02T11:05:08.198+0000] {processor.py:175} INFO - Processing /home/airflow/.local/lib/python3.7/site-packages/airflow/example_dags/example_branch_python_dop_operator_3.py took 0.190 seconds
[2023-04-02T11:05:38.934+0000] {processor.py:153} INFO - Started process (PID=14172) to work on /home/airflow/.local/lib/python3.7/site-packages/airflow/example_dags/example_branch_python_dop_operator_3.py
[2023-04-02T11:05:38.940+0000] {processor.py:743} INFO - Processing file /home/airflow/.local/lib/python3.7/site-packages/airflow/example_dags/example_branch_python_dop_operator_3.py for tasks to queue
[2023-04-02T11:05:38.945+0000] {logging_mixin.py:137} INFO - [2023-04-02T11:05:38.945+0000] {dagbag.py:532} INFO - Filling up the DagBag from /home/airflow/.local/lib/python3.7/site-packages/airflow/example_dags/example_branch_python_dop_operator_3.py
[2023-04-02T11:05:39.039+0000] {processor.py:753} INFO - DAG(s) dict_keys(['example_branch_dop_operator_v3']) retrieved from /home/airflow/.local/lib/python3.7/site-packages/airflow/example_dags/example_branch_python_dop_operator_3.py
[2023-04-02T11:05:39.087+0000] {logging_mixin.py:137} INFO - [2023-04-02T11:05:39.087+0000] {dag.py:2705} INFO - Sync 1 DAGs
[2023-04-02T11:05:39.139+0000] {logging_mixin.py:137} INFO - [2023-04-02T11:05:39.139+0000] {dag.py:3456} INFO - Setting next_dagrun for example_branch_dop_operator_v3 to 2023-04-02T11:04:00+00:00, run_after=2023-04-02T11:05:00+00:00
[2023-04-02T11:05:39.178+0000] {processor.py:175} INFO - Processing /home/airflow/.local/lib/python3.7/site-packages/airflow/example_dags/example_branch_python_dop_operator_3.py took 0.258 seconds
[2023-04-02T11:06:09.644+0000] {processor.py:153} INFO - Started process (PID=14390) to work on /home/airflow/.local/lib/python3.7/site-packages/airflow/example_dags/example_branch_python_dop_operator_3.py
[2023-04-02T11:06:09.647+0000] {processor.py:743} INFO - Processing file /home/airflow/.local/lib/python3.7/site-packages/airflow/example_dags/example_branch_python_dop_operator_3.py for tasks to queue
[2023-04-02T11:06:09.652+0000] {logging_mixin.py:137} INFO - [2023-04-02T11:06:09.652+0000] {dagbag.py:532} INFO - Filling up the DagBag from /home/airflow/.local/lib/python3.7/site-packages/airflow/example_dags/example_branch_python_dop_operator_3.py
[2023-04-02T11:06:09.704+0000] {processor.py:753} INFO - DAG(s) dict_keys(['example_branch_dop_operator_v3']) retrieved from /home/airflow/.local/lib/python3.7/site-packages/airflow/example_dags/example_branch_python_dop_operator_3.py
[2023-04-02T11:06:09.770+0000] {logging_mixin.py:137} INFO - [2023-04-02T11:06:09.770+0000] {dag.py:2705} INFO - Sync 1 DAGs
[2023-04-02T11:06:09.825+0000] {logging_mixin.py:137} INFO - [2023-04-02T11:06:09.825+0000] {dag.py:3456} INFO - Setting next_dagrun for example_branch_dop_operator_v3 to 2023-04-02T11:05:00+00:00, run_after=2023-04-02T11:06:00+00:00
[2023-04-02T11:06:09.864+0000] {processor.py:175} INFO - Processing /home/airflow/.local/lib/python3.7/site-packages/airflow/example_dags/example_branch_python_dop_operator_3.py took 0.225 seconds
[2023-04-02T11:06:39.966+0000] {processor.py:153} INFO - Started process (PID=14608) to work on /home/airflow/.local/lib/python3.7/site-packages/airflow/example_dags/example_branch_python_dop_operator_3.py
[2023-04-02T11:06:39.969+0000] {processor.py:743} INFO - Processing file /home/airflow/.local/lib/python3.7/site-packages/airflow/example_dags/example_branch_python_dop_operator_3.py for tasks to queue
[2023-04-02T11:06:39.972+0000] {logging_mixin.py:137} INFO - [2023-04-02T11:06:39.972+0000] {dagbag.py:532} INFO - Filling up the DagBag from /home/airflow/.local/lib/python3.7/site-packages/airflow/example_dags/example_branch_python_dop_operator_3.py
[2023-04-02T11:06:40.017+0000] {processor.py:753} INFO - DAG(s) dict_keys(['example_branch_dop_operator_v3']) retrieved from /home/airflow/.local/lib/python3.7/site-packages/airflow/example_dags/example_branch_python_dop_operator_3.py
[2023-04-02T11:06:40.068+0000] {logging_mixin.py:137} INFO - [2023-04-02T11:06:40.068+0000] {dag.py:2705} INFO - Sync 1 DAGs
[2023-04-02T11:06:40.119+0000] {logging_mixin.py:137} INFO - [2023-04-02T11:06:40.118+0000] {dag.py:3456} INFO - Setting next_dagrun for example_branch_dop_operator_v3 to 2023-04-02T11:05:00+00:00, run_after=2023-04-02T11:06:00+00:00
[2023-04-02T11:06:40.161+0000] {processor.py:175} INFO - Processing /home/airflow/.local/lib/python3.7/site-packages/airflow/example_dags/example_branch_python_dop_operator_3.py took 0.204 seconds
