[2023-04-02T10:32:47.537+0000] {processor.py:153} INFO - Started process (PID=283) to work on /home/airflow/.local/lib/python3.7/site-packages/airflow/example_dags/example_external_task_marker_dag.py
[2023-04-02T10:32:47.539+0000] {processor.py:743} INFO - Processing file /home/airflow/.local/lib/python3.7/site-packages/airflow/example_dags/example_external_task_marker_dag.py for tasks to queue
[2023-04-02T10:32:47.542+0000] {logging_mixin.py:137} INFO - [2023-04-02T10:32:47.541+0000] {dagbag.py:532} INFO - Filling up the DagBag from /home/airflow/.local/lib/python3.7/site-packages/airflow/example_dags/example_external_task_marker_dag.py
[2023-04-02T10:32:47.566+0000] {processor.py:753} INFO - DAG(s) dict_keys(['example_external_task_marker_child', 'example_external_task_marker_parent']) retrieved from /home/airflow/.local/lib/python3.7/site-packages/airflow/example_dags/example_external_task_marker_dag.py
[2023-04-02T10:32:47.595+0000] {logging_mixin.py:137} INFO - [2023-04-02T10:32:47.594+0000] {dag.py:2705} INFO - Sync 2 DAGs
[2023-04-02T10:32:47.654+0000] {logging_mixin.py:137} INFO - [2023-04-02T10:32:47.653+0000] {dag.py:3456} INFO - Setting next_dagrun for example_external_task_marker_child to None, run_after=None
[2023-04-02T10:32:47.661+0000] {logging_mixin.py:137} INFO - [2023-04-02T10:32:47.661+0000] {dag.py:3456} INFO - Setting next_dagrun for example_external_task_marker_parent to None, run_after=None
[2023-04-02T10:32:47.692+0000] {processor.py:175} INFO - Processing /home/airflow/.local/lib/python3.7/site-packages/airflow/example_dags/example_external_task_marker_dag.py took 0.160 seconds
[2023-04-02T10:33:22.124+0000] {processor.py:153} INFO - Started process (PID=501) to work on /home/airflow/.local/lib/python3.7/site-packages/airflow/example_dags/example_external_task_marker_dag.py
[2023-04-02T10:33:22.133+0000] {processor.py:743} INFO - Processing file /home/airflow/.local/lib/python3.7/site-packages/airflow/example_dags/example_external_task_marker_dag.py for tasks to queue
[2023-04-02T10:33:22.136+0000] {logging_mixin.py:137} INFO - [2023-04-02T10:33:22.136+0000] {dagbag.py:532} INFO - Filling up the DagBag from /home/airflow/.local/lib/python3.7/site-packages/airflow/example_dags/example_external_task_marker_dag.py
[2023-04-02T10:33:22.205+0000] {processor.py:753} INFO - DAG(s) dict_keys(['example_external_task_marker_child', 'example_external_task_marker_parent']) retrieved from /home/airflow/.local/lib/python3.7/site-packages/airflow/example_dags/example_external_task_marker_dag.py
[2023-04-02T10:33:22.234+0000] {logging_mixin.py:137} INFO - [2023-04-02T10:33:22.234+0000] {dag.py:2705} INFO - Sync 2 DAGs
[2023-04-02T10:33:22.287+0000] {logging_mixin.py:137} INFO - [2023-04-02T10:33:22.287+0000] {dag.py:3456} INFO - Setting next_dagrun for example_external_task_marker_child to None, run_after=None
[2023-04-02T10:33:22.293+0000] {logging_mixin.py:137} INFO - [2023-04-02T10:33:22.293+0000] {dag.py:3456} INFO - Setting next_dagrun for example_external_task_marker_parent to None, run_after=None
[2023-04-02T10:33:22.385+0000] {processor.py:175} INFO - Processing /home/airflow/.local/lib/python3.7/site-packages/airflow/example_dags/example_external_task_marker_dag.py took 0.281 seconds
[2023-04-02T10:33:54.914+0000] {processor.py:153} INFO - Started process (PID=720) to work on /home/airflow/.local/lib/python3.7/site-packages/airflow/example_dags/example_external_task_marker_dag.py
[2023-04-02T10:33:54.928+0000] {processor.py:743} INFO - Processing file /home/airflow/.local/lib/python3.7/site-packages/airflow/example_dags/example_external_task_marker_dag.py for tasks to queue
[2023-04-02T10:33:54.934+0000] {logging_mixin.py:137} INFO - [2023-04-02T10:33:54.933+0000] {dagbag.py:532} INFO - Filling up the DagBag from /home/airflow/.local/lib/python3.7/site-packages/airflow/example_dags/example_external_task_marker_dag.py
[2023-04-02T10:33:54.970+0000] {processor.py:753} INFO - DAG(s) dict_keys(['example_external_task_marker_parent', 'example_external_task_marker_child']) retrieved from /home/airflow/.local/lib/python3.7/site-packages/airflow/example_dags/example_external_task_marker_dag.py
[2023-04-02T10:33:55.228+0000] {logging_mixin.py:137} INFO - [2023-04-02T10:33:55.228+0000] {dag.py:2705} INFO - Sync 2 DAGs
[2023-04-02T10:33:55.281+0000] {logging_mixin.py:137} INFO - [2023-04-02T10:33:55.280+0000] {dag.py:3456} INFO - Setting next_dagrun for example_external_task_marker_child to None, run_after=None
[2023-04-02T10:33:55.288+0000] {logging_mixin.py:137} INFO - [2023-04-02T10:33:55.288+0000] {dag.py:3456} INFO - Setting next_dagrun for example_external_task_marker_parent to None, run_after=None
[2023-04-02T10:33:55.343+0000] {processor.py:175} INFO - Processing /home/airflow/.local/lib/python3.7/site-packages/airflow/example_dags/example_external_task_marker_dag.py took 0.448 seconds
[2023-04-02T10:34:26.024+0000] {processor.py:153} INFO - Started process (PID=938) to work on /home/airflow/.local/lib/python3.7/site-packages/airflow/example_dags/example_external_task_marker_dag.py
[2023-04-02T10:34:26.032+0000] {processor.py:743} INFO - Processing file /home/airflow/.local/lib/python3.7/site-packages/airflow/example_dags/example_external_task_marker_dag.py for tasks to queue
[2023-04-02T10:34:26.038+0000] {logging_mixin.py:137} INFO - [2023-04-02T10:34:26.035+0000] {dagbag.py:532} INFO - Filling up the DagBag from /home/airflow/.local/lib/python3.7/site-packages/airflow/example_dags/example_external_task_marker_dag.py
[2023-04-02T10:34:26.139+0000] {processor.py:753} INFO - DAG(s) dict_keys(['example_external_task_marker_child', 'example_external_task_marker_parent']) retrieved from /home/airflow/.local/lib/python3.7/site-packages/airflow/example_dags/example_external_task_marker_dag.py
[2023-04-02T10:34:26.216+0000] {logging_mixin.py:137} INFO - [2023-04-02T10:34:26.216+0000] {dag.py:2705} INFO - Sync 2 DAGs
[2023-04-02T10:34:26.348+0000] {logging_mixin.py:137} INFO - [2023-04-02T10:34:26.348+0000] {dag.py:3456} INFO - Setting next_dagrun for example_external_task_marker_child to None, run_after=None
[2023-04-02T10:34:26.377+0000] {logging_mixin.py:137} INFO - [2023-04-02T10:34:26.377+0000] {dag.py:3456} INFO - Setting next_dagrun for example_external_task_marker_parent to None, run_after=None
[2023-04-02T10:34:26.429+0000] {processor.py:175} INFO - Processing /home/airflow/.local/lib/python3.7/site-packages/airflow/example_dags/example_external_task_marker_dag.py took 0.426 seconds
[2023-04-02T10:34:57.027+0000] {processor.py:153} INFO - Started process (PID=1157) to work on /home/airflow/.local/lib/python3.7/site-packages/airflow/example_dags/example_external_task_marker_dag.py
[2023-04-02T10:34:57.039+0000] {processor.py:743} INFO - Processing file /home/airflow/.local/lib/python3.7/site-packages/airflow/example_dags/example_external_task_marker_dag.py for tasks to queue
[2023-04-02T10:34:57.051+0000] {logging_mixin.py:137} INFO - [2023-04-02T10:34:57.046+0000] {dagbag.py:532} INFO - Filling up the DagBag from /home/airflow/.local/lib/python3.7/site-packages/airflow/example_dags/example_external_task_marker_dag.py
[2023-04-02T10:34:57.118+0000] {processor.py:753} INFO - DAG(s) dict_keys(['example_external_task_marker_child', 'example_external_task_marker_parent']) retrieved from /home/airflow/.local/lib/python3.7/site-packages/airflow/example_dags/example_external_task_marker_dag.py
[2023-04-02T10:34:57.153+0000] {logging_mixin.py:137} INFO - [2023-04-02T10:34:57.153+0000] {dag.py:2705} INFO - Sync 2 DAGs
[2023-04-02T10:34:57.187+0000] {logging_mixin.py:137} INFO - [2023-04-02T10:34:57.187+0000] {dag.py:3456} INFO - Setting next_dagrun for example_external_task_marker_child to None, run_after=None
[2023-04-02T10:34:57.194+0000] {logging_mixin.py:137} INFO - [2023-04-02T10:34:57.193+0000] {dag.py:3456} INFO - Setting next_dagrun for example_external_task_marker_parent to None, run_after=None
[2023-04-02T10:34:57.218+0000] {processor.py:175} INFO - Processing /home/airflow/.local/lib/python3.7/site-packages/airflow/example_dags/example_external_task_marker_dag.py took 0.210 seconds
[2023-04-02T10:35:28.271+0000] {processor.py:153} INFO - Started process (PID=1377) to work on /home/airflow/.local/lib/python3.7/site-packages/airflow/example_dags/example_external_task_marker_dag.py
[2023-04-02T10:35:28.279+0000] {processor.py:743} INFO - Processing file /home/airflow/.local/lib/python3.7/site-packages/airflow/example_dags/example_external_task_marker_dag.py for tasks to queue
[2023-04-02T10:35:28.283+0000] {logging_mixin.py:137} INFO - [2023-04-02T10:35:28.281+0000] {dagbag.py:532} INFO - Filling up the DagBag from /home/airflow/.local/lib/python3.7/site-packages/airflow/example_dags/example_external_task_marker_dag.py
[2023-04-02T10:35:28.322+0000] {processor.py:753} INFO - DAG(s) dict_keys(['example_external_task_marker_parent', 'example_external_task_marker_child']) retrieved from /home/airflow/.local/lib/python3.7/site-packages/airflow/example_dags/example_external_task_marker_dag.py
[2023-04-02T10:35:28.437+0000] {logging_mixin.py:137} INFO - [2023-04-02T10:35:28.436+0000] {dag.py:2705} INFO - Sync 2 DAGs
[2023-04-02T10:35:28.566+0000] {logging_mixin.py:137} INFO - [2023-04-02T10:35:28.566+0000] {dag.py:3456} INFO - Setting next_dagrun for example_external_task_marker_child to None, run_after=None
[2023-04-02T10:35:28.580+0000] {logging_mixin.py:137} INFO - [2023-04-02T10:35:28.580+0000] {dag.py:3456} INFO - Setting next_dagrun for example_external_task_marker_parent to None, run_after=None
[2023-04-02T10:35:28.617+0000] {processor.py:175} INFO - Processing /home/airflow/.local/lib/python3.7/site-packages/airflow/example_dags/example_external_task_marker_dag.py took 0.351 seconds
[2023-04-02T10:35:58.904+0000] {processor.py:153} INFO - Started process (PID=1595) to work on /home/airflow/.local/lib/python3.7/site-packages/airflow/example_dags/example_external_task_marker_dag.py
[2023-04-02T10:35:58.908+0000] {processor.py:743} INFO - Processing file /home/airflow/.local/lib/python3.7/site-packages/airflow/example_dags/example_external_task_marker_dag.py for tasks to queue
[2023-04-02T10:35:58.915+0000] {logging_mixin.py:137} INFO - [2023-04-02T10:35:58.914+0000] {dagbag.py:532} INFO - Filling up the DagBag from /home/airflow/.local/lib/python3.7/site-packages/airflow/example_dags/example_external_task_marker_dag.py
[2023-04-02T10:35:58.949+0000] {processor.py:753} INFO - DAG(s) dict_keys(['example_external_task_marker_parent', 'example_external_task_marker_child']) retrieved from /home/airflow/.local/lib/python3.7/site-packages/airflow/example_dags/example_external_task_marker_dag.py
[2023-04-02T10:35:59.029+0000] {logging_mixin.py:137} INFO - [2023-04-02T10:35:59.029+0000] {dag.py:2705} INFO - Sync 2 DAGs
[2023-04-02T10:35:59.100+0000] {logging_mixin.py:137} INFO - [2023-04-02T10:35:59.100+0000] {dag.py:3456} INFO - Setting next_dagrun for example_external_task_marker_child to None, run_after=None
[2023-04-02T10:35:59.114+0000] {logging_mixin.py:137} INFO - [2023-04-02T10:35:59.113+0000] {dag.py:3456} INFO - Setting next_dagrun for example_external_task_marker_parent to None, run_after=None
[2023-04-02T10:35:59.167+0000] {processor.py:175} INFO - Processing /home/airflow/.local/lib/python3.7/site-packages/airflow/example_dags/example_external_task_marker_dag.py took 0.274 seconds
[2023-04-02T10:36:29.733+0000] {processor.py:153} INFO - Started process (PID=1811) to work on /home/airflow/.local/lib/python3.7/site-packages/airflow/example_dags/example_external_task_marker_dag.py
[2023-04-02T10:36:29.735+0000] {processor.py:743} INFO - Processing file /home/airflow/.local/lib/python3.7/site-packages/airflow/example_dags/example_external_task_marker_dag.py for tasks to queue
[2023-04-02T10:36:29.739+0000] {logging_mixin.py:137} INFO - [2023-04-02T10:36:29.738+0000] {dagbag.py:532} INFO - Filling up the DagBag from /home/airflow/.local/lib/python3.7/site-packages/airflow/example_dags/example_external_task_marker_dag.py
[2023-04-02T10:36:29.763+0000] {processor.py:753} INFO - DAG(s) dict_keys(['example_external_task_marker_child', 'example_external_task_marker_parent']) retrieved from /home/airflow/.local/lib/python3.7/site-packages/airflow/example_dags/example_external_task_marker_dag.py
[2023-04-02T10:36:29.810+0000] {logging_mixin.py:137} INFO - [2023-04-02T10:36:29.810+0000] {dag.py:2705} INFO - Sync 2 DAGs
[2023-04-02T10:36:29.851+0000] {logging_mixin.py:137} INFO - [2023-04-02T10:36:29.851+0000] {dag.py:3456} INFO - Setting next_dagrun for example_external_task_marker_child to None, run_after=None
[2023-04-02T10:36:29.860+0000] {logging_mixin.py:137} INFO - [2023-04-02T10:36:29.860+0000] {dag.py:3456} INFO - Setting next_dagrun for example_external_task_marker_parent to None, run_after=None
[2023-04-02T10:36:29.895+0000] {processor.py:175} INFO - Processing /home/airflow/.local/lib/python3.7/site-packages/airflow/example_dags/example_external_task_marker_dag.py took 0.167 seconds
[2023-04-02T10:37:00.729+0000] {processor.py:153} INFO - Started process (PID=2029) to work on /home/airflow/.local/lib/python3.7/site-packages/airflow/example_dags/example_external_task_marker_dag.py
[2023-04-02T10:37:00.732+0000] {processor.py:743} INFO - Processing file /home/airflow/.local/lib/python3.7/site-packages/airflow/example_dags/example_external_task_marker_dag.py for tasks to queue
[2023-04-02T10:37:00.735+0000] {logging_mixin.py:137} INFO - [2023-04-02T10:37:00.734+0000] {dagbag.py:532} INFO - Filling up the DagBag from /home/airflow/.local/lib/python3.7/site-packages/airflow/example_dags/example_external_task_marker_dag.py
[2023-04-02T10:37:00.777+0000] {processor.py:753} INFO - DAG(s) dict_keys(['example_external_task_marker_parent', 'example_external_task_marker_child']) retrieved from /home/airflow/.local/lib/python3.7/site-packages/airflow/example_dags/example_external_task_marker_dag.py
[2023-04-02T10:37:00.849+0000] {logging_mixin.py:137} INFO - [2023-04-02T10:37:00.849+0000] {dag.py:2705} INFO - Sync 2 DAGs
[2023-04-02T10:37:00.912+0000] {logging_mixin.py:137} INFO - [2023-04-02T10:37:00.912+0000] {dag.py:3456} INFO - Setting next_dagrun for example_external_task_marker_child to None, run_after=None
[2023-04-02T10:37:00.920+0000] {logging_mixin.py:137} INFO - [2023-04-02T10:37:00.919+0000] {dag.py:3456} INFO - Setting next_dagrun for example_external_task_marker_parent to None, run_after=None
[2023-04-02T10:37:00.961+0000] {processor.py:175} INFO - Processing /home/airflow/.local/lib/python3.7/site-packages/airflow/example_dags/example_external_task_marker_dag.py took 0.242 seconds
[2023-04-02T10:37:31.412+0000] {processor.py:153} INFO - Started process (PID=2247) to work on /home/airflow/.local/lib/python3.7/site-packages/airflow/example_dags/example_external_task_marker_dag.py
[2023-04-02T10:37:31.414+0000] {processor.py:743} INFO - Processing file /home/airflow/.local/lib/python3.7/site-packages/airflow/example_dags/example_external_task_marker_dag.py for tasks to queue
[2023-04-02T10:37:31.418+0000] {logging_mixin.py:137} INFO - [2023-04-02T10:37:31.417+0000] {dagbag.py:532} INFO - Filling up the DagBag from /home/airflow/.local/lib/python3.7/site-packages/airflow/example_dags/example_external_task_marker_dag.py
[2023-04-02T10:37:31.447+0000] {processor.py:753} INFO - DAG(s) dict_keys(['example_external_task_marker_parent', 'example_external_task_marker_child']) retrieved from /home/airflow/.local/lib/python3.7/site-packages/airflow/example_dags/example_external_task_marker_dag.py
[2023-04-02T10:37:31.510+0000] {logging_mixin.py:137} INFO - [2023-04-02T10:37:31.510+0000] {dag.py:2705} INFO - Sync 2 DAGs
[2023-04-02T10:37:31.566+0000] {logging_mixin.py:137} INFO - [2023-04-02T10:37:31.565+0000] {dag.py:3456} INFO - Setting next_dagrun for example_external_task_marker_child to None, run_after=None
[2023-04-02T10:37:31.576+0000] {logging_mixin.py:137} INFO - [2023-04-02T10:37:31.576+0000] {dag.py:3456} INFO - Setting next_dagrun for example_external_task_marker_parent to None, run_after=None
[2023-04-02T10:37:31.610+0000] {processor.py:175} INFO - Processing /home/airflow/.local/lib/python3.7/site-packages/airflow/example_dags/example_external_task_marker_dag.py took 0.212 seconds
[2023-04-02T10:38:02.397+0000] {processor.py:153} INFO - Started process (PID=2465) to work on /home/airflow/.local/lib/python3.7/site-packages/airflow/example_dags/example_external_task_marker_dag.py
[2023-04-02T10:38:02.400+0000] {processor.py:743} INFO - Processing file /home/airflow/.local/lib/python3.7/site-packages/airflow/example_dags/example_external_task_marker_dag.py for tasks to queue
[2023-04-02T10:38:02.403+0000] {logging_mixin.py:137} INFO - [2023-04-02T10:38:02.403+0000] {dagbag.py:532} INFO - Filling up the DagBag from /home/airflow/.local/lib/python3.7/site-packages/airflow/example_dags/example_external_task_marker_dag.py
[2023-04-02T10:38:02.443+0000] {processor.py:753} INFO - DAG(s) dict_keys(['example_external_task_marker_child', 'example_external_task_marker_parent']) retrieved from /home/airflow/.local/lib/python3.7/site-packages/airflow/example_dags/example_external_task_marker_dag.py
[2023-04-02T10:38:02.608+0000] {logging_mixin.py:137} INFO - [2023-04-02T10:38:02.607+0000] {dag.py:2705} INFO - Sync 2 DAGs
[2023-04-02T10:38:02.672+0000] {logging_mixin.py:137} INFO - [2023-04-02T10:38:02.672+0000] {dag.py:3456} INFO - Setting next_dagrun for example_external_task_marker_child to None, run_after=None
[2023-04-02T10:38:02.679+0000] {logging_mixin.py:137} INFO - [2023-04-02T10:38:02.678+0000] {dag.py:3456} INFO - Setting next_dagrun for example_external_task_marker_parent to None, run_after=None
[2023-04-02T10:38:02.712+0000] {processor.py:175} INFO - Processing /home/airflow/.local/lib/python3.7/site-packages/airflow/example_dags/example_external_task_marker_dag.py took 0.323 seconds
[2023-04-02T10:38:33.444+0000] {processor.py:153} INFO - Started process (PID=2683) to work on /home/airflow/.local/lib/python3.7/site-packages/airflow/example_dags/example_external_task_marker_dag.py
[2023-04-02T10:38:33.446+0000] {processor.py:743} INFO - Processing file /home/airflow/.local/lib/python3.7/site-packages/airflow/example_dags/example_external_task_marker_dag.py for tasks to queue
[2023-04-02T10:38:33.450+0000] {logging_mixin.py:137} INFO - [2023-04-02T10:38:33.450+0000] {dagbag.py:532} INFO - Filling up the DagBag from /home/airflow/.local/lib/python3.7/site-packages/airflow/example_dags/example_external_task_marker_dag.py
[2023-04-02T10:38:33.478+0000] {processor.py:753} INFO - DAG(s) dict_keys(['example_external_task_marker_parent', 'example_external_task_marker_child']) retrieved from /home/airflow/.local/lib/python3.7/site-packages/airflow/example_dags/example_external_task_marker_dag.py
[2023-04-02T10:38:33.540+0000] {logging_mixin.py:137} INFO - [2023-04-02T10:38:33.539+0000] {dag.py:2705} INFO - Sync 2 DAGs
[2023-04-02T10:38:33.597+0000] {logging_mixin.py:137} INFO - [2023-04-02T10:38:33.597+0000] {dag.py:3456} INFO - Setting next_dagrun for example_external_task_marker_child to None, run_after=None
[2023-04-02T10:38:33.606+0000] {logging_mixin.py:137} INFO - [2023-04-02T10:38:33.606+0000] {dag.py:3456} INFO - Setting next_dagrun for example_external_task_marker_parent to None, run_after=None
[2023-04-02T10:38:33.638+0000] {processor.py:175} INFO - Processing /home/airflow/.local/lib/python3.7/site-packages/airflow/example_dags/example_external_task_marker_dag.py took 0.199 seconds
[2023-04-02T10:39:04.591+0000] {processor.py:153} INFO - Started process (PID=2907) to work on /home/airflow/.local/lib/python3.7/site-packages/airflow/example_dags/example_external_task_marker_dag.py
[2023-04-02T10:39:04.598+0000] {processor.py:743} INFO - Processing file /home/airflow/.local/lib/python3.7/site-packages/airflow/example_dags/example_external_task_marker_dag.py for tasks to queue
[2023-04-02T10:39:04.612+0000] {logging_mixin.py:137} INFO - [2023-04-02T10:39:04.611+0000] {dagbag.py:532} INFO - Filling up the DagBag from /home/airflow/.local/lib/python3.7/site-packages/airflow/example_dags/example_external_task_marker_dag.py
[2023-04-02T10:39:04.681+0000] {processor.py:753} INFO - DAG(s) dict_keys(['example_external_task_marker_parent', 'example_external_task_marker_child']) retrieved from /home/airflow/.local/lib/python3.7/site-packages/airflow/example_dags/example_external_task_marker_dag.py
[2023-04-02T10:39:04.767+0000] {logging_mixin.py:137} INFO - [2023-04-02T10:39:04.767+0000] {dag.py:2705} INFO - Sync 2 DAGs
[2023-04-02T10:39:04.849+0000] {logging_mixin.py:137} INFO - [2023-04-02T10:39:04.849+0000] {dag.py:3456} INFO - Setting next_dagrun for example_external_task_marker_child to None, run_after=None
[2023-04-02T10:39:04.857+0000] {logging_mixin.py:137} INFO - [2023-04-02T10:39:04.856+0000] {dag.py:3456} INFO - Setting next_dagrun for example_external_task_marker_parent to None, run_after=None
[2023-04-02T10:39:04.894+0000] {processor.py:175} INFO - Processing /home/airflow/.local/lib/python3.7/site-packages/airflow/example_dags/example_external_task_marker_dag.py took 0.319 seconds
[2023-04-02T10:39:35.731+0000] {processor.py:153} INFO - Started process (PID=3126) to work on /home/airflow/.local/lib/python3.7/site-packages/airflow/example_dags/example_external_task_marker_dag.py
[2023-04-02T10:39:35.733+0000] {processor.py:743} INFO - Processing file /home/airflow/.local/lib/python3.7/site-packages/airflow/example_dags/example_external_task_marker_dag.py for tasks to queue
[2023-04-02T10:39:35.736+0000] {logging_mixin.py:137} INFO - [2023-04-02T10:39:35.736+0000] {dagbag.py:532} INFO - Filling up the DagBag from /home/airflow/.local/lib/python3.7/site-packages/airflow/example_dags/example_external_task_marker_dag.py
[2023-04-02T10:39:35.762+0000] {processor.py:753} INFO - DAG(s) dict_keys(['example_external_task_marker_parent', 'example_external_task_marker_child']) retrieved from /home/airflow/.local/lib/python3.7/site-packages/airflow/example_dags/example_external_task_marker_dag.py
[2023-04-02T10:39:35.808+0000] {logging_mixin.py:137} INFO - [2023-04-02T10:39:35.808+0000] {dag.py:2705} INFO - Sync 2 DAGs
[2023-04-02T10:39:35.871+0000] {logging_mixin.py:137} INFO - [2023-04-02T10:39:35.871+0000] {dag.py:3456} INFO - Setting next_dagrun for example_external_task_marker_child to None, run_after=None
[2023-04-02T10:39:35.879+0000] {logging_mixin.py:137} INFO - [2023-04-02T10:39:35.879+0000] {dag.py:3456} INFO - Setting next_dagrun for example_external_task_marker_parent to None, run_after=None
[2023-04-02T10:39:35.916+0000] {processor.py:175} INFO - Processing /home/airflow/.local/lib/python3.7/site-packages/airflow/example_dags/example_external_task_marker_dag.py took 0.195 seconds
[2023-04-02T10:40:06.888+0000] {processor.py:153} INFO - Started process (PID=3345) to work on /home/airflow/.local/lib/python3.7/site-packages/airflow/example_dags/example_external_task_marker_dag.py
[2023-04-02T10:40:06.890+0000] {processor.py:743} INFO - Processing file /home/airflow/.local/lib/python3.7/site-packages/airflow/example_dags/example_external_task_marker_dag.py for tasks to queue
[2023-04-02T10:40:06.893+0000] {logging_mixin.py:137} INFO - [2023-04-02T10:40:06.892+0000] {dagbag.py:532} INFO - Filling up the DagBag from /home/airflow/.local/lib/python3.7/site-packages/airflow/example_dags/example_external_task_marker_dag.py
[2023-04-02T10:40:06.929+0000] {processor.py:753} INFO - DAG(s) dict_keys(['example_external_task_marker_parent', 'example_external_task_marker_child']) retrieved from /home/airflow/.local/lib/python3.7/site-packages/airflow/example_dags/example_external_task_marker_dag.py
[2023-04-02T10:40:06.992+0000] {logging_mixin.py:137} INFO - [2023-04-02T10:40:06.991+0000] {dag.py:2705} INFO - Sync 2 DAGs
[2023-04-02T10:40:07.066+0000] {logging_mixin.py:137} INFO - [2023-04-02T10:40:07.066+0000] {dag.py:3456} INFO - Setting next_dagrun for example_external_task_marker_child to None, run_after=None
[2023-04-02T10:40:07.073+0000] {logging_mixin.py:137} INFO - [2023-04-02T10:40:07.073+0000] {dag.py:3456} INFO - Setting next_dagrun for example_external_task_marker_parent to None, run_after=None
[2023-04-02T10:40:07.106+0000] {processor.py:175} INFO - Processing /home/airflow/.local/lib/python3.7/site-packages/airflow/example_dags/example_external_task_marker_dag.py took 0.228 seconds
[2023-04-02T10:40:37.536+0000] {processor.py:153} INFO - Started process (PID=3564) to work on /home/airflow/.local/lib/python3.7/site-packages/airflow/example_dags/example_external_task_marker_dag.py
[2023-04-02T10:40:37.540+0000] {processor.py:743} INFO - Processing file /home/airflow/.local/lib/python3.7/site-packages/airflow/example_dags/example_external_task_marker_dag.py for tasks to queue
[2023-04-02T10:40:37.545+0000] {logging_mixin.py:137} INFO - [2023-04-02T10:40:37.545+0000] {dagbag.py:532} INFO - Filling up the DagBag from /home/airflow/.local/lib/python3.7/site-packages/airflow/example_dags/example_external_task_marker_dag.py
[2023-04-02T10:40:37.578+0000] {processor.py:753} INFO - DAG(s) dict_keys(['example_external_task_marker_parent', 'example_external_task_marker_child']) retrieved from /home/airflow/.local/lib/python3.7/site-packages/airflow/example_dags/example_external_task_marker_dag.py
[2023-04-02T10:40:37.639+0000] {logging_mixin.py:137} INFO - [2023-04-02T10:40:37.638+0000] {dag.py:2705} INFO - Sync 2 DAGs
[2023-04-02T10:40:37.688+0000] {logging_mixin.py:137} INFO - [2023-04-02T10:40:37.688+0000] {dag.py:3456} INFO - Setting next_dagrun for example_external_task_marker_child to None, run_after=None
[2023-04-02T10:40:37.697+0000] {logging_mixin.py:137} INFO - [2023-04-02T10:40:37.697+0000] {dag.py:3456} INFO - Setting next_dagrun for example_external_task_marker_parent to None, run_after=None
[2023-04-02T10:40:37.729+0000] {processor.py:175} INFO - Processing /home/airflow/.local/lib/python3.7/site-packages/airflow/example_dags/example_external_task_marker_dag.py took 0.199 seconds
[2023-04-02T10:41:08.537+0000] {processor.py:153} INFO - Started process (PID=3780) to work on /home/airflow/.local/lib/python3.7/site-packages/airflow/example_dags/example_external_task_marker_dag.py
[2023-04-02T10:41:08.547+0000] {processor.py:743} INFO - Processing file /home/airflow/.local/lib/python3.7/site-packages/airflow/example_dags/example_external_task_marker_dag.py for tasks to queue
[2023-04-02T10:41:08.553+0000] {logging_mixin.py:137} INFO - [2023-04-02T10:41:08.552+0000] {dagbag.py:532} INFO - Filling up the DagBag from /home/airflow/.local/lib/python3.7/site-packages/airflow/example_dags/example_external_task_marker_dag.py
[2023-04-02T10:41:08.598+0000] {processor.py:753} INFO - DAG(s) dict_keys(['example_external_task_marker_child', 'example_external_task_marker_parent']) retrieved from /home/airflow/.local/lib/python3.7/site-packages/airflow/example_dags/example_external_task_marker_dag.py
[2023-04-02T10:41:08.668+0000] {logging_mixin.py:137} INFO - [2023-04-02T10:41:08.668+0000] {dag.py:2705} INFO - Sync 2 DAGs
[2023-04-02T10:41:08.721+0000] {logging_mixin.py:137} INFO - [2023-04-02T10:41:08.721+0000] {dag.py:3456} INFO - Setting next_dagrun for example_external_task_marker_child to None, run_after=None
[2023-04-02T10:41:08.731+0000] {logging_mixin.py:137} INFO - [2023-04-02T10:41:08.731+0000] {dag.py:3456} INFO - Setting next_dagrun for example_external_task_marker_parent to None, run_after=None
[2023-04-02T10:41:08.768+0000] {processor.py:175} INFO - Processing /home/airflow/.local/lib/python3.7/site-packages/airflow/example_dags/example_external_task_marker_dag.py took 0.250 seconds
[2023-04-02T10:41:39.032+0000] {processor.py:153} INFO - Started process (PID=3998) to work on /home/airflow/.local/lib/python3.7/site-packages/airflow/example_dags/example_external_task_marker_dag.py
[2023-04-02T10:41:39.035+0000] {processor.py:743} INFO - Processing file /home/airflow/.local/lib/python3.7/site-packages/airflow/example_dags/example_external_task_marker_dag.py for tasks to queue
[2023-04-02T10:41:39.051+0000] {logging_mixin.py:137} INFO - [2023-04-02T10:41:39.037+0000] {dagbag.py:532} INFO - Filling up the DagBag from /home/airflow/.local/lib/python3.7/site-packages/airflow/example_dags/example_external_task_marker_dag.py
[2023-04-02T10:41:39.104+0000] {processor.py:753} INFO - DAG(s) dict_keys(['example_external_task_marker_child', 'example_external_task_marker_parent']) retrieved from /home/airflow/.local/lib/python3.7/site-packages/airflow/example_dags/example_external_task_marker_dag.py
[2023-04-02T10:41:39.218+0000] {logging_mixin.py:137} INFO - [2023-04-02T10:41:39.218+0000] {dag.py:2705} INFO - Sync 2 DAGs
[2023-04-02T10:41:39.286+0000] {logging_mixin.py:137} INFO - [2023-04-02T10:41:39.286+0000] {dag.py:3456} INFO - Setting next_dagrun for example_external_task_marker_child to None, run_after=None
[2023-04-02T10:41:39.298+0000] {logging_mixin.py:137} INFO - [2023-04-02T10:41:39.297+0000] {dag.py:3456} INFO - Setting next_dagrun for example_external_task_marker_parent to None, run_after=None
[2023-04-02T10:41:39.366+0000] {processor.py:175} INFO - Processing /home/airflow/.local/lib/python3.7/site-packages/airflow/example_dags/example_external_task_marker_dag.py took 0.344 seconds
[2023-04-02T10:42:11.464+0000] {processor.py:153} INFO - Started process (PID=4217) to work on /home/airflow/.local/lib/python3.7/site-packages/airflow/example_dags/example_external_task_marker_dag.py
[2023-04-02T10:42:11.480+0000] {processor.py:743} INFO - Processing file /home/airflow/.local/lib/python3.7/site-packages/airflow/example_dags/example_external_task_marker_dag.py for tasks to queue
[2023-04-02T10:42:11.489+0000] {logging_mixin.py:137} INFO - [2023-04-02T10:42:11.487+0000] {dagbag.py:532} INFO - Filling up the DagBag from /home/airflow/.local/lib/python3.7/site-packages/airflow/example_dags/example_external_task_marker_dag.py
[2023-04-02T10:42:11.564+0000] {processor.py:753} INFO - DAG(s) dict_keys(['example_external_task_marker_parent', 'example_external_task_marker_child']) retrieved from /home/airflow/.local/lib/python3.7/site-packages/airflow/example_dags/example_external_task_marker_dag.py
[2023-04-02T10:42:11.657+0000] {logging_mixin.py:137} INFO - [2023-04-02T10:42:11.657+0000] {dag.py:2705} INFO - Sync 2 DAGs
[2023-04-02T10:42:11.766+0000] {logging_mixin.py:137} INFO - [2023-04-02T10:42:11.765+0000] {dag.py:3456} INFO - Setting next_dagrun for example_external_task_marker_child to None, run_after=None
[2023-04-02T10:42:11.778+0000] {logging_mixin.py:137} INFO - [2023-04-02T10:42:11.778+0000] {dag.py:3456} INFO - Setting next_dagrun for example_external_task_marker_parent to None, run_after=None
[2023-04-02T10:42:11.865+0000] {processor.py:175} INFO - Processing /home/airflow/.local/lib/python3.7/site-packages/airflow/example_dags/example_external_task_marker_dag.py took 0.408 seconds
[2023-04-02T10:42:42.526+0000] {processor.py:153} INFO - Started process (PID=4435) to work on /home/airflow/.local/lib/python3.7/site-packages/airflow/example_dags/example_external_task_marker_dag.py
[2023-04-02T10:42:42.532+0000] {processor.py:743} INFO - Processing file /home/airflow/.local/lib/python3.7/site-packages/airflow/example_dags/example_external_task_marker_dag.py for tasks to queue
[2023-04-02T10:42:42.538+0000] {logging_mixin.py:137} INFO - [2023-04-02T10:42:42.536+0000] {dagbag.py:532} INFO - Filling up the DagBag from /home/airflow/.local/lib/python3.7/site-packages/airflow/example_dags/example_external_task_marker_dag.py
[2023-04-02T10:42:42.599+0000] {processor.py:753} INFO - DAG(s) dict_keys(['example_external_task_marker_child', 'example_external_task_marker_parent']) retrieved from /home/airflow/.local/lib/python3.7/site-packages/airflow/example_dags/example_external_task_marker_dag.py
[2023-04-02T10:42:42.719+0000] {logging_mixin.py:137} INFO - [2023-04-02T10:42:42.719+0000] {dag.py:2705} INFO - Sync 2 DAGs
[2023-04-02T10:42:42.799+0000] {logging_mixin.py:137} INFO - [2023-04-02T10:42:42.799+0000] {dag.py:3456} INFO - Setting next_dagrun for example_external_task_marker_child to None, run_after=None
[2023-04-02T10:42:42.813+0000] {logging_mixin.py:137} INFO - [2023-04-02T10:42:42.813+0000] {dag.py:3456} INFO - Setting next_dagrun for example_external_task_marker_parent to None, run_after=None
[2023-04-02T10:42:42.880+0000] {processor.py:175} INFO - Processing /home/airflow/.local/lib/python3.7/site-packages/airflow/example_dags/example_external_task_marker_dag.py took 0.367 seconds
[2023-04-02T10:43:13.133+0000] {processor.py:153} INFO - Started process (PID=4653) to work on /home/airflow/.local/lib/python3.7/site-packages/airflow/example_dags/example_external_task_marker_dag.py
[2023-04-02T10:43:13.139+0000] {processor.py:743} INFO - Processing file /home/airflow/.local/lib/python3.7/site-packages/airflow/example_dags/example_external_task_marker_dag.py for tasks to queue
[2023-04-02T10:43:13.143+0000] {logging_mixin.py:137} INFO - [2023-04-02T10:43:13.143+0000] {dagbag.py:532} INFO - Filling up the DagBag from /home/airflow/.local/lib/python3.7/site-packages/airflow/example_dags/example_external_task_marker_dag.py
[2023-04-02T10:43:13.180+0000] {processor.py:753} INFO - DAG(s) dict_keys(['example_external_task_marker_parent', 'example_external_task_marker_child']) retrieved from /home/airflow/.local/lib/python3.7/site-packages/airflow/example_dags/example_external_task_marker_dag.py
[2023-04-02T10:43:13.253+0000] {logging_mixin.py:137} INFO - [2023-04-02T10:43:13.253+0000] {dag.py:2705} INFO - Sync 2 DAGs
[2023-04-02T10:43:13.304+0000] {logging_mixin.py:137} INFO - [2023-04-02T10:43:13.303+0000] {dag.py:3456} INFO - Setting next_dagrun for example_external_task_marker_child to None, run_after=None
[2023-04-02T10:43:13.313+0000] {logging_mixin.py:137} INFO - [2023-04-02T10:43:13.313+0000] {dag.py:3456} INFO - Setting next_dagrun for example_external_task_marker_parent to None, run_after=None
[2023-04-02T10:43:13.356+0000] {processor.py:175} INFO - Processing /home/airflow/.local/lib/python3.7/site-packages/airflow/example_dags/example_external_task_marker_dag.py took 0.241 seconds
[2023-04-02T10:43:43.608+0000] {processor.py:153} INFO - Started process (PID=4871) to work on /home/airflow/.local/lib/python3.7/site-packages/airflow/example_dags/example_external_task_marker_dag.py
[2023-04-02T10:43:43.614+0000] {processor.py:743} INFO - Processing file /home/airflow/.local/lib/python3.7/site-packages/airflow/example_dags/example_external_task_marker_dag.py for tasks to queue
[2023-04-02T10:43:43.621+0000] {logging_mixin.py:137} INFO - [2023-04-02T10:43:43.620+0000] {dagbag.py:532} INFO - Filling up the DagBag from /home/airflow/.local/lib/python3.7/site-packages/airflow/example_dags/example_external_task_marker_dag.py
[2023-04-02T10:43:43.651+0000] {processor.py:753} INFO - DAG(s) dict_keys(['example_external_task_marker_parent', 'example_external_task_marker_child']) retrieved from /home/airflow/.local/lib/python3.7/site-packages/airflow/example_dags/example_external_task_marker_dag.py
[2023-04-02T10:43:43.723+0000] {logging_mixin.py:137} INFO - [2023-04-02T10:43:43.723+0000] {dag.py:2705} INFO - Sync 2 DAGs
[2023-04-02T10:43:43.781+0000] {logging_mixin.py:137} INFO - [2023-04-02T10:43:43.781+0000] {dag.py:3456} INFO - Setting next_dagrun for example_external_task_marker_child to None, run_after=None
[2023-04-02T10:43:43.790+0000] {logging_mixin.py:137} INFO - [2023-04-02T10:43:43.790+0000] {dag.py:3456} INFO - Setting next_dagrun for example_external_task_marker_parent to None, run_after=None
[2023-04-02T10:43:43.821+0000] {processor.py:175} INFO - Processing /home/airflow/.local/lib/python3.7/site-packages/airflow/example_dags/example_external_task_marker_dag.py took 0.240 seconds
[2023-04-02T10:44:14.133+0000] {processor.py:153} INFO - Started process (PID=5089) to work on /home/airflow/.local/lib/python3.7/site-packages/airflow/example_dags/example_external_task_marker_dag.py
[2023-04-02T10:44:14.137+0000] {processor.py:743} INFO - Processing file /home/airflow/.local/lib/python3.7/site-packages/airflow/example_dags/example_external_task_marker_dag.py for tasks to queue
[2023-04-02T10:44:14.139+0000] {logging_mixin.py:137} INFO - [2023-04-02T10:44:14.139+0000] {dagbag.py:532} INFO - Filling up the DagBag from /home/airflow/.local/lib/python3.7/site-packages/airflow/example_dags/example_external_task_marker_dag.py
[2023-04-02T10:44:14.167+0000] {processor.py:753} INFO - DAG(s) dict_keys(['example_external_task_marker_parent', 'example_external_task_marker_child']) retrieved from /home/airflow/.local/lib/python3.7/site-packages/airflow/example_dags/example_external_task_marker_dag.py
[2023-04-02T10:44:14.219+0000] {logging_mixin.py:137} INFO - [2023-04-02T10:44:14.218+0000] {dag.py:2705} INFO - Sync 2 DAGs
[2023-04-02T10:44:14.275+0000] {logging_mixin.py:137} INFO - [2023-04-02T10:44:14.275+0000] {dag.py:3456} INFO - Setting next_dagrun for example_external_task_marker_child to None, run_after=None
[2023-04-02T10:44:14.284+0000] {logging_mixin.py:137} INFO - [2023-04-02T10:44:14.283+0000] {dag.py:3456} INFO - Setting next_dagrun for example_external_task_marker_parent to None, run_after=None
[2023-04-02T10:44:14.323+0000] {processor.py:175} INFO - Processing /home/airflow/.local/lib/python3.7/site-packages/airflow/example_dags/example_external_task_marker_dag.py took 0.205 seconds
[2023-04-02T10:44:44.633+0000] {processor.py:153} INFO - Started process (PID=5307) to work on /home/airflow/.local/lib/python3.7/site-packages/airflow/example_dags/example_external_task_marker_dag.py
[2023-04-02T10:44:44.638+0000] {processor.py:743} INFO - Processing file /home/airflow/.local/lib/python3.7/site-packages/airflow/example_dags/example_external_task_marker_dag.py for tasks to queue
[2023-04-02T10:44:44.644+0000] {logging_mixin.py:137} INFO - [2023-04-02T10:44:44.644+0000] {dagbag.py:532} INFO - Filling up the DagBag from /home/airflow/.local/lib/python3.7/site-packages/airflow/example_dags/example_external_task_marker_dag.py
[2023-04-02T10:44:44.718+0000] {processor.py:753} INFO - DAG(s) dict_keys(['example_external_task_marker_parent', 'example_external_task_marker_child']) retrieved from /home/airflow/.local/lib/python3.7/site-packages/airflow/example_dags/example_external_task_marker_dag.py
[2023-04-02T10:44:44.803+0000] {logging_mixin.py:137} INFO - [2023-04-02T10:44:44.803+0000] {dag.py:2705} INFO - Sync 2 DAGs
[2023-04-02T10:44:44.869+0000] {logging_mixin.py:137} INFO - [2023-04-02T10:44:44.869+0000] {dag.py:3456} INFO - Setting next_dagrun for example_external_task_marker_child to None, run_after=None
[2023-04-02T10:44:44.881+0000] {logging_mixin.py:137} INFO - [2023-04-02T10:44:44.881+0000] {dag.py:3456} INFO - Setting next_dagrun for example_external_task_marker_parent to None, run_after=None
[2023-04-02T10:44:44.925+0000] {processor.py:175} INFO - Processing /home/airflow/.local/lib/python3.7/site-packages/airflow/example_dags/example_external_task_marker_dag.py took 0.308 seconds
[2023-04-02T10:45:15.544+0000] {processor.py:153} INFO - Started process (PID=5525) to work on /home/airflow/.local/lib/python3.7/site-packages/airflow/example_dags/example_external_task_marker_dag.py
[2023-04-02T10:45:15.547+0000] {processor.py:743} INFO - Processing file /home/airflow/.local/lib/python3.7/site-packages/airflow/example_dags/example_external_task_marker_dag.py for tasks to queue
[2023-04-02T10:45:15.549+0000] {logging_mixin.py:137} INFO - [2023-04-02T10:45:15.549+0000] {dagbag.py:532} INFO - Filling up the DagBag from /home/airflow/.local/lib/python3.7/site-packages/airflow/example_dags/example_external_task_marker_dag.py
[2023-04-02T10:45:15.577+0000] {processor.py:753} INFO - DAG(s) dict_keys(['example_external_task_marker_child', 'example_external_task_marker_parent']) retrieved from /home/airflow/.local/lib/python3.7/site-packages/airflow/example_dags/example_external_task_marker_dag.py
[2023-04-02T10:45:15.626+0000] {logging_mixin.py:137} INFO - [2023-04-02T10:45:15.626+0000] {dag.py:2705} INFO - Sync 2 DAGs
[2023-04-02T10:45:15.685+0000] {logging_mixin.py:137} INFO - [2023-04-02T10:45:15.685+0000] {dag.py:3456} INFO - Setting next_dagrun for example_external_task_marker_child to None, run_after=None
[2023-04-02T10:45:15.691+0000] {logging_mixin.py:137} INFO - [2023-04-02T10:45:15.691+0000] {dag.py:3456} INFO - Setting next_dagrun for example_external_task_marker_parent to None, run_after=None
[2023-04-02T10:45:15.719+0000] {processor.py:175} INFO - Processing /home/airflow/.local/lib/python3.7/site-packages/airflow/example_dags/example_external_task_marker_dag.py took 0.187 seconds
[2023-04-02T10:45:46.246+0000] {processor.py:153} INFO - Started process (PID=5743) to work on /home/airflow/.local/lib/python3.7/site-packages/airflow/example_dags/example_external_task_marker_dag.py
[2023-04-02T10:45:46.250+0000] {processor.py:743} INFO - Processing file /home/airflow/.local/lib/python3.7/site-packages/airflow/example_dags/example_external_task_marker_dag.py for tasks to queue
[2023-04-02T10:45:46.253+0000] {logging_mixin.py:137} INFO - [2023-04-02T10:45:46.252+0000] {dagbag.py:532} INFO - Filling up the DagBag from /home/airflow/.local/lib/python3.7/site-packages/airflow/example_dags/example_external_task_marker_dag.py
[2023-04-02T10:45:46.293+0000] {processor.py:753} INFO - DAG(s) dict_keys(['example_external_task_marker_parent', 'example_external_task_marker_child']) retrieved from /home/airflow/.local/lib/python3.7/site-packages/airflow/example_dags/example_external_task_marker_dag.py
[2023-04-02T10:45:46.356+0000] {logging_mixin.py:137} INFO - [2023-04-02T10:45:46.356+0000] {dag.py:2705} INFO - Sync 2 DAGs
[2023-04-02T10:45:46.405+0000] {logging_mixin.py:137} INFO - [2023-04-02T10:45:46.405+0000] {dag.py:3456} INFO - Setting next_dagrun for example_external_task_marker_child to None, run_after=None
[2023-04-02T10:45:46.413+0000] {logging_mixin.py:137} INFO - [2023-04-02T10:45:46.413+0000] {dag.py:3456} INFO - Setting next_dagrun for example_external_task_marker_parent to None, run_after=None
[2023-04-02T10:45:46.466+0000] {processor.py:175} INFO - Processing /home/airflow/.local/lib/python3.7/site-packages/airflow/example_dags/example_external_task_marker_dag.py took 0.227 seconds
[2023-04-02T10:46:17.165+0000] {processor.py:153} INFO - Started process (PID=5961) to work on /home/airflow/.local/lib/python3.7/site-packages/airflow/example_dags/example_external_task_marker_dag.py
[2023-04-02T10:46:17.167+0000] {processor.py:743} INFO - Processing file /home/airflow/.local/lib/python3.7/site-packages/airflow/example_dags/example_external_task_marker_dag.py for tasks to queue
[2023-04-02T10:46:17.176+0000] {logging_mixin.py:137} INFO - [2023-04-02T10:46:17.175+0000] {dagbag.py:532} INFO - Filling up the DagBag from /home/airflow/.local/lib/python3.7/site-packages/airflow/example_dags/example_external_task_marker_dag.py
[2023-04-02T10:46:17.250+0000] {processor.py:753} INFO - DAG(s) dict_keys(['example_external_task_marker_parent', 'example_external_task_marker_child']) retrieved from /home/airflow/.local/lib/python3.7/site-packages/airflow/example_dags/example_external_task_marker_dag.py
[2023-04-02T10:46:17.305+0000] {logging_mixin.py:137} INFO - [2023-04-02T10:46:17.304+0000] {dag.py:2705} INFO - Sync 2 DAGs
[2023-04-02T10:46:17.414+0000] {logging_mixin.py:137} INFO - [2023-04-02T10:46:17.414+0000] {dag.py:3456} INFO - Setting next_dagrun for example_external_task_marker_child to None, run_after=None
[2023-04-02T10:46:17.422+0000] {logging_mixin.py:137} INFO - [2023-04-02T10:46:17.421+0000] {dag.py:3456} INFO - Setting next_dagrun for example_external_task_marker_parent to None, run_after=None
[2023-04-02T10:46:17.464+0000] {processor.py:175} INFO - Processing /home/airflow/.local/lib/python3.7/site-packages/airflow/example_dags/example_external_task_marker_dag.py took 0.324 seconds
[2023-04-02T10:46:48.002+0000] {processor.py:153} INFO - Started process (PID=6180) to work on /home/airflow/.local/lib/python3.7/site-packages/airflow/example_dags/example_external_task_marker_dag.py
[2023-04-02T10:46:48.011+0000] {processor.py:743} INFO - Processing file /home/airflow/.local/lib/python3.7/site-packages/airflow/example_dags/example_external_task_marker_dag.py for tasks to queue
[2023-04-02T10:46:48.015+0000] {logging_mixin.py:137} INFO - [2023-04-02T10:46:48.015+0000] {dagbag.py:532} INFO - Filling up the DagBag from /home/airflow/.local/lib/python3.7/site-packages/airflow/example_dags/example_external_task_marker_dag.py
[2023-04-02T10:46:48.062+0000] {processor.py:753} INFO - DAG(s) dict_keys(['example_external_task_marker_parent', 'example_external_task_marker_child']) retrieved from /home/airflow/.local/lib/python3.7/site-packages/airflow/example_dags/example_external_task_marker_dag.py
[2023-04-02T10:46:48.181+0000] {logging_mixin.py:137} INFO - [2023-04-02T10:46:48.181+0000] {dag.py:2705} INFO - Sync 2 DAGs
[2023-04-02T10:46:48.259+0000] {logging_mixin.py:137} INFO - [2023-04-02T10:46:48.258+0000] {dag.py:3456} INFO - Setting next_dagrun for example_external_task_marker_child to None, run_after=None
[2023-04-02T10:46:48.272+0000] {logging_mixin.py:137} INFO - [2023-04-02T10:46:48.271+0000] {dag.py:3456} INFO - Setting next_dagrun for example_external_task_marker_parent to None, run_after=None
[2023-04-02T10:46:48.313+0000] {processor.py:175} INFO - Processing /home/airflow/.local/lib/python3.7/site-packages/airflow/example_dags/example_external_task_marker_dag.py took 0.322 seconds
[2023-04-02T10:47:18.465+0000] {processor.py:153} INFO - Started process (PID=6400) to work on /home/airflow/.local/lib/python3.7/site-packages/airflow/example_dags/example_external_task_marker_dag.py
[2023-04-02T10:47:18.466+0000] {processor.py:743} INFO - Processing file /home/airflow/.local/lib/python3.7/site-packages/airflow/example_dags/example_external_task_marker_dag.py for tasks to queue
[2023-04-02T10:47:18.470+0000] {logging_mixin.py:137} INFO - [2023-04-02T10:47:18.469+0000] {dagbag.py:532} INFO - Filling up the DagBag from /home/airflow/.local/lib/python3.7/site-packages/airflow/example_dags/example_external_task_marker_dag.py
[2023-04-02T10:47:18.491+0000] {processor.py:753} INFO - DAG(s) dict_keys(['example_external_task_marker_parent', 'example_external_task_marker_child']) retrieved from /home/airflow/.local/lib/python3.7/site-packages/airflow/example_dags/example_external_task_marker_dag.py
[2023-04-02T10:47:18.555+0000] {logging_mixin.py:137} INFO - [2023-04-02T10:47:18.555+0000] {dag.py:2705} INFO - Sync 2 DAGs
[2023-04-02T10:47:18.606+0000] {logging_mixin.py:137} INFO - [2023-04-02T10:47:18.606+0000] {dag.py:3456} INFO - Setting next_dagrun for example_external_task_marker_child to None, run_after=None
[2023-04-02T10:47:18.615+0000] {logging_mixin.py:137} INFO - [2023-04-02T10:47:18.615+0000] {dag.py:3456} INFO - Setting next_dagrun for example_external_task_marker_parent to None, run_after=None
[2023-04-02T10:47:18.650+0000] {processor.py:175} INFO - Processing /home/airflow/.local/lib/python3.7/site-packages/airflow/example_dags/example_external_task_marker_dag.py took 0.191 seconds
[2023-04-02T10:47:49.269+0000] {processor.py:153} INFO - Started process (PID=6616) to work on /home/airflow/.local/lib/python3.7/site-packages/airflow/example_dags/example_external_task_marker_dag.py
[2023-04-02T10:47:49.272+0000] {processor.py:743} INFO - Processing file /home/airflow/.local/lib/python3.7/site-packages/airflow/example_dags/example_external_task_marker_dag.py for tasks to queue
[2023-04-02T10:47:49.277+0000] {logging_mixin.py:137} INFO - [2023-04-02T10:47:49.276+0000] {dagbag.py:532} INFO - Filling up the DagBag from /home/airflow/.local/lib/python3.7/site-packages/airflow/example_dags/example_external_task_marker_dag.py
[2023-04-02T10:47:49.324+0000] {processor.py:753} INFO - DAG(s) dict_keys(['example_external_task_marker_parent', 'example_external_task_marker_child']) retrieved from /home/airflow/.local/lib/python3.7/site-packages/airflow/example_dags/example_external_task_marker_dag.py
[2023-04-02T10:47:49.412+0000] {logging_mixin.py:137} INFO - [2023-04-02T10:47:49.412+0000] {dag.py:2705} INFO - Sync 2 DAGs
[2023-04-02T10:47:49.476+0000] {logging_mixin.py:137} INFO - [2023-04-02T10:47:49.476+0000] {dag.py:3456} INFO - Setting next_dagrun for example_external_task_marker_child to None, run_after=None
[2023-04-02T10:47:49.495+0000] {logging_mixin.py:137} INFO - [2023-04-02T10:47:49.495+0000] {dag.py:3456} INFO - Setting next_dagrun for example_external_task_marker_parent to None, run_after=None
[2023-04-02T10:47:49.559+0000] {processor.py:175} INFO - Processing /home/airflow/.local/lib/python3.7/site-packages/airflow/example_dags/example_external_task_marker_dag.py took 0.298 seconds
[2023-04-02T10:48:20.240+0000] {processor.py:153} INFO - Started process (PID=6834) to work on /home/airflow/.local/lib/python3.7/site-packages/airflow/example_dags/example_external_task_marker_dag.py
[2023-04-02T10:48:20.249+0000] {processor.py:743} INFO - Processing file /home/airflow/.local/lib/python3.7/site-packages/airflow/example_dags/example_external_task_marker_dag.py for tasks to queue
[2023-04-02T10:48:20.252+0000] {logging_mixin.py:137} INFO - [2023-04-02T10:48:20.251+0000] {dagbag.py:532} INFO - Filling up the DagBag from /home/airflow/.local/lib/python3.7/site-packages/airflow/example_dags/example_external_task_marker_dag.py
[2023-04-02T10:48:20.271+0000] {processor.py:753} INFO - DAG(s) dict_keys(['example_external_task_marker_child', 'example_external_task_marker_parent']) retrieved from /home/airflow/.local/lib/python3.7/site-packages/airflow/example_dags/example_external_task_marker_dag.py
[2023-04-02T10:48:20.313+0000] {logging_mixin.py:137} INFO - [2023-04-02T10:48:20.312+0000] {dag.py:2705} INFO - Sync 2 DAGs
[2023-04-02T10:48:20.367+0000] {logging_mixin.py:137} INFO - [2023-04-02T10:48:20.366+0000] {dag.py:3456} INFO - Setting next_dagrun for example_external_task_marker_child to None, run_after=None
[2023-04-02T10:48:20.383+0000] {logging_mixin.py:137} INFO - [2023-04-02T10:48:20.383+0000] {dag.py:3456} INFO - Setting next_dagrun for example_external_task_marker_parent to None, run_after=None
[2023-04-02T10:48:20.424+0000] {processor.py:175} INFO - Processing /home/airflow/.local/lib/python3.7/site-packages/airflow/example_dags/example_external_task_marker_dag.py took 0.191 seconds
[2023-04-02T10:48:50.965+0000] {processor.py:153} INFO - Started process (PID=7054) to work on /home/airflow/.local/lib/python3.7/site-packages/airflow/example_dags/example_external_task_marker_dag.py
[2023-04-02T10:48:50.968+0000] {processor.py:743} INFO - Processing file /home/airflow/.local/lib/python3.7/site-packages/airflow/example_dags/example_external_task_marker_dag.py for tasks to queue
[2023-04-02T10:48:50.970+0000] {logging_mixin.py:137} INFO - [2023-04-02T10:48:50.970+0000] {dagbag.py:532} INFO - Filling up the DagBag from /home/airflow/.local/lib/python3.7/site-packages/airflow/example_dags/example_external_task_marker_dag.py
[2023-04-02T10:48:51.004+0000] {processor.py:753} INFO - DAG(s) dict_keys(['example_external_task_marker_parent', 'example_external_task_marker_child']) retrieved from /home/airflow/.local/lib/python3.7/site-packages/airflow/example_dags/example_external_task_marker_dag.py
[2023-04-02T10:48:51.059+0000] {logging_mixin.py:137} INFO - [2023-04-02T10:48:51.059+0000] {dag.py:2705} INFO - Sync 2 DAGs
[2023-04-02T10:48:51.111+0000] {logging_mixin.py:137} INFO - [2023-04-02T10:48:51.111+0000] {dag.py:3456} INFO - Setting next_dagrun for example_external_task_marker_child to None, run_after=None
[2023-04-02T10:48:51.119+0000] {logging_mixin.py:137} INFO - [2023-04-02T10:48:51.119+0000] {dag.py:3456} INFO - Setting next_dagrun for example_external_task_marker_parent to None, run_after=None
[2023-04-02T10:48:51.154+0000] {processor.py:175} INFO - Processing /home/airflow/.local/lib/python3.7/site-packages/airflow/example_dags/example_external_task_marker_dag.py took 0.197 seconds
[2023-04-02T10:49:21.423+0000] {processor.py:153} INFO - Started process (PID=7271) to work on /home/airflow/.local/lib/python3.7/site-packages/airflow/example_dags/example_external_task_marker_dag.py
[2023-04-02T10:49:21.425+0000] {processor.py:743} INFO - Processing file /home/airflow/.local/lib/python3.7/site-packages/airflow/example_dags/example_external_task_marker_dag.py for tasks to queue
[2023-04-02T10:49:21.428+0000] {logging_mixin.py:137} INFO - [2023-04-02T10:49:21.428+0000] {dagbag.py:532} INFO - Filling up the DagBag from /home/airflow/.local/lib/python3.7/site-packages/airflow/example_dags/example_external_task_marker_dag.py
[2023-04-02T10:49:21.452+0000] {processor.py:753} INFO - DAG(s) dict_keys(['example_external_task_marker_child', 'example_external_task_marker_parent']) retrieved from /home/airflow/.local/lib/python3.7/site-packages/airflow/example_dags/example_external_task_marker_dag.py
[2023-04-02T10:49:21.512+0000] {logging_mixin.py:137} INFO - [2023-04-02T10:49:21.512+0000] {dag.py:2705} INFO - Sync 2 DAGs
[2023-04-02T10:49:21.585+0000] {logging_mixin.py:137} INFO - [2023-04-02T10:49:21.585+0000] {dag.py:3456} INFO - Setting next_dagrun for example_external_task_marker_child to None, run_after=None
[2023-04-02T10:49:21.597+0000] {logging_mixin.py:137} INFO - [2023-04-02T10:49:21.597+0000] {dag.py:3456} INFO - Setting next_dagrun for example_external_task_marker_parent to None, run_after=None
[2023-04-02T10:49:21.645+0000] {processor.py:175} INFO - Processing /home/airflow/.local/lib/python3.7/site-packages/airflow/example_dags/example_external_task_marker_dag.py took 0.228 seconds
[2023-04-02T10:49:52.025+0000] {processor.py:153} INFO - Started process (PID=7488) to work on /home/airflow/.local/lib/python3.7/site-packages/airflow/example_dags/example_external_task_marker_dag.py
[2023-04-02T10:49:52.029+0000] {processor.py:743} INFO - Processing file /home/airflow/.local/lib/python3.7/site-packages/airflow/example_dags/example_external_task_marker_dag.py for tasks to queue
[2023-04-02T10:49:52.031+0000] {logging_mixin.py:137} INFO - [2023-04-02T10:49:52.031+0000] {dagbag.py:532} INFO - Filling up the DagBag from /home/airflow/.local/lib/python3.7/site-packages/airflow/example_dags/example_external_task_marker_dag.py
[2023-04-02T10:49:52.068+0000] {processor.py:753} INFO - DAG(s) dict_keys(['example_external_task_marker_parent', 'example_external_task_marker_child']) retrieved from /home/airflow/.local/lib/python3.7/site-packages/airflow/example_dags/example_external_task_marker_dag.py
[2023-04-02T10:49:52.126+0000] {logging_mixin.py:137} INFO - [2023-04-02T10:49:52.126+0000] {dag.py:2705} INFO - Sync 2 DAGs
[2023-04-02T10:49:52.166+0000] {logging_mixin.py:137} INFO - [2023-04-02T10:49:52.166+0000] {dag.py:3456} INFO - Setting next_dagrun for example_external_task_marker_child to None, run_after=None
[2023-04-02T10:49:52.172+0000] {logging_mixin.py:137} INFO - [2023-04-02T10:49:52.172+0000] {dag.py:3456} INFO - Setting next_dagrun for example_external_task_marker_parent to None, run_after=None
[2023-04-02T10:49:52.204+0000] {processor.py:175} INFO - Processing /home/airflow/.local/lib/python3.7/site-packages/airflow/example_dags/example_external_task_marker_dag.py took 0.187 seconds
[2023-04-02T10:50:22.447+0000] {processor.py:153} INFO - Started process (PID=7706) to work on /home/airflow/.local/lib/python3.7/site-packages/airflow/example_dags/example_external_task_marker_dag.py
[2023-04-02T10:50:22.453+0000] {processor.py:743} INFO - Processing file /home/airflow/.local/lib/python3.7/site-packages/airflow/example_dags/example_external_task_marker_dag.py for tasks to queue
[2023-04-02T10:50:22.460+0000] {logging_mixin.py:137} INFO - [2023-04-02T10:50:22.459+0000] {dagbag.py:532} INFO - Filling up the DagBag from /home/airflow/.local/lib/python3.7/site-packages/airflow/example_dags/example_external_task_marker_dag.py
[2023-04-02T10:50:22.535+0000] {processor.py:753} INFO - DAG(s) dict_keys(['example_external_task_marker_parent', 'example_external_task_marker_child']) retrieved from /home/airflow/.local/lib/python3.7/site-packages/airflow/example_dags/example_external_task_marker_dag.py
[2023-04-02T10:50:22.605+0000] {logging_mixin.py:137} INFO - [2023-04-02T10:50:22.605+0000] {dag.py:2705} INFO - Sync 2 DAGs
[2023-04-02T10:50:22.637+0000] {logging_mixin.py:137} INFO - [2023-04-02T10:50:22.637+0000] {dag.py:3456} INFO - Setting next_dagrun for example_external_task_marker_child to None, run_after=None
[2023-04-02T10:50:22.645+0000] {logging_mixin.py:137} INFO - [2023-04-02T10:50:22.644+0000] {dag.py:3456} INFO - Setting next_dagrun for example_external_task_marker_parent to None, run_after=None
[2023-04-02T10:50:22.671+0000] {processor.py:175} INFO - Processing /home/airflow/.local/lib/python3.7/site-packages/airflow/example_dags/example_external_task_marker_dag.py took 0.239 seconds
