[2023-04-02T10:32:46.509+0000] {processor.py:153} INFO - Started process (PID=238) to work on /home/airflow/.local/lib/python3.7/site-packages/airflow/example_dags/example_sensors.py
[2023-04-02T10:32:46.510+0000] {processor.py:743} INFO - Processing file /home/airflow/.local/lib/python3.7/site-packages/airflow/example_dags/example_sensors.py for tasks to queue
[2023-04-02T10:32:46.512+0000] {logging_mixin.py:137} INFO - [2023-04-02T10:32:46.511+0000] {dagbag.py:532} INFO - Filling up the DagBag from /home/airflow/.local/lib/python3.7/site-packages/airflow/example_dags/example_sensors.py
[2023-04-02T10:32:46.545+0000] {processor.py:753} INFO - DAG(s) dict_keys(['example_sensors']) retrieved from /home/airflow/.local/lib/python3.7/site-packages/airflow/example_dags/example_sensors.py
[2023-04-02T10:32:46.563+0000] {logging_mixin.py:137} INFO - [2023-04-02T10:32:46.562+0000] {dag.py:2705} INFO - Sync 1 DAGs
[2023-04-02T10:32:46.598+0000] {logging_mixin.py:137} INFO - [2023-04-02T10:32:46.598+0000] {dag.py:3456} INFO - Setting next_dagrun for example_sensors to None, run_after=None
[2023-04-02T10:32:46.627+0000] {processor.py:175} INFO - Processing /home/airflow/.local/lib/python3.7/site-packages/airflow/example_dags/example_sensors.py took 0.123 seconds
[2023-04-02T10:33:20.378+0000] {processor.py:153} INFO - Started process (PID=458) to work on /home/airflow/.local/lib/python3.7/site-packages/airflow/example_dags/example_sensors.py
[2023-04-02T10:33:20.379+0000] {processor.py:743} INFO - Processing file /home/airflow/.local/lib/python3.7/site-packages/airflow/example_dags/example_sensors.py for tasks to queue
[2023-04-02T10:33:20.385+0000] {logging_mixin.py:137} INFO - [2023-04-02T10:33:20.383+0000] {dagbag.py:532} INFO - Filling up the DagBag from /home/airflow/.local/lib/python3.7/site-packages/airflow/example_dags/example_sensors.py
[2023-04-02T10:33:20.427+0000] {processor.py:753} INFO - DAG(s) dict_keys(['example_sensors']) retrieved from /home/airflow/.local/lib/python3.7/site-packages/airflow/example_dags/example_sensors.py
[2023-04-02T10:33:20.458+0000] {logging_mixin.py:137} INFO - [2023-04-02T10:33:20.457+0000] {dag.py:2705} INFO - Sync 1 DAGs
[2023-04-02T10:33:20.512+0000] {logging_mixin.py:137} INFO - [2023-04-02T10:33:20.512+0000] {dag.py:3456} INFO - Setting next_dagrun for example_sensors to None, run_after=None
[2023-04-02T10:33:20.564+0000] {processor.py:175} INFO - Processing /home/airflow/.local/lib/python3.7/site-packages/airflow/example_dags/example_sensors.py took 0.201 seconds
[2023-04-02T10:33:52.351+0000] {processor.py:153} INFO - Started process (PID=675) to work on /home/airflow/.local/lib/python3.7/site-packages/airflow/example_dags/example_sensors.py
[2023-04-02T10:33:52.353+0000] {processor.py:743} INFO - Processing file /home/airflow/.local/lib/python3.7/site-packages/airflow/example_dags/example_sensors.py for tasks to queue
[2023-04-02T10:33:52.370+0000] {logging_mixin.py:137} INFO - [2023-04-02T10:33:52.370+0000] {dagbag.py:532} INFO - Filling up the DagBag from /home/airflow/.local/lib/python3.7/site-packages/airflow/example_dags/example_sensors.py
[2023-04-02T10:33:52.428+0000] {processor.py:753} INFO - DAG(s) dict_keys(['example_sensors']) retrieved from /home/airflow/.local/lib/python3.7/site-packages/airflow/example_dags/example_sensors.py
[2023-04-02T10:33:52.537+0000] {logging_mixin.py:137} INFO - [2023-04-02T10:33:52.537+0000] {dag.py:2705} INFO - Sync 1 DAGs
[2023-04-02T10:33:52.649+0000] {logging_mixin.py:137} INFO - [2023-04-02T10:33:52.649+0000] {dag.py:3456} INFO - Setting next_dagrun for example_sensors to None, run_after=None
[2023-04-02T10:33:52.704+0000] {processor.py:175} INFO - Processing /home/airflow/.local/lib/python3.7/site-packages/airflow/example_dags/example_sensors.py took 0.371 seconds
[2023-04-02T10:34:23.735+0000] {processor.py:153} INFO - Started process (PID=895) to work on /home/airflow/.local/lib/python3.7/site-packages/airflow/example_dags/example_sensors.py
[2023-04-02T10:34:23.738+0000] {processor.py:743} INFO - Processing file /home/airflow/.local/lib/python3.7/site-packages/airflow/example_dags/example_sensors.py for tasks to queue
[2023-04-02T10:34:23.747+0000] {logging_mixin.py:137} INFO - [2023-04-02T10:34:23.747+0000] {dagbag.py:532} INFO - Filling up the DagBag from /home/airflow/.local/lib/python3.7/site-packages/airflow/example_dags/example_sensors.py
[2023-04-02T10:34:23.823+0000] {processor.py:753} INFO - DAG(s) dict_keys(['example_sensors']) retrieved from /home/airflow/.local/lib/python3.7/site-packages/airflow/example_dags/example_sensors.py
[2023-04-02T10:34:23.874+0000] {logging_mixin.py:137} INFO - [2023-04-02T10:34:23.874+0000] {dag.py:2705} INFO - Sync 1 DAGs
[2023-04-02T10:34:23.951+0000] {logging_mixin.py:137} INFO - [2023-04-02T10:34:23.951+0000] {dag.py:3456} INFO - Setting next_dagrun for example_sensors to None, run_after=None
[2023-04-02T10:34:24.023+0000] {processor.py:175} INFO - Processing /home/airflow/.local/lib/python3.7/site-packages/airflow/example_dags/example_sensors.py took 0.296 seconds
[2023-04-02T10:34:55.156+0000] {processor.py:153} INFO - Started process (PID=1112) to work on /home/airflow/.local/lib/python3.7/site-packages/airflow/example_dags/example_sensors.py
[2023-04-02T10:34:55.158+0000] {processor.py:743} INFO - Processing file /home/airflow/.local/lib/python3.7/site-packages/airflow/example_dags/example_sensors.py for tasks to queue
[2023-04-02T10:34:55.160+0000] {logging_mixin.py:137} INFO - [2023-04-02T10:34:55.160+0000] {dagbag.py:532} INFO - Filling up the DagBag from /home/airflow/.local/lib/python3.7/site-packages/airflow/example_dags/example_sensors.py
[2023-04-02T10:34:55.284+0000] {processor.py:753} INFO - DAG(s) dict_keys(['example_sensors']) retrieved from /home/airflow/.local/lib/python3.7/site-packages/airflow/example_dags/example_sensors.py
[2023-04-02T10:34:55.365+0000] {logging_mixin.py:137} INFO - [2023-04-02T10:34:55.365+0000] {dag.py:2705} INFO - Sync 1 DAGs
[2023-04-02T10:34:55.469+0000] {logging_mixin.py:137} INFO - [2023-04-02T10:34:55.468+0000] {dag.py:3456} INFO - Setting next_dagrun for example_sensors to None, run_after=None
[2023-04-02T10:34:55.536+0000] {processor.py:175} INFO - Processing /home/airflow/.local/lib/python3.7/site-packages/airflow/example_dags/example_sensors.py took 0.405 seconds
[2023-04-02T10:35:26.503+0000] {processor.py:153} INFO - Started process (PID=1330) to work on /home/airflow/.local/lib/python3.7/site-packages/airflow/example_dags/example_sensors.py
[2023-04-02T10:35:26.508+0000] {processor.py:743} INFO - Processing file /home/airflow/.local/lib/python3.7/site-packages/airflow/example_dags/example_sensors.py for tasks to queue
[2023-04-02T10:35:26.511+0000] {logging_mixin.py:137} INFO - [2023-04-02T10:35:26.511+0000] {dagbag.py:532} INFO - Filling up the DagBag from /home/airflow/.local/lib/python3.7/site-packages/airflow/example_dags/example_sensors.py
[2023-04-02T10:35:26.576+0000] {processor.py:753} INFO - DAG(s) dict_keys(['example_sensors']) retrieved from /home/airflow/.local/lib/python3.7/site-packages/airflow/example_dags/example_sensors.py
[2023-04-02T10:35:26.682+0000] {logging_mixin.py:137} INFO - [2023-04-02T10:35:26.681+0000] {dag.py:2705} INFO - Sync 1 DAGs
[2023-04-02T10:35:26.761+0000] {logging_mixin.py:137} INFO - [2023-04-02T10:35:26.761+0000] {dag.py:3456} INFO - Setting next_dagrun for example_sensors to None, run_after=None
[2023-04-02T10:35:26.821+0000] {processor.py:175} INFO - Processing /home/airflow/.local/lib/python3.7/site-packages/airflow/example_dags/example_sensors.py took 0.335 seconds
[2023-04-02T10:35:56.900+0000] {processor.py:153} INFO - Started process (PID=1548) to work on /home/airflow/.local/lib/python3.7/site-packages/airflow/example_dags/example_sensors.py
[2023-04-02T10:35:56.903+0000] {processor.py:743} INFO - Processing file /home/airflow/.local/lib/python3.7/site-packages/airflow/example_dags/example_sensors.py for tasks to queue
[2023-04-02T10:35:56.909+0000] {logging_mixin.py:137} INFO - [2023-04-02T10:35:56.908+0000] {dagbag.py:532} INFO - Filling up the DagBag from /home/airflow/.local/lib/python3.7/site-packages/airflow/example_dags/example_sensors.py
[2023-04-02T10:35:56.973+0000] {processor.py:753} INFO - DAG(s) dict_keys(['example_sensors']) retrieved from /home/airflow/.local/lib/python3.7/site-packages/airflow/example_dags/example_sensors.py
[2023-04-02T10:35:57.076+0000] {logging_mixin.py:137} INFO - [2023-04-02T10:35:57.075+0000] {dag.py:2705} INFO - Sync 1 DAGs
[2023-04-02T10:35:57.154+0000] {logging_mixin.py:137} INFO - [2023-04-02T10:35:57.154+0000] {dag.py:3456} INFO - Setting next_dagrun for example_sensors to None, run_after=None
[2023-04-02T10:35:57.216+0000] {processor.py:175} INFO - Processing /home/airflow/.local/lib/python3.7/site-packages/airflow/example_dags/example_sensors.py took 0.323 seconds
[2023-04-02T10:36:27.389+0000] {processor.py:153} INFO - Started process (PID=1766) to work on /home/airflow/.local/lib/python3.7/site-packages/airflow/example_dags/example_sensors.py
[2023-04-02T10:36:27.392+0000] {processor.py:743} INFO - Processing file /home/airflow/.local/lib/python3.7/site-packages/airflow/example_dags/example_sensors.py for tasks to queue
[2023-04-02T10:36:27.398+0000] {logging_mixin.py:137} INFO - [2023-04-02T10:36:27.397+0000] {dagbag.py:532} INFO - Filling up the DagBag from /home/airflow/.local/lib/python3.7/site-packages/airflow/example_dags/example_sensors.py
[2023-04-02T10:36:27.459+0000] {processor.py:753} INFO - DAG(s) dict_keys(['example_sensors']) retrieved from /home/airflow/.local/lib/python3.7/site-packages/airflow/example_dags/example_sensors.py
[2023-04-02T10:36:27.533+0000] {logging_mixin.py:137} INFO - [2023-04-02T10:36:27.533+0000] {dag.py:2705} INFO - Sync 1 DAGs
[2023-04-02T10:36:27.571+0000] {logging_mixin.py:137} INFO - [2023-04-02T10:36:27.571+0000] {dag.py:3456} INFO - Setting next_dagrun for example_sensors to None, run_after=None
[2023-04-02T10:36:27.612+0000] {processor.py:175} INFO - Processing /home/airflow/.local/lib/python3.7/site-packages/airflow/example_dags/example_sensors.py took 0.229 seconds
[2023-04-02T10:36:58.382+0000] {processor.py:153} INFO - Started process (PID=1984) to work on /home/airflow/.local/lib/python3.7/site-packages/airflow/example_dags/example_sensors.py
[2023-04-02T10:36:58.385+0000] {processor.py:743} INFO - Processing file /home/airflow/.local/lib/python3.7/site-packages/airflow/example_dags/example_sensors.py for tasks to queue
[2023-04-02T10:36:58.393+0000] {logging_mixin.py:137} INFO - [2023-04-02T10:36:58.392+0000] {dagbag.py:532} INFO - Filling up the DagBag from /home/airflow/.local/lib/python3.7/site-packages/airflow/example_dags/example_sensors.py
[2023-04-02T10:36:58.465+0000] {processor.py:753} INFO - DAG(s) dict_keys(['example_sensors']) retrieved from /home/airflow/.local/lib/python3.7/site-packages/airflow/example_dags/example_sensors.py
[2023-04-02T10:36:58.546+0000] {logging_mixin.py:137} INFO - [2023-04-02T10:36:58.545+0000] {dag.py:2705} INFO - Sync 1 DAGs
[2023-04-02T10:36:58.593+0000] {logging_mixin.py:137} INFO - [2023-04-02T10:36:58.593+0000] {dag.py:3456} INFO - Setting next_dagrun for example_sensors to None, run_after=None
[2023-04-02T10:36:58.641+0000] {processor.py:175} INFO - Processing /home/airflow/.local/lib/python3.7/site-packages/airflow/example_dags/example_sensors.py took 0.279 seconds
[2023-04-02T10:37:29.199+0000] {processor.py:153} INFO - Started process (PID=2202) to work on /home/airflow/.local/lib/python3.7/site-packages/airflow/example_dags/example_sensors.py
[2023-04-02T10:37:29.204+0000] {processor.py:743} INFO - Processing file /home/airflow/.local/lib/python3.7/site-packages/airflow/example_dags/example_sensors.py for tasks to queue
[2023-04-02T10:37:29.208+0000] {logging_mixin.py:137} INFO - [2023-04-02T10:37:29.208+0000] {dagbag.py:532} INFO - Filling up the DagBag from /home/airflow/.local/lib/python3.7/site-packages/airflow/example_dags/example_sensors.py
[2023-04-02T10:37:29.251+0000] {processor.py:753} INFO - DAG(s) dict_keys(['example_sensors']) retrieved from /home/airflow/.local/lib/python3.7/site-packages/airflow/example_dags/example_sensors.py
[2023-04-02T10:37:29.316+0000] {logging_mixin.py:137} INFO - [2023-04-02T10:37:29.315+0000] {dag.py:2705} INFO - Sync 1 DAGs
[2023-04-02T10:37:29.373+0000] {logging_mixin.py:137} INFO - [2023-04-02T10:37:29.373+0000] {dag.py:3456} INFO - Setting next_dagrun for example_sensors to None, run_after=None
[2023-04-02T10:37:29.410+0000] {processor.py:175} INFO - Processing /home/airflow/.local/lib/python3.7/site-packages/airflow/example_dags/example_sensors.py took 0.216 seconds
[2023-04-02T10:38:00.240+0000] {processor.py:153} INFO - Started process (PID=2420) to work on /home/airflow/.local/lib/python3.7/site-packages/airflow/example_dags/example_sensors.py
[2023-04-02T10:38:00.243+0000] {processor.py:743} INFO - Processing file /home/airflow/.local/lib/python3.7/site-packages/airflow/example_dags/example_sensors.py for tasks to queue
[2023-04-02T10:38:00.251+0000] {logging_mixin.py:137} INFO - [2023-04-02T10:38:00.251+0000] {dagbag.py:532} INFO - Filling up the DagBag from /home/airflow/.local/lib/python3.7/site-packages/airflow/example_dags/example_sensors.py
[2023-04-02T10:38:00.287+0000] {processor.py:753} INFO - DAG(s) dict_keys(['example_sensors']) retrieved from /home/airflow/.local/lib/python3.7/site-packages/airflow/example_dags/example_sensors.py
[2023-04-02T10:38:00.348+0000] {logging_mixin.py:137} INFO - [2023-04-02T10:38:00.348+0000] {dag.py:2705} INFO - Sync 1 DAGs
[2023-04-02T10:38:00.418+0000] {logging_mixin.py:137} INFO - [2023-04-02T10:38:00.418+0000] {dag.py:3456} INFO - Setting next_dagrun for example_sensors to None, run_after=None
[2023-04-02T10:38:00.460+0000] {processor.py:175} INFO - Processing /home/airflow/.local/lib/python3.7/site-packages/airflow/example_dags/example_sensors.py took 0.230 seconds
[2023-04-02T10:38:31.297+0000] {processor.py:153} INFO - Started process (PID=2638) to work on /home/airflow/.local/lib/python3.7/site-packages/airflow/example_dags/example_sensors.py
[2023-04-02T10:38:31.301+0000] {processor.py:743} INFO - Processing file /home/airflow/.local/lib/python3.7/site-packages/airflow/example_dags/example_sensors.py for tasks to queue
[2023-04-02T10:38:31.305+0000] {logging_mixin.py:137} INFO - [2023-04-02T10:38:31.304+0000] {dagbag.py:532} INFO - Filling up the DagBag from /home/airflow/.local/lib/python3.7/site-packages/airflow/example_dags/example_sensors.py
[2023-04-02T10:38:31.352+0000] {processor.py:753} INFO - DAG(s) dict_keys(['example_sensors']) retrieved from /home/airflow/.local/lib/python3.7/site-packages/airflow/example_dags/example_sensors.py
[2023-04-02T10:38:31.417+0000] {logging_mixin.py:137} INFO - [2023-04-02T10:38:31.417+0000] {dag.py:2705} INFO - Sync 1 DAGs
[2023-04-02T10:38:31.469+0000] {logging_mixin.py:137} INFO - [2023-04-02T10:38:31.469+0000] {dag.py:3456} INFO - Setting next_dagrun for example_sensors to None, run_after=None
[2023-04-02T10:38:31.509+0000] {processor.py:175} INFO - Processing /home/airflow/.local/lib/python3.7/site-packages/airflow/example_dags/example_sensors.py took 0.219 seconds
[2023-04-02T10:39:01.855+0000] {processor.py:153} INFO - Started process (PID=2856) to work on /home/airflow/.local/lib/python3.7/site-packages/airflow/example_dags/example_sensors.py
[2023-04-02T10:39:01.857+0000] {processor.py:743} INFO - Processing file /home/airflow/.local/lib/python3.7/site-packages/airflow/example_dags/example_sensors.py for tasks to queue
[2023-04-02T10:39:01.860+0000] {logging_mixin.py:137} INFO - [2023-04-02T10:39:01.860+0000] {dagbag.py:532} INFO - Filling up the DagBag from /home/airflow/.local/lib/python3.7/site-packages/airflow/example_dags/example_sensors.py
[2023-04-02T10:39:01.902+0000] {processor.py:753} INFO - DAG(s) dict_keys(['example_sensors']) retrieved from /home/airflow/.local/lib/python3.7/site-packages/airflow/example_dags/example_sensors.py
[2023-04-02T10:39:01.965+0000] {logging_mixin.py:137} INFO - [2023-04-02T10:39:01.965+0000] {dag.py:2705} INFO - Sync 1 DAGs
[2023-04-02T10:39:02.023+0000] {logging_mixin.py:137} INFO - [2023-04-02T10:39:02.023+0000] {dag.py:3456} INFO - Setting next_dagrun for example_sensors to None, run_after=None
[2023-04-02T10:39:02.068+0000] {processor.py:175} INFO - Processing /home/airflow/.local/lib/python3.7/site-packages/airflow/example_dags/example_sensors.py took 0.222 seconds
[2023-04-02T10:39:32.516+0000] {processor.py:153} INFO - Started process (PID=3076) to work on /home/airflow/.local/lib/python3.7/site-packages/airflow/example_dags/example_sensors.py
[2023-04-02T10:39:32.519+0000] {processor.py:743} INFO - Processing file /home/airflow/.local/lib/python3.7/site-packages/airflow/example_dags/example_sensors.py for tasks to queue
[2023-04-02T10:39:32.521+0000] {logging_mixin.py:137} INFO - [2023-04-02T10:39:32.521+0000] {dagbag.py:532} INFO - Filling up the DagBag from /home/airflow/.local/lib/python3.7/site-packages/airflow/example_dags/example_sensors.py
[2023-04-02T10:39:32.570+0000] {processor.py:753} INFO - DAG(s) dict_keys(['example_sensors']) retrieved from /home/airflow/.local/lib/python3.7/site-packages/airflow/example_dags/example_sensors.py
[2023-04-02T10:39:32.639+0000] {logging_mixin.py:137} INFO - [2023-04-02T10:39:32.639+0000] {dag.py:2705} INFO - Sync 1 DAGs
[2023-04-02T10:39:32.700+0000] {logging_mixin.py:137} INFO - [2023-04-02T10:39:32.700+0000] {dag.py:3456} INFO - Setting next_dagrun for example_sensors to None, run_after=None
[2023-04-02T10:39:32.737+0000] {processor.py:175} INFO - Processing /home/airflow/.local/lib/python3.7/site-packages/airflow/example_dags/example_sensors.py took 0.231 seconds
[2023-04-02T10:40:03.549+0000] {processor.py:153} INFO - Started process (PID=3292) to work on /home/airflow/.local/lib/python3.7/site-packages/airflow/example_dags/example_sensors.py
[2023-04-02T10:40:03.550+0000] {processor.py:743} INFO - Processing file /home/airflow/.local/lib/python3.7/site-packages/airflow/example_dags/example_sensors.py for tasks to queue
[2023-04-02T10:40:03.552+0000] {logging_mixin.py:137} INFO - [2023-04-02T10:40:03.552+0000] {dagbag.py:532} INFO - Filling up the DagBag from /home/airflow/.local/lib/python3.7/site-packages/airflow/example_dags/example_sensors.py
[2023-04-02T10:40:03.620+0000] {processor.py:753} INFO - DAG(s) dict_keys(['example_sensors']) retrieved from /home/airflow/.local/lib/python3.7/site-packages/airflow/example_dags/example_sensors.py
[2023-04-02T10:40:03.709+0000] {logging_mixin.py:137} INFO - [2023-04-02T10:40:03.709+0000] {dag.py:2705} INFO - Sync 1 DAGs
[2023-04-02T10:40:03.774+0000] {logging_mixin.py:137} INFO - [2023-04-02T10:40:03.774+0000] {dag.py:3456} INFO - Setting next_dagrun for example_sensors to None, run_after=None
[2023-04-02T10:40:03.817+0000] {processor.py:175} INFO - Processing /home/airflow/.local/lib/python3.7/site-packages/airflow/example_dags/example_sensors.py took 0.289 seconds
[2023-04-02T10:40:34.048+0000] {processor.py:153} INFO - Started process (PID=3510) to work on /home/airflow/.local/lib/python3.7/site-packages/airflow/example_dags/example_sensors.py
[2023-04-02T10:40:34.050+0000] {processor.py:743} INFO - Processing file /home/airflow/.local/lib/python3.7/site-packages/airflow/example_dags/example_sensors.py for tasks to queue
[2023-04-02T10:40:34.052+0000] {logging_mixin.py:137} INFO - [2023-04-02T10:40:34.052+0000] {dagbag.py:532} INFO - Filling up the DagBag from /home/airflow/.local/lib/python3.7/site-packages/airflow/example_dags/example_sensors.py
[2023-04-02T10:40:34.129+0000] {processor.py:753} INFO - DAG(s) dict_keys(['example_sensors']) retrieved from /home/airflow/.local/lib/python3.7/site-packages/airflow/example_dags/example_sensors.py
[2023-04-02T10:40:34.233+0000] {logging_mixin.py:137} INFO - [2023-04-02T10:40:34.233+0000] {dag.py:2705} INFO - Sync 1 DAGs
[2023-04-02T10:40:34.350+0000] {logging_mixin.py:137} INFO - [2023-04-02T10:40:34.349+0000] {dag.py:3456} INFO - Setting next_dagrun for example_sensors to None, run_after=None
[2023-04-02T10:40:34.412+0000] {processor.py:175} INFO - Processing /home/airflow/.local/lib/python3.7/site-packages/airflow/example_dags/example_sensors.py took 0.374 seconds
[2023-04-02T10:41:05.301+0000] {processor.py:153} INFO - Started process (PID=3728) to work on /home/airflow/.local/lib/python3.7/site-packages/airflow/example_dags/example_sensors.py
[2023-04-02T10:41:05.312+0000] {processor.py:743} INFO - Processing file /home/airflow/.local/lib/python3.7/site-packages/airflow/example_dags/example_sensors.py for tasks to queue
[2023-04-02T10:41:05.316+0000] {logging_mixin.py:137} INFO - [2023-04-02T10:41:05.316+0000] {dagbag.py:532} INFO - Filling up the DagBag from /home/airflow/.local/lib/python3.7/site-packages/airflow/example_dags/example_sensors.py
[2023-04-02T10:41:05.401+0000] {processor.py:753} INFO - DAG(s) dict_keys(['example_sensors']) retrieved from /home/airflow/.local/lib/python3.7/site-packages/airflow/example_dags/example_sensors.py
[2023-04-02T10:41:05.486+0000] {logging_mixin.py:137} INFO - [2023-04-02T10:41:05.485+0000] {dag.py:2705} INFO - Sync 1 DAGs
[2023-04-02T10:41:05.571+0000] {logging_mixin.py:137} INFO - [2023-04-02T10:41:05.571+0000] {dag.py:3456} INFO - Setting next_dagrun for example_sensors to None, run_after=None
[2023-04-02T10:41:05.636+0000] {processor.py:175} INFO - Processing /home/airflow/.local/lib/python3.7/site-packages/airflow/example_dags/example_sensors.py took 0.352 seconds
[2023-04-02T10:41:36.932+0000] {processor.py:153} INFO - Started process (PID=3953) to work on /home/airflow/.local/lib/python3.7/site-packages/airflow/example_dags/example_sensors.py
[2023-04-02T10:41:36.934+0000] {processor.py:743} INFO - Processing file /home/airflow/.local/lib/python3.7/site-packages/airflow/example_dags/example_sensors.py for tasks to queue
[2023-04-02T10:41:36.936+0000] {logging_mixin.py:137} INFO - [2023-04-02T10:41:36.936+0000] {dagbag.py:532} INFO - Filling up the DagBag from /home/airflow/.local/lib/python3.7/site-packages/airflow/example_dags/example_sensors.py
[2023-04-02T10:41:37.011+0000] {processor.py:753} INFO - DAG(s) dict_keys(['example_sensors']) retrieved from /home/airflow/.local/lib/python3.7/site-packages/airflow/example_dags/example_sensors.py
[2023-04-02T10:41:37.102+0000] {logging_mixin.py:137} INFO - [2023-04-02T10:41:37.102+0000] {dag.py:2705} INFO - Sync 1 DAGs
[2023-04-02T10:41:37.194+0000] {logging_mixin.py:137} INFO - [2023-04-02T10:41:37.193+0000] {dag.py:3456} INFO - Setting next_dagrun for example_sensors to None, run_after=None
[2023-04-02T10:41:37.260+0000] {processor.py:175} INFO - Processing /home/airflow/.local/lib/python3.7/site-packages/airflow/example_dags/example_sensors.py took 0.340 seconds
[2023-04-02T10:42:08.587+0000] {processor.py:153} INFO - Started process (PID=4172) to work on /home/airflow/.local/lib/python3.7/site-packages/airflow/example_dags/example_sensors.py
[2023-04-02T10:42:08.610+0000] {processor.py:743} INFO - Processing file /home/airflow/.local/lib/python3.7/site-packages/airflow/example_dags/example_sensors.py for tasks to queue
[2023-04-02T10:42:08.612+0000] {logging_mixin.py:137} INFO - [2023-04-02T10:42:08.611+0000] {dagbag.py:532} INFO - Filling up the DagBag from /home/airflow/.local/lib/python3.7/site-packages/airflow/example_dags/example_sensors.py
[2023-04-02T10:42:08.714+0000] {processor.py:753} INFO - DAG(s) dict_keys(['example_sensors']) retrieved from /home/airflow/.local/lib/python3.7/site-packages/airflow/example_dags/example_sensors.py
[2023-04-02T10:42:08.867+0000] {logging_mixin.py:137} INFO - [2023-04-02T10:42:08.867+0000] {dag.py:2705} INFO - Sync 1 DAGs
[2023-04-02T10:42:08.969+0000] {logging_mixin.py:137} INFO - [2023-04-02T10:42:08.969+0000] {dag.py:3456} INFO - Setting next_dagrun for example_sensors to None, run_after=None
[2023-04-02T10:42:09.100+0000] {processor.py:175} INFO - Processing /home/airflow/.local/lib/python3.7/site-packages/airflow/example_dags/example_sensors.py took 0.524 seconds
[2023-04-02T10:42:39.456+0000] {processor.py:153} INFO - Started process (PID=4392) to work on /home/airflow/.local/lib/python3.7/site-packages/airflow/example_dags/example_sensors.py
[2023-04-02T10:42:39.458+0000] {processor.py:743} INFO - Processing file /home/airflow/.local/lib/python3.7/site-packages/airflow/example_dags/example_sensors.py for tasks to queue
[2023-04-02T10:42:39.461+0000] {logging_mixin.py:137} INFO - [2023-04-02T10:42:39.460+0000] {dagbag.py:532} INFO - Filling up the DagBag from /home/airflow/.local/lib/python3.7/site-packages/airflow/example_dags/example_sensors.py
[2023-04-02T10:42:39.491+0000] {processor.py:753} INFO - DAG(s) dict_keys(['example_sensors']) retrieved from /home/airflow/.local/lib/python3.7/site-packages/airflow/example_dags/example_sensors.py
[2023-04-02T10:42:39.536+0000] {logging_mixin.py:137} INFO - [2023-04-02T10:42:39.536+0000] {dag.py:2705} INFO - Sync 1 DAGs
[2023-04-02T10:42:39.578+0000] {logging_mixin.py:137} INFO - [2023-04-02T10:42:39.578+0000] {dag.py:3456} INFO - Setting next_dagrun for example_sensors to None, run_after=None
[2023-04-02T10:42:39.608+0000] {processor.py:175} INFO - Processing /home/airflow/.local/lib/python3.7/site-packages/airflow/example_dags/example_sensors.py took 0.158 seconds
[2023-04-02T10:43:10.696+0000] {processor.py:153} INFO - Started process (PID=4608) to work on /home/airflow/.local/lib/python3.7/site-packages/airflow/example_dags/example_sensors.py
[2023-04-02T10:43:10.705+0000] {processor.py:743} INFO - Processing file /home/airflow/.local/lib/python3.7/site-packages/airflow/example_dags/example_sensors.py for tasks to queue
[2023-04-02T10:43:10.709+0000] {logging_mixin.py:137} INFO - [2023-04-02T10:43:10.709+0000] {dagbag.py:532} INFO - Filling up the DagBag from /home/airflow/.local/lib/python3.7/site-packages/airflow/example_dags/example_sensors.py
[2023-04-02T10:43:10.782+0000] {processor.py:753} INFO - DAG(s) dict_keys(['example_sensors']) retrieved from /home/airflow/.local/lib/python3.7/site-packages/airflow/example_dags/example_sensors.py
[2023-04-02T10:43:10.842+0000] {logging_mixin.py:137} INFO - [2023-04-02T10:43:10.841+0000] {dag.py:2705} INFO - Sync 1 DAGs
[2023-04-02T10:43:10.912+0000] {logging_mixin.py:137} INFO - [2023-04-02T10:43:10.911+0000] {dag.py:3456} INFO - Setting next_dagrun for example_sensors to None, run_after=None
[2023-04-02T10:43:10.947+0000] {processor.py:175} INFO - Processing /home/airflow/.local/lib/python3.7/site-packages/airflow/example_dags/example_sensors.py took 0.266 seconds
[2023-04-02T10:43:41.145+0000] {processor.py:153} INFO - Started process (PID=4828) to work on /home/airflow/.local/lib/python3.7/site-packages/airflow/example_dags/example_sensors.py
[2023-04-02T10:43:41.147+0000] {processor.py:743} INFO - Processing file /home/airflow/.local/lib/python3.7/site-packages/airflow/example_dags/example_sensors.py for tasks to queue
[2023-04-02T10:43:41.152+0000] {logging_mixin.py:137} INFO - [2023-04-02T10:43:41.151+0000] {dagbag.py:532} INFO - Filling up the DagBag from /home/airflow/.local/lib/python3.7/site-packages/airflow/example_dags/example_sensors.py
[2023-04-02T10:43:41.197+0000] {processor.py:753} INFO - DAG(s) dict_keys(['example_sensors']) retrieved from /home/airflow/.local/lib/python3.7/site-packages/airflow/example_dags/example_sensors.py
[2023-04-02T10:43:41.267+0000] {logging_mixin.py:137} INFO - [2023-04-02T10:43:41.267+0000] {dag.py:2705} INFO - Sync 1 DAGs
[2023-04-02T10:43:41.312+0000] {logging_mixin.py:137} INFO - [2023-04-02T10:43:41.312+0000] {dag.py:3456} INFO - Setting next_dagrun for example_sensors to None, run_after=None
[2023-04-02T10:43:41.340+0000] {processor.py:175} INFO - Processing /home/airflow/.local/lib/python3.7/site-packages/airflow/example_dags/example_sensors.py took 0.203 seconds
[2023-04-02T10:44:11.896+0000] {processor.py:153} INFO - Started process (PID=5044) to work on /home/airflow/.local/lib/python3.7/site-packages/airflow/example_dags/example_sensors.py
[2023-04-02T10:44:11.905+0000] {processor.py:743} INFO - Processing file /home/airflow/.local/lib/python3.7/site-packages/airflow/example_dags/example_sensors.py for tasks to queue
[2023-04-02T10:44:11.910+0000] {logging_mixin.py:137} INFO - [2023-04-02T10:44:11.910+0000] {dagbag.py:532} INFO - Filling up the DagBag from /home/airflow/.local/lib/python3.7/site-packages/airflow/example_dags/example_sensors.py
[2023-04-02T10:44:12.019+0000] {processor.py:753} INFO - DAG(s) dict_keys(['example_sensors']) retrieved from /home/airflow/.local/lib/python3.7/site-packages/airflow/example_dags/example_sensors.py
[2023-04-02T10:44:12.129+0000] {logging_mixin.py:137} INFO - [2023-04-02T10:44:12.127+0000] {dag.py:2705} INFO - Sync 1 DAGs
[2023-04-02T10:44:12.219+0000] {logging_mixin.py:137} INFO - [2023-04-02T10:44:12.219+0000] {dag.py:3456} INFO - Setting next_dagrun for example_sensors to None, run_after=None
[2023-04-02T10:44:12.256+0000] {processor.py:175} INFO - Processing /home/airflow/.local/lib/python3.7/site-packages/airflow/example_dags/example_sensors.py took 0.369 seconds
[2023-04-02T10:44:42.917+0000] {processor.py:153} INFO - Started process (PID=5264) to work on /home/airflow/.local/lib/python3.7/site-packages/airflow/example_dags/example_sensors.py
[2023-04-02T10:44:42.919+0000] {processor.py:743} INFO - Processing file /home/airflow/.local/lib/python3.7/site-packages/airflow/example_dags/example_sensors.py for tasks to queue
[2023-04-02T10:44:42.922+0000] {logging_mixin.py:137} INFO - [2023-04-02T10:44:42.922+0000] {dagbag.py:532} INFO - Filling up the DagBag from /home/airflow/.local/lib/python3.7/site-packages/airflow/example_dags/example_sensors.py
[2023-04-02T10:44:43.003+0000] {processor.py:753} INFO - DAG(s) dict_keys(['example_sensors']) retrieved from /home/airflow/.local/lib/python3.7/site-packages/airflow/example_dags/example_sensors.py
[2023-04-02T10:44:43.071+0000] {logging_mixin.py:137} INFO - [2023-04-02T10:44:43.071+0000] {dag.py:2705} INFO - Sync 1 DAGs
[2023-04-02T10:44:43.131+0000] {logging_mixin.py:137} INFO - [2023-04-02T10:44:43.131+0000] {dag.py:3456} INFO - Setting next_dagrun for example_sensors to None, run_after=None
[2023-04-02T10:44:43.180+0000] {processor.py:175} INFO - Processing /home/airflow/.local/lib/python3.7/site-packages/airflow/example_dags/example_sensors.py took 0.274 seconds
[2023-04-02T10:45:13.505+0000] {processor.py:153} INFO - Started process (PID=5480) to work on /home/airflow/.local/lib/python3.7/site-packages/airflow/example_dags/example_sensors.py
[2023-04-02T10:45:13.512+0000] {processor.py:743} INFO - Processing file /home/airflow/.local/lib/python3.7/site-packages/airflow/example_dags/example_sensors.py for tasks to queue
[2023-04-02T10:45:13.519+0000] {logging_mixin.py:137} INFO - [2023-04-02T10:45:13.519+0000] {dagbag.py:532} INFO - Filling up the DagBag from /home/airflow/.local/lib/python3.7/site-packages/airflow/example_dags/example_sensors.py
[2023-04-02T10:45:13.551+0000] {processor.py:753} INFO - DAG(s) dict_keys(['example_sensors']) retrieved from /home/airflow/.local/lib/python3.7/site-packages/airflow/example_dags/example_sensors.py
[2023-04-02T10:45:13.597+0000] {logging_mixin.py:137} INFO - [2023-04-02T10:45:13.596+0000] {dag.py:2705} INFO - Sync 1 DAGs
[2023-04-02T10:45:13.641+0000] {logging_mixin.py:137} INFO - [2023-04-02T10:45:13.641+0000] {dag.py:3456} INFO - Setting next_dagrun for example_sensors to None, run_after=None
[2023-04-02T10:45:13.672+0000] {processor.py:175} INFO - Processing /home/airflow/.local/lib/python3.7/site-packages/airflow/example_dags/example_sensors.py took 0.175 seconds
[2023-04-02T10:45:44.200+0000] {processor.py:153} INFO - Started process (PID=5698) to work on /home/airflow/.local/lib/python3.7/site-packages/airflow/example_dags/example_sensors.py
[2023-04-02T10:45:44.204+0000] {processor.py:743} INFO - Processing file /home/airflow/.local/lib/python3.7/site-packages/airflow/example_dags/example_sensors.py for tasks to queue
[2023-04-02T10:45:44.209+0000] {logging_mixin.py:137} INFO - [2023-04-02T10:45:44.209+0000] {dagbag.py:532} INFO - Filling up the DagBag from /home/airflow/.local/lib/python3.7/site-packages/airflow/example_dags/example_sensors.py
[2023-04-02T10:45:44.263+0000] {processor.py:753} INFO - DAG(s) dict_keys(['example_sensors']) retrieved from /home/airflow/.local/lib/python3.7/site-packages/airflow/example_dags/example_sensors.py
[2023-04-02T10:45:44.305+0000] {logging_mixin.py:137} INFO - [2023-04-02T10:45:44.305+0000] {dag.py:2705} INFO - Sync 1 DAGs
[2023-04-02T10:45:44.343+0000] {logging_mixin.py:137} INFO - [2023-04-02T10:45:44.343+0000] {dag.py:3456} INFO - Setting next_dagrun for example_sensors to None, run_after=None
[2023-04-02T10:45:44.376+0000] {processor.py:175} INFO - Processing /home/airflow/.local/lib/python3.7/site-packages/airflow/example_dags/example_sensors.py took 0.183 seconds
[2023-04-02T10:46:14.724+0000] {processor.py:153} INFO - Started process (PID=5916) to work on /home/airflow/.local/lib/python3.7/site-packages/airflow/example_dags/example_sensors.py
[2023-04-02T10:46:14.730+0000] {processor.py:743} INFO - Processing file /home/airflow/.local/lib/python3.7/site-packages/airflow/example_dags/example_sensors.py for tasks to queue
[2023-04-02T10:46:14.734+0000] {logging_mixin.py:137} INFO - [2023-04-02T10:46:14.733+0000] {dagbag.py:532} INFO - Filling up the DagBag from /home/airflow/.local/lib/python3.7/site-packages/airflow/example_dags/example_sensors.py
[2023-04-02T10:46:14.775+0000] {processor.py:753} INFO - DAG(s) dict_keys(['example_sensors']) retrieved from /home/airflow/.local/lib/python3.7/site-packages/airflow/example_dags/example_sensors.py
[2023-04-02T10:46:14.825+0000] {logging_mixin.py:137} INFO - [2023-04-02T10:46:14.825+0000] {dag.py:2705} INFO - Sync 1 DAGs
[2023-04-02T10:46:14.874+0000] {logging_mixin.py:137} INFO - [2023-04-02T10:46:14.874+0000] {dag.py:3456} INFO - Setting next_dagrun for example_sensors to None, run_after=None
[2023-04-02T10:46:14.916+0000] {processor.py:175} INFO - Processing /home/airflow/.local/lib/python3.7/site-packages/airflow/example_dags/example_sensors.py took 0.199 seconds
[2023-04-02T10:46:45.218+0000] {processor.py:153} INFO - Started process (PID=6137) to work on /home/airflow/.local/lib/python3.7/site-packages/airflow/example_dags/example_sensors.py
[2023-04-02T10:46:45.221+0000] {processor.py:743} INFO - Processing file /home/airflow/.local/lib/python3.7/site-packages/airflow/example_dags/example_sensors.py for tasks to queue
[2023-04-02T10:46:45.224+0000] {logging_mixin.py:137} INFO - [2023-04-02T10:46:45.223+0000] {dagbag.py:532} INFO - Filling up the DagBag from /home/airflow/.local/lib/python3.7/site-packages/airflow/example_dags/example_sensors.py
[2023-04-02T10:46:45.258+0000] {processor.py:753} INFO - DAG(s) dict_keys(['example_sensors']) retrieved from /home/airflow/.local/lib/python3.7/site-packages/airflow/example_dags/example_sensors.py
[2023-04-02T10:46:45.308+0000] {logging_mixin.py:137} INFO - [2023-04-02T10:46:45.308+0000] {dag.py:2705} INFO - Sync 1 DAGs
[2023-04-02T10:46:45.355+0000] {logging_mixin.py:137} INFO - [2023-04-02T10:46:45.355+0000] {dag.py:3456} INFO - Setting next_dagrun for example_sensors to None, run_after=None
[2023-04-02T10:46:45.400+0000] {processor.py:175} INFO - Processing /home/airflow/.local/lib/python3.7/site-packages/airflow/example_dags/example_sensors.py took 0.187 seconds
[2023-04-02T10:47:15.893+0000] {processor.py:153} INFO - Started process (PID=6355) to work on /home/airflow/.local/lib/python3.7/site-packages/airflow/example_dags/example_sensors.py
[2023-04-02T10:47:15.902+0000] {processor.py:743} INFO - Processing file /home/airflow/.local/lib/python3.7/site-packages/airflow/example_dags/example_sensors.py for tasks to queue
[2023-04-02T10:47:15.905+0000] {logging_mixin.py:137} INFO - [2023-04-02T10:47:15.905+0000] {dagbag.py:532} INFO - Filling up the DagBag from /home/airflow/.local/lib/python3.7/site-packages/airflow/example_dags/example_sensors.py
[2023-04-02T10:47:15.946+0000] {processor.py:753} INFO - DAG(s) dict_keys(['example_sensors']) retrieved from /home/airflow/.local/lib/python3.7/site-packages/airflow/example_dags/example_sensors.py
[2023-04-02T10:47:16.009+0000] {logging_mixin.py:137} INFO - [2023-04-02T10:47:16.009+0000] {dag.py:2705} INFO - Sync 1 DAGs
[2023-04-02T10:47:16.053+0000] {logging_mixin.py:137} INFO - [2023-04-02T10:47:16.053+0000] {dag.py:3456} INFO - Setting next_dagrun for example_sensors to None, run_after=None
[2023-04-02T10:47:16.093+0000] {processor.py:175} INFO - Processing /home/airflow/.local/lib/python3.7/site-packages/airflow/example_dags/example_sensors.py took 0.206 seconds
[2023-04-02T10:47:46.509+0000] {processor.py:153} INFO - Started process (PID=6571) to work on /home/airflow/.local/lib/python3.7/site-packages/airflow/example_dags/example_sensors.py
[2023-04-02T10:47:46.511+0000] {processor.py:743} INFO - Processing file /home/airflow/.local/lib/python3.7/site-packages/airflow/example_dags/example_sensors.py for tasks to queue
[2023-04-02T10:47:46.513+0000] {logging_mixin.py:137} INFO - [2023-04-02T10:47:46.512+0000] {dagbag.py:532} INFO - Filling up the DagBag from /home/airflow/.local/lib/python3.7/site-packages/airflow/example_dags/example_sensors.py
[2023-04-02T10:47:46.552+0000] {processor.py:753} INFO - DAG(s) dict_keys(['example_sensors']) retrieved from /home/airflow/.local/lib/python3.7/site-packages/airflow/example_dags/example_sensors.py
[2023-04-02T10:47:46.635+0000] {logging_mixin.py:137} INFO - [2023-04-02T10:47:46.635+0000] {dag.py:2705} INFO - Sync 1 DAGs
[2023-04-02T10:47:46.688+0000] {logging_mixin.py:137} INFO - [2023-04-02T10:47:46.688+0000] {dag.py:3456} INFO - Setting next_dagrun for example_sensors to None, run_after=None
[2023-04-02T10:47:46.731+0000] {processor.py:175} INFO - Processing /home/airflow/.local/lib/python3.7/site-packages/airflow/example_dags/example_sensors.py took 0.228 seconds
[2023-04-02T10:48:17.295+0000] {processor.py:153} INFO - Started process (PID=6789) to work on /home/airflow/.local/lib/python3.7/site-packages/airflow/example_dags/example_sensors.py
[2023-04-02T10:48:17.298+0000] {processor.py:743} INFO - Processing file /home/airflow/.local/lib/python3.7/site-packages/airflow/example_dags/example_sensors.py for tasks to queue
[2023-04-02T10:48:17.307+0000] {logging_mixin.py:137} INFO - [2023-04-02T10:48:17.305+0000] {dagbag.py:532} INFO - Filling up the DagBag from /home/airflow/.local/lib/python3.7/site-packages/airflow/example_dags/example_sensors.py
[2023-04-02T10:48:17.361+0000] {processor.py:753} INFO - DAG(s) dict_keys(['example_sensors']) retrieved from /home/airflow/.local/lib/python3.7/site-packages/airflow/example_dags/example_sensors.py
[2023-04-02T10:48:17.426+0000] {logging_mixin.py:137} INFO - [2023-04-02T10:48:17.426+0000] {dag.py:2705} INFO - Sync 1 DAGs
[2023-04-02T10:48:17.478+0000] {logging_mixin.py:137} INFO - [2023-04-02T10:48:17.478+0000] {dag.py:3456} INFO - Setting next_dagrun for example_sensors to None, run_after=None
[2023-04-02T10:48:17.513+0000] {processor.py:175} INFO - Processing /home/airflow/.local/lib/python3.7/site-packages/airflow/example_dags/example_sensors.py took 0.224 seconds
[2023-04-02T10:48:47.676+0000] {processor.py:153} INFO - Started process (PID=7007) to work on /home/airflow/.local/lib/python3.7/site-packages/airflow/example_dags/example_sensors.py
[2023-04-02T10:48:47.678+0000] {processor.py:743} INFO - Processing file /home/airflow/.local/lib/python3.7/site-packages/airflow/example_dags/example_sensors.py for tasks to queue
[2023-04-02T10:48:47.680+0000] {logging_mixin.py:137} INFO - [2023-04-02T10:48:47.680+0000] {dagbag.py:532} INFO - Filling up the DagBag from /home/airflow/.local/lib/python3.7/site-packages/airflow/example_dags/example_sensors.py
[2023-04-02T10:48:47.711+0000] {processor.py:753} INFO - DAG(s) dict_keys(['example_sensors']) retrieved from /home/airflow/.local/lib/python3.7/site-packages/airflow/example_dags/example_sensors.py
[2023-04-02T10:48:47.755+0000] {logging_mixin.py:137} INFO - [2023-04-02T10:48:47.755+0000] {dag.py:2705} INFO - Sync 1 DAGs
[2023-04-02T10:48:47.790+0000] {logging_mixin.py:137} INFO - [2023-04-02T10:48:47.789+0000] {dag.py:3456} INFO - Setting next_dagrun for example_sensors to None, run_after=None
[2023-04-02T10:48:47.818+0000] {processor.py:175} INFO - Processing /home/airflow/.local/lib/python3.7/site-packages/airflow/example_dags/example_sensors.py took 0.148 seconds
[2023-04-02T10:49:18.274+0000] {processor.py:153} INFO - Started process (PID=7227) to work on /home/airflow/.local/lib/python3.7/site-packages/airflow/example_dags/example_sensors.py
[2023-04-02T10:49:18.276+0000] {processor.py:743} INFO - Processing file /home/airflow/.local/lib/python3.7/site-packages/airflow/example_dags/example_sensors.py for tasks to queue
[2023-04-02T10:49:18.280+0000] {logging_mixin.py:137} INFO - [2023-04-02T10:49:18.279+0000] {dagbag.py:532} INFO - Filling up the DagBag from /home/airflow/.local/lib/python3.7/site-packages/airflow/example_dags/example_sensors.py
[2023-04-02T10:49:18.321+0000] {processor.py:753} INFO - DAG(s) dict_keys(['example_sensors']) retrieved from /home/airflow/.local/lib/python3.7/site-packages/airflow/example_dags/example_sensors.py
[2023-04-02T10:49:18.376+0000] {logging_mixin.py:137} INFO - [2023-04-02T10:49:18.376+0000] {dag.py:2705} INFO - Sync 1 DAGs
[2023-04-02T10:49:18.439+0000] {logging_mixin.py:137} INFO - [2023-04-02T10:49:18.438+0000] {dag.py:3456} INFO - Setting next_dagrun for example_sensors to None, run_after=None
[2023-04-02T10:49:18.470+0000] {processor.py:175} INFO - Processing /home/airflow/.local/lib/python3.7/site-packages/airflow/example_dags/example_sensors.py took 0.202 seconds
[2023-04-02T10:49:49.292+0000] {processor.py:153} INFO - Started process (PID=7443) to work on /home/airflow/.local/lib/python3.7/site-packages/airflow/example_dags/example_sensors.py
[2023-04-02T10:49:49.297+0000] {processor.py:743} INFO - Processing file /home/airflow/.local/lib/python3.7/site-packages/airflow/example_dags/example_sensors.py for tasks to queue
[2023-04-02T10:49:49.300+0000] {logging_mixin.py:137} INFO - [2023-04-02T10:49:49.300+0000] {dagbag.py:532} INFO - Filling up the DagBag from /home/airflow/.local/lib/python3.7/site-packages/airflow/example_dags/example_sensors.py
[2023-04-02T10:49:49.379+0000] {processor.py:753} INFO - DAG(s) dict_keys(['example_sensors']) retrieved from /home/airflow/.local/lib/python3.7/site-packages/airflow/example_dags/example_sensors.py
[2023-04-02T10:49:49.424+0000] {logging_mixin.py:137} INFO - [2023-04-02T10:49:49.424+0000] {dag.py:2705} INFO - Sync 1 DAGs
[2023-04-02T10:49:49.463+0000] {logging_mixin.py:137} INFO - [2023-04-02T10:49:49.463+0000] {dag.py:3456} INFO - Setting next_dagrun for example_sensors to None, run_after=None
[2023-04-02T10:49:49.506+0000] {processor.py:175} INFO - Processing /home/airflow/.local/lib/python3.7/site-packages/airflow/example_dags/example_sensors.py took 0.226 seconds
[2023-04-02T10:50:20.107+0000] {processor.py:153} INFO - Started process (PID=7661) to work on /home/airflow/.local/lib/python3.7/site-packages/airflow/example_dags/example_sensors.py
[2023-04-02T10:50:20.110+0000] {processor.py:743} INFO - Processing file /home/airflow/.local/lib/python3.7/site-packages/airflow/example_dags/example_sensors.py for tasks to queue
[2023-04-02T10:50:20.113+0000] {logging_mixin.py:137} INFO - [2023-04-02T10:50:20.113+0000] {dagbag.py:532} INFO - Filling up the DagBag from /home/airflow/.local/lib/python3.7/site-packages/airflow/example_dags/example_sensors.py
[2023-04-02T10:50:20.167+0000] {processor.py:753} INFO - DAG(s) dict_keys(['example_sensors']) retrieved from /home/airflow/.local/lib/python3.7/site-packages/airflow/example_dags/example_sensors.py
[2023-04-02T10:50:20.209+0000] {logging_mixin.py:137} INFO - [2023-04-02T10:50:20.209+0000] {dag.py:2705} INFO - Sync 1 DAGs
[2023-04-02T10:50:20.241+0000] {logging_mixin.py:137} INFO - [2023-04-02T10:50:20.241+0000] {dag.py:3456} INFO - Setting next_dagrun for example_sensors to None, run_after=None
[2023-04-02T10:50:20.277+0000] {processor.py:175} INFO - Processing /home/airflow/.local/lib/python3.7/site-packages/airflow/example_dags/example_sensors.py took 0.175 seconds
