[2023-04-02T10:32:48.400+0000] {processor.py:153} INFO - Started process (PID=323) to work on /home/airflow/.local/lib/python3.7/site-packages/airflow/example_dags/example_short_circuit_decorator.py
[2023-04-02T10:32:48.403+0000] {processor.py:743} INFO - Processing file /home/airflow/.local/lib/python3.7/site-packages/airflow/example_dags/example_short_circuit_decorator.py for tasks to queue
[2023-04-02T10:32:48.406+0000] {logging_mixin.py:137} INFO - [2023-04-02T10:32:48.405+0000] {dagbag.py:532} INFO - Filling up the DagBag from /home/airflow/.local/lib/python3.7/site-packages/airflow/example_dags/example_short_circuit_decorator.py
[2023-04-02T10:32:48.455+0000] {processor.py:753} INFO - DAG(s) dict_keys(['example_short_circuit_decorator']) retrieved from /home/airflow/.local/lib/python3.7/site-packages/airflow/example_dags/example_short_circuit_decorator.py
[2023-04-02T10:32:48.479+0000] {logging_mixin.py:137} INFO - [2023-04-02T10:32:48.479+0000] {dag.py:2705} INFO - Sync 1 DAGs
[2023-04-02T10:32:48.529+0000] {logging_mixin.py:137} INFO - [2023-04-02T10:32:48.529+0000] {dag.py:3456} INFO - Setting next_dagrun for example_short_circuit_decorator to 2023-04-01T10:32:48.529019+00:00, run_after=2023-04-02T10:32:48.529019+00:00
[2023-04-02T10:32:48.563+0000] {processor.py:175} INFO - Processing /home/airflow/.local/lib/python3.7/site-packages/airflow/example_dags/example_short_circuit_decorator.py took 0.169 seconds
[2023-04-02T10:33:23.527+0000] {processor.py:153} INFO - Started process (PID=541) to work on /home/airflow/.local/lib/python3.7/site-packages/airflow/example_dags/example_short_circuit_decorator.py
[2023-04-02T10:33:23.536+0000] {processor.py:743} INFO - Processing file /home/airflow/.local/lib/python3.7/site-packages/airflow/example_dags/example_short_circuit_decorator.py for tasks to queue
[2023-04-02T10:33:23.538+0000] {logging_mixin.py:137} INFO - [2023-04-02T10:33:23.538+0000] {dagbag.py:532} INFO - Filling up the DagBag from /home/airflow/.local/lib/python3.7/site-packages/airflow/example_dags/example_short_circuit_decorator.py
[2023-04-02T10:33:23.641+0000] {processor.py:753} INFO - DAG(s) dict_keys(['example_short_circuit_decorator']) retrieved from /home/airflow/.local/lib/python3.7/site-packages/airflow/example_dags/example_short_circuit_decorator.py
[2023-04-02T10:33:23.661+0000] {logging_mixin.py:137} INFO - [2023-04-02T10:33:23.661+0000] {dag.py:2705} INFO - Sync 1 DAGs
[2023-04-02T10:33:23.738+0000] {logging_mixin.py:137} INFO - [2023-04-02T10:33:23.737+0000] {dag.py:3456} INFO - Setting next_dagrun for example_short_circuit_decorator to 2023-04-01T10:33:23.737298+00:00, run_after=2023-04-02T10:33:23.737298+00:00
[2023-04-02T10:33:23.786+0000] {processor.py:175} INFO - Processing /home/airflow/.local/lib/python3.7/site-packages/airflow/example_dags/example_short_circuit_decorator.py took 0.274 seconds
[2023-04-02T10:33:56.835+0000] {processor.py:153} INFO - Started process (PID=760) to work on /home/airflow/.local/lib/python3.7/site-packages/airflow/example_dags/example_short_circuit_decorator.py
[2023-04-02T10:33:56.846+0000] {processor.py:743} INFO - Processing file /home/airflow/.local/lib/python3.7/site-packages/airflow/example_dags/example_short_circuit_decorator.py for tasks to queue
[2023-04-02T10:33:56.848+0000] {logging_mixin.py:137} INFO - [2023-04-02T10:33:56.848+0000] {dagbag.py:532} INFO - Filling up the DagBag from /home/airflow/.local/lib/python3.7/site-packages/airflow/example_dags/example_short_circuit_decorator.py
[2023-04-02T10:33:56.928+0000] {processor.py:753} INFO - DAG(s) dict_keys(['example_short_circuit_decorator']) retrieved from /home/airflow/.local/lib/python3.7/site-packages/airflow/example_dags/example_short_circuit_decorator.py
[2023-04-02T10:33:57.028+0000] {logging_mixin.py:137} INFO - [2023-04-02T10:33:57.028+0000] {dag.py:2705} INFO - Sync 1 DAGs
[2023-04-02T10:33:57.100+0000] {logging_mixin.py:137} INFO - [2023-04-02T10:33:57.100+0000] {dag.py:3456} INFO - Setting next_dagrun for example_short_circuit_decorator to 2023-04-01T10:33:57.099608+00:00, run_after=2023-04-02T10:33:57.099608+00:00
[2023-04-02T10:33:57.168+0000] {processor.py:175} INFO - Processing /home/airflow/.local/lib/python3.7/site-packages/airflow/example_dags/example_short_circuit_decorator.py took 0.348 seconds
[2023-04-02T10:34:28.169+0000] {processor.py:153} INFO - Started process (PID=978) to work on /home/airflow/.local/lib/python3.7/site-packages/airflow/example_dags/example_short_circuit_decorator.py
[2023-04-02T10:34:28.175+0000] {processor.py:743} INFO - Processing file /home/airflow/.local/lib/python3.7/site-packages/airflow/example_dags/example_short_circuit_decorator.py for tasks to queue
[2023-04-02T10:34:28.189+0000] {logging_mixin.py:137} INFO - [2023-04-02T10:34:28.189+0000] {dagbag.py:532} INFO - Filling up the DagBag from /home/airflow/.local/lib/python3.7/site-packages/airflow/example_dags/example_short_circuit_decorator.py
[2023-04-02T10:34:28.243+0000] {processor.py:753} INFO - DAG(s) dict_keys(['example_short_circuit_decorator']) retrieved from /home/airflow/.local/lib/python3.7/site-packages/airflow/example_dags/example_short_circuit_decorator.py
[2023-04-02T10:34:28.320+0000] {logging_mixin.py:137} INFO - [2023-04-02T10:34:28.320+0000] {dag.py:2705} INFO - Sync 1 DAGs
[2023-04-02T10:34:28.390+0000] {logging_mixin.py:137} INFO - [2023-04-02T10:34:28.390+0000] {dag.py:3456} INFO - Setting next_dagrun for example_short_circuit_decorator to 2023-04-01T10:34:28.390263+00:00, run_after=2023-04-02T10:34:28.390263+00:00
[2023-04-02T10:34:28.453+0000] {processor.py:175} INFO - Processing /home/airflow/.local/lib/python3.7/site-packages/airflow/example_dags/example_short_circuit_decorator.py took 0.306 seconds
[2023-04-02T10:34:59.386+0000] {processor.py:153} INFO - Started process (PID=1199) to work on /home/airflow/.local/lib/python3.7/site-packages/airflow/example_dags/example_short_circuit_decorator.py
[2023-04-02T10:34:59.391+0000] {processor.py:743} INFO - Processing file /home/airflow/.local/lib/python3.7/site-packages/airflow/example_dags/example_short_circuit_decorator.py for tasks to queue
[2023-04-02T10:34:59.393+0000] {logging_mixin.py:137} INFO - [2023-04-02T10:34:59.392+0000] {dagbag.py:532} INFO - Filling up the DagBag from /home/airflow/.local/lib/python3.7/site-packages/airflow/example_dags/example_short_circuit_decorator.py
[2023-04-02T10:34:59.474+0000] {processor.py:753} INFO - DAG(s) dict_keys(['example_short_circuit_decorator']) retrieved from /home/airflow/.local/lib/python3.7/site-packages/airflow/example_dags/example_short_circuit_decorator.py
[2023-04-02T10:34:59.557+0000] {logging_mixin.py:137} INFO - [2023-04-02T10:34:59.556+0000] {dag.py:2705} INFO - Sync 1 DAGs
[2023-04-02T10:34:59.660+0000] {logging_mixin.py:137} INFO - [2023-04-02T10:34:59.659+0000] {dag.py:3456} INFO - Setting next_dagrun for example_short_circuit_decorator to 2023-04-01T10:34:59.659261+00:00, run_after=2023-04-02T10:34:59.659261+00:00
[2023-04-02T10:34:59.810+0000] {processor.py:175} INFO - Processing /home/airflow/.local/lib/python3.7/site-packages/airflow/example_dags/example_short_circuit_decorator.py took 0.434 seconds
[2023-04-02T10:35:30.802+0000] {processor.py:153} INFO - Started process (PID=1420) to work on /home/airflow/.local/lib/python3.7/site-packages/airflow/example_dags/example_short_circuit_decorator.py
[2023-04-02T10:35:30.816+0000] {processor.py:743} INFO - Processing file /home/airflow/.local/lib/python3.7/site-packages/airflow/example_dags/example_short_circuit_decorator.py for tasks to queue
[2023-04-02T10:35:30.821+0000] {logging_mixin.py:137} INFO - [2023-04-02T10:35:30.821+0000] {dagbag.py:532} INFO - Filling up the DagBag from /home/airflow/.local/lib/python3.7/site-packages/airflow/example_dags/example_short_circuit_decorator.py
[2023-04-02T10:35:30.928+0000] {processor.py:753} INFO - DAG(s) dict_keys(['example_short_circuit_decorator']) retrieved from /home/airflow/.local/lib/python3.7/site-packages/airflow/example_dags/example_short_circuit_decorator.py
[2023-04-02T10:35:31.043+0000] {logging_mixin.py:137} INFO - [2023-04-02T10:35:31.042+0000] {dag.py:2705} INFO - Sync 1 DAGs
[2023-04-02T10:35:31.096+0000] {logging_mixin.py:137} INFO - [2023-04-02T10:35:31.096+0000] {dag.py:3456} INFO - Setting next_dagrun for example_short_circuit_decorator to 2023-04-01T10:35:31.096042+00:00, run_after=2023-04-02T10:35:31.096042+00:00
[2023-04-02T10:35:31.168+0000] {processor.py:175} INFO - Processing /home/airflow/.local/lib/python3.7/site-packages/airflow/example_dags/example_short_circuit_decorator.py took 0.394 seconds
[2023-04-02T10:36:01.249+0000] {processor.py:153} INFO - Started process (PID=1640) to work on /home/airflow/.local/lib/python3.7/site-packages/airflow/example_dags/example_short_circuit_decorator.py
[2023-04-02T10:36:01.250+0000] {processor.py:743} INFO - Processing file /home/airflow/.local/lib/python3.7/site-packages/airflow/example_dags/example_short_circuit_decorator.py for tasks to queue
[2023-04-02T10:36:01.253+0000] {logging_mixin.py:137} INFO - [2023-04-02T10:36:01.252+0000] {dagbag.py:532} INFO - Filling up the DagBag from /home/airflow/.local/lib/python3.7/site-packages/airflow/example_dags/example_short_circuit_decorator.py
[2023-04-02T10:36:01.285+0000] {processor.py:753} INFO - DAG(s) dict_keys(['example_short_circuit_decorator']) retrieved from /home/airflow/.local/lib/python3.7/site-packages/airflow/example_dags/example_short_circuit_decorator.py
[2023-04-02T10:36:01.323+0000] {logging_mixin.py:137} INFO - [2023-04-02T10:36:01.323+0000] {dag.py:2705} INFO - Sync 1 DAGs
[2023-04-02T10:36:01.365+0000] {logging_mixin.py:137} INFO - [2023-04-02T10:36:01.364+0000] {dag.py:3456} INFO - Setting next_dagrun for example_short_circuit_decorator to 2023-04-01T10:36:01.364552+00:00, run_after=2023-04-02T10:36:01.364552+00:00
[2023-04-02T10:36:01.391+0000] {processor.py:175} INFO - Processing /home/airflow/.local/lib/python3.7/site-packages/airflow/example_dags/example_short_circuit_decorator.py took 0.146 seconds
[2023-04-02T10:36:31.548+0000] {processor.py:153} INFO - Started process (PID=1858) to work on /home/airflow/.local/lib/python3.7/site-packages/airflow/example_dags/example_short_circuit_decorator.py
[2023-04-02T10:36:31.549+0000] {processor.py:743} INFO - Processing file /home/airflow/.local/lib/python3.7/site-packages/airflow/example_dags/example_short_circuit_decorator.py for tasks to queue
[2023-04-02T10:36:31.551+0000] {logging_mixin.py:137} INFO - [2023-04-02T10:36:31.551+0000] {dagbag.py:532} INFO - Filling up the DagBag from /home/airflow/.local/lib/python3.7/site-packages/airflow/example_dags/example_short_circuit_decorator.py
[2023-04-02T10:36:31.588+0000] {processor.py:753} INFO - DAG(s) dict_keys(['example_short_circuit_decorator']) retrieved from /home/airflow/.local/lib/python3.7/site-packages/airflow/example_dags/example_short_circuit_decorator.py
[2023-04-02T10:36:31.634+0000] {logging_mixin.py:137} INFO - [2023-04-02T10:36:31.634+0000] {dag.py:2705} INFO - Sync 1 DAGs
[2023-04-02T10:36:31.672+0000] {logging_mixin.py:137} INFO - [2023-04-02T10:36:31.671+0000] {dag.py:3456} INFO - Setting next_dagrun for example_short_circuit_decorator to 2023-04-01T10:36:31.671563+00:00, run_after=2023-04-02T10:36:31.671563+00:00
[2023-04-02T10:36:31.706+0000] {processor.py:175} INFO - Processing /home/airflow/.local/lib/python3.7/site-packages/airflow/example_dags/example_short_circuit_decorator.py took 0.163 seconds
[2023-04-02T10:37:02.222+0000] {processor.py:153} INFO - Started process (PID=2074) to work on /home/airflow/.local/lib/python3.7/site-packages/airflow/example_dags/example_short_circuit_decorator.py
[2023-04-02T10:37:02.225+0000] {processor.py:743} INFO - Processing file /home/airflow/.local/lib/python3.7/site-packages/airflow/example_dags/example_short_circuit_decorator.py for tasks to queue
[2023-04-02T10:37:02.228+0000] {logging_mixin.py:137} INFO - [2023-04-02T10:37:02.228+0000] {dagbag.py:532} INFO - Filling up the DagBag from /home/airflow/.local/lib/python3.7/site-packages/airflow/example_dags/example_short_circuit_decorator.py
[2023-04-02T10:37:02.330+0000] {processor.py:753} INFO - DAG(s) dict_keys(['example_short_circuit_decorator']) retrieved from /home/airflow/.local/lib/python3.7/site-packages/airflow/example_dags/example_short_circuit_decorator.py
[2023-04-02T10:37:02.391+0000] {logging_mixin.py:137} INFO - [2023-04-02T10:37:02.391+0000] {dag.py:2705} INFO - Sync 1 DAGs
[2023-04-02T10:37:02.442+0000] {logging_mixin.py:137} INFO - [2023-04-02T10:37:02.442+0000] {dag.py:3456} INFO - Setting next_dagrun for example_short_circuit_decorator to 2023-04-01T10:37:02.441888+00:00, run_after=2023-04-02T10:37:02.441888+00:00
[2023-04-02T10:37:02.484+0000] {processor.py:175} INFO - Processing /home/airflow/.local/lib/python3.7/site-packages/airflow/example_dags/example_short_circuit_decorator.py took 0.272 seconds
[2023-04-02T10:37:32.683+0000] {processor.py:153} INFO - Started process (PID=2292) to work on /home/airflow/.local/lib/python3.7/site-packages/airflow/example_dags/example_short_circuit_decorator.py
[2023-04-02T10:37:32.685+0000] {processor.py:743} INFO - Processing file /home/airflow/.local/lib/python3.7/site-packages/airflow/example_dags/example_short_circuit_decorator.py for tasks to queue
[2023-04-02T10:37:32.688+0000] {logging_mixin.py:137} INFO - [2023-04-02T10:37:32.688+0000] {dagbag.py:532} INFO - Filling up the DagBag from /home/airflow/.local/lib/python3.7/site-packages/airflow/example_dags/example_short_circuit_decorator.py
[2023-04-02T10:37:32.731+0000] {processor.py:753} INFO - DAG(s) dict_keys(['example_short_circuit_decorator']) retrieved from /home/airflow/.local/lib/python3.7/site-packages/airflow/example_dags/example_short_circuit_decorator.py
[2023-04-02T10:37:32.778+0000] {logging_mixin.py:137} INFO - [2023-04-02T10:37:32.778+0000] {dag.py:2705} INFO - Sync 1 DAGs
[2023-04-02T10:37:32.823+0000] {logging_mixin.py:137} INFO - [2023-04-02T10:37:32.823+0000] {dag.py:3456} INFO - Setting next_dagrun for example_short_circuit_decorator to 2023-04-01T10:37:32.823501+00:00, run_after=2023-04-02T10:37:32.823501+00:00
[2023-04-02T10:37:32.850+0000] {processor.py:175} INFO - Processing /home/airflow/.local/lib/python3.7/site-packages/airflow/example_dags/example_short_circuit_decorator.py took 0.172 seconds
[2023-04-02T10:38:03.508+0000] {processor.py:153} INFO - Started process (PID=2505) to work on /home/airflow/.local/lib/python3.7/site-packages/airflow/example_dags/example_short_circuit_decorator.py
[2023-04-02T10:38:03.510+0000] {processor.py:743} INFO - Processing file /home/airflow/.local/lib/python3.7/site-packages/airflow/example_dags/example_short_circuit_decorator.py for tasks to queue
[2023-04-02T10:38:03.513+0000] {logging_mixin.py:137} INFO - [2023-04-02T10:38:03.513+0000] {dagbag.py:532} INFO - Filling up the DagBag from /home/airflow/.local/lib/python3.7/site-packages/airflow/example_dags/example_short_circuit_decorator.py
[2023-04-02T10:38:03.578+0000] {processor.py:753} INFO - DAG(s) dict_keys(['example_short_circuit_decorator']) retrieved from /home/airflow/.local/lib/python3.7/site-packages/airflow/example_dags/example_short_circuit_decorator.py
[2023-04-02T10:38:03.628+0000] {logging_mixin.py:137} INFO - [2023-04-02T10:38:03.628+0000] {dag.py:2705} INFO - Sync 1 DAGs
[2023-04-02T10:38:03.694+0000] {logging_mixin.py:137} INFO - [2023-04-02T10:38:03.693+0000] {dag.py:3456} INFO - Setting next_dagrun for example_short_circuit_decorator to 2023-04-01T10:38:03.693343+00:00, run_after=2023-04-02T10:38:03.693343+00:00
[2023-04-02T10:38:03.757+0000] {processor.py:175} INFO - Processing /home/airflow/.local/lib/python3.7/site-packages/airflow/example_dags/example_short_circuit_decorator.py took 0.254 seconds
[2023-04-02T10:38:34.477+0000] {processor.py:153} INFO - Started process (PID=2730) to work on /home/airflow/.local/lib/python3.7/site-packages/airflow/example_dags/example_short_circuit_decorator.py
[2023-04-02T10:38:34.478+0000] {processor.py:743} INFO - Processing file /home/airflow/.local/lib/python3.7/site-packages/airflow/example_dags/example_short_circuit_decorator.py for tasks to queue
[2023-04-02T10:38:34.483+0000] {logging_mixin.py:137} INFO - [2023-04-02T10:38:34.482+0000] {dagbag.py:532} INFO - Filling up the DagBag from /home/airflow/.local/lib/python3.7/site-packages/airflow/example_dags/example_short_circuit_decorator.py
[2023-04-02T10:38:34.536+0000] {processor.py:753} INFO - DAG(s) dict_keys(['example_short_circuit_decorator']) retrieved from /home/airflow/.local/lib/python3.7/site-packages/airflow/example_dags/example_short_circuit_decorator.py
[2023-04-02T10:38:34.593+0000] {logging_mixin.py:137} INFO - [2023-04-02T10:38:34.593+0000] {dag.py:2705} INFO - Sync 1 DAGs
[2023-04-02T10:38:34.636+0000] {logging_mixin.py:137} INFO - [2023-04-02T10:38:34.636+0000] {dag.py:3456} INFO - Setting next_dagrun for example_short_circuit_decorator to 2023-04-01T10:38:34.636452+00:00, run_after=2023-04-02T10:38:34.636452+00:00
[2023-04-02T10:38:34.669+0000] {processor.py:175} INFO - Processing /home/airflow/.local/lib/python3.7/site-packages/airflow/example_dags/example_short_circuit_decorator.py took 0.201 seconds
[2023-04-02T10:39:05.975+0000] {processor.py:153} INFO - Started process (PID=2950) to work on /home/airflow/.local/lib/python3.7/site-packages/airflow/example_dags/example_short_circuit_decorator.py
[2023-04-02T10:39:05.979+0000] {processor.py:743} INFO - Processing file /home/airflow/.local/lib/python3.7/site-packages/airflow/example_dags/example_short_circuit_decorator.py for tasks to queue
[2023-04-02T10:39:05.984+0000] {logging_mixin.py:137} INFO - [2023-04-02T10:39:05.982+0000] {dagbag.py:532} INFO - Filling up the DagBag from /home/airflow/.local/lib/python3.7/site-packages/airflow/example_dags/example_short_circuit_decorator.py
[2023-04-02T10:39:06.028+0000] {processor.py:753} INFO - DAG(s) dict_keys(['example_short_circuit_decorator']) retrieved from /home/airflow/.local/lib/python3.7/site-packages/airflow/example_dags/example_short_circuit_decorator.py
[2023-04-02T10:39:06.071+0000] {logging_mixin.py:137} INFO - [2023-04-02T10:39:06.071+0000] {dag.py:2705} INFO - Sync 1 DAGs
[2023-04-02T10:39:06.124+0000] {logging_mixin.py:137} INFO - [2023-04-02T10:39:06.124+0000] {dag.py:3456} INFO - Setting next_dagrun for example_short_circuit_decorator to 2023-04-01T10:39:06.123895+00:00, run_after=2023-04-02T10:39:06.123895+00:00
[2023-04-02T10:39:06.164+0000] {processor.py:175} INFO - Processing /home/airflow/.local/lib/python3.7/site-packages/airflow/example_dags/example_short_circuit_decorator.py took 0.194 seconds
[2023-04-02T10:39:36.826+0000] {processor.py:153} INFO - Started process (PID=3166) to work on /home/airflow/.local/lib/python3.7/site-packages/airflow/example_dags/example_short_circuit_decorator.py
[2023-04-02T10:39:36.829+0000] {processor.py:743} INFO - Processing file /home/airflow/.local/lib/python3.7/site-packages/airflow/example_dags/example_short_circuit_decorator.py for tasks to queue
[2023-04-02T10:39:36.836+0000] {logging_mixin.py:137} INFO - [2023-04-02T10:39:36.835+0000] {dagbag.py:532} INFO - Filling up the DagBag from /home/airflow/.local/lib/python3.7/site-packages/airflow/example_dags/example_short_circuit_decorator.py
[2023-04-02T10:39:36.900+0000] {processor.py:753} INFO - DAG(s) dict_keys(['example_short_circuit_decorator']) retrieved from /home/airflow/.local/lib/python3.7/site-packages/airflow/example_dags/example_short_circuit_decorator.py
[2023-04-02T10:39:36.954+0000] {logging_mixin.py:137} INFO - [2023-04-02T10:39:36.954+0000] {dag.py:2705} INFO - Sync 1 DAGs
[2023-04-02T10:39:36.998+0000] {logging_mixin.py:137} INFO - [2023-04-02T10:39:36.998+0000] {dag.py:3456} INFO - Setting next_dagrun for example_short_circuit_decorator to 2023-04-01T10:39:36.997856+00:00, run_after=2023-04-02T10:39:36.997856+00:00
[2023-04-02T10:39:37.035+0000] {processor.py:175} INFO - Processing /home/airflow/.local/lib/python3.7/site-packages/airflow/example_dags/example_short_circuit_decorator.py took 0.217 seconds
[2023-04-02T10:40:08.037+0000] {processor.py:153} INFO - Started process (PID=3384) to work on /home/airflow/.local/lib/python3.7/site-packages/airflow/example_dags/example_short_circuit_decorator.py
[2023-04-02T10:40:08.043+0000] {processor.py:743} INFO - Processing file /home/airflow/.local/lib/python3.7/site-packages/airflow/example_dags/example_short_circuit_decorator.py for tasks to queue
[2023-04-02T10:40:08.050+0000] {logging_mixin.py:137} INFO - [2023-04-02T10:40:08.046+0000] {dagbag.py:532} INFO - Filling up the DagBag from /home/airflow/.local/lib/python3.7/site-packages/airflow/example_dags/example_short_circuit_decorator.py
[2023-04-02T10:40:08.098+0000] {processor.py:753} INFO - DAG(s) dict_keys(['example_short_circuit_decorator']) retrieved from /home/airflow/.local/lib/python3.7/site-packages/airflow/example_dags/example_short_circuit_decorator.py
[2023-04-02T10:40:08.164+0000] {logging_mixin.py:137} INFO - [2023-04-02T10:40:08.164+0000] {dag.py:2705} INFO - Sync 1 DAGs
[2023-04-02T10:40:08.220+0000] {logging_mixin.py:137} INFO - [2023-04-02T10:40:08.219+0000] {dag.py:3456} INFO - Setting next_dagrun for example_short_circuit_decorator to 2023-04-01T10:40:08.219527+00:00, run_after=2023-04-02T10:40:08.219527+00:00
[2023-04-02T10:40:08.280+0000] {processor.py:175} INFO - Processing /home/airflow/.local/lib/python3.7/site-packages/airflow/example_dags/example_short_circuit_decorator.py took 0.259 seconds
[2023-04-02T10:40:39.688+0000] {processor.py:153} INFO - Started process (PID=3602) to work on /home/airflow/.local/lib/python3.7/site-packages/airflow/example_dags/example_short_circuit_decorator.py
[2023-04-02T10:40:39.695+0000] {processor.py:743} INFO - Processing file /home/airflow/.local/lib/python3.7/site-packages/airflow/example_dags/example_short_circuit_decorator.py for tasks to queue
[2023-04-02T10:40:39.720+0000] {logging_mixin.py:137} INFO - [2023-04-02T10:40:39.720+0000] {dagbag.py:532} INFO - Filling up the DagBag from /home/airflow/.local/lib/python3.7/site-packages/airflow/example_dags/example_short_circuit_decorator.py
[2023-04-02T10:40:39.904+0000] {processor.py:753} INFO - DAG(s) dict_keys(['example_short_circuit_decorator']) retrieved from /home/airflow/.local/lib/python3.7/site-packages/airflow/example_dags/example_short_circuit_decorator.py
[2023-04-02T10:40:40.015+0000] {logging_mixin.py:137} INFO - [2023-04-02T10:40:40.015+0000] {dag.py:2705} INFO - Sync 1 DAGs
[2023-04-02T10:40:40.172+0000] {logging_mixin.py:137} INFO - [2023-04-02T10:40:40.172+0000] {dag.py:3456} INFO - Setting next_dagrun for example_short_circuit_decorator to 2023-04-01T10:40:40.172130+00:00, run_after=2023-04-02T10:40:40.172130+00:00
[2023-04-02T10:40:40.245+0000] {processor.py:175} INFO - Processing /home/airflow/.local/lib/python3.7/site-packages/airflow/example_dags/example_short_circuit_decorator.py took 0.572 seconds
[2023-04-02T10:41:10.844+0000] {processor.py:153} INFO - Started process (PID=3822) to work on /home/airflow/.local/lib/python3.7/site-packages/airflow/example_dags/example_short_circuit_decorator.py
[2023-04-02T10:41:10.847+0000] {processor.py:743} INFO - Processing file /home/airflow/.local/lib/python3.7/site-packages/airflow/example_dags/example_short_circuit_decorator.py for tasks to queue
[2023-04-02T10:41:10.853+0000] {logging_mixin.py:137} INFO - [2023-04-02T10:41:10.853+0000] {dagbag.py:532} INFO - Filling up the DagBag from /home/airflow/.local/lib/python3.7/site-packages/airflow/example_dags/example_short_circuit_decorator.py
[2023-04-02T10:41:10.931+0000] {processor.py:753} INFO - DAG(s) dict_keys(['example_short_circuit_decorator']) retrieved from /home/airflow/.local/lib/python3.7/site-packages/airflow/example_dags/example_short_circuit_decorator.py
[2023-04-02T10:41:10.986+0000] {logging_mixin.py:137} INFO - [2023-04-02T10:41:10.986+0000] {dag.py:2705} INFO - Sync 1 DAGs
[2023-04-02T10:41:11.046+0000] {logging_mixin.py:137} INFO - [2023-04-02T10:41:11.045+0000] {dag.py:3456} INFO - Setting next_dagrun for example_short_circuit_decorator to 2023-04-01T10:41:11.045184+00:00, run_after=2023-04-02T10:41:11.045184+00:00
[2023-04-02T10:41:11.111+0000] {processor.py:175} INFO - Processing /home/airflow/.local/lib/python3.7/site-packages/airflow/example_dags/example_short_circuit_decorator.py took 0.276 seconds
[2023-04-02T10:41:42.104+0000] {processor.py:153} INFO - Started process (PID=4038) to work on /home/airflow/.local/lib/python3.7/site-packages/airflow/example_dags/example_short_circuit_decorator.py
[2023-04-02T10:41:42.109+0000] {processor.py:743} INFO - Processing file /home/airflow/.local/lib/python3.7/site-packages/airflow/example_dags/example_short_circuit_decorator.py for tasks to queue
[2023-04-02T10:41:42.112+0000] {logging_mixin.py:137} INFO - [2023-04-02T10:41:42.111+0000] {dagbag.py:532} INFO - Filling up the DagBag from /home/airflow/.local/lib/python3.7/site-packages/airflow/example_dags/example_short_circuit_decorator.py
[2023-04-02T10:41:42.207+0000] {processor.py:753} INFO - DAG(s) dict_keys(['example_short_circuit_decorator']) retrieved from /home/airflow/.local/lib/python3.7/site-packages/airflow/example_dags/example_short_circuit_decorator.py
[2023-04-02T10:41:42.306+0000] {logging_mixin.py:137} INFO - [2023-04-02T10:41:42.305+0000] {dag.py:2705} INFO - Sync 1 DAGs
[2023-04-02T10:41:42.471+0000] {logging_mixin.py:137} INFO - [2023-04-02T10:41:42.470+0000] {dag.py:3456} INFO - Setting next_dagrun for example_short_circuit_decorator to 2023-04-01T10:41:42.470244+00:00, run_after=2023-04-02T10:41:42.470244+00:00
[2023-04-02T10:41:42.546+0000] {processor.py:175} INFO - Processing /home/airflow/.local/lib/python3.7/site-packages/airflow/example_dags/example_short_circuit_decorator.py took 0.452 seconds
[2023-04-02T10:42:13.328+0000] {processor.py:153} INFO - Started process (PID=4257) to work on /home/airflow/.local/lib/python3.7/site-packages/airflow/example_dags/example_short_circuit_decorator.py
[2023-04-02T10:42:13.344+0000] {processor.py:743} INFO - Processing file /home/airflow/.local/lib/python3.7/site-packages/airflow/example_dags/example_short_circuit_decorator.py for tasks to queue
[2023-04-02T10:42:13.360+0000] {logging_mixin.py:137} INFO - [2023-04-02T10:42:13.351+0000] {dagbag.py:532} INFO - Filling up the DagBag from /home/airflow/.local/lib/python3.7/site-packages/airflow/example_dags/example_short_circuit_decorator.py
[2023-04-02T10:42:13.573+0000] {processor.py:753} INFO - DAG(s) dict_keys(['example_short_circuit_decorator']) retrieved from /home/airflow/.local/lib/python3.7/site-packages/airflow/example_dags/example_short_circuit_decorator.py
[2023-04-02T10:42:13.660+0000] {logging_mixin.py:137} INFO - [2023-04-02T10:42:13.659+0000] {dag.py:2705} INFO - Sync 1 DAGs
[2023-04-02T10:42:13.781+0000] {logging_mixin.py:137} INFO - [2023-04-02T10:42:13.781+0000] {dag.py:3456} INFO - Setting next_dagrun for example_short_circuit_decorator to 2023-04-01T10:42:13.780469+00:00, run_after=2023-04-02T10:42:13.780469+00:00
[2023-04-02T10:42:13.849+0000] {processor.py:175} INFO - Processing /home/airflow/.local/lib/python3.7/site-packages/airflow/example_dags/example_short_circuit_decorator.py took 0.546 seconds
[2023-04-02T10:42:44.333+0000] {processor.py:153} INFO - Started process (PID=4475) to work on /home/airflow/.local/lib/python3.7/site-packages/airflow/example_dags/example_short_circuit_decorator.py
[2023-04-02T10:42:44.342+0000] {processor.py:743} INFO - Processing file /home/airflow/.local/lib/python3.7/site-packages/airflow/example_dags/example_short_circuit_decorator.py for tasks to queue
[2023-04-02T10:42:44.348+0000] {logging_mixin.py:137} INFO - [2023-04-02T10:42:44.347+0000] {dagbag.py:532} INFO - Filling up the DagBag from /home/airflow/.local/lib/python3.7/site-packages/airflow/example_dags/example_short_circuit_decorator.py
[2023-04-02T10:42:44.433+0000] {processor.py:753} INFO - DAG(s) dict_keys(['example_short_circuit_decorator']) retrieved from /home/airflow/.local/lib/python3.7/site-packages/airflow/example_dags/example_short_circuit_decorator.py
[2023-04-02T10:42:44.510+0000] {logging_mixin.py:137} INFO - [2023-04-02T10:42:44.510+0000] {dag.py:2705} INFO - Sync 1 DAGs
[2023-04-02T10:42:44.615+0000] {logging_mixin.py:137} INFO - [2023-04-02T10:42:44.615+0000] {dag.py:3456} INFO - Setting next_dagrun for example_short_circuit_decorator to 2023-04-01T10:42:44.613762+00:00, run_after=2023-04-02T10:42:44.613762+00:00
[2023-04-02T10:42:44.692+0000] {processor.py:175} INFO - Processing /home/airflow/.local/lib/python3.7/site-packages/airflow/example_dags/example_short_circuit_decorator.py took 0.368 seconds
[2023-04-02T10:43:14.759+0000] {processor.py:153} INFO - Started process (PID=4695) to work on /home/airflow/.local/lib/python3.7/site-packages/airflow/example_dags/example_short_circuit_decorator.py
[2023-04-02T10:43:14.762+0000] {processor.py:743} INFO - Processing file /home/airflow/.local/lib/python3.7/site-packages/airflow/example_dags/example_short_circuit_decorator.py for tasks to queue
[2023-04-02T10:43:14.764+0000] {logging_mixin.py:137} INFO - [2023-04-02T10:43:14.763+0000] {dagbag.py:532} INFO - Filling up the DagBag from /home/airflow/.local/lib/python3.7/site-packages/airflow/example_dags/example_short_circuit_decorator.py
[2023-04-02T10:43:14.806+0000] {processor.py:753} INFO - DAG(s) dict_keys(['example_short_circuit_decorator']) retrieved from /home/airflow/.local/lib/python3.7/site-packages/airflow/example_dags/example_short_circuit_decorator.py
[2023-04-02T10:43:14.843+0000] {logging_mixin.py:137} INFO - [2023-04-02T10:43:14.843+0000] {dag.py:2705} INFO - Sync 1 DAGs
[2023-04-02T10:43:14.877+0000] {logging_mixin.py:137} INFO - [2023-04-02T10:43:14.877+0000] {dag.py:3456} INFO - Setting next_dagrun for example_short_circuit_decorator to 2023-04-01T10:43:14.877053+00:00, run_after=2023-04-02T10:43:14.877053+00:00
[2023-04-02T10:43:14.938+0000] {processor.py:175} INFO - Processing /home/airflow/.local/lib/python3.7/site-packages/airflow/example_dags/example_short_circuit_decorator.py took 0.183 seconds
[2023-04-02T10:43:45.131+0000] {processor.py:153} INFO - Started process (PID=4913) to work on /home/airflow/.local/lib/python3.7/site-packages/airflow/example_dags/example_short_circuit_decorator.py
[2023-04-02T10:43:45.135+0000] {processor.py:743} INFO - Processing file /home/airflow/.local/lib/python3.7/site-packages/airflow/example_dags/example_short_circuit_decorator.py for tasks to queue
[2023-04-02T10:43:45.138+0000] {logging_mixin.py:137} INFO - [2023-04-02T10:43:45.137+0000] {dagbag.py:532} INFO - Filling up the DagBag from /home/airflow/.local/lib/python3.7/site-packages/airflow/example_dags/example_short_circuit_decorator.py
[2023-04-02T10:43:45.209+0000] {processor.py:753} INFO - DAG(s) dict_keys(['example_short_circuit_decorator']) retrieved from /home/airflow/.local/lib/python3.7/site-packages/airflow/example_dags/example_short_circuit_decorator.py
[2023-04-02T10:43:45.253+0000] {logging_mixin.py:137} INFO - [2023-04-02T10:43:45.253+0000] {dag.py:2705} INFO - Sync 1 DAGs
[2023-04-02T10:43:45.291+0000] {logging_mixin.py:137} INFO - [2023-04-02T10:43:45.290+0000] {dag.py:3456} INFO - Setting next_dagrun for example_short_circuit_decorator to 2023-04-01T10:43:45.290550+00:00, run_after=2023-04-02T10:43:45.290550+00:00
[2023-04-02T10:43:45.324+0000] {processor.py:175} INFO - Processing /home/airflow/.local/lib/python3.7/site-packages/airflow/example_dags/example_short_circuit_decorator.py took 0.198 seconds
[2023-04-02T10:44:15.370+0000] {processor.py:153} INFO - Started process (PID=5131) to work on /home/airflow/.local/lib/python3.7/site-packages/airflow/example_dags/example_short_circuit_decorator.py
[2023-04-02T10:44:15.372+0000] {processor.py:743} INFO - Processing file /home/airflow/.local/lib/python3.7/site-packages/airflow/example_dags/example_short_circuit_decorator.py for tasks to queue
[2023-04-02T10:44:15.374+0000] {logging_mixin.py:137} INFO - [2023-04-02T10:44:15.374+0000] {dagbag.py:532} INFO - Filling up the DagBag from /home/airflow/.local/lib/python3.7/site-packages/airflow/example_dags/example_short_circuit_decorator.py
[2023-04-02T10:44:15.407+0000] {processor.py:753} INFO - DAG(s) dict_keys(['example_short_circuit_decorator']) retrieved from /home/airflow/.local/lib/python3.7/site-packages/airflow/example_dags/example_short_circuit_decorator.py
[2023-04-02T10:44:15.446+0000] {logging_mixin.py:137} INFO - [2023-04-02T10:44:15.446+0000] {dag.py:2705} INFO - Sync 1 DAGs
[2023-04-02T10:44:15.483+0000] {logging_mixin.py:137} INFO - [2023-04-02T10:44:15.483+0000] {dag.py:3456} INFO - Setting next_dagrun for example_short_circuit_decorator to 2023-04-01T10:44:15.482836+00:00, run_after=2023-04-02T10:44:15.482836+00:00
[2023-04-02T10:44:15.518+0000] {processor.py:175} INFO - Processing /home/airflow/.local/lib/python3.7/site-packages/airflow/example_dags/example_short_circuit_decorator.py took 0.153 seconds
[2023-04-02T10:44:46.026+0000] {processor.py:153} INFO - Started process (PID=5347) to work on /home/airflow/.local/lib/python3.7/site-packages/airflow/example_dags/example_short_circuit_decorator.py
[2023-04-02T10:44:46.028+0000] {processor.py:743} INFO - Processing file /home/airflow/.local/lib/python3.7/site-packages/airflow/example_dags/example_short_circuit_decorator.py for tasks to queue
[2023-04-02T10:44:46.031+0000] {logging_mixin.py:137} INFO - [2023-04-02T10:44:46.031+0000] {dagbag.py:532} INFO - Filling up the DagBag from /home/airflow/.local/lib/python3.7/site-packages/airflow/example_dags/example_short_circuit_decorator.py
[2023-04-02T10:44:46.128+0000] {processor.py:753} INFO - DAG(s) dict_keys(['example_short_circuit_decorator']) retrieved from /home/airflow/.local/lib/python3.7/site-packages/airflow/example_dags/example_short_circuit_decorator.py
[2023-04-02T10:44:46.237+0000] {logging_mixin.py:137} INFO - [2023-04-02T10:44:46.237+0000] {dag.py:2705} INFO - Sync 1 DAGs
[2023-04-02T10:44:46.341+0000] {logging_mixin.py:137} INFO - [2023-04-02T10:44:46.341+0000] {dag.py:3456} INFO - Setting next_dagrun for example_short_circuit_decorator to 2023-04-01T10:44:46.341159+00:00, run_after=2023-04-02T10:44:46.341159+00:00
[2023-04-02T10:44:46.386+0000] {processor.py:175} INFO - Processing /home/airflow/.local/lib/python3.7/site-packages/airflow/example_dags/example_short_circuit_decorator.py took 0.366 seconds
[2023-04-02T10:45:16.651+0000] {processor.py:153} INFO - Started process (PID=5565) to work on /home/airflow/.local/lib/python3.7/site-packages/airflow/example_dags/example_short_circuit_decorator.py
[2023-04-02T10:45:16.653+0000] {processor.py:743} INFO - Processing file /home/airflow/.local/lib/python3.7/site-packages/airflow/example_dags/example_short_circuit_decorator.py for tasks to queue
[2023-04-02T10:45:16.654+0000] {logging_mixin.py:137} INFO - [2023-04-02T10:45:16.654+0000] {dagbag.py:532} INFO - Filling up the DagBag from /home/airflow/.local/lib/python3.7/site-packages/airflow/example_dags/example_short_circuit_decorator.py
[2023-04-02T10:45:16.690+0000] {processor.py:753} INFO - DAG(s) dict_keys(['example_short_circuit_decorator']) retrieved from /home/airflow/.local/lib/python3.7/site-packages/airflow/example_dags/example_short_circuit_decorator.py
[2023-04-02T10:45:16.730+0000] {logging_mixin.py:137} INFO - [2023-04-02T10:45:16.729+0000] {dag.py:2705} INFO - Sync 1 DAGs
[2023-04-02T10:45:16.765+0000] {logging_mixin.py:137} INFO - [2023-04-02T10:45:16.765+0000] {dag.py:3456} INFO - Setting next_dagrun for example_short_circuit_decorator to 2023-04-01T10:45:16.765187+00:00, run_after=2023-04-02T10:45:16.765187+00:00
[2023-04-02T10:45:16.799+0000] {processor.py:175} INFO - Processing /home/airflow/.local/lib/python3.7/site-packages/airflow/example_dags/example_short_circuit_decorator.py took 0.157 seconds
[2023-04-02T10:45:47.410+0000] {processor.py:153} INFO - Started process (PID=5783) to work on /home/airflow/.local/lib/python3.7/site-packages/airflow/example_dags/example_short_circuit_decorator.py
[2023-04-02T10:45:47.413+0000] {processor.py:743} INFO - Processing file /home/airflow/.local/lib/python3.7/site-packages/airflow/example_dags/example_short_circuit_decorator.py for tasks to queue
[2023-04-02T10:45:47.415+0000] {logging_mixin.py:137} INFO - [2023-04-02T10:45:47.414+0000] {dagbag.py:532} INFO - Filling up the DagBag from /home/airflow/.local/lib/python3.7/site-packages/airflow/example_dags/example_short_circuit_decorator.py
[2023-04-02T10:45:47.466+0000] {processor.py:753} INFO - DAG(s) dict_keys(['example_short_circuit_decorator']) retrieved from /home/airflow/.local/lib/python3.7/site-packages/airflow/example_dags/example_short_circuit_decorator.py
[2023-04-02T10:45:47.507+0000] {logging_mixin.py:137} INFO - [2023-04-02T10:45:47.507+0000] {dag.py:2705} INFO - Sync 1 DAGs
[2023-04-02T10:45:47.545+0000] {logging_mixin.py:137} INFO - [2023-04-02T10:45:47.544+0000] {dag.py:3456} INFO - Setting next_dagrun for example_short_circuit_decorator to 2023-04-01T10:45:47.544584+00:00, run_after=2023-04-02T10:45:47.544584+00:00
[2023-04-02T10:45:47.590+0000] {processor.py:175} INFO - Processing /home/airflow/.local/lib/python3.7/site-packages/airflow/example_dags/example_short_circuit_decorator.py took 0.186 seconds
[2023-04-02T10:46:18.916+0000] {processor.py:153} INFO - Started process (PID=6003) to work on /home/airflow/.local/lib/python3.7/site-packages/airflow/example_dags/example_short_circuit_decorator.py
[2023-04-02T10:46:18.919+0000] {processor.py:743} INFO - Processing file /home/airflow/.local/lib/python3.7/site-packages/airflow/example_dags/example_short_circuit_decorator.py for tasks to queue
[2023-04-02T10:46:18.922+0000] {logging_mixin.py:137} INFO - [2023-04-02T10:46:18.921+0000] {dagbag.py:532} INFO - Filling up the DagBag from /home/airflow/.local/lib/python3.7/site-packages/airflow/example_dags/example_short_circuit_decorator.py
[2023-04-02T10:46:18.991+0000] {processor.py:753} INFO - DAG(s) dict_keys(['example_short_circuit_decorator']) retrieved from /home/airflow/.local/lib/python3.7/site-packages/airflow/example_dags/example_short_circuit_decorator.py
[2023-04-02T10:46:19.032+0000] {logging_mixin.py:137} INFO - [2023-04-02T10:46:19.032+0000] {dag.py:2705} INFO - Sync 1 DAGs
[2023-04-02T10:46:19.067+0000] {logging_mixin.py:137} INFO - [2023-04-02T10:46:19.067+0000] {dag.py:3456} INFO - Setting next_dagrun for example_short_circuit_decorator to 2023-04-01T10:46:19.067441+00:00, run_after=2023-04-02T10:46:19.067441+00:00
[2023-04-02T10:46:19.115+0000] {processor.py:175} INFO - Processing /home/airflow/.local/lib/python3.7/site-packages/airflow/example_dags/example_short_circuit_decorator.py took 0.208 seconds
[2023-04-02T10:46:49.941+0000] {processor.py:153} INFO - Started process (PID=6222) to work on /home/airflow/.local/lib/python3.7/site-packages/airflow/example_dags/example_short_circuit_decorator.py
[2023-04-02T10:46:49.945+0000] {processor.py:743} INFO - Processing file /home/airflow/.local/lib/python3.7/site-packages/airflow/example_dags/example_short_circuit_decorator.py for tasks to queue
[2023-04-02T10:46:49.949+0000] {logging_mixin.py:137} INFO - [2023-04-02T10:46:49.949+0000] {dagbag.py:532} INFO - Filling up the DagBag from /home/airflow/.local/lib/python3.7/site-packages/airflow/example_dags/example_short_circuit_decorator.py
[2023-04-02T10:46:50.030+0000] {processor.py:753} INFO - DAG(s) dict_keys(['example_short_circuit_decorator']) retrieved from /home/airflow/.local/lib/python3.7/site-packages/airflow/example_dags/example_short_circuit_decorator.py
[2023-04-02T10:46:50.127+0000] {logging_mixin.py:137} INFO - [2023-04-02T10:46:50.127+0000] {dag.py:2705} INFO - Sync 1 DAGs
[2023-04-02T10:46:50.214+0000] {logging_mixin.py:137} INFO - [2023-04-02T10:46:50.214+0000] {dag.py:3456} INFO - Setting next_dagrun for example_short_circuit_decorator to 2023-04-01T10:46:50.214291+00:00, run_after=2023-04-02T10:46:50.214291+00:00
[2023-04-02T10:46:50.251+0000] {processor.py:175} INFO - Processing /home/airflow/.local/lib/python3.7/site-packages/airflow/example_dags/example_short_circuit_decorator.py took 0.329 seconds
[2023-04-02T10:47:20.357+0000] {processor.py:153} INFO - Started process (PID=6438) to work on /home/airflow/.local/lib/python3.7/site-packages/airflow/example_dags/example_short_circuit_decorator.py
[2023-04-02T10:47:20.359+0000] {processor.py:743} INFO - Processing file /home/airflow/.local/lib/python3.7/site-packages/airflow/example_dags/example_short_circuit_decorator.py for tasks to queue
[2023-04-02T10:47:20.360+0000] {logging_mixin.py:137} INFO - [2023-04-02T10:47:20.360+0000] {dagbag.py:532} INFO - Filling up the DagBag from /home/airflow/.local/lib/python3.7/site-packages/airflow/example_dags/example_short_circuit_decorator.py
[2023-04-02T10:47:20.394+0000] {processor.py:753} INFO - DAG(s) dict_keys(['example_short_circuit_decorator']) retrieved from /home/airflow/.local/lib/python3.7/site-packages/airflow/example_dags/example_short_circuit_decorator.py
[2023-04-02T10:47:20.448+0000] {logging_mixin.py:137} INFO - [2023-04-02T10:47:20.448+0000] {dag.py:2705} INFO - Sync 1 DAGs
[2023-04-02T10:47:20.500+0000] {logging_mixin.py:137} INFO - [2023-04-02T10:47:20.500+0000] {dag.py:3456} INFO - Setting next_dagrun for example_short_circuit_decorator to 2023-04-01T10:47:20.499893+00:00, run_after=2023-04-02T10:47:20.499893+00:00
[2023-04-02T10:47:20.527+0000] {processor.py:175} INFO - Processing /home/airflow/.local/lib/python3.7/site-packages/airflow/example_dags/example_short_circuit_decorator.py took 0.175 seconds
[2023-04-02T10:47:51.562+0000] {processor.py:153} INFO - Started process (PID=6656) to work on /home/airflow/.local/lib/python3.7/site-packages/airflow/example_dags/example_short_circuit_decorator.py
[2023-04-02T10:47:51.564+0000] {processor.py:743} INFO - Processing file /home/airflow/.local/lib/python3.7/site-packages/airflow/example_dags/example_short_circuit_decorator.py for tasks to queue
[2023-04-02T10:47:51.567+0000] {logging_mixin.py:137} INFO - [2023-04-02T10:47:51.567+0000] {dagbag.py:532} INFO - Filling up the DagBag from /home/airflow/.local/lib/python3.7/site-packages/airflow/example_dags/example_short_circuit_decorator.py
[2023-04-02T10:47:51.616+0000] {processor.py:753} INFO - DAG(s) dict_keys(['example_short_circuit_decorator']) retrieved from /home/airflow/.local/lib/python3.7/site-packages/airflow/example_dags/example_short_circuit_decorator.py
[2023-04-02T10:47:51.665+0000] {logging_mixin.py:137} INFO - [2023-04-02T10:47:51.664+0000] {dag.py:2705} INFO - Sync 1 DAGs
[2023-04-02T10:47:51.728+0000] {logging_mixin.py:137} INFO - [2023-04-02T10:47:51.728+0000] {dag.py:3456} INFO - Setting next_dagrun for example_short_circuit_decorator to 2023-04-01T10:47:51.728258+00:00, run_after=2023-04-02T10:47:51.728258+00:00
[2023-04-02T10:47:51.761+0000] {processor.py:175} INFO - Processing /home/airflow/.local/lib/python3.7/site-packages/airflow/example_dags/example_short_circuit_decorator.py took 0.204 seconds
[2023-04-02T10:48:22.164+0000] {processor.py:153} INFO - Started process (PID=6876) to work on /home/airflow/.local/lib/python3.7/site-packages/airflow/example_dags/example_short_circuit_decorator.py
[2023-04-02T10:48:22.167+0000] {processor.py:743} INFO - Processing file /home/airflow/.local/lib/python3.7/site-packages/airflow/example_dags/example_short_circuit_decorator.py for tasks to queue
[2023-04-02T10:48:22.170+0000] {logging_mixin.py:137} INFO - [2023-04-02T10:48:22.170+0000] {dagbag.py:532} INFO - Filling up the DagBag from /home/airflow/.local/lib/python3.7/site-packages/airflow/example_dags/example_short_circuit_decorator.py
[2023-04-02T10:48:22.213+0000] {processor.py:753} INFO - DAG(s) dict_keys(['example_short_circuit_decorator']) retrieved from /home/airflow/.local/lib/python3.7/site-packages/airflow/example_dags/example_short_circuit_decorator.py
[2023-04-02T10:48:22.254+0000] {logging_mixin.py:137} INFO - [2023-04-02T10:48:22.254+0000] {dag.py:2705} INFO - Sync 1 DAGs
[2023-04-02T10:48:22.288+0000] {logging_mixin.py:137} INFO - [2023-04-02T10:48:22.288+0000] {dag.py:3456} INFO - Setting next_dagrun for example_short_circuit_decorator to 2023-04-01T10:48:22.288279+00:00, run_after=2023-04-02T10:48:22.288279+00:00
[2023-04-02T10:48:22.325+0000] {processor.py:175} INFO - Processing /home/airflow/.local/lib/python3.7/site-packages/airflow/example_dags/example_short_circuit_decorator.py took 0.164 seconds
[2023-04-02T10:48:52.777+0000] {processor.py:153} INFO - Started process (PID=7093) to work on /home/airflow/.local/lib/python3.7/site-packages/airflow/example_dags/example_short_circuit_decorator.py
[2023-04-02T10:48:52.780+0000] {processor.py:743} INFO - Processing file /home/airflow/.local/lib/python3.7/site-packages/airflow/example_dags/example_short_circuit_decorator.py for tasks to queue
[2023-04-02T10:48:52.783+0000] {logging_mixin.py:137} INFO - [2023-04-02T10:48:52.782+0000] {dagbag.py:532} INFO - Filling up the DagBag from /home/airflow/.local/lib/python3.7/site-packages/airflow/example_dags/example_short_circuit_decorator.py
[2023-04-02T10:48:52.829+0000] {processor.py:753} INFO - DAG(s) dict_keys(['example_short_circuit_decorator']) retrieved from /home/airflow/.local/lib/python3.7/site-packages/airflow/example_dags/example_short_circuit_decorator.py
[2023-04-02T10:48:52.876+0000] {logging_mixin.py:137} INFO - [2023-04-02T10:48:52.876+0000] {dag.py:2705} INFO - Sync 1 DAGs
[2023-04-02T10:48:52.926+0000] {logging_mixin.py:137} INFO - [2023-04-02T10:48:52.926+0000] {dag.py:3456} INFO - Setting next_dagrun for example_short_circuit_decorator to 2023-04-01T10:48:52.926175+00:00, run_after=2023-04-02T10:48:52.926175+00:00
[2023-04-02T10:48:52.966+0000] {processor.py:175} INFO - Processing /home/airflow/.local/lib/python3.7/site-packages/airflow/example_dags/example_short_circuit_decorator.py took 0.194 seconds
[2023-04-02T10:49:23.471+0000] {processor.py:153} INFO - Started process (PID=7312) to work on /home/airflow/.local/lib/python3.7/site-packages/airflow/example_dags/example_short_circuit_decorator.py
[2023-04-02T10:49:23.473+0000] {processor.py:743} INFO - Processing file /home/airflow/.local/lib/python3.7/site-packages/airflow/example_dags/example_short_circuit_decorator.py for tasks to queue
[2023-04-02T10:49:23.475+0000] {logging_mixin.py:137} INFO - [2023-04-02T10:49:23.474+0000] {dagbag.py:532} INFO - Filling up the DagBag from /home/airflow/.local/lib/python3.7/site-packages/airflow/example_dags/example_short_circuit_decorator.py
[2023-04-02T10:49:23.523+0000] {processor.py:753} INFO - DAG(s) dict_keys(['example_short_circuit_decorator']) retrieved from /home/airflow/.local/lib/python3.7/site-packages/airflow/example_dags/example_short_circuit_decorator.py
[2023-04-02T10:49:23.589+0000] {logging_mixin.py:137} INFO - [2023-04-02T10:49:23.589+0000] {dag.py:2705} INFO - Sync 1 DAGs
[2023-04-02T10:49:23.686+0000] {logging_mixin.py:137} INFO - [2023-04-02T10:49:23.686+0000] {dag.py:3456} INFO - Setting next_dagrun for example_short_circuit_decorator to 2023-04-01T10:49:23.683481+00:00, run_after=2023-04-02T10:49:23.683481+00:00
[2023-04-02T10:49:23.727+0000] {processor.py:175} INFO - Processing /home/airflow/.local/lib/python3.7/site-packages/airflow/example_dags/example_short_circuit_decorator.py took 0.262 seconds
[2023-04-02T10:49:54.046+0000] {processor.py:153} INFO - Started process (PID=7530) to work on /home/airflow/.local/lib/python3.7/site-packages/airflow/example_dags/example_short_circuit_decorator.py
[2023-04-02T10:49:54.048+0000] {processor.py:743} INFO - Processing file /home/airflow/.local/lib/python3.7/site-packages/airflow/example_dags/example_short_circuit_decorator.py for tasks to queue
[2023-04-02T10:49:54.050+0000] {logging_mixin.py:137} INFO - [2023-04-02T10:49:54.049+0000] {dagbag.py:532} INFO - Filling up the DagBag from /home/airflow/.local/lib/python3.7/site-packages/airflow/example_dags/example_short_circuit_decorator.py
[2023-04-02T10:49:54.105+0000] {processor.py:753} INFO - DAG(s) dict_keys(['example_short_circuit_decorator']) retrieved from /home/airflow/.local/lib/python3.7/site-packages/airflow/example_dags/example_short_circuit_decorator.py
[2023-04-02T10:49:54.145+0000] {logging_mixin.py:137} INFO - [2023-04-02T10:49:54.144+0000] {dag.py:2705} INFO - Sync 1 DAGs
[2023-04-02T10:49:54.180+0000] {logging_mixin.py:137} INFO - [2023-04-02T10:49:54.179+0000] {dag.py:3456} INFO - Setting next_dagrun for example_short_circuit_decorator to 2023-04-01T10:49:54.179489+00:00, run_after=2023-04-02T10:49:54.179489+00:00
[2023-04-02T10:49:54.211+0000] {processor.py:175} INFO - Processing /home/airflow/.local/lib/python3.7/site-packages/airflow/example_dags/example_short_circuit_decorator.py took 0.169 seconds
[2023-04-02T10:50:24.612+0000] {processor.py:153} INFO - Started process (PID=7748) to work on /home/airflow/.local/lib/python3.7/site-packages/airflow/example_dags/example_short_circuit_decorator.py
[2023-04-02T10:50:24.614+0000] {processor.py:743} INFO - Processing file /home/airflow/.local/lib/python3.7/site-packages/airflow/example_dags/example_short_circuit_decorator.py for tasks to queue
[2023-04-02T10:50:24.618+0000] {logging_mixin.py:137} INFO - [2023-04-02T10:50:24.617+0000] {dagbag.py:532} INFO - Filling up the DagBag from /home/airflow/.local/lib/python3.7/site-packages/airflow/example_dags/example_short_circuit_decorator.py
[2023-04-02T10:50:24.650+0000] {processor.py:753} INFO - DAG(s) dict_keys(['example_short_circuit_decorator']) retrieved from /home/airflow/.local/lib/python3.7/site-packages/airflow/example_dags/example_short_circuit_decorator.py
[2023-04-02T10:50:24.686+0000] {logging_mixin.py:137} INFO - [2023-04-02T10:50:24.686+0000] {dag.py:2705} INFO - Sync 1 DAGs
[2023-04-02T10:50:24.722+0000] {logging_mixin.py:137} INFO - [2023-04-02T10:50:24.722+0000] {dag.py:3456} INFO - Setting next_dagrun for example_short_circuit_decorator to 2023-04-01T10:50:24.722439+00:00, run_after=2023-04-02T10:50:24.722439+00:00
[2023-04-02T10:50:24.749+0000] {processor.py:175} INFO - Processing /home/airflow/.local/lib/python3.7/site-packages/airflow/example_dags/example_short_circuit_decorator.py took 0.141 seconds
[2023-04-02T10:50:55.007+0000] {processor.py:153} INFO - Started process (PID=7964) to work on /home/airflow/.local/lib/python3.7/site-packages/airflow/example_dags/example_short_circuit_decorator.py
[2023-04-02T10:50:55.009+0000] {processor.py:743} INFO - Processing file /home/airflow/.local/lib/python3.7/site-packages/airflow/example_dags/example_short_circuit_decorator.py for tasks to queue
[2023-04-02T10:50:55.012+0000] {logging_mixin.py:137} INFO - [2023-04-02T10:50:55.012+0000] {dagbag.py:532} INFO - Filling up the DagBag from /home/airflow/.local/lib/python3.7/site-packages/airflow/example_dags/example_short_circuit_decorator.py
[2023-04-02T10:50:55.083+0000] {processor.py:753} INFO - DAG(s) dict_keys(['example_short_circuit_decorator']) retrieved from /home/airflow/.local/lib/python3.7/site-packages/airflow/example_dags/example_short_circuit_decorator.py
[2023-04-02T10:50:55.146+0000] {logging_mixin.py:137} INFO - [2023-04-02T10:50:55.146+0000] {dag.py:2705} INFO - Sync 1 DAGs
[2023-04-02T10:50:55.211+0000] {logging_mixin.py:137} INFO - [2023-04-02T10:50:55.211+0000] {dag.py:3456} INFO - Setting next_dagrun for example_short_circuit_decorator to 2023-04-01T10:50:55.211038+00:00, run_after=2023-04-02T10:50:55.211038+00:00
[2023-04-02T10:50:55.249+0000] {processor.py:175} INFO - Processing /home/airflow/.local/lib/python3.7/site-packages/airflow/example_dags/example_short_circuit_decorator.py took 0.250 seconds
[2023-04-02T10:51:25.839+0000] {processor.py:153} INFO - Started process (PID=8183) to work on /home/airflow/.local/lib/python3.7/site-packages/airflow/example_dags/example_short_circuit_decorator.py
[2023-04-02T10:51:25.841+0000] {processor.py:743} INFO - Processing file /home/airflow/.local/lib/python3.7/site-packages/airflow/example_dags/example_short_circuit_decorator.py for tasks to queue
[2023-04-02T10:51:25.844+0000] {logging_mixin.py:137} INFO - [2023-04-02T10:51:25.843+0000] {dagbag.py:532} INFO - Filling up the DagBag from /home/airflow/.local/lib/python3.7/site-packages/airflow/example_dags/example_short_circuit_decorator.py
[2023-04-02T10:51:25.875+0000] {processor.py:753} INFO - DAG(s) dict_keys(['example_short_circuit_decorator']) retrieved from /home/airflow/.local/lib/python3.7/site-packages/airflow/example_dags/example_short_circuit_decorator.py
[2023-04-02T10:51:25.924+0000] {logging_mixin.py:137} INFO - [2023-04-02T10:51:25.924+0000] {dag.py:2705} INFO - Sync 1 DAGs
[2023-04-02T10:51:25.957+0000] {logging_mixin.py:137} INFO - [2023-04-02T10:51:25.957+0000] {dag.py:3456} INFO - Setting next_dagrun for example_short_circuit_decorator to 2023-04-01T10:51:25.956940+00:00, run_after=2023-04-02T10:51:25.956940+00:00
[2023-04-02T10:51:25.991+0000] {processor.py:175} INFO - Processing /home/airflow/.local/lib/python3.7/site-packages/airflow/example_dags/example_short_circuit_decorator.py took 0.157 seconds
[2023-04-02T10:51:56.326+0000] {processor.py:153} INFO - Started process (PID=8401) to work on /home/airflow/.local/lib/python3.7/site-packages/airflow/example_dags/example_short_circuit_decorator.py
[2023-04-02T10:51:56.328+0000] {processor.py:743} INFO - Processing file /home/airflow/.local/lib/python3.7/site-packages/airflow/example_dags/example_short_circuit_decorator.py for tasks to queue
[2023-04-02T10:51:56.332+0000] {logging_mixin.py:137} INFO - [2023-04-02T10:51:56.332+0000] {dagbag.py:532} INFO - Filling up the DagBag from /home/airflow/.local/lib/python3.7/site-packages/airflow/example_dags/example_short_circuit_decorator.py
[2023-04-02T10:51:56.379+0000] {processor.py:753} INFO - DAG(s) dict_keys(['example_short_circuit_decorator']) retrieved from /home/airflow/.local/lib/python3.7/site-packages/airflow/example_dags/example_short_circuit_decorator.py
[2023-04-02T10:51:56.414+0000] {logging_mixin.py:137} INFO - [2023-04-02T10:51:56.414+0000] {dag.py:2705} INFO - Sync 1 DAGs
[2023-04-02T10:51:56.462+0000] {logging_mixin.py:137} INFO - [2023-04-02T10:51:56.462+0000] {dag.py:3456} INFO - Setting next_dagrun for example_short_circuit_decorator to 2023-04-01T10:51:56.462294+00:00, run_after=2023-04-02T10:51:56.462294+00:00
[2023-04-02T10:51:56.489+0000] {processor.py:175} INFO - Processing /home/airflow/.local/lib/python3.7/site-packages/airflow/example_dags/example_short_circuit_decorator.py took 0.170 seconds
[2023-04-02T10:52:26.993+0000] {processor.py:153} INFO - Started process (PID=8617) to work on /home/airflow/.local/lib/python3.7/site-packages/airflow/example_dags/example_short_circuit_decorator.py
[2023-04-02T10:52:26.994+0000] {processor.py:743} INFO - Processing file /home/airflow/.local/lib/python3.7/site-packages/airflow/example_dags/example_short_circuit_decorator.py for tasks to queue
[2023-04-02T10:52:26.997+0000] {logging_mixin.py:137} INFO - [2023-04-02T10:52:26.997+0000] {dagbag.py:532} INFO - Filling up the DagBag from /home/airflow/.local/lib/python3.7/site-packages/airflow/example_dags/example_short_circuit_decorator.py
[2023-04-02T10:52:27.050+0000] {processor.py:753} INFO - DAG(s) dict_keys(['example_short_circuit_decorator']) retrieved from /home/airflow/.local/lib/python3.7/site-packages/airflow/example_dags/example_short_circuit_decorator.py
[2023-04-02T10:52:27.086+0000] {logging_mixin.py:137} INFO - [2023-04-02T10:52:27.086+0000] {dag.py:2705} INFO - Sync 1 DAGs
[2023-04-02T10:52:27.125+0000] {logging_mixin.py:137} INFO - [2023-04-02T10:52:27.125+0000] {dag.py:3456} INFO - Setting next_dagrun for example_short_circuit_decorator to 2023-04-01T10:52:27.125297+00:00, run_after=2023-04-02T10:52:27.125297+00:00
[2023-04-02T10:52:27.171+0000] {processor.py:175} INFO - Processing /home/airflow/.local/lib/python3.7/site-packages/airflow/example_dags/example_short_circuit_decorator.py took 0.191 seconds
[2023-04-02T10:52:57.913+0000] {processor.py:153} INFO - Started process (PID=8836) to work on /home/airflow/.local/lib/python3.7/site-packages/airflow/example_dags/example_short_circuit_decorator.py
[2023-04-02T10:52:57.914+0000] {processor.py:743} INFO - Processing file /home/airflow/.local/lib/python3.7/site-packages/airflow/example_dags/example_short_circuit_decorator.py for tasks to queue
[2023-04-02T10:52:57.917+0000] {logging_mixin.py:137} INFO - [2023-04-02T10:52:57.916+0000] {dagbag.py:532} INFO - Filling up the DagBag from /home/airflow/.local/lib/python3.7/site-packages/airflow/example_dags/example_short_circuit_decorator.py
[2023-04-02T10:52:57.964+0000] {processor.py:753} INFO - DAG(s) dict_keys(['example_short_circuit_decorator']) retrieved from /home/airflow/.local/lib/python3.7/site-packages/airflow/example_dags/example_short_circuit_decorator.py
[2023-04-02T10:52:58.014+0000] {logging_mixin.py:137} INFO - [2023-04-02T10:52:58.014+0000] {dag.py:2705} INFO - Sync 1 DAGs
[2023-04-02T10:52:58.072+0000] {logging_mixin.py:137} INFO - [2023-04-02T10:52:58.072+0000] {dag.py:3456} INFO - Setting next_dagrun for example_short_circuit_decorator to 2023-04-01T10:52:58.072457+00:00, run_after=2023-04-02T10:52:58.072457+00:00
[2023-04-02T10:52:58.102+0000] {processor.py:175} INFO - Processing /home/airflow/.local/lib/python3.7/site-packages/airflow/example_dags/example_short_circuit_decorator.py took 0.194 seconds
[2023-04-02T10:53:28.305+0000] {processor.py:153} INFO - Started process (PID=9054) to work on /home/airflow/.local/lib/python3.7/site-packages/airflow/example_dags/example_short_circuit_decorator.py
[2023-04-02T10:53:28.306+0000] {processor.py:743} INFO - Processing file /home/airflow/.local/lib/python3.7/site-packages/airflow/example_dags/example_short_circuit_decorator.py for tasks to queue
[2023-04-02T10:53:28.308+0000] {logging_mixin.py:137} INFO - [2023-04-02T10:53:28.307+0000] {dagbag.py:532} INFO - Filling up the DagBag from /home/airflow/.local/lib/python3.7/site-packages/airflow/example_dags/example_short_circuit_decorator.py
[2023-04-02T10:53:28.353+0000] {processor.py:753} INFO - DAG(s) dict_keys(['example_short_circuit_decorator']) retrieved from /home/airflow/.local/lib/python3.7/site-packages/airflow/example_dags/example_short_circuit_decorator.py
[2023-04-02T10:53:28.399+0000] {logging_mixin.py:137} INFO - [2023-04-02T10:53:28.399+0000] {dag.py:2705} INFO - Sync 1 DAGs
[2023-04-02T10:53:28.435+0000] {logging_mixin.py:137} INFO - [2023-04-02T10:53:28.435+0000] {dag.py:3456} INFO - Setting next_dagrun for example_short_circuit_decorator to 2023-04-01T10:53:28.434772+00:00, run_after=2023-04-02T10:53:28.434772+00:00
[2023-04-02T10:53:28.475+0000] {processor.py:175} INFO - Processing /home/airflow/.local/lib/python3.7/site-packages/airflow/example_dags/example_short_circuit_decorator.py took 0.182 seconds
[2023-04-02T10:53:58.740+0000] {processor.py:153} INFO - Started process (PID=9274) to work on /home/airflow/.local/lib/python3.7/site-packages/airflow/example_dags/example_short_circuit_decorator.py
[2023-04-02T10:53:58.741+0000] {processor.py:743} INFO - Processing file /home/airflow/.local/lib/python3.7/site-packages/airflow/example_dags/example_short_circuit_decorator.py for tasks to queue
[2023-04-02T10:53:58.744+0000] {logging_mixin.py:137} INFO - [2023-04-02T10:53:58.743+0000] {dagbag.py:532} INFO - Filling up the DagBag from /home/airflow/.local/lib/python3.7/site-packages/airflow/example_dags/example_short_circuit_decorator.py
[2023-04-02T10:53:58.775+0000] {processor.py:753} INFO - DAG(s) dict_keys(['example_short_circuit_decorator']) retrieved from /home/airflow/.local/lib/python3.7/site-packages/airflow/example_dags/example_short_circuit_decorator.py
[2023-04-02T10:53:58.809+0000] {logging_mixin.py:137} INFO - [2023-04-02T10:53:58.809+0000] {dag.py:2705} INFO - Sync 1 DAGs
[2023-04-02T10:53:58.842+0000] {logging_mixin.py:137} INFO - [2023-04-02T10:53:58.841+0000] {dag.py:3456} INFO - Setting next_dagrun for example_short_circuit_decorator to 2023-04-01T10:53:58.841626+00:00, run_after=2023-04-02T10:53:58.841626+00:00
[2023-04-02T10:53:58.881+0000] {processor.py:175} INFO - Processing /home/airflow/.local/lib/python3.7/site-packages/airflow/example_dags/example_short_circuit_decorator.py took 0.146 seconds
[2023-04-02T10:54:29.285+0000] {processor.py:153} INFO - Started process (PID=9490) to work on /home/airflow/.local/lib/python3.7/site-packages/airflow/example_dags/example_short_circuit_decorator.py
[2023-04-02T10:54:29.288+0000] {processor.py:743} INFO - Processing file /home/airflow/.local/lib/python3.7/site-packages/airflow/example_dags/example_short_circuit_decorator.py for tasks to queue
[2023-04-02T10:54:29.291+0000] {logging_mixin.py:137} INFO - [2023-04-02T10:54:29.290+0000] {dagbag.py:532} INFO - Filling up the DagBag from /home/airflow/.local/lib/python3.7/site-packages/airflow/example_dags/example_short_circuit_decorator.py
[2023-04-02T10:54:29.349+0000] {processor.py:753} INFO - DAG(s) dict_keys(['example_short_circuit_decorator']) retrieved from /home/airflow/.local/lib/python3.7/site-packages/airflow/example_dags/example_short_circuit_decorator.py
[2023-04-02T10:54:29.397+0000] {logging_mixin.py:137} INFO - [2023-04-02T10:54:29.397+0000] {dag.py:2705} INFO - Sync 1 DAGs
[2023-04-02T10:54:29.489+0000] {logging_mixin.py:137} INFO - [2023-04-02T10:54:29.489+0000] {dag.py:3456} INFO - Setting next_dagrun for example_short_circuit_decorator to 2023-04-01T10:54:29.488969+00:00, run_after=2023-04-02T10:54:29.488969+00:00
[2023-04-02T10:54:29.546+0000] {processor.py:175} INFO - Processing /home/airflow/.local/lib/python3.7/site-packages/airflow/example_dags/example_short_circuit_decorator.py took 0.267 seconds
[2023-04-02T10:54:59.593+0000] {processor.py:153} INFO - Started process (PID=9708) to work on /home/airflow/.local/lib/python3.7/site-packages/airflow/example_dags/example_short_circuit_decorator.py
[2023-04-02T10:54:59.595+0000] {processor.py:743} INFO - Processing file /home/airflow/.local/lib/python3.7/site-packages/airflow/example_dags/example_short_circuit_decorator.py for tasks to queue
[2023-04-02T10:54:59.598+0000] {logging_mixin.py:137} INFO - [2023-04-02T10:54:59.597+0000] {dagbag.py:532} INFO - Filling up the DagBag from /home/airflow/.local/lib/python3.7/site-packages/airflow/example_dags/example_short_circuit_decorator.py
[2023-04-02T10:54:59.637+0000] {processor.py:753} INFO - DAG(s) dict_keys(['example_short_circuit_decorator']) retrieved from /home/airflow/.local/lib/python3.7/site-packages/airflow/example_dags/example_short_circuit_decorator.py
[2023-04-02T10:54:59.687+0000] {logging_mixin.py:137} INFO - [2023-04-02T10:54:59.687+0000] {dag.py:2705} INFO - Sync 1 DAGs
[2023-04-02T10:54:59.740+0000] {logging_mixin.py:137} INFO - [2023-04-02T10:54:59.739+0000] {dag.py:3456} INFO - Setting next_dagrun for example_short_circuit_decorator to 2023-04-01T10:54:59.739362+00:00, run_after=2023-04-02T10:54:59.739362+00:00
[2023-04-02T10:54:59.775+0000] {processor.py:175} INFO - Processing /home/airflow/.local/lib/python3.7/site-packages/airflow/example_dags/example_short_circuit_decorator.py took 0.189 seconds
[2023-04-02T10:55:30.281+0000] {processor.py:153} INFO - Started process (PID=9926) to work on /home/airflow/.local/lib/python3.7/site-packages/airflow/example_dags/example_short_circuit_decorator.py
[2023-04-02T10:55:30.282+0000] {processor.py:743} INFO - Processing file /home/airflow/.local/lib/python3.7/site-packages/airflow/example_dags/example_short_circuit_decorator.py for tasks to queue
[2023-04-02T10:55:30.284+0000] {logging_mixin.py:137} INFO - [2023-04-02T10:55:30.283+0000] {dagbag.py:532} INFO - Filling up the DagBag from /home/airflow/.local/lib/python3.7/site-packages/airflow/example_dags/example_short_circuit_decorator.py
[2023-04-02T10:55:30.327+0000] {processor.py:753} INFO - DAG(s) dict_keys(['example_short_circuit_decorator']) retrieved from /home/airflow/.local/lib/python3.7/site-packages/airflow/example_dags/example_short_circuit_decorator.py
[2023-04-02T10:55:30.382+0000] {logging_mixin.py:137} INFO - [2023-04-02T10:55:30.382+0000] {dag.py:2705} INFO - Sync 1 DAGs
[2023-04-02T10:55:30.425+0000] {logging_mixin.py:137} INFO - [2023-04-02T10:55:30.425+0000] {dag.py:3456} INFO - Setting next_dagrun for example_short_circuit_decorator to 2023-04-01T10:55:30.424655+00:00, run_after=2023-04-02T10:55:30.424655+00:00
[2023-04-02T10:55:30.455+0000] {processor.py:175} INFO - Processing /home/airflow/.local/lib/python3.7/site-packages/airflow/example_dags/example_short_circuit_decorator.py took 0.180 seconds
[2023-04-02T10:56:01.744+0000] {processor.py:153} INFO - Started process (PID=10144) to work on /home/airflow/.local/lib/python3.7/site-packages/airflow/example_dags/example_short_circuit_decorator.py
[2023-04-02T10:56:01.746+0000] {processor.py:743} INFO - Processing file /home/airflow/.local/lib/python3.7/site-packages/airflow/example_dags/example_short_circuit_decorator.py for tasks to queue
[2023-04-02T10:56:01.749+0000] {logging_mixin.py:137} INFO - [2023-04-02T10:56:01.749+0000] {dagbag.py:532} INFO - Filling up the DagBag from /home/airflow/.local/lib/python3.7/site-packages/airflow/example_dags/example_short_circuit_decorator.py
[2023-04-02T10:56:01.819+0000] {processor.py:753} INFO - DAG(s) dict_keys(['example_short_circuit_decorator']) retrieved from /home/airflow/.local/lib/python3.7/site-packages/airflow/example_dags/example_short_circuit_decorator.py
[2023-04-02T10:56:01.862+0000] {logging_mixin.py:137} INFO - [2023-04-02T10:56:01.861+0000] {dag.py:2705} INFO - Sync 1 DAGs
[2023-04-02T10:56:01.899+0000] {logging_mixin.py:137} INFO - [2023-04-02T10:56:01.899+0000] {dag.py:3456} INFO - Setting next_dagrun for example_short_circuit_decorator to 2023-04-01T10:56:01.898980+00:00, run_after=2023-04-02T10:56:01.898980+00:00
[2023-04-02T10:56:01.945+0000] {processor.py:175} INFO - Processing /home/airflow/.local/lib/python3.7/site-packages/airflow/example_dags/example_short_circuit_decorator.py took 0.211 seconds
[2023-04-02T10:56:32.232+0000] {processor.py:153} INFO - Started process (PID=10362) to work on /home/airflow/.local/lib/python3.7/site-packages/airflow/example_dags/example_short_circuit_decorator.py
[2023-04-02T10:56:32.235+0000] {processor.py:743} INFO - Processing file /home/airflow/.local/lib/python3.7/site-packages/airflow/example_dags/example_short_circuit_decorator.py for tasks to queue
[2023-04-02T10:56:32.238+0000] {logging_mixin.py:137} INFO - [2023-04-02T10:56:32.237+0000] {dagbag.py:532} INFO - Filling up the DagBag from /home/airflow/.local/lib/python3.7/site-packages/airflow/example_dags/example_short_circuit_decorator.py
[2023-04-02T10:56:32.292+0000] {processor.py:753} INFO - DAG(s) dict_keys(['example_short_circuit_decorator']) retrieved from /home/airflow/.local/lib/python3.7/site-packages/airflow/example_dags/example_short_circuit_decorator.py
[2023-04-02T10:56:32.367+0000] {logging_mixin.py:137} INFO - [2023-04-02T10:56:32.366+0000] {dag.py:2705} INFO - Sync 1 DAGs
[2023-04-02T10:56:32.445+0000] {logging_mixin.py:137} INFO - [2023-04-02T10:56:32.445+0000] {dag.py:3456} INFO - Setting next_dagrun for example_short_circuit_decorator to 2023-04-01T10:56:32.444815+00:00, run_after=2023-04-02T10:56:32.444815+00:00
[2023-04-02T10:56:32.483+0000] {processor.py:175} INFO - Processing /home/airflow/.local/lib/python3.7/site-packages/airflow/example_dags/example_short_circuit_decorator.py took 0.258 seconds
[2023-04-02T10:57:03.058+0000] {processor.py:153} INFO - Started process (PID=10580) to work on /home/airflow/.local/lib/python3.7/site-packages/airflow/example_dags/example_short_circuit_decorator.py
[2023-04-02T10:57:03.059+0000] {processor.py:743} INFO - Processing file /home/airflow/.local/lib/python3.7/site-packages/airflow/example_dags/example_short_circuit_decorator.py for tasks to queue
[2023-04-02T10:57:03.061+0000] {logging_mixin.py:137} INFO - [2023-04-02T10:57:03.061+0000] {dagbag.py:532} INFO - Filling up the DagBag from /home/airflow/.local/lib/python3.7/site-packages/airflow/example_dags/example_short_circuit_decorator.py
[2023-04-02T10:57:03.104+0000] {processor.py:753} INFO - DAG(s) dict_keys(['example_short_circuit_decorator']) retrieved from /home/airflow/.local/lib/python3.7/site-packages/airflow/example_dags/example_short_circuit_decorator.py
[2023-04-02T10:57:03.148+0000] {logging_mixin.py:137} INFO - [2023-04-02T10:57:03.148+0000] {dag.py:2705} INFO - Sync 1 DAGs
[2023-04-02T10:57:03.191+0000] {logging_mixin.py:137} INFO - [2023-04-02T10:57:03.191+0000] {dag.py:3456} INFO - Setting next_dagrun for example_short_circuit_decorator to 2023-04-01T10:57:03.191131+00:00, run_after=2023-04-02T10:57:03.191131+00:00
[2023-04-02T10:57:03.231+0000] {processor.py:175} INFO - Processing /home/airflow/.local/lib/python3.7/site-packages/airflow/example_dags/example_short_circuit_decorator.py took 0.177 seconds
[2023-04-02T10:57:34.251+0000] {processor.py:153} INFO - Started process (PID=10798) to work on /home/airflow/.local/lib/python3.7/site-packages/airflow/example_dags/example_short_circuit_decorator.py
[2023-04-02T10:57:34.262+0000] {processor.py:743} INFO - Processing file /home/airflow/.local/lib/python3.7/site-packages/airflow/example_dags/example_short_circuit_decorator.py for tasks to queue
[2023-04-02T10:57:34.265+0000] {logging_mixin.py:137} INFO - [2023-04-02T10:57:34.265+0000] {dagbag.py:532} INFO - Filling up the DagBag from /home/airflow/.local/lib/python3.7/site-packages/airflow/example_dags/example_short_circuit_decorator.py
[2023-04-02T10:57:34.354+0000] {processor.py:753} INFO - DAG(s) dict_keys(['example_short_circuit_decorator']) retrieved from /home/airflow/.local/lib/python3.7/site-packages/airflow/example_dags/example_short_circuit_decorator.py
[2023-04-02T10:57:34.453+0000] {logging_mixin.py:137} INFO - [2023-04-02T10:57:34.453+0000] {dag.py:2705} INFO - Sync 1 DAGs
[2023-04-02T10:57:34.503+0000] {logging_mixin.py:137} INFO - [2023-04-02T10:57:34.503+0000] {dag.py:3456} INFO - Setting next_dagrun for example_short_circuit_decorator to 2023-04-01T10:57:34.502645+00:00, run_after=2023-04-02T10:57:34.502645+00:00
[2023-04-02T10:57:34.539+0000] {processor.py:175} INFO - Processing /home/airflow/.local/lib/python3.7/site-packages/airflow/example_dags/example_short_circuit_decorator.py took 0.299 seconds
[2023-04-02T10:58:05.152+0000] {processor.py:153} INFO - Started process (PID=11018) to work on /home/airflow/.local/lib/python3.7/site-packages/airflow/example_dags/example_short_circuit_decorator.py
[2023-04-02T10:58:05.155+0000] {processor.py:743} INFO - Processing file /home/airflow/.local/lib/python3.7/site-packages/airflow/example_dags/example_short_circuit_decorator.py for tasks to queue
[2023-04-02T10:58:05.157+0000] {logging_mixin.py:137} INFO - [2023-04-02T10:58:05.156+0000] {dagbag.py:532} INFO - Filling up the DagBag from /home/airflow/.local/lib/python3.7/site-packages/airflow/example_dags/example_short_circuit_decorator.py
[2023-04-02T10:58:05.204+0000] {processor.py:753} INFO - DAG(s) dict_keys(['example_short_circuit_decorator']) retrieved from /home/airflow/.local/lib/python3.7/site-packages/airflow/example_dags/example_short_circuit_decorator.py
[2023-04-02T10:58:05.240+0000] {logging_mixin.py:137} INFO - [2023-04-02T10:58:05.240+0000] {dag.py:2705} INFO - Sync 1 DAGs
[2023-04-02T10:58:05.276+0000] {logging_mixin.py:137} INFO - [2023-04-02T10:58:05.275+0000] {dag.py:3456} INFO - Setting next_dagrun for example_short_circuit_decorator to 2023-04-01T10:58:05.275566+00:00, run_after=2023-04-02T10:58:05.275566+00:00
[2023-04-02T10:58:05.302+0000] {processor.py:175} INFO - Processing /home/airflow/.local/lib/python3.7/site-packages/airflow/example_dags/example_short_circuit_decorator.py took 0.155 seconds
[2023-04-02T10:58:35.510+0000] {processor.py:153} INFO - Started process (PID=11236) to work on /home/airflow/.local/lib/python3.7/site-packages/airflow/example_dags/example_short_circuit_decorator.py
[2023-04-02T10:58:35.512+0000] {processor.py:743} INFO - Processing file /home/airflow/.local/lib/python3.7/site-packages/airflow/example_dags/example_short_circuit_decorator.py for tasks to queue
[2023-04-02T10:58:35.517+0000] {logging_mixin.py:137} INFO - [2023-04-02T10:58:35.516+0000] {dagbag.py:532} INFO - Filling up the DagBag from /home/airflow/.local/lib/python3.7/site-packages/airflow/example_dags/example_short_circuit_decorator.py
[2023-04-02T10:58:35.569+0000] {processor.py:753} INFO - DAG(s) dict_keys(['example_short_circuit_decorator']) retrieved from /home/airflow/.local/lib/python3.7/site-packages/airflow/example_dags/example_short_circuit_decorator.py
[2023-04-02T10:58:35.654+0000] {logging_mixin.py:137} INFO - [2023-04-02T10:58:35.654+0000] {dag.py:2705} INFO - Sync 1 DAGs
[2023-04-02T10:58:35.703+0000] {logging_mixin.py:137} INFO - [2023-04-02T10:58:35.703+0000] {dag.py:3456} INFO - Setting next_dagrun for example_short_circuit_decorator to 2023-04-01T10:58:35.703207+00:00, run_after=2023-04-02T10:58:35.703207+00:00
[2023-04-02T10:58:35.732+0000] {processor.py:175} INFO - Processing /home/airflow/.local/lib/python3.7/site-packages/airflow/example_dags/example_short_circuit_decorator.py took 0.227 seconds
[2023-04-02T10:59:06.046+0000] {processor.py:153} INFO - Started process (PID=11453) to work on /home/airflow/.local/lib/python3.7/site-packages/airflow/example_dags/example_short_circuit_decorator.py
[2023-04-02T10:59:06.047+0000] {processor.py:743} INFO - Processing file /home/airflow/.local/lib/python3.7/site-packages/airflow/example_dags/example_short_circuit_decorator.py for tasks to queue
[2023-04-02T10:59:06.052+0000] {logging_mixin.py:137} INFO - [2023-04-02T10:59:06.051+0000] {dagbag.py:532} INFO - Filling up the DagBag from /home/airflow/.local/lib/python3.7/site-packages/airflow/example_dags/example_short_circuit_decorator.py
[2023-04-02T10:59:06.106+0000] {processor.py:753} INFO - DAG(s) dict_keys(['example_short_circuit_decorator']) retrieved from /home/airflow/.local/lib/python3.7/site-packages/airflow/example_dags/example_short_circuit_decorator.py
[2023-04-02T10:59:06.154+0000] {logging_mixin.py:137} INFO - [2023-04-02T10:59:06.154+0000] {dag.py:2705} INFO - Sync 1 DAGs
[2023-04-02T10:59:06.212+0000] {logging_mixin.py:137} INFO - [2023-04-02T10:59:06.212+0000] {dag.py:3456} INFO - Setting next_dagrun for example_short_circuit_decorator to 2023-04-01T10:59:06.211734+00:00, run_after=2023-04-02T10:59:06.211734+00:00
[2023-04-02T10:59:06.246+0000] {processor.py:175} INFO - Processing /home/airflow/.local/lib/python3.7/site-packages/airflow/example_dags/example_short_circuit_decorator.py took 0.204 seconds
[2023-04-02T10:59:37.382+0000] {processor.py:153} INFO - Started process (PID=11670) to work on /home/airflow/.local/lib/python3.7/site-packages/airflow/example_dags/example_short_circuit_decorator.py
[2023-04-02T10:59:37.385+0000] {processor.py:743} INFO - Processing file /home/airflow/.local/lib/python3.7/site-packages/airflow/example_dags/example_short_circuit_decorator.py for tasks to queue
[2023-04-02T10:59:37.387+0000] {logging_mixin.py:137} INFO - [2023-04-02T10:59:37.386+0000] {dagbag.py:532} INFO - Filling up the DagBag from /home/airflow/.local/lib/python3.7/site-packages/airflow/example_dags/example_short_circuit_decorator.py
[2023-04-02T10:59:37.450+0000] {processor.py:753} INFO - DAG(s) dict_keys(['example_short_circuit_decorator']) retrieved from /home/airflow/.local/lib/python3.7/site-packages/airflow/example_dags/example_short_circuit_decorator.py
[2023-04-02T10:59:37.514+0000] {logging_mixin.py:137} INFO - [2023-04-02T10:59:37.514+0000] {dag.py:2705} INFO - Sync 1 DAGs
[2023-04-02T10:59:37.605+0000] {logging_mixin.py:137} INFO - [2023-04-02T10:59:37.605+0000] {dag.py:3456} INFO - Setting next_dagrun for example_short_circuit_decorator to 2023-04-01T10:59:37.604880+00:00, run_after=2023-04-02T10:59:37.604880+00:00
[2023-04-02T10:59:37.659+0000] {processor.py:175} INFO - Processing /home/airflow/.local/lib/python3.7/site-packages/airflow/example_dags/example_short_circuit_decorator.py took 0.286 seconds
[2023-04-02T11:00:07.788+0000] {processor.py:153} INFO - Started process (PID=11888) to work on /home/airflow/.local/lib/python3.7/site-packages/airflow/example_dags/example_short_circuit_decorator.py
[2023-04-02T11:00:07.791+0000] {processor.py:743} INFO - Processing file /home/airflow/.local/lib/python3.7/site-packages/airflow/example_dags/example_short_circuit_decorator.py for tasks to queue
[2023-04-02T11:00:07.794+0000] {logging_mixin.py:137} INFO - [2023-04-02T11:00:07.793+0000] {dagbag.py:532} INFO - Filling up the DagBag from /home/airflow/.local/lib/python3.7/site-packages/airflow/example_dags/example_short_circuit_decorator.py
[2023-04-02T11:00:07.858+0000] {processor.py:753} INFO - DAG(s) dict_keys(['example_short_circuit_decorator']) retrieved from /home/airflow/.local/lib/python3.7/site-packages/airflow/example_dags/example_short_circuit_decorator.py
[2023-04-02T11:00:07.913+0000] {logging_mixin.py:137} INFO - [2023-04-02T11:00:07.912+0000] {dag.py:2705} INFO - Sync 1 DAGs
[2023-04-02T11:00:07.982+0000] {logging_mixin.py:137} INFO - [2023-04-02T11:00:07.982+0000] {dag.py:3456} INFO - Setting next_dagrun for example_short_circuit_decorator to 2023-04-01T11:00:07.981638+00:00, run_after=2023-04-02T11:00:07.981638+00:00
[2023-04-02T11:00:08.020+0000] {processor.py:175} INFO - Processing /home/airflow/.local/lib/python3.7/site-packages/airflow/example_dags/example_short_circuit_decorator.py took 0.240 seconds
[2023-04-02T11:00:38.085+0000] {processor.py:153} INFO - Started process (PID=12106) to work on /home/airflow/.local/lib/python3.7/site-packages/airflow/example_dags/example_short_circuit_decorator.py
[2023-04-02T11:00:38.087+0000] {processor.py:743} INFO - Processing file /home/airflow/.local/lib/python3.7/site-packages/airflow/example_dags/example_short_circuit_decorator.py for tasks to queue
[2023-04-02T11:00:38.089+0000] {logging_mixin.py:137} INFO - [2023-04-02T11:00:38.089+0000] {dagbag.py:532} INFO - Filling up the DagBag from /home/airflow/.local/lib/python3.7/site-packages/airflow/example_dags/example_short_circuit_decorator.py
[2023-04-02T11:00:38.131+0000] {processor.py:753} INFO - DAG(s) dict_keys(['example_short_circuit_decorator']) retrieved from /home/airflow/.local/lib/python3.7/site-packages/airflow/example_dags/example_short_circuit_decorator.py
[2023-04-02T11:00:38.183+0000] {logging_mixin.py:137} INFO - [2023-04-02T11:00:38.183+0000] {dag.py:2705} INFO - Sync 1 DAGs
[2023-04-02T11:00:38.228+0000] {logging_mixin.py:137} INFO - [2023-04-02T11:00:38.228+0000] {dag.py:3456} INFO - Setting next_dagrun for example_short_circuit_decorator to 2023-04-01T11:00:38.228395+00:00, run_after=2023-04-02T11:00:38.228395+00:00
[2023-04-02T11:00:38.268+0000] {processor.py:175} INFO - Processing /home/airflow/.local/lib/python3.7/site-packages/airflow/example_dags/example_short_circuit_decorator.py took 0.189 seconds
[2023-04-02T11:01:09.173+0000] {processor.py:153} INFO - Started process (PID=12324) to work on /home/airflow/.local/lib/python3.7/site-packages/airflow/example_dags/example_short_circuit_decorator.py
[2023-04-02T11:01:09.175+0000] {processor.py:743} INFO - Processing file /home/airflow/.local/lib/python3.7/site-packages/airflow/example_dags/example_short_circuit_decorator.py for tasks to queue
[2023-04-02T11:01:09.178+0000] {logging_mixin.py:137} INFO - [2023-04-02T11:01:09.177+0000] {dagbag.py:532} INFO - Filling up the DagBag from /home/airflow/.local/lib/python3.7/site-packages/airflow/example_dags/example_short_circuit_decorator.py
[2023-04-02T11:01:09.234+0000] {processor.py:753} INFO - DAG(s) dict_keys(['example_short_circuit_decorator']) retrieved from /home/airflow/.local/lib/python3.7/site-packages/airflow/example_dags/example_short_circuit_decorator.py
[2023-04-02T11:01:09.309+0000] {logging_mixin.py:137} INFO - [2023-04-02T11:01:09.308+0000] {dag.py:2705} INFO - Sync 1 DAGs
[2023-04-02T11:01:09.422+0000] {logging_mixin.py:137} INFO - [2023-04-02T11:01:09.422+0000] {dag.py:3456} INFO - Setting next_dagrun for example_short_circuit_decorator to 2023-04-01T11:01:09.422256+00:00, run_after=2023-04-02T11:01:09.422256+00:00
[2023-04-02T11:01:09.503+0000] {processor.py:175} INFO - Processing /home/airflow/.local/lib/python3.7/site-packages/airflow/example_dags/example_short_circuit_decorator.py took 0.337 seconds
[2023-04-02T11:01:40.070+0000] {processor.py:153} INFO - Started process (PID=12542) to work on /home/airflow/.local/lib/python3.7/site-packages/airflow/example_dags/example_short_circuit_decorator.py
[2023-04-02T11:01:40.072+0000] {processor.py:743} INFO - Processing file /home/airflow/.local/lib/python3.7/site-packages/airflow/example_dags/example_short_circuit_decorator.py for tasks to queue
[2023-04-02T11:01:40.075+0000] {logging_mixin.py:137} INFO - [2023-04-02T11:01:40.075+0000] {dagbag.py:532} INFO - Filling up the DagBag from /home/airflow/.local/lib/python3.7/site-packages/airflow/example_dags/example_short_circuit_decorator.py
[2023-04-02T11:01:40.130+0000] {processor.py:753} INFO - DAG(s) dict_keys(['example_short_circuit_decorator']) retrieved from /home/airflow/.local/lib/python3.7/site-packages/airflow/example_dags/example_short_circuit_decorator.py
[2023-04-02T11:01:40.177+0000] {logging_mixin.py:137} INFO - [2023-04-02T11:01:40.177+0000] {dag.py:2705} INFO - Sync 1 DAGs
[2023-04-02T11:01:40.224+0000] {logging_mixin.py:137} INFO - [2023-04-02T11:01:40.224+0000] {dag.py:3456} INFO - Setting next_dagrun for example_short_circuit_decorator to 2023-04-01T11:01:40.224102+00:00, run_after=2023-04-02T11:01:40.224102+00:00
[2023-04-02T11:01:40.281+0000] {processor.py:175} INFO - Processing /home/airflow/.local/lib/python3.7/site-packages/airflow/example_dags/example_short_circuit_decorator.py took 0.219 seconds
[2023-04-02T11:02:10.501+0000] {processor.py:153} INFO - Started process (PID=12760) to work on /home/airflow/.local/lib/python3.7/site-packages/airflow/example_dags/example_short_circuit_decorator.py
[2023-04-02T11:02:10.503+0000] {processor.py:743} INFO - Processing file /home/airflow/.local/lib/python3.7/site-packages/airflow/example_dags/example_short_circuit_decorator.py for tasks to queue
[2023-04-02T11:02:10.506+0000] {logging_mixin.py:137} INFO - [2023-04-02T11:02:10.506+0000] {dagbag.py:532} INFO - Filling up the DagBag from /home/airflow/.local/lib/python3.7/site-packages/airflow/example_dags/example_short_circuit_decorator.py
[2023-04-02T11:02:10.554+0000] {processor.py:753} INFO - DAG(s) dict_keys(['example_short_circuit_decorator']) retrieved from /home/airflow/.local/lib/python3.7/site-packages/airflow/example_dags/example_short_circuit_decorator.py
[2023-04-02T11:02:10.598+0000] {logging_mixin.py:137} INFO - [2023-04-02T11:02:10.597+0000] {dag.py:2705} INFO - Sync 1 DAGs
[2023-04-02T11:02:10.640+0000] {logging_mixin.py:137} INFO - [2023-04-02T11:02:10.640+0000] {dag.py:3456} INFO - Setting next_dagrun for example_short_circuit_decorator to 2023-04-01T11:02:10.639713+00:00, run_after=2023-04-02T11:02:10.639713+00:00
[2023-04-02T11:02:10.678+0000] {processor.py:175} INFO - Processing /home/airflow/.local/lib/python3.7/site-packages/airflow/example_dags/example_short_circuit_decorator.py took 0.186 seconds
[2023-04-02T11:02:41.416+0000] {processor.py:153} INFO - Started process (PID=12985) to work on /home/airflow/.local/lib/python3.7/site-packages/airflow/example_dags/example_short_circuit_decorator.py
[2023-04-02T11:02:41.418+0000] {processor.py:743} INFO - Processing file /home/airflow/.local/lib/python3.7/site-packages/airflow/example_dags/example_short_circuit_decorator.py for tasks to queue
[2023-04-02T11:02:41.421+0000] {logging_mixin.py:137} INFO - [2023-04-02T11:02:41.421+0000] {dagbag.py:532} INFO - Filling up the DagBag from /home/airflow/.local/lib/python3.7/site-packages/airflow/example_dags/example_short_circuit_decorator.py
[2023-04-02T11:02:41.474+0000] {processor.py:753} INFO - DAG(s) dict_keys(['example_short_circuit_decorator']) retrieved from /home/airflow/.local/lib/python3.7/site-packages/airflow/example_dags/example_short_circuit_decorator.py
[2023-04-02T11:02:41.532+0000] {logging_mixin.py:137} INFO - [2023-04-02T11:02:41.532+0000] {dag.py:2705} INFO - Sync 1 DAGs
[2023-04-02T11:02:41.586+0000] {logging_mixin.py:137} INFO - [2023-04-02T11:02:41.586+0000] {dag.py:3456} INFO - Setting next_dagrun for example_short_circuit_decorator to 2023-04-01T11:02:41.585969+00:00, run_after=2023-04-02T11:02:41.585969+00:00
[2023-04-02T11:02:41.623+0000] {processor.py:175} INFO - Processing /home/airflow/.local/lib/python3.7/site-packages/airflow/example_dags/example_short_circuit_decorator.py took 0.212 seconds
[2023-04-02T11:03:12.181+0000] {processor.py:153} INFO - Started process (PID=13203) to work on /home/airflow/.local/lib/python3.7/site-packages/airflow/example_dags/example_short_circuit_decorator.py
[2023-04-02T11:03:12.184+0000] {processor.py:743} INFO - Processing file /home/airflow/.local/lib/python3.7/site-packages/airflow/example_dags/example_short_circuit_decorator.py for tasks to queue
[2023-04-02T11:03:12.191+0000] {logging_mixin.py:137} INFO - [2023-04-02T11:03:12.186+0000] {dagbag.py:532} INFO - Filling up the DagBag from /home/airflow/.local/lib/python3.7/site-packages/airflow/example_dags/example_short_circuit_decorator.py
[2023-04-02T11:03:12.273+0000] {processor.py:753} INFO - DAG(s) dict_keys(['example_short_circuit_decorator']) retrieved from /home/airflow/.local/lib/python3.7/site-packages/airflow/example_dags/example_short_circuit_decorator.py
[2023-04-02T11:03:12.363+0000] {logging_mixin.py:137} INFO - [2023-04-02T11:03:12.362+0000] {dag.py:2705} INFO - Sync 1 DAGs
[2023-04-02T11:03:12.427+0000] {logging_mixin.py:137} INFO - [2023-04-02T11:03:12.426+0000] {dag.py:3456} INFO - Setting next_dagrun for example_short_circuit_decorator to 2023-04-01T11:03:12.426440+00:00, run_after=2023-04-02T11:03:12.426440+00:00
[2023-04-02T11:03:12.486+0000] {processor.py:175} INFO - Processing /home/airflow/.local/lib/python3.7/site-packages/airflow/example_dags/example_short_circuit_decorator.py took 0.312 seconds
[2023-04-02T11:03:44.247+0000] {processor.py:153} INFO - Started process (PID=13421) to work on /home/airflow/.local/lib/python3.7/site-packages/airflow/example_dags/example_short_circuit_decorator.py
[2023-04-02T11:03:44.253+0000] {processor.py:743} INFO - Processing file /home/airflow/.local/lib/python3.7/site-packages/airflow/example_dags/example_short_circuit_decorator.py for tasks to queue
[2023-04-02T11:03:44.262+0000] {logging_mixin.py:137} INFO - [2023-04-02T11:03:44.261+0000] {dagbag.py:532} INFO - Filling up the DagBag from /home/airflow/.local/lib/python3.7/site-packages/airflow/example_dags/example_short_circuit_decorator.py
[2023-04-02T11:03:44.396+0000] {processor.py:753} INFO - DAG(s) dict_keys(['example_short_circuit_decorator']) retrieved from /home/airflow/.local/lib/python3.7/site-packages/airflow/example_dags/example_short_circuit_decorator.py
[2023-04-02T11:03:44.501+0000] {logging_mixin.py:137} INFO - [2023-04-02T11:03:44.501+0000] {dag.py:2705} INFO - Sync 1 DAGs
[2023-04-02T11:03:44.586+0000] {logging_mixin.py:137} INFO - [2023-04-02T11:03:44.586+0000] {dag.py:3456} INFO - Setting next_dagrun for example_short_circuit_decorator to 2023-04-01T11:03:44.585794+00:00, run_after=2023-04-02T11:03:44.585794+00:00
[2023-04-02T11:03:44.663+0000] {processor.py:175} INFO - Processing /home/airflow/.local/lib/python3.7/site-packages/airflow/example_dags/example_short_circuit_decorator.py took 0.442 seconds
[2023-04-02T11:04:14.889+0000] {processor.py:153} INFO - Started process (PID=13639) to work on /home/airflow/.local/lib/python3.7/site-packages/airflow/example_dags/example_short_circuit_decorator.py
[2023-04-02T11:04:14.893+0000] {processor.py:743} INFO - Processing file /home/airflow/.local/lib/python3.7/site-packages/airflow/example_dags/example_short_circuit_decorator.py for tasks to queue
[2023-04-02T11:04:14.895+0000] {logging_mixin.py:137} INFO - [2023-04-02T11:04:14.895+0000] {dagbag.py:532} INFO - Filling up the DagBag from /home/airflow/.local/lib/python3.7/site-packages/airflow/example_dags/example_short_circuit_decorator.py
[2023-04-02T11:04:14.958+0000] {processor.py:753} INFO - DAG(s) dict_keys(['example_short_circuit_decorator']) retrieved from /home/airflow/.local/lib/python3.7/site-packages/airflow/example_dags/example_short_circuit_decorator.py
[2023-04-02T11:04:15.017+0000] {logging_mixin.py:137} INFO - [2023-04-02T11:04:15.016+0000] {dag.py:2705} INFO - Sync 1 DAGs
[2023-04-02T11:04:15.080+0000] {logging_mixin.py:137} INFO - [2023-04-02T11:04:15.080+0000] {dag.py:3456} INFO - Setting next_dagrun for example_short_circuit_decorator to 2023-04-01T11:04:15.079855+00:00, run_after=2023-04-02T11:04:15.079855+00:00
[2023-04-02T11:04:15.125+0000] {processor.py:175} INFO - Processing /home/airflow/.local/lib/python3.7/site-packages/airflow/example_dags/example_short_circuit_decorator.py took 0.246 seconds
[2023-04-02T11:04:45.733+0000] {processor.py:153} INFO - Started process (PID=13859) to work on /home/airflow/.local/lib/python3.7/site-packages/airflow/example_dags/example_short_circuit_decorator.py
[2023-04-02T11:04:45.736+0000] {processor.py:743} INFO - Processing file /home/airflow/.local/lib/python3.7/site-packages/airflow/example_dags/example_short_circuit_decorator.py for tasks to queue
[2023-04-02T11:04:45.740+0000] {logging_mixin.py:137} INFO - [2023-04-02T11:04:45.739+0000] {dagbag.py:532} INFO - Filling up the DagBag from /home/airflow/.local/lib/python3.7/site-packages/airflow/example_dags/example_short_circuit_decorator.py
[2023-04-02T11:04:45.849+0000] {processor.py:753} INFO - DAG(s) dict_keys(['example_short_circuit_decorator']) retrieved from /home/airflow/.local/lib/python3.7/site-packages/airflow/example_dags/example_short_circuit_decorator.py
[2023-04-02T11:04:45.946+0000] {logging_mixin.py:137} INFO - [2023-04-02T11:04:45.946+0000] {dag.py:2705} INFO - Sync 1 DAGs
[2023-04-02T11:04:45.996+0000] {logging_mixin.py:137} INFO - [2023-04-02T11:04:45.996+0000] {dag.py:3456} INFO - Setting next_dagrun for example_short_circuit_decorator to 2023-04-01T11:04:45.995714+00:00, run_after=2023-04-02T11:04:45.995714+00:00
[2023-04-02T11:04:46.081+0000] {processor.py:175} INFO - Processing /home/airflow/.local/lib/python3.7/site-packages/airflow/example_dags/example_short_circuit_decorator.py took 0.357 seconds
[2023-04-02T11:05:16.378+0000] {processor.py:153} INFO - Started process (PID=14075) to work on /home/airflow/.local/lib/python3.7/site-packages/airflow/example_dags/example_short_circuit_decorator.py
[2023-04-02T11:05:16.382+0000] {processor.py:743} INFO - Processing file /home/airflow/.local/lib/python3.7/site-packages/airflow/example_dags/example_short_circuit_decorator.py for tasks to queue
[2023-04-02T11:05:16.388+0000] {logging_mixin.py:137} INFO - [2023-04-02T11:05:16.387+0000] {dagbag.py:532} INFO - Filling up the DagBag from /home/airflow/.local/lib/python3.7/site-packages/airflow/example_dags/example_short_circuit_decorator.py
[2023-04-02T11:05:16.440+0000] {processor.py:753} INFO - DAG(s) dict_keys(['example_short_circuit_decorator']) retrieved from /home/airflow/.local/lib/python3.7/site-packages/airflow/example_dags/example_short_circuit_decorator.py
[2023-04-02T11:05:16.495+0000] {logging_mixin.py:137} INFO - [2023-04-02T11:05:16.495+0000] {dag.py:2705} INFO - Sync 1 DAGs
[2023-04-02T11:05:16.551+0000] {logging_mixin.py:137} INFO - [2023-04-02T11:05:16.551+0000] {dag.py:3456} INFO - Setting next_dagrun for example_short_circuit_decorator to 2023-04-01T11:05:16.550593+00:00, run_after=2023-04-02T11:05:16.550593+00:00
[2023-04-02T11:05:16.607+0000] {processor.py:175} INFO - Processing /home/airflow/.local/lib/python3.7/site-packages/airflow/example_dags/example_short_circuit_decorator.py took 0.234 seconds
[2023-04-02T11:05:47.026+0000] {processor.py:153} INFO - Started process (PID=14293) to work on /home/airflow/.local/lib/python3.7/site-packages/airflow/example_dags/example_short_circuit_decorator.py
[2023-04-02T11:05:47.028+0000] {processor.py:743} INFO - Processing file /home/airflow/.local/lib/python3.7/site-packages/airflow/example_dags/example_short_circuit_decorator.py for tasks to queue
[2023-04-02T11:05:47.032+0000] {logging_mixin.py:137} INFO - [2023-04-02T11:05:47.032+0000] {dagbag.py:532} INFO - Filling up the DagBag from /home/airflow/.local/lib/python3.7/site-packages/airflow/example_dags/example_short_circuit_decorator.py
[2023-04-02T11:05:47.086+0000] {processor.py:753} INFO - DAG(s) dict_keys(['example_short_circuit_decorator']) retrieved from /home/airflow/.local/lib/python3.7/site-packages/airflow/example_dags/example_short_circuit_decorator.py
[2023-04-02T11:05:47.172+0000] {logging_mixin.py:137} INFO - [2023-04-02T11:05:47.172+0000] {dag.py:2705} INFO - Sync 1 DAGs
[2023-04-02T11:05:47.233+0000] {logging_mixin.py:137} INFO - [2023-04-02T11:05:47.232+0000] {dag.py:3456} INFO - Setting next_dagrun for example_short_circuit_decorator to 2023-04-01T11:05:47.231308+00:00, run_after=2023-04-02T11:05:47.231308+00:00
[2023-04-02T11:05:47.288+0000] {processor.py:175} INFO - Processing /home/airflow/.local/lib/python3.7/site-packages/airflow/example_dags/example_short_circuit_decorator.py took 0.267 seconds
[2023-04-02T11:06:17.922+0000] {processor.py:153} INFO - Started process (PID=14513) to work on /home/airflow/.local/lib/python3.7/site-packages/airflow/example_dags/example_short_circuit_decorator.py
[2023-04-02T11:06:17.924+0000] {processor.py:743} INFO - Processing file /home/airflow/.local/lib/python3.7/site-packages/airflow/example_dags/example_short_circuit_decorator.py for tasks to queue
[2023-04-02T11:06:17.926+0000] {logging_mixin.py:137} INFO - [2023-04-02T11:06:17.926+0000] {dagbag.py:532} INFO - Filling up the DagBag from /home/airflow/.local/lib/python3.7/site-packages/airflow/example_dags/example_short_circuit_decorator.py
[2023-04-02T11:06:17.981+0000] {processor.py:753} INFO - DAG(s) dict_keys(['example_short_circuit_decorator']) retrieved from /home/airflow/.local/lib/python3.7/site-packages/airflow/example_dags/example_short_circuit_decorator.py
[2023-04-02T11:06:18.050+0000] {logging_mixin.py:137} INFO - [2023-04-02T11:06:18.050+0000] {dag.py:2705} INFO - Sync 1 DAGs
[2023-04-02T11:06:18.099+0000] {logging_mixin.py:137} INFO - [2023-04-02T11:06:18.099+0000] {dag.py:3456} INFO - Setting next_dagrun for example_short_circuit_decorator to 2023-04-01T11:06:18.098540+00:00, run_after=2023-04-02T11:06:18.098540+00:00
[2023-04-02T11:06:18.134+0000] {processor.py:175} INFO - Processing /home/airflow/.local/lib/python3.7/site-packages/airflow/example_dags/example_short_circuit_decorator.py took 0.215 seconds
[2023-04-02T11:06:48.228+0000] {processor.py:153} INFO - Started process (PID=14731) to work on /home/airflow/.local/lib/python3.7/site-packages/airflow/example_dags/example_short_circuit_decorator.py
[2023-04-02T11:06:48.231+0000] {processor.py:743} INFO - Processing file /home/airflow/.local/lib/python3.7/site-packages/airflow/example_dags/example_short_circuit_decorator.py for tasks to queue
[2023-04-02T11:06:48.233+0000] {logging_mixin.py:137} INFO - [2023-04-02T11:06:48.233+0000] {dagbag.py:532} INFO - Filling up the DagBag from /home/airflow/.local/lib/python3.7/site-packages/airflow/example_dags/example_short_circuit_decorator.py
[2023-04-02T11:06:48.271+0000] {processor.py:753} INFO - DAG(s) dict_keys(['example_short_circuit_decorator']) retrieved from /home/airflow/.local/lib/python3.7/site-packages/airflow/example_dags/example_short_circuit_decorator.py
[2023-04-02T11:06:48.307+0000] {logging_mixin.py:137} INFO - [2023-04-02T11:06:48.307+0000] {dag.py:2705} INFO - Sync 1 DAGs
[2023-04-02T11:06:48.353+0000] {logging_mixin.py:137} INFO - [2023-04-02T11:06:48.353+0000] {dag.py:3456} INFO - Setting next_dagrun for example_short_circuit_decorator to 2023-04-01T11:06:48.353199+00:00, run_after=2023-04-02T11:06:48.353199+00:00
[2023-04-02T11:06:48.387+0000] {processor.py:175} INFO - Processing /home/airflow/.local/lib/python3.7/site-packages/airflow/example_dags/example_short_circuit_decorator.py took 0.165 seconds
