[2023-04-02T10:32:47.465+0000] {processor.py:153} INFO - Started process (PID=278) to work on /home/airflow/.local/lib/python3.7/site-packages/airflow/example_dags/example_dynamic_task_mapping.py
[2023-04-02T10:32:47.466+0000] {processor.py:743} INFO - Processing file /home/airflow/.local/lib/python3.7/site-packages/airflow/example_dags/example_dynamic_task_mapping.py for tasks to queue
[2023-04-02T10:32:47.468+0000] {logging_mixin.py:137} INFO - [2023-04-02T10:32:47.468+0000] {dagbag.py:532} INFO - Filling up the DagBag from /home/airflow/.local/lib/python3.7/site-packages/airflow/example_dags/example_dynamic_task_mapping.py
[2023-04-02T10:32:47.499+0000] {processor.py:753} INFO - DAG(s) dict_keys(['example_dynamic_task_mapping']) retrieved from /home/airflow/.local/lib/python3.7/site-packages/airflow/example_dags/example_dynamic_task_mapping.py
[2023-04-02T10:32:47.526+0000] {logging_mixin.py:137} INFO - [2023-04-02T10:32:47.526+0000] {dag.py:2705} INFO - Sync 1 DAGs
[2023-04-02T10:32:47.570+0000] {logging_mixin.py:137} INFO - [2023-04-02T10:32:47.570+0000] {dag.py:3456} INFO - Setting next_dagrun for example_dynamic_task_mapping to 2022-03-04T00:00:00+00:00, run_after=2022-03-05T00:00:00+00:00
[2023-04-02T10:32:47.622+0000] {processor.py:175} INFO - Processing /home/airflow/.local/lib/python3.7/site-packages/airflow/example_dags/example_dynamic_task_mapping.py took 0.163 seconds
[2023-04-02T10:33:21.927+0000] {processor.py:153} INFO - Started process (PID=496) to work on /home/airflow/.local/lib/python3.7/site-packages/airflow/example_dags/example_dynamic_task_mapping.py
[2023-04-02T10:33:21.929+0000] {processor.py:743} INFO - Processing file /home/airflow/.local/lib/python3.7/site-packages/airflow/example_dags/example_dynamic_task_mapping.py for tasks to queue
[2023-04-02T10:33:21.932+0000] {logging_mixin.py:137} INFO - [2023-04-02T10:33:21.932+0000] {dagbag.py:532} INFO - Filling up the DagBag from /home/airflow/.local/lib/python3.7/site-packages/airflow/example_dags/example_dynamic_task_mapping.py
[2023-04-02T10:33:22.024+0000] {processor.py:753} INFO - DAG(s) dict_keys(['example_dynamic_task_mapping']) retrieved from /home/airflow/.local/lib/python3.7/site-packages/airflow/example_dags/example_dynamic_task_mapping.py
[2023-04-02T10:33:22.073+0000] {logging_mixin.py:137} INFO - [2023-04-02T10:33:22.072+0000] {dag.py:2705} INFO - Sync 1 DAGs
[2023-04-02T10:33:22.126+0000] {logging_mixin.py:137} INFO - [2023-04-02T10:33:22.125+0000] {dag.py:3456} INFO - Setting next_dagrun for example_dynamic_task_mapping to 2022-03-04T00:00:00+00:00, run_after=2022-03-05T00:00:00+00:00
[2023-04-02T10:33:22.191+0000] {processor.py:175} INFO - Processing /home/airflow/.local/lib/python3.7/site-packages/airflow/example_dags/example_dynamic_task_mapping.py took 0.278 seconds
[2023-04-02T10:33:54.558+0000] {processor.py:153} INFO - Started process (PID=715) to work on /home/airflow/.local/lib/python3.7/site-packages/airflow/example_dags/example_dynamic_task_mapping.py
[2023-04-02T10:33:54.563+0000] {processor.py:743} INFO - Processing file /home/airflow/.local/lib/python3.7/site-packages/airflow/example_dags/example_dynamic_task_mapping.py for tasks to queue
[2023-04-02T10:33:54.567+0000] {logging_mixin.py:137} INFO - [2023-04-02T10:33:54.566+0000] {dagbag.py:532} INFO - Filling up the DagBag from /home/airflow/.local/lib/python3.7/site-packages/airflow/example_dags/example_dynamic_task_mapping.py
[2023-04-02T10:33:54.624+0000] {processor.py:753} INFO - DAG(s) dict_keys(['example_dynamic_task_mapping']) retrieved from /home/airflow/.local/lib/python3.7/site-packages/airflow/example_dags/example_dynamic_task_mapping.py
[2023-04-02T10:33:54.677+0000] {logging_mixin.py:137} INFO - [2023-04-02T10:33:54.677+0000] {dag.py:2705} INFO - Sync 1 DAGs
[2023-04-02T10:33:54.765+0000] {logging_mixin.py:137} INFO - [2023-04-02T10:33:54.764+0000] {dag.py:3456} INFO - Setting next_dagrun for example_dynamic_task_mapping to 2022-03-04T00:00:00+00:00, run_after=2022-03-05T00:00:00+00:00
[2023-04-02T10:33:54.808+0000] {processor.py:175} INFO - Processing /home/airflow/.local/lib/python3.7/site-packages/airflow/example_dags/example_dynamic_task_mapping.py took 0.261 seconds
[2023-04-02T10:34:25.787+0000] {processor.py:153} INFO - Started process (PID=933) to work on /home/airflow/.local/lib/python3.7/site-packages/airflow/example_dags/example_dynamic_task_mapping.py
[2023-04-02T10:34:25.790+0000] {processor.py:743} INFO - Processing file /home/airflow/.local/lib/python3.7/site-packages/airflow/example_dags/example_dynamic_task_mapping.py for tasks to queue
[2023-04-02T10:34:25.794+0000] {logging_mixin.py:137} INFO - [2023-04-02T10:34:25.794+0000] {dagbag.py:532} INFO - Filling up the DagBag from /home/airflow/.local/lib/python3.7/site-packages/airflow/example_dags/example_dynamic_task_mapping.py
[2023-04-02T10:34:25.855+0000] {processor.py:753} INFO - DAG(s) dict_keys(['example_dynamic_task_mapping']) retrieved from /home/airflow/.local/lib/python3.7/site-packages/airflow/example_dags/example_dynamic_task_mapping.py
[2023-04-02T10:34:25.975+0000] {logging_mixin.py:137} INFO - [2023-04-02T10:34:25.975+0000] {dag.py:2705} INFO - Sync 1 DAGs
[2023-04-02T10:34:26.034+0000] {logging_mixin.py:137} INFO - [2023-04-02T10:34:26.033+0000] {dag.py:3456} INFO - Setting next_dagrun for example_dynamic_task_mapping to 2022-03-04T00:00:00+00:00, run_after=2022-03-05T00:00:00+00:00
[2023-04-02T10:34:26.079+0000] {processor.py:175} INFO - Processing /home/airflow/.local/lib/python3.7/site-packages/airflow/example_dags/example_dynamic_task_mapping.py took 0.300 seconds
[2023-04-02T10:34:56.673+0000] {processor.py:153} INFO - Started process (PID=1152) to work on /home/airflow/.local/lib/python3.7/site-packages/airflow/example_dags/example_dynamic_task_mapping.py
[2023-04-02T10:34:56.678+0000] {processor.py:743} INFO - Processing file /home/airflow/.local/lib/python3.7/site-packages/airflow/example_dags/example_dynamic_task_mapping.py for tasks to queue
[2023-04-02T10:34:56.681+0000] {logging_mixin.py:137} INFO - [2023-04-02T10:34:56.681+0000] {dagbag.py:532} INFO - Filling up the DagBag from /home/airflow/.local/lib/python3.7/site-packages/airflow/example_dags/example_dynamic_task_mapping.py
[2023-04-02T10:34:56.771+0000] {processor.py:753} INFO - DAG(s) dict_keys(['example_dynamic_task_mapping']) retrieved from /home/airflow/.local/lib/python3.7/site-packages/airflow/example_dags/example_dynamic_task_mapping.py
[2023-04-02T10:34:56.828+0000] {logging_mixin.py:137} INFO - [2023-04-02T10:34:56.828+0000] {dag.py:2705} INFO - Sync 1 DAGs
[2023-04-02T10:34:56.883+0000] {logging_mixin.py:137} INFO - [2023-04-02T10:34:56.883+0000] {dag.py:3456} INFO - Setting next_dagrun for example_dynamic_task_mapping to 2022-03-04T00:00:00+00:00, run_after=2022-03-05T00:00:00+00:00
[2023-04-02T10:34:56.932+0000] {processor.py:175} INFO - Processing /home/airflow/.local/lib/python3.7/site-packages/airflow/example_dags/example_dynamic_task_mapping.py took 0.276 seconds
[2023-04-02T10:35:27.898+0000] {processor.py:153} INFO - Started process (PID=1370) to work on /home/airflow/.local/lib/python3.7/site-packages/airflow/example_dags/example_dynamic_task_mapping.py
[2023-04-02T10:35:27.907+0000] {processor.py:743} INFO - Processing file /home/airflow/.local/lib/python3.7/site-packages/airflow/example_dags/example_dynamic_task_mapping.py for tasks to queue
[2023-04-02T10:35:27.913+0000] {logging_mixin.py:137} INFO - [2023-04-02T10:35:27.912+0000] {dagbag.py:532} INFO - Filling up the DagBag from /home/airflow/.local/lib/python3.7/site-packages/airflow/example_dags/example_dynamic_task_mapping.py
[2023-04-02T10:35:27.997+0000] {processor.py:753} INFO - DAG(s) dict_keys(['example_dynamic_task_mapping']) retrieved from /home/airflow/.local/lib/python3.7/site-packages/airflow/example_dags/example_dynamic_task_mapping.py
[2023-04-02T10:35:28.038+0000] {logging_mixin.py:137} INFO - [2023-04-02T10:35:28.038+0000] {dag.py:2705} INFO - Sync 1 DAGs
[2023-04-02T10:35:28.097+0000] {logging_mixin.py:137} INFO - [2023-04-02T10:35:28.097+0000] {dag.py:3456} INFO - Setting next_dagrun for example_dynamic_task_mapping to 2022-03-04T00:00:00+00:00, run_after=2022-03-05T00:00:00+00:00
[2023-04-02T10:35:28.168+0000] {processor.py:175} INFO - Processing /home/airflow/.local/lib/python3.7/site-packages/airflow/example_dags/example_dynamic_task_mapping.py took 0.282 seconds
[2023-04-02T10:35:58.495+0000] {processor.py:153} INFO - Started process (PID=1588) to work on /home/airflow/.local/lib/python3.7/site-packages/airflow/example_dags/example_dynamic_task_mapping.py
[2023-04-02T10:35:58.499+0000] {processor.py:743} INFO - Processing file /home/airflow/.local/lib/python3.7/site-packages/airflow/example_dags/example_dynamic_task_mapping.py for tasks to queue
[2023-04-02T10:35:58.501+0000] {logging_mixin.py:137} INFO - [2023-04-02T10:35:58.501+0000] {dagbag.py:532} INFO - Filling up the DagBag from /home/airflow/.local/lib/python3.7/site-packages/airflow/example_dags/example_dynamic_task_mapping.py
[2023-04-02T10:35:58.552+0000] {processor.py:753} INFO - DAG(s) dict_keys(['example_dynamic_task_mapping']) retrieved from /home/airflow/.local/lib/python3.7/site-packages/airflow/example_dags/example_dynamic_task_mapping.py
[2023-04-02T10:35:58.608+0000] {logging_mixin.py:137} INFO - [2023-04-02T10:35:58.608+0000] {dag.py:2705} INFO - Sync 1 DAGs
[2023-04-02T10:35:58.678+0000] {logging_mixin.py:137} INFO - [2023-04-02T10:35:58.678+0000] {dag.py:3456} INFO - Setting next_dagrun for example_dynamic_task_mapping to 2022-03-04T00:00:00+00:00, run_after=2022-03-05T00:00:00+00:00
[2023-04-02T10:35:58.784+0000] {processor.py:175} INFO - Processing /home/airflow/.local/lib/python3.7/site-packages/airflow/example_dags/example_dynamic_task_mapping.py took 0.296 seconds
[2023-04-02T10:36:29.722+0000] {processor.py:153} INFO - Started process (PID=1808) to work on /home/airflow/.local/lib/python3.7/site-packages/airflow/example_dags/example_dynamic_task_mapping.py
[2023-04-02T10:36:29.725+0000] {processor.py:743} INFO - Processing file /home/airflow/.local/lib/python3.7/site-packages/airflow/example_dags/example_dynamic_task_mapping.py for tasks to queue
[2023-04-02T10:36:29.728+0000] {logging_mixin.py:137} INFO - [2023-04-02T10:36:29.728+0000] {dagbag.py:532} INFO - Filling up the DagBag from /home/airflow/.local/lib/python3.7/site-packages/airflow/example_dags/example_dynamic_task_mapping.py
[2023-04-02T10:36:29.778+0000] {processor.py:753} INFO - DAG(s) dict_keys(['example_dynamic_task_mapping']) retrieved from /home/airflow/.local/lib/python3.7/site-packages/airflow/example_dags/example_dynamic_task_mapping.py
[2023-04-02T10:36:29.820+0000] {logging_mixin.py:137} INFO - [2023-04-02T10:36:29.819+0000] {dag.py:2705} INFO - Sync 1 DAGs
[2023-04-02T10:36:29.866+0000] {logging_mixin.py:137} INFO - [2023-04-02T10:36:29.865+0000] {dag.py:3456} INFO - Setting next_dagrun for example_dynamic_task_mapping to 2022-03-04T00:00:00+00:00, run_after=2022-03-05T00:00:00+00:00
[2023-04-02T10:36:29.900+0000] {processor.py:175} INFO - Processing /home/airflow/.local/lib/python3.7/site-packages/airflow/example_dags/example_dynamic_task_mapping.py took 0.184 seconds
[2023-04-02T10:37:00.545+0000] {processor.py:153} INFO - Started process (PID=2024) to work on /home/airflow/.local/lib/python3.7/site-packages/airflow/example_dags/example_dynamic_task_mapping.py
[2023-04-02T10:37:00.547+0000] {processor.py:743} INFO - Processing file /home/airflow/.local/lib/python3.7/site-packages/airflow/example_dags/example_dynamic_task_mapping.py for tasks to queue
[2023-04-02T10:37:00.550+0000] {logging_mixin.py:137} INFO - [2023-04-02T10:37:00.549+0000] {dagbag.py:532} INFO - Filling up the DagBag from /home/airflow/.local/lib/python3.7/site-packages/airflow/example_dags/example_dynamic_task_mapping.py
[2023-04-02T10:37:00.598+0000] {processor.py:753} INFO - DAG(s) dict_keys(['example_dynamic_task_mapping']) retrieved from /home/airflow/.local/lib/python3.7/site-packages/airflow/example_dags/example_dynamic_task_mapping.py
[2023-04-02T10:37:00.656+0000] {logging_mixin.py:137} INFO - [2023-04-02T10:37:00.656+0000] {dag.py:2705} INFO - Sync 1 DAGs
[2023-04-02T10:37:00.724+0000] {logging_mixin.py:137} INFO - [2023-04-02T10:37:00.724+0000] {dag.py:3456} INFO - Setting next_dagrun for example_dynamic_task_mapping to 2022-03-04T00:00:00+00:00, run_after=2022-03-05T00:00:00+00:00
[2023-04-02T10:37:00.766+0000] {processor.py:175} INFO - Processing /home/airflow/.local/lib/python3.7/site-packages/airflow/example_dags/example_dynamic_task_mapping.py took 0.226 seconds
[2023-04-02T10:37:31.218+0000] {processor.py:153} INFO - Started process (PID=2242) to work on /home/airflow/.local/lib/python3.7/site-packages/airflow/example_dags/example_dynamic_task_mapping.py
[2023-04-02T10:37:31.221+0000] {processor.py:743} INFO - Processing file /home/airflow/.local/lib/python3.7/site-packages/airflow/example_dags/example_dynamic_task_mapping.py for tasks to queue
[2023-04-02T10:37:31.225+0000] {logging_mixin.py:137} INFO - [2023-04-02T10:37:31.225+0000] {dagbag.py:532} INFO - Filling up the DagBag from /home/airflow/.local/lib/python3.7/site-packages/airflow/example_dags/example_dynamic_task_mapping.py
[2023-04-02T10:37:31.265+0000] {processor.py:753} INFO - DAG(s) dict_keys(['example_dynamic_task_mapping']) retrieved from /home/airflow/.local/lib/python3.7/site-packages/airflow/example_dags/example_dynamic_task_mapping.py
[2023-04-02T10:37:31.327+0000] {logging_mixin.py:137} INFO - [2023-04-02T10:37:31.327+0000] {dag.py:2705} INFO - Sync 1 DAGs
[2023-04-02T10:37:31.396+0000] {logging_mixin.py:137} INFO - [2023-04-02T10:37:31.396+0000] {dag.py:3456} INFO - Setting next_dagrun for example_dynamic_task_mapping to 2022-03-04T00:00:00+00:00, run_after=2022-03-05T00:00:00+00:00
[2023-04-02T10:37:31.432+0000] {processor.py:175} INFO - Processing /home/airflow/.local/lib/python3.7/site-packages/airflow/example_dags/example_dynamic_task_mapping.py took 0.222 seconds
[2023-04-02T10:38:02.196+0000] {processor.py:153} INFO - Started process (PID=2460) to work on /home/airflow/.local/lib/python3.7/site-packages/airflow/example_dags/example_dynamic_task_mapping.py
[2023-04-02T10:38:02.198+0000] {processor.py:743} INFO - Processing file /home/airflow/.local/lib/python3.7/site-packages/airflow/example_dags/example_dynamic_task_mapping.py for tasks to queue
[2023-04-02T10:38:02.204+0000] {logging_mixin.py:137} INFO - [2023-04-02T10:38:02.204+0000] {dagbag.py:532} INFO - Filling up the DagBag from /home/airflow/.local/lib/python3.7/site-packages/airflow/example_dags/example_dynamic_task_mapping.py
[2023-04-02T10:38:02.253+0000] {processor.py:753} INFO - DAG(s) dict_keys(['example_dynamic_task_mapping']) retrieved from /home/airflow/.local/lib/python3.7/site-packages/airflow/example_dags/example_dynamic_task_mapping.py
[2023-04-02T10:38:02.312+0000] {logging_mixin.py:137} INFO - [2023-04-02T10:38:02.312+0000] {dag.py:2705} INFO - Sync 1 DAGs
[2023-04-02T10:38:02.378+0000] {logging_mixin.py:137} INFO - [2023-04-02T10:38:02.378+0000] {dag.py:3456} INFO - Setting next_dagrun for example_dynamic_task_mapping to 2022-03-04T00:00:00+00:00, run_after=2022-03-05T00:00:00+00:00
[2023-04-02T10:38:02.418+0000] {processor.py:175} INFO - Processing /home/airflow/.local/lib/python3.7/site-packages/airflow/example_dags/example_dynamic_task_mapping.py took 0.231 seconds
[2023-04-02T10:38:33.306+0000] {processor.py:153} INFO - Started process (PID=2678) to work on /home/airflow/.local/lib/python3.7/site-packages/airflow/example_dags/example_dynamic_task_mapping.py
[2023-04-02T10:38:33.308+0000] {processor.py:743} INFO - Processing file /home/airflow/.local/lib/python3.7/site-packages/airflow/example_dags/example_dynamic_task_mapping.py for tasks to queue
[2023-04-02T10:38:33.310+0000] {logging_mixin.py:137} INFO - [2023-04-02T10:38:33.309+0000] {dagbag.py:532} INFO - Filling up the DagBag from /home/airflow/.local/lib/python3.7/site-packages/airflow/example_dags/example_dynamic_task_mapping.py
[2023-04-02T10:38:33.349+0000] {processor.py:753} INFO - DAG(s) dict_keys(['example_dynamic_task_mapping']) retrieved from /home/airflow/.local/lib/python3.7/site-packages/airflow/example_dags/example_dynamic_task_mapping.py
[2023-04-02T10:38:33.395+0000] {logging_mixin.py:137} INFO - [2023-04-02T10:38:33.394+0000] {dag.py:2705} INFO - Sync 1 DAGs
[2023-04-02T10:38:33.456+0000] {logging_mixin.py:137} INFO - [2023-04-02T10:38:33.456+0000] {dag.py:3456} INFO - Setting next_dagrun for example_dynamic_task_mapping to 2022-03-04T00:00:00+00:00, run_after=2022-03-05T00:00:00+00:00
[2023-04-02T10:38:33.493+0000] {processor.py:175} INFO - Processing /home/airflow/.local/lib/python3.7/site-packages/airflow/example_dags/example_dynamic_task_mapping.py took 0.193 seconds
[2023-04-02T10:39:04.056+0000] {processor.py:153} INFO - Started process (PID=2896) to work on /home/airflow/.local/lib/python3.7/site-packages/airflow/example_dags/example_dynamic_task_mapping.py
[2023-04-02T10:39:04.065+0000] {processor.py:743} INFO - Processing file /home/airflow/.local/lib/python3.7/site-packages/airflow/example_dags/example_dynamic_task_mapping.py for tasks to queue
[2023-04-02T10:39:04.072+0000] {logging_mixin.py:137} INFO - [2023-04-02T10:39:04.071+0000] {dagbag.py:532} INFO - Filling up the DagBag from /home/airflow/.local/lib/python3.7/site-packages/airflow/example_dags/example_dynamic_task_mapping.py
[2023-04-02T10:39:04.161+0000] {processor.py:753} INFO - DAG(s) dict_keys(['example_dynamic_task_mapping']) retrieved from /home/airflow/.local/lib/python3.7/site-packages/airflow/example_dags/example_dynamic_task_mapping.py
[2023-04-02T10:39:04.229+0000] {logging_mixin.py:137} INFO - [2023-04-02T10:39:04.229+0000] {dag.py:2705} INFO - Sync 1 DAGs
[2023-04-02T10:39:04.331+0000] {logging_mixin.py:137} INFO - [2023-04-02T10:39:04.331+0000] {dag.py:3456} INFO - Setting next_dagrun for example_dynamic_task_mapping to 2022-03-04T00:00:00+00:00, run_after=2022-03-05T00:00:00+00:00
[2023-04-02T10:39:04.444+0000] {processor.py:175} INFO - Processing /home/airflow/.local/lib/python3.7/site-packages/airflow/example_dags/example_dynamic_task_mapping.py took 0.405 seconds
[2023-04-02T10:39:35.472+0000] {processor.py:153} INFO - Started process (PID=3121) to work on /home/airflow/.local/lib/python3.7/site-packages/airflow/example_dags/example_dynamic_task_mapping.py
[2023-04-02T10:39:35.474+0000] {processor.py:743} INFO - Processing file /home/airflow/.local/lib/python3.7/site-packages/airflow/example_dags/example_dynamic_task_mapping.py for tasks to queue
[2023-04-02T10:39:35.477+0000] {logging_mixin.py:137} INFO - [2023-04-02T10:39:35.476+0000] {dagbag.py:532} INFO - Filling up the DagBag from /home/airflow/.local/lib/python3.7/site-packages/airflow/example_dags/example_dynamic_task_mapping.py
[2023-04-02T10:39:35.528+0000] {processor.py:753} INFO - DAG(s) dict_keys(['example_dynamic_task_mapping']) retrieved from /home/airflow/.local/lib/python3.7/site-packages/airflow/example_dags/example_dynamic_task_mapping.py
[2023-04-02T10:39:35.598+0000] {logging_mixin.py:137} INFO - [2023-04-02T10:39:35.598+0000] {dag.py:2705} INFO - Sync 1 DAGs
[2023-04-02T10:39:35.660+0000] {logging_mixin.py:137} INFO - [2023-04-02T10:39:35.660+0000] {dag.py:3456} INFO - Setting next_dagrun for example_dynamic_task_mapping to 2022-03-04T00:00:00+00:00, run_after=2022-03-05T00:00:00+00:00
[2023-04-02T10:39:35.705+0000] {processor.py:175} INFO - Processing /home/airflow/.local/lib/python3.7/site-packages/airflow/example_dags/example_dynamic_task_mapping.py took 0.241 seconds
[2023-04-02T10:40:06.431+0000] {processor.py:153} INFO - Started process (PID=3338) to work on /home/airflow/.local/lib/python3.7/site-packages/airflow/example_dags/example_dynamic_task_mapping.py
[2023-04-02T10:40:06.433+0000] {processor.py:743} INFO - Processing file /home/airflow/.local/lib/python3.7/site-packages/airflow/example_dags/example_dynamic_task_mapping.py for tasks to queue
[2023-04-02T10:40:06.443+0000] {logging_mixin.py:137} INFO - [2023-04-02T10:40:06.442+0000] {dagbag.py:532} INFO - Filling up the DagBag from /home/airflow/.local/lib/python3.7/site-packages/airflow/example_dags/example_dynamic_task_mapping.py
[2023-04-02T10:40:06.589+0000] {processor.py:753} INFO - DAG(s) dict_keys(['example_dynamic_task_mapping']) retrieved from /home/airflow/.local/lib/python3.7/site-packages/airflow/example_dags/example_dynamic_task_mapping.py
[2023-04-02T10:40:06.714+0000] {logging_mixin.py:137} INFO - [2023-04-02T10:40:06.713+0000] {dag.py:2705} INFO - Sync 1 DAGs
[2023-04-02T10:40:06.757+0000] {logging_mixin.py:137} INFO - [2023-04-02T10:40:06.756+0000] {dag.py:3456} INFO - Setting next_dagrun for example_dynamic_task_mapping to 2022-03-04T00:00:00+00:00, run_after=2022-03-05T00:00:00+00:00
[2023-04-02T10:40:06.797+0000] {processor.py:175} INFO - Processing /home/airflow/.local/lib/python3.7/site-packages/airflow/example_dags/example_dynamic_task_mapping.py took 0.390 seconds
[2023-04-02T10:40:37.028+0000] {processor.py:153} INFO - Started process (PID=3557) to work on /home/airflow/.local/lib/python3.7/site-packages/airflow/example_dags/example_dynamic_task_mapping.py
[2023-04-02T10:40:37.034+0000] {processor.py:743} INFO - Processing file /home/airflow/.local/lib/python3.7/site-packages/airflow/example_dags/example_dynamic_task_mapping.py for tasks to queue
[2023-04-02T10:40:37.037+0000] {logging_mixin.py:137} INFO - [2023-04-02T10:40:37.036+0000] {dagbag.py:532} INFO - Filling up the DagBag from /home/airflow/.local/lib/python3.7/site-packages/airflow/example_dags/example_dynamic_task_mapping.py
[2023-04-02T10:40:37.137+0000] {processor.py:753} INFO - DAG(s) dict_keys(['example_dynamic_task_mapping']) retrieved from /home/airflow/.local/lib/python3.7/site-packages/airflow/example_dags/example_dynamic_task_mapping.py
[2023-04-02T10:40:37.251+0000] {logging_mixin.py:137} INFO - [2023-04-02T10:40:37.251+0000] {dag.py:2705} INFO - Sync 1 DAGs
[2023-04-02T10:40:37.365+0000] {logging_mixin.py:137} INFO - [2023-04-02T10:40:37.358+0000] {dag.py:3456} INFO - Setting next_dagrun for example_dynamic_task_mapping to 2022-03-04T00:00:00+00:00, run_after=2022-03-05T00:00:00+00:00
[2023-04-02T10:40:37.448+0000] {processor.py:175} INFO - Processing /home/airflow/.local/lib/python3.7/site-packages/airflow/example_dags/example_dynamic_task_mapping.py took 0.445 seconds
[2023-04-02T10:41:08.169+0000] {processor.py:153} INFO - Started process (PID=3775) to work on /home/airflow/.local/lib/python3.7/site-packages/airflow/example_dags/example_dynamic_task_mapping.py
[2023-04-02T10:41:08.171+0000] {processor.py:743} INFO - Processing file /home/airflow/.local/lib/python3.7/site-packages/airflow/example_dags/example_dynamic_task_mapping.py for tasks to queue
[2023-04-02T10:41:08.177+0000] {logging_mixin.py:137} INFO - [2023-04-02T10:41:08.176+0000] {dagbag.py:532} INFO - Filling up the DagBag from /home/airflow/.local/lib/python3.7/site-packages/airflow/example_dags/example_dynamic_task_mapping.py
[2023-04-02T10:41:08.246+0000] {processor.py:753} INFO - DAG(s) dict_keys(['example_dynamic_task_mapping']) retrieved from /home/airflow/.local/lib/python3.7/site-packages/airflow/example_dags/example_dynamic_task_mapping.py
[2023-04-02T10:41:08.311+0000] {logging_mixin.py:137} INFO - [2023-04-02T10:41:08.310+0000] {dag.py:2705} INFO - Sync 1 DAGs
[2023-04-02T10:41:08.379+0000] {logging_mixin.py:137} INFO - [2023-04-02T10:41:08.379+0000] {dag.py:3456} INFO - Setting next_dagrun for example_dynamic_task_mapping to 2022-03-04T00:00:00+00:00, run_after=2022-03-05T00:00:00+00:00
[2023-04-02T10:41:08.462+0000] {processor.py:175} INFO - Processing /home/airflow/.local/lib/python3.7/site-packages/airflow/example_dags/example_dynamic_task_mapping.py took 0.305 seconds
[2023-04-02T10:41:38.767+0000] {processor.py:153} INFO - Started process (PID=3993) to work on /home/airflow/.local/lib/python3.7/site-packages/airflow/example_dags/example_dynamic_task_mapping.py
[2023-04-02T10:41:38.771+0000] {processor.py:743} INFO - Processing file /home/airflow/.local/lib/python3.7/site-packages/airflow/example_dags/example_dynamic_task_mapping.py for tasks to queue
[2023-04-02T10:41:38.779+0000] {logging_mixin.py:137} INFO - [2023-04-02T10:41:38.776+0000] {dagbag.py:532} INFO - Filling up the DagBag from /home/airflow/.local/lib/python3.7/site-packages/airflow/example_dags/example_dynamic_task_mapping.py
[2023-04-02T10:41:38.855+0000] {processor.py:753} INFO - DAG(s) dict_keys(['example_dynamic_task_mapping']) retrieved from /home/airflow/.local/lib/python3.7/site-packages/airflow/example_dags/example_dynamic_task_mapping.py
[2023-04-02T10:41:38.946+0000] {logging_mixin.py:137} INFO - [2023-04-02T10:41:38.946+0000] {dag.py:2705} INFO - Sync 1 DAGs
[2023-04-02T10:41:39.040+0000] {logging_mixin.py:137} INFO - [2023-04-02T10:41:39.040+0000] {dag.py:3456} INFO - Setting next_dagrun for example_dynamic_task_mapping to 2022-03-04T00:00:00+00:00, run_after=2022-03-05T00:00:00+00:00
[2023-04-02T10:41:39.113+0000] {processor.py:175} INFO - Processing /home/airflow/.local/lib/python3.7/site-packages/airflow/example_dags/example_dynamic_task_mapping.py took 0.354 seconds
[2023-04-02T10:42:11.460+0000] {processor.py:153} INFO - Started process (PID=4214) to work on /home/airflow/.local/lib/python3.7/site-packages/airflow/example_dags/example_dynamic_task_mapping.py
[2023-04-02T10:42:11.484+0000] {processor.py:743} INFO - Processing file /home/airflow/.local/lib/python3.7/site-packages/airflow/example_dags/example_dynamic_task_mapping.py for tasks to queue
[2023-04-02T10:42:11.486+0000] {logging_mixin.py:137} INFO - [2023-04-02T10:42:11.485+0000] {dagbag.py:532} INFO - Filling up the DagBag from /home/airflow/.local/lib/python3.7/site-packages/airflow/example_dags/example_dynamic_task_mapping.py
[2023-04-02T10:42:11.617+0000] {processor.py:753} INFO - DAG(s) dict_keys(['example_dynamic_task_mapping']) retrieved from /home/airflow/.local/lib/python3.7/site-packages/airflow/example_dags/example_dynamic_task_mapping.py
[2023-04-02T10:42:11.732+0000] {logging_mixin.py:137} INFO - [2023-04-02T10:42:11.732+0000] {dag.py:2705} INFO - Sync 1 DAGs
[2023-04-02T10:42:11.843+0000] {logging_mixin.py:137} INFO - [2023-04-02T10:42:11.843+0000] {dag.py:3456} INFO - Setting next_dagrun for example_dynamic_task_mapping to 2022-03-04T00:00:00+00:00, run_after=2022-03-05T00:00:00+00:00
[2023-04-02T10:42:11.916+0000] {processor.py:175} INFO - Processing /home/airflow/.local/lib/python3.7/site-packages/airflow/example_dags/example_dynamic_task_mapping.py took 0.470 seconds
[2023-04-02T10:42:42.469+0000] {processor.py:153} INFO - Started process (PID=4432) to work on /home/airflow/.local/lib/python3.7/site-packages/airflow/example_dags/example_dynamic_task_mapping.py
[2023-04-02T10:42:42.494+0000] {processor.py:743} INFO - Processing file /home/airflow/.local/lib/python3.7/site-packages/airflow/example_dags/example_dynamic_task_mapping.py for tasks to queue
[2023-04-02T10:42:42.506+0000] {logging_mixin.py:137} INFO - [2023-04-02T10:42:42.505+0000] {dagbag.py:532} INFO - Filling up the DagBag from /home/airflow/.local/lib/python3.7/site-packages/airflow/example_dags/example_dynamic_task_mapping.py
[2023-04-02T10:42:42.707+0000] {processor.py:753} INFO - DAG(s) dict_keys(['example_dynamic_task_mapping']) retrieved from /home/airflow/.local/lib/python3.7/site-packages/airflow/example_dags/example_dynamic_task_mapping.py
[2023-04-02T10:42:42.758+0000] {logging_mixin.py:137} INFO - [2023-04-02T10:42:42.757+0000] {dag.py:2705} INFO - Sync 1 DAGs
[2023-04-02T10:42:42.844+0000] {logging_mixin.py:137} INFO - [2023-04-02T10:42:42.844+0000] {dag.py:3456} INFO - Setting next_dagrun for example_dynamic_task_mapping to 2022-03-04T00:00:00+00:00, run_after=2022-03-05T00:00:00+00:00
[2023-04-02T10:42:42.916+0000] {processor.py:175} INFO - Processing /home/airflow/.local/lib/python3.7/site-packages/airflow/example_dags/example_dynamic_task_mapping.py took 0.457 seconds
[2023-04-02T10:43:13.114+0000] {processor.py:153} INFO - Started process (PID=4650) to work on /home/airflow/.local/lib/python3.7/site-packages/airflow/example_dags/example_dynamic_task_mapping.py
[2023-04-02T10:43:13.119+0000] {processor.py:743} INFO - Processing file /home/airflow/.local/lib/python3.7/site-packages/airflow/example_dags/example_dynamic_task_mapping.py for tasks to queue
[2023-04-02T10:43:13.123+0000] {logging_mixin.py:137} INFO - [2023-04-02T10:43:13.122+0000] {dagbag.py:532} INFO - Filling up the DagBag from /home/airflow/.local/lib/python3.7/site-packages/airflow/example_dags/example_dynamic_task_mapping.py
[2023-04-02T10:43:13.195+0000] {processor.py:753} INFO - DAG(s) dict_keys(['example_dynamic_task_mapping']) retrieved from /home/airflow/.local/lib/python3.7/site-packages/airflow/example_dags/example_dynamic_task_mapping.py
[2023-04-02T10:43:13.264+0000] {logging_mixin.py:137} INFO - [2023-04-02T10:43:13.264+0000] {dag.py:2705} INFO - Sync 1 DAGs
[2023-04-02T10:43:13.308+0000] {logging_mixin.py:137} INFO - [2023-04-02T10:43:13.307+0000] {dag.py:3456} INFO - Setting next_dagrun for example_dynamic_task_mapping to 2022-03-04T00:00:00+00:00, run_after=2022-03-05T00:00:00+00:00
[2023-04-02T10:43:13.349+0000] {processor.py:175} INFO - Processing /home/airflow/.local/lib/python3.7/site-packages/airflow/example_dags/example_dynamic_task_mapping.py took 0.246 seconds
[2023-04-02T10:43:43.579+0000] {processor.py:153} INFO - Started process (PID=4868) to work on /home/airflow/.local/lib/python3.7/site-packages/airflow/example_dags/example_dynamic_task_mapping.py
[2023-04-02T10:43:43.591+0000] {processor.py:743} INFO - Processing file /home/airflow/.local/lib/python3.7/site-packages/airflow/example_dags/example_dynamic_task_mapping.py for tasks to queue
[2023-04-02T10:43:43.599+0000] {logging_mixin.py:137} INFO - [2023-04-02T10:43:43.598+0000] {dagbag.py:532} INFO - Filling up the DagBag from /home/airflow/.local/lib/python3.7/site-packages/airflow/example_dags/example_dynamic_task_mapping.py
[2023-04-02T10:43:43.664+0000] {processor.py:753} INFO - DAG(s) dict_keys(['example_dynamic_task_mapping']) retrieved from /home/airflow/.local/lib/python3.7/site-packages/airflow/example_dags/example_dynamic_task_mapping.py
[2023-04-02T10:43:43.727+0000] {logging_mixin.py:137} INFO - [2023-04-02T10:43:43.727+0000] {dag.py:2705} INFO - Sync 1 DAGs
[2023-04-02T10:43:43.787+0000] {logging_mixin.py:137} INFO - [2023-04-02T10:43:43.787+0000] {dag.py:3456} INFO - Setting next_dagrun for example_dynamic_task_mapping to 2022-03-04T00:00:00+00:00, run_after=2022-03-05T00:00:00+00:00
[2023-04-02T10:43:43.828+0000] {processor.py:175} INFO - Processing /home/airflow/.local/lib/python3.7/site-packages/airflow/example_dags/example_dynamic_task_mapping.py took 0.275 seconds
[2023-04-02T10:44:14.113+0000] {processor.py:153} INFO - Started process (PID=5086) to work on /home/airflow/.local/lib/python3.7/site-packages/airflow/example_dags/example_dynamic_task_mapping.py
[2023-04-02T10:44:14.116+0000] {processor.py:743} INFO - Processing file /home/airflow/.local/lib/python3.7/site-packages/airflow/example_dags/example_dynamic_task_mapping.py for tasks to queue
[2023-04-02T10:44:14.119+0000] {logging_mixin.py:137} INFO - [2023-04-02T10:44:14.119+0000] {dagbag.py:532} INFO - Filling up the DagBag from /home/airflow/.local/lib/python3.7/site-packages/airflow/example_dags/example_dynamic_task_mapping.py
[2023-04-02T10:44:14.171+0000] {processor.py:753} INFO - DAG(s) dict_keys(['example_dynamic_task_mapping']) retrieved from /home/airflow/.local/lib/python3.7/site-packages/airflow/example_dags/example_dynamic_task_mapping.py
[2023-04-02T10:44:14.238+0000] {logging_mixin.py:137} INFO - [2023-04-02T10:44:14.238+0000] {dag.py:2705} INFO - Sync 1 DAGs
[2023-04-02T10:44:14.304+0000] {logging_mixin.py:137} INFO - [2023-04-02T10:44:14.304+0000] {dag.py:3456} INFO - Setting next_dagrun for example_dynamic_task_mapping to 2022-03-04T00:00:00+00:00, run_after=2022-03-05T00:00:00+00:00
[2023-04-02T10:44:14.341+0000] {processor.py:175} INFO - Processing /home/airflow/.local/lib/python3.7/site-packages/airflow/example_dags/example_dynamic_task_mapping.py took 0.238 seconds
[2023-04-02T10:44:44.415+0000] {processor.py:153} INFO - Started process (PID=5302) to work on /home/airflow/.local/lib/python3.7/site-packages/airflow/example_dags/example_dynamic_task_mapping.py
[2023-04-02T10:44:44.419+0000] {processor.py:743} INFO - Processing file /home/airflow/.local/lib/python3.7/site-packages/airflow/example_dags/example_dynamic_task_mapping.py for tasks to queue
[2023-04-02T10:44:44.428+0000] {logging_mixin.py:137} INFO - [2023-04-02T10:44:44.428+0000] {dagbag.py:532} INFO - Filling up the DagBag from /home/airflow/.local/lib/python3.7/site-packages/airflow/example_dags/example_dynamic_task_mapping.py
[2023-04-02T10:44:44.487+0000] {processor.py:753} INFO - DAG(s) dict_keys(['example_dynamic_task_mapping']) retrieved from /home/airflow/.local/lib/python3.7/site-packages/airflow/example_dags/example_dynamic_task_mapping.py
[2023-04-02T10:44:44.569+0000] {logging_mixin.py:137} INFO - [2023-04-02T10:44:44.569+0000] {dag.py:2705} INFO - Sync 1 DAGs
[2023-04-02T10:44:44.624+0000] {logging_mixin.py:137} INFO - [2023-04-02T10:44:44.623+0000] {dag.py:3456} INFO - Setting next_dagrun for example_dynamic_task_mapping to 2022-03-04T00:00:00+00:00, run_after=2022-03-05T00:00:00+00:00
[2023-04-02T10:44:44.654+0000] {processor.py:175} INFO - Processing /home/airflow/.local/lib/python3.7/site-packages/airflow/example_dags/example_dynamic_task_mapping.py took 0.249 seconds
[2023-04-02T10:45:15.476+0000] {processor.py:153} INFO - Started process (PID=5520) to work on /home/airflow/.local/lib/python3.7/site-packages/airflow/example_dags/example_dynamic_task_mapping.py
[2023-04-02T10:45:15.478+0000] {processor.py:743} INFO - Processing file /home/airflow/.local/lib/python3.7/site-packages/airflow/example_dags/example_dynamic_task_mapping.py for tasks to queue
[2023-04-02T10:45:15.480+0000] {logging_mixin.py:137} INFO - [2023-04-02T10:45:15.480+0000] {dagbag.py:532} INFO - Filling up the DagBag from /home/airflow/.local/lib/python3.7/site-packages/airflow/example_dags/example_dynamic_task_mapping.py
[2023-04-02T10:45:15.528+0000] {processor.py:753} INFO - DAG(s) dict_keys(['example_dynamic_task_mapping']) retrieved from /home/airflow/.local/lib/python3.7/site-packages/airflow/example_dags/example_dynamic_task_mapping.py
[2023-04-02T10:45:15.568+0000] {logging_mixin.py:137} INFO - [2023-04-02T10:45:15.568+0000] {dag.py:2705} INFO - Sync 1 DAGs
[2023-04-02T10:45:15.621+0000] {logging_mixin.py:137} INFO - [2023-04-02T10:45:15.621+0000] {dag.py:3456} INFO - Setting next_dagrun for example_dynamic_task_mapping to 2022-03-04T00:00:00+00:00, run_after=2022-03-05T00:00:00+00:00
[2023-04-02T10:45:15.663+0000] {processor.py:175} INFO - Processing /home/airflow/.local/lib/python3.7/site-packages/airflow/example_dags/example_dynamic_task_mapping.py took 0.193 seconds
[2023-04-02T10:45:46.057+0000] {processor.py:153} INFO - Started process (PID=5738) to work on /home/airflow/.local/lib/python3.7/site-packages/airflow/example_dags/example_dynamic_task_mapping.py
[2023-04-02T10:45:46.059+0000] {processor.py:743} INFO - Processing file /home/airflow/.local/lib/python3.7/site-packages/airflow/example_dags/example_dynamic_task_mapping.py for tasks to queue
[2023-04-02T10:45:46.062+0000] {logging_mixin.py:137} INFO - [2023-04-02T10:45:46.061+0000] {dagbag.py:532} INFO - Filling up the DagBag from /home/airflow/.local/lib/python3.7/site-packages/airflow/example_dags/example_dynamic_task_mapping.py
[2023-04-02T10:45:46.108+0000] {processor.py:753} INFO - DAG(s) dict_keys(['example_dynamic_task_mapping']) retrieved from /home/airflow/.local/lib/python3.7/site-packages/airflow/example_dags/example_dynamic_task_mapping.py
[2023-04-02T10:45:46.182+0000] {logging_mixin.py:137} INFO - [2023-04-02T10:45:46.182+0000] {dag.py:2705} INFO - Sync 1 DAGs
[2023-04-02T10:45:46.236+0000] {logging_mixin.py:137} INFO - [2023-04-02T10:45:46.235+0000] {dag.py:3456} INFO - Setting next_dagrun for example_dynamic_task_mapping to 2022-03-04T00:00:00+00:00, run_after=2022-03-05T00:00:00+00:00
[2023-04-02T10:45:46.272+0000] {processor.py:175} INFO - Processing /home/airflow/.local/lib/python3.7/site-packages/airflow/example_dags/example_dynamic_task_mapping.py took 0.222 seconds
[2023-04-02T10:46:16.866+0000] {processor.py:153} INFO - Started process (PID=5956) to work on /home/airflow/.local/lib/python3.7/site-packages/airflow/example_dags/example_dynamic_task_mapping.py
[2023-04-02T10:46:16.869+0000] {processor.py:743} INFO - Processing file /home/airflow/.local/lib/python3.7/site-packages/airflow/example_dags/example_dynamic_task_mapping.py for tasks to queue
[2023-04-02T10:46:16.874+0000] {logging_mixin.py:137} INFO - [2023-04-02T10:46:16.874+0000] {dagbag.py:532} INFO - Filling up the DagBag from /home/airflow/.local/lib/python3.7/site-packages/airflow/example_dags/example_dynamic_task_mapping.py
[2023-04-02T10:46:16.940+0000] {processor.py:753} INFO - DAG(s) dict_keys(['example_dynamic_task_mapping']) retrieved from /home/airflow/.local/lib/python3.7/site-packages/airflow/example_dags/example_dynamic_task_mapping.py
[2023-04-02T10:46:17.019+0000] {logging_mixin.py:137} INFO - [2023-04-02T10:46:17.019+0000] {dag.py:2705} INFO - Sync 1 DAGs
[2023-04-02T10:46:17.099+0000] {logging_mixin.py:137} INFO - [2023-04-02T10:46:17.098+0000] {dag.py:3456} INFO - Setting next_dagrun for example_dynamic_task_mapping to 2022-03-04T00:00:00+00:00, run_after=2022-03-05T00:00:00+00:00
[2023-04-02T10:46:17.154+0000] {processor.py:175} INFO - Processing /home/airflow/.local/lib/python3.7/site-packages/airflow/example_dags/example_dynamic_task_mapping.py took 0.296 seconds
[2023-04-02T10:46:47.748+0000] {processor.py:153} INFO - Started process (PID=6175) to work on /home/airflow/.local/lib/python3.7/site-packages/airflow/example_dags/example_dynamic_task_mapping.py
[2023-04-02T10:46:47.756+0000] {processor.py:743} INFO - Processing file /home/airflow/.local/lib/python3.7/site-packages/airflow/example_dags/example_dynamic_task_mapping.py for tasks to queue
[2023-04-02T10:46:47.762+0000] {logging_mixin.py:137} INFO - [2023-04-02T10:46:47.758+0000] {dagbag.py:532} INFO - Filling up the DagBag from /home/airflow/.local/lib/python3.7/site-packages/airflow/example_dags/example_dynamic_task_mapping.py
[2023-04-02T10:46:47.813+0000] {processor.py:753} INFO - DAG(s) dict_keys(['example_dynamic_task_mapping']) retrieved from /home/airflow/.local/lib/python3.7/site-packages/airflow/example_dags/example_dynamic_task_mapping.py
[2023-04-02T10:46:47.902+0000] {logging_mixin.py:137} INFO - [2023-04-02T10:46:47.901+0000] {dag.py:2705} INFO - Sync 1 DAGs
[2023-04-02T10:46:47.986+0000] {logging_mixin.py:137} INFO - [2023-04-02T10:46:47.986+0000] {dag.py:3456} INFO - Setting next_dagrun for example_dynamic_task_mapping to 2022-03-04T00:00:00+00:00, run_after=2022-03-05T00:00:00+00:00
[2023-04-02T10:46:48.047+0000] {processor.py:175} INFO - Processing /home/airflow/.local/lib/python3.7/site-packages/airflow/example_dags/example_dynamic_task_mapping.py took 0.304 seconds
[2023-04-02T10:47:18.180+0000] {processor.py:153} INFO - Started process (PID=6393) to work on /home/airflow/.local/lib/python3.7/site-packages/airflow/example_dags/example_dynamic_task_mapping.py
[2023-04-02T10:47:18.181+0000] {processor.py:743} INFO - Processing file /home/airflow/.local/lib/python3.7/site-packages/airflow/example_dags/example_dynamic_task_mapping.py for tasks to queue
[2023-04-02T10:47:18.185+0000] {logging_mixin.py:137} INFO - [2023-04-02T10:47:18.183+0000] {dagbag.py:532} INFO - Filling up the DagBag from /home/airflow/.local/lib/python3.7/site-packages/airflow/example_dags/example_dynamic_task_mapping.py
[2023-04-02T10:47:18.241+0000] {processor.py:753} INFO - DAG(s) dict_keys(['example_dynamic_task_mapping']) retrieved from /home/airflow/.local/lib/python3.7/site-packages/airflow/example_dags/example_dynamic_task_mapping.py
[2023-04-02T10:47:18.310+0000] {logging_mixin.py:137} INFO - [2023-04-02T10:47:18.309+0000] {dag.py:2705} INFO - Sync 1 DAGs
[2023-04-02T10:47:18.378+0000] {logging_mixin.py:137} INFO - [2023-04-02T10:47:18.378+0000] {dag.py:3456} INFO - Setting next_dagrun for example_dynamic_task_mapping to 2022-03-04T00:00:00+00:00, run_after=2022-03-05T00:00:00+00:00
[2023-04-02T10:47:18.417+0000] {processor.py:175} INFO - Processing /home/airflow/.local/lib/python3.7/site-packages/airflow/example_dags/example_dynamic_task_mapping.py took 0.242 seconds
[2023-04-02T10:47:49.011+0000] {processor.py:153} INFO - Started process (PID=6611) to work on /home/airflow/.local/lib/python3.7/site-packages/airflow/example_dags/example_dynamic_task_mapping.py
[2023-04-02T10:47:49.020+0000] {processor.py:743} INFO - Processing file /home/airflow/.local/lib/python3.7/site-packages/airflow/example_dags/example_dynamic_task_mapping.py for tasks to queue
[2023-04-02T10:47:49.022+0000] {logging_mixin.py:137} INFO - [2023-04-02T10:47:49.022+0000] {dagbag.py:532} INFO - Filling up the DagBag from /home/airflow/.local/lib/python3.7/site-packages/airflow/example_dags/example_dynamic_task_mapping.py
[2023-04-02T10:47:49.066+0000] {processor.py:753} INFO - DAG(s) dict_keys(['example_dynamic_task_mapping']) retrieved from /home/airflow/.local/lib/python3.7/site-packages/airflow/example_dags/example_dynamic_task_mapping.py
[2023-04-02T10:47:49.128+0000] {logging_mixin.py:137} INFO - [2023-04-02T10:47:49.127+0000] {dag.py:2705} INFO - Sync 1 DAGs
[2023-04-02T10:47:49.200+0000] {logging_mixin.py:137} INFO - [2023-04-02T10:47:49.199+0000] {dag.py:3456} INFO - Setting next_dagrun for example_dynamic_task_mapping to 2022-03-04T00:00:00+00:00, run_after=2022-03-05T00:00:00+00:00
[2023-04-02T10:47:49.249+0000] {processor.py:175} INFO - Processing /home/airflow/.local/lib/python3.7/site-packages/airflow/example_dags/example_dynamic_task_mapping.py took 0.246 seconds
[2023-04-02T10:48:20.046+0000] {processor.py:153} INFO - Started process (PID=6829) to work on /home/airflow/.local/lib/python3.7/site-packages/airflow/example_dags/example_dynamic_task_mapping.py
[2023-04-02T10:48:20.048+0000] {processor.py:743} INFO - Processing file /home/airflow/.local/lib/python3.7/site-packages/airflow/example_dags/example_dynamic_task_mapping.py for tasks to queue
[2023-04-02T10:48:20.052+0000] {logging_mixin.py:137} INFO - [2023-04-02T10:48:20.051+0000] {dagbag.py:532} INFO - Filling up the DagBag from /home/airflow/.local/lib/python3.7/site-packages/airflow/example_dags/example_dynamic_task_mapping.py
[2023-04-02T10:48:20.094+0000] {processor.py:753} INFO - DAG(s) dict_keys(['example_dynamic_task_mapping']) retrieved from /home/airflow/.local/lib/python3.7/site-packages/airflow/example_dags/example_dynamic_task_mapping.py
[2023-04-02T10:48:20.131+0000] {logging_mixin.py:137} INFO - [2023-04-02T10:48:20.131+0000] {dag.py:2705} INFO - Sync 1 DAGs
[2023-04-02T10:48:20.167+0000] {logging_mixin.py:137} INFO - [2023-04-02T10:48:20.166+0000] {dag.py:3456} INFO - Setting next_dagrun for example_dynamic_task_mapping to 2022-03-04T00:00:00+00:00, run_after=2022-03-05T00:00:00+00:00
[2023-04-02T10:48:20.201+0000] {processor.py:175} INFO - Processing /home/airflow/.local/lib/python3.7/site-packages/airflow/example_dags/example_dynamic_task_mapping.py took 0.160 seconds
[2023-04-02T10:48:50.651+0000] {processor.py:153} INFO - Started process (PID=7046) to work on /home/airflow/.local/lib/python3.7/site-packages/airflow/example_dags/example_dynamic_task_mapping.py
[2023-04-02T10:48:50.653+0000] {processor.py:743} INFO - Processing file /home/airflow/.local/lib/python3.7/site-packages/airflow/example_dags/example_dynamic_task_mapping.py for tasks to queue
[2023-04-02T10:48:50.655+0000] {logging_mixin.py:137} INFO - [2023-04-02T10:48:50.655+0000] {dagbag.py:532} INFO - Filling up the DagBag from /home/airflow/.local/lib/python3.7/site-packages/airflow/example_dags/example_dynamic_task_mapping.py
[2023-04-02T10:48:50.701+0000] {processor.py:753} INFO - DAG(s) dict_keys(['example_dynamic_task_mapping']) retrieved from /home/airflow/.local/lib/python3.7/site-packages/airflow/example_dags/example_dynamic_task_mapping.py
[2023-04-02T10:48:50.789+0000] {logging_mixin.py:137} INFO - [2023-04-02T10:48:50.789+0000] {dag.py:2705} INFO - Sync 1 DAGs
[2023-04-02T10:48:50.855+0000] {logging_mixin.py:137} INFO - [2023-04-02T10:48:50.855+0000] {dag.py:3456} INFO - Setting next_dagrun for example_dynamic_task_mapping to 2022-03-04T00:00:00+00:00, run_after=2022-03-05T00:00:00+00:00
[2023-04-02T10:48:50.902+0000] {processor.py:175} INFO - Processing /home/airflow/.local/lib/python3.7/site-packages/airflow/example_dags/example_dynamic_task_mapping.py took 0.259 seconds
[2023-04-02T10:49:21.202+0000] {processor.py:153} INFO - Started process (PID=7265) to work on /home/airflow/.local/lib/python3.7/site-packages/airflow/example_dags/example_dynamic_task_mapping.py
[2023-04-02T10:49:21.204+0000] {processor.py:743} INFO - Processing file /home/airflow/.local/lib/python3.7/site-packages/airflow/example_dags/example_dynamic_task_mapping.py for tasks to queue
[2023-04-02T10:49:21.206+0000] {logging_mixin.py:137} INFO - [2023-04-02T10:49:21.205+0000] {dagbag.py:532} INFO - Filling up the DagBag from /home/airflow/.local/lib/python3.7/site-packages/airflow/example_dags/example_dynamic_task_mapping.py
[2023-04-02T10:49:21.269+0000] {processor.py:753} INFO - DAG(s) dict_keys(['example_dynamic_task_mapping']) retrieved from /home/airflow/.local/lib/python3.7/site-packages/airflow/example_dags/example_dynamic_task_mapping.py
[2023-04-02T10:49:21.318+0000] {logging_mixin.py:137} INFO - [2023-04-02T10:49:21.318+0000] {dag.py:2705} INFO - Sync 1 DAGs
[2023-04-02T10:49:21.351+0000] {logging_mixin.py:137} INFO - [2023-04-02T10:49:21.351+0000] {dag.py:3456} INFO - Setting next_dagrun for example_dynamic_task_mapping to 2022-03-04T00:00:00+00:00, run_after=2022-03-05T00:00:00+00:00
[2023-04-02T10:49:21.381+0000] {processor.py:175} INFO - Processing /home/airflow/.local/lib/python3.7/site-packages/airflow/example_dags/example_dynamic_task_mapping.py took 0.187 seconds
[2023-04-02T10:49:51.756+0000] {processor.py:153} INFO - Started process (PID=7483) to work on /home/airflow/.local/lib/python3.7/site-packages/airflow/example_dags/example_dynamic_task_mapping.py
[2023-04-02T10:49:51.763+0000] {processor.py:743} INFO - Processing file /home/airflow/.local/lib/python3.7/site-packages/airflow/example_dags/example_dynamic_task_mapping.py for tasks to queue
[2023-04-02T10:49:51.766+0000] {logging_mixin.py:137} INFO - [2023-04-02T10:49:51.766+0000] {dagbag.py:532} INFO - Filling up the DagBag from /home/airflow/.local/lib/python3.7/site-packages/airflow/example_dags/example_dynamic_task_mapping.py
[2023-04-02T10:49:51.846+0000] {processor.py:753} INFO - DAG(s) dict_keys(['example_dynamic_task_mapping']) retrieved from /home/airflow/.local/lib/python3.7/site-packages/airflow/example_dags/example_dynamic_task_mapping.py
[2023-04-02T10:49:51.942+0000] {logging_mixin.py:137} INFO - [2023-04-02T10:49:51.942+0000] {dag.py:2705} INFO - Sync 1 DAGs
[2023-04-02T10:49:52.033+0000] {logging_mixin.py:137} INFO - [2023-04-02T10:49:52.032+0000] {dag.py:3456} INFO - Setting next_dagrun for example_dynamic_task_mapping to 2022-03-04T00:00:00+00:00, run_after=2022-03-05T00:00:00+00:00
[2023-04-02T10:49:52.072+0000] {processor.py:175} INFO - Processing /home/airflow/.local/lib/python3.7/site-packages/airflow/example_dags/example_dynamic_task_mapping.py took 0.322 seconds
[2023-04-02T10:50:22.273+0000] {processor.py:153} INFO - Started process (PID=7701) to work on /home/airflow/.local/lib/python3.7/site-packages/airflow/example_dags/example_dynamic_task_mapping.py
[2023-04-02T10:50:22.283+0000] {processor.py:743} INFO - Processing file /home/airflow/.local/lib/python3.7/site-packages/airflow/example_dags/example_dynamic_task_mapping.py for tasks to queue
[2023-04-02T10:50:22.291+0000] {logging_mixin.py:137} INFO - [2023-04-02T10:50:22.290+0000] {dagbag.py:532} INFO - Filling up the DagBag from /home/airflow/.local/lib/python3.7/site-packages/airflow/example_dags/example_dynamic_task_mapping.py
[2023-04-02T10:50:22.384+0000] {processor.py:753} INFO - DAG(s) dict_keys(['example_dynamic_task_mapping']) retrieved from /home/airflow/.local/lib/python3.7/site-packages/airflow/example_dags/example_dynamic_task_mapping.py
[2023-04-02T10:50:22.438+0000] {logging_mixin.py:137} INFO - [2023-04-02T10:50:22.438+0000] {dag.py:2705} INFO - Sync 1 DAGs
[2023-04-02T10:50:22.485+0000] {logging_mixin.py:137} INFO - [2023-04-02T10:50:22.485+0000] {dag.py:3456} INFO - Setting next_dagrun for example_dynamic_task_mapping to 2022-03-04T00:00:00+00:00, run_after=2022-03-05T00:00:00+00:00
[2023-04-02T10:50:22.518+0000] {processor.py:175} INFO - Processing /home/airflow/.local/lib/python3.7/site-packages/airflow/example_dags/example_dynamic_task_mapping.py took 0.259 seconds
[2023-04-02T10:50:52.707+0000] {processor.py:153} INFO - Started process (PID=7918) to work on /home/airflow/.local/lib/python3.7/site-packages/airflow/example_dags/example_dynamic_task_mapping.py
[2023-04-02T10:50:52.709+0000] {processor.py:743} INFO - Processing file /home/airflow/.local/lib/python3.7/site-packages/airflow/example_dags/example_dynamic_task_mapping.py for tasks to queue
[2023-04-02T10:50:52.712+0000] {logging_mixin.py:137} INFO - [2023-04-02T10:50:52.712+0000] {dagbag.py:532} INFO - Filling up the DagBag from /home/airflow/.local/lib/python3.7/site-packages/airflow/example_dags/example_dynamic_task_mapping.py
[2023-04-02T10:50:52.746+0000] {processor.py:753} INFO - DAG(s) dict_keys(['example_dynamic_task_mapping']) retrieved from /home/airflow/.local/lib/python3.7/site-packages/airflow/example_dags/example_dynamic_task_mapping.py
[2023-04-02T10:50:52.793+0000] {logging_mixin.py:137} INFO - [2023-04-02T10:50:52.793+0000] {dag.py:2705} INFO - Sync 1 DAGs
[2023-04-02T10:50:52.832+0000] {logging_mixin.py:137} INFO - [2023-04-02T10:50:52.832+0000] {dag.py:3456} INFO - Setting next_dagrun for example_dynamic_task_mapping to 2022-03-04T00:00:00+00:00, run_after=2022-03-05T00:00:00+00:00
[2023-04-02T10:50:52.863+0000] {processor.py:175} INFO - Processing /home/airflow/.local/lib/python3.7/site-packages/airflow/example_dags/example_dynamic_task_mapping.py took 0.163 seconds
[2023-04-02T10:51:23.861+0000] {processor.py:153} INFO - Started process (PID=8138) to work on /home/airflow/.local/lib/python3.7/site-packages/airflow/example_dags/example_dynamic_task_mapping.py
[2023-04-02T10:51:23.863+0000] {processor.py:743} INFO - Processing file /home/airflow/.local/lib/python3.7/site-packages/airflow/example_dags/example_dynamic_task_mapping.py for tasks to queue
[2023-04-02T10:51:23.866+0000] {logging_mixin.py:137} INFO - [2023-04-02T10:51:23.865+0000] {dagbag.py:532} INFO - Filling up the DagBag from /home/airflow/.local/lib/python3.7/site-packages/airflow/example_dags/example_dynamic_task_mapping.py
[2023-04-02T10:51:23.902+0000] {processor.py:753} INFO - DAG(s) dict_keys(['example_dynamic_task_mapping']) retrieved from /home/airflow/.local/lib/python3.7/site-packages/airflow/example_dags/example_dynamic_task_mapping.py
[2023-04-02T10:51:23.934+0000] {logging_mixin.py:137} INFO - [2023-04-02T10:51:23.934+0000] {dag.py:2705} INFO - Sync 1 DAGs
[2023-04-02T10:51:23.969+0000] {logging_mixin.py:137} INFO - [2023-04-02T10:51:23.969+0000] {dag.py:3456} INFO - Setting next_dagrun for example_dynamic_task_mapping to 2022-03-04T00:00:00+00:00, run_after=2022-03-05T00:00:00+00:00
[2023-04-02T10:51:23.997+0000] {processor.py:175} INFO - Processing /home/airflow/.local/lib/python3.7/site-packages/airflow/example_dags/example_dynamic_task_mapping.py took 0.140 seconds
[2023-04-02T10:51:54.234+0000] {processor.py:153} INFO - Started process (PID=8354) to work on /home/airflow/.local/lib/python3.7/site-packages/airflow/example_dags/example_dynamic_task_mapping.py
[2023-04-02T10:51:54.236+0000] {processor.py:743} INFO - Processing file /home/airflow/.local/lib/python3.7/site-packages/airflow/example_dags/example_dynamic_task_mapping.py for tasks to queue
[2023-04-02T10:51:54.238+0000] {logging_mixin.py:137} INFO - [2023-04-02T10:51:54.238+0000] {dagbag.py:532} INFO - Filling up the DagBag from /home/airflow/.local/lib/python3.7/site-packages/airflow/example_dags/example_dynamic_task_mapping.py
[2023-04-02T10:51:54.274+0000] {processor.py:753} INFO - DAG(s) dict_keys(['example_dynamic_task_mapping']) retrieved from /home/airflow/.local/lib/python3.7/site-packages/airflow/example_dags/example_dynamic_task_mapping.py
[2023-04-02T10:51:54.313+0000] {logging_mixin.py:137} INFO - [2023-04-02T10:51:54.312+0000] {dag.py:2705} INFO - Sync 1 DAGs
[2023-04-02T10:51:54.363+0000] {logging_mixin.py:137} INFO - [2023-04-02T10:51:54.362+0000] {dag.py:3456} INFO - Setting next_dagrun for example_dynamic_task_mapping to 2022-03-04T00:00:00+00:00, run_after=2022-03-05T00:00:00+00:00
[2023-04-02T10:51:54.399+0000] {processor.py:175} INFO - Processing /home/airflow/.local/lib/python3.7/site-packages/airflow/example_dags/example_dynamic_task_mapping.py took 0.170 seconds
[2023-04-02T10:52:24.760+0000] {processor.py:153} INFO - Started process (PID=8572) to work on /home/airflow/.local/lib/python3.7/site-packages/airflow/example_dags/example_dynamic_task_mapping.py
[2023-04-02T10:52:24.763+0000] {processor.py:743} INFO - Processing file /home/airflow/.local/lib/python3.7/site-packages/airflow/example_dags/example_dynamic_task_mapping.py for tasks to queue
[2023-04-02T10:52:24.765+0000] {logging_mixin.py:137} INFO - [2023-04-02T10:52:24.765+0000] {dagbag.py:532} INFO - Filling up the DagBag from /home/airflow/.local/lib/python3.7/site-packages/airflow/example_dags/example_dynamic_task_mapping.py
[2023-04-02T10:52:24.813+0000] {processor.py:753} INFO - DAG(s) dict_keys(['example_dynamic_task_mapping']) retrieved from /home/airflow/.local/lib/python3.7/site-packages/airflow/example_dags/example_dynamic_task_mapping.py
[2023-04-02T10:52:24.865+0000] {logging_mixin.py:137} INFO - [2023-04-02T10:52:24.864+0000] {dag.py:2705} INFO - Sync 1 DAGs
[2023-04-02T10:52:24.923+0000] {logging_mixin.py:137} INFO - [2023-04-02T10:52:24.923+0000] {dag.py:3456} INFO - Setting next_dagrun for example_dynamic_task_mapping to 2022-03-04T00:00:00+00:00, run_after=2022-03-05T00:00:00+00:00
[2023-04-02T10:52:24.958+0000] {processor.py:175} INFO - Processing /home/airflow/.local/lib/python3.7/site-packages/airflow/example_dags/example_dynamic_task_mapping.py took 0.206 seconds
[2023-04-02T10:52:55.565+0000] {processor.py:153} INFO - Started process (PID=8791) to work on /home/airflow/.local/lib/python3.7/site-packages/airflow/example_dags/example_dynamic_task_mapping.py
[2023-04-02T10:52:55.567+0000] {processor.py:743} INFO - Processing file /home/airflow/.local/lib/python3.7/site-packages/airflow/example_dags/example_dynamic_task_mapping.py for tasks to queue
[2023-04-02T10:52:55.569+0000] {logging_mixin.py:137} INFO - [2023-04-02T10:52:55.569+0000] {dagbag.py:532} INFO - Filling up the DagBag from /home/airflow/.local/lib/python3.7/site-packages/airflow/example_dags/example_dynamic_task_mapping.py
[2023-04-02T10:52:55.616+0000] {processor.py:753} INFO - DAG(s) dict_keys(['example_dynamic_task_mapping']) retrieved from /home/airflow/.local/lib/python3.7/site-packages/airflow/example_dags/example_dynamic_task_mapping.py
[2023-04-02T10:52:55.702+0000] {logging_mixin.py:137} INFO - [2023-04-02T10:52:55.702+0000] {dag.py:2705} INFO - Sync 1 DAGs
[2023-04-02T10:52:55.749+0000] {logging_mixin.py:137} INFO - [2023-04-02T10:52:55.749+0000] {dag.py:3456} INFO - Setting next_dagrun for example_dynamic_task_mapping to 2022-03-04T00:00:00+00:00, run_after=2022-03-05T00:00:00+00:00
[2023-04-02T10:52:55.814+0000] {processor.py:175} INFO - Processing /home/airflow/.local/lib/python3.7/site-packages/airflow/example_dags/example_dynamic_task_mapping.py took 0.254 seconds
[2023-04-02T10:53:26.285+0000] {processor.py:153} INFO - Started process (PID=9009) to work on /home/airflow/.local/lib/python3.7/site-packages/airflow/example_dags/example_dynamic_task_mapping.py
[2023-04-02T10:53:26.287+0000] {processor.py:743} INFO - Processing file /home/airflow/.local/lib/python3.7/site-packages/airflow/example_dags/example_dynamic_task_mapping.py for tasks to queue
[2023-04-02T10:53:26.290+0000] {logging_mixin.py:137} INFO - [2023-04-02T10:53:26.290+0000] {dagbag.py:532} INFO - Filling up the DagBag from /home/airflow/.local/lib/python3.7/site-packages/airflow/example_dags/example_dynamic_task_mapping.py
[2023-04-02T10:53:26.337+0000] {processor.py:753} INFO - DAG(s) dict_keys(['example_dynamic_task_mapping']) retrieved from /home/airflow/.local/lib/python3.7/site-packages/airflow/example_dags/example_dynamic_task_mapping.py
[2023-04-02T10:53:26.389+0000] {logging_mixin.py:137} INFO - [2023-04-02T10:53:26.389+0000] {dag.py:2705} INFO - Sync 1 DAGs
[2023-04-02T10:53:26.448+0000] {logging_mixin.py:137} INFO - [2023-04-02T10:53:26.448+0000] {dag.py:3456} INFO - Setting next_dagrun for example_dynamic_task_mapping to 2022-03-04T00:00:00+00:00, run_after=2022-03-05T00:00:00+00:00
[2023-04-02T10:53:26.479+0000] {processor.py:175} INFO - Processing /home/airflow/.local/lib/python3.7/site-packages/airflow/example_dags/example_dynamic_task_mapping.py took 0.201 seconds
[2023-04-02T10:53:56.671+0000] {processor.py:153} INFO - Started process (PID=9227) to work on /home/airflow/.local/lib/python3.7/site-packages/airflow/example_dags/example_dynamic_task_mapping.py
[2023-04-02T10:53:56.674+0000] {processor.py:743} INFO - Processing file /home/airflow/.local/lib/python3.7/site-packages/airflow/example_dags/example_dynamic_task_mapping.py for tasks to queue
[2023-04-02T10:53:56.677+0000] {logging_mixin.py:137} INFO - [2023-04-02T10:53:56.676+0000] {dagbag.py:532} INFO - Filling up the DagBag from /home/airflow/.local/lib/python3.7/site-packages/airflow/example_dags/example_dynamic_task_mapping.py
[2023-04-02T10:53:56.722+0000] {processor.py:753} INFO - DAG(s) dict_keys(['example_dynamic_task_mapping']) retrieved from /home/airflow/.local/lib/python3.7/site-packages/airflow/example_dags/example_dynamic_task_mapping.py
[2023-04-02T10:53:56.770+0000] {logging_mixin.py:137} INFO - [2023-04-02T10:53:56.770+0000] {dag.py:2705} INFO - Sync 1 DAGs
[2023-04-02T10:53:56.808+0000] {logging_mixin.py:137} INFO - [2023-04-02T10:53:56.808+0000] {dag.py:3456} INFO - Setting next_dagrun for example_dynamic_task_mapping to 2022-03-04T00:00:00+00:00, run_after=2022-03-05T00:00:00+00:00
[2023-04-02T10:53:56.838+0000] {processor.py:175} INFO - Processing /home/airflow/.local/lib/python3.7/site-packages/airflow/example_dags/example_dynamic_task_mapping.py took 0.174 seconds
[2023-04-02T10:54:27.926+0000] {processor.py:153} INFO - Started process (PID=9445) to work on /home/airflow/.local/lib/python3.7/site-packages/airflow/example_dags/example_dynamic_task_mapping.py
[2023-04-02T10:54:27.931+0000] {processor.py:743} INFO - Processing file /home/airflow/.local/lib/python3.7/site-packages/airflow/example_dags/example_dynamic_task_mapping.py for tasks to queue
[2023-04-02T10:54:27.937+0000] {logging_mixin.py:137} INFO - [2023-04-02T10:54:27.936+0000] {dagbag.py:532} INFO - Filling up the DagBag from /home/airflow/.local/lib/python3.7/site-packages/airflow/example_dags/example_dynamic_task_mapping.py
[2023-04-02T10:54:27.995+0000] {processor.py:753} INFO - DAG(s) dict_keys(['example_dynamic_task_mapping']) retrieved from /home/airflow/.local/lib/python3.7/site-packages/airflow/example_dags/example_dynamic_task_mapping.py
[2023-04-02T10:54:28.054+0000] {logging_mixin.py:137} INFO - [2023-04-02T10:54:28.053+0000] {dag.py:2705} INFO - Sync 1 DAGs
[2023-04-02T10:54:28.153+0000] {logging_mixin.py:137} INFO - [2023-04-02T10:54:28.152+0000] {dag.py:3456} INFO - Setting next_dagrun for example_dynamic_task_mapping to 2022-03-04T00:00:00+00:00, run_after=2022-03-05T00:00:00+00:00
[2023-04-02T10:54:28.255+0000] {processor.py:175} INFO - Processing /home/airflow/.local/lib/python3.7/site-packages/airflow/example_dags/example_dynamic_task_mapping.py took 0.337 seconds
[2023-04-02T10:54:58.336+0000] {processor.py:153} INFO - Started process (PID=9663) to work on /home/airflow/.local/lib/python3.7/site-packages/airflow/example_dags/example_dynamic_task_mapping.py
[2023-04-02T10:54:58.338+0000] {processor.py:743} INFO - Processing file /home/airflow/.local/lib/python3.7/site-packages/airflow/example_dags/example_dynamic_task_mapping.py for tasks to queue
[2023-04-02T10:54:58.343+0000] {logging_mixin.py:137} INFO - [2023-04-02T10:54:58.342+0000] {dagbag.py:532} INFO - Filling up the DagBag from /home/airflow/.local/lib/python3.7/site-packages/airflow/example_dags/example_dynamic_task_mapping.py
[2023-04-02T10:54:58.401+0000] {processor.py:753} INFO - DAG(s) dict_keys(['example_dynamic_task_mapping']) retrieved from /home/airflow/.local/lib/python3.7/site-packages/airflow/example_dags/example_dynamic_task_mapping.py
[2023-04-02T10:54:58.468+0000] {logging_mixin.py:137} INFO - [2023-04-02T10:54:58.468+0000] {dag.py:2705} INFO - Sync 1 DAGs
[2023-04-02T10:54:58.516+0000] {logging_mixin.py:137} INFO - [2023-04-02T10:54:58.516+0000] {dag.py:3456} INFO - Setting next_dagrun for example_dynamic_task_mapping to 2022-03-04T00:00:00+00:00, run_after=2022-03-05T00:00:00+00:00
[2023-04-02T10:54:58.569+0000] {processor.py:175} INFO - Processing /home/airflow/.local/lib/python3.7/site-packages/airflow/example_dags/example_dynamic_task_mapping.py took 0.240 seconds
[2023-04-02T10:55:28.924+0000] {processor.py:153} INFO - Started process (PID=9881) to work on /home/airflow/.local/lib/python3.7/site-packages/airflow/example_dags/example_dynamic_task_mapping.py
[2023-04-02T10:55:28.926+0000] {processor.py:743} INFO - Processing file /home/airflow/.local/lib/python3.7/site-packages/airflow/example_dags/example_dynamic_task_mapping.py for tasks to queue
[2023-04-02T10:55:28.930+0000] {logging_mixin.py:137} INFO - [2023-04-02T10:55:28.930+0000] {dagbag.py:532} INFO - Filling up the DagBag from /home/airflow/.local/lib/python3.7/site-packages/airflow/example_dags/example_dynamic_task_mapping.py
[2023-04-02T10:55:28.978+0000] {processor.py:753} INFO - DAG(s) dict_keys(['example_dynamic_task_mapping']) retrieved from /home/airflow/.local/lib/python3.7/site-packages/airflow/example_dags/example_dynamic_task_mapping.py
[2023-04-02T10:55:29.024+0000] {logging_mixin.py:137} INFO - [2023-04-02T10:55:29.024+0000] {dag.py:2705} INFO - Sync 1 DAGs
[2023-04-02T10:55:29.077+0000] {logging_mixin.py:137} INFO - [2023-04-02T10:55:29.076+0000] {dag.py:3456} INFO - Setting next_dagrun for example_dynamic_task_mapping to 2022-03-04T00:00:00+00:00, run_after=2022-03-05T00:00:00+00:00
[2023-04-02T10:55:29.111+0000] {processor.py:175} INFO - Processing /home/airflow/.local/lib/python3.7/site-packages/airflow/example_dags/example_dynamic_task_mapping.py took 0.193 seconds
[2023-04-02T10:55:59.755+0000] {processor.py:153} INFO - Started process (PID=10099) to work on /home/airflow/.local/lib/python3.7/site-packages/airflow/example_dags/example_dynamic_task_mapping.py
[2023-04-02T10:55:59.759+0000] {processor.py:743} INFO - Processing file /home/airflow/.local/lib/python3.7/site-packages/airflow/example_dags/example_dynamic_task_mapping.py for tasks to queue
[2023-04-02T10:55:59.764+0000] {logging_mixin.py:137} INFO - [2023-04-02T10:55:59.764+0000] {dagbag.py:532} INFO - Filling up the DagBag from /home/airflow/.local/lib/python3.7/site-packages/airflow/example_dags/example_dynamic_task_mapping.py
[2023-04-02T10:55:59.837+0000] {processor.py:753} INFO - DAG(s) dict_keys(['example_dynamic_task_mapping']) retrieved from /home/airflow/.local/lib/python3.7/site-packages/airflow/example_dags/example_dynamic_task_mapping.py
[2023-04-02T10:55:59.946+0000] {logging_mixin.py:137} INFO - [2023-04-02T10:55:59.945+0000] {dag.py:2705} INFO - Sync 1 DAGs
[2023-04-02T10:56:00.027+0000] {logging_mixin.py:137} INFO - [2023-04-02T10:56:00.027+0000] {dag.py:3456} INFO - Setting next_dagrun for example_dynamic_task_mapping to 2022-03-04T00:00:00+00:00, run_after=2022-03-05T00:00:00+00:00
[2023-04-02T10:56:00.095+0000] {processor.py:175} INFO - Processing /home/airflow/.local/lib/python3.7/site-packages/airflow/example_dags/example_dynamic_task_mapping.py took 0.352 seconds
[2023-04-02T10:56:30.313+0000] {processor.py:153} INFO - Started process (PID=10317) to work on /home/airflow/.local/lib/python3.7/site-packages/airflow/example_dags/example_dynamic_task_mapping.py
[2023-04-02T10:56:30.318+0000] {processor.py:743} INFO - Processing file /home/airflow/.local/lib/python3.7/site-packages/airflow/example_dags/example_dynamic_task_mapping.py for tasks to queue
[2023-04-02T10:56:30.332+0000] {logging_mixin.py:137} INFO - [2023-04-02T10:56:30.331+0000] {dagbag.py:532} INFO - Filling up the DagBag from /home/airflow/.local/lib/python3.7/site-packages/airflow/example_dags/example_dynamic_task_mapping.py
[2023-04-02T10:56:30.391+0000] {processor.py:753} INFO - DAG(s) dict_keys(['example_dynamic_task_mapping']) retrieved from /home/airflow/.local/lib/python3.7/site-packages/airflow/example_dags/example_dynamic_task_mapping.py
[2023-04-02T10:56:30.481+0000] {logging_mixin.py:137} INFO - [2023-04-02T10:56:30.481+0000] {dag.py:2705} INFO - Sync 1 DAGs
[2023-04-02T10:56:30.600+0000] {logging_mixin.py:137} INFO - [2023-04-02T10:56:30.600+0000] {dag.py:3456} INFO - Setting next_dagrun for example_dynamic_task_mapping to 2022-03-04T00:00:00+00:00, run_after=2022-03-05T00:00:00+00:00
[2023-04-02T10:56:30.656+0000] {processor.py:175} INFO - Processing /home/airflow/.local/lib/python3.7/site-packages/airflow/example_dags/example_dynamic_task_mapping.py took 0.361 seconds
[2023-04-02T10:57:01.778+0000] {processor.py:153} INFO - Started process (PID=10535) to work on /home/airflow/.local/lib/python3.7/site-packages/airflow/example_dags/example_dynamic_task_mapping.py
[2023-04-02T10:57:01.787+0000] {processor.py:743} INFO - Processing file /home/airflow/.local/lib/python3.7/site-packages/airflow/example_dags/example_dynamic_task_mapping.py for tasks to queue
[2023-04-02T10:57:01.788+0000] {logging_mixin.py:137} INFO - [2023-04-02T10:57:01.788+0000] {dagbag.py:532} INFO - Filling up the DagBag from /home/airflow/.local/lib/python3.7/site-packages/airflow/example_dags/example_dynamic_task_mapping.py
[2023-04-02T10:57:01.890+0000] {processor.py:753} INFO - DAG(s) dict_keys(['example_dynamic_task_mapping']) retrieved from /home/airflow/.local/lib/python3.7/site-packages/airflow/example_dags/example_dynamic_task_mapping.py
[2023-04-02T10:57:01.951+0000] {logging_mixin.py:137} INFO - [2023-04-02T10:57:01.951+0000] {dag.py:2705} INFO - Sync 1 DAGs
[2023-04-02T10:57:02.034+0000] {logging_mixin.py:137} INFO - [2023-04-02T10:57:02.034+0000] {dag.py:3456} INFO - Setting next_dagrun for example_dynamic_task_mapping to 2022-03-04T00:00:00+00:00, run_after=2022-03-05T00:00:00+00:00
[2023-04-02T10:57:02.080+0000] {processor.py:175} INFO - Processing /home/airflow/.local/lib/python3.7/site-packages/airflow/example_dags/example_dynamic_task_mapping.py took 0.312 seconds
[2023-04-02T10:57:32.667+0000] {processor.py:153} INFO - Started process (PID=10753) to work on /home/airflow/.local/lib/python3.7/site-packages/airflow/example_dags/example_dynamic_task_mapping.py
[2023-04-02T10:57:32.672+0000] {processor.py:743} INFO - Processing file /home/airflow/.local/lib/python3.7/site-packages/airflow/example_dags/example_dynamic_task_mapping.py for tasks to queue
[2023-04-02T10:57:32.674+0000] {logging_mixin.py:137} INFO - [2023-04-02T10:57:32.673+0000] {dagbag.py:532} INFO - Filling up the DagBag from /home/airflow/.local/lib/python3.7/site-packages/airflow/example_dags/example_dynamic_task_mapping.py
[2023-04-02T10:57:32.752+0000] {processor.py:753} INFO - DAG(s) dict_keys(['example_dynamic_task_mapping']) retrieved from /home/airflow/.local/lib/python3.7/site-packages/airflow/example_dags/example_dynamic_task_mapping.py
[2023-04-02T10:57:32.819+0000] {logging_mixin.py:137} INFO - [2023-04-02T10:57:32.819+0000] {dag.py:2705} INFO - Sync 1 DAGs
[2023-04-02T10:57:32.922+0000] {logging_mixin.py:137} INFO - [2023-04-02T10:57:32.922+0000] {dag.py:3456} INFO - Setting next_dagrun for example_dynamic_task_mapping to 2022-03-04T00:00:00+00:00, run_after=2022-03-05T00:00:00+00:00
[2023-04-02T10:57:33.006+0000] {processor.py:175} INFO - Processing /home/airflow/.local/lib/python3.7/site-packages/airflow/example_dags/example_dynamic_task_mapping.py took 0.347 seconds
[2023-04-02T10:58:03.900+0000] {processor.py:153} INFO - Started process (PID=10971) to work on /home/airflow/.local/lib/python3.7/site-packages/airflow/example_dags/example_dynamic_task_mapping.py
[2023-04-02T10:58:03.902+0000] {processor.py:743} INFO - Processing file /home/airflow/.local/lib/python3.7/site-packages/airflow/example_dags/example_dynamic_task_mapping.py for tasks to queue
[2023-04-02T10:58:03.905+0000] {logging_mixin.py:137} INFO - [2023-04-02T10:58:03.904+0000] {dagbag.py:532} INFO - Filling up the DagBag from /home/airflow/.local/lib/python3.7/site-packages/airflow/example_dags/example_dynamic_task_mapping.py
[2023-04-02T10:58:03.954+0000] {processor.py:753} INFO - DAG(s) dict_keys(['example_dynamic_task_mapping']) retrieved from /home/airflow/.local/lib/python3.7/site-packages/airflow/example_dags/example_dynamic_task_mapping.py
[2023-04-02T10:58:03.996+0000] {logging_mixin.py:137} INFO - [2023-04-02T10:58:03.996+0000] {dag.py:2705} INFO - Sync 1 DAGs
[2023-04-02T10:58:04.045+0000] {logging_mixin.py:137} INFO - [2023-04-02T10:58:04.044+0000] {dag.py:3456} INFO - Setting next_dagrun for example_dynamic_task_mapping to 2022-03-04T00:00:00+00:00, run_after=2022-03-05T00:00:00+00:00
[2023-04-02T10:58:04.078+0000] {processor.py:175} INFO - Processing /home/airflow/.local/lib/python3.7/site-packages/airflow/example_dags/example_dynamic_task_mapping.py took 0.188 seconds
[2023-04-02T10:58:34.351+0000] {processor.py:153} INFO - Started process (PID=11189) to work on /home/airflow/.local/lib/python3.7/site-packages/airflow/example_dags/example_dynamic_task_mapping.py
[2023-04-02T10:58:34.353+0000] {processor.py:743} INFO - Processing file /home/airflow/.local/lib/python3.7/site-packages/airflow/example_dags/example_dynamic_task_mapping.py for tasks to queue
[2023-04-02T10:58:34.356+0000] {logging_mixin.py:137} INFO - [2023-04-02T10:58:34.356+0000] {dagbag.py:532} INFO - Filling up the DagBag from /home/airflow/.local/lib/python3.7/site-packages/airflow/example_dags/example_dynamic_task_mapping.py
[2023-04-02T10:58:34.399+0000] {processor.py:753} INFO - DAG(s) dict_keys(['example_dynamic_task_mapping']) retrieved from /home/airflow/.local/lib/python3.7/site-packages/airflow/example_dags/example_dynamic_task_mapping.py
[2023-04-02T10:58:34.441+0000] {logging_mixin.py:137} INFO - [2023-04-02T10:58:34.441+0000] {dag.py:2705} INFO - Sync 1 DAGs
[2023-04-02T10:58:34.490+0000] {logging_mixin.py:137} INFO - [2023-04-02T10:58:34.489+0000] {dag.py:3456} INFO - Setting next_dagrun for example_dynamic_task_mapping to 2022-03-04T00:00:00+00:00, run_after=2022-03-05T00:00:00+00:00
[2023-04-02T10:58:34.532+0000] {processor.py:175} INFO - Processing /home/airflow/.local/lib/python3.7/site-packages/airflow/example_dags/example_dynamic_task_mapping.py took 0.184 seconds
[2023-04-02T10:59:04.885+0000] {processor.py:153} INFO - Started process (PID=11407) to work on /home/airflow/.local/lib/python3.7/site-packages/airflow/example_dags/example_dynamic_task_mapping.py
[2023-04-02T10:59:04.887+0000] {processor.py:743} INFO - Processing file /home/airflow/.local/lib/python3.7/site-packages/airflow/example_dags/example_dynamic_task_mapping.py for tasks to queue
[2023-04-02T10:59:04.889+0000] {logging_mixin.py:137} INFO - [2023-04-02T10:59:04.889+0000] {dagbag.py:532} INFO - Filling up the DagBag from /home/airflow/.local/lib/python3.7/site-packages/airflow/example_dags/example_dynamic_task_mapping.py
[2023-04-02T10:59:04.936+0000] {processor.py:753} INFO - DAG(s) dict_keys(['example_dynamic_task_mapping']) retrieved from /home/airflow/.local/lib/python3.7/site-packages/airflow/example_dags/example_dynamic_task_mapping.py
[2023-04-02T10:59:04.970+0000] {logging_mixin.py:137} INFO - [2023-04-02T10:59:04.970+0000] {dag.py:2705} INFO - Sync 1 DAGs
[2023-04-02T10:59:05.006+0000] {logging_mixin.py:137} INFO - [2023-04-02T10:59:05.006+0000] {dag.py:3456} INFO - Setting next_dagrun for example_dynamic_task_mapping to 2022-03-04T00:00:00+00:00, run_after=2022-03-05T00:00:00+00:00
[2023-04-02T10:59:05.040+0000] {processor.py:175} INFO - Processing /home/airflow/.local/lib/python3.7/site-packages/airflow/example_dags/example_dynamic_task_mapping.py took 0.159 seconds
[2023-04-02T10:59:35.972+0000] {processor.py:153} INFO - Started process (PID=11625) to work on /home/airflow/.local/lib/python3.7/site-packages/airflow/example_dags/example_dynamic_task_mapping.py
[2023-04-02T10:59:35.974+0000] {processor.py:743} INFO - Processing file /home/airflow/.local/lib/python3.7/site-packages/airflow/example_dags/example_dynamic_task_mapping.py for tasks to queue
[2023-04-02T10:59:35.979+0000] {logging_mixin.py:137} INFO - [2023-04-02T10:59:35.978+0000] {dagbag.py:532} INFO - Filling up the DagBag from /home/airflow/.local/lib/python3.7/site-packages/airflow/example_dags/example_dynamic_task_mapping.py
[2023-04-02T10:59:36.033+0000] {processor.py:753} INFO - DAG(s) dict_keys(['example_dynamic_task_mapping']) retrieved from /home/airflow/.local/lib/python3.7/site-packages/airflow/example_dags/example_dynamic_task_mapping.py
[2023-04-02T10:59:36.081+0000] {logging_mixin.py:137} INFO - [2023-04-02T10:59:36.081+0000] {dag.py:2705} INFO - Sync 1 DAGs
[2023-04-02T10:59:36.135+0000] {logging_mixin.py:137} INFO - [2023-04-02T10:59:36.135+0000] {dag.py:3456} INFO - Setting next_dagrun for example_dynamic_task_mapping to 2022-03-04T00:00:00+00:00, run_after=2022-03-05T00:00:00+00:00
[2023-04-02T10:59:36.177+0000] {processor.py:175} INFO - Processing /home/airflow/.local/lib/python3.7/site-packages/airflow/example_dags/example_dynamic_task_mapping.py took 0.214 seconds
[2023-04-02T11:00:06.415+0000] {processor.py:153} INFO - Started process (PID=11843) to work on /home/airflow/.local/lib/python3.7/site-packages/airflow/example_dags/example_dynamic_task_mapping.py
[2023-04-02T11:00:06.418+0000] {processor.py:743} INFO - Processing file /home/airflow/.local/lib/python3.7/site-packages/airflow/example_dags/example_dynamic_task_mapping.py for tasks to queue
[2023-04-02T11:00:06.421+0000] {logging_mixin.py:137} INFO - [2023-04-02T11:00:06.420+0000] {dagbag.py:532} INFO - Filling up the DagBag from /home/airflow/.local/lib/python3.7/site-packages/airflow/example_dags/example_dynamic_task_mapping.py
[2023-04-02T11:00:06.474+0000] {processor.py:753} INFO - DAG(s) dict_keys(['example_dynamic_task_mapping']) retrieved from /home/airflow/.local/lib/python3.7/site-packages/airflow/example_dags/example_dynamic_task_mapping.py
[2023-04-02T11:00:06.532+0000] {logging_mixin.py:137} INFO - [2023-04-02T11:00:06.532+0000] {dag.py:2705} INFO - Sync 1 DAGs
[2023-04-02T11:00:06.594+0000] {logging_mixin.py:137} INFO - [2023-04-02T11:00:06.593+0000] {dag.py:3456} INFO - Setting next_dagrun for example_dynamic_task_mapping to 2022-03-04T00:00:00+00:00, run_after=2022-03-05T00:00:00+00:00
[2023-04-02T11:00:06.645+0000] {processor.py:175} INFO - Processing /home/airflow/.local/lib/python3.7/site-packages/airflow/example_dags/example_dynamic_task_mapping.py took 0.236 seconds
[2023-04-02T11:00:36.880+0000] {processor.py:153} INFO - Started process (PID=12061) to work on /home/airflow/.local/lib/python3.7/site-packages/airflow/example_dags/example_dynamic_task_mapping.py
[2023-04-02T11:00:36.887+0000] {processor.py:743} INFO - Processing file /home/airflow/.local/lib/python3.7/site-packages/airflow/example_dags/example_dynamic_task_mapping.py for tasks to queue
[2023-04-02T11:00:36.890+0000] {logging_mixin.py:137} INFO - [2023-04-02T11:00:36.890+0000] {dagbag.py:532} INFO - Filling up the DagBag from /home/airflow/.local/lib/python3.7/site-packages/airflow/example_dags/example_dynamic_task_mapping.py
[2023-04-02T11:00:36.929+0000] {processor.py:753} INFO - DAG(s) dict_keys(['example_dynamic_task_mapping']) retrieved from /home/airflow/.local/lib/python3.7/site-packages/airflow/example_dags/example_dynamic_task_mapping.py
[2023-04-02T11:00:36.972+0000] {logging_mixin.py:137} INFO - [2023-04-02T11:00:36.972+0000] {dag.py:2705} INFO - Sync 1 DAGs
[2023-04-02T11:00:37.012+0000] {logging_mixin.py:137} INFO - [2023-04-02T11:00:37.012+0000] {dag.py:3456} INFO - Setting next_dagrun for example_dynamic_task_mapping to 2022-03-04T00:00:00+00:00, run_after=2022-03-05T00:00:00+00:00
[2023-04-02T11:00:37.050+0000] {processor.py:175} INFO - Processing /home/airflow/.local/lib/python3.7/site-packages/airflow/example_dags/example_dynamic_task_mapping.py took 0.173 seconds
[2023-04-02T11:01:07.325+0000] {processor.py:153} INFO - Started process (PID=12279) to work on /home/airflow/.local/lib/python3.7/site-packages/airflow/example_dags/example_dynamic_task_mapping.py
[2023-04-02T11:01:07.327+0000] {processor.py:743} INFO - Processing file /home/airflow/.local/lib/python3.7/site-packages/airflow/example_dags/example_dynamic_task_mapping.py for tasks to queue
[2023-04-02T11:01:07.330+0000] {logging_mixin.py:137} INFO - [2023-04-02T11:01:07.329+0000] {dagbag.py:532} INFO - Filling up the DagBag from /home/airflow/.local/lib/python3.7/site-packages/airflow/example_dags/example_dynamic_task_mapping.py
[2023-04-02T11:01:07.390+0000] {processor.py:753} INFO - DAG(s) dict_keys(['example_dynamic_task_mapping']) retrieved from /home/airflow/.local/lib/python3.7/site-packages/airflow/example_dags/example_dynamic_task_mapping.py
[2023-04-02T11:01:07.447+0000] {logging_mixin.py:137} INFO - [2023-04-02T11:01:07.447+0000] {dag.py:2705} INFO - Sync 1 DAGs
[2023-04-02T11:01:07.497+0000] {logging_mixin.py:137} INFO - [2023-04-02T11:01:07.497+0000] {dag.py:3456} INFO - Setting next_dagrun for example_dynamic_task_mapping to 2022-03-04T00:00:00+00:00, run_after=2022-03-05T00:00:00+00:00
[2023-04-02T11:01:07.585+0000] {processor.py:175} INFO - Processing /home/airflow/.local/lib/python3.7/site-packages/airflow/example_dags/example_dynamic_task_mapping.py took 0.267 seconds
[2023-04-02T11:01:38.701+0000] {processor.py:153} INFO - Started process (PID=12497) to work on /home/airflow/.local/lib/python3.7/site-packages/airflow/example_dags/example_dynamic_task_mapping.py
[2023-04-02T11:01:38.708+0000] {processor.py:743} INFO - Processing file /home/airflow/.local/lib/python3.7/site-packages/airflow/example_dags/example_dynamic_task_mapping.py for tasks to queue
[2023-04-02T11:01:38.714+0000] {logging_mixin.py:137} INFO - [2023-04-02T11:01:38.713+0000] {dagbag.py:532} INFO - Filling up the DagBag from /home/airflow/.local/lib/python3.7/site-packages/airflow/example_dags/example_dynamic_task_mapping.py
[2023-04-02T11:01:38.776+0000] {processor.py:753} INFO - DAG(s) dict_keys(['example_dynamic_task_mapping']) retrieved from /home/airflow/.local/lib/python3.7/site-packages/airflow/example_dags/example_dynamic_task_mapping.py
[2023-04-02T11:01:38.835+0000] {logging_mixin.py:137} INFO - [2023-04-02T11:01:38.835+0000] {dag.py:2705} INFO - Sync 1 DAGs
[2023-04-02T11:01:38.890+0000] {logging_mixin.py:137} INFO - [2023-04-02T11:01:38.889+0000] {dag.py:3456} INFO - Setting next_dagrun for example_dynamic_task_mapping to 2022-03-04T00:00:00+00:00, run_after=2022-03-05T00:00:00+00:00
[2023-04-02T11:01:38.932+0000] {processor.py:175} INFO - Processing /home/airflow/.local/lib/python3.7/site-packages/airflow/example_dags/example_dynamic_task_mapping.py took 0.249 seconds
[2023-04-02T11:02:09.160+0000] {processor.py:153} INFO - Started process (PID=12715) to work on /home/airflow/.local/lib/python3.7/site-packages/airflow/example_dags/example_dynamic_task_mapping.py
[2023-04-02T11:02:09.163+0000] {processor.py:743} INFO - Processing file /home/airflow/.local/lib/python3.7/site-packages/airflow/example_dags/example_dynamic_task_mapping.py for tasks to queue
[2023-04-02T11:02:09.167+0000] {logging_mixin.py:137} INFO - [2023-04-02T11:02:09.166+0000] {dagbag.py:532} INFO - Filling up the DagBag from /home/airflow/.local/lib/python3.7/site-packages/airflow/example_dags/example_dynamic_task_mapping.py
[2023-04-02T11:02:09.212+0000] {processor.py:753} INFO - DAG(s) dict_keys(['example_dynamic_task_mapping']) retrieved from /home/airflow/.local/lib/python3.7/site-packages/airflow/example_dags/example_dynamic_task_mapping.py
[2023-04-02T11:02:09.265+0000] {logging_mixin.py:137} INFO - [2023-04-02T11:02:09.265+0000] {dag.py:2705} INFO - Sync 1 DAGs
[2023-04-02T11:02:09.330+0000] {logging_mixin.py:137} INFO - [2023-04-02T11:02:09.330+0000] {dag.py:3456} INFO - Setting next_dagrun for example_dynamic_task_mapping to 2022-03-04T00:00:00+00:00, run_after=2022-03-05T00:00:00+00:00
[2023-04-02T11:02:09.366+0000] {processor.py:175} INFO - Processing /home/airflow/.local/lib/python3.7/site-packages/airflow/example_dags/example_dynamic_task_mapping.py took 0.223 seconds
[2023-04-02T11:02:39.963+0000] {processor.py:153} INFO - Started process (PID=12933) to work on /home/airflow/.local/lib/python3.7/site-packages/airflow/example_dags/example_dynamic_task_mapping.py
[2023-04-02T11:02:39.966+0000] {processor.py:743} INFO - Processing file /home/airflow/.local/lib/python3.7/site-packages/airflow/example_dags/example_dynamic_task_mapping.py for tasks to queue
[2023-04-02T11:02:39.968+0000] {logging_mixin.py:137} INFO - [2023-04-02T11:02:39.968+0000] {dagbag.py:532} INFO - Filling up the DagBag from /home/airflow/.local/lib/python3.7/site-packages/airflow/example_dags/example_dynamic_task_mapping.py
[2023-04-02T11:02:40.013+0000] {processor.py:753} INFO - DAG(s) dict_keys(['example_dynamic_task_mapping']) retrieved from /home/airflow/.local/lib/python3.7/site-packages/airflow/example_dags/example_dynamic_task_mapping.py
[2023-04-02T11:02:40.110+0000] {logging_mixin.py:137} INFO - [2023-04-02T11:02:40.110+0000] {dag.py:2705} INFO - Sync 1 DAGs
[2023-04-02T11:02:40.187+0000] {logging_mixin.py:137} INFO - [2023-04-02T11:02:40.186+0000] {dag.py:3456} INFO - Setting next_dagrun for example_dynamic_task_mapping to 2022-03-04T00:00:00+00:00, run_after=2022-03-05T00:00:00+00:00
[2023-04-02T11:02:40.220+0000] {processor.py:175} INFO - Processing /home/airflow/.local/lib/python3.7/site-packages/airflow/example_dags/example_dynamic_task_mapping.py took 0.265 seconds
[2023-04-02T11:03:10.279+0000] {processor.py:153} INFO - Started process (PID=13148) to work on /home/airflow/.local/lib/python3.7/site-packages/airflow/example_dags/example_dynamic_task_mapping.py
[2023-04-02T11:03:10.282+0000] {processor.py:743} INFO - Processing file /home/airflow/.local/lib/python3.7/site-packages/airflow/example_dags/example_dynamic_task_mapping.py for tasks to queue
[2023-04-02T11:03:10.284+0000] {logging_mixin.py:137} INFO - [2023-04-02T11:03:10.284+0000] {dagbag.py:532} INFO - Filling up the DagBag from /home/airflow/.local/lib/python3.7/site-packages/airflow/example_dags/example_dynamic_task_mapping.py
[2023-04-02T11:03:10.348+0000] {processor.py:753} INFO - DAG(s) dict_keys(['example_dynamic_task_mapping']) retrieved from /home/airflow/.local/lib/python3.7/site-packages/airflow/example_dags/example_dynamic_task_mapping.py
[2023-04-02T11:03:10.397+0000] {logging_mixin.py:137} INFO - [2023-04-02T11:03:10.397+0000] {dag.py:2705} INFO - Sync 1 DAGs
[2023-04-02T11:03:10.470+0000] {logging_mixin.py:137} INFO - [2023-04-02T11:03:10.469+0000] {dag.py:3456} INFO - Setting next_dagrun for example_dynamic_task_mapping to 2022-03-04T00:00:00+00:00, run_after=2022-03-05T00:00:00+00:00
[2023-04-02T11:03:10.546+0000] {processor.py:175} INFO - Processing /home/airflow/.local/lib/python3.7/site-packages/airflow/example_dags/example_dynamic_task_mapping.py took 0.276 seconds
[2023-04-02T11:03:40.880+0000] {processor.py:153} INFO - Started process (PID=13366) to work on /home/airflow/.local/lib/python3.7/site-packages/airflow/example_dags/example_dynamic_task_mapping.py
[2023-04-02T11:03:40.884+0000] {processor.py:743} INFO - Processing file /home/airflow/.local/lib/python3.7/site-packages/airflow/example_dags/example_dynamic_task_mapping.py for tasks to queue
[2023-04-02T11:03:40.888+0000] {logging_mixin.py:137} INFO - [2023-04-02T11:03:40.887+0000] {dagbag.py:532} INFO - Filling up the DagBag from /home/airflow/.local/lib/python3.7/site-packages/airflow/example_dags/example_dynamic_task_mapping.py
[2023-04-02T11:03:40.933+0000] {processor.py:753} INFO - DAG(s) dict_keys(['example_dynamic_task_mapping']) retrieved from /home/airflow/.local/lib/python3.7/site-packages/airflow/example_dags/example_dynamic_task_mapping.py
[2023-04-02T11:03:40.979+0000] {logging_mixin.py:137} INFO - [2023-04-02T11:03:40.978+0000] {dag.py:2705} INFO - Sync 1 DAGs
[2023-04-02T11:03:41.021+0000] {logging_mixin.py:137} INFO - [2023-04-02T11:03:41.021+0000] {dag.py:3456} INFO - Setting next_dagrun for example_dynamic_task_mapping to 2022-03-04T00:00:00+00:00, run_after=2022-03-05T00:00:00+00:00
[2023-04-02T11:03:41.066+0000] {processor.py:175} INFO - Processing /home/airflow/.local/lib/python3.7/site-packages/airflow/example_dags/example_dynamic_task_mapping.py took 0.197 seconds
[2023-04-02T11:04:11.216+0000] {processor.py:153} INFO - Started process (PID=13584) to work on /home/airflow/.local/lib/python3.7/site-packages/airflow/example_dags/example_dynamic_task_mapping.py
[2023-04-02T11:04:11.224+0000] {processor.py:743} INFO - Processing file /home/airflow/.local/lib/python3.7/site-packages/airflow/example_dags/example_dynamic_task_mapping.py for tasks to queue
[2023-04-02T11:04:11.230+0000] {logging_mixin.py:137} INFO - [2023-04-02T11:04:11.229+0000] {dagbag.py:532} INFO - Filling up the DagBag from /home/airflow/.local/lib/python3.7/site-packages/airflow/example_dags/example_dynamic_task_mapping.py
[2023-04-02T11:04:11.286+0000] {processor.py:753} INFO - DAG(s) dict_keys(['example_dynamic_task_mapping']) retrieved from /home/airflow/.local/lib/python3.7/site-packages/airflow/example_dags/example_dynamic_task_mapping.py
[2023-04-02T11:04:11.334+0000] {logging_mixin.py:137} INFO - [2023-04-02T11:04:11.334+0000] {dag.py:2705} INFO - Sync 1 DAGs
[2023-04-02T11:04:11.393+0000] {logging_mixin.py:137} INFO - [2023-04-02T11:04:11.392+0000] {dag.py:3456} INFO - Setting next_dagrun for example_dynamic_task_mapping to 2022-03-04T00:00:00+00:00, run_after=2022-03-05T00:00:00+00:00
[2023-04-02T11:04:11.454+0000] {processor.py:175} INFO - Processing /home/airflow/.local/lib/python3.7/site-packages/airflow/example_dags/example_dynamic_task_mapping.py took 0.253 seconds
[2023-04-02T11:04:41.989+0000] {processor.py:153} INFO - Started process (PID=13806) to work on /home/airflow/.local/lib/python3.7/site-packages/airflow/example_dags/example_dynamic_task_mapping.py
[2023-04-02T11:04:41.998+0000] {processor.py:743} INFO - Processing file /home/airflow/.local/lib/python3.7/site-packages/airflow/example_dags/example_dynamic_task_mapping.py for tasks to queue
[2023-04-02T11:04:42.002+0000] {logging_mixin.py:137} INFO - [2023-04-02T11:04:42.001+0000] {dagbag.py:532} INFO - Filling up the DagBag from /home/airflow/.local/lib/python3.7/site-packages/airflow/example_dags/example_dynamic_task_mapping.py
[2023-04-02T11:04:42.083+0000] {processor.py:753} INFO - DAG(s) dict_keys(['example_dynamic_task_mapping']) retrieved from /home/airflow/.local/lib/python3.7/site-packages/airflow/example_dags/example_dynamic_task_mapping.py
[2023-04-02T11:04:42.147+0000] {logging_mixin.py:137} INFO - [2023-04-02T11:04:42.147+0000] {dag.py:2705} INFO - Sync 1 DAGs
[2023-04-02T11:04:42.200+0000] {logging_mixin.py:137} INFO - [2023-04-02T11:04:42.200+0000] {dag.py:3456} INFO - Setting next_dagrun for example_dynamic_task_mapping to 2022-03-04T00:00:00+00:00, run_after=2022-03-05T00:00:00+00:00
[2023-04-02T11:04:42.247+0000] {processor.py:175} INFO - Processing /home/airflow/.local/lib/python3.7/site-packages/airflow/example_dags/example_dynamic_task_mapping.py took 0.266 seconds
[2023-04-02T11:05:12.809+0000] {processor.py:153} INFO - Started process (PID=14028) to work on /home/airflow/.local/lib/python3.7/site-packages/airflow/example_dags/example_dynamic_task_mapping.py
[2023-04-02T11:05:12.812+0000] {processor.py:743} INFO - Processing file /home/airflow/.local/lib/python3.7/site-packages/airflow/example_dags/example_dynamic_task_mapping.py for tasks to queue
[2023-04-02T11:05:12.815+0000] {logging_mixin.py:137} INFO - [2023-04-02T11:05:12.814+0000] {dagbag.py:532} INFO - Filling up the DagBag from /home/airflow/.local/lib/python3.7/site-packages/airflow/example_dags/example_dynamic_task_mapping.py
[2023-04-02T11:05:12.860+0000] {processor.py:753} INFO - DAG(s) dict_keys(['example_dynamic_task_mapping']) retrieved from /home/airflow/.local/lib/python3.7/site-packages/airflow/example_dags/example_dynamic_task_mapping.py
[2023-04-02T11:05:12.914+0000] {logging_mixin.py:137} INFO - [2023-04-02T11:05:12.914+0000] {dag.py:2705} INFO - Sync 1 DAGs
[2023-04-02T11:05:12.977+0000] {logging_mixin.py:137} INFO - [2023-04-02T11:05:12.977+0000] {dag.py:3456} INFO - Setting next_dagrun for example_dynamic_task_mapping to 2022-03-04T00:00:00+00:00, run_after=2022-03-05T00:00:00+00:00
[2023-04-02T11:05:13.028+0000] {processor.py:175} INFO - Processing /home/airflow/.local/lib/python3.7/site-packages/airflow/example_dags/example_dynamic_task_mapping.py took 0.228 seconds
[2023-04-02T11:05:43.603+0000] {processor.py:153} INFO - Started process (PID=14248) to work on /home/airflow/.local/lib/python3.7/site-packages/airflow/example_dags/example_dynamic_task_mapping.py
[2023-04-02T11:05:43.608+0000] {processor.py:743} INFO - Processing file /home/airflow/.local/lib/python3.7/site-packages/airflow/example_dags/example_dynamic_task_mapping.py for tasks to queue
[2023-04-02T11:05:43.613+0000] {logging_mixin.py:137} INFO - [2023-04-02T11:05:43.613+0000] {dagbag.py:532} INFO - Filling up the DagBag from /home/airflow/.local/lib/python3.7/site-packages/airflow/example_dags/example_dynamic_task_mapping.py
[2023-04-02T11:05:43.666+0000] {processor.py:753} INFO - DAG(s) dict_keys(['example_dynamic_task_mapping']) retrieved from /home/airflow/.local/lib/python3.7/site-packages/airflow/example_dags/example_dynamic_task_mapping.py
[2023-04-02T11:05:43.724+0000] {logging_mixin.py:137} INFO - [2023-04-02T11:05:43.723+0000] {dag.py:2705} INFO - Sync 1 DAGs
[2023-04-02T11:05:43.790+0000] {logging_mixin.py:137} INFO - [2023-04-02T11:05:43.790+0000] {dag.py:3456} INFO - Setting next_dagrun for example_dynamic_task_mapping to 2022-03-04T00:00:00+00:00, run_after=2022-03-05T00:00:00+00:00
[2023-04-02T11:05:43.836+0000] {processor.py:175} INFO - Processing /home/airflow/.local/lib/python3.7/site-packages/airflow/example_dags/example_dynamic_task_mapping.py took 0.255 seconds
[2023-04-02T11:06:14.236+0000] {processor.py:153} INFO - Started process (PID=14466) to work on /home/airflow/.local/lib/python3.7/site-packages/airflow/example_dags/example_dynamic_task_mapping.py
[2023-04-02T11:06:14.239+0000] {processor.py:743} INFO - Processing file /home/airflow/.local/lib/python3.7/site-packages/airflow/example_dags/example_dynamic_task_mapping.py for tasks to queue
[2023-04-02T11:06:14.249+0000] {logging_mixin.py:137} INFO - [2023-04-02T11:06:14.241+0000] {dagbag.py:532} INFO - Filling up the DagBag from /home/airflow/.local/lib/python3.7/site-packages/airflow/example_dags/example_dynamic_task_mapping.py
[2023-04-02T11:06:14.301+0000] {processor.py:753} INFO - DAG(s) dict_keys(['example_dynamic_task_mapping']) retrieved from /home/airflow/.local/lib/python3.7/site-packages/airflow/example_dags/example_dynamic_task_mapping.py
[2023-04-02T11:06:14.349+0000] {logging_mixin.py:137} INFO - [2023-04-02T11:06:14.349+0000] {dag.py:2705} INFO - Sync 1 DAGs
[2023-04-02T11:06:14.419+0000] {logging_mixin.py:137} INFO - [2023-04-02T11:06:14.419+0000] {dag.py:3456} INFO - Setting next_dagrun for example_dynamic_task_mapping to 2022-03-04T00:00:00+00:00, run_after=2022-03-05T00:00:00+00:00
[2023-04-02T11:06:14.459+0000] {processor.py:175} INFO - Processing /home/airflow/.local/lib/python3.7/site-packages/airflow/example_dags/example_dynamic_task_mapping.py took 0.234 seconds
[2023-04-02T11:06:44.653+0000] {processor.py:153} INFO - Started process (PID=14683) to work on /home/airflow/.local/lib/python3.7/site-packages/airflow/example_dags/example_dynamic_task_mapping.py
[2023-04-02T11:06:44.655+0000] {processor.py:743} INFO - Processing file /home/airflow/.local/lib/python3.7/site-packages/airflow/example_dags/example_dynamic_task_mapping.py for tasks to queue
[2023-04-02T11:06:44.658+0000] {logging_mixin.py:137} INFO - [2023-04-02T11:06:44.658+0000] {dagbag.py:532} INFO - Filling up the DagBag from /home/airflow/.local/lib/python3.7/site-packages/airflow/example_dags/example_dynamic_task_mapping.py
[2023-04-02T11:06:44.715+0000] {processor.py:753} INFO - DAG(s) dict_keys(['example_dynamic_task_mapping']) retrieved from /home/airflow/.local/lib/python3.7/site-packages/airflow/example_dags/example_dynamic_task_mapping.py
[2023-04-02T11:06:44.796+0000] {logging_mixin.py:137} INFO - [2023-04-02T11:06:44.795+0000] {dag.py:2705} INFO - Sync 1 DAGs
[2023-04-02T11:06:44.845+0000] {logging_mixin.py:137} INFO - [2023-04-02T11:06:44.844+0000] {dag.py:3456} INFO - Setting next_dagrun for example_dynamic_task_mapping to 2022-03-04T00:00:00+00:00, run_after=2022-03-05T00:00:00+00:00
[2023-04-02T11:06:44.893+0000] {processor.py:175} INFO - Processing /home/airflow/.local/lib/python3.7/site-packages/airflow/example_dags/example_dynamic_task_mapping.py took 0.257 seconds
