[2023-04-02T10:32:47.118+0000] {processor.py:153} INFO - Started process (PID=263) to work on /home/airflow/.local/lib/python3.7/site-packages/airflow/example_dags/example_branch_labels.py
[2023-04-02T10:32:47.119+0000] {processor.py:743} INFO - Processing file /home/airflow/.local/lib/python3.7/site-packages/airflow/example_dags/example_branch_labels.py for tasks to queue
[2023-04-02T10:32:47.122+0000] {logging_mixin.py:137} INFO - [2023-04-02T10:32:47.122+0000] {dagbag.py:532} INFO - Filling up the DagBag from /home/airflow/.local/lib/python3.7/site-packages/airflow/example_dags/example_branch_labels.py
[2023-04-02T10:32:47.156+0000] {processor.py:753} INFO - DAG(s) dict_keys(['example_branch_labels']) retrieved from /home/airflow/.local/lib/python3.7/site-packages/airflow/example_dags/example_branch_labels.py
[2023-04-02T10:32:47.192+0000] {logging_mixin.py:137} INFO - [2023-04-02T10:32:47.192+0000] {dag.py:2705} INFO - Sync 1 DAGs
[2023-04-02T10:32:47.230+0000] {logging_mixin.py:137} INFO - [2023-04-02T10:32:47.229+0000] {dag.py:3456} INFO - Setting next_dagrun for example_branch_labels to 2023-04-01T00:00:00+00:00, run_after=2023-04-02T00:00:00+00:00
[2023-04-02T10:32:47.271+0000] {processor.py:175} INFO - Processing /home/airflow/.local/lib/python3.7/site-packages/airflow/example_dags/example_branch_labels.py took 0.160 seconds
[2023-04-02T10:33:21.449+0000] {processor.py:153} INFO - Started process (PID=483) to work on /home/airflow/.local/lib/python3.7/site-packages/airflow/example_dags/example_branch_labels.py
[2023-04-02T10:33:21.450+0000] {processor.py:743} INFO - Processing file /home/airflow/.local/lib/python3.7/site-packages/airflow/example_dags/example_branch_labels.py for tasks to queue
[2023-04-02T10:33:21.453+0000] {logging_mixin.py:137} INFO - [2023-04-02T10:33:21.453+0000] {dagbag.py:532} INFO - Filling up the DagBag from /home/airflow/.local/lib/python3.7/site-packages/airflow/example_dags/example_branch_labels.py
[2023-04-02T10:33:21.473+0000] {processor.py:753} INFO - DAG(s) dict_keys(['example_branch_labels']) retrieved from /home/airflow/.local/lib/python3.7/site-packages/airflow/example_dags/example_branch_labels.py
[2023-04-02T10:33:21.496+0000] {logging_mixin.py:137} INFO - [2023-04-02T10:33:21.496+0000] {dag.py:2705} INFO - Sync 1 DAGs
[2023-04-02T10:33:21.540+0000] {logging_mixin.py:137} INFO - [2023-04-02T10:33:21.540+0000] {dag.py:3456} INFO - Setting next_dagrun for example_branch_labels to 2023-04-01T00:00:00+00:00, run_after=2023-04-02T00:00:00+00:00
[2023-04-02T10:33:21.566+0000] {processor.py:175} INFO - Processing /home/airflow/.local/lib/python3.7/site-packages/airflow/example_dags/example_branch_labels.py took 0.122 seconds
[2023-04-02T10:33:53.774+0000] {processor.py:153} INFO - Started process (PID=700) to work on /home/airflow/.local/lib/python3.7/site-packages/airflow/example_dags/example_branch_labels.py
[2023-04-02T10:33:53.787+0000] {processor.py:743} INFO - Processing file /home/airflow/.local/lib/python3.7/site-packages/airflow/example_dags/example_branch_labels.py for tasks to queue
[2023-04-02T10:33:53.803+0000] {logging_mixin.py:137} INFO - [2023-04-02T10:33:53.802+0000] {dagbag.py:532} INFO - Filling up the DagBag from /home/airflow/.local/lib/python3.7/site-packages/airflow/example_dags/example_branch_labels.py
[2023-04-02T10:33:53.973+0000] {processor.py:753} INFO - DAG(s) dict_keys(['example_branch_labels']) retrieved from /home/airflow/.local/lib/python3.7/site-packages/airflow/example_dags/example_branch_labels.py
[2023-04-02T10:33:54.075+0000] {logging_mixin.py:137} INFO - [2023-04-02T10:33:54.074+0000] {dag.py:2705} INFO - Sync 1 DAGs
[2023-04-02T10:33:54.178+0000] {logging_mixin.py:137} INFO - [2023-04-02T10:33:54.178+0000] {dag.py:3456} INFO - Setting next_dagrun for example_branch_labels to 2023-04-01T00:00:00+00:00, run_after=2023-04-02T00:00:00+00:00
[2023-04-02T10:33:54.291+0000] {processor.py:175} INFO - Processing /home/airflow/.local/lib/python3.7/site-packages/airflow/example_dags/example_branch_labels.py took 0.547 seconds
[2023-04-02T10:34:24.691+0000] {processor.py:153} INFO - Started process (PID=918) to work on /home/airflow/.local/lib/python3.7/site-packages/airflow/example_dags/example_branch_labels.py
[2023-04-02T10:34:24.696+0000] {processor.py:743} INFO - Processing file /home/airflow/.local/lib/python3.7/site-packages/airflow/example_dags/example_branch_labels.py for tasks to queue
[2023-04-02T10:34:24.700+0000] {logging_mixin.py:137} INFO - [2023-04-02T10:34:24.699+0000] {dagbag.py:532} INFO - Filling up the DagBag from /home/airflow/.local/lib/python3.7/site-packages/airflow/example_dags/example_branch_labels.py
[2023-04-02T10:34:24.821+0000] {processor.py:753} INFO - DAG(s) dict_keys(['example_branch_labels']) retrieved from /home/airflow/.local/lib/python3.7/site-packages/airflow/example_dags/example_branch_labels.py
[2023-04-02T10:34:24.952+0000] {logging_mixin.py:137} INFO - [2023-04-02T10:34:24.952+0000] {dag.py:2705} INFO - Sync 1 DAGs
[2023-04-02T10:34:25.178+0000] {logging_mixin.py:137} INFO - [2023-04-02T10:34:25.178+0000] {dag.py:3456} INFO - Setting next_dagrun for example_branch_labels to 2023-04-01T00:00:00+00:00, run_after=2023-04-02T00:00:00+00:00
[2023-04-02T10:34:25.323+0000] {processor.py:175} INFO - Processing /home/airflow/.local/lib/python3.7/site-packages/airflow/example_dags/example_branch_labels.py took 0.639 seconds
[2023-04-02T10:34:55.949+0000] {processor.py:153} INFO - Started process (PID=1132) to work on /home/airflow/.local/lib/python3.7/site-packages/airflow/example_dags/example_branch_labels.py
[2023-04-02T10:34:55.952+0000] {processor.py:743} INFO - Processing file /home/airflow/.local/lib/python3.7/site-packages/airflow/example_dags/example_branch_labels.py for tasks to queue
[2023-04-02T10:34:55.955+0000] {logging_mixin.py:137} INFO - [2023-04-02T10:34:55.955+0000] {dagbag.py:532} INFO - Filling up the DagBag from /home/airflow/.local/lib/python3.7/site-packages/airflow/example_dags/example_branch_labels.py
[2023-04-02T10:34:56.000+0000] {processor.py:753} INFO - DAG(s) dict_keys(['example_branch_labels']) retrieved from /home/airflow/.local/lib/python3.7/site-packages/airflow/example_dags/example_branch_labels.py
[2023-04-02T10:34:56.047+0000] {logging_mixin.py:137} INFO - [2023-04-02T10:34:56.047+0000] {dag.py:2705} INFO - Sync 1 DAGs
[2023-04-02T10:34:56.086+0000] {logging_mixin.py:137} INFO - [2023-04-02T10:34:56.086+0000] {dag.py:3456} INFO - Setting next_dagrun for example_branch_labels to 2023-04-01T00:00:00+00:00, run_after=2023-04-02T00:00:00+00:00
[2023-04-02T10:34:56.137+0000] {processor.py:175} INFO - Processing /home/airflow/.local/lib/python3.7/site-packages/airflow/example_dags/example_branch_labels.py took 0.193 seconds
[2023-04-02T10:35:27.257+0000] {processor.py:153} INFO - Started process (PID=1350) to work on /home/airflow/.local/lib/python3.7/site-packages/airflow/example_dags/example_branch_labels.py
[2023-04-02T10:35:27.259+0000] {processor.py:743} INFO - Processing file /home/airflow/.local/lib/python3.7/site-packages/airflow/example_dags/example_branch_labels.py for tasks to queue
[2023-04-02T10:35:27.261+0000] {logging_mixin.py:137} INFO - [2023-04-02T10:35:27.261+0000] {dagbag.py:532} INFO - Filling up the DagBag from /home/airflow/.local/lib/python3.7/site-packages/airflow/example_dags/example_branch_labels.py
[2023-04-02T10:35:27.294+0000] {processor.py:753} INFO - DAG(s) dict_keys(['example_branch_labels']) retrieved from /home/airflow/.local/lib/python3.7/site-packages/airflow/example_dags/example_branch_labels.py
[2023-04-02T10:35:27.348+0000] {logging_mixin.py:137} INFO - [2023-04-02T10:35:27.348+0000] {dag.py:2705} INFO - Sync 1 DAGs
[2023-04-02T10:35:27.416+0000] {logging_mixin.py:137} INFO - [2023-04-02T10:35:27.416+0000] {dag.py:3456} INFO - Setting next_dagrun for example_branch_labels to 2023-04-01T00:00:00+00:00, run_after=2023-04-02T00:00:00+00:00
[2023-04-02T10:35:27.467+0000] {processor.py:175} INFO - Processing /home/airflow/.local/lib/python3.7/site-packages/airflow/example_dags/example_branch_labels.py took 0.217 seconds
[2023-04-02T10:35:57.846+0000] {processor.py:153} INFO - Started process (PID=1568) to work on /home/airflow/.local/lib/python3.7/site-packages/airflow/example_dags/example_branch_labels.py
[2023-04-02T10:35:57.851+0000] {processor.py:743} INFO - Processing file /home/airflow/.local/lib/python3.7/site-packages/airflow/example_dags/example_branch_labels.py for tasks to queue
[2023-04-02T10:35:57.856+0000] {logging_mixin.py:137} INFO - [2023-04-02T10:35:57.855+0000] {dagbag.py:532} INFO - Filling up the DagBag from /home/airflow/.local/lib/python3.7/site-packages/airflow/example_dags/example_branch_labels.py
[2023-04-02T10:35:57.899+0000] {processor.py:753} INFO - DAG(s) dict_keys(['example_branch_labels']) retrieved from /home/airflow/.local/lib/python3.7/site-packages/airflow/example_dags/example_branch_labels.py
[2023-04-02T10:35:57.967+0000] {logging_mixin.py:137} INFO - [2023-04-02T10:35:57.967+0000] {dag.py:2705} INFO - Sync 1 DAGs
[2023-04-02T10:35:58.042+0000] {logging_mixin.py:137} INFO - [2023-04-02T10:35:58.042+0000] {dag.py:3456} INFO - Setting next_dagrun for example_branch_labels to 2023-04-01T00:00:00+00:00, run_after=2023-04-02T00:00:00+00:00
[2023-04-02T10:35:58.098+0000] {processor.py:175} INFO - Processing /home/airflow/.local/lib/python3.7/site-packages/airflow/example_dags/example_branch_labels.py took 0.262 seconds
[2023-04-02T10:36:28.213+0000] {processor.py:153} INFO - Started process (PID=1788) to work on /home/airflow/.local/lib/python3.7/site-packages/airflow/example_dags/example_branch_labels.py
[2023-04-02T10:36:28.215+0000] {processor.py:743} INFO - Processing file /home/airflow/.local/lib/python3.7/site-packages/airflow/example_dags/example_branch_labels.py for tasks to queue
[2023-04-02T10:36:28.217+0000] {logging_mixin.py:137} INFO - [2023-04-02T10:36:28.216+0000] {dagbag.py:532} INFO - Filling up the DagBag from /home/airflow/.local/lib/python3.7/site-packages/airflow/example_dags/example_branch_labels.py
[2023-04-02T10:36:28.243+0000] {processor.py:753} INFO - DAG(s) dict_keys(['example_branch_labels']) retrieved from /home/airflow/.local/lib/python3.7/site-packages/airflow/example_dags/example_branch_labels.py
[2023-04-02T10:36:28.287+0000] {logging_mixin.py:137} INFO - [2023-04-02T10:36:28.286+0000] {dag.py:2705} INFO - Sync 1 DAGs
[2023-04-02T10:36:28.326+0000] {logging_mixin.py:137} INFO - [2023-04-02T10:36:28.325+0000] {dag.py:3456} INFO - Setting next_dagrun for example_branch_labels to 2023-04-01T00:00:00+00:00, run_after=2023-04-02T00:00:00+00:00
[2023-04-02T10:36:28.355+0000] {processor.py:175} INFO - Processing /home/airflow/.local/lib/python3.7/site-packages/airflow/example_dags/example_branch_labels.py took 0.146 seconds
[2023-04-02T10:36:59.092+0000] {processor.py:153} INFO - Started process (PID=2006) to work on /home/airflow/.local/lib/python3.7/site-packages/airflow/example_dags/example_branch_labels.py
[2023-04-02T10:36:59.094+0000] {processor.py:743} INFO - Processing file /home/airflow/.local/lib/python3.7/site-packages/airflow/example_dags/example_branch_labels.py for tasks to queue
[2023-04-02T10:36:59.096+0000] {logging_mixin.py:137} INFO - [2023-04-02T10:36:59.096+0000] {dagbag.py:532} INFO - Filling up the DagBag from /home/airflow/.local/lib/python3.7/site-packages/airflow/example_dags/example_branch_labels.py
[2023-04-02T10:36:59.131+0000] {processor.py:753} INFO - DAG(s) dict_keys(['example_branch_labels']) retrieved from /home/airflow/.local/lib/python3.7/site-packages/airflow/example_dags/example_branch_labels.py
[2023-04-02T10:36:59.179+0000] {logging_mixin.py:137} INFO - [2023-04-02T10:36:59.179+0000] {dag.py:2705} INFO - Sync 1 DAGs
[2023-04-02T10:36:59.243+0000] {logging_mixin.py:137} INFO - [2023-04-02T10:36:59.243+0000] {dag.py:3456} INFO - Setting next_dagrun for example_branch_labels to 2023-04-01T00:00:00+00:00, run_after=2023-04-02T00:00:00+00:00
[2023-04-02T10:36:59.280+0000] {processor.py:175} INFO - Processing /home/airflow/.local/lib/python3.7/site-packages/airflow/example_dags/example_branch_labels.py took 0.199 seconds
[2023-04-02T10:37:29.771+0000] {processor.py:153} INFO - Started process (PID=2222) to work on /home/airflow/.local/lib/python3.7/site-packages/airflow/example_dags/example_branch_labels.py
[2023-04-02T10:37:29.777+0000] {processor.py:743} INFO - Processing file /home/airflow/.local/lib/python3.7/site-packages/airflow/example_dags/example_branch_labels.py for tasks to queue
[2023-04-02T10:37:29.784+0000] {logging_mixin.py:137} INFO - [2023-04-02T10:37:29.784+0000] {dagbag.py:532} INFO - Filling up the DagBag from /home/airflow/.local/lib/python3.7/site-packages/airflow/example_dags/example_branch_labels.py
[2023-04-02T10:37:29.812+0000] {processor.py:753} INFO - DAG(s) dict_keys(['example_branch_labels']) retrieved from /home/airflow/.local/lib/python3.7/site-packages/airflow/example_dags/example_branch_labels.py
[2023-04-02T10:37:29.854+0000] {logging_mixin.py:137} INFO - [2023-04-02T10:37:29.854+0000] {dag.py:2705} INFO - Sync 1 DAGs
[2023-04-02T10:37:29.894+0000] {logging_mixin.py:137} INFO - [2023-04-02T10:37:29.894+0000] {dag.py:3456} INFO - Setting next_dagrun for example_branch_labels to 2023-04-01T00:00:00+00:00, run_after=2023-04-02T00:00:00+00:00
[2023-04-02T10:37:29.930+0000] {processor.py:175} INFO - Processing /home/airflow/.local/lib/python3.7/site-packages/airflow/example_dags/example_branch_labels.py took 0.168 seconds
[2023-04-02T10:38:00.776+0000] {processor.py:153} INFO - Started process (PID=2442) to work on /home/airflow/.local/lib/python3.7/site-packages/airflow/example_dags/example_branch_labels.py
[2023-04-02T10:38:00.777+0000] {processor.py:743} INFO - Processing file /home/airflow/.local/lib/python3.7/site-packages/airflow/example_dags/example_branch_labels.py for tasks to queue
[2023-04-02T10:38:00.780+0000] {logging_mixin.py:137} INFO - [2023-04-02T10:38:00.779+0000] {dagbag.py:532} INFO - Filling up the DagBag from /home/airflow/.local/lib/python3.7/site-packages/airflow/example_dags/example_branch_labels.py
[2023-04-02T10:38:00.802+0000] {processor.py:753} INFO - DAG(s) dict_keys(['example_branch_labels']) retrieved from /home/airflow/.local/lib/python3.7/site-packages/airflow/example_dags/example_branch_labels.py
[2023-04-02T10:38:00.842+0000] {logging_mixin.py:137} INFO - [2023-04-02T10:38:00.841+0000] {dag.py:2705} INFO - Sync 1 DAGs
[2023-04-02T10:38:00.880+0000] {logging_mixin.py:137} INFO - [2023-04-02T10:38:00.880+0000] {dag.py:3456} INFO - Setting next_dagrun for example_branch_labels to 2023-04-01T00:00:00+00:00, run_after=2023-04-02T00:00:00+00:00
[2023-04-02T10:38:00.913+0000] {processor.py:175} INFO - Processing /home/airflow/.local/lib/python3.7/site-packages/airflow/example_dags/example_branch_labels.py took 0.141 seconds
[2023-04-02T10:38:31.873+0000] {processor.py:153} INFO - Started process (PID=2660) to work on /home/airflow/.local/lib/python3.7/site-packages/airflow/example_dags/example_branch_labels.py
[2023-04-02T10:38:31.874+0000] {processor.py:743} INFO - Processing file /home/airflow/.local/lib/python3.7/site-packages/airflow/example_dags/example_branch_labels.py for tasks to queue
[2023-04-02T10:38:31.876+0000] {logging_mixin.py:137} INFO - [2023-04-02T10:38:31.876+0000] {dagbag.py:532} INFO - Filling up the DagBag from /home/airflow/.local/lib/python3.7/site-packages/airflow/example_dags/example_branch_labels.py
[2023-04-02T10:38:31.902+0000] {processor.py:753} INFO - DAG(s) dict_keys(['example_branch_labels']) retrieved from /home/airflow/.local/lib/python3.7/site-packages/airflow/example_dags/example_branch_labels.py
[2023-04-02T10:38:31.939+0000] {logging_mixin.py:137} INFO - [2023-04-02T10:38:31.938+0000] {dag.py:2705} INFO - Sync 1 DAGs
[2023-04-02T10:38:31.978+0000] {logging_mixin.py:137} INFO - [2023-04-02T10:38:31.978+0000] {dag.py:3456} INFO - Setting next_dagrun for example_branch_labels to 2023-04-01T00:00:00+00:00, run_after=2023-04-02T00:00:00+00:00
[2023-04-02T10:38:32.008+0000] {processor.py:175} INFO - Processing /home/airflow/.local/lib/python3.7/site-packages/airflow/example_dags/example_branch_labels.py took 0.142 seconds
[2023-04-02T10:39:02.423+0000] {processor.py:153} INFO - Started process (PID=2878) to work on /home/airflow/.local/lib/python3.7/site-packages/airflow/example_dags/example_branch_labels.py
[2023-04-02T10:39:02.424+0000] {processor.py:743} INFO - Processing file /home/airflow/.local/lib/python3.7/site-packages/airflow/example_dags/example_branch_labels.py for tasks to queue
[2023-04-02T10:39:02.426+0000] {logging_mixin.py:137} INFO - [2023-04-02T10:39:02.425+0000] {dagbag.py:532} INFO - Filling up the DagBag from /home/airflow/.local/lib/python3.7/site-packages/airflow/example_dags/example_branch_labels.py
[2023-04-02T10:39:02.449+0000] {processor.py:753} INFO - DAG(s) dict_keys(['example_branch_labels']) retrieved from /home/airflow/.local/lib/python3.7/site-packages/airflow/example_dags/example_branch_labels.py
[2023-04-02T10:39:02.486+0000] {logging_mixin.py:137} INFO - [2023-04-02T10:39:02.485+0000] {dag.py:2705} INFO - Sync 1 DAGs
[2023-04-02T10:39:02.526+0000] {logging_mixin.py:137} INFO - [2023-04-02T10:39:02.526+0000] {dag.py:3456} INFO - Setting next_dagrun for example_branch_labels to 2023-04-01T00:00:00+00:00, run_after=2023-04-02T00:00:00+00:00
[2023-04-02T10:39:02.568+0000] {processor.py:175} INFO - Processing /home/airflow/.local/lib/python3.7/site-packages/airflow/example_dags/example_branch_labels.py took 0.151 seconds
[2023-04-02T10:39:33.078+0000] {processor.py:153} INFO - Started process (PID=3096) to work on /home/airflow/.local/lib/python3.7/site-packages/airflow/example_dags/example_branch_labels.py
[2023-04-02T10:39:33.081+0000] {processor.py:743} INFO - Processing file /home/airflow/.local/lib/python3.7/site-packages/airflow/example_dags/example_branch_labels.py for tasks to queue
[2023-04-02T10:39:33.084+0000] {logging_mixin.py:137} INFO - [2023-04-02T10:39:33.084+0000] {dagbag.py:532} INFO - Filling up the DagBag from /home/airflow/.local/lib/python3.7/site-packages/airflow/example_dags/example_branch_labels.py
[2023-04-02T10:39:33.108+0000] {processor.py:753} INFO - DAG(s) dict_keys(['example_branch_labels']) retrieved from /home/airflow/.local/lib/python3.7/site-packages/airflow/example_dags/example_branch_labels.py
[2023-04-02T10:39:33.156+0000] {logging_mixin.py:137} INFO - [2023-04-02T10:39:33.156+0000] {dag.py:2705} INFO - Sync 1 DAGs
[2023-04-02T10:39:33.197+0000] {logging_mixin.py:137} INFO - [2023-04-02T10:39:33.197+0000] {dag.py:3456} INFO - Setting next_dagrun for example_branch_labels to 2023-04-01T00:00:00+00:00, run_after=2023-04-02T00:00:00+00:00
[2023-04-02T10:39:33.234+0000] {processor.py:175} INFO - Processing /home/airflow/.local/lib/python3.7/site-packages/airflow/example_dags/example_branch_labels.py took 0.161 seconds
[2023-04-02T10:40:04.435+0000] {processor.py:153} INFO - Started process (PID=3312) to work on /home/airflow/.local/lib/python3.7/site-packages/airflow/example_dags/example_branch_labels.py
[2023-04-02T10:40:04.436+0000] {processor.py:743} INFO - Processing file /home/airflow/.local/lib/python3.7/site-packages/airflow/example_dags/example_branch_labels.py for tasks to queue
[2023-04-02T10:40:04.438+0000] {logging_mixin.py:137} INFO - [2023-04-02T10:40:04.438+0000] {dagbag.py:532} INFO - Filling up the DagBag from /home/airflow/.local/lib/python3.7/site-packages/airflow/example_dags/example_branch_labels.py
[2023-04-02T10:40:04.481+0000] {processor.py:753} INFO - DAG(s) dict_keys(['example_branch_labels']) retrieved from /home/airflow/.local/lib/python3.7/site-packages/airflow/example_dags/example_branch_labels.py
[2023-04-02T10:40:04.591+0000] {logging_mixin.py:137} INFO - [2023-04-02T10:40:04.589+0000] {dag.py:2705} INFO - Sync 1 DAGs
[2023-04-02T10:40:04.756+0000] {logging_mixin.py:137} INFO - [2023-04-02T10:40:04.756+0000] {dag.py:3456} INFO - Setting next_dagrun for example_branch_labels to 2023-04-01T00:00:00+00:00, run_after=2023-04-02T00:00:00+00:00
[2023-04-02T10:40:04.831+0000] {processor.py:175} INFO - Processing /home/airflow/.local/lib/python3.7/site-packages/airflow/example_dags/example_branch_labels.py took 0.417 seconds
[2023-04-02T10:40:35.020+0000] {processor.py:153} INFO - Started process (PID=3530) to work on /home/airflow/.local/lib/python3.7/site-packages/airflow/example_dags/example_branch_labels.py
[2023-04-02T10:40:35.025+0000] {processor.py:743} INFO - Processing file /home/airflow/.local/lib/python3.7/site-packages/airflow/example_dags/example_branch_labels.py for tasks to queue
[2023-04-02T10:40:35.027+0000] {logging_mixin.py:137} INFO - [2023-04-02T10:40:35.026+0000] {dagbag.py:532} INFO - Filling up the DagBag from /home/airflow/.local/lib/python3.7/site-packages/airflow/example_dags/example_branch_labels.py
[2023-04-02T10:40:35.193+0000] {processor.py:753} INFO - DAG(s) dict_keys(['example_branch_labels']) retrieved from /home/airflow/.local/lib/python3.7/site-packages/airflow/example_dags/example_branch_labels.py
[2023-04-02T10:40:35.347+0000] {logging_mixin.py:137} INFO - [2023-04-02T10:40:35.347+0000] {dag.py:2705} INFO - Sync 1 DAGs
[2023-04-02T10:40:35.461+0000] {logging_mixin.py:137} INFO - [2023-04-02T10:40:35.460+0000] {dag.py:3456} INFO - Setting next_dagrun for example_branch_labels to 2023-04-01T00:00:00+00:00, run_after=2023-04-02T00:00:00+00:00
[2023-04-02T10:40:35.545+0000] {processor.py:175} INFO - Processing /home/airflow/.local/lib/python3.7/site-packages/airflow/example_dags/example_branch_labels.py took 0.534 seconds
[2023-04-02T10:41:06.792+0000] {processor.py:153} INFO - Started process (PID=3760) to work on /home/airflow/.local/lib/python3.7/site-packages/airflow/example_dags/example_branch_labels.py
[2023-04-02T10:41:06.794+0000] {processor.py:743} INFO - Processing file /home/airflow/.local/lib/python3.7/site-packages/airflow/example_dags/example_branch_labels.py for tasks to queue
[2023-04-02T10:41:06.797+0000] {logging_mixin.py:137} INFO - [2023-04-02T10:41:06.796+0000] {dagbag.py:532} INFO - Filling up the DagBag from /home/airflow/.local/lib/python3.7/site-packages/airflow/example_dags/example_branch_labels.py
[2023-04-02T10:41:06.830+0000] {processor.py:753} INFO - DAG(s) dict_keys(['example_branch_labels']) retrieved from /home/airflow/.local/lib/python3.7/site-packages/airflow/example_dags/example_branch_labels.py
[2023-04-02T10:41:06.889+0000] {logging_mixin.py:137} INFO - [2023-04-02T10:41:06.889+0000] {dag.py:2705} INFO - Sync 1 DAGs
[2023-04-02T10:41:07.023+0000] {logging_mixin.py:137} INFO - [2023-04-02T10:41:07.022+0000] {dag.py:3456} INFO - Setting next_dagrun for example_branch_labels to 2023-04-01T00:00:00+00:00, run_after=2023-04-02T00:00:00+00:00
[2023-04-02T10:41:07.069+0000] {processor.py:175} INFO - Processing /home/airflow/.local/lib/python3.7/site-packages/airflow/example_dags/example_branch_labels.py took 0.284 seconds
[2023-04-02T10:41:38.081+0000] {processor.py:153} INFO - Started process (PID=3978) to work on /home/airflow/.local/lib/python3.7/site-packages/airflow/example_dags/example_branch_labels.py
[2023-04-02T10:41:38.086+0000] {processor.py:743} INFO - Processing file /home/airflow/.local/lib/python3.7/site-packages/airflow/example_dags/example_branch_labels.py for tasks to queue
[2023-04-02T10:41:38.093+0000] {logging_mixin.py:137} INFO - [2023-04-02T10:41:38.093+0000] {dagbag.py:532} INFO - Filling up the DagBag from /home/airflow/.local/lib/python3.7/site-packages/airflow/example_dags/example_branch_labels.py
[2023-04-02T10:41:38.188+0000] {processor.py:753} INFO - DAG(s) dict_keys(['example_branch_labels']) retrieved from /home/airflow/.local/lib/python3.7/site-packages/airflow/example_dags/example_branch_labels.py
[2023-04-02T10:41:38.385+0000] {logging_mixin.py:137} INFO - [2023-04-02T10:41:38.384+0000] {dag.py:2705} INFO - Sync 1 DAGs
[2023-04-02T10:41:38.465+0000] {logging_mixin.py:137} INFO - [2023-04-02T10:41:38.465+0000] {dag.py:3456} INFO - Setting next_dagrun for example_branch_labels to 2023-04-01T00:00:00+00:00, run_after=2023-04-02T00:00:00+00:00
[2023-04-02T10:41:38.548+0000] {processor.py:175} INFO - Processing /home/airflow/.local/lib/python3.7/site-packages/airflow/example_dags/example_branch_labels.py took 0.484 seconds
[2023-04-02T10:42:10.615+0000] {processor.py:153} INFO - Started process (PID=4197) to work on /home/airflow/.local/lib/python3.7/site-packages/airflow/example_dags/example_branch_labels.py
[2023-04-02T10:42:10.627+0000] {processor.py:743} INFO - Processing file /home/airflow/.local/lib/python3.7/site-packages/airflow/example_dags/example_branch_labels.py for tasks to queue
[2023-04-02T10:42:10.630+0000] {logging_mixin.py:137} INFO - [2023-04-02T10:42:10.630+0000] {dagbag.py:532} INFO - Filling up the DagBag from /home/airflow/.local/lib/python3.7/site-packages/airflow/example_dags/example_branch_labels.py
[2023-04-02T10:42:10.694+0000] {processor.py:753} INFO - DAG(s) dict_keys(['example_branch_labels']) retrieved from /home/airflow/.local/lib/python3.7/site-packages/airflow/example_dags/example_branch_labels.py
[2023-04-02T10:42:10.860+0000] {logging_mixin.py:137} INFO - [2023-04-02T10:42:10.860+0000] {dag.py:2705} INFO - Sync 1 DAGs
[2023-04-02T10:42:10.944+0000] {logging_mixin.py:137} INFO - [2023-04-02T10:42:10.944+0000] {dag.py:3456} INFO - Setting next_dagrun for example_branch_labels to 2023-04-01T00:00:00+00:00, run_after=2023-04-02T00:00:00+00:00
[2023-04-02T10:42:10.994+0000] {processor.py:175} INFO - Processing /home/airflow/.local/lib/python3.7/site-packages/airflow/example_dags/example_branch_labels.py took 0.388 seconds
[2023-04-02T10:42:41.090+0000] {processor.py:153} INFO - Started process (PID=4415) to work on /home/airflow/.local/lib/python3.7/site-packages/airflow/example_dags/example_branch_labels.py
[2023-04-02T10:42:41.092+0000] {processor.py:743} INFO - Processing file /home/airflow/.local/lib/python3.7/site-packages/airflow/example_dags/example_branch_labels.py for tasks to queue
[2023-04-02T10:42:41.095+0000] {logging_mixin.py:137} INFO - [2023-04-02T10:42:41.095+0000] {dagbag.py:532} INFO - Filling up the DagBag from /home/airflow/.local/lib/python3.7/site-packages/airflow/example_dags/example_branch_labels.py
[2023-04-02T10:42:41.126+0000] {processor.py:753} INFO - DAG(s) dict_keys(['example_branch_labels']) retrieved from /home/airflow/.local/lib/python3.7/site-packages/airflow/example_dags/example_branch_labels.py
[2023-04-02T10:42:41.177+0000] {logging_mixin.py:137} INFO - [2023-04-02T10:42:41.177+0000] {dag.py:2705} INFO - Sync 1 DAGs
[2023-04-02T10:42:41.231+0000] {logging_mixin.py:137} INFO - [2023-04-02T10:42:41.231+0000] {dag.py:3456} INFO - Setting next_dagrun for example_branch_labels to 2023-04-01T00:00:00+00:00, run_after=2023-04-02T00:00:00+00:00
[2023-04-02T10:42:41.295+0000] {processor.py:175} INFO - Processing /home/airflow/.local/lib/python3.7/site-packages/airflow/example_dags/example_branch_labels.py took 0.213 seconds
[2023-04-02T10:43:11.564+0000] {processor.py:153} INFO - Started process (PID=4633) to work on /home/airflow/.local/lib/python3.7/site-packages/airflow/example_dags/example_branch_labels.py
[2023-04-02T10:43:11.566+0000] {processor.py:743} INFO - Processing file /home/airflow/.local/lib/python3.7/site-packages/airflow/example_dags/example_branch_labels.py for tasks to queue
[2023-04-02T10:43:11.575+0000] {logging_mixin.py:137} INFO - [2023-04-02T10:43:11.575+0000] {dagbag.py:532} INFO - Filling up the DagBag from /home/airflow/.local/lib/python3.7/site-packages/airflow/example_dags/example_branch_labels.py
[2023-04-02T10:43:11.624+0000] {processor.py:753} INFO - DAG(s) dict_keys(['example_branch_labels']) retrieved from /home/airflow/.local/lib/python3.7/site-packages/airflow/example_dags/example_branch_labels.py
[2023-04-02T10:43:11.674+0000] {logging_mixin.py:137} INFO - [2023-04-02T10:43:11.673+0000] {dag.py:2705} INFO - Sync 1 DAGs
[2023-04-02T10:43:11.730+0000] {logging_mixin.py:137} INFO - [2023-04-02T10:43:11.730+0000] {dag.py:3456} INFO - Setting next_dagrun for example_branch_labels to 2023-04-01T00:00:00+00:00, run_after=2023-04-02T00:00:00+00:00
[2023-04-02T10:43:11.758+0000] {processor.py:175} INFO - Processing /home/airflow/.local/lib/python3.7/site-packages/airflow/example_dags/example_branch_labels.py took 0.200 seconds
[2023-04-02T10:43:42.075+0000] {processor.py:153} INFO - Started process (PID=4853) to work on /home/airflow/.local/lib/python3.7/site-packages/airflow/example_dags/example_branch_labels.py
[2023-04-02T10:43:42.077+0000] {processor.py:743} INFO - Processing file /home/airflow/.local/lib/python3.7/site-packages/airflow/example_dags/example_branch_labels.py for tasks to queue
[2023-04-02T10:43:42.079+0000] {logging_mixin.py:137} INFO - [2023-04-02T10:43:42.079+0000] {dagbag.py:532} INFO - Filling up the DagBag from /home/airflow/.local/lib/python3.7/site-packages/airflow/example_dags/example_branch_labels.py
[2023-04-02T10:43:42.106+0000] {processor.py:753} INFO - DAG(s) dict_keys(['example_branch_labels']) retrieved from /home/airflow/.local/lib/python3.7/site-packages/airflow/example_dags/example_branch_labels.py
[2023-04-02T10:43:42.166+0000] {logging_mixin.py:137} INFO - [2023-04-02T10:43:42.165+0000] {dag.py:2705} INFO - Sync 1 DAGs
[2023-04-02T10:43:42.235+0000] {logging_mixin.py:137} INFO - [2023-04-02T10:43:42.234+0000] {dag.py:3456} INFO - Setting next_dagrun for example_branch_labels to 2023-04-01T00:00:00+00:00, run_after=2023-04-02T00:00:00+00:00
[2023-04-02T10:43:42.275+0000] {processor.py:175} INFO - Processing /home/airflow/.local/lib/python3.7/site-packages/airflow/example_dags/example_branch_labels.py took 0.204 seconds
[2023-04-02T10:44:12.730+0000] {processor.py:153} INFO - Started process (PID=5069) to work on /home/airflow/.local/lib/python3.7/site-packages/airflow/example_dags/example_branch_labels.py
[2023-04-02T10:44:12.732+0000] {processor.py:743} INFO - Processing file /home/airflow/.local/lib/python3.7/site-packages/airflow/example_dags/example_branch_labels.py for tasks to queue
[2023-04-02T10:44:12.734+0000] {logging_mixin.py:137} INFO - [2023-04-02T10:44:12.734+0000] {dagbag.py:532} INFO - Filling up the DagBag from /home/airflow/.local/lib/python3.7/site-packages/airflow/example_dags/example_branch_labels.py
[2023-04-02T10:44:12.761+0000] {processor.py:753} INFO - DAG(s) dict_keys(['example_branch_labels']) retrieved from /home/airflow/.local/lib/python3.7/site-packages/airflow/example_dags/example_branch_labels.py
[2023-04-02T10:44:12.801+0000] {logging_mixin.py:137} INFO - [2023-04-02T10:44:12.801+0000] {dag.py:2705} INFO - Sync 1 DAGs
[2023-04-02T10:44:12.847+0000] {logging_mixin.py:137} INFO - [2023-04-02T10:44:12.847+0000] {dag.py:3456} INFO - Setting next_dagrun for example_branch_labels to 2023-04-01T00:00:00+00:00, run_after=2023-04-02T00:00:00+00:00
[2023-04-02T10:44:12.876+0000] {processor.py:175} INFO - Processing /home/airflow/.local/lib/python3.7/site-packages/airflow/example_dags/example_branch_labels.py took 0.153 seconds
[2023-04-02T10:44:44.029+0000] {processor.py:153} INFO - Started process (PID=5288) to work on /home/airflow/.local/lib/python3.7/site-packages/airflow/example_dags/example_branch_labels.py
[2023-04-02T10:44:44.033+0000] {processor.py:743} INFO - Processing file /home/airflow/.local/lib/python3.7/site-packages/airflow/example_dags/example_branch_labels.py for tasks to queue
[2023-04-02T10:44:44.036+0000] {logging_mixin.py:137} INFO - [2023-04-02T10:44:44.036+0000] {dagbag.py:532} INFO - Filling up the DagBag from /home/airflow/.local/lib/python3.7/site-packages/airflow/example_dags/example_branch_labels.py
[2023-04-02T10:44:44.069+0000] {processor.py:753} INFO - DAG(s) dict_keys(['example_branch_labels']) retrieved from /home/airflow/.local/lib/python3.7/site-packages/airflow/example_dags/example_branch_labels.py
[2023-04-02T10:44:44.111+0000] {logging_mixin.py:137} INFO - [2023-04-02T10:44:44.111+0000] {dag.py:2705} INFO - Sync 1 DAGs
[2023-04-02T10:44:44.149+0000] {logging_mixin.py:137} INFO - [2023-04-02T10:44:44.148+0000] {dag.py:3456} INFO - Setting next_dagrun for example_branch_labels to 2023-04-01T00:00:00+00:00, run_after=2023-04-02T00:00:00+00:00
[2023-04-02T10:44:44.185+0000] {processor.py:175} INFO - Processing /home/airflow/.local/lib/python3.7/site-packages/airflow/example_dags/example_branch_labels.py took 0.165 seconds
[2023-04-02T10:45:15.069+0000] {processor.py:153} INFO - Started process (PID=5507) to work on /home/airflow/.local/lib/python3.7/site-packages/airflow/example_dags/example_branch_labels.py
[2023-04-02T10:45:15.070+0000] {processor.py:743} INFO - Processing file /home/airflow/.local/lib/python3.7/site-packages/airflow/example_dags/example_branch_labels.py for tasks to queue
[2023-04-02T10:45:15.073+0000] {logging_mixin.py:137} INFO - [2023-04-02T10:45:15.073+0000] {dagbag.py:532} INFO - Filling up the DagBag from /home/airflow/.local/lib/python3.7/site-packages/airflow/example_dags/example_branch_labels.py
[2023-04-02T10:45:15.096+0000] {processor.py:753} INFO - DAG(s) dict_keys(['example_branch_labels']) retrieved from /home/airflow/.local/lib/python3.7/site-packages/airflow/example_dags/example_branch_labels.py
[2023-04-02T10:45:15.131+0000] {logging_mixin.py:137} INFO - [2023-04-02T10:45:15.131+0000] {dag.py:2705} INFO - Sync 1 DAGs
[2023-04-02T10:45:15.169+0000] {logging_mixin.py:137} INFO - [2023-04-02T10:45:15.169+0000] {dag.py:3456} INFO - Setting next_dagrun for example_branch_labels to 2023-04-01T00:00:00+00:00, run_after=2023-04-02T00:00:00+00:00
[2023-04-02T10:45:15.201+0000] {processor.py:175} INFO - Processing /home/airflow/.local/lib/python3.7/site-packages/airflow/example_dags/example_branch_labels.py took 0.136 seconds
[2023-04-02T10:45:45.765+0000] {processor.py:153} INFO - Started process (PID=5723) to work on /home/airflow/.local/lib/python3.7/site-packages/airflow/example_dags/example_branch_labels.py
[2023-04-02T10:45:45.768+0000] {processor.py:743} INFO - Processing file /home/airflow/.local/lib/python3.7/site-packages/airflow/example_dags/example_branch_labels.py for tasks to queue
[2023-04-02T10:45:45.771+0000] {logging_mixin.py:137} INFO - [2023-04-02T10:45:45.770+0000] {dagbag.py:532} INFO - Filling up the DagBag from /home/airflow/.local/lib/python3.7/site-packages/airflow/example_dags/example_branch_labels.py
[2023-04-02T10:45:45.808+0000] {processor.py:753} INFO - DAG(s) dict_keys(['example_branch_labels']) retrieved from /home/airflow/.local/lib/python3.7/site-packages/airflow/example_dags/example_branch_labels.py
[2023-04-02T10:45:45.855+0000] {logging_mixin.py:137} INFO - [2023-04-02T10:45:45.855+0000] {dag.py:2705} INFO - Sync 1 DAGs
[2023-04-02T10:45:45.902+0000] {logging_mixin.py:137} INFO - [2023-04-02T10:45:45.901+0000] {dag.py:3456} INFO - Setting next_dagrun for example_branch_labels to 2023-04-01T00:00:00+00:00, run_after=2023-04-02T00:00:00+00:00
[2023-04-02T10:45:45.938+0000] {processor.py:175} INFO - Processing /home/airflow/.local/lib/python3.7/site-packages/airflow/example_dags/example_branch_labels.py took 0.179 seconds
[2023-04-02T10:46:16.493+0000] {processor.py:153} INFO - Started process (PID=5941) to work on /home/airflow/.local/lib/python3.7/site-packages/airflow/example_dags/example_branch_labels.py
[2023-04-02T10:46:16.500+0000] {processor.py:743} INFO - Processing file /home/airflow/.local/lib/python3.7/site-packages/airflow/example_dags/example_branch_labels.py for tasks to queue
[2023-04-02T10:46:16.505+0000] {logging_mixin.py:137} INFO - [2023-04-02T10:46:16.504+0000] {dagbag.py:532} INFO - Filling up the DagBag from /home/airflow/.local/lib/python3.7/site-packages/airflow/example_dags/example_branch_labels.py
[2023-04-02T10:46:16.579+0000] {processor.py:753} INFO - DAG(s) dict_keys(['example_branch_labels']) retrieved from /home/airflow/.local/lib/python3.7/site-packages/airflow/example_dags/example_branch_labels.py
[2023-04-02T10:46:16.640+0000] {logging_mixin.py:137} INFO - [2023-04-02T10:46:16.639+0000] {dag.py:2705} INFO - Sync 1 DAGs
[2023-04-02T10:46:16.689+0000] {logging_mixin.py:137} INFO - [2023-04-02T10:46:16.689+0000] {dag.py:3456} INFO - Setting next_dagrun for example_branch_labels to 2023-04-01T00:00:00+00:00, run_after=2023-04-02T00:00:00+00:00
[2023-04-02T10:46:16.723+0000] {processor.py:175} INFO - Processing /home/airflow/.local/lib/python3.7/site-packages/airflow/example_dags/example_branch_labels.py took 0.245 seconds
[2023-04-02T10:46:47.117+0000] {processor.py:153} INFO - Started process (PID=6160) to work on /home/airflow/.local/lib/python3.7/site-packages/airflow/example_dags/example_branch_labels.py
[2023-04-02T10:46:47.126+0000] {processor.py:743} INFO - Processing file /home/airflow/.local/lib/python3.7/site-packages/airflow/example_dags/example_branch_labels.py for tasks to queue
[2023-04-02T10:46:47.133+0000] {logging_mixin.py:137} INFO - [2023-04-02T10:46:47.132+0000] {dagbag.py:532} INFO - Filling up the DagBag from /home/airflow/.local/lib/python3.7/site-packages/airflow/example_dags/example_branch_labels.py
[2023-04-02T10:46:47.206+0000] {processor.py:753} INFO - DAG(s) dict_keys(['example_branch_labels']) retrieved from /home/airflow/.local/lib/python3.7/site-packages/airflow/example_dags/example_branch_labels.py
[2023-04-02T10:46:47.325+0000] {logging_mixin.py:137} INFO - [2023-04-02T10:46:47.324+0000] {dag.py:2705} INFO - Sync 1 DAGs
[2023-04-02T10:46:47.432+0000] {logging_mixin.py:137} INFO - [2023-04-02T10:46:47.432+0000] {dag.py:3456} INFO - Setting next_dagrun for example_branch_labels to 2023-04-01T00:00:00+00:00, run_after=2023-04-02T00:00:00+00:00
[2023-04-02T10:46:47.515+0000] {processor.py:175} INFO - Processing /home/airflow/.local/lib/python3.7/site-packages/airflow/example_dags/example_branch_labels.py took 0.411 seconds
[2023-04-02T10:47:17.867+0000] {processor.py:153} INFO - Started process (PID=6380) to work on /home/airflow/.local/lib/python3.7/site-packages/airflow/example_dags/example_branch_labels.py
[2023-04-02T10:47:17.871+0000] {processor.py:743} INFO - Processing file /home/airflow/.local/lib/python3.7/site-packages/airflow/example_dags/example_branch_labels.py for tasks to queue
[2023-04-02T10:47:17.875+0000] {logging_mixin.py:137} INFO - [2023-04-02T10:47:17.875+0000] {dagbag.py:532} INFO - Filling up the DagBag from /home/airflow/.local/lib/python3.7/site-packages/airflow/example_dags/example_branch_labels.py
[2023-04-02T10:47:17.917+0000] {processor.py:753} INFO - DAG(s) dict_keys(['example_branch_labels']) retrieved from /home/airflow/.local/lib/python3.7/site-packages/airflow/example_dags/example_branch_labels.py
[2023-04-02T10:47:17.970+0000] {logging_mixin.py:137} INFO - [2023-04-02T10:47:17.969+0000] {dag.py:2705} INFO - Sync 1 DAGs
[2023-04-02T10:47:18.076+0000] {logging_mixin.py:137} INFO - [2023-04-02T10:47:18.075+0000] {dag.py:3456} INFO - Setting next_dagrun for example_branch_labels to 2023-04-01T00:00:00+00:00, run_after=2023-04-02T00:00:00+00:00
[2023-04-02T10:47:18.127+0000] {processor.py:175} INFO - Processing /home/airflow/.local/lib/python3.7/site-packages/airflow/example_dags/example_branch_labels.py took 0.270 seconds
[2023-04-02T10:47:48.630+0000] {processor.py:153} INFO - Started process (PID=6596) to work on /home/airflow/.local/lib/python3.7/site-packages/airflow/example_dags/example_branch_labels.py
[2023-04-02T10:47:48.634+0000] {processor.py:743} INFO - Processing file /home/airflow/.local/lib/python3.7/site-packages/airflow/example_dags/example_branch_labels.py for tasks to queue
[2023-04-02T10:47:48.636+0000] {logging_mixin.py:137} INFO - [2023-04-02T10:47:48.636+0000] {dagbag.py:532} INFO - Filling up the DagBag from /home/airflow/.local/lib/python3.7/site-packages/airflow/example_dags/example_branch_labels.py
[2023-04-02T10:47:48.670+0000] {processor.py:753} INFO - DAG(s) dict_keys(['example_branch_labels']) retrieved from /home/airflow/.local/lib/python3.7/site-packages/airflow/example_dags/example_branch_labels.py
[2023-04-02T10:47:48.725+0000] {logging_mixin.py:137} INFO - [2023-04-02T10:47:48.725+0000] {dag.py:2705} INFO - Sync 1 DAGs
[2023-04-02T10:47:48.810+0000] {logging_mixin.py:137} INFO - [2023-04-02T10:47:48.809+0000] {dag.py:3456} INFO - Setting next_dagrun for example_branch_labels to 2023-04-01T00:00:00+00:00, run_after=2023-04-02T00:00:00+00:00
[2023-04-02T10:47:48.873+0000] {processor.py:175} INFO - Processing /home/airflow/.local/lib/python3.7/site-packages/airflow/example_dags/example_branch_labels.py took 0.250 seconds
[2023-04-02T10:48:19.008+0000] {processor.py:153} INFO - Started process (PID=6816) to work on /home/airflow/.local/lib/python3.7/site-packages/airflow/example_dags/example_branch_labels.py
[2023-04-02T10:48:19.010+0000] {processor.py:743} INFO - Processing file /home/airflow/.local/lib/python3.7/site-packages/airflow/example_dags/example_branch_labels.py for tasks to queue
[2023-04-02T10:48:19.013+0000] {logging_mixin.py:137} INFO - [2023-04-02T10:48:19.013+0000] {dagbag.py:532} INFO - Filling up the DagBag from /home/airflow/.local/lib/python3.7/site-packages/airflow/example_dags/example_branch_labels.py
[2023-04-02T10:48:19.056+0000] {processor.py:753} INFO - DAG(s) dict_keys(['example_branch_labels']) retrieved from /home/airflow/.local/lib/python3.7/site-packages/airflow/example_dags/example_branch_labels.py
[2023-04-02T10:48:19.106+0000] {logging_mixin.py:137} INFO - [2023-04-02T10:48:19.106+0000] {dag.py:2705} INFO - Sync 1 DAGs
[2023-04-02T10:48:19.159+0000] {logging_mixin.py:137} INFO - [2023-04-02T10:48:19.159+0000] {dag.py:3456} INFO - Setting next_dagrun for example_branch_labels to 2023-04-01T00:00:00+00:00, run_after=2023-04-02T00:00:00+00:00
[2023-04-02T10:48:19.191+0000] {processor.py:175} INFO - Processing /home/airflow/.local/lib/python3.7/site-packages/airflow/example_dags/example_branch_labels.py took 0.188 seconds
[2023-04-02T10:48:49.294+0000] {processor.py:153} INFO - Started process (PID=7032) to work on /home/airflow/.local/lib/python3.7/site-packages/airflow/example_dags/example_branch_labels.py
[2023-04-02T10:48:49.297+0000] {processor.py:743} INFO - Processing file /home/airflow/.local/lib/python3.7/site-packages/airflow/example_dags/example_branch_labels.py for tasks to queue
[2023-04-02T10:48:49.300+0000] {logging_mixin.py:137} INFO - [2023-04-02T10:48:49.299+0000] {dagbag.py:532} INFO - Filling up the DagBag from /home/airflow/.local/lib/python3.7/site-packages/airflow/example_dags/example_branch_labels.py
[2023-04-02T10:48:49.321+0000] {processor.py:753} INFO - DAG(s) dict_keys(['example_branch_labels']) retrieved from /home/airflow/.local/lib/python3.7/site-packages/airflow/example_dags/example_branch_labels.py
[2023-04-02T10:48:49.379+0000] {logging_mixin.py:137} INFO - [2023-04-02T10:48:49.378+0000] {dag.py:2705} INFO - Sync 1 DAGs
[2023-04-02T10:48:49.436+0000] {logging_mixin.py:137} INFO - [2023-04-02T10:48:49.436+0000] {dag.py:3456} INFO - Setting next_dagrun for example_branch_labels to 2023-04-01T00:00:00+00:00, run_after=2023-04-02T00:00:00+00:00
[2023-04-02T10:48:49.473+0000] {processor.py:175} INFO - Processing /home/airflow/.local/lib/python3.7/site-packages/airflow/example_dags/example_branch_labels.py took 0.184 seconds
[2023-04-02T10:49:19.963+0000] {processor.py:153} INFO - Started process (PID=7250) to work on /home/airflow/.local/lib/python3.7/site-packages/airflow/example_dags/example_branch_labels.py
[2023-04-02T10:49:19.966+0000] {processor.py:743} INFO - Processing file /home/airflow/.local/lib/python3.7/site-packages/airflow/example_dags/example_branch_labels.py for tasks to queue
[2023-04-02T10:49:19.970+0000] {logging_mixin.py:137} INFO - [2023-04-02T10:49:19.970+0000] {dagbag.py:532} INFO - Filling up the DagBag from /home/airflow/.local/lib/python3.7/site-packages/airflow/example_dags/example_branch_labels.py
[2023-04-02T10:49:20.016+0000] {processor.py:753} INFO - DAG(s) dict_keys(['example_branch_labels']) retrieved from /home/airflow/.local/lib/python3.7/site-packages/airflow/example_dags/example_branch_labels.py
[2023-04-02T10:49:20.066+0000] {logging_mixin.py:137} INFO - [2023-04-02T10:49:20.066+0000] {dag.py:2705} INFO - Sync 1 DAGs
[2023-04-02T10:49:20.114+0000] {logging_mixin.py:137} INFO - [2023-04-02T10:49:20.113+0000] {dag.py:3456} INFO - Setting next_dagrun for example_branch_labels to 2023-04-01T00:00:00+00:00, run_after=2023-04-02T00:00:00+00:00
[2023-04-02T10:49:20.142+0000] {processor.py:175} INFO - Processing /home/airflow/.local/lib/python3.7/site-packages/airflow/example_dags/example_branch_labels.py took 0.186 seconds
[2023-04-02T10:49:51.090+0000] {processor.py:153} INFO - Started process (PID=7468) to work on /home/airflow/.local/lib/python3.7/site-packages/airflow/example_dags/example_branch_labels.py
[2023-04-02T10:49:51.097+0000] {processor.py:743} INFO - Processing file /home/airflow/.local/lib/python3.7/site-packages/airflow/example_dags/example_branch_labels.py for tasks to queue
[2023-04-02T10:49:51.103+0000] {logging_mixin.py:137} INFO - [2023-04-02T10:49:51.103+0000] {dagbag.py:532} INFO - Filling up the DagBag from /home/airflow/.local/lib/python3.7/site-packages/airflow/example_dags/example_branch_labels.py
[2023-04-02T10:49:51.165+0000] {processor.py:753} INFO - DAG(s) dict_keys(['example_branch_labels']) retrieved from /home/airflow/.local/lib/python3.7/site-packages/airflow/example_dags/example_branch_labels.py
[2023-04-02T10:49:51.268+0000] {logging_mixin.py:137} INFO - [2023-04-02T10:49:51.267+0000] {dag.py:2705} INFO - Sync 1 DAGs
[2023-04-02T10:49:51.385+0000] {logging_mixin.py:137} INFO - [2023-04-02T10:49:51.385+0000] {dag.py:3456} INFO - Setting next_dagrun for example_branch_labels to 2023-04-01T00:00:00+00:00, run_after=2023-04-02T00:00:00+00:00
[2023-04-02T10:49:51.436+0000] {processor.py:175} INFO - Processing /home/airflow/.local/lib/python3.7/site-packages/airflow/example_dags/example_branch_labels.py took 0.354 seconds
[2023-04-02T10:50:21.802+0000] {processor.py:153} INFO - Started process (PID=7686) to work on /home/airflow/.local/lib/python3.7/site-packages/airflow/example_dags/example_branch_labels.py
[2023-04-02T10:50:21.803+0000] {processor.py:743} INFO - Processing file /home/airflow/.local/lib/python3.7/site-packages/airflow/example_dags/example_branch_labels.py for tasks to queue
[2023-04-02T10:50:21.806+0000] {logging_mixin.py:137} INFO - [2023-04-02T10:50:21.806+0000] {dagbag.py:532} INFO - Filling up the DagBag from /home/airflow/.local/lib/python3.7/site-packages/airflow/example_dags/example_branch_labels.py
[2023-04-02T10:50:21.880+0000] {processor.py:753} INFO - DAG(s) dict_keys(['example_branch_labels']) retrieved from /home/airflow/.local/lib/python3.7/site-packages/airflow/example_dags/example_branch_labels.py
[2023-04-02T10:50:22.008+0000] {logging_mixin.py:137} INFO - [2023-04-02T10:50:22.007+0000] {dag.py:2705} INFO - Sync 1 DAGs
[2023-04-02T10:50:22.128+0000] {logging_mixin.py:137} INFO - [2023-04-02T10:50:22.128+0000] {dag.py:3456} INFO - Setting next_dagrun for example_branch_labels to 2023-04-01T00:00:00+00:00, run_after=2023-04-02T00:00:00+00:00
[2023-04-02T10:50:22.188+0000] {processor.py:175} INFO - Processing /home/airflow/.local/lib/python3.7/site-packages/airflow/example_dags/example_branch_labels.py took 0.421 seconds
[2023-04-02T10:50:52.484+0000] {processor.py:153} INFO - Started process (PID=7908) to work on /home/airflow/.local/lib/python3.7/site-packages/airflow/example_dags/example_branch_labels.py
[2023-04-02T10:50:52.486+0000] {processor.py:743} INFO - Processing file /home/airflow/.local/lib/python3.7/site-packages/airflow/example_dags/example_branch_labels.py for tasks to queue
[2023-04-02T10:50:52.489+0000] {logging_mixin.py:137} INFO - [2023-04-02T10:50:52.489+0000] {dagbag.py:532} INFO - Filling up the DagBag from /home/airflow/.local/lib/python3.7/site-packages/airflow/example_dags/example_branch_labels.py
[2023-04-02T10:50:52.513+0000] {processor.py:753} INFO - DAG(s) dict_keys(['example_branch_labels']) retrieved from /home/airflow/.local/lib/python3.7/site-packages/airflow/example_dags/example_branch_labels.py
[2023-04-02T10:50:52.556+0000] {logging_mixin.py:137} INFO - [2023-04-02T10:50:52.556+0000] {dag.py:2705} INFO - Sync 1 DAGs
[2023-04-02T10:50:52.623+0000] {logging_mixin.py:137} INFO - [2023-04-02T10:50:52.623+0000] {dag.py:3456} INFO - Setting next_dagrun for example_branch_labels to 2023-04-01T00:00:00+00:00, run_after=2023-04-02T00:00:00+00:00
[2023-04-02T10:50:52.654+0000] {processor.py:175} INFO - Processing /home/airflow/.local/lib/python3.7/site-packages/airflow/example_dags/example_branch_labels.py took 0.174 seconds
[2023-04-02T10:51:23.436+0000] {processor.py:153} INFO - Started process (PID=8121) to work on /home/airflow/.local/lib/python3.7/site-packages/airflow/example_dags/example_branch_labels.py
[2023-04-02T10:51:23.438+0000] {processor.py:743} INFO - Processing file /home/airflow/.local/lib/python3.7/site-packages/airflow/example_dags/example_branch_labels.py for tasks to queue
[2023-04-02T10:51:23.442+0000] {logging_mixin.py:137} INFO - [2023-04-02T10:51:23.441+0000] {dagbag.py:532} INFO - Filling up the DagBag from /home/airflow/.local/lib/python3.7/site-packages/airflow/example_dags/example_branch_labels.py
[2023-04-02T10:51:23.498+0000] {processor.py:753} INFO - DAG(s) dict_keys(['example_branch_labels']) retrieved from /home/airflow/.local/lib/python3.7/site-packages/airflow/example_dags/example_branch_labels.py
[2023-04-02T10:51:23.554+0000] {logging_mixin.py:137} INFO - [2023-04-02T10:51:23.554+0000] {dag.py:2705} INFO - Sync 1 DAGs
[2023-04-02T10:51:23.609+0000] {logging_mixin.py:137} INFO - [2023-04-02T10:51:23.608+0000] {dag.py:3456} INFO - Setting next_dagrun for example_branch_labels to 2023-04-01T00:00:00+00:00, run_after=2023-04-02T00:00:00+00:00
[2023-04-02T10:51:23.649+0000] {processor.py:175} INFO - Processing /home/airflow/.local/lib/python3.7/site-packages/airflow/example_dags/example_branch_labels.py took 0.218 seconds
[2023-04-02T10:51:53.954+0000] {processor.py:153} INFO - Started process (PID=8339) to work on /home/airflow/.local/lib/python3.7/site-packages/airflow/example_dags/example_branch_labels.py
[2023-04-02T10:51:53.956+0000] {processor.py:743} INFO - Processing file /home/airflow/.local/lib/python3.7/site-packages/airflow/example_dags/example_branch_labels.py for tasks to queue
[2023-04-02T10:51:53.959+0000] {logging_mixin.py:137} INFO - [2023-04-02T10:51:53.958+0000] {dagbag.py:532} INFO - Filling up the DagBag from /home/airflow/.local/lib/python3.7/site-packages/airflow/example_dags/example_branch_labels.py
[2023-04-02T10:51:53.981+0000] {processor.py:753} INFO - DAG(s) dict_keys(['example_branch_labels']) retrieved from /home/airflow/.local/lib/python3.7/site-packages/airflow/example_dags/example_branch_labels.py
[2023-04-02T10:51:54.021+0000] {logging_mixin.py:137} INFO - [2023-04-02T10:51:54.021+0000] {dag.py:2705} INFO - Sync 1 DAGs
[2023-04-02T10:51:54.060+0000] {logging_mixin.py:137} INFO - [2023-04-02T10:51:54.060+0000] {dag.py:3456} INFO - Setting next_dagrun for example_branch_labels to 2023-04-01T00:00:00+00:00, run_after=2023-04-02T00:00:00+00:00
[2023-04-02T10:51:54.087+0000] {processor.py:175} INFO - Processing /home/airflow/.local/lib/python3.7/site-packages/airflow/example_dags/example_branch_labels.py took 0.137 seconds
[2023-04-02T10:52:24.444+0000] {processor.py:153} INFO - Started process (PID=8557) to work on /home/airflow/.local/lib/python3.7/site-packages/airflow/example_dags/example_branch_labels.py
[2023-04-02T10:52:24.453+0000] {processor.py:743} INFO - Processing file /home/airflow/.local/lib/python3.7/site-packages/airflow/example_dags/example_branch_labels.py for tasks to queue
[2023-04-02T10:52:24.457+0000] {logging_mixin.py:137} INFO - [2023-04-02T10:52:24.456+0000] {dagbag.py:532} INFO - Filling up the DagBag from /home/airflow/.local/lib/python3.7/site-packages/airflow/example_dags/example_branch_labels.py
[2023-04-02T10:52:24.490+0000] {processor.py:753} INFO - DAG(s) dict_keys(['example_branch_labels']) retrieved from /home/airflow/.local/lib/python3.7/site-packages/airflow/example_dags/example_branch_labels.py
[2023-04-02T10:52:24.543+0000] {logging_mixin.py:137} INFO - [2023-04-02T10:52:24.543+0000] {dag.py:2705} INFO - Sync 1 DAGs
[2023-04-02T10:52:24.598+0000] {logging_mixin.py:137} INFO - [2023-04-02T10:52:24.598+0000] {dag.py:3456} INFO - Setting next_dagrun for example_branch_labels to 2023-04-01T00:00:00+00:00, run_after=2023-04-02T00:00:00+00:00
[2023-04-02T10:52:24.629+0000] {processor.py:175} INFO - Processing /home/airflow/.local/lib/python3.7/site-packages/airflow/example_dags/example_branch_labels.py took 0.191 seconds
[2023-04-02T10:52:55.303+0000] {processor.py:153} INFO - Started process (PID=8776) to work on /home/airflow/.local/lib/python3.7/site-packages/airflow/example_dags/example_branch_labels.py
[2023-04-02T10:52:55.305+0000] {processor.py:743} INFO - Processing file /home/airflow/.local/lib/python3.7/site-packages/airflow/example_dags/example_branch_labels.py for tasks to queue
[2023-04-02T10:52:55.309+0000] {logging_mixin.py:137} INFO - [2023-04-02T10:52:55.308+0000] {dagbag.py:532} INFO - Filling up the DagBag from /home/airflow/.local/lib/python3.7/site-packages/airflow/example_dags/example_branch_labels.py
[2023-04-02T10:52:55.346+0000] {processor.py:753} INFO - DAG(s) dict_keys(['example_branch_labels']) retrieved from /home/airflow/.local/lib/python3.7/site-packages/airflow/example_dags/example_branch_labels.py
[2023-04-02T10:52:55.402+0000] {logging_mixin.py:137} INFO - [2023-04-02T10:52:55.402+0000] {dag.py:2705} INFO - Sync 1 DAGs
[2023-04-02T10:52:55.443+0000] {logging_mixin.py:137} INFO - [2023-04-02T10:52:55.443+0000] {dag.py:3456} INFO - Setting next_dagrun for example_branch_labels to 2023-04-01T00:00:00+00:00, run_after=2023-04-02T00:00:00+00:00
[2023-04-02T10:52:55.469+0000] {processor.py:175} INFO - Processing /home/airflow/.local/lib/python3.7/site-packages/airflow/example_dags/example_branch_labels.py took 0.173 seconds
[2023-04-02T10:53:25.976+0000] {processor.py:153} INFO - Started process (PID=8994) to work on /home/airflow/.local/lib/python3.7/site-packages/airflow/example_dags/example_branch_labels.py
[2023-04-02T10:53:25.979+0000] {processor.py:743} INFO - Processing file /home/airflow/.local/lib/python3.7/site-packages/airflow/example_dags/example_branch_labels.py for tasks to queue
[2023-04-02T10:53:25.982+0000] {logging_mixin.py:137} INFO - [2023-04-02T10:53:25.981+0000] {dagbag.py:532} INFO - Filling up the DagBag from /home/airflow/.local/lib/python3.7/site-packages/airflow/example_dags/example_branch_labels.py
[2023-04-02T10:53:26.014+0000] {processor.py:753} INFO - DAG(s) dict_keys(['example_branch_labels']) retrieved from /home/airflow/.local/lib/python3.7/site-packages/airflow/example_dags/example_branch_labels.py
[2023-04-02T10:53:26.061+0000] {logging_mixin.py:137} INFO - [2023-04-02T10:53:26.061+0000] {dag.py:2705} INFO - Sync 1 DAGs
[2023-04-02T10:53:26.127+0000] {logging_mixin.py:137} INFO - [2023-04-02T10:53:26.126+0000] {dag.py:3456} INFO - Setting next_dagrun for example_branch_labels to 2023-04-01T00:00:00+00:00, run_after=2023-04-02T00:00:00+00:00
[2023-04-02T10:53:26.156+0000] {processor.py:175} INFO - Processing /home/airflow/.local/lib/python3.7/site-packages/airflow/example_dags/example_branch_labels.py took 0.188 seconds
[2023-04-02T10:53:56.409+0000] {processor.py:153} INFO - Started process (PID=9212) to work on /home/airflow/.local/lib/python3.7/site-packages/airflow/example_dags/example_branch_labels.py
[2023-04-02T10:53:56.412+0000] {processor.py:743} INFO - Processing file /home/airflow/.local/lib/python3.7/site-packages/airflow/example_dags/example_branch_labels.py for tasks to queue
[2023-04-02T10:53:56.415+0000] {logging_mixin.py:137} INFO - [2023-04-02T10:53:56.414+0000] {dagbag.py:532} INFO - Filling up the DagBag from /home/airflow/.local/lib/python3.7/site-packages/airflow/example_dags/example_branch_labels.py
[2023-04-02T10:53:56.441+0000] {processor.py:753} INFO - DAG(s) dict_keys(['example_branch_labels']) retrieved from /home/airflow/.local/lib/python3.7/site-packages/airflow/example_dags/example_branch_labels.py
[2023-04-02T10:53:56.483+0000] {logging_mixin.py:137} INFO - [2023-04-02T10:53:56.483+0000] {dag.py:2705} INFO - Sync 1 DAGs
[2023-04-02T10:53:56.534+0000] {logging_mixin.py:137} INFO - [2023-04-02T10:53:56.533+0000] {dag.py:3456} INFO - Setting next_dagrun for example_branch_labels to 2023-04-01T00:00:00+00:00, run_after=2023-04-02T00:00:00+00:00
[2023-04-02T10:53:56.562+0000] {processor.py:175} INFO - Processing /home/airflow/.local/lib/python3.7/site-packages/airflow/example_dags/example_branch_labels.py took 0.158 seconds
[2023-04-02T10:54:27.421+0000] {processor.py:153} INFO - Started process (PID=9430) to work on /home/airflow/.local/lib/python3.7/site-packages/airflow/example_dags/example_branch_labels.py
[2023-04-02T10:54:27.424+0000] {processor.py:743} INFO - Processing file /home/airflow/.local/lib/python3.7/site-packages/airflow/example_dags/example_branch_labels.py for tasks to queue
[2023-04-02T10:54:27.431+0000] {logging_mixin.py:137} INFO - [2023-04-02T10:54:27.430+0000] {dagbag.py:532} INFO - Filling up the DagBag from /home/airflow/.local/lib/python3.7/site-packages/airflow/example_dags/example_branch_labels.py
[2023-04-02T10:54:27.488+0000] {processor.py:753} INFO - DAG(s) dict_keys(['example_branch_labels']) retrieved from /home/airflow/.local/lib/python3.7/site-packages/airflow/example_dags/example_branch_labels.py
[2023-04-02T10:54:27.554+0000] {logging_mixin.py:137} INFO - [2023-04-02T10:54:27.554+0000] {dag.py:2705} INFO - Sync 1 DAGs
[2023-04-02T10:54:27.636+0000] {logging_mixin.py:137} INFO - [2023-04-02T10:54:27.636+0000] {dag.py:3456} INFO - Setting next_dagrun for example_branch_labels to 2023-04-01T00:00:00+00:00, run_after=2023-04-02T00:00:00+00:00
[2023-04-02T10:54:27.687+0000] {processor.py:175} INFO - Processing /home/airflow/.local/lib/python3.7/site-packages/airflow/example_dags/example_branch_labels.py took 0.273 seconds
[2023-04-02T10:54:58.044+0000] {processor.py:153} INFO - Started process (PID=9648) to work on /home/airflow/.local/lib/python3.7/site-packages/airflow/example_dags/example_branch_labels.py
[2023-04-02T10:54:58.047+0000] {processor.py:743} INFO - Processing file /home/airflow/.local/lib/python3.7/site-packages/airflow/example_dags/example_branch_labels.py for tasks to queue
[2023-04-02T10:54:58.050+0000] {logging_mixin.py:137} INFO - [2023-04-02T10:54:58.050+0000] {dagbag.py:532} INFO - Filling up the DagBag from /home/airflow/.local/lib/python3.7/site-packages/airflow/example_dags/example_branch_labels.py
[2023-04-02T10:54:58.080+0000] {processor.py:753} INFO - DAG(s) dict_keys(['example_branch_labels']) retrieved from /home/airflow/.local/lib/python3.7/site-packages/airflow/example_dags/example_branch_labels.py
[2023-04-02T10:54:58.133+0000] {logging_mixin.py:137} INFO - [2023-04-02T10:54:58.133+0000] {dag.py:2705} INFO - Sync 1 DAGs
[2023-04-02T10:54:58.199+0000] {logging_mixin.py:137} INFO - [2023-04-02T10:54:58.199+0000] {dag.py:3456} INFO - Setting next_dagrun for example_branch_labels to 2023-04-01T00:00:00+00:00, run_after=2023-04-02T00:00:00+00:00
[2023-04-02T10:54:58.237+0000] {processor.py:175} INFO - Processing /home/airflow/.local/lib/python3.7/site-packages/airflow/example_dags/example_branch_labels.py took 0.208 seconds
[2023-04-02T10:55:28.590+0000] {processor.py:153} INFO - Started process (PID=9866) to work on /home/airflow/.local/lib/python3.7/site-packages/airflow/example_dags/example_branch_labels.py
[2023-04-02T10:55:28.592+0000] {processor.py:743} INFO - Processing file /home/airflow/.local/lib/python3.7/site-packages/airflow/example_dags/example_branch_labels.py for tasks to queue
[2023-04-02T10:55:28.595+0000] {logging_mixin.py:137} INFO - [2023-04-02T10:55:28.594+0000] {dagbag.py:532} INFO - Filling up the DagBag from /home/airflow/.local/lib/python3.7/site-packages/airflow/example_dags/example_branch_labels.py
[2023-04-02T10:55:28.619+0000] {processor.py:753} INFO - DAG(s) dict_keys(['example_branch_labels']) retrieved from /home/airflow/.local/lib/python3.7/site-packages/airflow/example_dags/example_branch_labels.py
[2023-04-02T10:55:28.674+0000] {logging_mixin.py:137} INFO - [2023-04-02T10:55:28.674+0000] {dag.py:2705} INFO - Sync 1 DAGs
[2023-04-02T10:55:28.733+0000] {logging_mixin.py:137} INFO - [2023-04-02T10:55:28.733+0000] {dag.py:3456} INFO - Setting next_dagrun for example_branch_labels to 2023-04-01T00:00:00+00:00, run_after=2023-04-02T00:00:00+00:00
[2023-04-02T10:55:28.771+0000] {processor.py:175} INFO - Processing /home/airflow/.local/lib/python3.7/site-packages/airflow/example_dags/example_branch_labels.py took 0.188 seconds
[2023-04-02T10:55:59.139+0000] {processor.py:153} INFO - Started process (PID=10084) to work on /home/airflow/.local/lib/python3.7/site-packages/airflow/example_dags/example_branch_labels.py
[2023-04-02T10:55:59.145+0000] {processor.py:743} INFO - Processing file /home/airflow/.local/lib/python3.7/site-packages/airflow/example_dags/example_branch_labels.py for tasks to queue
[2023-04-02T10:55:59.148+0000] {logging_mixin.py:137} INFO - [2023-04-02T10:55:59.148+0000] {dagbag.py:532} INFO - Filling up the DagBag from /home/airflow/.local/lib/python3.7/site-packages/airflow/example_dags/example_branch_labels.py
[2023-04-02T10:55:59.227+0000] {processor.py:753} INFO - DAG(s) dict_keys(['example_branch_labels']) retrieved from /home/airflow/.local/lib/python3.7/site-packages/airflow/example_dags/example_branch_labels.py
[2023-04-02T10:55:59.327+0000] {logging_mixin.py:137} INFO - [2023-04-02T10:55:59.326+0000] {dag.py:2705} INFO - Sync 1 DAGs
[2023-04-02T10:55:59.430+0000] {logging_mixin.py:137} INFO - [2023-04-02T10:55:59.430+0000] {dag.py:3456} INFO - Setting next_dagrun for example_branch_labels to 2023-04-01T00:00:00+00:00, run_after=2023-04-02T00:00:00+00:00
[2023-04-02T10:55:59.496+0000] {processor.py:175} INFO - Processing /home/airflow/.local/lib/python3.7/site-packages/airflow/example_dags/example_branch_labels.py took 0.368 seconds
[2023-04-02T10:56:29.800+0000] {processor.py:153} INFO - Started process (PID=10302) to work on /home/airflow/.local/lib/python3.7/site-packages/airflow/example_dags/example_branch_labels.py
[2023-04-02T10:56:29.804+0000] {processor.py:743} INFO - Processing file /home/airflow/.local/lib/python3.7/site-packages/airflow/example_dags/example_branch_labels.py for tasks to queue
[2023-04-02T10:56:29.806+0000] {logging_mixin.py:137} INFO - [2023-04-02T10:56:29.806+0000] {dagbag.py:532} INFO - Filling up the DagBag from /home/airflow/.local/lib/python3.7/site-packages/airflow/example_dags/example_branch_labels.py
[2023-04-02T10:56:29.830+0000] {processor.py:753} INFO - DAG(s) dict_keys(['example_branch_labels']) retrieved from /home/airflow/.local/lib/python3.7/site-packages/airflow/example_dags/example_branch_labels.py
[2023-04-02T10:56:29.883+0000] {logging_mixin.py:137} INFO - [2023-04-02T10:56:29.883+0000] {dag.py:2705} INFO - Sync 1 DAGs
[2023-04-02T10:56:29.954+0000] {logging_mixin.py:137} INFO - [2023-04-02T10:56:29.953+0000] {dag.py:3456} INFO - Setting next_dagrun for example_branch_labels to 2023-04-01T00:00:00+00:00, run_after=2023-04-02T00:00:00+00:00
[2023-04-02T10:56:29.995+0000] {processor.py:175} INFO - Processing /home/airflow/.local/lib/python3.7/site-packages/airflow/example_dags/example_branch_labels.py took 0.204 seconds
[2023-04-02T10:57:01.213+0000] {processor.py:153} INFO - Started process (PID=10518) to work on /home/airflow/.local/lib/python3.7/site-packages/airflow/example_dags/example_branch_labels.py
[2023-04-02T10:57:01.218+0000] {processor.py:743} INFO - Processing file /home/airflow/.local/lib/python3.7/site-packages/airflow/example_dags/example_branch_labels.py for tasks to queue
[2023-04-02T10:57:01.225+0000] {logging_mixin.py:137} INFO - [2023-04-02T10:57:01.223+0000] {dagbag.py:532} INFO - Filling up the DagBag from /home/airflow/.local/lib/python3.7/site-packages/airflow/example_dags/example_branch_labels.py
[2023-04-02T10:57:01.278+0000] {processor.py:753} INFO - DAG(s) dict_keys(['example_branch_labels']) retrieved from /home/airflow/.local/lib/python3.7/site-packages/airflow/example_dags/example_branch_labels.py
[2023-04-02T10:57:01.347+0000] {logging_mixin.py:137} INFO - [2023-04-02T10:57:01.347+0000] {dag.py:2705} INFO - Sync 1 DAGs
[2023-04-02T10:57:01.391+0000] {logging_mixin.py:137} INFO - [2023-04-02T10:57:01.391+0000] {dag.py:3456} INFO - Setting next_dagrun for example_branch_labels to 2023-04-01T00:00:00+00:00, run_after=2023-04-02T00:00:00+00:00
[2023-04-02T10:57:01.462+0000] {processor.py:175} INFO - Processing /home/airflow/.local/lib/python3.7/site-packages/airflow/example_dags/example_branch_labels.py took 0.260 seconds
[2023-04-02T10:57:32.320+0000] {processor.py:153} INFO - Started process (PID=10740) to work on /home/airflow/.local/lib/python3.7/site-packages/airflow/example_dags/example_branch_labels.py
[2023-04-02T10:57:32.322+0000] {processor.py:743} INFO - Processing file /home/airflow/.local/lib/python3.7/site-packages/airflow/example_dags/example_branch_labels.py for tasks to queue
[2023-04-02T10:57:32.324+0000] {logging_mixin.py:137} INFO - [2023-04-02T10:57:32.324+0000] {dagbag.py:532} INFO - Filling up the DagBag from /home/airflow/.local/lib/python3.7/site-packages/airflow/example_dags/example_branch_labels.py
[2023-04-02T10:57:32.358+0000] {processor.py:753} INFO - DAG(s) dict_keys(['example_branch_labels']) retrieved from /home/airflow/.local/lib/python3.7/site-packages/airflow/example_dags/example_branch_labels.py
[2023-04-02T10:57:32.407+0000] {logging_mixin.py:137} INFO - [2023-04-02T10:57:32.407+0000] {dag.py:2705} INFO - Sync 1 DAGs
[2023-04-02T10:57:32.458+0000] {logging_mixin.py:137} INFO - [2023-04-02T10:57:32.458+0000] {dag.py:3456} INFO - Setting next_dagrun for example_branch_labels to 2023-04-01T00:00:00+00:00, run_after=2023-04-02T00:00:00+00:00
[2023-04-02T10:57:32.498+0000] {processor.py:175} INFO - Processing /home/airflow/.local/lib/python3.7/site-packages/airflow/example_dags/example_branch_labels.py took 0.183 seconds
[2023-04-02T10:58:02.690+0000] {processor.py:153} INFO - Started process (PID=10956) to work on /home/airflow/.local/lib/python3.7/site-packages/airflow/example_dags/example_branch_labels.py
[2023-04-02T10:58:02.692+0000] {processor.py:743} INFO - Processing file /home/airflow/.local/lib/python3.7/site-packages/airflow/example_dags/example_branch_labels.py for tasks to queue
[2023-04-02T10:58:02.699+0000] {logging_mixin.py:137} INFO - [2023-04-02T10:58:02.695+0000] {dagbag.py:532} INFO - Filling up the DagBag from /home/airflow/.local/lib/python3.7/site-packages/airflow/example_dags/example_branch_labels.py
[2023-04-02T10:58:02.721+0000] {processor.py:753} INFO - DAG(s) dict_keys(['example_branch_labels']) retrieved from /home/airflow/.local/lib/python3.7/site-packages/airflow/example_dags/example_branch_labels.py
[2023-04-02T10:58:02.763+0000] {logging_mixin.py:137} INFO - [2023-04-02T10:58:02.762+0000] {dag.py:2705} INFO - Sync 1 DAGs
[2023-04-02T10:58:02.800+0000] {logging_mixin.py:137} INFO - [2023-04-02T10:58:02.800+0000] {dag.py:3456} INFO - Setting next_dagrun for example_branch_labels to 2023-04-01T00:00:00+00:00, run_after=2023-04-02T00:00:00+00:00
[2023-04-02T10:58:02.833+0000] {processor.py:175} INFO - Processing /home/airflow/.local/lib/python3.7/site-packages/airflow/example_dags/example_branch_labels.py took 0.152 seconds
[2023-04-02T10:58:33.101+0000] {processor.py:153} INFO - Started process (PID=11174) to work on /home/airflow/.local/lib/python3.7/site-packages/airflow/example_dags/example_branch_labels.py
[2023-04-02T10:58:33.103+0000] {processor.py:743} INFO - Processing file /home/airflow/.local/lib/python3.7/site-packages/airflow/example_dags/example_branch_labels.py for tasks to queue
[2023-04-02T10:58:33.105+0000] {logging_mixin.py:137} INFO - [2023-04-02T10:58:33.104+0000] {dagbag.py:532} INFO - Filling up the DagBag from /home/airflow/.local/lib/python3.7/site-packages/airflow/example_dags/example_branch_labels.py
[2023-04-02T10:58:33.133+0000] {processor.py:753} INFO - DAG(s) dict_keys(['example_branch_labels']) retrieved from /home/airflow/.local/lib/python3.7/site-packages/airflow/example_dags/example_branch_labels.py
[2023-04-02T10:58:33.179+0000] {logging_mixin.py:137} INFO - [2023-04-02T10:58:33.179+0000] {dag.py:2705} INFO - Sync 1 DAGs
[2023-04-02T10:58:33.229+0000] {logging_mixin.py:137} INFO - [2023-04-02T10:58:33.228+0000] {dag.py:3456} INFO - Setting next_dagrun for example_branch_labels to 2023-04-01T00:00:00+00:00, run_after=2023-04-02T00:00:00+00:00
[2023-04-02T10:58:33.251+0000] {processor.py:175} INFO - Processing /home/airflow/.local/lib/python3.7/site-packages/airflow/example_dags/example_branch_labels.py took 0.156 seconds
[2023-04-02T10:59:03.632+0000] {processor.py:153} INFO - Started process (PID=11394) to work on /home/airflow/.local/lib/python3.7/site-packages/airflow/example_dags/example_branch_labels.py
[2023-04-02T10:59:03.633+0000] {processor.py:743} INFO - Processing file /home/airflow/.local/lib/python3.7/site-packages/airflow/example_dags/example_branch_labels.py for tasks to queue
[2023-04-02T10:59:03.635+0000] {logging_mixin.py:137} INFO - [2023-04-02T10:59:03.635+0000] {dagbag.py:532} INFO - Filling up the DagBag from /home/airflow/.local/lib/python3.7/site-packages/airflow/example_dags/example_branch_labels.py
[2023-04-02T10:59:03.665+0000] {processor.py:753} INFO - DAG(s) dict_keys(['example_branch_labels']) retrieved from /home/airflow/.local/lib/python3.7/site-packages/airflow/example_dags/example_branch_labels.py
[2023-04-02T10:59:03.718+0000] {logging_mixin.py:137} INFO - [2023-04-02T10:59:03.718+0000] {dag.py:2705} INFO - Sync 1 DAGs
[2023-04-02T10:59:03.759+0000] {logging_mixin.py:137} INFO - [2023-04-02T10:59:03.759+0000] {dag.py:3456} INFO - Setting next_dagrun for example_branch_labels to 2023-04-01T00:00:00+00:00, run_after=2023-04-02T00:00:00+00:00
[2023-04-02T10:59:03.791+0000] {processor.py:175} INFO - Processing /home/airflow/.local/lib/python3.7/site-packages/airflow/example_dags/example_branch_labels.py took 0.164 seconds
[2023-04-02T10:59:34.674+0000] {processor.py:153} INFO - Started process (PID=11612) to work on /home/airflow/.local/lib/python3.7/site-packages/airflow/example_dags/example_branch_labels.py
[2023-04-02T10:59:34.677+0000] {processor.py:743} INFO - Processing file /home/airflow/.local/lib/python3.7/site-packages/airflow/example_dags/example_branch_labels.py for tasks to queue
[2023-04-02T10:59:34.682+0000] {logging_mixin.py:137} INFO - [2023-04-02T10:59:34.681+0000] {dagbag.py:532} INFO - Filling up the DagBag from /home/airflow/.local/lib/python3.7/site-packages/airflow/example_dags/example_branch_labels.py
[2023-04-02T10:59:34.714+0000] {processor.py:753} INFO - DAG(s) dict_keys(['example_branch_labels']) retrieved from /home/airflow/.local/lib/python3.7/site-packages/airflow/example_dags/example_branch_labels.py
[2023-04-02T10:59:34.779+0000] {logging_mixin.py:137} INFO - [2023-04-02T10:59:34.779+0000] {dag.py:2705} INFO - Sync 1 DAGs
[2023-04-02T10:59:34.854+0000] {logging_mixin.py:137} INFO - [2023-04-02T10:59:34.853+0000] {dag.py:3456} INFO - Setting next_dagrun for example_branch_labels to 2023-04-01T00:00:00+00:00, run_after=2023-04-02T00:00:00+00:00
[2023-04-02T10:59:34.894+0000] {processor.py:175} INFO - Processing /home/airflow/.local/lib/python3.7/site-packages/airflow/example_dags/example_branch_labels.py took 0.227 seconds
[2023-04-02T11:00:04.965+0000] {processor.py:153} INFO - Started process (PID=11828) to work on /home/airflow/.local/lib/python3.7/site-packages/airflow/example_dags/example_branch_labels.py
[2023-04-02T11:00:04.966+0000] {processor.py:743} INFO - Processing file /home/airflow/.local/lib/python3.7/site-packages/airflow/example_dags/example_branch_labels.py for tasks to queue
[2023-04-02T11:00:04.969+0000] {logging_mixin.py:137} INFO - [2023-04-02T11:00:04.968+0000] {dagbag.py:532} INFO - Filling up the DagBag from /home/airflow/.local/lib/python3.7/site-packages/airflow/example_dags/example_branch_labels.py
[2023-04-02T11:00:04.999+0000] {processor.py:753} INFO - DAG(s) dict_keys(['example_branch_labels']) retrieved from /home/airflow/.local/lib/python3.7/site-packages/airflow/example_dags/example_branch_labels.py
[2023-04-02T11:00:05.038+0000] {logging_mixin.py:137} INFO - [2023-04-02T11:00:05.038+0000] {dag.py:2705} INFO - Sync 1 DAGs
[2023-04-02T11:00:05.076+0000] {logging_mixin.py:137} INFO - [2023-04-02T11:00:05.076+0000] {dag.py:3456} INFO - Setting next_dagrun for example_branch_labels to 2023-04-01T00:00:00+00:00, run_after=2023-04-02T00:00:00+00:00
[2023-04-02T11:00:05.124+0000] {processor.py:175} INFO - Processing /home/airflow/.local/lib/python3.7/site-packages/airflow/example_dags/example_branch_labels.py took 0.164 seconds
[2023-04-02T11:00:35.596+0000] {processor.py:153} INFO - Started process (PID=12046) to work on /home/airflow/.local/lib/python3.7/site-packages/airflow/example_dags/example_branch_labels.py
[2023-04-02T11:00:35.598+0000] {processor.py:743} INFO - Processing file /home/airflow/.local/lib/python3.7/site-packages/airflow/example_dags/example_branch_labels.py for tasks to queue
[2023-04-02T11:00:35.604+0000] {logging_mixin.py:137} INFO - [2023-04-02T11:00:35.602+0000] {dagbag.py:532} INFO - Filling up the DagBag from /home/airflow/.local/lib/python3.7/site-packages/airflow/example_dags/example_branch_labels.py
[2023-04-02T11:00:35.634+0000] {processor.py:753} INFO - DAG(s) dict_keys(['example_branch_labels']) retrieved from /home/airflow/.local/lib/python3.7/site-packages/airflow/example_dags/example_branch_labels.py
[2023-04-02T11:00:35.679+0000] {logging_mixin.py:137} INFO - [2023-04-02T11:00:35.679+0000] {dag.py:2705} INFO - Sync 1 DAGs
[2023-04-02T11:00:35.741+0000] {logging_mixin.py:137} INFO - [2023-04-02T11:00:35.741+0000] {dag.py:3456} INFO - Setting next_dagrun for example_branch_labels to 2023-04-01T00:00:00+00:00, run_after=2023-04-02T00:00:00+00:00
[2023-04-02T11:00:35.769+0000] {processor.py:175} INFO - Processing /home/airflow/.local/lib/python3.7/site-packages/airflow/example_dags/example_branch_labels.py took 0.185 seconds
[2023-04-02T11:01:06.061+0000] {processor.py:153} INFO - Started process (PID=12266) to work on /home/airflow/.local/lib/python3.7/site-packages/airflow/example_dags/example_branch_labels.py
[2023-04-02T11:01:06.063+0000] {processor.py:743} INFO - Processing file /home/airflow/.local/lib/python3.7/site-packages/airflow/example_dags/example_branch_labels.py for tasks to queue
[2023-04-02T11:01:06.067+0000] {logging_mixin.py:137} INFO - [2023-04-02T11:01:06.067+0000] {dagbag.py:532} INFO - Filling up the DagBag from /home/airflow/.local/lib/python3.7/site-packages/airflow/example_dags/example_branch_labels.py
[2023-04-02T11:01:06.100+0000] {processor.py:753} INFO - DAG(s) dict_keys(['example_branch_labels']) retrieved from /home/airflow/.local/lib/python3.7/site-packages/airflow/example_dags/example_branch_labels.py
[2023-04-02T11:01:06.166+0000] {logging_mixin.py:137} INFO - [2023-04-02T11:01:06.165+0000] {dag.py:2705} INFO - Sync 1 DAGs
[2023-04-02T11:01:06.238+0000] {logging_mixin.py:137} INFO - [2023-04-02T11:01:06.238+0000] {dag.py:3456} INFO - Setting next_dagrun for example_branch_labels to 2023-04-01T00:00:00+00:00, run_after=2023-04-02T00:00:00+00:00
[2023-04-02T11:01:06.273+0000] {processor.py:175} INFO - Processing /home/airflow/.local/lib/python3.7/site-packages/airflow/example_dags/example_branch_labels.py took 0.217 seconds
[2023-04-02T11:01:36.398+0000] {processor.py:153} INFO - Started process (PID=12482) to work on /home/airflow/.local/lib/python3.7/site-packages/airflow/example_dags/example_branch_labels.py
[2023-04-02T11:01:36.400+0000] {processor.py:743} INFO - Processing file /home/airflow/.local/lib/python3.7/site-packages/airflow/example_dags/example_branch_labels.py for tasks to queue
[2023-04-02T11:01:36.403+0000] {logging_mixin.py:137} INFO - [2023-04-02T11:01:36.402+0000] {dagbag.py:532} INFO - Filling up the DagBag from /home/airflow/.local/lib/python3.7/site-packages/airflow/example_dags/example_branch_labels.py
[2023-04-02T11:01:36.436+0000] {processor.py:753} INFO - DAG(s) dict_keys(['example_branch_labels']) retrieved from /home/airflow/.local/lib/python3.7/site-packages/airflow/example_dags/example_branch_labels.py
[2023-04-02T11:01:36.486+0000] {logging_mixin.py:137} INFO - [2023-04-02T11:01:36.485+0000] {dag.py:2705} INFO - Sync 1 DAGs
[2023-04-02T11:01:36.528+0000] {logging_mixin.py:137} INFO - [2023-04-02T11:01:36.528+0000] {dag.py:3456} INFO - Setting next_dagrun for example_branch_labels to 2023-04-01T00:00:00+00:00, run_after=2023-04-02T00:00:00+00:00
[2023-04-02T11:01:36.559+0000] {processor.py:175} INFO - Processing /home/airflow/.local/lib/python3.7/site-packages/airflow/example_dags/example_branch_labels.py took 0.174 seconds
[2023-04-02T11:02:06.827+0000] {processor.py:153} INFO - Started process (PID=12702) to work on /home/airflow/.local/lib/python3.7/site-packages/airflow/example_dags/example_branch_labels.py
[2023-04-02T11:02:06.829+0000] {processor.py:743} INFO - Processing file /home/airflow/.local/lib/python3.7/site-packages/airflow/example_dags/example_branch_labels.py for tasks to queue
[2023-04-02T11:02:06.833+0000] {logging_mixin.py:137} INFO - [2023-04-02T11:02:06.832+0000] {dagbag.py:532} INFO - Filling up the DagBag from /home/airflow/.local/lib/python3.7/site-packages/airflow/example_dags/example_branch_labels.py
[2023-04-02T11:02:06.867+0000] {processor.py:753} INFO - DAG(s) dict_keys(['example_branch_labels']) retrieved from /home/airflow/.local/lib/python3.7/site-packages/airflow/example_dags/example_branch_labels.py
[2023-04-02T11:02:06.924+0000] {logging_mixin.py:137} INFO - [2023-04-02T11:02:06.924+0000] {dag.py:2705} INFO - Sync 1 DAGs
[2023-04-02T11:02:06.982+0000] {logging_mixin.py:137} INFO - [2023-04-02T11:02:06.982+0000] {dag.py:3456} INFO - Setting next_dagrun for example_branch_labels to 2023-04-01T00:00:00+00:00, run_after=2023-04-02T00:00:00+00:00
[2023-04-02T11:02:07.045+0000] {processor.py:175} INFO - Processing /home/airflow/.local/lib/python3.7/site-packages/airflow/example_dags/example_branch_labels.py took 0.225 seconds
[2023-04-02T11:02:37.892+0000] {processor.py:153} INFO - Started process (PID=12918) to work on /home/airflow/.local/lib/python3.7/site-packages/airflow/example_dags/example_branch_labels.py
[2023-04-02T11:02:37.895+0000] {processor.py:743} INFO - Processing file /home/airflow/.local/lib/python3.7/site-packages/airflow/example_dags/example_branch_labels.py for tasks to queue
[2023-04-02T11:02:37.898+0000] {logging_mixin.py:137} INFO - [2023-04-02T11:02:37.898+0000] {dagbag.py:532} INFO - Filling up the DagBag from /home/airflow/.local/lib/python3.7/site-packages/airflow/example_dags/example_branch_labels.py
[2023-04-02T11:02:37.931+0000] {processor.py:753} INFO - DAG(s) dict_keys(['example_branch_labels']) retrieved from /home/airflow/.local/lib/python3.7/site-packages/airflow/example_dags/example_branch_labels.py
[2023-04-02T11:02:37.994+0000] {logging_mixin.py:137} INFO - [2023-04-02T11:02:37.993+0000] {dag.py:2705} INFO - Sync 1 DAGs
[2023-04-02T11:02:38.036+0000] {logging_mixin.py:137} INFO - [2023-04-02T11:02:38.036+0000] {dag.py:3456} INFO - Setting next_dagrun for example_branch_labels to 2023-04-01T00:00:00+00:00, run_after=2023-04-02T00:00:00+00:00
[2023-04-02T11:02:38.102+0000] {processor.py:175} INFO - Processing /home/airflow/.local/lib/python3.7/site-packages/airflow/example_dags/example_branch_labels.py took 0.219 seconds
[2023-04-02T11:03:08.977+0000] {processor.py:153} INFO - Started process (PID=13137) to work on /home/airflow/.local/lib/python3.7/site-packages/airflow/example_dags/example_branch_labels.py
[2023-04-02T11:03:08.978+0000] {processor.py:743} INFO - Processing file /home/airflow/.local/lib/python3.7/site-packages/airflow/example_dags/example_branch_labels.py for tasks to queue
[2023-04-02T11:03:08.989+0000] {logging_mixin.py:137} INFO - [2023-04-02T11:03:08.987+0000] {dagbag.py:532} INFO - Filling up the DagBag from /home/airflow/.local/lib/python3.7/site-packages/airflow/example_dags/example_branch_labels.py
[2023-04-02T11:03:09.029+0000] {processor.py:753} INFO - DAG(s) dict_keys(['example_branch_labels']) retrieved from /home/airflow/.local/lib/python3.7/site-packages/airflow/example_dags/example_branch_labels.py
[2023-04-02T11:03:09.069+0000] {logging_mixin.py:137} INFO - [2023-04-02T11:03:09.069+0000] {dag.py:2705} INFO - Sync 1 DAGs
[2023-04-02T11:03:09.149+0000] {logging_mixin.py:137} INFO - [2023-04-02T11:03:09.145+0000] {dag.py:3456} INFO - Setting next_dagrun for example_branch_labels to 2023-04-01T00:00:00+00:00, run_after=2023-04-02T00:00:00+00:00
[2023-04-02T11:03:09.214+0000] {processor.py:175} INFO - Processing /home/airflow/.local/lib/python3.7/site-packages/airflow/example_dags/example_branch_labels.py took 0.245 seconds
[2023-04-02T11:03:39.490+0000] {processor.py:153} INFO - Started process (PID=13356) to work on /home/airflow/.local/lib/python3.7/site-packages/airflow/example_dags/example_branch_labels.py
[2023-04-02T11:03:39.493+0000] {processor.py:743} INFO - Processing file /home/airflow/.local/lib/python3.7/site-packages/airflow/example_dags/example_branch_labels.py for tasks to queue
[2023-04-02T11:03:39.500+0000] {logging_mixin.py:137} INFO - [2023-04-02T11:03:39.499+0000] {dagbag.py:532} INFO - Filling up the DagBag from /home/airflow/.local/lib/python3.7/site-packages/airflow/example_dags/example_branch_labels.py
[2023-04-02T11:03:39.538+0000] {processor.py:753} INFO - DAG(s) dict_keys(['example_branch_labels']) retrieved from /home/airflow/.local/lib/python3.7/site-packages/airflow/example_dags/example_branch_labels.py
[2023-04-02T11:03:39.622+0000] {logging_mixin.py:137} INFO - [2023-04-02T11:03:39.622+0000] {dag.py:2705} INFO - Sync 1 DAGs
[2023-04-02T11:03:39.714+0000] {logging_mixin.py:137} INFO - [2023-04-02T11:03:39.714+0000] {dag.py:3456} INFO - Setting next_dagrun for example_branch_labels to 2023-04-01T00:00:00+00:00, run_after=2023-04-02T00:00:00+00:00
[2023-04-02T11:03:39.759+0000] {processor.py:175} INFO - Processing /home/airflow/.local/lib/python3.7/site-packages/airflow/example_dags/example_branch_labels.py took 0.287 seconds
[2023-04-02T11:04:10.098+0000] {processor.py:153} INFO - Started process (PID=13574) to work on /home/airflow/.local/lib/python3.7/site-packages/airflow/example_dags/example_branch_labels.py
[2023-04-02T11:04:10.099+0000] {processor.py:743} INFO - Processing file /home/airflow/.local/lib/python3.7/site-packages/airflow/example_dags/example_branch_labels.py for tasks to queue
[2023-04-02T11:04:10.103+0000] {logging_mixin.py:137} INFO - [2023-04-02T11:04:10.102+0000] {dagbag.py:532} INFO - Filling up the DagBag from /home/airflow/.local/lib/python3.7/site-packages/airflow/example_dags/example_branch_labels.py
[2023-04-02T11:04:10.142+0000] {processor.py:753} INFO - DAG(s) dict_keys(['example_branch_labels']) retrieved from /home/airflow/.local/lib/python3.7/site-packages/airflow/example_dags/example_branch_labels.py
[2023-04-02T11:04:10.211+0000] {logging_mixin.py:137} INFO - [2023-04-02T11:04:10.211+0000] {dag.py:2705} INFO - Sync 1 DAGs
[2023-04-02T11:04:10.291+0000] {logging_mixin.py:137} INFO - [2023-04-02T11:04:10.290+0000] {dag.py:3456} INFO - Setting next_dagrun for example_branch_labels to 2023-04-01T00:00:00+00:00, run_after=2023-04-02T00:00:00+00:00
[2023-04-02T11:04:10.330+0000] {processor.py:175} INFO - Processing /home/airflow/.local/lib/python3.7/site-packages/airflow/example_dags/example_branch_labels.py took 0.236 seconds
[2023-04-02T11:04:40.608+0000] {processor.py:153} INFO - Started process (PID=13790) to work on /home/airflow/.local/lib/python3.7/site-packages/airflow/example_dags/example_branch_labels.py
[2023-04-02T11:04:40.612+0000] {processor.py:743} INFO - Processing file /home/airflow/.local/lib/python3.7/site-packages/airflow/example_dags/example_branch_labels.py for tasks to queue
[2023-04-02T11:04:40.614+0000] {logging_mixin.py:137} INFO - [2023-04-02T11:04:40.613+0000] {dagbag.py:532} INFO - Filling up the DagBag from /home/airflow/.local/lib/python3.7/site-packages/airflow/example_dags/example_branch_labels.py
[2023-04-02T11:04:40.646+0000] {processor.py:753} INFO - DAG(s) dict_keys(['example_branch_labels']) retrieved from /home/airflow/.local/lib/python3.7/site-packages/airflow/example_dags/example_branch_labels.py
[2023-04-02T11:04:40.739+0000] {logging_mixin.py:137} INFO - [2023-04-02T11:04:40.738+0000] {dag.py:2705} INFO - Sync 1 DAGs
[2023-04-02T11:04:40.797+0000] {logging_mixin.py:137} INFO - [2023-04-02T11:04:40.797+0000] {dag.py:3456} INFO - Setting next_dagrun for example_branch_labels to 2023-04-01T00:00:00+00:00, run_after=2023-04-02T00:00:00+00:00
[2023-04-02T11:04:40.841+0000] {processor.py:175} INFO - Processing /home/airflow/.local/lib/python3.7/site-packages/airflow/example_dags/example_branch_labels.py took 0.243 seconds
[2023-04-02T11:05:11.461+0000] {processor.py:153} INFO - Started process (PID=14008) to work on /home/airflow/.local/lib/python3.7/site-packages/airflow/example_dags/example_branch_labels.py
[2023-04-02T11:05:11.463+0000] {processor.py:743} INFO - Processing file /home/airflow/.local/lib/python3.7/site-packages/airflow/example_dags/example_branch_labels.py for tasks to queue
[2023-04-02T11:05:11.466+0000] {logging_mixin.py:137} INFO - [2023-04-02T11:05:11.465+0000] {dagbag.py:532} INFO - Filling up the DagBag from /home/airflow/.local/lib/python3.7/site-packages/airflow/example_dags/example_branch_labels.py
[2023-04-02T11:05:11.513+0000] {processor.py:753} INFO - DAG(s) dict_keys(['example_branch_labels']) retrieved from /home/airflow/.local/lib/python3.7/site-packages/airflow/example_dags/example_branch_labels.py
[2023-04-02T11:05:11.567+0000] {logging_mixin.py:137} INFO - [2023-04-02T11:05:11.567+0000] {dag.py:2705} INFO - Sync 1 DAGs
[2023-04-02T11:05:11.638+0000] {logging_mixin.py:137} INFO - [2023-04-02T11:05:11.638+0000] {dag.py:3456} INFO - Setting next_dagrun for example_branch_labels to 2023-04-01T00:00:00+00:00, run_after=2023-04-02T00:00:00+00:00
[2023-04-02T11:05:11.686+0000] {processor.py:175} INFO - Processing /home/airflow/.local/lib/python3.7/site-packages/airflow/example_dags/example_branch_labels.py took 0.230 seconds
[2023-04-02T11:05:42.152+0000] {processor.py:153} INFO - Started process (PID=14226) to work on /home/airflow/.local/lib/python3.7/site-packages/airflow/example_dags/example_branch_labels.py
[2023-04-02T11:05:42.156+0000] {processor.py:743} INFO - Processing file /home/airflow/.local/lib/python3.7/site-packages/airflow/example_dags/example_branch_labels.py for tasks to queue
[2023-04-02T11:05:42.158+0000] {logging_mixin.py:137} INFO - [2023-04-02T11:05:42.158+0000] {dagbag.py:532} INFO - Filling up the DagBag from /home/airflow/.local/lib/python3.7/site-packages/airflow/example_dags/example_branch_labels.py
[2023-04-02T11:05:42.204+0000] {processor.py:753} INFO - DAG(s) dict_keys(['example_branch_labels']) retrieved from /home/airflow/.local/lib/python3.7/site-packages/airflow/example_dags/example_branch_labels.py
[2023-04-02T11:05:42.308+0000] {logging_mixin.py:137} INFO - [2023-04-02T11:05:42.308+0000] {dag.py:2705} INFO - Sync 1 DAGs
[2023-04-02T11:05:42.399+0000] {logging_mixin.py:137} INFO - [2023-04-02T11:05:42.399+0000] {dag.py:3456} INFO - Setting next_dagrun for example_branch_labels to 2023-04-01T00:00:00+00:00, run_after=2023-04-02T00:00:00+00:00
[2023-04-02T11:05:42.438+0000] {processor.py:175} INFO - Processing /home/airflow/.local/lib/python3.7/site-packages/airflow/example_dags/example_branch_labels.py took 0.297 seconds
[2023-04-02T11:06:12.885+0000] {processor.py:153} INFO - Started process (PID=14451) to work on /home/airflow/.local/lib/python3.7/site-packages/airflow/example_dags/example_branch_labels.py
[2023-04-02T11:06:12.887+0000] {processor.py:743} INFO - Processing file /home/airflow/.local/lib/python3.7/site-packages/airflow/example_dags/example_branch_labels.py for tasks to queue
[2023-04-02T11:06:12.889+0000] {logging_mixin.py:137} INFO - [2023-04-02T11:06:12.889+0000] {dagbag.py:532} INFO - Filling up the DagBag from /home/airflow/.local/lib/python3.7/site-packages/airflow/example_dags/example_branch_labels.py
[2023-04-02T11:06:12.920+0000] {processor.py:753} INFO - DAG(s) dict_keys(['example_branch_labels']) retrieved from /home/airflow/.local/lib/python3.7/site-packages/airflow/example_dags/example_branch_labels.py
[2023-04-02T11:06:12.998+0000] {logging_mixin.py:137} INFO - [2023-04-02T11:06:12.997+0000] {dag.py:2705} INFO - Sync 1 DAGs
[2023-04-02T11:06:13.068+0000] {logging_mixin.py:137} INFO - [2023-04-02T11:06:13.067+0000] {dag.py:3456} INFO - Setting next_dagrun for example_branch_labels to 2023-04-01T00:00:00+00:00, run_after=2023-04-02T00:00:00+00:00
[2023-04-02T11:06:13.108+0000] {processor.py:175} INFO - Processing /home/airflow/.local/lib/python3.7/site-packages/airflow/example_dags/example_branch_labels.py took 0.232 seconds
[2023-04-02T11:06:43.266+0000] {processor.py:153} INFO - Started process (PID=14669) to work on /home/airflow/.local/lib/python3.7/site-packages/airflow/example_dags/example_branch_labels.py
[2023-04-02T11:06:43.267+0000] {processor.py:743} INFO - Processing file /home/airflow/.local/lib/python3.7/site-packages/airflow/example_dags/example_branch_labels.py for tasks to queue
[2023-04-02T11:06:43.270+0000] {logging_mixin.py:137} INFO - [2023-04-02T11:06:43.269+0000] {dagbag.py:532} INFO - Filling up the DagBag from /home/airflow/.local/lib/python3.7/site-packages/airflow/example_dags/example_branch_labels.py
[2023-04-02T11:06:43.292+0000] {processor.py:753} INFO - DAG(s) dict_keys(['example_branch_labels']) retrieved from /home/airflow/.local/lib/python3.7/site-packages/airflow/example_dags/example_branch_labels.py
[2023-04-02T11:06:43.332+0000] {logging_mixin.py:137} INFO - [2023-04-02T11:06:43.332+0000] {dag.py:2705} INFO - Sync 1 DAGs
[2023-04-02T11:06:43.379+0000] {logging_mixin.py:137} INFO - [2023-04-02T11:06:43.379+0000] {dag.py:3456} INFO - Setting next_dagrun for example_branch_labels to 2023-04-01T00:00:00+00:00, run_after=2023-04-02T00:00:00+00:00
[2023-04-02T11:06:43.413+0000] {processor.py:175} INFO - Processing /home/airflow/.local/lib/python3.7/site-packages/airflow/example_dags/example_branch_labels.py took 0.152 seconds
