[2023-04-02T10:32:45.575+0000] {processor.py:153} INFO - Started process (PID=198) to work on /home/airflow/.local/lib/python3.7/site-packages/airflow/example_dags/example_time_delta_sensor_async.py
[2023-04-02T10:32:45.580+0000] {processor.py:743} INFO - Processing file /home/airflow/.local/lib/python3.7/site-packages/airflow/example_dags/example_time_delta_sensor_async.py for tasks to queue
[2023-04-02T10:32:45.584+0000] {logging_mixin.py:137} INFO - [2023-04-02T10:32:45.584+0000] {dagbag.py:532} INFO - Filling up the DagBag from /home/airflow/.local/lib/python3.7/site-packages/airflow/example_dags/example_time_delta_sensor_async.py
[2023-04-02T10:32:45.615+0000] {processor.py:753} INFO - DAG(s) dict_keys(['example_time_delta_sensor_async']) retrieved from /home/airflow/.local/lib/python3.7/site-packages/airflow/example_dags/example_time_delta_sensor_async.py
[2023-04-02T10:32:45.634+0000] {logging_mixin.py:137} INFO - [2023-04-02T10:32:45.634+0000] {dag.py:2705} INFO - Sync 1 DAGs
[2023-04-02T10:32:45.713+0000] {logging_mixin.py:137} INFO - [2023-04-02T10:32:45.713+0000] {dag.py:3456} INFO - Setting next_dagrun for example_time_delta_sensor_async to None, run_after=None
[2023-04-02T10:32:45.794+0000] {processor.py:175} INFO - Processing /home/airflow/.local/lib/python3.7/site-packages/airflow/example_dags/example_time_delta_sensor_async.py took 0.230 seconds
[2023-04-02T10:33:18.359+0000] {processor.py:153} INFO - Started process (PID=416) to work on /home/airflow/.local/lib/python3.7/site-packages/airflow/example_dags/example_time_delta_sensor_async.py
[2023-04-02T10:33:18.362+0000] {processor.py:743} INFO - Processing file /home/airflow/.local/lib/python3.7/site-packages/airflow/example_dags/example_time_delta_sensor_async.py for tasks to queue
[2023-04-02T10:33:18.365+0000] {logging_mixin.py:137} INFO - [2023-04-02T10:33:18.365+0000] {dagbag.py:532} INFO - Filling up the DagBag from /home/airflow/.local/lib/python3.7/site-packages/airflow/example_dags/example_time_delta_sensor_async.py
[2023-04-02T10:33:18.414+0000] {processor.py:753} INFO - DAG(s) dict_keys(['example_time_delta_sensor_async']) retrieved from /home/airflow/.local/lib/python3.7/site-packages/airflow/example_dags/example_time_delta_sensor_async.py
[2023-04-02T10:33:18.474+0000] {logging_mixin.py:137} INFO - [2023-04-02T10:33:18.474+0000] {dag.py:2705} INFO - Sync 1 DAGs
[2023-04-02T10:33:18.576+0000] {logging_mixin.py:137} INFO - [2023-04-02T10:33:18.576+0000] {dag.py:3456} INFO - Setting next_dagrun for example_time_delta_sensor_async to None, run_after=None
[2023-04-02T10:33:18.621+0000] {processor.py:175} INFO - Processing /home/airflow/.local/lib/python3.7/site-packages/airflow/example_dags/example_time_delta_sensor_async.py took 0.268 seconds
[2023-04-02T10:33:49.461+0000] {processor.py:153} INFO - Started process (PID=635) to work on /home/airflow/.local/lib/python3.7/site-packages/airflow/example_dags/example_time_delta_sensor_async.py
[2023-04-02T10:33:49.463+0000] {processor.py:743} INFO - Processing file /home/airflow/.local/lib/python3.7/site-packages/airflow/example_dags/example_time_delta_sensor_async.py for tasks to queue
[2023-04-02T10:33:49.467+0000] {logging_mixin.py:137} INFO - [2023-04-02T10:33:49.466+0000] {dagbag.py:532} INFO - Filling up the DagBag from /home/airflow/.local/lib/python3.7/site-packages/airflow/example_dags/example_time_delta_sensor_async.py
[2023-04-02T10:33:49.500+0000] {processor.py:753} INFO - DAG(s) dict_keys(['example_time_delta_sensor_async']) retrieved from /home/airflow/.local/lib/python3.7/site-packages/airflow/example_dags/example_time_delta_sensor_async.py
[2023-04-02T10:33:49.623+0000] {logging_mixin.py:137} INFO - [2023-04-02T10:33:49.623+0000] {dag.py:2705} INFO - Sync 1 DAGs
[2023-04-02T10:33:49.740+0000] {logging_mixin.py:137} INFO - [2023-04-02T10:33:49.740+0000] {dag.py:3456} INFO - Setting next_dagrun for example_time_delta_sensor_async to None, run_after=None
[2023-04-02T10:33:49.811+0000] {processor.py:175} INFO - Processing /home/airflow/.local/lib/python3.7/site-packages/airflow/example_dags/example_time_delta_sensor_async.py took 0.393 seconds
[2023-04-02T10:34:21.400+0000] {processor.py:153} INFO - Started process (PID=853) to work on /home/airflow/.local/lib/python3.7/site-packages/airflow/example_dags/example_time_delta_sensor_async.py
[2023-04-02T10:34:21.416+0000] {processor.py:743} INFO - Processing file /home/airflow/.local/lib/python3.7/site-packages/airflow/example_dags/example_time_delta_sensor_async.py for tasks to queue
[2023-04-02T10:34:21.422+0000] {logging_mixin.py:137} INFO - [2023-04-02T10:34:21.421+0000] {dagbag.py:532} INFO - Filling up the DagBag from /home/airflow/.local/lib/python3.7/site-packages/airflow/example_dags/example_time_delta_sensor_async.py
[2023-04-02T10:34:21.553+0000] {processor.py:753} INFO - DAG(s) dict_keys(['example_time_delta_sensor_async']) retrieved from /home/airflow/.local/lib/python3.7/site-packages/airflow/example_dags/example_time_delta_sensor_async.py
[2023-04-02T10:34:21.772+0000] {logging_mixin.py:137} INFO - [2023-04-02T10:34:21.772+0000] {dag.py:2705} INFO - Sync 1 DAGs
[2023-04-02T10:34:21.892+0000] {logging_mixin.py:137} INFO - [2023-04-02T10:34:21.891+0000] {dag.py:3456} INFO - Setting next_dagrun for example_time_delta_sensor_async to None, run_after=None
[2023-04-02T10:34:21.983+0000] {processor.py:175} INFO - Processing /home/airflow/.local/lib/python3.7/site-packages/airflow/example_dags/example_time_delta_sensor_async.py took 0.627 seconds
[2023-04-02T10:34:52.704+0000] {processor.py:153} INFO - Started process (PID=1074) to work on /home/airflow/.local/lib/python3.7/site-packages/airflow/example_dags/example_time_delta_sensor_async.py
[2023-04-02T10:34:52.707+0000] {processor.py:743} INFO - Processing file /home/airflow/.local/lib/python3.7/site-packages/airflow/example_dags/example_time_delta_sensor_async.py for tasks to queue
[2023-04-02T10:34:52.709+0000] {logging_mixin.py:137} INFO - [2023-04-02T10:34:52.709+0000] {dagbag.py:532} INFO - Filling up the DagBag from /home/airflow/.local/lib/python3.7/site-packages/airflow/example_dags/example_time_delta_sensor_async.py
[2023-04-02T10:34:52.791+0000] {processor.py:753} INFO - DAG(s) dict_keys(['example_time_delta_sensor_async']) retrieved from /home/airflow/.local/lib/python3.7/site-packages/airflow/example_dags/example_time_delta_sensor_async.py
[2023-04-02T10:34:52.895+0000] {logging_mixin.py:137} INFO - [2023-04-02T10:34:52.895+0000] {dag.py:2705} INFO - Sync 1 DAGs
[2023-04-02T10:34:53.017+0000] {logging_mixin.py:137} INFO - [2023-04-02T10:34:53.017+0000] {dag.py:3456} INFO - Setting next_dagrun for example_time_delta_sensor_async to None, run_after=None
[2023-04-02T10:34:53.067+0000] {processor.py:175} INFO - Processing /home/airflow/.local/lib/python3.7/site-packages/airflow/example_dags/example_time_delta_sensor_async.py took 0.367 seconds
[2023-04-02T10:35:23.948+0000] {processor.py:153} INFO - Started process (PID=1292) to work on /home/airflow/.local/lib/python3.7/site-packages/airflow/example_dags/example_time_delta_sensor_async.py
[2023-04-02T10:35:23.951+0000] {processor.py:743} INFO - Processing file /home/airflow/.local/lib/python3.7/site-packages/airflow/example_dags/example_time_delta_sensor_async.py for tasks to queue
[2023-04-02T10:35:23.954+0000] {logging_mixin.py:137} INFO - [2023-04-02T10:35:23.953+0000] {dagbag.py:532} INFO - Filling up the DagBag from /home/airflow/.local/lib/python3.7/site-packages/airflow/example_dags/example_time_delta_sensor_async.py
[2023-04-02T10:35:23.999+0000] {processor.py:753} INFO - DAG(s) dict_keys(['example_time_delta_sensor_async']) retrieved from /home/airflow/.local/lib/python3.7/site-packages/airflow/example_dags/example_time_delta_sensor_async.py
[2023-04-02T10:35:24.080+0000] {logging_mixin.py:137} INFO - [2023-04-02T10:35:24.079+0000] {dag.py:2705} INFO - Sync 1 DAGs
[2023-04-02T10:35:24.133+0000] {logging_mixin.py:137} INFO - [2023-04-02T10:35:24.133+0000] {dag.py:3456} INFO - Setting next_dagrun for example_time_delta_sensor_async to None, run_after=None
[2023-04-02T10:35:24.175+0000] {processor.py:175} INFO - Processing /home/airflow/.local/lib/python3.7/site-packages/airflow/example_dags/example_time_delta_sensor_async.py took 0.239 seconds
[2023-04-02T10:35:54.620+0000] {processor.py:153} INFO - Started process (PID=1510) to work on /home/airflow/.local/lib/python3.7/site-packages/airflow/example_dags/example_time_delta_sensor_async.py
[2023-04-02T10:35:54.622+0000] {processor.py:743} INFO - Processing file /home/airflow/.local/lib/python3.7/site-packages/airflow/example_dags/example_time_delta_sensor_async.py for tasks to queue
[2023-04-02T10:35:54.630+0000] {logging_mixin.py:137} INFO - [2023-04-02T10:35:54.630+0000] {dagbag.py:532} INFO - Filling up the DagBag from /home/airflow/.local/lib/python3.7/site-packages/airflow/example_dags/example_time_delta_sensor_async.py
[2023-04-02T10:35:54.670+0000] {processor.py:753} INFO - DAG(s) dict_keys(['example_time_delta_sensor_async']) retrieved from /home/airflow/.local/lib/python3.7/site-packages/airflow/example_dags/example_time_delta_sensor_async.py
[2023-04-02T10:35:54.803+0000] {logging_mixin.py:137} INFO - [2023-04-02T10:35:54.803+0000] {dag.py:2705} INFO - Sync 1 DAGs
[2023-04-02T10:35:54.882+0000] {logging_mixin.py:137} INFO - [2023-04-02T10:35:54.882+0000] {dag.py:3456} INFO - Setting next_dagrun for example_time_delta_sensor_async to None, run_after=None
[2023-04-02T10:35:54.940+0000] {processor.py:175} INFO - Processing /home/airflow/.local/lib/python3.7/site-packages/airflow/example_dags/example_time_delta_sensor_async.py took 0.330 seconds
[2023-04-02T10:36:25.005+0000] {processor.py:153} INFO - Started process (PID=1728) to work on /home/airflow/.local/lib/python3.7/site-packages/airflow/example_dags/example_time_delta_sensor_async.py
[2023-04-02T10:36:25.006+0000] {processor.py:743} INFO - Processing file /home/airflow/.local/lib/python3.7/site-packages/airflow/example_dags/example_time_delta_sensor_async.py for tasks to queue
[2023-04-02T10:36:25.009+0000] {logging_mixin.py:137} INFO - [2023-04-02T10:36:25.009+0000] {dagbag.py:532} INFO - Filling up the DagBag from /home/airflow/.local/lib/python3.7/site-packages/airflow/example_dags/example_time_delta_sensor_async.py
[2023-04-02T10:36:25.030+0000] {processor.py:753} INFO - DAG(s) dict_keys(['example_time_delta_sensor_async']) retrieved from /home/airflow/.local/lib/python3.7/site-packages/airflow/example_dags/example_time_delta_sensor_async.py
[2023-04-02T10:36:25.068+0000] {logging_mixin.py:137} INFO - [2023-04-02T10:36:25.068+0000] {dag.py:2705} INFO - Sync 1 DAGs
[2023-04-02T10:36:25.106+0000] {logging_mixin.py:137} INFO - [2023-04-02T10:36:25.106+0000] {dag.py:3456} INFO - Setting next_dagrun for example_time_delta_sensor_async to None, run_after=None
[2023-04-02T10:36:25.136+0000] {processor.py:175} INFO - Processing /home/airflow/.local/lib/python3.7/site-packages/airflow/example_dags/example_time_delta_sensor_async.py took 0.137 seconds
[2023-04-02T10:36:55.352+0000] {processor.py:153} INFO - Started process (PID=1944) to work on /home/airflow/.local/lib/python3.7/site-packages/airflow/example_dags/example_time_delta_sensor_async.py
[2023-04-02T10:36:55.356+0000] {processor.py:743} INFO - Processing file /home/airflow/.local/lib/python3.7/site-packages/airflow/example_dags/example_time_delta_sensor_async.py for tasks to queue
[2023-04-02T10:36:55.361+0000] {logging_mixin.py:137} INFO - [2023-04-02T10:36:55.360+0000] {dagbag.py:532} INFO - Filling up the DagBag from /home/airflow/.local/lib/python3.7/site-packages/airflow/example_dags/example_time_delta_sensor_async.py
[2023-04-02T10:36:55.393+0000] {processor.py:753} INFO - DAG(s) dict_keys(['example_time_delta_sensor_async']) retrieved from /home/airflow/.local/lib/python3.7/site-packages/airflow/example_dags/example_time_delta_sensor_async.py
[2023-04-02T10:36:55.465+0000] {logging_mixin.py:137} INFO - [2023-04-02T10:36:55.465+0000] {dag.py:2705} INFO - Sync 1 DAGs
[2023-04-02T10:36:55.527+0000] {logging_mixin.py:137} INFO - [2023-04-02T10:36:55.527+0000] {dag.py:3456} INFO - Setting next_dagrun for example_time_delta_sensor_async to None, run_after=None
[2023-04-02T10:36:55.566+0000] {processor.py:175} INFO - Processing /home/airflow/.local/lib/python3.7/site-packages/airflow/example_dags/example_time_delta_sensor_async.py took 0.228 seconds
[2023-04-02T10:37:25.987+0000] {processor.py:153} INFO - Started process (PID=2164) to work on /home/airflow/.local/lib/python3.7/site-packages/airflow/example_dags/example_time_delta_sensor_async.py
[2023-04-02T10:37:25.990+0000] {processor.py:743} INFO - Processing file /home/airflow/.local/lib/python3.7/site-packages/airflow/example_dags/example_time_delta_sensor_async.py for tasks to queue
[2023-04-02T10:37:25.993+0000] {logging_mixin.py:137} INFO - [2023-04-02T10:37:25.992+0000] {dagbag.py:532} INFO - Filling up the DagBag from /home/airflow/.local/lib/python3.7/site-packages/airflow/example_dags/example_time_delta_sensor_async.py
[2023-04-02T10:37:26.013+0000] {processor.py:753} INFO - DAG(s) dict_keys(['example_time_delta_sensor_async']) retrieved from /home/airflow/.local/lib/python3.7/site-packages/airflow/example_dags/example_time_delta_sensor_async.py
[2023-04-02T10:37:26.053+0000] {logging_mixin.py:137} INFO - [2023-04-02T10:37:26.053+0000] {dag.py:2705} INFO - Sync 1 DAGs
[2023-04-02T10:37:26.092+0000] {logging_mixin.py:137} INFO - [2023-04-02T10:37:26.092+0000] {dag.py:3456} INFO - Setting next_dagrun for example_time_delta_sensor_async to None, run_after=None
[2023-04-02T10:37:26.127+0000] {processor.py:175} INFO - Processing /home/airflow/.local/lib/python3.7/site-packages/airflow/example_dags/example_time_delta_sensor_async.py took 0.145 seconds
[2023-04-02T10:37:56.217+0000] {processor.py:153} INFO - Started process (PID=2380) to work on /home/airflow/.local/lib/python3.7/site-packages/airflow/example_dags/example_time_delta_sensor_async.py
[2023-04-02T10:37:56.220+0000] {processor.py:743} INFO - Processing file /home/airflow/.local/lib/python3.7/site-packages/airflow/example_dags/example_time_delta_sensor_async.py for tasks to queue
[2023-04-02T10:37:56.222+0000] {logging_mixin.py:137} INFO - [2023-04-02T10:37:56.222+0000] {dagbag.py:532} INFO - Filling up the DagBag from /home/airflow/.local/lib/python3.7/site-packages/airflow/example_dags/example_time_delta_sensor_async.py
[2023-04-02T10:37:56.242+0000] {processor.py:753} INFO - DAG(s) dict_keys(['example_time_delta_sensor_async']) retrieved from /home/airflow/.local/lib/python3.7/site-packages/airflow/example_dags/example_time_delta_sensor_async.py
[2023-04-02T10:37:56.285+0000] {logging_mixin.py:137} INFO - [2023-04-02T10:37:56.285+0000] {dag.py:2705} INFO - Sync 1 DAGs
[2023-04-02T10:37:56.329+0000] {logging_mixin.py:137} INFO - [2023-04-02T10:37:56.329+0000] {dag.py:3456} INFO - Setting next_dagrun for example_time_delta_sensor_async to None, run_after=None
[2023-04-02T10:37:56.359+0000] {processor.py:175} INFO - Processing /home/airflow/.local/lib/python3.7/site-packages/airflow/example_dags/example_time_delta_sensor_async.py took 0.147 seconds
[2023-04-02T10:38:27.260+0000] {processor.py:153} INFO - Started process (PID=2598) to work on /home/airflow/.local/lib/python3.7/site-packages/airflow/example_dags/example_time_delta_sensor_async.py
[2023-04-02T10:38:27.262+0000] {processor.py:743} INFO - Processing file /home/airflow/.local/lib/python3.7/site-packages/airflow/example_dags/example_time_delta_sensor_async.py for tasks to queue
[2023-04-02T10:38:27.264+0000] {logging_mixin.py:137} INFO - [2023-04-02T10:38:27.264+0000] {dagbag.py:532} INFO - Filling up the DagBag from /home/airflow/.local/lib/python3.7/site-packages/airflow/example_dags/example_time_delta_sensor_async.py
[2023-04-02T10:38:27.293+0000] {processor.py:753} INFO - DAG(s) dict_keys(['example_time_delta_sensor_async']) retrieved from /home/airflow/.local/lib/python3.7/site-packages/airflow/example_dags/example_time_delta_sensor_async.py
[2023-04-02T10:38:27.343+0000] {logging_mixin.py:137} INFO - [2023-04-02T10:38:27.342+0000] {dag.py:2705} INFO - Sync 1 DAGs
[2023-04-02T10:38:27.385+0000] {logging_mixin.py:137} INFO - [2023-04-02T10:38:27.384+0000] {dag.py:3456} INFO - Setting next_dagrun for example_time_delta_sensor_async to None, run_after=None
[2023-04-02T10:38:27.422+0000] {processor.py:175} INFO - Processing /home/airflow/.local/lib/python3.7/site-packages/airflow/example_dags/example_time_delta_sensor_async.py took 0.168 seconds
[2023-04-02T10:38:58.528+0000] {processor.py:153} INFO - Started process (PID=2818) to work on /home/airflow/.local/lib/python3.7/site-packages/airflow/example_dags/example_time_delta_sensor_async.py
[2023-04-02T10:38:58.532+0000] {processor.py:743} INFO - Processing file /home/airflow/.local/lib/python3.7/site-packages/airflow/example_dags/example_time_delta_sensor_async.py for tasks to queue
[2023-04-02T10:38:58.536+0000] {logging_mixin.py:137} INFO - [2023-04-02T10:38:58.536+0000] {dagbag.py:532} INFO - Filling up the DagBag from /home/airflow/.local/lib/python3.7/site-packages/airflow/example_dags/example_time_delta_sensor_async.py
[2023-04-02T10:38:58.564+0000] {processor.py:753} INFO - DAG(s) dict_keys(['example_time_delta_sensor_async']) retrieved from /home/airflow/.local/lib/python3.7/site-packages/airflow/example_dags/example_time_delta_sensor_async.py
[2023-04-02T10:38:58.615+0000] {logging_mixin.py:137} INFO - [2023-04-02T10:38:58.615+0000] {dag.py:2705} INFO - Sync 1 DAGs
[2023-04-02T10:38:58.663+0000] {logging_mixin.py:137} INFO - [2023-04-02T10:38:58.662+0000] {dag.py:3456} INFO - Setting next_dagrun for example_time_delta_sensor_async to None, run_after=None
[2023-04-02T10:38:58.703+0000] {processor.py:175} INFO - Processing /home/airflow/.local/lib/python3.7/site-packages/airflow/example_dags/example_time_delta_sensor_async.py took 0.181 seconds
[2023-04-02T10:39:29.558+0000] {processor.py:153} INFO - Started process (PID=3034) to work on /home/airflow/.local/lib/python3.7/site-packages/airflow/example_dags/example_time_delta_sensor_async.py
[2023-04-02T10:39:29.559+0000] {processor.py:743} INFO - Processing file /home/airflow/.local/lib/python3.7/site-packages/airflow/example_dags/example_time_delta_sensor_async.py for tasks to queue
[2023-04-02T10:39:29.563+0000] {logging_mixin.py:137} INFO - [2023-04-02T10:39:29.561+0000] {dagbag.py:532} INFO - Filling up the DagBag from /home/airflow/.local/lib/python3.7/site-packages/airflow/example_dags/example_time_delta_sensor_async.py
[2023-04-02T10:39:29.590+0000] {processor.py:753} INFO - DAG(s) dict_keys(['example_time_delta_sensor_async']) retrieved from /home/airflow/.local/lib/python3.7/site-packages/airflow/example_dags/example_time_delta_sensor_async.py
[2023-04-02T10:39:29.630+0000] {logging_mixin.py:137} INFO - [2023-04-02T10:39:29.629+0000] {dag.py:2705} INFO - Sync 1 DAGs
[2023-04-02T10:39:29.673+0000] {logging_mixin.py:137} INFO - [2023-04-02T10:39:29.673+0000] {dag.py:3456} INFO - Setting next_dagrun for example_time_delta_sensor_async to None, run_after=None
[2023-04-02T10:39:29.706+0000] {processor.py:175} INFO - Processing /home/airflow/.local/lib/python3.7/site-packages/airflow/example_dags/example_time_delta_sensor_async.py took 0.156 seconds
[2023-04-02T10:40:00.822+0000] {processor.py:153} INFO - Started process (PID=3252) to work on /home/airflow/.local/lib/python3.7/site-packages/airflow/example_dags/example_time_delta_sensor_async.py
[2023-04-02T10:40:00.824+0000] {processor.py:743} INFO - Processing file /home/airflow/.local/lib/python3.7/site-packages/airflow/example_dags/example_time_delta_sensor_async.py for tasks to queue
[2023-04-02T10:40:00.833+0000] {logging_mixin.py:137} INFO - [2023-04-02T10:40:00.831+0000] {dagbag.py:532} INFO - Filling up the DagBag from /home/airflow/.local/lib/python3.7/site-packages/airflow/example_dags/example_time_delta_sensor_async.py
[2023-04-02T10:40:00.855+0000] {processor.py:753} INFO - DAG(s) dict_keys(['example_time_delta_sensor_async']) retrieved from /home/airflow/.local/lib/python3.7/site-packages/airflow/example_dags/example_time_delta_sensor_async.py
[2023-04-02T10:40:00.912+0000] {logging_mixin.py:137} INFO - [2023-04-02T10:40:00.911+0000] {dag.py:2705} INFO - Sync 1 DAGs
[2023-04-02T10:40:00.959+0000] {logging_mixin.py:137} INFO - [2023-04-02T10:40:00.958+0000] {dag.py:3456} INFO - Setting next_dagrun for example_time_delta_sensor_async to None, run_after=None
[2023-04-02T10:40:00.992+0000] {processor.py:175} INFO - Processing /home/airflow/.local/lib/python3.7/site-packages/airflow/example_dags/example_time_delta_sensor_async.py took 0.175 seconds
[2023-04-02T10:40:31.712+0000] {processor.py:153} INFO - Started process (PID=3472) to work on /home/airflow/.local/lib/python3.7/site-packages/airflow/example_dags/example_time_delta_sensor_async.py
[2023-04-02T10:40:31.714+0000] {processor.py:743} INFO - Processing file /home/airflow/.local/lib/python3.7/site-packages/airflow/example_dags/example_time_delta_sensor_async.py for tasks to queue
[2023-04-02T10:40:31.717+0000] {logging_mixin.py:137} INFO - [2023-04-02T10:40:31.716+0000] {dagbag.py:532} INFO - Filling up the DagBag from /home/airflow/.local/lib/python3.7/site-packages/airflow/example_dags/example_time_delta_sensor_async.py
[2023-04-02T10:40:31.734+0000] {processor.py:753} INFO - DAG(s) dict_keys(['example_time_delta_sensor_async']) retrieved from /home/airflow/.local/lib/python3.7/site-packages/airflow/example_dags/example_time_delta_sensor_async.py
[2023-04-02T10:40:31.770+0000] {logging_mixin.py:137} INFO - [2023-04-02T10:40:31.770+0000] {dag.py:2705} INFO - Sync 1 DAGs
[2023-04-02T10:40:31.805+0000] {logging_mixin.py:137} INFO - [2023-04-02T10:40:31.804+0000] {dag.py:3456} INFO - Setting next_dagrun for example_time_delta_sensor_async to None, run_after=None
[2023-04-02T10:40:31.873+0000] {processor.py:175} INFO - Processing /home/airflow/.local/lib/python3.7/site-packages/airflow/example_dags/example_time_delta_sensor_async.py took 0.167 seconds
[2023-04-02T10:41:02.469+0000] {processor.py:153} INFO - Started process (PID=3688) to work on /home/airflow/.local/lib/python3.7/site-packages/airflow/example_dags/example_time_delta_sensor_async.py
[2023-04-02T10:41:02.477+0000] {processor.py:743} INFO - Processing file /home/airflow/.local/lib/python3.7/site-packages/airflow/example_dags/example_time_delta_sensor_async.py for tasks to queue
[2023-04-02T10:41:02.485+0000] {logging_mixin.py:137} INFO - [2023-04-02T10:41:02.484+0000] {dagbag.py:532} INFO - Filling up the DagBag from /home/airflow/.local/lib/python3.7/site-packages/airflow/example_dags/example_time_delta_sensor_async.py
[2023-04-02T10:41:02.528+0000] {processor.py:753} INFO - DAG(s) dict_keys(['example_time_delta_sensor_async']) retrieved from /home/airflow/.local/lib/python3.7/site-packages/airflow/example_dags/example_time_delta_sensor_async.py
[2023-04-02T10:41:02.601+0000] {logging_mixin.py:137} INFO - [2023-04-02T10:41:02.601+0000] {dag.py:2705} INFO - Sync 1 DAGs
[2023-04-02T10:41:02.696+0000] {logging_mixin.py:137} INFO - [2023-04-02T10:41:02.696+0000] {dag.py:3456} INFO - Setting next_dagrun for example_time_delta_sensor_async to None, run_after=None
[2023-04-02T10:41:02.803+0000] {processor.py:175} INFO - Processing /home/airflow/.local/lib/python3.7/site-packages/airflow/example_dags/example_time_delta_sensor_async.py took 0.339 seconds
[2023-04-02T10:41:33.019+0000] {processor.py:153} INFO - Started process (PID=3906) to work on /home/airflow/.local/lib/python3.7/site-packages/airflow/example_dags/example_time_delta_sensor_async.py
[2023-04-02T10:41:33.021+0000] {processor.py:743} INFO - Processing file /home/airflow/.local/lib/python3.7/site-packages/airflow/example_dags/example_time_delta_sensor_async.py for tasks to queue
[2023-04-02T10:41:33.024+0000] {logging_mixin.py:137} INFO - [2023-04-02T10:41:33.024+0000] {dagbag.py:532} INFO - Filling up the DagBag from /home/airflow/.local/lib/python3.7/site-packages/airflow/example_dags/example_time_delta_sensor_async.py
[2023-04-02T10:41:33.055+0000] {processor.py:753} INFO - DAG(s) dict_keys(['example_time_delta_sensor_async']) retrieved from /home/airflow/.local/lib/python3.7/site-packages/airflow/example_dags/example_time_delta_sensor_async.py
[2023-04-02T10:41:33.122+0000] {logging_mixin.py:137} INFO - [2023-04-02T10:41:33.121+0000] {dag.py:2705} INFO - Sync 1 DAGs
[2023-04-02T10:41:33.194+0000] {logging_mixin.py:137} INFO - [2023-04-02T10:41:33.193+0000] {dag.py:3456} INFO - Setting next_dagrun for example_time_delta_sensor_async to None, run_after=None
[2023-04-02T10:41:33.249+0000] {processor.py:175} INFO - Processing /home/airflow/.local/lib/python3.7/site-packages/airflow/example_dags/example_time_delta_sensor_async.py took 0.239 seconds
[2023-04-02T10:42:04.129+0000] {processor.py:153} INFO - Started process (PID=4124) to work on /home/airflow/.local/lib/python3.7/site-packages/airflow/example_dags/example_time_delta_sensor_async.py
[2023-04-02T10:42:04.166+0000] {processor.py:743} INFO - Processing file /home/airflow/.local/lib/python3.7/site-packages/airflow/example_dags/example_time_delta_sensor_async.py for tasks to queue
[2023-04-02T10:42:04.172+0000] {logging_mixin.py:137} INFO - [2023-04-02T10:42:04.172+0000] {dagbag.py:532} INFO - Filling up the DagBag from /home/airflow/.local/lib/python3.7/site-packages/airflow/example_dags/example_time_delta_sensor_async.py
[2023-04-02T10:42:04.278+0000] {processor.py:753} INFO - DAG(s) dict_keys(['example_time_delta_sensor_async']) retrieved from /home/airflow/.local/lib/python3.7/site-packages/airflow/example_dags/example_time_delta_sensor_async.py
[2023-04-02T10:42:04.451+0000] {logging_mixin.py:137} INFO - [2023-04-02T10:42:04.450+0000] {dag.py:2705} INFO - Sync 1 DAGs
[2023-04-02T10:42:04.628+0000] {logging_mixin.py:137} INFO - [2023-04-02T10:42:04.628+0000] {dag.py:3456} INFO - Setting next_dagrun for example_time_delta_sensor_async to None, run_after=None
[2023-04-02T10:42:04.812+0000] {processor.py:175} INFO - Processing /home/airflow/.local/lib/python3.7/site-packages/airflow/example_dags/example_time_delta_sensor_async.py took 0.723 seconds
[2023-04-02T10:42:35.177+0000] {processor.py:153} INFO - Started process (PID=4343) to work on /home/airflow/.local/lib/python3.7/site-packages/airflow/example_dags/example_time_delta_sensor_async.py
[2023-04-02T10:42:35.184+0000] {processor.py:743} INFO - Processing file /home/airflow/.local/lib/python3.7/site-packages/airflow/example_dags/example_time_delta_sensor_async.py for tasks to queue
[2023-04-02T10:42:35.189+0000] {logging_mixin.py:137} INFO - [2023-04-02T10:42:35.189+0000] {dagbag.py:532} INFO - Filling up the DagBag from /home/airflow/.local/lib/python3.7/site-packages/airflow/example_dags/example_time_delta_sensor_async.py
[2023-04-02T10:42:35.225+0000] {processor.py:753} INFO - DAG(s) dict_keys(['example_time_delta_sensor_async']) retrieved from /home/airflow/.local/lib/python3.7/site-packages/airflow/example_dags/example_time_delta_sensor_async.py
[2023-04-02T10:42:35.328+0000] {logging_mixin.py:137} INFO - [2023-04-02T10:42:35.328+0000] {dag.py:2705} INFO - Sync 1 DAGs
[2023-04-02T10:42:35.472+0000] {logging_mixin.py:137} INFO - [2023-04-02T10:42:35.472+0000] {dag.py:3456} INFO - Setting next_dagrun for example_time_delta_sensor_async to None, run_after=None
[2023-04-02T10:42:35.527+0000] {processor.py:175} INFO - Processing /home/airflow/.local/lib/python3.7/site-packages/airflow/example_dags/example_time_delta_sensor_async.py took 0.360 seconds
[2023-04-02T10:43:05.793+0000] {processor.py:153} INFO - Started process (PID=4559) to work on /home/airflow/.local/lib/python3.7/site-packages/airflow/example_dags/example_time_delta_sensor_async.py
[2023-04-02T10:43:05.797+0000] {processor.py:743} INFO - Processing file /home/airflow/.local/lib/python3.7/site-packages/airflow/example_dags/example_time_delta_sensor_async.py for tasks to queue
[2023-04-02T10:43:05.803+0000] {logging_mixin.py:137} INFO - [2023-04-02T10:43:05.802+0000] {dagbag.py:532} INFO - Filling up the DagBag from /home/airflow/.local/lib/python3.7/site-packages/airflow/example_dags/example_time_delta_sensor_async.py
[2023-04-02T10:43:05.822+0000] {processor.py:753} INFO - DAG(s) dict_keys(['example_time_delta_sensor_async']) retrieved from /home/airflow/.local/lib/python3.7/site-packages/airflow/example_dags/example_time_delta_sensor_async.py
[2023-04-02T10:43:05.868+0000] {logging_mixin.py:137} INFO - [2023-04-02T10:43:05.867+0000] {dag.py:2705} INFO - Sync 1 DAGs
[2023-04-02T10:43:05.924+0000] {logging_mixin.py:137} INFO - [2023-04-02T10:43:05.924+0000] {dag.py:3456} INFO - Setting next_dagrun for example_time_delta_sensor_async to None, run_after=None
[2023-04-02T10:43:05.965+0000] {processor.py:175} INFO - Processing /home/airflow/.local/lib/python3.7/site-packages/airflow/example_dags/example_time_delta_sensor_async.py took 0.183 seconds
[2023-04-02T10:43:36.425+0000] {processor.py:153} INFO - Started process (PID=4779) to work on /home/airflow/.local/lib/python3.7/site-packages/airflow/example_dags/example_time_delta_sensor_async.py
[2023-04-02T10:43:36.427+0000] {processor.py:743} INFO - Processing file /home/airflow/.local/lib/python3.7/site-packages/airflow/example_dags/example_time_delta_sensor_async.py for tasks to queue
[2023-04-02T10:43:36.430+0000] {logging_mixin.py:137} INFO - [2023-04-02T10:43:36.429+0000] {dagbag.py:532} INFO - Filling up the DagBag from /home/airflow/.local/lib/python3.7/site-packages/airflow/example_dags/example_time_delta_sensor_async.py
[2023-04-02T10:43:36.461+0000] {processor.py:753} INFO - DAG(s) dict_keys(['example_time_delta_sensor_async']) retrieved from /home/airflow/.local/lib/python3.7/site-packages/airflow/example_dags/example_time_delta_sensor_async.py
[2023-04-02T10:43:36.542+0000] {logging_mixin.py:137} INFO - [2023-04-02T10:43:36.542+0000] {dag.py:2705} INFO - Sync 1 DAGs
[2023-04-02T10:43:36.637+0000] {logging_mixin.py:137} INFO - [2023-04-02T10:43:36.632+0000] {dag.py:3456} INFO - Setting next_dagrun for example_time_delta_sensor_async to None, run_after=None
[2023-04-02T10:43:36.678+0000] {processor.py:175} INFO - Processing /home/airflow/.local/lib/python3.7/site-packages/airflow/example_dags/example_time_delta_sensor_async.py took 0.267 seconds
[2023-04-02T10:44:07.339+0000] {processor.py:153} INFO - Started process (PID=5004) to work on /home/airflow/.local/lib/python3.7/site-packages/airflow/example_dags/example_time_delta_sensor_async.py
[2023-04-02T10:44:07.349+0000] {processor.py:743} INFO - Processing file /home/airflow/.local/lib/python3.7/site-packages/airflow/example_dags/example_time_delta_sensor_async.py for tasks to queue
[2023-04-02T10:44:07.352+0000] {logging_mixin.py:137} INFO - [2023-04-02T10:44:07.352+0000] {dagbag.py:532} INFO - Filling up the DagBag from /home/airflow/.local/lib/python3.7/site-packages/airflow/example_dags/example_time_delta_sensor_async.py
[2023-04-02T10:44:07.380+0000] {processor.py:753} INFO - DAG(s) dict_keys(['example_time_delta_sensor_async']) retrieved from /home/airflow/.local/lib/python3.7/site-packages/airflow/example_dags/example_time_delta_sensor_async.py
[2023-04-02T10:44:07.429+0000] {logging_mixin.py:137} INFO - [2023-04-02T10:44:07.429+0000] {dag.py:2705} INFO - Sync 1 DAGs
[2023-04-02T10:44:07.478+0000] {logging_mixin.py:137} INFO - [2023-04-02T10:44:07.478+0000] {dag.py:3456} INFO - Setting next_dagrun for example_time_delta_sensor_async to None, run_after=None
[2023-04-02T10:44:07.517+0000] {processor.py:175} INFO - Processing /home/airflow/.local/lib/python3.7/site-packages/airflow/example_dags/example_time_delta_sensor_async.py took 0.183 seconds
[2023-04-02T10:44:37.849+0000] {processor.py:153} INFO - Started process (PID=5222) to work on /home/airflow/.local/lib/python3.7/site-packages/airflow/example_dags/example_time_delta_sensor_async.py
[2023-04-02T10:44:37.850+0000] {processor.py:743} INFO - Processing file /home/airflow/.local/lib/python3.7/site-packages/airflow/example_dags/example_time_delta_sensor_async.py for tasks to queue
[2023-04-02T10:44:37.853+0000] {logging_mixin.py:137} INFO - [2023-04-02T10:44:37.852+0000] {dagbag.py:532} INFO - Filling up the DagBag from /home/airflow/.local/lib/python3.7/site-packages/airflow/example_dags/example_time_delta_sensor_async.py
[2023-04-02T10:44:37.879+0000] {processor.py:753} INFO - DAG(s) dict_keys(['example_time_delta_sensor_async']) retrieved from /home/airflow/.local/lib/python3.7/site-packages/airflow/example_dags/example_time_delta_sensor_async.py
[2023-04-02T10:44:37.928+0000] {logging_mixin.py:137} INFO - [2023-04-02T10:44:37.928+0000] {dag.py:2705} INFO - Sync 1 DAGs
[2023-04-02T10:44:37.981+0000] {logging_mixin.py:137} INFO - [2023-04-02T10:44:37.981+0000] {dag.py:3456} INFO - Setting next_dagrun for example_time_delta_sensor_async to None, run_after=None
[2023-04-02T10:44:38.022+0000] {processor.py:175} INFO - Processing /home/airflow/.local/lib/python3.7/site-packages/airflow/example_dags/example_time_delta_sensor_async.py took 0.179 seconds
[2023-04-02T10:45:08.346+0000] {processor.py:153} INFO - Started process (PID=5440) to work on /home/airflow/.local/lib/python3.7/site-packages/airflow/example_dags/example_time_delta_sensor_async.py
[2023-04-02T10:45:08.349+0000] {processor.py:743} INFO - Processing file /home/airflow/.local/lib/python3.7/site-packages/airflow/example_dags/example_time_delta_sensor_async.py for tasks to queue
[2023-04-02T10:45:08.351+0000] {logging_mixin.py:137} INFO - [2023-04-02T10:45:08.351+0000] {dagbag.py:532} INFO - Filling up the DagBag from /home/airflow/.local/lib/python3.7/site-packages/airflow/example_dags/example_time_delta_sensor_async.py
[2023-04-02T10:45:08.376+0000] {processor.py:753} INFO - DAG(s) dict_keys(['example_time_delta_sensor_async']) retrieved from /home/airflow/.local/lib/python3.7/site-packages/airflow/example_dags/example_time_delta_sensor_async.py
[2023-04-02T10:45:08.428+0000] {logging_mixin.py:137} INFO - [2023-04-02T10:45:08.428+0000] {dag.py:2705} INFO - Sync 1 DAGs
[2023-04-02T10:45:08.481+0000] {logging_mixin.py:137} INFO - [2023-04-02T10:45:08.481+0000] {dag.py:3456} INFO - Setting next_dagrun for example_time_delta_sensor_async to None, run_after=None
[2023-04-02T10:45:08.518+0000] {processor.py:175} INFO - Processing /home/airflow/.local/lib/python3.7/site-packages/airflow/example_dags/example_time_delta_sensor_async.py took 0.176 seconds
[2023-04-02T10:45:38.663+0000] {processor.py:153} INFO - Started process (PID=5658) to work on /home/airflow/.local/lib/python3.7/site-packages/airflow/example_dags/example_time_delta_sensor_async.py
[2023-04-02T10:45:38.665+0000] {processor.py:743} INFO - Processing file /home/airflow/.local/lib/python3.7/site-packages/airflow/example_dags/example_time_delta_sensor_async.py for tasks to queue
[2023-04-02T10:45:38.668+0000] {logging_mixin.py:137} INFO - [2023-04-02T10:45:38.667+0000] {dagbag.py:532} INFO - Filling up the DagBag from /home/airflow/.local/lib/python3.7/site-packages/airflow/example_dags/example_time_delta_sensor_async.py
[2023-04-02T10:45:38.691+0000] {processor.py:753} INFO - DAG(s) dict_keys(['example_time_delta_sensor_async']) retrieved from /home/airflow/.local/lib/python3.7/site-packages/airflow/example_dags/example_time_delta_sensor_async.py
[2023-04-02T10:45:38.743+0000] {logging_mixin.py:137} INFO - [2023-04-02T10:45:38.743+0000] {dag.py:2705} INFO - Sync 1 DAGs
[2023-04-02T10:45:38.794+0000] {logging_mixin.py:137} INFO - [2023-04-02T10:45:38.794+0000] {dag.py:3456} INFO - Setting next_dagrun for example_time_delta_sensor_async to None, run_after=None
[2023-04-02T10:45:38.828+0000] {processor.py:175} INFO - Processing /home/airflow/.local/lib/python3.7/site-packages/airflow/example_dags/example_time_delta_sensor_async.py took 0.169 seconds
[2023-04-02T10:46:09.103+0000] {processor.py:153} INFO - Started process (PID=5876) to work on /home/airflow/.local/lib/python3.7/site-packages/airflow/example_dags/example_time_delta_sensor_async.py
[2023-04-02T10:46:09.105+0000] {processor.py:743} INFO - Processing file /home/airflow/.local/lib/python3.7/site-packages/airflow/example_dags/example_time_delta_sensor_async.py for tasks to queue
[2023-04-02T10:46:09.116+0000] {logging_mixin.py:137} INFO - [2023-04-02T10:46:09.111+0000] {dagbag.py:532} INFO - Filling up the DagBag from /home/airflow/.local/lib/python3.7/site-packages/airflow/example_dags/example_time_delta_sensor_async.py
[2023-04-02T10:46:09.201+0000] {processor.py:753} INFO - DAG(s) dict_keys(['example_time_delta_sensor_async']) retrieved from /home/airflow/.local/lib/python3.7/site-packages/airflow/example_dags/example_time_delta_sensor_async.py
[2023-04-02T10:46:09.298+0000] {logging_mixin.py:137} INFO - [2023-04-02T10:46:09.298+0000] {dag.py:2705} INFO - Sync 1 DAGs
[2023-04-02T10:46:09.384+0000] {logging_mixin.py:137} INFO - [2023-04-02T10:46:09.384+0000] {dag.py:3456} INFO - Setting next_dagrun for example_time_delta_sensor_async to None, run_after=None
[2023-04-02T10:46:09.430+0000] {processor.py:175} INFO - Processing /home/airflow/.local/lib/python3.7/site-packages/airflow/example_dags/example_time_delta_sensor_async.py took 0.348 seconds
[2023-04-02T10:46:39.580+0000] {processor.py:153} INFO - Started process (PID=6095) to work on /home/airflow/.local/lib/python3.7/site-packages/airflow/example_dags/example_time_delta_sensor_async.py
[2023-04-02T10:46:39.583+0000] {processor.py:743} INFO - Processing file /home/airflow/.local/lib/python3.7/site-packages/airflow/example_dags/example_time_delta_sensor_async.py for tasks to queue
[2023-04-02T10:46:39.585+0000] {logging_mixin.py:137} INFO - [2023-04-02T10:46:39.585+0000] {dagbag.py:532} INFO - Filling up the DagBag from /home/airflow/.local/lib/python3.7/site-packages/airflow/example_dags/example_time_delta_sensor_async.py
[2023-04-02T10:46:39.614+0000] {processor.py:753} INFO - DAG(s) dict_keys(['example_time_delta_sensor_async']) retrieved from /home/airflow/.local/lib/python3.7/site-packages/airflow/example_dags/example_time_delta_sensor_async.py
[2023-04-02T10:46:39.667+0000] {logging_mixin.py:137} INFO - [2023-04-02T10:46:39.667+0000] {dag.py:2705} INFO - Sync 1 DAGs
[2023-04-02T10:46:39.711+0000] {logging_mixin.py:137} INFO - [2023-04-02T10:46:39.711+0000] {dag.py:3456} INFO - Setting next_dagrun for example_time_delta_sensor_async to None, run_after=None
[2023-04-02T10:46:39.747+0000] {processor.py:175} INFO - Processing /home/airflow/.local/lib/python3.7/site-packages/airflow/example_dags/example_time_delta_sensor_async.py took 0.172 seconds
[2023-04-02T10:47:10.468+0000] {processor.py:153} INFO - Started process (PID=6313) to work on /home/airflow/.local/lib/python3.7/site-packages/airflow/example_dags/example_time_delta_sensor_async.py
[2023-04-02T10:47:10.470+0000] {processor.py:743} INFO - Processing file /home/airflow/.local/lib/python3.7/site-packages/airflow/example_dags/example_time_delta_sensor_async.py for tasks to queue
[2023-04-02T10:47:10.473+0000] {logging_mixin.py:137} INFO - [2023-04-02T10:47:10.472+0000] {dagbag.py:532} INFO - Filling up the DagBag from /home/airflow/.local/lib/python3.7/site-packages/airflow/example_dags/example_time_delta_sensor_async.py
[2023-04-02T10:47:10.503+0000] {processor.py:753} INFO - DAG(s) dict_keys(['example_time_delta_sensor_async']) retrieved from /home/airflow/.local/lib/python3.7/site-packages/airflow/example_dags/example_time_delta_sensor_async.py
[2023-04-02T10:47:10.560+0000] {logging_mixin.py:137} INFO - [2023-04-02T10:47:10.560+0000] {dag.py:2705} INFO - Sync 1 DAGs
[2023-04-02T10:47:10.599+0000] {logging_mixin.py:137} INFO - [2023-04-02T10:47:10.599+0000] {dag.py:3456} INFO - Setting next_dagrun for example_time_delta_sensor_async to None, run_after=None
[2023-04-02T10:47:10.641+0000] {processor.py:175} INFO - Processing /home/airflow/.local/lib/python3.7/site-packages/airflow/example_dags/example_time_delta_sensor_async.py took 0.180 seconds
[2023-04-02T10:47:40.910+0000] {processor.py:153} INFO - Started process (PID=6533) to work on /home/airflow/.local/lib/python3.7/site-packages/airflow/example_dags/example_time_delta_sensor_async.py
[2023-04-02T10:47:40.911+0000] {processor.py:743} INFO - Processing file /home/airflow/.local/lib/python3.7/site-packages/airflow/example_dags/example_time_delta_sensor_async.py for tasks to queue
[2023-04-02T10:47:40.913+0000] {logging_mixin.py:137} INFO - [2023-04-02T10:47:40.912+0000] {dagbag.py:532} INFO - Filling up the DagBag from /home/airflow/.local/lib/python3.7/site-packages/airflow/example_dags/example_time_delta_sensor_async.py
[2023-04-02T10:47:40.929+0000] {processor.py:753} INFO - DAG(s) dict_keys(['example_time_delta_sensor_async']) retrieved from /home/airflow/.local/lib/python3.7/site-packages/airflow/example_dags/example_time_delta_sensor_async.py
[2023-04-02T10:47:40.965+0000] {logging_mixin.py:137} INFO - [2023-04-02T10:47:40.965+0000] {dag.py:2705} INFO - Sync 1 DAGs
[2023-04-02T10:47:41.001+0000] {logging_mixin.py:137} INFO - [2023-04-02T10:47:41.001+0000] {dag.py:3456} INFO - Setting next_dagrun for example_time_delta_sensor_async to None, run_after=None
[2023-04-02T10:47:41.027+0000] {processor.py:175} INFO - Processing /home/airflow/.local/lib/python3.7/site-packages/airflow/example_dags/example_time_delta_sensor_async.py took 0.122 seconds
[2023-04-02T10:48:11.182+0000] {processor.py:153} INFO - Started process (PID=6749) to work on /home/airflow/.local/lib/python3.7/site-packages/airflow/example_dags/example_time_delta_sensor_async.py
[2023-04-02T10:48:11.183+0000] {processor.py:743} INFO - Processing file /home/airflow/.local/lib/python3.7/site-packages/airflow/example_dags/example_time_delta_sensor_async.py for tasks to queue
[2023-04-02T10:48:11.189+0000] {logging_mixin.py:137} INFO - [2023-04-02T10:48:11.188+0000] {dagbag.py:532} INFO - Filling up the DagBag from /home/airflow/.local/lib/python3.7/site-packages/airflow/example_dags/example_time_delta_sensor_async.py
[2023-04-02T10:48:11.215+0000] {processor.py:753} INFO - DAG(s) dict_keys(['example_time_delta_sensor_async']) retrieved from /home/airflow/.local/lib/python3.7/site-packages/airflow/example_dags/example_time_delta_sensor_async.py
[2023-04-02T10:48:11.270+0000] {logging_mixin.py:137} INFO - [2023-04-02T10:48:11.270+0000] {dag.py:2705} INFO - Sync 1 DAGs
[2023-04-02T10:48:11.308+0000] {logging_mixin.py:137} INFO - [2023-04-02T10:48:11.307+0000] {dag.py:3456} INFO - Setting next_dagrun for example_time_delta_sensor_async to None, run_after=None
[2023-04-02T10:48:11.348+0000] {processor.py:175} INFO - Processing /home/airflow/.local/lib/python3.7/site-packages/airflow/example_dags/example_time_delta_sensor_async.py took 0.170 seconds
[2023-04-02T10:48:41.611+0000] {processor.py:153} INFO - Started process (PID=6967) to work on /home/airflow/.local/lib/python3.7/site-packages/airflow/example_dags/example_time_delta_sensor_async.py
[2023-04-02T10:48:41.625+0000] {processor.py:743} INFO - Processing file /home/airflow/.local/lib/python3.7/site-packages/airflow/example_dags/example_time_delta_sensor_async.py for tasks to queue
[2023-04-02T10:48:41.630+0000] {logging_mixin.py:137} INFO - [2023-04-02T10:48:41.629+0000] {dagbag.py:532} INFO - Filling up the DagBag from /home/airflow/.local/lib/python3.7/site-packages/airflow/example_dags/example_time_delta_sensor_async.py
[2023-04-02T10:48:41.687+0000] {processor.py:753} INFO - DAG(s) dict_keys(['example_time_delta_sensor_async']) retrieved from /home/airflow/.local/lib/python3.7/site-packages/airflow/example_dags/example_time_delta_sensor_async.py
[2023-04-02T10:48:41.772+0000] {logging_mixin.py:137} INFO - [2023-04-02T10:48:41.772+0000] {dag.py:2705} INFO - Sync 1 DAGs
[2023-04-02T10:48:41.843+0000] {logging_mixin.py:137} INFO - [2023-04-02T10:48:41.843+0000] {dag.py:3456} INFO - Setting next_dagrun for example_time_delta_sensor_async to None, run_after=None
[2023-04-02T10:48:41.874+0000] {processor.py:175} INFO - Processing /home/airflow/.local/lib/python3.7/site-packages/airflow/example_dags/example_time_delta_sensor_async.py took 0.277 seconds
[2023-04-02T10:49:12.065+0000] {processor.py:153} INFO - Started process (PID=7185) to work on /home/airflow/.local/lib/python3.7/site-packages/airflow/example_dags/example_time_delta_sensor_async.py
[2023-04-02T10:49:12.068+0000] {processor.py:743} INFO - Processing file /home/airflow/.local/lib/python3.7/site-packages/airflow/example_dags/example_time_delta_sensor_async.py for tasks to queue
[2023-04-02T10:49:12.071+0000] {logging_mixin.py:137} INFO - [2023-04-02T10:49:12.071+0000] {dagbag.py:532} INFO - Filling up the DagBag from /home/airflow/.local/lib/python3.7/site-packages/airflow/example_dags/example_time_delta_sensor_async.py
[2023-04-02T10:49:12.093+0000] {processor.py:753} INFO - DAG(s) dict_keys(['example_time_delta_sensor_async']) retrieved from /home/airflow/.local/lib/python3.7/site-packages/airflow/example_dags/example_time_delta_sensor_async.py
[2023-04-02T10:49:12.140+0000] {logging_mixin.py:137} INFO - [2023-04-02T10:49:12.140+0000] {dag.py:2705} INFO - Sync 1 DAGs
[2023-04-02T10:49:12.190+0000] {logging_mixin.py:137} INFO - [2023-04-02T10:49:12.190+0000] {dag.py:3456} INFO - Setting next_dagrun for example_time_delta_sensor_async to None, run_after=None
[2023-04-02T10:49:12.231+0000] {processor.py:175} INFO - Processing /home/airflow/.local/lib/python3.7/site-packages/airflow/example_dags/example_time_delta_sensor_async.py took 0.172 seconds
[2023-04-02T10:49:43.102+0000] {processor.py:153} INFO - Started process (PID=7403) to work on /home/airflow/.local/lib/python3.7/site-packages/airflow/example_dags/example_time_delta_sensor_async.py
[2023-04-02T10:49:43.106+0000] {processor.py:743} INFO - Processing file /home/airflow/.local/lib/python3.7/site-packages/airflow/example_dags/example_time_delta_sensor_async.py for tasks to queue
[2023-04-02T10:49:43.108+0000] {logging_mixin.py:137} INFO - [2023-04-02T10:49:43.108+0000] {dagbag.py:532} INFO - Filling up the DagBag from /home/airflow/.local/lib/python3.7/site-packages/airflow/example_dags/example_time_delta_sensor_async.py
[2023-04-02T10:49:43.131+0000] {processor.py:753} INFO - DAG(s) dict_keys(['example_time_delta_sensor_async']) retrieved from /home/airflow/.local/lib/python3.7/site-packages/airflow/example_dags/example_time_delta_sensor_async.py
[2023-04-02T10:49:43.176+0000] {logging_mixin.py:137} INFO - [2023-04-02T10:49:43.175+0000] {dag.py:2705} INFO - Sync 1 DAGs
[2023-04-02T10:49:43.231+0000] {logging_mixin.py:137} INFO - [2023-04-02T10:49:43.231+0000] {dag.py:3456} INFO - Setting next_dagrun for example_time_delta_sensor_async to None, run_after=None
[2023-04-02T10:49:43.255+0000] {processor.py:175} INFO - Processing /home/airflow/.local/lib/python3.7/site-packages/airflow/example_dags/example_time_delta_sensor_async.py took 0.159 seconds
[2023-04-02T10:50:13.704+0000] {processor.py:153} INFO - Started process (PID=7621) to work on /home/airflow/.local/lib/python3.7/site-packages/airflow/example_dags/example_time_delta_sensor_async.py
[2023-04-02T10:50:13.707+0000] {processor.py:743} INFO - Processing file /home/airflow/.local/lib/python3.7/site-packages/airflow/example_dags/example_time_delta_sensor_async.py for tasks to queue
[2023-04-02T10:50:13.711+0000] {logging_mixin.py:137} INFO - [2023-04-02T10:50:13.709+0000] {dagbag.py:532} INFO - Filling up the DagBag from /home/airflow/.local/lib/python3.7/site-packages/airflow/example_dags/example_time_delta_sensor_async.py
[2023-04-02T10:50:13.734+0000] {processor.py:753} INFO - DAG(s) dict_keys(['example_time_delta_sensor_async']) retrieved from /home/airflow/.local/lib/python3.7/site-packages/airflow/example_dags/example_time_delta_sensor_async.py
[2023-04-02T10:50:13.780+0000] {logging_mixin.py:137} INFO - [2023-04-02T10:50:13.780+0000] {dag.py:2705} INFO - Sync 1 DAGs
[2023-04-02T10:50:13.822+0000] {logging_mixin.py:137} INFO - [2023-04-02T10:50:13.821+0000] {dag.py:3456} INFO - Setting next_dagrun for example_time_delta_sensor_async to None, run_after=None
[2023-04-02T10:50:13.853+0000] {processor.py:175} INFO - Processing /home/airflow/.local/lib/python3.7/site-packages/airflow/example_dags/example_time_delta_sensor_async.py took 0.154 seconds
[2023-04-02T10:50:44.899+0000] {processor.py:153} INFO - Started process (PID=7838) to work on /home/airflow/.local/lib/python3.7/site-packages/airflow/example_dags/example_time_delta_sensor_async.py
[2023-04-02T10:50:44.902+0000] {processor.py:743} INFO - Processing file /home/airflow/.local/lib/python3.7/site-packages/airflow/example_dags/example_time_delta_sensor_async.py for tasks to queue
[2023-04-02T10:50:44.904+0000] {logging_mixin.py:137} INFO - [2023-04-02T10:50:44.904+0000] {dagbag.py:532} INFO - Filling up the DagBag from /home/airflow/.local/lib/python3.7/site-packages/airflow/example_dags/example_time_delta_sensor_async.py
[2023-04-02T10:50:44.926+0000] {processor.py:753} INFO - DAG(s) dict_keys(['example_time_delta_sensor_async']) retrieved from /home/airflow/.local/lib/python3.7/site-packages/airflow/example_dags/example_time_delta_sensor_async.py
[2023-04-02T10:50:44.962+0000] {logging_mixin.py:137} INFO - [2023-04-02T10:50:44.962+0000] {dag.py:2705} INFO - Sync 1 DAGs
[2023-04-02T10:50:45.001+0000] {logging_mixin.py:137} INFO - [2023-04-02T10:50:45.001+0000] {dag.py:3456} INFO - Setting next_dagrun for example_time_delta_sensor_async to None, run_after=None
[2023-04-02T10:50:45.033+0000] {processor.py:175} INFO - Processing /home/airflow/.local/lib/python3.7/site-packages/airflow/example_dags/example_time_delta_sensor_async.py took 0.140 seconds
[2023-04-02T10:51:15.788+0000] {processor.py:153} INFO - Started process (PID=8056) to work on /home/airflow/.local/lib/python3.7/site-packages/airflow/example_dags/example_time_delta_sensor_async.py
[2023-04-02T10:51:15.794+0000] {processor.py:743} INFO - Processing file /home/airflow/.local/lib/python3.7/site-packages/airflow/example_dags/example_time_delta_sensor_async.py for tasks to queue
[2023-04-02T10:51:15.798+0000] {logging_mixin.py:137} INFO - [2023-04-02T10:51:15.797+0000] {dagbag.py:532} INFO - Filling up the DagBag from /home/airflow/.local/lib/python3.7/site-packages/airflow/example_dags/example_time_delta_sensor_async.py
[2023-04-02T10:51:15.845+0000] {processor.py:753} INFO - DAG(s) dict_keys(['example_time_delta_sensor_async']) retrieved from /home/airflow/.local/lib/python3.7/site-packages/airflow/example_dags/example_time_delta_sensor_async.py
[2023-04-02T10:51:15.918+0000] {logging_mixin.py:137} INFO - [2023-04-02T10:51:15.918+0000] {dag.py:2705} INFO - Sync 1 DAGs
[2023-04-02T10:51:15.965+0000] {logging_mixin.py:137} INFO - [2023-04-02T10:51:15.965+0000] {dag.py:3456} INFO - Setting next_dagrun for example_time_delta_sensor_async to None, run_after=None
[2023-04-02T10:51:15.996+0000] {processor.py:175} INFO - Processing /home/airflow/.local/lib/python3.7/site-packages/airflow/example_dags/example_time_delta_sensor_async.py took 0.215 seconds
[2023-04-02T10:51:46.332+0000] {processor.py:153} INFO - Started process (PID=8274) to work on /home/airflow/.local/lib/python3.7/site-packages/airflow/example_dags/example_time_delta_sensor_async.py
[2023-04-02T10:51:46.333+0000] {processor.py:743} INFO - Processing file /home/airflow/.local/lib/python3.7/site-packages/airflow/example_dags/example_time_delta_sensor_async.py for tasks to queue
[2023-04-02T10:51:46.337+0000] {logging_mixin.py:137} INFO - [2023-04-02T10:51:46.337+0000] {dagbag.py:532} INFO - Filling up the DagBag from /home/airflow/.local/lib/python3.7/site-packages/airflow/example_dags/example_time_delta_sensor_async.py
[2023-04-02T10:51:46.358+0000] {processor.py:753} INFO - DAG(s) dict_keys(['example_time_delta_sensor_async']) retrieved from /home/airflow/.local/lib/python3.7/site-packages/airflow/example_dags/example_time_delta_sensor_async.py
[2023-04-02T10:51:46.404+0000] {logging_mixin.py:137} INFO - [2023-04-02T10:51:46.404+0000] {dag.py:2705} INFO - Sync 1 DAGs
[2023-04-02T10:51:46.443+0000] {logging_mixin.py:137} INFO - [2023-04-02T10:51:46.443+0000] {dag.py:3456} INFO - Setting next_dagrun for example_time_delta_sensor_async to None, run_after=None
[2023-04-02T10:51:46.473+0000] {processor.py:175} INFO - Processing /home/airflow/.local/lib/python3.7/site-packages/airflow/example_dags/example_time_delta_sensor_async.py took 0.151 seconds
[2023-04-02T10:52:16.732+0000] {processor.py:153} INFO - Started process (PID=8494) to work on /home/airflow/.local/lib/python3.7/site-packages/airflow/example_dags/example_time_delta_sensor_async.py
[2023-04-02T10:52:16.735+0000] {processor.py:743} INFO - Processing file /home/airflow/.local/lib/python3.7/site-packages/airflow/example_dags/example_time_delta_sensor_async.py for tasks to queue
[2023-04-02T10:52:16.739+0000] {logging_mixin.py:137} INFO - [2023-04-02T10:52:16.739+0000] {dagbag.py:532} INFO - Filling up the DagBag from /home/airflow/.local/lib/python3.7/site-packages/airflow/example_dags/example_time_delta_sensor_async.py
[2023-04-02T10:52:16.762+0000] {processor.py:753} INFO - DAG(s) dict_keys(['example_time_delta_sensor_async']) retrieved from /home/airflow/.local/lib/python3.7/site-packages/airflow/example_dags/example_time_delta_sensor_async.py
[2023-04-02T10:52:16.796+0000] {logging_mixin.py:137} INFO - [2023-04-02T10:52:16.796+0000] {dag.py:2705} INFO - Sync 1 DAGs
[2023-04-02T10:52:16.828+0000] {logging_mixin.py:137} INFO - [2023-04-02T10:52:16.828+0000] {dag.py:3456} INFO - Setting next_dagrun for example_time_delta_sensor_async to None, run_after=None
[2023-04-02T10:52:16.855+0000] {processor.py:175} INFO - Processing /home/airflow/.local/lib/python3.7/site-packages/airflow/example_dags/example_time_delta_sensor_async.py took 0.127 seconds
[2023-04-02T10:52:47.348+0000] {processor.py:153} INFO - Started process (PID=8711) to work on /home/airflow/.local/lib/python3.7/site-packages/airflow/example_dags/example_time_delta_sensor_async.py
[2023-04-02T10:52:47.351+0000] {processor.py:743} INFO - Processing file /home/airflow/.local/lib/python3.7/site-packages/airflow/example_dags/example_time_delta_sensor_async.py for tasks to queue
[2023-04-02T10:52:47.353+0000] {logging_mixin.py:137} INFO - [2023-04-02T10:52:47.353+0000] {dagbag.py:532} INFO - Filling up the DagBag from /home/airflow/.local/lib/python3.7/site-packages/airflow/example_dags/example_time_delta_sensor_async.py
[2023-04-02T10:52:47.377+0000] {processor.py:753} INFO - DAG(s) dict_keys(['example_time_delta_sensor_async']) retrieved from /home/airflow/.local/lib/python3.7/site-packages/airflow/example_dags/example_time_delta_sensor_async.py
[2023-04-02T10:52:47.417+0000] {logging_mixin.py:137} INFO - [2023-04-02T10:52:47.417+0000] {dag.py:2705} INFO - Sync 1 DAGs
[2023-04-02T10:52:47.474+0000] {logging_mixin.py:137} INFO - [2023-04-02T10:52:47.473+0000] {dag.py:3456} INFO - Setting next_dagrun for example_time_delta_sensor_async to None, run_after=None
[2023-04-02T10:52:47.511+0000] {processor.py:175} INFO - Processing /home/airflow/.local/lib/python3.7/site-packages/airflow/example_dags/example_time_delta_sensor_async.py took 0.169 seconds
[2023-04-02T10:53:18.329+0000] {processor.py:153} INFO - Started process (PID=8929) to work on /home/airflow/.local/lib/python3.7/site-packages/airflow/example_dags/example_time_delta_sensor_async.py
[2023-04-02T10:53:18.331+0000] {processor.py:743} INFO - Processing file /home/airflow/.local/lib/python3.7/site-packages/airflow/example_dags/example_time_delta_sensor_async.py for tasks to queue
[2023-04-02T10:53:18.334+0000] {logging_mixin.py:137} INFO - [2023-04-02T10:53:18.333+0000] {dagbag.py:532} INFO - Filling up the DagBag from /home/airflow/.local/lib/python3.7/site-packages/airflow/example_dags/example_time_delta_sensor_async.py
[2023-04-02T10:53:18.352+0000] {processor.py:753} INFO - DAG(s) dict_keys(['example_time_delta_sensor_async']) retrieved from /home/airflow/.local/lib/python3.7/site-packages/airflow/example_dags/example_time_delta_sensor_async.py
[2023-04-02T10:53:18.389+0000] {logging_mixin.py:137} INFO - [2023-04-02T10:53:18.389+0000] {dag.py:2705} INFO - Sync 1 DAGs
[2023-04-02T10:53:18.426+0000] {logging_mixin.py:137} INFO - [2023-04-02T10:53:18.426+0000] {dag.py:3456} INFO - Setting next_dagrun for example_time_delta_sensor_async to None, run_after=None
[2023-04-02T10:53:18.458+0000] {processor.py:175} INFO - Processing /home/airflow/.local/lib/python3.7/site-packages/airflow/example_dags/example_time_delta_sensor_async.py took 0.134 seconds
[2023-04-02T10:53:48.882+0000] {processor.py:153} INFO - Started process (PID=9147) to work on /home/airflow/.local/lib/python3.7/site-packages/airflow/example_dags/example_time_delta_sensor_async.py
[2023-04-02T10:53:48.884+0000] {processor.py:743} INFO - Processing file /home/airflow/.local/lib/python3.7/site-packages/airflow/example_dags/example_time_delta_sensor_async.py for tasks to queue
[2023-04-02T10:53:48.887+0000] {logging_mixin.py:137} INFO - [2023-04-02T10:53:48.886+0000] {dagbag.py:532} INFO - Filling up the DagBag from /home/airflow/.local/lib/python3.7/site-packages/airflow/example_dags/example_time_delta_sensor_async.py
[2023-04-02T10:53:48.910+0000] {processor.py:753} INFO - DAG(s) dict_keys(['example_time_delta_sensor_async']) retrieved from /home/airflow/.local/lib/python3.7/site-packages/airflow/example_dags/example_time_delta_sensor_async.py
[2023-04-02T10:53:48.953+0000] {logging_mixin.py:137} INFO - [2023-04-02T10:53:48.953+0000] {dag.py:2705} INFO - Sync 1 DAGs
[2023-04-02T10:53:48.998+0000] {logging_mixin.py:137} INFO - [2023-04-02T10:53:48.997+0000] {dag.py:3456} INFO - Setting next_dagrun for example_time_delta_sensor_async to None, run_after=None
[2023-04-02T10:53:49.021+0000] {processor.py:175} INFO - Processing /home/airflow/.local/lib/python3.7/site-packages/airflow/example_dags/example_time_delta_sensor_async.py took 0.145 seconds
[2023-04-02T10:54:19.361+0000] {processor.py:153} INFO - Started process (PID=9365) to work on /home/airflow/.local/lib/python3.7/site-packages/airflow/example_dags/example_time_delta_sensor_async.py
[2023-04-02T10:54:19.363+0000] {processor.py:743} INFO - Processing file /home/airflow/.local/lib/python3.7/site-packages/airflow/example_dags/example_time_delta_sensor_async.py for tasks to queue
[2023-04-02T10:54:19.366+0000] {logging_mixin.py:137} INFO - [2023-04-02T10:54:19.365+0000] {dagbag.py:532} INFO - Filling up the DagBag from /home/airflow/.local/lib/python3.7/site-packages/airflow/example_dags/example_time_delta_sensor_async.py
[2023-04-02T10:54:19.386+0000] {processor.py:753} INFO - DAG(s) dict_keys(['example_time_delta_sensor_async']) retrieved from /home/airflow/.local/lib/python3.7/site-packages/airflow/example_dags/example_time_delta_sensor_async.py
[2023-04-02T10:54:19.481+0000] {logging_mixin.py:137} INFO - [2023-04-02T10:54:19.481+0000] {dag.py:2705} INFO - Sync 1 DAGs
[2023-04-02T10:54:19.538+0000] {logging_mixin.py:137} INFO - [2023-04-02T10:54:19.538+0000] {dag.py:3456} INFO - Setting next_dagrun for example_time_delta_sensor_async to None, run_after=None
[2023-04-02T10:54:19.577+0000] {processor.py:175} INFO - Processing /home/airflow/.local/lib/python3.7/site-packages/airflow/example_dags/example_time_delta_sensor_async.py took 0.224 seconds
[2023-04-02T10:54:50.361+0000] {processor.py:153} INFO - Started process (PID=9585) to work on /home/airflow/.local/lib/python3.7/site-packages/airflow/example_dags/example_time_delta_sensor_async.py
[2023-04-02T10:54:50.363+0000] {processor.py:743} INFO - Processing file /home/airflow/.local/lib/python3.7/site-packages/airflow/example_dags/example_time_delta_sensor_async.py for tasks to queue
[2023-04-02T10:54:50.366+0000] {logging_mixin.py:137} INFO - [2023-04-02T10:54:50.365+0000] {dagbag.py:532} INFO - Filling up the DagBag from /home/airflow/.local/lib/python3.7/site-packages/airflow/example_dags/example_time_delta_sensor_async.py
[2023-04-02T10:54:50.385+0000] {processor.py:753} INFO - DAG(s) dict_keys(['example_time_delta_sensor_async']) retrieved from /home/airflow/.local/lib/python3.7/site-packages/airflow/example_dags/example_time_delta_sensor_async.py
[2023-04-02T10:54:50.424+0000] {logging_mixin.py:137} INFO - [2023-04-02T10:54:50.423+0000] {dag.py:2705} INFO - Sync 1 DAGs
[2023-04-02T10:54:50.464+0000] {logging_mixin.py:137} INFO - [2023-04-02T10:54:50.464+0000] {dag.py:3456} INFO - Setting next_dagrun for example_time_delta_sensor_async to None, run_after=None
[2023-04-02T10:54:50.496+0000] {processor.py:175} INFO - Processing /home/airflow/.local/lib/python3.7/site-packages/airflow/example_dags/example_time_delta_sensor_async.py took 0.140 seconds
[2023-04-02T10:55:20.869+0000] {processor.py:153} INFO - Started process (PID=9801) to work on /home/airflow/.local/lib/python3.7/site-packages/airflow/example_dags/example_time_delta_sensor_async.py
[2023-04-02T10:55:20.878+0000] {processor.py:743} INFO - Processing file /home/airflow/.local/lib/python3.7/site-packages/airflow/example_dags/example_time_delta_sensor_async.py for tasks to queue
[2023-04-02T10:55:20.884+0000] {logging_mixin.py:137} INFO - [2023-04-02T10:55:20.883+0000] {dagbag.py:532} INFO - Filling up the DagBag from /home/airflow/.local/lib/python3.7/site-packages/airflow/example_dags/example_time_delta_sensor_async.py
[2023-04-02T10:55:20.926+0000] {processor.py:753} INFO - DAG(s) dict_keys(['example_time_delta_sensor_async']) retrieved from /home/airflow/.local/lib/python3.7/site-packages/airflow/example_dags/example_time_delta_sensor_async.py
[2023-04-02T10:55:21.057+0000] {logging_mixin.py:137} INFO - [2023-04-02T10:55:21.057+0000] {dag.py:2705} INFO - Sync 1 DAGs
[2023-04-02T10:55:21.198+0000] {logging_mixin.py:137} INFO - [2023-04-02T10:55:21.198+0000] {dag.py:3456} INFO - Setting next_dagrun for example_time_delta_sensor_async to None, run_after=None
[2023-04-02T10:55:21.280+0000] {processor.py:175} INFO - Processing /home/airflow/.local/lib/python3.7/site-packages/airflow/example_dags/example_time_delta_sensor_async.py took 0.419 seconds
[2023-04-02T10:55:51.410+0000] {processor.py:153} INFO - Started process (PID=10019) to work on /home/airflow/.local/lib/python3.7/site-packages/airflow/example_dags/example_time_delta_sensor_async.py
[2023-04-02T10:55:51.412+0000] {processor.py:743} INFO - Processing file /home/airflow/.local/lib/python3.7/site-packages/airflow/example_dags/example_time_delta_sensor_async.py for tasks to queue
[2023-04-02T10:55:51.415+0000] {logging_mixin.py:137} INFO - [2023-04-02T10:55:51.415+0000] {dagbag.py:532} INFO - Filling up the DagBag from /home/airflow/.local/lib/python3.7/site-packages/airflow/example_dags/example_time_delta_sensor_async.py
[2023-04-02T10:55:51.433+0000] {processor.py:753} INFO - DAG(s) dict_keys(['example_time_delta_sensor_async']) retrieved from /home/airflow/.local/lib/python3.7/site-packages/airflow/example_dags/example_time_delta_sensor_async.py
[2023-04-02T10:55:51.470+0000] {logging_mixin.py:137} INFO - [2023-04-02T10:55:51.470+0000] {dag.py:2705} INFO - Sync 1 DAGs
[2023-04-02T10:55:51.506+0000] {logging_mixin.py:137} INFO - [2023-04-02T10:55:51.506+0000] {dag.py:3456} INFO - Setting next_dagrun for example_time_delta_sensor_async to None, run_after=None
[2023-04-02T10:55:51.547+0000] {processor.py:175} INFO - Processing /home/airflow/.local/lib/python3.7/site-packages/airflow/example_dags/example_time_delta_sensor_async.py took 0.142 seconds
[2023-04-02T10:56:21.891+0000] {processor.py:153} INFO - Started process (PID=10237) to work on /home/airflow/.local/lib/python3.7/site-packages/airflow/example_dags/example_time_delta_sensor_async.py
[2023-04-02T10:56:21.893+0000] {processor.py:743} INFO - Processing file /home/airflow/.local/lib/python3.7/site-packages/airflow/example_dags/example_time_delta_sensor_async.py for tasks to queue
[2023-04-02T10:56:21.896+0000] {logging_mixin.py:137} INFO - [2023-04-02T10:56:21.895+0000] {dagbag.py:532} INFO - Filling up the DagBag from /home/airflow/.local/lib/python3.7/site-packages/airflow/example_dags/example_time_delta_sensor_async.py
[2023-04-02T10:56:21.923+0000] {processor.py:753} INFO - DAG(s) dict_keys(['example_time_delta_sensor_async']) retrieved from /home/airflow/.local/lib/python3.7/site-packages/airflow/example_dags/example_time_delta_sensor_async.py
[2023-04-02T10:56:21.964+0000] {logging_mixin.py:137} INFO - [2023-04-02T10:56:21.964+0000] {dag.py:2705} INFO - Sync 1 DAGs
[2023-04-02T10:56:22.013+0000] {logging_mixin.py:137} INFO - [2023-04-02T10:56:22.013+0000] {dag.py:3456} INFO - Setting next_dagrun for example_time_delta_sensor_async to None, run_after=None
[2023-04-02T10:56:22.062+0000] {processor.py:175} INFO - Processing /home/airflow/.local/lib/python3.7/site-packages/airflow/example_dags/example_time_delta_sensor_async.py took 0.176 seconds
[2023-04-02T10:56:52.614+0000] {processor.py:153} INFO - Started process (PID=10455) to work on /home/airflow/.local/lib/python3.7/site-packages/airflow/example_dags/example_time_delta_sensor_async.py
[2023-04-02T10:56:52.616+0000] {processor.py:743} INFO - Processing file /home/airflow/.local/lib/python3.7/site-packages/airflow/example_dags/example_time_delta_sensor_async.py for tasks to queue
[2023-04-02T10:56:52.619+0000] {logging_mixin.py:137} INFO - [2023-04-02T10:56:52.619+0000] {dagbag.py:532} INFO - Filling up the DagBag from /home/airflow/.local/lib/python3.7/site-packages/airflow/example_dags/example_time_delta_sensor_async.py
[2023-04-02T10:56:52.639+0000] {processor.py:753} INFO - DAG(s) dict_keys(['example_time_delta_sensor_async']) retrieved from /home/airflow/.local/lib/python3.7/site-packages/airflow/example_dags/example_time_delta_sensor_async.py
[2023-04-02T10:56:52.675+0000] {logging_mixin.py:137} INFO - [2023-04-02T10:56:52.675+0000] {dag.py:2705} INFO - Sync 1 DAGs
[2023-04-02T10:56:52.716+0000] {logging_mixin.py:137} INFO - [2023-04-02T10:56:52.716+0000] {dag.py:3456} INFO - Setting next_dagrun for example_time_delta_sensor_async to None, run_after=None
[2023-04-02T10:56:52.743+0000] {processor.py:175} INFO - Processing /home/airflow/.local/lib/python3.7/site-packages/airflow/example_dags/example_time_delta_sensor_async.py took 0.134 seconds
[2023-04-02T10:57:23.334+0000] {processor.py:153} INFO - Started process (PID=10673) to work on /home/airflow/.local/lib/python3.7/site-packages/airflow/example_dags/example_time_delta_sensor_async.py
[2023-04-02T10:57:23.336+0000] {processor.py:743} INFO - Processing file /home/airflow/.local/lib/python3.7/site-packages/airflow/example_dags/example_time_delta_sensor_async.py for tasks to queue
[2023-04-02T10:57:23.338+0000] {logging_mixin.py:137} INFO - [2023-04-02T10:57:23.338+0000] {dagbag.py:532} INFO - Filling up the DagBag from /home/airflow/.local/lib/python3.7/site-packages/airflow/example_dags/example_time_delta_sensor_async.py
[2023-04-02T10:57:23.358+0000] {processor.py:753} INFO - DAG(s) dict_keys(['example_time_delta_sensor_async']) retrieved from /home/airflow/.local/lib/python3.7/site-packages/airflow/example_dags/example_time_delta_sensor_async.py
[2023-04-02T10:57:23.396+0000] {logging_mixin.py:137} INFO - [2023-04-02T10:57:23.396+0000] {dag.py:2705} INFO - Sync 1 DAGs
[2023-04-02T10:57:23.429+0000] {logging_mixin.py:137} INFO - [2023-04-02T10:57:23.429+0000] {dag.py:3456} INFO - Setting next_dagrun for example_time_delta_sensor_async to None, run_after=None
[2023-04-02T10:57:23.462+0000] {processor.py:175} INFO - Processing /home/airflow/.local/lib/python3.7/site-packages/airflow/example_dags/example_time_delta_sensor_async.py took 0.134 seconds
[2023-04-02T10:57:54.072+0000] {processor.py:153} INFO - Started process (PID=10893) to work on /home/airflow/.local/lib/python3.7/site-packages/airflow/example_dags/example_time_delta_sensor_async.py
[2023-04-02T10:57:54.073+0000] {processor.py:743} INFO - Processing file /home/airflow/.local/lib/python3.7/site-packages/airflow/example_dags/example_time_delta_sensor_async.py for tasks to queue
[2023-04-02T10:57:54.075+0000] {logging_mixin.py:137} INFO - [2023-04-02T10:57:54.074+0000] {dagbag.py:532} INFO - Filling up the DagBag from /home/airflow/.local/lib/python3.7/site-packages/airflow/example_dags/example_time_delta_sensor_async.py
[2023-04-02T10:57:54.093+0000] {processor.py:753} INFO - DAG(s) dict_keys(['example_time_delta_sensor_async']) retrieved from /home/airflow/.local/lib/python3.7/site-packages/airflow/example_dags/example_time_delta_sensor_async.py
[2023-04-02T10:57:54.127+0000] {logging_mixin.py:137} INFO - [2023-04-02T10:57:54.126+0000] {dag.py:2705} INFO - Sync 1 DAGs
[2023-04-02T10:57:54.165+0000] {logging_mixin.py:137} INFO - [2023-04-02T10:57:54.165+0000] {dag.py:3456} INFO - Setting next_dagrun for example_time_delta_sensor_async to None, run_after=None
[2023-04-02T10:57:54.197+0000] {processor.py:175} INFO - Processing /home/airflow/.local/lib/python3.7/site-packages/airflow/example_dags/example_time_delta_sensor_async.py took 0.131 seconds
[2023-04-02T10:58:24.319+0000] {processor.py:153} INFO - Started process (PID=11109) to work on /home/airflow/.local/lib/python3.7/site-packages/airflow/example_dags/example_time_delta_sensor_async.py
[2023-04-02T10:58:24.321+0000] {processor.py:743} INFO - Processing file /home/airflow/.local/lib/python3.7/site-packages/airflow/example_dags/example_time_delta_sensor_async.py for tasks to queue
[2023-04-02T10:58:24.324+0000] {logging_mixin.py:137} INFO - [2023-04-02T10:58:24.322+0000] {dagbag.py:532} INFO - Filling up the DagBag from /home/airflow/.local/lib/python3.7/site-packages/airflow/example_dags/example_time_delta_sensor_async.py
[2023-04-02T10:58:24.350+0000] {processor.py:753} INFO - DAG(s) dict_keys(['example_time_delta_sensor_async']) retrieved from /home/airflow/.local/lib/python3.7/site-packages/airflow/example_dags/example_time_delta_sensor_async.py
[2023-04-02T10:58:24.399+0000] {logging_mixin.py:137} INFO - [2023-04-02T10:58:24.399+0000] {dag.py:2705} INFO - Sync 1 DAGs
[2023-04-02T10:58:24.449+0000] {logging_mixin.py:137} INFO - [2023-04-02T10:58:24.449+0000] {dag.py:3456} INFO - Setting next_dagrun for example_time_delta_sensor_async to None, run_after=None
[2023-04-02T10:58:24.485+0000] {processor.py:175} INFO - Processing /home/airflow/.local/lib/python3.7/site-packages/airflow/example_dags/example_time_delta_sensor_async.py took 0.173 seconds
[2023-04-02T10:58:54.820+0000] {processor.py:153} INFO - Started process (PID=11327) to work on /home/airflow/.local/lib/python3.7/site-packages/airflow/example_dags/example_time_delta_sensor_async.py
[2023-04-02T10:58:54.822+0000] {processor.py:743} INFO - Processing file /home/airflow/.local/lib/python3.7/site-packages/airflow/example_dags/example_time_delta_sensor_async.py for tasks to queue
[2023-04-02T10:58:54.825+0000] {logging_mixin.py:137} INFO - [2023-04-02T10:58:54.825+0000] {dagbag.py:532} INFO - Filling up the DagBag from /home/airflow/.local/lib/python3.7/site-packages/airflow/example_dags/example_time_delta_sensor_async.py
[2023-04-02T10:58:54.856+0000] {processor.py:753} INFO - DAG(s) dict_keys(['example_time_delta_sensor_async']) retrieved from /home/airflow/.local/lib/python3.7/site-packages/airflow/example_dags/example_time_delta_sensor_async.py
[2023-04-02T10:58:54.909+0000] {logging_mixin.py:137} INFO - [2023-04-02T10:58:54.909+0000] {dag.py:2705} INFO - Sync 1 DAGs
[2023-04-02T10:58:54.956+0000] {logging_mixin.py:137} INFO - [2023-04-02T10:58:54.955+0000] {dag.py:3456} INFO - Setting next_dagrun for example_time_delta_sensor_async to None, run_after=None
[2023-04-02T10:58:54.991+0000] {processor.py:175} INFO - Processing /home/airflow/.local/lib/python3.7/site-packages/airflow/example_dags/example_time_delta_sensor_async.py took 0.175 seconds
[2023-04-02T10:59:25.422+0000] {processor.py:153} INFO - Started process (PID=11547) to work on /home/airflow/.local/lib/python3.7/site-packages/airflow/example_dags/example_time_delta_sensor_async.py
[2023-04-02T10:59:25.424+0000] {processor.py:743} INFO - Processing file /home/airflow/.local/lib/python3.7/site-packages/airflow/example_dags/example_time_delta_sensor_async.py for tasks to queue
[2023-04-02T10:59:25.426+0000] {logging_mixin.py:137} INFO - [2023-04-02T10:59:25.426+0000] {dagbag.py:532} INFO - Filling up the DagBag from /home/airflow/.local/lib/python3.7/site-packages/airflow/example_dags/example_time_delta_sensor_async.py
[2023-04-02T10:59:25.442+0000] {processor.py:753} INFO - DAG(s) dict_keys(['example_time_delta_sensor_async']) retrieved from /home/airflow/.local/lib/python3.7/site-packages/airflow/example_dags/example_time_delta_sensor_async.py
[2023-04-02T10:59:25.477+0000] {logging_mixin.py:137} INFO - [2023-04-02T10:59:25.477+0000] {dag.py:2705} INFO - Sync 1 DAGs
[2023-04-02T10:59:25.510+0000] {logging_mixin.py:137} INFO - [2023-04-02T10:59:25.510+0000] {dag.py:3456} INFO - Setting next_dagrun for example_time_delta_sensor_async to None, run_after=None
[2023-04-02T10:59:25.541+0000] {processor.py:175} INFO - Processing /home/airflow/.local/lib/python3.7/site-packages/airflow/example_dags/example_time_delta_sensor_async.py took 0.124 seconds
[2023-04-02T10:59:56.040+0000] {processor.py:153} INFO - Started process (PID=11763) to work on /home/airflow/.local/lib/python3.7/site-packages/airflow/example_dags/example_time_delta_sensor_async.py
[2023-04-02T10:59:56.042+0000] {processor.py:743} INFO - Processing file /home/airflow/.local/lib/python3.7/site-packages/airflow/example_dags/example_time_delta_sensor_async.py for tasks to queue
[2023-04-02T10:59:56.046+0000] {logging_mixin.py:137} INFO - [2023-04-02T10:59:56.046+0000] {dagbag.py:532} INFO - Filling up the DagBag from /home/airflow/.local/lib/python3.7/site-packages/airflow/example_dags/example_time_delta_sensor_async.py
[2023-04-02T10:59:56.066+0000] {processor.py:753} INFO - DAG(s) dict_keys(['example_time_delta_sensor_async']) retrieved from /home/airflow/.local/lib/python3.7/site-packages/airflow/example_dags/example_time_delta_sensor_async.py
[2023-04-02T10:59:56.126+0000] {logging_mixin.py:137} INFO - [2023-04-02T10:59:56.125+0000] {dag.py:2705} INFO - Sync 1 DAGs
[2023-04-02T10:59:56.181+0000] {logging_mixin.py:137} INFO - [2023-04-02T10:59:56.181+0000] {dag.py:3456} INFO - Setting next_dagrun for example_time_delta_sensor_async to None, run_after=None
[2023-04-02T10:59:56.219+0000] {processor.py:175} INFO - Processing /home/airflow/.local/lib/python3.7/site-packages/airflow/example_dags/example_time_delta_sensor_async.py took 0.185 seconds
[2023-04-02T11:00:26.322+0000] {processor.py:153} INFO - Started process (PID=11975) to work on /home/airflow/.local/lib/python3.7/site-packages/airflow/example_dags/example_time_delta_sensor_async.py
[2023-04-02T11:00:26.325+0000] {processor.py:743} INFO - Processing file /home/airflow/.local/lib/python3.7/site-packages/airflow/example_dags/example_time_delta_sensor_async.py for tasks to queue
[2023-04-02T11:00:26.328+0000] {logging_mixin.py:137} INFO - [2023-04-02T11:00:26.327+0000] {dagbag.py:532} INFO - Filling up the DagBag from /home/airflow/.local/lib/python3.7/site-packages/airflow/example_dags/example_time_delta_sensor_async.py
[2023-04-02T11:00:26.370+0000] {processor.py:753} INFO - DAG(s) dict_keys(['example_time_delta_sensor_async']) retrieved from /home/airflow/.local/lib/python3.7/site-packages/airflow/example_dags/example_time_delta_sensor_async.py
[2023-04-02T11:00:26.408+0000] {logging_mixin.py:137} INFO - [2023-04-02T11:00:26.408+0000] {dag.py:2705} INFO - Sync 1 DAGs
[2023-04-02T11:00:26.445+0000] {logging_mixin.py:137} INFO - [2023-04-02T11:00:26.445+0000] {dag.py:3456} INFO - Setting next_dagrun for example_time_delta_sensor_async to None, run_after=None
[2023-04-02T11:00:26.476+0000] {processor.py:175} INFO - Processing /home/airflow/.local/lib/python3.7/site-packages/airflow/example_dags/example_time_delta_sensor_async.py took 0.160 seconds
[2023-04-02T11:00:56.773+0000] {processor.py:153} INFO - Started process (PID=12195) to work on /home/airflow/.local/lib/python3.7/site-packages/airflow/example_dags/example_time_delta_sensor_async.py
[2023-04-02T11:00:56.775+0000] {processor.py:743} INFO - Processing file /home/airflow/.local/lib/python3.7/site-packages/airflow/example_dags/example_time_delta_sensor_async.py for tasks to queue
[2023-04-02T11:00:56.778+0000] {logging_mixin.py:137} INFO - [2023-04-02T11:00:56.778+0000] {dagbag.py:532} INFO - Filling up the DagBag from /home/airflow/.local/lib/python3.7/site-packages/airflow/example_dags/example_time_delta_sensor_async.py
[2023-04-02T11:00:56.801+0000] {processor.py:753} INFO - DAG(s) dict_keys(['example_time_delta_sensor_async']) retrieved from /home/airflow/.local/lib/python3.7/site-packages/airflow/example_dags/example_time_delta_sensor_async.py
[2023-04-02T11:00:56.840+0000] {logging_mixin.py:137} INFO - [2023-04-02T11:00:56.840+0000] {dag.py:2705} INFO - Sync 1 DAGs
[2023-04-02T11:00:56.876+0000] {logging_mixin.py:137} INFO - [2023-04-02T11:00:56.876+0000] {dag.py:3456} INFO - Setting next_dagrun for example_time_delta_sensor_async to None, run_after=None
[2023-04-02T11:00:56.905+0000] {processor.py:175} INFO - Processing /home/airflow/.local/lib/python3.7/site-packages/airflow/example_dags/example_time_delta_sensor_async.py took 0.137 seconds
[2023-04-02T11:01:27.221+0000] {processor.py:153} INFO - Started process (PID=12411) to work on /home/airflow/.local/lib/python3.7/site-packages/airflow/example_dags/example_time_delta_sensor_async.py
[2023-04-02T11:01:27.223+0000] {processor.py:743} INFO - Processing file /home/airflow/.local/lib/python3.7/site-packages/airflow/example_dags/example_time_delta_sensor_async.py for tasks to queue
[2023-04-02T11:01:27.226+0000] {logging_mixin.py:137} INFO - [2023-04-02T11:01:27.226+0000] {dagbag.py:532} INFO - Filling up the DagBag from /home/airflow/.local/lib/python3.7/site-packages/airflow/example_dags/example_time_delta_sensor_async.py
[2023-04-02T11:01:27.274+0000] {processor.py:753} INFO - DAG(s) dict_keys(['example_time_delta_sensor_async']) retrieved from /home/airflow/.local/lib/python3.7/site-packages/airflow/example_dags/example_time_delta_sensor_async.py
[2023-04-02T11:01:27.367+0000] {logging_mixin.py:137} INFO - [2023-04-02T11:01:27.367+0000] {dag.py:2705} INFO - Sync 1 DAGs
[2023-04-02T11:01:27.464+0000] {logging_mixin.py:137} INFO - [2023-04-02T11:01:27.462+0000] {dag.py:3456} INFO - Setting next_dagrun for example_time_delta_sensor_async to None, run_after=None
[2023-04-02T11:01:27.507+0000] {processor.py:175} INFO - Processing /home/airflow/.local/lib/python3.7/site-packages/airflow/example_dags/example_time_delta_sensor_async.py took 0.300 seconds
[2023-04-02T11:01:57.742+0000] {processor.py:153} INFO - Started process (PID=12631) to work on /home/airflow/.local/lib/python3.7/site-packages/airflow/example_dags/example_time_delta_sensor_async.py
[2023-04-02T11:01:57.744+0000] {processor.py:743} INFO - Processing file /home/airflow/.local/lib/python3.7/site-packages/airflow/example_dags/example_time_delta_sensor_async.py for tasks to queue
[2023-04-02T11:01:57.748+0000] {logging_mixin.py:137} INFO - [2023-04-02T11:01:57.747+0000] {dagbag.py:532} INFO - Filling up the DagBag from /home/airflow/.local/lib/python3.7/site-packages/airflow/example_dags/example_time_delta_sensor_async.py
[2023-04-02T11:01:57.770+0000] {processor.py:753} INFO - DAG(s) dict_keys(['example_time_delta_sensor_async']) retrieved from /home/airflow/.local/lib/python3.7/site-packages/airflow/example_dags/example_time_delta_sensor_async.py
[2023-04-02T11:01:57.808+0000] {logging_mixin.py:137} INFO - [2023-04-02T11:01:57.808+0000] {dag.py:2705} INFO - Sync 1 DAGs
[2023-04-02T11:01:57.846+0000] {logging_mixin.py:137} INFO - [2023-04-02T11:01:57.846+0000] {dag.py:3456} INFO - Setting next_dagrun for example_time_delta_sensor_async to None, run_after=None
[2023-04-02T11:01:57.875+0000] {processor.py:175} INFO - Processing /home/airflow/.local/lib/python3.7/site-packages/airflow/example_dags/example_time_delta_sensor_async.py took 0.137 seconds
[2023-04-02T11:02:27.959+0000] {processor.py:153} INFO - Started process (PID=12847) to work on /home/airflow/.local/lib/python3.7/site-packages/airflow/example_dags/example_time_delta_sensor_async.py
[2023-04-02T11:02:27.961+0000] {processor.py:743} INFO - Processing file /home/airflow/.local/lib/python3.7/site-packages/airflow/example_dags/example_time_delta_sensor_async.py for tasks to queue
[2023-04-02T11:02:27.988+0000] {logging_mixin.py:137} INFO - [2023-04-02T11:02:27.987+0000] {dagbag.py:532} INFO - Filling up the DagBag from /home/airflow/.local/lib/python3.7/site-packages/airflow/example_dags/example_time_delta_sensor_async.py
[2023-04-02T11:02:28.033+0000] {processor.py:753} INFO - DAG(s) dict_keys(['example_time_delta_sensor_async']) retrieved from /home/airflow/.local/lib/python3.7/site-packages/airflow/example_dags/example_time_delta_sensor_async.py
[2023-04-02T11:02:28.101+0000] {logging_mixin.py:137} INFO - [2023-04-02T11:02:28.101+0000] {dag.py:2705} INFO - Sync 1 DAGs
[2023-04-02T11:02:28.197+0000] {logging_mixin.py:137} INFO - [2023-04-02T11:02:28.197+0000] {dag.py:3456} INFO - Setting next_dagrun for example_time_delta_sensor_async to None, run_after=None
[2023-04-02T11:02:28.251+0000] {processor.py:175} INFO - Processing /home/airflow/.local/lib/python3.7/site-packages/airflow/example_dags/example_time_delta_sensor_async.py took 0.301 seconds
[2023-04-02T11:02:58.714+0000] {processor.py:153} INFO - Started process (PID=13067) to work on /home/airflow/.local/lib/python3.7/site-packages/airflow/example_dags/example_time_delta_sensor_async.py
[2023-04-02T11:02:58.717+0000] {processor.py:743} INFO - Processing file /home/airflow/.local/lib/python3.7/site-packages/airflow/example_dags/example_time_delta_sensor_async.py for tasks to queue
[2023-04-02T11:02:58.719+0000] {logging_mixin.py:137} INFO - [2023-04-02T11:02:58.719+0000] {dagbag.py:532} INFO - Filling up the DagBag from /home/airflow/.local/lib/python3.7/site-packages/airflow/example_dags/example_time_delta_sensor_async.py
[2023-04-02T11:02:58.738+0000] {processor.py:753} INFO - DAG(s) dict_keys(['example_time_delta_sensor_async']) retrieved from /home/airflow/.local/lib/python3.7/site-packages/airflow/example_dags/example_time_delta_sensor_async.py
[2023-04-02T11:02:58.775+0000] {logging_mixin.py:137} INFO - [2023-04-02T11:02:58.774+0000] {dag.py:2705} INFO - Sync 1 DAGs
[2023-04-02T11:02:58.814+0000] {logging_mixin.py:137} INFO - [2023-04-02T11:02:58.814+0000] {dag.py:3456} INFO - Setting next_dagrun for example_time_delta_sensor_async to None, run_after=None
[2023-04-02T11:02:58.845+0000] {processor.py:175} INFO - Processing /home/airflow/.local/lib/python3.7/site-packages/airflow/example_dags/example_time_delta_sensor_async.py took 0.137 seconds
[2023-04-02T11:03:29.152+0000] {processor.py:153} INFO - Started process (PID=13285) to work on /home/airflow/.local/lib/python3.7/site-packages/airflow/example_dags/example_time_delta_sensor_async.py
[2023-04-02T11:03:29.154+0000] {processor.py:743} INFO - Processing file /home/airflow/.local/lib/python3.7/site-packages/airflow/example_dags/example_time_delta_sensor_async.py for tasks to queue
[2023-04-02T11:03:29.159+0000] {logging_mixin.py:137} INFO - [2023-04-02T11:03:29.158+0000] {dagbag.py:532} INFO - Filling up the DagBag from /home/airflow/.local/lib/python3.7/site-packages/airflow/example_dags/example_time_delta_sensor_async.py
[2023-04-02T11:03:29.181+0000] {processor.py:753} INFO - DAG(s) dict_keys(['example_time_delta_sensor_async']) retrieved from /home/airflow/.local/lib/python3.7/site-packages/airflow/example_dags/example_time_delta_sensor_async.py
[2023-04-02T11:03:29.222+0000] {logging_mixin.py:137} INFO - [2023-04-02T11:03:29.222+0000] {dag.py:2705} INFO - Sync 1 DAGs
[2023-04-02T11:03:29.275+0000] {logging_mixin.py:137} INFO - [2023-04-02T11:03:29.274+0000] {dag.py:3456} INFO - Setting next_dagrun for example_time_delta_sensor_async to None, run_after=None
[2023-04-02T11:03:29.316+0000] {processor.py:175} INFO - Processing /home/airflow/.local/lib/python3.7/site-packages/airflow/example_dags/example_time_delta_sensor_async.py took 0.169 seconds
[2023-04-02T11:04:00.332+0000] {processor.py:153} INFO - Started process (PID=13501) to work on /home/airflow/.local/lib/python3.7/site-packages/airflow/example_dags/example_time_delta_sensor_async.py
[2023-04-02T11:04:00.334+0000] {processor.py:743} INFO - Processing file /home/airflow/.local/lib/python3.7/site-packages/airflow/example_dags/example_time_delta_sensor_async.py for tasks to queue
[2023-04-02T11:04:00.337+0000] {logging_mixin.py:137} INFO - [2023-04-02T11:04:00.336+0000] {dagbag.py:532} INFO - Filling up the DagBag from /home/airflow/.local/lib/python3.7/site-packages/airflow/example_dags/example_time_delta_sensor_async.py
[2023-04-02T11:04:00.368+0000] {processor.py:753} INFO - DAG(s) dict_keys(['example_time_delta_sensor_async']) retrieved from /home/airflow/.local/lib/python3.7/site-packages/airflow/example_dags/example_time_delta_sensor_async.py
[2023-04-02T11:04:00.449+0000] {logging_mixin.py:137} INFO - [2023-04-02T11:04:00.448+0000] {dag.py:2705} INFO - Sync 1 DAGs
[2023-04-02T11:04:00.509+0000] {logging_mixin.py:137} INFO - [2023-04-02T11:04:00.508+0000] {dag.py:3456} INFO - Setting next_dagrun for example_time_delta_sensor_async to None, run_after=None
[2023-04-02T11:04:00.564+0000] {processor.py:175} INFO - Processing /home/airflow/.local/lib/python3.7/site-packages/airflow/example_dags/example_time_delta_sensor_async.py took 0.239 seconds
[2023-04-02T11:04:31.563+0000] {processor.py:153} INFO - Started process (PID=13719) to work on /home/airflow/.local/lib/python3.7/site-packages/airflow/example_dags/example_time_delta_sensor_async.py
[2023-04-02T11:04:31.567+0000] {processor.py:743} INFO - Processing file /home/airflow/.local/lib/python3.7/site-packages/airflow/example_dags/example_time_delta_sensor_async.py for tasks to queue
[2023-04-02T11:04:31.572+0000] {logging_mixin.py:137} INFO - [2023-04-02T11:04:31.571+0000] {dagbag.py:532} INFO - Filling up the DagBag from /home/airflow/.local/lib/python3.7/site-packages/airflow/example_dags/example_time_delta_sensor_async.py
[2023-04-02T11:04:31.611+0000] {processor.py:753} INFO - DAG(s) dict_keys(['example_time_delta_sensor_async']) retrieved from /home/airflow/.local/lib/python3.7/site-packages/airflow/example_dags/example_time_delta_sensor_async.py
[2023-04-02T11:04:31.682+0000] {logging_mixin.py:137} INFO - [2023-04-02T11:04:31.682+0000] {dag.py:2705} INFO - Sync 1 DAGs
[2023-04-02T11:04:31.749+0000] {logging_mixin.py:137} INFO - [2023-04-02T11:04:31.749+0000] {dag.py:3456} INFO - Setting next_dagrun for example_time_delta_sensor_async to None, run_after=None
[2023-04-02T11:04:31.799+0000] {processor.py:175} INFO - Processing /home/airflow/.local/lib/python3.7/site-packages/airflow/example_dags/example_time_delta_sensor_async.py took 0.244 seconds
[2023-04-02T11:05:02.512+0000] {processor.py:153} INFO - Started process (PID=13939) to work on /home/airflow/.local/lib/python3.7/site-packages/airflow/example_dags/example_time_delta_sensor_async.py
[2023-04-02T11:05:02.514+0000] {processor.py:743} INFO - Processing file /home/airflow/.local/lib/python3.7/site-packages/airflow/example_dags/example_time_delta_sensor_async.py for tasks to queue
[2023-04-02T11:05:02.518+0000] {logging_mixin.py:137} INFO - [2023-04-02T11:05:02.517+0000] {dagbag.py:532} INFO - Filling up the DagBag from /home/airflow/.local/lib/python3.7/site-packages/airflow/example_dags/example_time_delta_sensor_async.py
[2023-04-02T11:05:02.561+0000] {processor.py:753} INFO - DAG(s) dict_keys(['example_time_delta_sensor_async']) retrieved from /home/airflow/.local/lib/python3.7/site-packages/airflow/example_dags/example_time_delta_sensor_async.py
[2023-04-02T11:05:02.634+0000] {logging_mixin.py:137} INFO - [2023-04-02T11:05:02.634+0000] {dag.py:2705} INFO - Sync 1 DAGs
[2023-04-02T11:05:02.695+0000] {logging_mixin.py:137} INFO - [2023-04-02T11:05:02.695+0000] {dag.py:3456} INFO - Setting next_dagrun for example_time_delta_sensor_async to None, run_after=None
[2023-04-02T11:05:02.735+0000] {processor.py:175} INFO - Processing /home/airflow/.local/lib/python3.7/site-packages/airflow/example_dags/example_time_delta_sensor_async.py took 0.229 seconds
[2023-04-02T11:05:33.228+0000] {processor.py:153} INFO - Started process (PID=14157) to work on /home/airflow/.local/lib/python3.7/site-packages/airflow/example_dags/example_time_delta_sensor_async.py
[2023-04-02T11:05:33.229+0000] {processor.py:743} INFO - Processing file /home/airflow/.local/lib/python3.7/site-packages/airflow/example_dags/example_time_delta_sensor_async.py for tasks to queue
[2023-04-02T11:05:33.232+0000] {logging_mixin.py:137} INFO - [2023-04-02T11:05:33.231+0000] {dagbag.py:532} INFO - Filling up the DagBag from /home/airflow/.local/lib/python3.7/site-packages/airflow/example_dags/example_time_delta_sensor_async.py
[2023-04-02T11:05:33.256+0000] {processor.py:753} INFO - DAG(s) dict_keys(['example_time_delta_sensor_async']) retrieved from /home/airflow/.local/lib/python3.7/site-packages/airflow/example_dags/example_time_delta_sensor_async.py
[2023-04-02T11:05:33.300+0000] {logging_mixin.py:137} INFO - [2023-04-02T11:05:33.300+0000] {dag.py:2705} INFO - Sync 1 DAGs
[2023-04-02T11:05:33.345+0000] {logging_mixin.py:137} INFO - [2023-04-02T11:05:33.344+0000] {dag.py:3456} INFO - Setting next_dagrun for example_time_delta_sensor_async to None, run_after=None
[2023-04-02T11:05:33.377+0000] {processor.py:175} INFO - Processing /home/airflow/.local/lib/python3.7/site-packages/airflow/example_dags/example_time_delta_sensor_async.py took 0.154 seconds
[2023-04-02T11:06:04.010+0000] {processor.py:153} INFO - Started process (PID=14375) to work on /home/airflow/.local/lib/python3.7/site-packages/airflow/example_dags/example_time_delta_sensor_async.py
[2023-04-02T11:06:04.014+0000] {processor.py:743} INFO - Processing file /home/airflow/.local/lib/python3.7/site-packages/airflow/example_dags/example_time_delta_sensor_async.py for tasks to queue
[2023-04-02T11:06:04.021+0000] {logging_mixin.py:137} INFO - [2023-04-02T11:06:04.020+0000] {dagbag.py:532} INFO - Filling up the DagBag from /home/airflow/.local/lib/python3.7/site-packages/airflow/example_dags/example_time_delta_sensor_async.py
[2023-04-02T11:06:04.045+0000] {processor.py:753} INFO - DAG(s) dict_keys(['example_time_delta_sensor_async']) retrieved from /home/airflow/.local/lib/python3.7/site-packages/airflow/example_dags/example_time_delta_sensor_async.py
[2023-04-02T11:06:04.089+0000] {logging_mixin.py:137} INFO - [2023-04-02T11:06:04.088+0000] {dag.py:2705} INFO - Sync 1 DAGs
[2023-04-02T11:06:04.131+0000] {logging_mixin.py:137} INFO - [2023-04-02T11:06:04.130+0000] {dag.py:3456} INFO - Setting next_dagrun for example_time_delta_sensor_async to None, run_after=None
[2023-04-02T11:06:04.166+0000] {processor.py:175} INFO - Processing /home/airflow/.local/lib/python3.7/site-packages/airflow/example_dags/example_time_delta_sensor_async.py took 0.160 seconds
[2023-04-02T11:06:34.431+0000] {processor.py:153} INFO - Started process (PID=14591) to work on /home/airflow/.local/lib/python3.7/site-packages/airflow/example_dags/example_time_delta_sensor_async.py
[2023-04-02T11:06:34.434+0000] {processor.py:743} INFO - Processing file /home/airflow/.local/lib/python3.7/site-packages/airflow/example_dags/example_time_delta_sensor_async.py for tasks to queue
[2023-04-02T11:06:34.437+0000] {logging_mixin.py:137} INFO - [2023-04-02T11:06:34.436+0000] {dagbag.py:532} INFO - Filling up the DagBag from /home/airflow/.local/lib/python3.7/site-packages/airflow/example_dags/example_time_delta_sensor_async.py
[2023-04-02T11:06:34.488+0000] {processor.py:753} INFO - DAG(s) dict_keys(['example_time_delta_sensor_async']) retrieved from /home/airflow/.local/lib/python3.7/site-packages/airflow/example_dags/example_time_delta_sensor_async.py
[2023-04-02T11:06:34.594+0000] {logging_mixin.py:137} INFO - [2023-04-02T11:06:34.593+0000] {dag.py:2705} INFO - Sync 1 DAGs
[2023-04-02T11:06:34.716+0000] {logging_mixin.py:137} INFO - [2023-04-02T11:06:34.716+0000] {dag.py:3456} INFO - Setting next_dagrun for example_time_delta_sensor_async to None, run_after=None
[2023-04-02T11:06:34.774+0000] {processor.py:175} INFO - Processing /home/airflow/.local/lib/python3.7/site-packages/airflow/example_dags/example_time_delta_sensor_async.py took 0.350 seconds
