[2023-04-02T10:32:47.980+0000] {processor.py:153} INFO - Started process (PID=303) to work on /home/airflow/.local/lib/python3.7/site-packages/airflow/example_dags/example_branch_datetime_operator.py
[2023-04-02T10:32:47.982+0000] {processor.py:743} INFO - Processing file /home/airflow/.local/lib/python3.7/site-packages/airflow/example_dags/example_branch_datetime_operator.py for tasks to queue
[2023-04-02T10:32:47.985+0000] {logging_mixin.py:137} INFO - [2023-04-02T10:32:47.983+0000] {dagbag.py:532} INFO - Filling up the DagBag from /home/airflow/.local/lib/python3.7/site-packages/airflow/example_dags/example_branch_datetime_operator.py
[2023-04-02T10:32:48.026+0000] {processor.py:753} INFO - DAG(s) dict_keys(['example_branch_datetime_operator_2', 'example_branch_datetime_operator', 'example_branch_datetime_operator_3']) retrieved from /home/airflow/.local/lib/python3.7/site-packages/airflow/example_dags/example_branch_datetime_operator.py
[2023-04-02T10:32:48.059+0000] {logging_mixin.py:137} INFO - [2023-04-02T10:32:48.059+0000] {dag.py:2705} INFO - Sync 3 DAGs
[2023-04-02T10:32:48.115+0000] {logging_mixin.py:137} INFO - [2023-04-02T10:32:48.115+0000] {dag.py:3456} INFO - Setting next_dagrun for example_branch_datetime_operator to 2023-04-01T00:00:00+00:00, run_after=2023-04-02T00:00:00+00:00
[2023-04-02T10:32:48.136+0000] {logging_mixin.py:137} INFO - [2023-04-02T10:32:48.136+0000] {dag.py:3456} INFO - Setting next_dagrun for example_branch_datetime_operator_2 to 2023-04-01T00:00:00+00:00, run_after=2023-04-02T00:00:00+00:00
[2023-04-02T10:32:48.141+0000] {logging_mixin.py:137} INFO - [2023-04-02T10:32:48.141+0000] {dag.py:3456} INFO - Setting next_dagrun for example_branch_datetime_operator_3 to 2023-04-01T00:00:00+00:00, run_after=2023-04-02T00:00:00+00:00
[2023-04-02T10:32:48.170+0000] {processor.py:175} INFO - Processing /home/airflow/.local/lib/python3.7/site-packages/airflow/example_dags/example_branch_datetime_operator.py took 0.201 seconds
[2023-04-02T10:33:22.815+0000] {processor.py:153} INFO - Started process (PID=521) to work on /home/airflow/.local/lib/python3.7/site-packages/airflow/example_dags/example_branch_datetime_operator.py
[2023-04-02T10:33:22.822+0000] {processor.py:743} INFO - Processing file /home/airflow/.local/lib/python3.7/site-packages/airflow/example_dags/example_branch_datetime_operator.py for tasks to queue
[2023-04-02T10:33:22.829+0000] {logging_mixin.py:137} INFO - [2023-04-02T10:33:22.827+0000] {dagbag.py:532} INFO - Filling up the DagBag from /home/airflow/.local/lib/python3.7/site-packages/airflow/example_dags/example_branch_datetime_operator.py
[2023-04-02T10:33:22.922+0000] {processor.py:753} INFO - DAG(s) dict_keys(['example_branch_datetime_operator_2', 'example_branch_datetime_operator_3', 'example_branch_datetime_operator']) retrieved from /home/airflow/.local/lib/python3.7/site-packages/airflow/example_dags/example_branch_datetime_operator.py
[2023-04-02T10:33:22.957+0000] {logging_mixin.py:137} INFO - [2023-04-02T10:33:22.956+0000] {dag.py:2705} INFO - Sync 3 DAGs
[2023-04-02T10:33:23.011+0000] {logging_mixin.py:137} INFO - [2023-04-02T10:33:23.011+0000] {dag.py:3456} INFO - Setting next_dagrun for example_branch_datetime_operator to 2023-04-01T00:00:00+00:00, run_after=2023-04-02T00:00:00+00:00
[2023-04-02T10:33:23.029+0000] {logging_mixin.py:137} INFO - [2023-04-02T10:33:23.029+0000] {dag.py:3456} INFO - Setting next_dagrun for example_branch_datetime_operator_2 to 2023-04-01T00:00:00+00:00, run_after=2023-04-02T00:00:00+00:00
[2023-04-02T10:33:23.040+0000] {logging_mixin.py:137} INFO - [2023-04-02T10:33:23.040+0000] {dag.py:3456} INFO - Setting next_dagrun for example_branch_datetime_operator_3 to 2023-04-01T00:00:00+00:00, run_after=2023-04-02T00:00:00+00:00
[2023-04-02T10:33:23.100+0000] {processor.py:175} INFO - Processing /home/airflow/.local/lib/python3.7/site-packages/airflow/example_dags/example_branch_datetime_operator.py took 0.307 seconds
[2023-04-02T10:33:55.778+0000] {processor.py:153} INFO - Started process (PID=739) to work on /home/airflow/.local/lib/python3.7/site-packages/airflow/example_dags/example_branch_datetime_operator.py
[2023-04-02T10:33:55.785+0000] {processor.py:743} INFO - Processing file /home/airflow/.local/lib/python3.7/site-packages/airflow/example_dags/example_branch_datetime_operator.py for tasks to queue
[2023-04-02T10:33:55.793+0000] {logging_mixin.py:137} INFO - [2023-04-02T10:33:55.792+0000] {dagbag.py:532} INFO - Filling up the DagBag from /home/airflow/.local/lib/python3.7/site-packages/airflow/example_dags/example_branch_datetime_operator.py
[2023-04-02T10:33:55.870+0000] {processor.py:753} INFO - DAG(s) dict_keys(['example_branch_datetime_operator_2', 'example_branch_datetime_operator', 'example_branch_datetime_operator_3']) retrieved from /home/airflow/.local/lib/python3.7/site-packages/airflow/example_dags/example_branch_datetime_operator.py
[2023-04-02T10:33:56.037+0000] {logging_mixin.py:137} INFO - [2023-04-02T10:33:56.036+0000] {dag.py:2705} INFO - Sync 3 DAGs
[2023-04-02T10:33:56.128+0000] {logging_mixin.py:137} INFO - [2023-04-02T10:33:56.128+0000] {dag.py:3456} INFO - Setting next_dagrun for example_branch_datetime_operator to 2023-04-01T00:00:00+00:00, run_after=2023-04-02T00:00:00+00:00
[2023-04-02T10:33:56.143+0000] {logging_mixin.py:137} INFO - [2023-04-02T10:33:56.142+0000] {dag.py:3456} INFO - Setting next_dagrun for example_branch_datetime_operator_2 to 2023-04-01T00:00:00+00:00, run_after=2023-04-02T00:00:00+00:00
[2023-04-02T10:33:56.154+0000] {logging_mixin.py:137} INFO - [2023-04-02T10:33:56.154+0000] {dag.py:3456} INFO - Setting next_dagrun for example_branch_datetime_operator_3 to 2023-04-01T00:00:00+00:00, run_after=2023-04-02T00:00:00+00:00
[2023-04-02T10:33:56.215+0000] {processor.py:175} INFO - Processing /home/airflow/.local/lib/python3.7/site-packages/airflow/example_dags/example_branch_datetime_operator.py took 0.470 seconds
[2023-04-02T10:34:27.298+0000] {processor.py:153} INFO - Started process (PID=958) to work on /home/airflow/.local/lib/python3.7/site-packages/airflow/example_dags/example_branch_datetime_operator.py
[2023-04-02T10:34:27.303+0000] {processor.py:743} INFO - Processing file /home/airflow/.local/lib/python3.7/site-packages/airflow/example_dags/example_branch_datetime_operator.py for tasks to queue
[2023-04-02T10:34:27.312+0000] {logging_mixin.py:137} INFO - [2023-04-02T10:34:27.312+0000] {dagbag.py:532} INFO - Filling up the DagBag from /home/airflow/.local/lib/python3.7/site-packages/airflow/example_dags/example_branch_datetime_operator.py
[2023-04-02T10:34:27.359+0000] {processor.py:753} INFO - DAG(s) dict_keys(['example_branch_datetime_operator_3', 'example_branch_datetime_operator', 'example_branch_datetime_operator_2']) retrieved from /home/airflow/.local/lib/python3.7/site-packages/airflow/example_dags/example_branch_datetime_operator.py
[2023-04-02T10:34:27.455+0000] {logging_mixin.py:137} INFO - [2023-04-02T10:34:27.455+0000] {dag.py:2705} INFO - Sync 3 DAGs
[2023-04-02T10:34:27.534+0000] {logging_mixin.py:137} INFO - [2023-04-02T10:34:27.534+0000] {dag.py:3456} INFO - Setting next_dagrun for example_branch_datetime_operator to 2023-04-01T00:00:00+00:00, run_after=2023-04-02T00:00:00+00:00
[2023-04-02T10:34:27.554+0000] {logging_mixin.py:137} INFO - [2023-04-02T10:34:27.554+0000] {dag.py:3456} INFO - Setting next_dagrun for example_branch_datetime_operator_2 to 2023-04-01T00:00:00+00:00, run_after=2023-04-02T00:00:00+00:00
[2023-04-02T10:34:27.563+0000] {logging_mixin.py:137} INFO - [2023-04-02T10:34:27.563+0000] {dag.py:3456} INFO - Setting next_dagrun for example_branch_datetime_operator_3 to 2023-04-01T00:00:00+00:00, run_after=2023-04-02T00:00:00+00:00
[2023-04-02T10:34:27.609+0000] {processor.py:175} INFO - Processing /home/airflow/.local/lib/python3.7/site-packages/airflow/example_dags/example_branch_datetime_operator.py took 0.328 seconds
[2023-04-02T10:34:57.828+0000] {processor.py:153} INFO - Started process (PID=1177) to work on /home/airflow/.local/lib/python3.7/site-packages/airflow/example_dags/example_branch_datetime_operator.py
[2023-04-02T10:34:57.830+0000] {processor.py:743} INFO - Processing file /home/airflow/.local/lib/python3.7/site-packages/airflow/example_dags/example_branch_datetime_operator.py for tasks to queue
[2023-04-02T10:34:57.832+0000] {logging_mixin.py:137} INFO - [2023-04-02T10:34:57.832+0000] {dagbag.py:532} INFO - Filling up the DagBag from /home/airflow/.local/lib/python3.7/site-packages/airflow/example_dags/example_branch_datetime_operator.py
[2023-04-02T10:34:57.870+0000] {processor.py:753} INFO - DAG(s) dict_keys(['example_branch_datetime_operator', 'example_branch_datetime_operator_3', 'example_branch_datetime_operator_2']) retrieved from /home/airflow/.local/lib/python3.7/site-packages/airflow/example_dags/example_branch_datetime_operator.py
[2023-04-02T10:34:57.934+0000] {logging_mixin.py:137} INFO - [2023-04-02T10:34:57.933+0000] {dag.py:2705} INFO - Sync 3 DAGs
[2023-04-02T10:34:58.015+0000] {logging_mixin.py:137} INFO - [2023-04-02T10:34:58.015+0000] {dag.py:3456} INFO - Setting next_dagrun for example_branch_datetime_operator to 2023-04-01T00:00:00+00:00, run_after=2023-04-02T00:00:00+00:00
[2023-04-02T10:34:58.037+0000] {logging_mixin.py:137} INFO - [2023-04-02T10:34:58.037+0000] {dag.py:3456} INFO - Setting next_dagrun for example_branch_datetime_operator_2 to 2023-04-01T00:00:00+00:00, run_after=2023-04-02T00:00:00+00:00
[2023-04-02T10:34:58.045+0000] {logging_mixin.py:137} INFO - [2023-04-02T10:34:58.045+0000] {dag.py:3456} INFO - Setting next_dagrun for example_branch_datetime_operator_3 to 2023-04-01T00:00:00+00:00, run_after=2023-04-02T00:00:00+00:00
[2023-04-02T10:34:58.091+0000] {processor.py:175} INFO - Processing /home/airflow/.local/lib/python3.7/site-packages/airflow/example_dags/example_branch_datetime_operator.py took 0.270 seconds
[2023-04-02T10:35:29.163+0000] {processor.py:153} INFO - Started process (PID=1395) to work on /home/airflow/.local/lib/python3.7/site-packages/airflow/example_dags/example_branch_datetime_operator.py
[2023-04-02T10:35:29.169+0000] {processor.py:743} INFO - Processing file /home/airflow/.local/lib/python3.7/site-packages/airflow/example_dags/example_branch_datetime_operator.py for tasks to queue
[2023-04-02T10:35:29.181+0000] {logging_mixin.py:137} INFO - [2023-04-02T10:35:29.180+0000] {dagbag.py:532} INFO - Filling up the DagBag from /home/airflow/.local/lib/python3.7/site-packages/airflow/example_dags/example_branch_datetime_operator.py
[2023-04-02T10:35:29.316+0000] {processor.py:753} INFO - DAG(s) dict_keys(['example_branch_datetime_operator_3', 'example_branch_datetime_operator_2', 'example_branch_datetime_operator']) retrieved from /home/airflow/.local/lib/python3.7/site-packages/airflow/example_dags/example_branch_datetime_operator.py
[2023-04-02T10:35:29.414+0000] {logging_mixin.py:137} INFO - [2023-04-02T10:35:29.414+0000] {dag.py:2705} INFO - Sync 3 DAGs
[2023-04-02T10:35:29.619+0000] {logging_mixin.py:137} INFO - [2023-04-02T10:35:29.619+0000] {dag.py:3456} INFO - Setting next_dagrun for example_branch_datetime_operator to 2023-04-01T00:00:00+00:00, run_after=2023-04-02T00:00:00+00:00
[2023-04-02T10:35:29.658+0000] {logging_mixin.py:137} INFO - [2023-04-02T10:35:29.657+0000] {dag.py:3456} INFO - Setting next_dagrun for example_branch_datetime_operator_2 to 2023-04-01T00:00:00+00:00, run_after=2023-04-02T00:00:00+00:00
[2023-04-02T10:35:29.699+0000] {logging_mixin.py:137} INFO - [2023-04-02T10:35:29.694+0000] {dag.py:3456} INFO - Setting next_dagrun for example_branch_datetime_operator_3 to 2023-04-01T00:00:00+00:00, run_after=2023-04-02T00:00:00+00:00
[2023-04-02T10:35:29.873+0000] {processor.py:175} INFO - Processing /home/airflow/.local/lib/python3.7/site-packages/airflow/example_dags/example_branch_datetime_operator.py took 0.748 seconds
[2023-04-02T10:36:00.158+0000] {processor.py:153} INFO - Started process (PID=1618) to work on /home/airflow/.local/lib/python3.7/site-packages/airflow/example_dags/example_branch_datetime_operator.py
[2023-04-02T10:36:00.166+0000] {processor.py:743} INFO - Processing file /home/airflow/.local/lib/python3.7/site-packages/airflow/example_dags/example_branch_datetime_operator.py for tasks to queue
[2023-04-02T10:36:00.174+0000] {logging_mixin.py:137} INFO - [2023-04-02T10:36:00.174+0000] {dagbag.py:532} INFO - Filling up the DagBag from /home/airflow/.local/lib/python3.7/site-packages/airflow/example_dags/example_branch_datetime_operator.py
[2023-04-02T10:36:00.224+0000] {processor.py:753} INFO - DAG(s) dict_keys(['example_branch_datetime_operator_3', 'example_branch_datetime_operator', 'example_branch_datetime_operator_2']) retrieved from /home/airflow/.local/lib/python3.7/site-packages/airflow/example_dags/example_branch_datetime_operator.py
[2023-04-02T10:36:00.373+0000] {logging_mixin.py:137} INFO - [2023-04-02T10:36:00.371+0000] {dag.py:2705} INFO - Sync 3 DAGs
[2023-04-02T10:36:00.470+0000] {logging_mixin.py:137} INFO - [2023-04-02T10:36:00.470+0000] {dag.py:3456} INFO - Setting next_dagrun for example_branch_datetime_operator to 2023-04-01T00:00:00+00:00, run_after=2023-04-02T00:00:00+00:00
[2023-04-02T10:36:00.487+0000] {logging_mixin.py:137} INFO - [2023-04-02T10:36:00.486+0000] {dag.py:3456} INFO - Setting next_dagrun for example_branch_datetime_operator_2 to 2023-04-01T00:00:00+00:00, run_after=2023-04-02T00:00:00+00:00
[2023-04-02T10:36:00.496+0000] {logging_mixin.py:137} INFO - [2023-04-02T10:36:00.496+0000] {dag.py:3456} INFO - Setting next_dagrun for example_branch_datetime_operator_3 to 2023-04-01T00:00:00+00:00, run_after=2023-04-02T00:00:00+00:00
[2023-04-02T10:36:00.553+0000] {processor.py:175} INFO - Processing /home/airflow/.local/lib/python3.7/site-packages/airflow/example_dags/example_branch_datetime_operator.py took 0.402 seconds
[2023-04-02T10:36:30.688+0000] {processor.py:153} INFO - Started process (PID=1838) to work on /home/airflow/.local/lib/python3.7/site-packages/airflow/example_dags/example_branch_datetime_operator.py
[2023-04-02T10:36:30.692+0000] {processor.py:743} INFO - Processing file /home/airflow/.local/lib/python3.7/site-packages/airflow/example_dags/example_branch_datetime_operator.py for tasks to queue
[2023-04-02T10:36:30.695+0000] {logging_mixin.py:137} INFO - [2023-04-02T10:36:30.695+0000] {dagbag.py:532} INFO - Filling up the DagBag from /home/airflow/.local/lib/python3.7/site-packages/airflow/example_dags/example_branch_datetime_operator.py
[2023-04-02T10:36:30.737+0000] {processor.py:753} INFO - DAG(s) dict_keys(['example_branch_datetime_operator_3', 'example_branch_datetime_operator_2', 'example_branch_datetime_operator']) retrieved from /home/airflow/.local/lib/python3.7/site-packages/airflow/example_dags/example_branch_datetime_operator.py
[2023-04-02T10:36:30.800+0000] {logging_mixin.py:137} INFO - [2023-04-02T10:36:30.800+0000] {dag.py:2705} INFO - Sync 3 DAGs
[2023-04-02T10:36:30.842+0000] {logging_mixin.py:137} INFO - [2023-04-02T10:36:30.842+0000] {dag.py:3456} INFO - Setting next_dagrun for example_branch_datetime_operator to 2023-04-01T00:00:00+00:00, run_after=2023-04-02T00:00:00+00:00
[2023-04-02T10:36:30.851+0000] {logging_mixin.py:137} INFO - [2023-04-02T10:36:30.851+0000] {dag.py:3456} INFO - Setting next_dagrun for example_branch_datetime_operator_2 to 2023-04-01T00:00:00+00:00, run_after=2023-04-02T00:00:00+00:00
[2023-04-02T10:36:30.858+0000] {logging_mixin.py:137} INFO - [2023-04-02T10:36:30.858+0000] {dag.py:3456} INFO - Setting next_dagrun for example_branch_datetime_operator_3 to 2023-04-01T00:00:00+00:00, run_after=2023-04-02T00:00:00+00:00
[2023-04-02T10:36:30.884+0000] {processor.py:175} INFO - Processing /home/airflow/.local/lib/python3.7/site-packages/airflow/example_dags/example_branch_datetime_operator.py took 0.203 seconds
[2023-04-02T10:37:01.590+0000] {processor.py:153} INFO - Started process (PID=2054) to work on /home/airflow/.local/lib/python3.7/site-packages/airflow/example_dags/example_branch_datetime_operator.py
[2023-04-02T10:37:01.595+0000] {processor.py:743} INFO - Processing file /home/airflow/.local/lib/python3.7/site-packages/airflow/example_dags/example_branch_datetime_operator.py for tasks to queue
[2023-04-02T10:37:01.596+0000] {logging_mixin.py:137} INFO - [2023-04-02T10:37:01.596+0000] {dagbag.py:532} INFO - Filling up the DagBag from /home/airflow/.local/lib/python3.7/site-packages/airflow/example_dags/example_branch_datetime_operator.py
[2023-04-02T10:37:01.638+0000] {processor.py:753} INFO - DAG(s) dict_keys(['example_branch_datetime_operator', 'example_branch_datetime_operator_2', 'example_branch_datetime_operator_3']) retrieved from /home/airflow/.local/lib/python3.7/site-packages/airflow/example_dags/example_branch_datetime_operator.py
[2023-04-02T10:37:01.722+0000] {logging_mixin.py:137} INFO - [2023-04-02T10:37:01.721+0000] {dag.py:2705} INFO - Sync 3 DAGs
[2023-04-02T10:37:01.793+0000] {logging_mixin.py:137} INFO - [2023-04-02T10:37:01.793+0000] {dag.py:3456} INFO - Setting next_dagrun for example_branch_datetime_operator to 2023-04-01T00:00:00+00:00, run_after=2023-04-02T00:00:00+00:00
[2023-04-02T10:37:01.811+0000] {logging_mixin.py:137} INFO - [2023-04-02T10:37:01.811+0000] {dag.py:3456} INFO - Setting next_dagrun for example_branch_datetime_operator_2 to 2023-04-01T00:00:00+00:00, run_after=2023-04-02T00:00:00+00:00
[2023-04-02T10:37:01.817+0000] {logging_mixin.py:137} INFO - [2023-04-02T10:37:01.817+0000] {dag.py:3456} INFO - Setting next_dagrun for example_branch_datetime_operator_3 to 2023-04-01T00:00:00+00:00, run_after=2023-04-02T00:00:00+00:00
[2023-04-02T10:37:01.873+0000] {processor.py:175} INFO - Processing /home/airflow/.local/lib/python3.7/site-packages/airflow/example_dags/example_branch_datetime_operator.py took 0.292 seconds
[2023-04-02T10:37:32.121+0000] {processor.py:153} INFO - Started process (PID=2272) to work on /home/airflow/.local/lib/python3.7/site-packages/airflow/example_dags/example_branch_datetime_operator.py
[2023-04-02T10:37:32.124+0000] {processor.py:743} INFO - Processing file /home/airflow/.local/lib/python3.7/site-packages/airflow/example_dags/example_branch_datetime_operator.py for tasks to queue
[2023-04-02T10:37:32.127+0000] {logging_mixin.py:137} INFO - [2023-04-02T10:37:32.126+0000] {dagbag.py:532} INFO - Filling up the DagBag from /home/airflow/.local/lib/python3.7/site-packages/airflow/example_dags/example_branch_datetime_operator.py
[2023-04-02T10:37:32.159+0000] {processor.py:753} INFO - DAG(s) dict_keys(['example_branch_datetime_operator', 'example_branch_datetime_operator_3', 'example_branch_datetime_operator_2']) retrieved from /home/airflow/.local/lib/python3.7/site-packages/airflow/example_dags/example_branch_datetime_operator.py
[2023-04-02T10:37:32.214+0000] {logging_mixin.py:137} INFO - [2023-04-02T10:37:32.214+0000] {dag.py:2705} INFO - Sync 3 DAGs
[2023-04-02T10:37:32.277+0000] {logging_mixin.py:137} INFO - [2023-04-02T10:37:32.276+0000] {dag.py:3456} INFO - Setting next_dagrun for example_branch_datetime_operator to 2023-04-01T00:00:00+00:00, run_after=2023-04-02T00:00:00+00:00
[2023-04-02T10:37:32.287+0000] {logging_mixin.py:137} INFO - [2023-04-02T10:37:32.287+0000] {dag.py:3456} INFO - Setting next_dagrun for example_branch_datetime_operator_2 to 2023-04-01T00:00:00+00:00, run_after=2023-04-02T00:00:00+00:00
[2023-04-02T10:37:32.293+0000] {logging_mixin.py:137} INFO - [2023-04-02T10:37:32.293+0000] {dag.py:3456} INFO - Setting next_dagrun for example_branch_datetime_operator_3 to 2023-04-01T00:00:00+00:00, run_after=2023-04-02T00:00:00+00:00
[2023-04-02T10:37:32.361+0000] {processor.py:175} INFO - Processing /home/airflow/.local/lib/python3.7/site-packages/airflow/example_dags/example_branch_datetime_operator.py took 0.246 seconds
[2023-04-02T10:38:03.010+0000] {processor.py:153} INFO - Started process (PID=2485) to work on /home/airflow/.local/lib/python3.7/site-packages/airflow/example_dags/example_branch_datetime_operator.py
[2023-04-02T10:38:03.012+0000] {processor.py:743} INFO - Processing file /home/airflow/.local/lib/python3.7/site-packages/airflow/example_dags/example_branch_datetime_operator.py for tasks to queue
[2023-04-02T10:38:03.014+0000] {logging_mixin.py:137} INFO - [2023-04-02T10:38:03.014+0000] {dagbag.py:532} INFO - Filling up the DagBag from /home/airflow/.local/lib/python3.7/site-packages/airflow/example_dags/example_branch_datetime_operator.py
[2023-04-02T10:38:03.054+0000] {processor.py:753} INFO - DAG(s) dict_keys(['example_branch_datetime_operator_3', 'example_branch_datetime_operator_2', 'example_branch_datetime_operator']) retrieved from /home/airflow/.local/lib/python3.7/site-packages/airflow/example_dags/example_branch_datetime_operator.py
[2023-04-02T10:38:03.128+0000] {logging_mixin.py:137} INFO - [2023-04-02T10:38:03.128+0000] {dag.py:2705} INFO - Sync 3 DAGs
[2023-04-02T10:38:03.174+0000] {logging_mixin.py:137} INFO - [2023-04-02T10:38:03.174+0000] {dag.py:3456} INFO - Setting next_dagrun for example_branch_datetime_operator to 2023-04-01T00:00:00+00:00, run_after=2023-04-02T00:00:00+00:00
[2023-04-02T10:38:03.184+0000] {logging_mixin.py:137} INFO - [2023-04-02T10:38:03.184+0000] {dag.py:3456} INFO - Setting next_dagrun for example_branch_datetime_operator_2 to 2023-04-01T00:00:00+00:00, run_after=2023-04-02T00:00:00+00:00
[2023-04-02T10:38:03.190+0000] {logging_mixin.py:137} INFO - [2023-04-02T10:38:03.189+0000] {dag.py:3456} INFO - Setting next_dagrun for example_branch_datetime_operator_3 to 2023-04-01T00:00:00+00:00, run_after=2023-04-02T00:00:00+00:00
[2023-04-02T10:38:03.218+0000] {processor.py:175} INFO - Processing /home/airflow/.local/lib/python3.7/site-packages/airflow/example_dags/example_branch_datetime_operator.py took 0.217 seconds
[2023-04-02T10:38:33.949+0000] {processor.py:153} INFO - Started process (PID=2703) to work on /home/airflow/.local/lib/python3.7/site-packages/airflow/example_dags/example_branch_datetime_operator.py
[2023-04-02T10:38:33.954+0000] {processor.py:743} INFO - Processing file /home/airflow/.local/lib/python3.7/site-packages/airflow/example_dags/example_branch_datetime_operator.py for tasks to queue
[2023-04-02T10:38:33.958+0000] {logging_mixin.py:137} INFO - [2023-04-02T10:38:33.957+0000] {dagbag.py:532} INFO - Filling up the DagBag from /home/airflow/.local/lib/python3.7/site-packages/airflow/example_dags/example_branch_datetime_operator.py
[2023-04-02T10:38:33.997+0000] {processor.py:753} INFO - DAG(s) dict_keys(['example_branch_datetime_operator', 'example_branch_datetime_operator_3', 'example_branch_datetime_operator_2']) retrieved from /home/airflow/.local/lib/python3.7/site-packages/airflow/example_dags/example_branch_datetime_operator.py
[2023-04-02T10:38:34.056+0000] {logging_mixin.py:137} INFO - [2023-04-02T10:38:34.055+0000] {dag.py:2705} INFO - Sync 3 DAGs
[2023-04-02T10:38:34.115+0000] {logging_mixin.py:137} INFO - [2023-04-02T10:38:34.114+0000] {dag.py:3456} INFO - Setting next_dagrun for example_branch_datetime_operator to 2023-04-01T00:00:00+00:00, run_after=2023-04-02T00:00:00+00:00
[2023-04-02T10:38:34.126+0000] {logging_mixin.py:137} INFO - [2023-04-02T10:38:34.126+0000] {dag.py:3456} INFO - Setting next_dagrun for example_branch_datetime_operator_2 to 2023-04-01T00:00:00+00:00, run_after=2023-04-02T00:00:00+00:00
[2023-04-02T10:38:34.133+0000] {logging_mixin.py:137} INFO - [2023-04-02T10:38:34.133+0000] {dag.py:3456} INFO - Setting next_dagrun for example_branch_datetime_operator_3 to 2023-04-01T00:00:00+00:00, run_after=2023-04-02T00:00:00+00:00
[2023-04-02T10:38:34.164+0000] {processor.py:175} INFO - Processing /home/airflow/.local/lib/python3.7/site-packages/airflow/example_dags/example_branch_datetime_operator.py took 0.221 seconds
[2023-04-02T10:39:05.220+0000] {processor.py:153} INFO - Started process (PID=2928) to work on /home/airflow/.local/lib/python3.7/site-packages/airflow/example_dags/example_branch_datetime_operator.py
[2023-04-02T10:39:05.231+0000] {processor.py:743} INFO - Processing file /home/airflow/.local/lib/python3.7/site-packages/airflow/example_dags/example_branch_datetime_operator.py for tasks to queue
[2023-04-02T10:39:05.238+0000] {logging_mixin.py:137} INFO - [2023-04-02T10:39:05.237+0000] {dagbag.py:532} INFO - Filling up the DagBag from /home/airflow/.local/lib/python3.7/site-packages/airflow/example_dags/example_branch_datetime_operator.py
[2023-04-02T10:39:05.307+0000] {processor.py:753} INFO - DAG(s) dict_keys(['example_branch_datetime_operator_3', 'example_branch_datetime_operator', 'example_branch_datetime_operator_2']) retrieved from /home/airflow/.local/lib/python3.7/site-packages/airflow/example_dags/example_branch_datetime_operator.py
[2023-04-02T10:39:05.414+0000] {logging_mixin.py:137} INFO - [2023-04-02T10:39:05.414+0000] {dag.py:2705} INFO - Sync 3 DAGs
[2023-04-02T10:39:05.542+0000] {logging_mixin.py:137} INFO - [2023-04-02T10:39:05.542+0000] {dag.py:3456} INFO - Setting next_dagrun for example_branch_datetime_operator to 2023-04-01T00:00:00+00:00, run_after=2023-04-02T00:00:00+00:00
[2023-04-02T10:39:05.552+0000] {logging_mixin.py:137} INFO - [2023-04-02T10:39:05.552+0000] {dag.py:3456} INFO - Setting next_dagrun for example_branch_datetime_operator_2 to 2023-04-01T00:00:00+00:00, run_after=2023-04-02T00:00:00+00:00
[2023-04-02T10:39:05.560+0000] {logging_mixin.py:137} INFO - [2023-04-02T10:39:05.560+0000] {dag.py:3456} INFO - Setting next_dagrun for example_branch_datetime_operator_3 to 2023-04-01T00:00:00+00:00, run_after=2023-04-02T00:00:00+00:00
[2023-04-02T10:39:05.606+0000] {processor.py:175} INFO - Processing /home/airflow/.local/lib/python3.7/site-packages/airflow/example_dags/example_branch_datetime_operator.py took 0.404 seconds
[2023-04-02T10:39:36.265+0000] {processor.py:153} INFO - Started process (PID=3146) to work on /home/airflow/.local/lib/python3.7/site-packages/airflow/example_dags/example_branch_datetime_operator.py
[2023-04-02T10:39:36.267+0000] {processor.py:743} INFO - Processing file /home/airflow/.local/lib/python3.7/site-packages/airflow/example_dags/example_branch_datetime_operator.py for tasks to queue
[2023-04-02T10:39:36.273+0000] {logging_mixin.py:137} INFO - [2023-04-02T10:39:36.273+0000] {dagbag.py:532} INFO - Filling up the DagBag from /home/airflow/.local/lib/python3.7/site-packages/airflow/example_dags/example_branch_datetime_operator.py
[2023-04-02T10:39:36.323+0000] {processor.py:753} INFO - DAG(s) dict_keys(['example_branch_datetime_operator_2', 'example_branch_datetime_operator_3', 'example_branch_datetime_operator']) retrieved from /home/airflow/.local/lib/python3.7/site-packages/airflow/example_dags/example_branch_datetime_operator.py
[2023-04-02T10:39:36.383+0000] {logging_mixin.py:137} INFO - [2023-04-02T10:39:36.383+0000] {dag.py:2705} INFO - Sync 3 DAGs
[2023-04-02T10:39:36.460+0000] {logging_mixin.py:137} INFO - [2023-04-02T10:39:36.460+0000] {dag.py:3456} INFO - Setting next_dagrun for example_branch_datetime_operator to 2023-04-01T00:00:00+00:00, run_after=2023-04-02T00:00:00+00:00
[2023-04-02T10:39:36.472+0000] {logging_mixin.py:137} INFO - [2023-04-02T10:39:36.472+0000] {dag.py:3456} INFO - Setting next_dagrun for example_branch_datetime_operator_2 to 2023-04-01T00:00:00+00:00, run_after=2023-04-02T00:00:00+00:00
[2023-04-02T10:39:36.478+0000] {logging_mixin.py:137} INFO - [2023-04-02T10:39:36.478+0000] {dag.py:3456} INFO - Setting next_dagrun for example_branch_datetime_operator_3 to 2023-04-01T00:00:00+00:00, run_after=2023-04-02T00:00:00+00:00
[2023-04-02T10:39:36.508+0000] {processor.py:175} INFO - Processing /home/airflow/.local/lib/python3.7/site-packages/airflow/example_dags/example_branch_datetime_operator.py took 0.252 seconds
[2023-04-02T10:40:07.418+0000] {processor.py:153} INFO - Started process (PID=3364) to work on /home/airflow/.local/lib/python3.7/site-packages/airflow/example_dags/example_branch_datetime_operator.py
[2023-04-02T10:40:07.420+0000] {processor.py:743} INFO - Processing file /home/airflow/.local/lib/python3.7/site-packages/airflow/example_dags/example_branch_datetime_operator.py for tasks to queue
[2023-04-02T10:40:07.423+0000] {logging_mixin.py:137} INFO - [2023-04-02T10:40:07.422+0000] {dagbag.py:532} INFO - Filling up the DagBag from /home/airflow/.local/lib/python3.7/site-packages/airflow/example_dags/example_branch_datetime_operator.py
[2023-04-02T10:40:07.470+0000] {processor.py:753} INFO - DAG(s) dict_keys(['example_branch_datetime_operator', 'example_branch_datetime_operator_3', 'example_branch_datetime_operator_2']) retrieved from /home/airflow/.local/lib/python3.7/site-packages/airflow/example_dags/example_branch_datetime_operator.py
[2023-04-02T10:40:07.532+0000] {logging_mixin.py:137} INFO - [2023-04-02T10:40:07.531+0000] {dag.py:2705} INFO - Sync 3 DAGs
[2023-04-02T10:40:07.601+0000] {logging_mixin.py:137} INFO - [2023-04-02T10:40:07.601+0000] {dag.py:3456} INFO - Setting next_dagrun for example_branch_datetime_operator to 2023-04-01T00:00:00+00:00, run_after=2023-04-02T00:00:00+00:00
[2023-04-02T10:40:07.612+0000] {logging_mixin.py:137} INFO - [2023-04-02T10:40:07.611+0000] {dag.py:3456} INFO - Setting next_dagrun for example_branch_datetime_operator_2 to 2023-04-01T00:00:00+00:00, run_after=2023-04-02T00:00:00+00:00
[2023-04-02T10:40:07.621+0000] {logging_mixin.py:137} INFO - [2023-04-02T10:40:07.621+0000] {dag.py:3456} INFO - Setting next_dagrun for example_branch_datetime_operator_3 to 2023-04-01T00:00:00+00:00, run_after=2023-04-02T00:00:00+00:00
[2023-04-02T10:40:07.657+0000] {processor.py:175} INFO - Processing /home/airflow/.local/lib/python3.7/site-packages/airflow/example_dags/example_branch_datetime_operator.py took 0.245 seconds
[2023-04-02T10:40:38.240+0000] {processor.py:153} INFO - Started process (PID=3582) to work on /home/airflow/.local/lib/python3.7/site-packages/airflow/example_dags/example_branch_datetime_operator.py
[2023-04-02T10:40:38.243+0000] {processor.py:743} INFO - Processing file /home/airflow/.local/lib/python3.7/site-packages/airflow/example_dags/example_branch_datetime_operator.py for tasks to queue
[2023-04-02T10:40:38.246+0000] {logging_mixin.py:137} INFO - [2023-04-02T10:40:38.245+0000] {dagbag.py:532} INFO - Filling up the DagBag from /home/airflow/.local/lib/python3.7/site-packages/airflow/example_dags/example_branch_datetime_operator.py
[2023-04-02T10:40:38.319+0000] {processor.py:753} INFO - DAG(s) dict_keys(['example_branch_datetime_operator', 'example_branch_datetime_operator_2', 'example_branch_datetime_operator_3']) retrieved from /home/airflow/.local/lib/python3.7/site-packages/airflow/example_dags/example_branch_datetime_operator.py
[2023-04-02T10:40:38.453+0000] {logging_mixin.py:137} INFO - [2023-04-02T10:40:38.453+0000] {dag.py:2705} INFO - Sync 3 DAGs
[2023-04-02T10:40:38.571+0000] {logging_mixin.py:137} INFO - [2023-04-02T10:40:38.570+0000] {dag.py:3456} INFO - Setting next_dagrun for example_branch_datetime_operator to 2023-04-01T00:00:00+00:00, run_after=2023-04-02T00:00:00+00:00
[2023-04-02T10:40:38.584+0000] {logging_mixin.py:137} INFO - [2023-04-02T10:40:38.584+0000] {dag.py:3456} INFO - Setting next_dagrun for example_branch_datetime_operator_2 to 2023-04-01T00:00:00+00:00, run_after=2023-04-02T00:00:00+00:00
[2023-04-02T10:40:38.621+0000] {logging_mixin.py:137} INFO - [2023-04-02T10:40:38.621+0000] {dag.py:3456} INFO - Setting next_dagrun for example_branch_datetime_operator_3 to 2023-04-01T00:00:00+00:00, run_after=2023-04-02T00:00:00+00:00
[2023-04-02T10:40:38.717+0000] {processor.py:175} INFO - Processing /home/airflow/.local/lib/python3.7/site-packages/airflow/example_dags/example_branch_datetime_operator.py took 0.481 seconds
[2023-04-02T10:41:09.088+0000] {processor.py:153} INFO - Started process (PID=3800) to work on /home/airflow/.local/lib/python3.7/site-packages/airflow/example_dags/example_branch_datetime_operator.py
[2023-04-02T10:41:09.092+0000] {processor.py:743} INFO - Processing file /home/airflow/.local/lib/python3.7/site-packages/airflow/example_dags/example_branch_datetime_operator.py for tasks to queue
[2023-04-02T10:41:09.097+0000] {logging_mixin.py:137} INFO - [2023-04-02T10:41:09.097+0000] {dagbag.py:532} INFO - Filling up the DagBag from /home/airflow/.local/lib/python3.7/site-packages/airflow/example_dags/example_branch_datetime_operator.py
[2023-04-02T10:41:09.146+0000] {processor.py:753} INFO - DAG(s) dict_keys(['example_branch_datetime_operator_3', 'example_branch_datetime_operator', 'example_branch_datetime_operator_2']) retrieved from /home/airflow/.local/lib/python3.7/site-packages/airflow/example_dags/example_branch_datetime_operator.py
[2023-04-02T10:41:09.229+0000] {logging_mixin.py:137} INFO - [2023-04-02T10:41:09.228+0000] {dag.py:2705} INFO - Sync 3 DAGs
[2023-04-02T10:41:09.338+0000] {logging_mixin.py:137} INFO - [2023-04-02T10:41:09.338+0000] {dag.py:3456} INFO - Setting next_dagrun for example_branch_datetime_operator to 2023-04-01T00:00:00+00:00, run_after=2023-04-02T00:00:00+00:00
[2023-04-02T10:41:09.354+0000] {logging_mixin.py:137} INFO - [2023-04-02T10:41:09.354+0000] {dag.py:3456} INFO - Setting next_dagrun for example_branch_datetime_operator_2 to 2023-04-01T00:00:00+00:00, run_after=2023-04-02T00:00:00+00:00
[2023-04-02T10:41:09.378+0000] {logging_mixin.py:137} INFO - [2023-04-02T10:41:09.374+0000] {dag.py:3456} INFO - Setting next_dagrun for example_branch_datetime_operator_3 to 2023-04-01T00:00:00+00:00, run_after=2023-04-02T00:00:00+00:00
[2023-04-02T10:41:09.416+0000] {processor.py:175} INFO - Processing /home/airflow/.local/lib/python3.7/site-packages/airflow/example_dags/example_branch_datetime_operator.py took 0.335 seconds
[2023-04-02T10:41:40.044+0000] {processor.py:153} INFO - Started process (PID=4018) to work on /home/airflow/.local/lib/python3.7/site-packages/airflow/example_dags/example_branch_datetime_operator.py
[2023-04-02T10:41:40.046+0000] {processor.py:743} INFO - Processing file /home/airflow/.local/lib/python3.7/site-packages/airflow/example_dags/example_branch_datetime_operator.py for tasks to queue
[2023-04-02T10:41:40.048+0000] {logging_mixin.py:137} INFO - [2023-04-02T10:41:40.048+0000] {dagbag.py:532} INFO - Filling up the DagBag from /home/airflow/.local/lib/python3.7/site-packages/airflow/example_dags/example_branch_datetime_operator.py
[2023-04-02T10:41:40.134+0000] {processor.py:753} INFO - DAG(s) dict_keys(['example_branch_datetime_operator_2', 'example_branch_datetime_operator_3', 'example_branch_datetime_operator']) retrieved from /home/airflow/.local/lib/python3.7/site-packages/airflow/example_dags/example_branch_datetime_operator.py
[2023-04-02T10:41:40.319+0000] {logging_mixin.py:137} INFO - [2023-04-02T10:41:40.319+0000] {dag.py:2705} INFO - Sync 3 DAGs
[2023-04-02T10:41:40.413+0000] {logging_mixin.py:137} INFO - [2023-04-02T10:41:40.413+0000] {dag.py:3456} INFO - Setting next_dagrun for example_branch_datetime_operator to 2023-04-01T00:00:00+00:00, run_after=2023-04-02T00:00:00+00:00
[2023-04-02T10:41:40.430+0000] {logging_mixin.py:137} INFO - [2023-04-02T10:41:40.430+0000] {dag.py:3456} INFO - Setting next_dagrun for example_branch_datetime_operator_2 to 2023-04-01T00:00:00+00:00, run_after=2023-04-02T00:00:00+00:00
[2023-04-02T10:41:40.450+0000] {logging_mixin.py:137} INFO - [2023-04-02T10:41:40.449+0000] {dag.py:3456} INFO - Setting next_dagrun for example_branch_datetime_operator_3 to 2023-04-01T00:00:00+00:00, run_after=2023-04-02T00:00:00+00:00
[2023-04-02T10:41:40.515+0000] {processor.py:175} INFO - Processing /home/airflow/.local/lib/python3.7/site-packages/airflow/example_dags/example_branch_datetime_operator.py took 0.484 seconds
[2023-04-02T10:42:12.400+0000] {processor.py:153} INFO - Started process (PID=4237) to work on /home/airflow/.local/lib/python3.7/site-packages/airflow/example_dags/example_branch_datetime_operator.py
[2023-04-02T10:42:12.403+0000] {processor.py:743} INFO - Processing file /home/airflow/.local/lib/python3.7/site-packages/airflow/example_dags/example_branch_datetime_operator.py for tasks to queue
[2023-04-02T10:42:12.407+0000] {logging_mixin.py:137} INFO - [2023-04-02T10:42:12.407+0000] {dagbag.py:532} INFO - Filling up the DagBag from /home/airflow/.local/lib/python3.7/site-packages/airflow/example_dags/example_branch_datetime_operator.py
[2023-04-02T10:42:12.451+0000] {processor.py:753} INFO - DAG(s) dict_keys(['example_branch_datetime_operator', 'example_branch_datetime_operator_2', 'example_branch_datetime_operator_3']) retrieved from /home/airflow/.local/lib/python3.7/site-packages/airflow/example_dags/example_branch_datetime_operator.py
[2023-04-02T10:42:12.535+0000] {logging_mixin.py:137} INFO - [2023-04-02T10:42:12.534+0000] {dag.py:2705} INFO - Sync 3 DAGs
[2023-04-02T10:42:12.625+0000] {logging_mixin.py:137} INFO - [2023-04-02T10:42:12.625+0000] {dag.py:3456} INFO - Setting next_dagrun for example_branch_datetime_operator to 2023-04-01T00:00:00+00:00, run_after=2023-04-02T00:00:00+00:00
[2023-04-02T10:42:12.647+0000] {logging_mixin.py:137} INFO - [2023-04-02T10:42:12.644+0000] {dag.py:3456} INFO - Setting next_dagrun for example_branch_datetime_operator_2 to 2023-04-01T00:00:00+00:00, run_after=2023-04-02T00:00:00+00:00
[2023-04-02T10:42:12.659+0000] {logging_mixin.py:137} INFO - [2023-04-02T10:42:12.658+0000] {dag.py:3456} INFO - Setting next_dagrun for example_branch_datetime_operator_3 to 2023-04-01T00:00:00+00:00, run_after=2023-04-02T00:00:00+00:00
[2023-04-02T10:42:12.740+0000] {processor.py:175} INFO - Processing /home/airflow/.local/lib/python3.7/site-packages/airflow/example_dags/example_branch_datetime_operator.py took 0.349 seconds
[2023-04-02T10:42:43.455+0000] {processor.py:153} INFO - Started process (PID=4455) to work on /home/airflow/.local/lib/python3.7/site-packages/airflow/example_dags/example_branch_datetime_operator.py
[2023-04-02T10:42:43.461+0000] {processor.py:743} INFO - Processing file /home/airflow/.local/lib/python3.7/site-packages/airflow/example_dags/example_branch_datetime_operator.py for tasks to queue
[2023-04-02T10:42:43.465+0000] {logging_mixin.py:137} INFO - [2023-04-02T10:42:43.463+0000] {dagbag.py:532} INFO - Filling up the DagBag from /home/airflow/.local/lib/python3.7/site-packages/airflow/example_dags/example_branch_datetime_operator.py
[2023-04-02T10:42:43.561+0000] {processor.py:753} INFO - DAG(s) dict_keys(['example_branch_datetime_operator_2', 'example_branch_datetime_operator_3', 'example_branch_datetime_operator']) retrieved from /home/airflow/.local/lib/python3.7/site-packages/airflow/example_dags/example_branch_datetime_operator.py
[2023-04-02T10:42:43.677+0000] {logging_mixin.py:137} INFO - [2023-04-02T10:42:43.677+0000] {dag.py:2705} INFO - Sync 3 DAGs
[2023-04-02T10:42:43.795+0000] {logging_mixin.py:137} INFO - [2023-04-02T10:42:43.795+0000] {dag.py:3456} INFO - Setting next_dagrun for example_branch_datetime_operator to 2023-04-01T00:00:00+00:00, run_after=2023-04-02T00:00:00+00:00
[2023-04-02T10:42:43.823+0000] {logging_mixin.py:137} INFO - [2023-04-02T10:42:43.823+0000] {dag.py:3456} INFO - Setting next_dagrun for example_branch_datetime_operator_2 to 2023-04-01T00:00:00+00:00, run_after=2023-04-02T00:00:00+00:00
[2023-04-02T10:42:43.831+0000] {logging_mixin.py:137} INFO - [2023-04-02T10:42:43.831+0000] {dag.py:3456} INFO - Setting next_dagrun for example_branch_datetime_operator_3 to 2023-04-01T00:00:00+00:00, run_after=2023-04-02T00:00:00+00:00
[2023-04-02T10:42:43.885+0000] {processor.py:175} INFO - Processing /home/airflow/.local/lib/python3.7/site-packages/airflow/example_dags/example_branch_datetime_operator.py took 0.439 seconds
[2023-04-02T10:43:13.998+0000] {processor.py:153} INFO - Started process (PID=4675) to work on /home/airflow/.local/lib/python3.7/site-packages/airflow/example_dags/example_branch_datetime_operator.py
[2023-04-02T10:43:14.003+0000] {processor.py:743} INFO - Processing file /home/airflow/.local/lib/python3.7/site-packages/airflow/example_dags/example_branch_datetime_operator.py for tasks to queue
[2023-04-02T10:43:14.007+0000] {logging_mixin.py:137} INFO - [2023-04-02T10:43:14.007+0000] {dagbag.py:532} INFO - Filling up the DagBag from /home/airflow/.local/lib/python3.7/site-packages/airflow/example_dags/example_branch_datetime_operator.py
[2023-04-02T10:43:14.038+0000] {processor.py:753} INFO - DAG(s) dict_keys(['example_branch_datetime_operator_2', 'example_branch_datetime_operator', 'example_branch_datetime_operator_3']) retrieved from /home/airflow/.local/lib/python3.7/site-packages/airflow/example_dags/example_branch_datetime_operator.py
[2023-04-02T10:43:14.097+0000] {logging_mixin.py:137} INFO - [2023-04-02T10:43:14.097+0000] {dag.py:2705} INFO - Sync 3 DAGs
[2023-04-02T10:43:14.147+0000] {logging_mixin.py:137} INFO - [2023-04-02T10:43:14.147+0000] {dag.py:3456} INFO - Setting next_dagrun for example_branch_datetime_operator to 2023-04-01T00:00:00+00:00, run_after=2023-04-02T00:00:00+00:00
[2023-04-02T10:43:14.159+0000] {logging_mixin.py:137} INFO - [2023-04-02T10:43:14.159+0000] {dag.py:3456} INFO - Setting next_dagrun for example_branch_datetime_operator_2 to 2023-04-01T00:00:00+00:00, run_after=2023-04-02T00:00:00+00:00
[2023-04-02T10:43:14.166+0000] {logging_mixin.py:137} INFO - [2023-04-02T10:43:14.166+0000] {dag.py:3456} INFO - Setting next_dagrun for example_branch_datetime_operator_3 to 2023-04-01T00:00:00+00:00, run_after=2023-04-02T00:00:00+00:00
[2023-04-02T10:43:14.209+0000] {processor.py:175} INFO - Processing /home/airflow/.local/lib/python3.7/site-packages/airflow/example_dags/example_branch_datetime_operator.py took 0.218 seconds
[2023-04-02T10:43:44.271+0000] {processor.py:153} INFO - Started process (PID=4891) to work on /home/airflow/.local/lib/python3.7/site-packages/airflow/example_dags/example_branch_datetime_operator.py
[2023-04-02T10:43:44.273+0000] {processor.py:743} INFO - Processing file /home/airflow/.local/lib/python3.7/site-packages/airflow/example_dags/example_branch_datetime_operator.py for tasks to queue
[2023-04-02T10:43:44.276+0000] {logging_mixin.py:137} INFO - [2023-04-02T10:43:44.275+0000] {dagbag.py:532} INFO - Filling up the DagBag from /home/airflow/.local/lib/python3.7/site-packages/airflow/example_dags/example_branch_datetime_operator.py
[2023-04-02T10:43:44.312+0000] {processor.py:753} INFO - DAG(s) dict_keys(['example_branch_datetime_operator', 'example_branch_datetime_operator_3', 'example_branch_datetime_operator_2']) retrieved from /home/airflow/.local/lib/python3.7/site-packages/airflow/example_dags/example_branch_datetime_operator.py
[2023-04-02T10:43:44.381+0000] {logging_mixin.py:137} INFO - [2023-04-02T10:43:44.381+0000] {dag.py:2705} INFO - Sync 3 DAGs
[2023-04-02T10:43:44.436+0000] {logging_mixin.py:137} INFO - [2023-04-02T10:43:44.436+0000] {dag.py:3456} INFO - Setting next_dagrun for example_branch_datetime_operator to 2023-04-01T00:00:00+00:00, run_after=2023-04-02T00:00:00+00:00
[2023-04-02T10:43:44.443+0000] {logging_mixin.py:137} INFO - [2023-04-02T10:43:44.443+0000] {dag.py:3456} INFO - Setting next_dagrun for example_branch_datetime_operator_2 to 2023-04-01T00:00:00+00:00, run_after=2023-04-02T00:00:00+00:00
[2023-04-02T10:43:44.450+0000] {logging_mixin.py:137} INFO - [2023-04-02T10:43:44.450+0000] {dag.py:3456} INFO - Setting next_dagrun for example_branch_datetime_operator_3 to 2023-04-01T00:00:00+00:00, run_after=2023-04-02T00:00:00+00:00
[2023-04-02T10:43:44.501+0000] {processor.py:175} INFO - Processing /home/airflow/.local/lib/python3.7/site-packages/airflow/example_dags/example_branch_datetime_operator.py took 0.237 seconds
[2023-04-02T10:44:14.770+0000] {processor.py:153} INFO - Started process (PID=5111) to work on /home/airflow/.local/lib/python3.7/site-packages/airflow/example_dags/example_branch_datetime_operator.py
[2023-04-02T10:44:14.772+0000] {processor.py:743} INFO - Processing file /home/airflow/.local/lib/python3.7/site-packages/airflow/example_dags/example_branch_datetime_operator.py for tasks to queue
[2023-04-02T10:44:14.775+0000] {logging_mixin.py:137} INFO - [2023-04-02T10:44:14.774+0000] {dagbag.py:532} INFO - Filling up the DagBag from /home/airflow/.local/lib/python3.7/site-packages/airflow/example_dags/example_branch_datetime_operator.py
[2023-04-02T10:44:14.799+0000] {processor.py:753} INFO - DAG(s) dict_keys(['example_branch_datetime_operator_2', 'example_branch_datetime_operator_3', 'example_branch_datetime_operator']) retrieved from /home/airflow/.local/lib/python3.7/site-packages/airflow/example_dags/example_branch_datetime_operator.py
[2023-04-02T10:44:14.843+0000] {logging_mixin.py:137} INFO - [2023-04-02T10:44:14.843+0000] {dag.py:2705} INFO - Sync 3 DAGs
[2023-04-02T10:44:14.880+0000] {logging_mixin.py:137} INFO - [2023-04-02T10:44:14.880+0000] {dag.py:3456} INFO - Setting next_dagrun for example_branch_datetime_operator to 2023-04-01T00:00:00+00:00, run_after=2023-04-02T00:00:00+00:00
[2023-04-02T10:44:14.888+0000] {logging_mixin.py:137} INFO - [2023-04-02T10:44:14.888+0000] {dag.py:3456} INFO - Setting next_dagrun for example_branch_datetime_operator_2 to 2023-04-01T00:00:00+00:00, run_after=2023-04-02T00:00:00+00:00
[2023-04-02T10:44:14.894+0000] {logging_mixin.py:137} INFO - [2023-04-02T10:44:14.893+0000] {dag.py:3456} INFO - Setting next_dagrun for example_branch_datetime_operator_3 to 2023-04-01T00:00:00+00:00, run_after=2023-04-02T00:00:00+00:00
[2023-04-02T10:44:14.923+0000] {processor.py:175} INFO - Processing /home/airflow/.local/lib/python3.7/site-packages/airflow/example_dags/example_branch_datetime_operator.py took 0.157 seconds
[2023-04-02T10:44:45.312+0000] {processor.py:153} INFO - Started process (PID=5329) to work on /home/airflow/.local/lib/python3.7/site-packages/airflow/example_dags/example_branch_datetime_operator.py
[2023-04-02T10:44:45.314+0000] {processor.py:743} INFO - Processing file /home/airflow/.local/lib/python3.7/site-packages/airflow/example_dags/example_branch_datetime_operator.py for tasks to queue
[2023-04-02T10:44:45.317+0000] {logging_mixin.py:137} INFO - [2023-04-02T10:44:45.316+0000] {dagbag.py:532} INFO - Filling up the DagBag from /home/airflow/.local/lib/python3.7/site-packages/airflow/example_dags/example_branch_datetime_operator.py
[2023-04-02T10:44:45.351+0000] {processor.py:753} INFO - DAG(s) dict_keys(['example_branch_datetime_operator', 'example_branch_datetime_operator_3', 'example_branch_datetime_operator_2']) retrieved from /home/airflow/.local/lib/python3.7/site-packages/airflow/example_dags/example_branch_datetime_operator.py
[2023-04-02T10:44:45.421+0000] {logging_mixin.py:137} INFO - [2023-04-02T10:44:45.421+0000] {dag.py:2705} INFO - Sync 3 DAGs
[2023-04-02T10:44:45.474+0000] {logging_mixin.py:137} INFO - [2023-04-02T10:44:45.474+0000] {dag.py:3456} INFO - Setting next_dagrun for example_branch_datetime_operator to 2023-04-01T00:00:00+00:00, run_after=2023-04-02T00:00:00+00:00
[2023-04-02T10:44:45.486+0000] {logging_mixin.py:137} INFO - [2023-04-02T10:44:45.485+0000] {dag.py:3456} INFO - Setting next_dagrun for example_branch_datetime_operator_2 to 2023-04-01T00:00:00+00:00, run_after=2023-04-02T00:00:00+00:00
[2023-04-02T10:44:45.494+0000] {logging_mixin.py:137} INFO - [2023-04-02T10:44:45.494+0000] {dag.py:3456} INFO - Setting next_dagrun for example_branch_datetime_operator_3 to 2023-04-01T00:00:00+00:00, run_after=2023-04-02T00:00:00+00:00
[2023-04-02T10:44:45.557+0000] {processor.py:175} INFO - Processing /home/airflow/.local/lib/python3.7/site-packages/airflow/example_dags/example_branch_datetime_operator.py took 0.252 seconds
[2023-04-02T10:45:16.193+0000] {processor.py:153} INFO - Started process (PID=5547) to work on /home/airflow/.local/lib/python3.7/site-packages/airflow/example_dags/example_branch_datetime_operator.py
[2023-04-02T10:45:16.194+0000] {processor.py:743} INFO - Processing file /home/airflow/.local/lib/python3.7/site-packages/airflow/example_dags/example_branch_datetime_operator.py for tasks to queue
[2023-04-02T10:45:16.198+0000] {logging_mixin.py:137} INFO - [2023-04-02T10:45:16.197+0000] {dagbag.py:532} INFO - Filling up the DagBag from /home/airflow/.local/lib/python3.7/site-packages/airflow/example_dags/example_branch_datetime_operator.py
[2023-04-02T10:45:16.230+0000] {processor.py:753} INFO - DAG(s) dict_keys(['example_branch_datetime_operator_3', 'example_branch_datetime_operator_2', 'example_branch_datetime_operator']) retrieved from /home/airflow/.local/lib/python3.7/site-packages/airflow/example_dags/example_branch_datetime_operator.py
[2023-04-02T10:45:16.286+0000] {logging_mixin.py:137} INFO - [2023-04-02T10:45:16.286+0000] {dag.py:2705} INFO - Sync 3 DAGs
[2023-04-02T10:45:16.350+0000] {logging_mixin.py:137} INFO - [2023-04-02T10:45:16.349+0000] {dag.py:3456} INFO - Setting next_dagrun for example_branch_datetime_operator to 2023-04-01T00:00:00+00:00, run_after=2023-04-02T00:00:00+00:00
[2023-04-02T10:45:16.365+0000] {logging_mixin.py:137} INFO - [2023-04-02T10:45:16.365+0000] {dag.py:3456} INFO - Setting next_dagrun for example_branch_datetime_operator_2 to 2023-04-01T00:00:00+00:00, run_after=2023-04-02T00:00:00+00:00
[2023-04-02T10:45:16.372+0000] {logging_mixin.py:137} INFO - [2023-04-02T10:45:16.372+0000] {dag.py:3456} INFO - Setting next_dagrun for example_branch_datetime_operator_3 to 2023-04-01T00:00:00+00:00, run_after=2023-04-02T00:00:00+00:00
[2023-04-02T10:45:16.401+0000] {processor.py:175} INFO - Processing /home/airflow/.local/lib/python3.7/site-packages/airflow/example_dags/example_branch_datetime_operator.py took 0.214 seconds
[2023-04-02T10:45:46.840+0000] {processor.py:153} INFO - Started process (PID=5763) to work on /home/airflow/.local/lib/python3.7/site-packages/airflow/example_dags/example_branch_datetime_operator.py
[2023-04-02T10:45:46.843+0000] {processor.py:743} INFO - Processing file /home/airflow/.local/lib/python3.7/site-packages/airflow/example_dags/example_branch_datetime_operator.py for tasks to queue
[2023-04-02T10:45:46.845+0000] {logging_mixin.py:137} INFO - [2023-04-02T10:45:46.845+0000] {dagbag.py:532} INFO - Filling up the DagBag from /home/airflow/.local/lib/python3.7/site-packages/airflow/example_dags/example_branch_datetime_operator.py
[2023-04-02T10:45:46.884+0000] {processor.py:753} INFO - DAG(s) dict_keys(['example_branch_datetime_operator_3', 'example_branch_datetime_operator_2', 'example_branch_datetime_operator']) retrieved from /home/airflow/.local/lib/python3.7/site-packages/airflow/example_dags/example_branch_datetime_operator.py
[2023-04-02T10:45:46.954+0000] {logging_mixin.py:137} INFO - [2023-04-02T10:45:46.954+0000] {dag.py:2705} INFO - Sync 3 DAGs
[2023-04-02T10:45:47.025+0000] {logging_mixin.py:137} INFO - [2023-04-02T10:45:47.025+0000] {dag.py:3456} INFO - Setting next_dagrun for example_branch_datetime_operator to 2023-04-01T00:00:00+00:00, run_after=2023-04-02T00:00:00+00:00
[2023-04-02T10:45:47.037+0000] {logging_mixin.py:137} INFO - [2023-04-02T10:45:47.037+0000] {dag.py:3456} INFO - Setting next_dagrun for example_branch_datetime_operator_2 to 2023-04-01T00:00:00+00:00, run_after=2023-04-02T00:00:00+00:00
[2023-04-02T10:45:47.045+0000] {logging_mixin.py:137} INFO - [2023-04-02T10:45:47.045+0000] {dag.py:3456} INFO - Setting next_dagrun for example_branch_datetime_operator_3 to 2023-04-01T00:00:00+00:00, run_after=2023-04-02T00:00:00+00:00
[2023-04-02T10:45:47.090+0000] {processor.py:175} INFO - Processing /home/airflow/.local/lib/python3.7/site-packages/airflow/example_dags/example_branch_datetime_operator.py took 0.259 seconds
[2023-04-02T10:46:17.828+0000] {processor.py:153} INFO - Started process (PID=5981) to work on /home/airflow/.local/lib/python3.7/site-packages/airflow/example_dags/example_branch_datetime_operator.py
[2023-04-02T10:46:17.832+0000] {processor.py:743} INFO - Processing file /home/airflow/.local/lib/python3.7/site-packages/airflow/example_dags/example_branch_datetime_operator.py for tasks to queue
[2023-04-02T10:46:17.834+0000] {logging_mixin.py:137} INFO - [2023-04-02T10:46:17.834+0000] {dagbag.py:532} INFO - Filling up the DagBag from /home/airflow/.local/lib/python3.7/site-packages/airflow/example_dags/example_branch_datetime_operator.py
[2023-04-02T10:46:17.898+0000] {processor.py:753} INFO - DAG(s) dict_keys(['example_branch_datetime_operator', 'example_branch_datetime_operator_3', 'example_branch_datetime_operator_2']) retrieved from /home/airflow/.local/lib/python3.7/site-packages/airflow/example_dags/example_branch_datetime_operator.py
[2023-04-02T10:46:18.052+0000] {logging_mixin.py:137} INFO - [2023-04-02T10:46:18.051+0000] {dag.py:2705} INFO - Sync 3 DAGs
[2023-04-02T10:46:18.181+0000] {logging_mixin.py:137} INFO - [2023-04-02T10:46:18.181+0000] {dag.py:3456} INFO - Setting next_dagrun for example_branch_datetime_operator to 2023-04-01T00:00:00+00:00, run_after=2023-04-02T00:00:00+00:00
[2023-04-02T10:46:18.202+0000] {logging_mixin.py:137} INFO - [2023-04-02T10:46:18.202+0000] {dag.py:3456} INFO - Setting next_dagrun for example_branch_datetime_operator_2 to 2023-04-01T00:00:00+00:00, run_after=2023-04-02T00:00:00+00:00
[2023-04-02T10:46:18.225+0000] {logging_mixin.py:137} INFO - [2023-04-02T10:46:18.224+0000] {dag.py:3456} INFO - Setting next_dagrun for example_branch_datetime_operator_3 to 2023-04-01T00:00:00+00:00, run_after=2023-04-02T00:00:00+00:00
[2023-04-02T10:46:18.365+0000] {processor.py:175} INFO - Processing /home/airflow/.local/lib/python3.7/site-packages/airflow/example_dags/example_branch_datetime_operator.py took 0.549 seconds
[2023-04-02T10:46:48.882+0000] {processor.py:153} INFO - Started process (PID=6200) to work on /home/airflow/.local/lib/python3.7/site-packages/airflow/example_dags/example_branch_datetime_operator.py
[2023-04-02T10:46:48.884+0000] {processor.py:743} INFO - Processing file /home/airflow/.local/lib/python3.7/site-packages/airflow/example_dags/example_branch_datetime_operator.py for tasks to queue
[2023-04-02T10:46:48.887+0000] {logging_mixin.py:137} INFO - [2023-04-02T10:46:48.886+0000] {dagbag.py:532} INFO - Filling up the DagBag from /home/airflow/.local/lib/python3.7/site-packages/airflow/example_dags/example_branch_datetime_operator.py
[2023-04-02T10:46:48.951+0000] {processor.py:753} INFO - DAG(s) dict_keys(['example_branch_datetime_operator', 'example_branch_datetime_operator_2', 'example_branch_datetime_operator_3']) retrieved from /home/airflow/.local/lib/python3.7/site-packages/airflow/example_dags/example_branch_datetime_operator.py
[2023-04-02T10:46:49.083+0000] {logging_mixin.py:137} INFO - [2023-04-02T10:46:49.082+0000] {dag.py:2705} INFO - Sync 3 DAGs
[2023-04-02T10:46:49.210+0000] {logging_mixin.py:137} INFO - [2023-04-02T10:46:49.210+0000] {dag.py:3456} INFO - Setting next_dagrun for example_branch_datetime_operator to 2023-04-01T00:00:00+00:00, run_after=2023-04-02T00:00:00+00:00
[2023-04-02T10:46:49.246+0000] {logging_mixin.py:137} INFO - [2023-04-02T10:46:49.246+0000] {dag.py:3456} INFO - Setting next_dagrun for example_branch_datetime_operator_2 to 2023-04-01T00:00:00+00:00, run_after=2023-04-02T00:00:00+00:00
[2023-04-02T10:46:49.269+0000] {logging_mixin.py:137} INFO - [2023-04-02T10:46:49.269+0000] {dag.py:3456} INFO - Setting next_dagrun for example_branch_datetime_operator_3 to 2023-04-01T00:00:00+00:00, run_after=2023-04-02T00:00:00+00:00
[2023-04-02T10:46:49.397+0000] {processor.py:175} INFO - Processing /home/airflow/.local/lib/python3.7/site-packages/airflow/example_dags/example_branch_datetime_operator.py took 0.536 seconds
[2023-04-02T10:47:19.695+0000] {processor.py:153} INFO - Started process (PID=6425) to work on /home/airflow/.local/lib/python3.7/site-packages/airflow/example_dags/example_branch_datetime_operator.py
[2023-04-02T10:47:19.697+0000] {processor.py:743} INFO - Processing file /home/airflow/.local/lib/python3.7/site-packages/airflow/example_dags/example_branch_datetime_operator.py for tasks to queue
[2023-04-02T10:47:19.703+0000] {logging_mixin.py:137} INFO - [2023-04-02T10:47:19.702+0000] {dagbag.py:532} INFO - Filling up the DagBag from /home/airflow/.local/lib/python3.7/site-packages/airflow/example_dags/example_branch_datetime_operator.py
[2023-04-02T10:47:19.743+0000] {processor.py:753} INFO - DAG(s) dict_keys(['example_branch_datetime_operator_3', 'example_branch_datetime_operator_2', 'example_branch_datetime_operator']) retrieved from /home/airflow/.local/lib/python3.7/site-packages/airflow/example_dags/example_branch_datetime_operator.py
[2023-04-02T10:47:19.806+0000] {logging_mixin.py:137} INFO - [2023-04-02T10:47:19.806+0000] {dag.py:2705} INFO - Sync 3 DAGs
[2023-04-02T10:47:19.865+0000] {logging_mixin.py:137} INFO - [2023-04-02T10:47:19.864+0000] {dag.py:3456} INFO - Setting next_dagrun for example_branch_datetime_operator to 2023-04-01T00:00:00+00:00, run_after=2023-04-02T00:00:00+00:00
[2023-04-02T10:47:19.876+0000] {logging_mixin.py:137} INFO - [2023-04-02T10:47:19.876+0000] {dag.py:3456} INFO - Setting next_dagrun for example_branch_datetime_operator_2 to 2023-04-01T00:00:00+00:00, run_after=2023-04-02T00:00:00+00:00
[2023-04-02T10:47:19.889+0000] {logging_mixin.py:137} INFO - [2023-04-02T10:47:19.889+0000] {dag.py:3456} INFO - Setting next_dagrun for example_branch_datetime_operator_3 to 2023-04-01T00:00:00+00:00, run_after=2023-04-02T00:00:00+00:00
[2023-04-02T10:47:19.948+0000] {processor.py:175} INFO - Processing /home/airflow/.local/lib/python3.7/site-packages/airflow/example_dags/example_branch_datetime_operator.py took 0.263 seconds
[2023-04-02T10:47:49.999+0000] {processor.py:153} INFO - Started process (PID=6636) to work on /home/airflow/.local/lib/python3.7/site-packages/airflow/example_dags/example_branch_datetime_operator.py
[2023-04-02T10:47:50.005+0000] {processor.py:743} INFO - Processing file /home/airflow/.local/lib/python3.7/site-packages/airflow/example_dags/example_branch_datetime_operator.py for tasks to queue
[2023-04-02T10:47:50.010+0000] {logging_mixin.py:137} INFO - [2023-04-02T10:47:50.010+0000] {dagbag.py:532} INFO - Filling up the DagBag from /home/airflow/.local/lib/python3.7/site-packages/airflow/example_dags/example_branch_datetime_operator.py
[2023-04-02T10:47:50.053+0000] {processor.py:753} INFO - DAG(s) dict_keys(['example_branch_datetime_operator_2', 'example_branch_datetime_operator', 'example_branch_datetime_operator_3']) retrieved from /home/airflow/.local/lib/python3.7/site-packages/airflow/example_dags/example_branch_datetime_operator.py
[2023-04-02T10:47:50.127+0000] {logging_mixin.py:137} INFO - [2023-04-02T10:47:50.127+0000] {dag.py:2705} INFO - Sync 3 DAGs
[2023-04-02T10:47:50.202+0000] {logging_mixin.py:137} INFO - [2023-04-02T10:47:50.202+0000] {dag.py:3456} INFO - Setting next_dagrun for example_branch_datetime_operator to 2023-04-01T00:00:00+00:00, run_after=2023-04-02T00:00:00+00:00
[2023-04-02T10:47:50.214+0000] {logging_mixin.py:137} INFO - [2023-04-02T10:47:50.214+0000] {dag.py:3456} INFO - Setting next_dagrun for example_branch_datetime_operator_2 to 2023-04-01T00:00:00+00:00, run_after=2023-04-02T00:00:00+00:00
[2023-04-02T10:47:50.220+0000] {logging_mixin.py:137} INFO - [2023-04-02T10:47:50.220+0000] {dag.py:3456} INFO - Setting next_dagrun for example_branch_datetime_operator_3 to 2023-04-01T00:00:00+00:00, run_after=2023-04-02T00:00:00+00:00
[2023-04-02T10:47:50.278+0000] {processor.py:175} INFO - Processing /home/airflow/.local/lib/python3.7/site-packages/airflow/example_dags/example_branch_datetime_operator.py took 0.286 seconds
[2023-04-02T10:48:20.648+0000] {processor.py:153} INFO - Started process (PID=6854) to work on /home/airflow/.local/lib/python3.7/site-packages/airflow/example_dags/example_branch_datetime_operator.py
[2023-04-02T10:48:20.649+0000] {processor.py:743} INFO - Processing file /home/airflow/.local/lib/python3.7/site-packages/airflow/example_dags/example_branch_datetime_operator.py for tasks to queue
[2023-04-02T10:48:20.652+0000] {logging_mixin.py:137} INFO - [2023-04-02T10:48:20.652+0000] {dagbag.py:532} INFO - Filling up the DagBag from /home/airflow/.local/lib/python3.7/site-packages/airflow/example_dags/example_branch_datetime_operator.py
[2023-04-02T10:48:20.687+0000] {processor.py:753} INFO - DAG(s) dict_keys(['example_branch_datetime_operator_2', 'example_branch_datetime_operator_3', 'example_branch_datetime_operator']) retrieved from /home/airflow/.local/lib/python3.7/site-packages/airflow/example_dags/example_branch_datetime_operator.py
[2023-04-02T10:48:20.746+0000] {logging_mixin.py:137} INFO - [2023-04-02T10:48:20.745+0000] {dag.py:2705} INFO - Sync 3 DAGs
[2023-04-02T10:48:20.814+0000] {logging_mixin.py:137} INFO - [2023-04-02T10:48:20.813+0000] {dag.py:3456} INFO - Setting next_dagrun for example_branch_datetime_operator to 2023-04-01T00:00:00+00:00, run_after=2023-04-02T00:00:00+00:00
[2023-04-02T10:48:20.823+0000] {logging_mixin.py:137} INFO - [2023-04-02T10:48:20.823+0000] {dag.py:3456} INFO - Setting next_dagrun for example_branch_datetime_operator_2 to 2023-04-01T00:00:00+00:00, run_after=2023-04-02T00:00:00+00:00
[2023-04-02T10:48:20.828+0000] {logging_mixin.py:137} INFO - [2023-04-02T10:48:20.827+0000] {dag.py:3456} INFO - Setting next_dagrun for example_branch_datetime_operator_3 to 2023-04-01T00:00:00+00:00, run_after=2023-04-02T00:00:00+00:00
[2023-04-02T10:48:20.856+0000] {processor.py:175} INFO - Processing /home/airflow/.local/lib/python3.7/site-packages/airflow/example_dags/example_branch_datetime_operator.py took 0.214 seconds
[2023-04-02T10:48:51.426+0000] {processor.py:153} INFO - Started process (PID=7072) to work on /home/airflow/.local/lib/python3.7/site-packages/airflow/example_dags/example_branch_datetime_operator.py
[2023-04-02T10:48:51.428+0000] {processor.py:743} INFO - Processing file /home/airflow/.local/lib/python3.7/site-packages/airflow/example_dags/example_branch_datetime_operator.py for tasks to queue
[2023-04-02T10:48:51.431+0000] {logging_mixin.py:137} INFO - [2023-04-02T10:48:51.431+0000] {dagbag.py:532} INFO - Filling up the DagBag from /home/airflow/.local/lib/python3.7/site-packages/airflow/example_dags/example_branch_datetime_operator.py
[2023-04-02T10:48:51.463+0000] {processor.py:753} INFO - DAG(s) dict_keys(['example_branch_datetime_operator_2', 'example_branch_datetime_operator', 'example_branch_datetime_operator_3']) retrieved from /home/airflow/.local/lib/python3.7/site-packages/airflow/example_dags/example_branch_datetime_operator.py
[2023-04-02T10:48:51.518+0000] {logging_mixin.py:137} INFO - [2023-04-02T10:48:51.518+0000] {dag.py:2705} INFO - Sync 3 DAGs
[2023-04-02T10:48:51.558+0000] {logging_mixin.py:137} INFO - [2023-04-02T10:48:51.558+0000] {dag.py:3456} INFO - Setting next_dagrun for example_branch_datetime_operator to 2023-04-01T00:00:00+00:00, run_after=2023-04-02T00:00:00+00:00
[2023-04-02T10:48:51.567+0000] {logging_mixin.py:137} INFO - [2023-04-02T10:48:51.567+0000] {dag.py:3456} INFO - Setting next_dagrun for example_branch_datetime_operator_2 to 2023-04-01T00:00:00+00:00, run_after=2023-04-02T00:00:00+00:00
[2023-04-02T10:48:51.572+0000] {logging_mixin.py:137} INFO - [2023-04-02T10:48:51.571+0000] {dag.py:3456} INFO - Setting next_dagrun for example_branch_datetime_operator_3 to 2023-04-01T00:00:00+00:00, run_after=2023-04-02T00:00:00+00:00
[2023-04-02T10:48:51.601+0000] {processor.py:175} INFO - Processing /home/airflow/.local/lib/python3.7/site-packages/airflow/example_dags/example_branch_datetime_operator.py took 0.185 seconds
[2023-04-02T10:49:21.925+0000] {processor.py:153} INFO - Started process (PID=7290) to work on /home/airflow/.local/lib/python3.7/site-packages/airflow/example_dags/example_branch_datetime_operator.py
[2023-04-02T10:49:21.928+0000] {processor.py:743} INFO - Processing file /home/airflow/.local/lib/python3.7/site-packages/airflow/example_dags/example_branch_datetime_operator.py for tasks to queue
[2023-04-02T10:49:21.931+0000] {logging_mixin.py:137} INFO - [2023-04-02T10:49:21.930+0000] {dagbag.py:532} INFO - Filling up the DagBag from /home/airflow/.local/lib/python3.7/site-packages/airflow/example_dags/example_branch_datetime_operator.py
[2023-04-02T10:49:21.972+0000] {processor.py:753} INFO - DAG(s) dict_keys(['example_branch_datetime_operator_2', 'example_branch_datetime_operator_3', 'example_branch_datetime_operator']) retrieved from /home/airflow/.local/lib/python3.7/site-packages/airflow/example_dags/example_branch_datetime_operator.py
[2023-04-02T10:49:22.046+0000] {logging_mixin.py:137} INFO - [2023-04-02T10:49:22.046+0000] {dag.py:2705} INFO - Sync 3 DAGs
[2023-04-02T10:49:22.109+0000] {logging_mixin.py:137} INFO - [2023-04-02T10:49:22.108+0000] {dag.py:3456} INFO - Setting next_dagrun for example_branch_datetime_operator to 2023-04-01T00:00:00+00:00, run_after=2023-04-02T00:00:00+00:00
[2023-04-02T10:49:22.121+0000] {logging_mixin.py:137} INFO - [2023-04-02T10:49:22.120+0000] {dag.py:3456} INFO - Setting next_dagrun for example_branch_datetime_operator_2 to 2023-04-01T00:00:00+00:00, run_after=2023-04-02T00:00:00+00:00
[2023-04-02T10:49:22.129+0000] {logging_mixin.py:137} INFO - [2023-04-02T10:49:22.129+0000] {dag.py:3456} INFO - Setting next_dagrun for example_branch_datetime_operator_3 to 2023-04-01T00:00:00+00:00, run_after=2023-04-02T00:00:00+00:00
[2023-04-02T10:49:22.161+0000] {processor.py:175} INFO - Processing /home/airflow/.local/lib/python3.7/site-packages/airflow/example_dags/example_branch_datetime_operator.py took 0.245 seconds
[2023-04-02T10:49:52.539+0000] {processor.py:153} INFO - Started process (PID=7508) to work on /home/airflow/.local/lib/python3.7/site-packages/airflow/example_dags/example_branch_datetime_operator.py
[2023-04-02T10:49:52.547+0000] {processor.py:743} INFO - Processing file /home/airflow/.local/lib/python3.7/site-packages/airflow/example_dags/example_branch_datetime_operator.py for tasks to queue
[2023-04-02T10:49:52.553+0000] {logging_mixin.py:137} INFO - [2023-04-02T10:49:52.552+0000] {dagbag.py:532} INFO - Filling up the DagBag from /home/airflow/.local/lib/python3.7/site-packages/airflow/example_dags/example_branch_datetime_operator.py
[2023-04-02T10:49:52.590+0000] {processor.py:753} INFO - DAG(s) dict_keys(['example_branch_datetime_operator', 'example_branch_datetime_operator_2', 'example_branch_datetime_operator_3']) retrieved from /home/airflow/.local/lib/python3.7/site-packages/airflow/example_dags/example_branch_datetime_operator.py
[2023-04-02T10:49:52.664+0000] {logging_mixin.py:137} INFO - [2023-04-02T10:49:52.664+0000] {dag.py:2705} INFO - Sync 3 DAGs
[2023-04-02T10:49:52.705+0000] {logging_mixin.py:137} INFO - [2023-04-02T10:49:52.705+0000] {dag.py:3456} INFO - Setting next_dagrun for example_branch_datetime_operator to 2023-04-01T00:00:00+00:00, run_after=2023-04-02T00:00:00+00:00
[2023-04-02T10:49:52.719+0000] {logging_mixin.py:137} INFO - [2023-04-02T10:49:52.718+0000] {dag.py:3456} INFO - Setting next_dagrun for example_branch_datetime_operator_2 to 2023-04-01T00:00:00+00:00, run_after=2023-04-02T00:00:00+00:00
[2023-04-02T10:49:52.723+0000] {logging_mixin.py:137} INFO - [2023-04-02T10:49:52.722+0000] {dag.py:3456} INFO - Setting next_dagrun for example_branch_datetime_operator_3 to 2023-04-01T00:00:00+00:00, run_after=2023-04-02T00:00:00+00:00
[2023-04-02T10:49:52.751+0000] {processor.py:175} INFO - Processing /home/airflow/.local/lib/python3.7/site-packages/airflow/example_dags/example_branch_datetime_operator.py took 0.221 seconds
[2023-04-02T10:50:22.987+0000] {processor.py:153} INFO - Started process (PID=7726) to work on /home/airflow/.local/lib/python3.7/site-packages/airflow/example_dags/example_branch_datetime_operator.py
[2023-04-02T10:50:22.988+0000] {processor.py:743} INFO - Processing file /home/airflow/.local/lib/python3.7/site-packages/airflow/example_dags/example_branch_datetime_operator.py for tasks to queue
[2023-04-02T10:50:22.991+0000] {logging_mixin.py:137} INFO - [2023-04-02T10:50:22.991+0000] {dagbag.py:532} INFO - Filling up the DagBag from /home/airflow/.local/lib/python3.7/site-packages/airflow/example_dags/example_branch_datetime_operator.py
[2023-04-02T10:50:23.045+0000] {processor.py:753} INFO - DAG(s) dict_keys(['example_branch_datetime_operator_3', 'example_branch_datetime_operator', 'example_branch_datetime_operator_2']) retrieved from /home/airflow/.local/lib/python3.7/site-packages/airflow/example_dags/example_branch_datetime_operator.py
[2023-04-02T10:50:23.145+0000] {logging_mixin.py:137} INFO - [2023-04-02T10:50:23.145+0000] {dag.py:2705} INFO - Sync 3 DAGs
[2023-04-02T10:50:23.233+0000] {logging_mixin.py:137} INFO - [2023-04-02T10:50:23.233+0000] {dag.py:3456} INFO - Setting next_dagrun for example_branch_datetime_operator to 2023-04-01T00:00:00+00:00, run_after=2023-04-02T00:00:00+00:00
[2023-04-02T10:50:23.242+0000] {logging_mixin.py:137} INFO - [2023-04-02T10:50:23.241+0000] {dag.py:3456} INFO - Setting next_dagrun for example_branch_datetime_operator_2 to 2023-04-01T00:00:00+00:00, run_after=2023-04-02T00:00:00+00:00
[2023-04-02T10:50:23.250+0000] {logging_mixin.py:137} INFO - [2023-04-02T10:50:23.249+0000] {dag.py:3456} INFO - Setting next_dagrun for example_branch_datetime_operator_3 to 2023-04-01T00:00:00+00:00, run_after=2023-04-02T00:00:00+00:00
[2023-04-02T10:50:23.278+0000] {processor.py:175} INFO - Processing /home/airflow/.local/lib/python3.7/site-packages/airflow/example_dags/example_branch_datetime_operator.py took 0.302 seconds
