[2023-04-02T10:32:48.129+0000] {processor.py:153} INFO - Started process (PID=308) to work on /home/airflow/.local/lib/python3.7/site-packages/airflow/example_dags/example_latest_only_with_trigger.py
[2023-04-02T10:32:48.131+0000] {processor.py:743} INFO - Processing file /home/airflow/.local/lib/python3.7/site-packages/airflow/example_dags/example_latest_only_with_trigger.py for tasks to queue
[2023-04-02T10:32:48.133+0000] {logging_mixin.py:137} INFO - [2023-04-02T10:32:48.133+0000] {dagbag.py:532} INFO - Filling up the DagBag from /home/airflow/.local/lib/python3.7/site-packages/airflow/example_dags/example_latest_only_with_trigger.py
[2023-04-02T10:32:48.159+0000] {processor.py:753} INFO - DAG(s) dict_keys(['latest_only_with_trigger']) retrieved from /home/airflow/.local/lib/python3.7/site-packages/airflow/example_dags/example_latest_only_with_trigger.py
[2023-04-02T10:32:48.183+0000] {logging_mixin.py:137} INFO - [2023-04-02T10:32:48.182+0000] {dag.py:2705} INFO - Sync 1 DAGs
[2023-04-02T10:32:48.229+0000] {logging_mixin.py:137} INFO - [2023-04-02T10:32:48.229+0000] {dag.py:3456} INFO - Setting next_dagrun for latest_only_with_trigger to 2023-04-02T06:32:48.229147+00:00, run_after=2023-04-02T10:32:48.229147+00:00
[2023-04-02T10:32:48.260+0000] {processor.py:175} INFO - Processing /home/airflow/.local/lib/python3.7/site-packages/airflow/example_dags/example_latest_only_with_trigger.py took 0.137 seconds
[2023-04-02T10:33:22.981+0000] {processor.py:153} INFO - Started process (PID=526) to work on /home/airflow/.local/lib/python3.7/site-packages/airflow/example_dags/example_latest_only_with_trigger.py
[2023-04-02T10:33:22.991+0000] {processor.py:743} INFO - Processing file /home/airflow/.local/lib/python3.7/site-packages/airflow/example_dags/example_latest_only_with_trigger.py for tasks to queue
[2023-04-02T10:33:22.994+0000] {logging_mixin.py:137} INFO - [2023-04-02T10:33:22.994+0000] {dagbag.py:532} INFO - Filling up the DagBag from /home/airflow/.local/lib/python3.7/site-packages/airflow/example_dags/example_latest_only_with_trigger.py
[2023-04-02T10:33:23.062+0000] {processor.py:753} INFO - DAG(s) dict_keys(['latest_only_with_trigger']) retrieved from /home/airflow/.local/lib/python3.7/site-packages/airflow/example_dags/example_latest_only_with_trigger.py
[2023-04-02T10:33:23.121+0000] {logging_mixin.py:137} INFO - [2023-04-02T10:33:23.120+0000] {dag.py:2705} INFO - Sync 1 DAGs
[2023-04-02T10:33:23.246+0000] {logging_mixin.py:137} INFO - [2023-04-02T10:33:23.245+0000] {dag.py:3456} INFO - Setting next_dagrun for latest_only_with_trigger to 2023-04-02T06:33:23.245599+00:00, run_after=2023-04-02T10:33:23.245599+00:00
[2023-04-02T10:33:23.304+0000] {processor.py:175} INFO - Processing /home/airflow/.local/lib/python3.7/site-packages/airflow/example_dags/example_latest_only_with_trigger.py took 0.332 seconds
[2023-04-02T10:33:56.138+0000] {processor.py:153} INFO - Started process (PID=745) to work on /home/airflow/.local/lib/python3.7/site-packages/airflow/example_dags/example_latest_only_with_trigger.py
[2023-04-02T10:33:56.151+0000] {processor.py:743} INFO - Processing file /home/airflow/.local/lib/python3.7/site-packages/airflow/example_dags/example_latest_only_with_trigger.py for tasks to queue
[2023-04-02T10:33:56.154+0000] {logging_mixin.py:137} INFO - [2023-04-02T10:33:56.154+0000] {dagbag.py:532} INFO - Filling up the DagBag from /home/airflow/.local/lib/python3.7/site-packages/airflow/example_dags/example_latest_only_with_trigger.py
[2023-04-02T10:33:56.211+0000] {processor.py:753} INFO - DAG(s) dict_keys(['latest_only_with_trigger']) retrieved from /home/airflow/.local/lib/python3.7/site-packages/airflow/example_dags/example_latest_only_with_trigger.py
[2023-04-02T10:33:56.292+0000] {logging_mixin.py:137} INFO - [2023-04-02T10:33:56.292+0000] {dag.py:2705} INFO - Sync 1 DAGs
[2023-04-02T10:33:56.353+0000] {logging_mixin.py:137} INFO - [2023-04-02T10:33:56.352+0000] {dag.py:3456} INFO - Setting next_dagrun for latest_only_with_trigger to 2023-04-02T06:33:56.352510+00:00, run_after=2023-04-02T10:33:56.352510+00:00
[2023-04-02T10:33:56.401+0000] {processor.py:175} INFO - Processing /home/airflow/.local/lib/python3.7/site-packages/airflow/example_dags/example_latest_only_with_trigger.py took 0.281 seconds
[2023-04-02T10:34:27.486+0000] {processor.py:153} INFO - Started process (PID=963) to work on /home/airflow/.local/lib/python3.7/site-packages/airflow/example_dags/example_latest_only_with_trigger.py
[2023-04-02T10:34:27.498+0000] {processor.py:743} INFO - Processing file /home/airflow/.local/lib/python3.7/site-packages/airflow/example_dags/example_latest_only_with_trigger.py for tasks to queue
[2023-04-02T10:34:27.499+0000] {logging_mixin.py:137} INFO - [2023-04-02T10:34:27.499+0000] {dagbag.py:532} INFO - Filling up the DagBag from /home/airflow/.local/lib/python3.7/site-packages/airflow/example_dags/example_latest_only_with_trigger.py
[2023-04-02T10:34:27.543+0000] {processor.py:753} INFO - DAG(s) dict_keys(['latest_only_with_trigger']) retrieved from /home/airflow/.local/lib/python3.7/site-packages/airflow/example_dags/example_latest_only_with_trigger.py
[2023-04-02T10:34:27.639+0000] {logging_mixin.py:137} INFO - [2023-04-02T10:34:27.639+0000] {dag.py:2705} INFO - Sync 1 DAGs
[2023-04-02T10:34:27.745+0000] {logging_mixin.py:137} INFO - [2023-04-02T10:34:27.745+0000] {dag.py:3456} INFO - Setting next_dagrun for latest_only_with_trigger to 2023-04-02T06:34:27.745340+00:00, run_after=2023-04-02T10:34:27.745340+00:00
[2023-04-02T10:34:27.803+0000] {processor.py:175} INFO - Processing /home/airflow/.local/lib/python3.7/site-packages/airflow/example_dags/example_latest_only_with_trigger.py took 0.322 seconds
[2023-04-02T10:34:57.967+0000] {processor.py:153} INFO - Started process (PID=1182) to work on /home/airflow/.local/lib/python3.7/site-packages/airflow/example_dags/example_latest_only_with_trigger.py
[2023-04-02T10:34:57.969+0000] {processor.py:743} INFO - Processing file /home/airflow/.local/lib/python3.7/site-packages/airflow/example_dags/example_latest_only_with_trigger.py for tasks to queue
[2023-04-02T10:34:57.974+0000] {logging_mixin.py:137} INFO - [2023-04-02T10:34:57.974+0000] {dagbag.py:532} INFO - Filling up the DagBag from /home/airflow/.local/lib/python3.7/site-packages/airflow/example_dags/example_latest_only_with_trigger.py
[2023-04-02T10:34:58.024+0000] {processor.py:753} INFO - DAG(s) dict_keys(['latest_only_with_trigger']) retrieved from /home/airflow/.local/lib/python3.7/site-packages/airflow/example_dags/example_latest_only_with_trigger.py
[2023-04-02T10:34:58.085+0000] {logging_mixin.py:137} INFO - [2023-04-02T10:34:58.085+0000] {dag.py:2705} INFO - Sync 1 DAGs
[2023-04-02T10:34:58.144+0000] {logging_mixin.py:137} INFO - [2023-04-02T10:34:58.144+0000] {dag.py:3456} INFO - Setting next_dagrun for latest_only_with_trigger to 2023-04-02T06:34:58.143222+00:00, run_after=2023-04-02T10:34:58.143222+00:00
[2023-04-02T10:34:58.178+0000] {processor.py:175} INFO - Processing /home/airflow/.local/lib/python3.7/site-packages/airflow/example_dags/example_latest_only_with_trigger.py took 0.223 seconds
[2023-04-02T10:35:29.331+0000] {processor.py:153} INFO - Started process (PID=1400) to work on /home/airflow/.local/lib/python3.7/site-packages/airflow/example_dags/example_latest_only_with_trigger.py
[2023-04-02T10:35:29.337+0000] {processor.py:743} INFO - Processing file /home/airflow/.local/lib/python3.7/site-packages/airflow/example_dags/example_latest_only_with_trigger.py for tasks to queue
[2023-04-02T10:35:29.342+0000] {logging_mixin.py:137} INFO - [2023-04-02T10:35:29.339+0000] {dagbag.py:532} INFO - Filling up the DagBag from /home/airflow/.local/lib/python3.7/site-packages/airflow/example_dags/example_latest_only_with_trigger.py
[2023-04-02T10:35:29.433+0000] {processor.py:753} INFO - DAG(s) dict_keys(['latest_only_with_trigger']) retrieved from /home/airflow/.local/lib/python3.7/site-packages/airflow/example_dags/example_latest_only_with_trigger.py
[2023-04-02T10:35:29.503+0000] {logging_mixin.py:137} INFO - [2023-04-02T10:35:29.503+0000] {dag.py:2705} INFO - Sync 1 DAGs
[2023-04-02T10:35:29.574+0000] {logging_mixin.py:137} INFO - [2023-04-02T10:35:29.574+0000] {dag.py:3456} INFO - Setting next_dagrun for latest_only_with_trigger to 2023-04-02T06:35:29.573907+00:00, run_after=2023-04-02T10:35:29.573907+00:00
[2023-04-02T10:35:29.647+0000] {processor.py:175} INFO - Processing /home/airflow/.local/lib/python3.7/site-packages/airflow/example_dags/example_latest_only_with_trigger.py took 0.342 seconds
[2023-04-02T10:35:59.893+0000] {processor.py:153} INFO - Started process (PID=1613) to work on /home/airflow/.local/lib/python3.7/site-packages/airflow/example_dags/example_latest_only_with_trigger.py
[2023-04-02T10:35:59.896+0000] {processor.py:743} INFO - Processing file /home/airflow/.local/lib/python3.7/site-packages/airflow/example_dags/example_latest_only_with_trigger.py for tasks to queue
[2023-04-02T10:35:59.906+0000] {logging_mixin.py:137} INFO - [2023-04-02T10:35:59.905+0000] {dagbag.py:532} INFO - Filling up the DagBag from /home/airflow/.local/lib/python3.7/site-packages/airflow/example_dags/example_latest_only_with_trigger.py
[2023-04-02T10:36:00.015+0000] {processor.py:753} INFO - DAG(s) dict_keys(['latest_only_with_trigger']) retrieved from /home/airflow/.local/lib/python3.7/site-packages/airflow/example_dags/example_latest_only_with_trigger.py
[2023-04-02T10:36:00.141+0000] {logging_mixin.py:137} INFO - [2023-04-02T10:36:00.141+0000] {dag.py:2705} INFO - Sync 1 DAGs
[2023-04-02T10:36:00.224+0000] {logging_mixin.py:137} INFO - [2023-04-02T10:36:00.222+0000] {dag.py:3456} INFO - Setting next_dagrun for latest_only_with_trigger to 2023-04-02T06:36:00.222263+00:00, run_after=2023-04-02T10:36:00.222263+00:00
[2023-04-02T10:36:00.340+0000] {processor.py:175} INFO - Processing /home/airflow/.local/lib/python3.7/site-packages/airflow/example_dags/example_latest_only_with_trigger.py took 0.457 seconds
[2023-04-02T10:36:30.502+0000] {processor.py:153} INFO - Started process (PID=1833) to work on /home/airflow/.local/lib/python3.7/site-packages/airflow/example_dags/example_latest_only_with_trigger.py
[2023-04-02T10:36:30.505+0000] {processor.py:743} INFO - Processing file /home/airflow/.local/lib/python3.7/site-packages/airflow/example_dags/example_latest_only_with_trigger.py for tasks to queue
[2023-04-02T10:36:30.509+0000] {logging_mixin.py:137} INFO - [2023-04-02T10:36:30.508+0000] {dagbag.py:532} INFO - Filling up the DagBag from /home/airflow/.local/lib/python3.7/site-packages/airflow/example_dags/example_latest_only_with_trigger.py
[2023-04-02T10:36:30.532+0000] {processor.py:753} INFO - DAG(s) dict_keys(['latest_only_with_trigger']) retrieved from /home/airflow/.local/lib/python3.7/site-packages/airflow/example_dags/example_latest_only_with_trigger.py
[2023-04-02T10:36:30.570+0000] {logging_mixin.py:137} INFO - [2023-04-02T10:36:30.570+0000] {dag.py:2705} INFO - Sync 1 DAGs
[2023-04-02T10:36:30.613+0000] {logging_mixin.py:137} INFO - [2023-04-02T10:36:30.613+0000] {dag.py:3456} INFO - Setting next_dagrun for latest_only_with_trigger to 2023-04-02T06:36:30.612806+00:00, run_after=2023-04-02T10:36:30.612806+00:00
[2023-04-02T10:36:30.648+0000] {processor.py:175} INFO - Processing /home/airflow/.local/lib/python3.7/site-packages/airflow/example_dags/example_latest_only_with_trigger.py took 0.150 seconds
[2023-04-02T10:37:01.374+0000] {processor.py:153} INFO - Started process (PID=2049) to work on /home/airflow/.local/lib/python3.7/site-packages/airflow/example_dags/example_latest_only_with_trigger.py
[2023-04-02T10:37:01.378+0000] {processor.py:743} INFO - Processing file /home/airflow/.local/lib/python3.7/site-packages/airflow/example_dags/example_latest_only_with_trigger.py for tasks to queue
[2023-04-02T10:37:01.381+0000] {logging_mixin.py:137} INFO - [2023-04-02T10:37:01.381+0000] {dagbag.py:532} INFO - Filling up the DagBag from /home/airflow/.local/lib/python3.7/site-packages/airflow/example_dags/example_latest_only_with_trigger.py
[2023-04-02T10:37:01.422+0000] {processor.py:753} INFO - DAG(s) dict_keys(['latest_only_with_trigger']) retrieved from /home/airflow/.local/lib/python3.7/site-packages/airflow/example_dags/example_latest_only_with_trigger.py
[2023-04-02T10:37:01.519+0000] {logging_mixin.py:137} INFO - [2023-04-02T10:37:01.518+0000] {dag.py:2705} INFO - Sync 1 DAGs
[2023-04-02T10:37:01.588+0000] {logging_mixin.py:137} INFO - [2023-04-02T10:37:01.587+0000] {dag.py:3456} INFO - Setting next_dagrun for latest_only_with_trigger to 2023-04-02T06:37:01.586887+00:00, run_after=2023-04-02T10:37:01.586887+00:00
[2023-04-02T10:37:01.644+0000] {processor.py:175} INFO - Processing /home/airflow/.local/lib/python3.7/site-packages/airflow/example_dags/example_latest_only_with_trigger.py took 0.281 seconds
[2023-04-02T10:37:31.932+0000] {processor.py:153} INFO - Started process (PID=2267) to work on /home/airflow/.local/lib/python3.7/site-packages/airflow/example_dags/example_latest_only_with_trigger.py
[2023-04-02T10:37:31.939+0000] {processor.py:743} INFO - Processing file /home/airflow/.local/lib/python3.7/site-packages/airflow/example_dags/example_latest_only_with_trigger.py for tasks to queue
[2023-04-02T10:37:31.942+0000] {logging_mixin.py:137} INFO - [2023-04-02T10:37:31.941+0000] {dagbag.py:532} INFO - Filling up the DagBag from /home/airflow/.local/lib/python3.7/site-packages/airflow/example_dags/example_latest_only_with_trigger.py
[2023-04-02T10:37:32.013+0000] {processor.py:753} INFO - DAG(s) dict_keys(['latest_only_with_trigger']) retrieved from /home/airflow/.local/lib/python3.7/site-packages/airflow/example_dags/example_latest_only_with_trigger.py
[2023-04-02T10:37:32.103+0000] {logging_mixin.py:137} INFO - [2023-04-02T10:37:32.103+0000] {dag.py:2705} INFO - Sync 1 DAGs
[2023-04-02T10:37:32.153+0000] {logging_mixin.py:137} INFO - [2023-04-02T10:37:32.152+0000] {dag.py:3456} INFO - Setting next_dagrun for latest_only_with_trigger to 2023-04-02T06:37:32.151929+00:00, run_after=2023-04-02T10:37:32.151929+00:00
[2023-04-02T10:37:32.200+0000] {processor.py:175} INFO - Processing /home/airflow/.local/lib/python3.7/site-packages/airflow/example_dags/example_latest_only_with_trigger.py took 0.274 seconds
[2023-04-02T10:38:03.115+0000] {processor.py:153} INFO - Started process (PID=2490) to work on /home/airflow/.local/lib/python3.7/site-packages/airflow/example_dags/example_latest_only_with_trigger.py
[2023-04-02T10:38:03.119+0000] {processor.py:743} INFO - Processing file /home/airflow/.local/lib/python3.7/site-packages/airflow/example_dags/example_latest_only_with_trigger.py for tasks to queue
[2023-04-02T10:38:03.121+0000] {logging_mixin.py:137} INFO - [2023-04-02T10:38:03.120+0000] {dagbag.py:532} INFO - Filling up the DagBag from /home/airflow/.local/lib/python3.7/site-packages/airflow/example_dags/example_latest_only_with_trigger.py
[2023-04-02T10:38:03.146+0000] {processor.py:753} INFO - DAG(s) dict_keys(['latest_only_with_trigger']) retrieved from /home/airflow/.local/lib/python3.7/site-packages/airflow/example_dags/example_latest_only_with_trigger.py
[2023-04-02T10:38:03.194+0000] {logging_mixin.py:137} INFO - [2023-04-02T10:38:03.194+0000] {dag.py:2705} INFO - Sync 1 DAGs
[2023-04-02T10:38:03.241+0000] {logging_mixin.py:137} INFO - [2023-04-02T10:38:03.241+0000] {dag.py:3456} INFO - Setting next_dagrun for latest_only_with_trigger to 2023-04-02T06:38:03.240877+00:00, run_after=2023-04-02T10:38:03.240877+00:00
[2023-04-02T10:38:03.283+0000] {processor.py:175} INFO - Processing /home/airflow/.local/lib/python3.7/site-packages/airflow/example_dags/example_latest_only_with_trigger.py took 0.174 seconds
[2023-04-02T10:38:34.051+0000] {processor.py:153} INFO - Started process (PID=2708) to work on /home/airflow/.local/lib/python3.7/site-packages/airflow/example_dags/example_latest_only_with_trigger.py
[2023-04-02T10:38:34.053+0000] {processor.py:743} INFO - Processing file /home/airflow/.local/lib/python3.7/site-packages/airflow/example_dags/example_latest_only_with_trigger.py for tasks to queue
[2023-04-02T10:38:34.056+0000] {logging_mixin.py:137} INFO - [2023-04-02T10:38:34.056+0000] {dagbag.py:532} INFO - Filling up the DagBag from /home/airflow/.local/lib/python3.7/site-packages/airflow/example_dags/example_latest_only_with_trigger.py
[2023-04-02T10:38:34.087+0000] {processor.py:753} INFO - DAG(s) dict_keys(['latest_only_with_trigger']) retrieved from /home/airflow/.local/lib/python3.7/site-packages/airflow/example_dags/example_latest_only_with_trigger.py
[2023-04-02T10:38:34.140+0000] {logging_mixin.py:137} INFO - [2023-04-02T10:38:34.140+0000] {dag.py:2705} INFO - Sync 1 DAGs
[2023-04-02T10:38:34.192+0000] {logging_mixin.py:137} INFO - [2023-04-02T10:38:34.191+0000] {dag.py:3456} INFO - Setting next_dagrun for latest_only_with_trigger to 2023-04-02T06:38:34.191506+00:00, run_after=2023-04-02T10:38:34.191506+00:00
[2023-04-02T10:38:34.268+0000] {processor.py:175} INFO - Processing /home/airflow/.local/lib/python3.7/site-packages/airflow/example_dags/example_latest_only_with_trigger.py took 0.224 seconds
[2023-04-02T10:39:05.386+0000] {processor.py:153} INFO - Started process (PID=2933) to work on /home/airflow/.local/lib/python3.7/site-packages/airflow/example_dags/example_latest_only_with_trigger.py
[2023-04-02T10:39:05.391+0000] {processor.py:743} INFO - Processing file /home/airflow/.local/lib/python3.7/site-packages/airflow/example_dags/example_latest_only_with_trigger.py for tasks to queue
[2023-04-02T10:39:05.395+0000] {logging_mixin.py:137} INFO - [2023-04-02T10:39:05.394+0000] {dagbag.py:532} INFO - Filling up the DagBag from /home/airflow/.local/lib/python3.7/site-packages/airflow/example_dags/example_latest_only_with_trigger.py
[2023-04-02T10:39:05.440+0000] {processor.py:753} INFO - DAG(s) dict_keys(['latest_only_with_trigger']) retrieved from /home/airflow/.local/lib/python3.7/site-packages/airflow/example_dags/example_latest_only_with_trigger.py
[2023-04-02T10:39:05.526+0000] {logging_mixin.py:137} INFO - [2023-04-02T10:39:05.525+0000] {dag.py:2705} INFO - Sync 1 DAGs
[2023-04-02T10:39:05.608+0000] {logging_mixin.py:137} INFO - [2023-04-02T10:39:05.607+0000] {dag.py:3456} INFO - Setting next_dagrun for latest_only_with_trigger to 2023-04-02T06:39:05.606582+00:00, run_after=2023-04-02T10:39:05.606582+00:00
[2023-04-02T10:39:05.650+0000] {processor.py:175} INFO - Processing /home/airflow/.local/lib/python3.7/site-packages/airflow/example_dags/example_latest_only_with_trigger.py took 0.273 seconds
[2023-04-02T10:39:36.343+0000] {processor.py:153} INFO - Started process (PID=3151) to work on /home/airflow/.local/lib/python3.7/site-packages/airflow/example_dags/example_latest_only_with_trigger.py
[2023-04-02T10:39:36.345+0000] {processor.py:743} INFO - Processing file /home/airflow/.local/lib/python3.7/site-packages/airflow/example_dags/example_latest_only_with_trigger.py for tasks to queue
[2023-04-02T10:39:36.350+0000] {logging_mixin.py:137} INFO - [2023-04-02T10:39:36.350+0000] {dagbag.py:532} INFO - Filling up the DagBag from /home/airflow/.local/lib/python3.7/site-packages/airflow/example_dags/example_latest_only_with_trigger.py
[2023-04-02T10:39:36.377+0000] {processor.py:753} INFO - DAG(s) dict_keys(['latest_only_with_trigger']) retrieved from /home/airflow/.local/lib/python3.7/site-packages/airflow/example_dags/example_latest_only_with_trigger.py
[2023-04-02T10:39:36.451+0000] {logging_mixin.py:137} INFO - [2023-04-02T10:39:36.451+0000] {dag.py:2705} INFO - Sync 1 DAGs
[2023-04-02T10:39:36.512+0000] {logging_mixin.py:137} INFO - [2023-04-02T10:39:36.512+0000] {dag.py:3456} INFO - Setting next_dagrun for latest_only_with_trigger to 2023-04-02T06:39:36.510950+00:00, run_after=2023-04-02T10:39:36.510950+00:00
[2023-04-02T10:39:36.552+0000] {processor.py:175} INFO - Processing /home/airflow/.local/lib/python3.7/site-packages/airflow/example_dags/example_latest_only_with_trigger.py took 0.217 seconds
[2023-04-02T10:40:07.497+0000] {processor.py:153} INFO - Started process (PID=3369) to work on /home/airflow/.local/lib/python3.7/site-packages/airflow/example_dags/example_latest_only_with_trigger.py
[2023-04-02T10:40:07.501+0000] {processor.py:743} INFO - Processing file /home/airflow/.local/lib/python3.7/site-packages/airflow/example_dags/example_latest_only_with_trigger.py for tasks to queue
[2023-04-02T10:40:07.505+0000] {logging_mixin.py:137} INFO - [2023-04-02T10:40:07.504+0000] {dagbag.py:532} INFO - Filling up the DagBag from /home/airflow/.local/lib/python3.7/site-packages/airflow/example_dags/example_latest_only_with_trigger.py
[2023-04-02T10:40:07.538+0000] {processor.py:753} INFO - DAG(s) dict_keys(['latest_only_with_trigger']) retrieved from /home/airflow/.local/lib/python3.7/site-packages/airflow/example_dags/example_latest_only_with_trigger.py
[2023-04-02T10:40:07.598+0000] {logging_mixin.py:137} INFO - [2023-04-02T10:40:07.598+0000] {dag.py:2705} INFO - Sync 1 DAGs
[2023-04-02T10:40:07.651+0000] {logging_mixin.py:137} INFO - [2023-04-02T10:40:07.651+0000] {dag.py:3456} INFO - Setting next_dagrun for latest_only_with_trigger to 2023-04-02T06:40:07.651220+00:00, run_after=2023-04-02T10:40:07.651220+00:00
[2023-04-02T10:40:07.699+0000] {processor.py:175} INFO - Processing /home/airflow/.local/lib/python3.7/site-packages/airflow/example_dags/example_latest_only_with_trigger.py took 0.209 seconds
[2023-04-02T10:40:38.597+0000] {processor.py:153} INFO - Started process (PID=3587) to work on /home/airflow/.local/lib/python3.7/site-packages/airflow/example_dags/example_latest_only_with_trigger.py
[2023-04-02T10:40:38.602+0000] {processor.py:743} INFO - Processing file /home/airflow/.local/lib/python3.7/site-packages/airflow/example_dags/example_latest_only_with_trigger.py for tasks to queue
[2023-04-02T10:40:38.606+0000] {logging_mixin.py:137} INFO - [2023-04-02T10:40:38.606+0000] {dagbag.py:532} INFO - Filling up the DagBag from /home/airflow/.local/lib/python3.7/site-packages/airflow/example_dags/example_latest_only_with_trigger.py
[2023-04-02T10:40:38.665+0000] {processor.py:753} INFO - DAG(s) dict_keys(['latest_only_with_trigger']) retrieved from /home/airflow/.local/lib/python3.7/site-packages/airflow/example_dags/example_latest_only_with_trigger.py
[2023-04-02T10:40:38.864+0000] {logging_mixin.py:137} INFO - [2023-04-02T10:40:38.864+0000] {dag.py:2705} INFO - Sync 1 DAGs
[2023-04-02T10:40:38.979+0000] {logging_mixin.py:137} INFO - [2023-04-02T10:40:38.979+0000] {dag.py:3456} INFO - Setting next_dagrun for latest_only_with_trigger to 2023-04-02T06:40:38.978702+00:00, run_after=2023-04-02T10:40:38.978702+00:00
[2023-04-02T10:40:39.116+0000] {processor.py:175} INFO - Processing /home/airflow/.local/lib/python3.7/site-packages/airflow/example_dags/example_latest_only_with_trigger.py took 0.527 seconds
[2023-04-02T10:41:09.209+0000] {processor.py:153} INFO - Started process (PID=3805) to work on /home/airflow/.local/lib/python3.7/site-packages/airflow/example_dags/example_latest_only_with_trigger.py
[2023-04-02T10:41:09.212+0000] {processor.py:743} INFO - Processing file /home/airflow/.local/lib/python3.7/site-packages/airflow/example_dags/example_latest_only_with_trigger.py for tasks to queue
[2023-04-02T10:41:09.218+0000] {logging_mixin.py:137} INFO - [2023-04-02T10:41:09.217+0000] {dagbag.py:532} INFO - Filling up the DagBag from /home/airflow/.local/lib/python3.7/site-packages/airflow/example_dags/example_latest_only_with_trigger.py
[2023-04-02T10:41:09.262+0000] {processor.py:753} INFO - DAG(s) dict_keys(['latest_only_with_trigger']) retrieved from /home/airflow/.local/lib/python3.7/site-packages/airflow/example_dags/example_latest_only_with_trigger.py
[2023-04-02T10:41:09.330+0000] {logging_mixin.py:137} INFO - [2023-04-02T10:41:09.330+0000] {dag.py:2705} INFO - Sync 1 DAGs
[2023-04-02T10:41:09.426+0000] {logging_mixin.py:137} INFO - [2023-04-02T10:41:09.426+0000] {dag.py:3456} INFO - Setting next_dagrun for latest_only_with_trigger to 2023-04-02T06:41:09.422963+00:00, run_after=2023-04-02T10:41:09.422963+00:00
[2023-04-02T10:41:09.500+0000] {processor.py:175} INFO - Processing /home/airflow/.local/lib/python3.7/site-packages/airflow/example_dags/example_latest_only_with_trigger.py took 0.300 seconds
[2023-04-02T10:41:40.341+0000] {processor.py:153} INFO - Started process (PID=4023) to work on /home/airflow/.local/lib/python3.7/site-packages/airflow/example_dags/example_latest_only_with_trigger.py
[2023-04-02T10:41:40.344+0000] {processor.py:743} INFO - Processing file /home/airflow/.local/lib/python3.7/site-packages/airflow/example_dags/example_latest_only_with_trigger.py for tasks to queue
[2023-04-02T10:41:40.355+0000] {logging_mixin.py:137} INFO - [2023-04-02T10:41:40.353+0000] {dagbag.py:532} INFO - Filling up the DagBag from /home/airflow/.local/lib/python3.7/site-packages/airflow/example_dags/example_latest_only_with_trigger.py
[2023-04-02T10:41:40.402+0000] {processor.py:753} INFO - DAG(s) dict_keys(['latest_only_with_trigger']) retrieved from /home/airflow/.local/lib/python3.7/site-packages/airflow/example_dags/example_latest_only_with_trigger.py
[2023-04-02T10:41:40.534+0000] {logging_mixin.py:137} INFO - [2023-04-02T10:41:40.534+0000] {dag.py:2705} INFO - Sync 1 DAGs
[2023-04-02T10:41:40.628+0000] {logging_mixin.py:137} INFO - [2023-04-02T10:41:40.628+0000] {dag.py:3456} INFO - Setting next_dagrun for latest_only_with_trigger to 2023-04-02T06:41:40.627312+00:00, run_after=2023-04-02T10:41:40.627312+00:00
[2023-04-02T10:41:40.692+0000] {processor.py:175} INFO - Processing /home/airflow/.local/lib/python3.7/site-packages/airflow/example_dags/example_latest_only_with_trigger.py took 0.362 seconds
[2023-04-02T10:42:12.638+0000] {processor.py:153} INFO - Started process (PID=4242) to work on /home/airflow/.local/lib/python3.7/site-packages/airflow/example_dags/example_latest_only_with_trigger.py
[2023-04-02T10:42:12.642+0000] {processor.py:743} INFO - Processing file /home/airflow/.local/lib/python3.7/site-packages/airflow/example_dags/example_latest_only_with_trigger.py for tasks to queue
[2023-04-02T10:42:12.648+0000] {logging_mixin.py:137} INFO - [2023-04-02T10:42:12.647+0000] {dagbag.py:532} INFO - Filling up the DagBag from /home/airflow/.local/lib/python3.7/site-packages/airflow/example_dags/example_latest_only_with_trigger.py
[2023-04-02T10:42:12.703+0000] {processor.py:753} INFO - DAG(s) dict_keys(['latest_only_with_trigger']) retrieved from /home/airflow/.local/lib/python3.7/site-packages/airflow/example_dags/example_latest_only_with_trigger.py
[2023-04-02T10:42:12.787+0000] {logging_mixin.py:137} INFO - [2023-04-02T10:42:12.787+0000] {dag.py:2705} INFO - Sync 1 DAGs
[2023-04-02T10:42:12.861+0000] {logging_mixin.py:137} INFO - [2023-04-02T10:42:12.861+0000] {dag.py:3456} INFO - Setting next_dagrun for latest_only_with_trigger to 2023-04-02T06:42:12.861077+00:00, run_after=2023-04-02T10:42:12.861077+00:00
[2023-04-02T10:42:12.903+0000] {processor.py:175} INFO - Processing /home/airflow/.local/lib/python3.7/site-packages/airflow/example_dags/example_latest_only_with_trigger.py took 0.278 seconds
[2023-04-02T10:42:43.795+0000] {processor.py:153} INFO - Started process (PID=4460) to work on /home/airflow/.local/lib/python3.7/site-packages/airflow/example_dags/example_latest_only_with_trigger.py
[2023-04-02T10:42:43.800+0000] {processor.py:743} INFO - Processing file /home/airflow/.local/lib/python3.7/site-packages/airflow/example_dags/example_latest_only_with_trigger.py for tasks to queue
[2023-04-02T10:42:43.804+0000] {logging_mixin.py:137} INFO - [2023-04-02T10:42:43.804+0000] {dagbag.py:532} INFO - Filling up the DagBag from /home/airflow/.local/lib/python3.7/site-packages/airflow/example_dags/example_latest_only_with_trigger.py
[2023-04-02T10:42:43.847+0000] {processor.py:753} INFO - DAG(s) dict_keys(['latest_only_with_trigger']) retrieved from /home/airflow/.local/lib/python3.7/site-packages/airflow/example_dags/example_latest_only_with_trigger.py
[2023-04-02T10:42:43.929+0000] {logging_mixin.py:137} INFO - [2023-04-02T10:42:43.929+0000] {dag.py:2705} INFO - Sync 1 DAGs
[2023-04-02T10:42:44.007+0000] {logging_mixin.py:137} INFO - [2023-04-02T10:42:44.007+0000] {dag.py:3456} INFO - Setting next_dagrun for latest_only_with_trigger to 2023-04-02T06:42:44.006711+00:00, run_after=2023-04-02T10:42:44.006711+00:00
[2023-04-02T10:42:44.072+0000] {processor.py:175} INFO - Processing /home/airflow/.local/lib/python3.7/site-packages/airflow/example_dags/example_latest_only_with_trigger.py took 0.283 seconds
[2023-04-02T10:43:14.254+0000] {processor.py:153} INFO - Started process (PID=4680) to work on /home/airflow/.local/lib/python3.7/site-packages/airflow/example_dags/example_latest_only_with_trigger.py
[2023-04-02T10:43:14.258+0000] {processor.py:743} INFO - Processing file /home/airflow/.local/lib/python3.7/site-packages/airflow/example_dags/example_latest_only_with_trigger.py for tasks to queue
[2023-04-02T10:43:14.260+0000] {logging_mixin.py:137} INFO - [2023-04-02T10:43:14.260+0000] {dagbag.py:532} INFO - Filling up the DagBag from /home/airflow/.local/lib/python3.7/site-packages/airflow/example_dags/example_latest_only_with_trigger.py
[2023-04-02T10:43:14.281+0000] {processor.py:753} INFO - DAG(s) dict_keys(['latest_only_with_trigger']) retrieved from /home/airflow/.local/lib/python3.7/site-packages/airflow/example_dags/example_latest_only_with_trigger.py
[2023-04-02T10:43:14.321+0000] {logging_mixin.py:137} INFO - [2023-04-02T10:43:14.321+0000] {dag.py:2705} INFO - Sync 1 DAGs
[2023-04-02T10:43:14.356+0000] {logging_mixin.py:137} INFO - [2023-04-02T10:43:14.355+0000] {dag.py:3456} INFO - Setting next_dagrun for latest_only_with_trigger to 2023-04-02T06:43:14.355609+00:00, run_after=2023-04-02T10:43:14.355609+00:00
[2023-04-02T10:43:14.385+0000] {processor.py:175} INFO - Processing /home/airflow/.local/lib/python3.7/site-packages/airflow/example_dags/example_latest_only_with_trigger.py took 0.139 seconds
[2023-04-02T10:43:44.536+0000] {processor.py:153} INFO - Started process (PID=4898) to work on /home/airflow/.local/lib/python3.7/site-packages/airflow/example_dags/example_latest_only_with_trigger.py
[2023-04-02T10:43:44.538+0000] {processor.py:743} INFO - Processing file /home/airflow/.local/lib/python3.7/site-packages/airflow/example_dags/example_latest_only_with_trigger.py for tasks to queue
[2023-04-02T10:43:44.540+0000] {logging_mixin.py:137} INFO - [2023-04-02T10:43:44.540+0000] {dagbag.py:532} INFO - Filling up the DagBag from /home/airflow/.local/lib/python3.7/site-packages/airflow/example_dags/example_latest_only_with_trigger.py
[2023-04-02T10:43:44.561+0000] {processor.py:753} INFO - DAG(s) dict_keys(['latest_only_with_trigger']) retrieved from /home/airflow/.local/lib/python3.7/site-packages/airflow/example_dags/example_latest_only_with_trigger.py
[2023-04-02T10:43:44.595+0000] {logging_mixin.py:137} INFO - [2023-04-02T10:43:44.595+0000] {dag.py:2705} INFO - Sync 1 DAGs
[2023-04-02T10:43:44.630+0000] {logging_mixin.py:137} INFO - [2023-04-02T10:43:44.629+0000] {dag.py:3456} INFO - Setting next_dagrun for latest_only_with_trigger to 2023-04-02T06:43:44.629637+00:00, run_after=2023-04-02T10:43:44.629637+00:00
[2023-04-02T10:43:44.677+0000] {processor.py:175} INFO - Processing /home/airflow/.local/lib/python3.7/site-packages/airflow/example_dags/example_latest_only_with_trigger.py took 0.145 seconds
[2023-04-02T10:44:14.958+0000] {processor.py:153} INFO - Started process (PID=5116) to work on /home/airflow/.local/lib/python3.7/site-packages/airflow/example_dags/example_latest_only_with_trigger.py
[2023-04-02T10:44:14.960+0000] {processor.py:743} INFO - Processing file /home/airflow/.local/lib/python3.7/site-packages/airflow/example_dags/example_latest_only_with_trigger.py for tasks to queue
[2023-04-02T10:44:14.964+0000] {logging_mixin.py:137} INFO - [2023-04-02T10:44:14.964+0000] {dagbag.py:532} INFO - Filling up the DagBag from /home/airflow/.local/lib/python3.7/site-packages/airflow/example_dags/example_latest_only_with_trigger.py
[2023-04-02T10:44:15.018+0000] {processor.py:753} INFO - DAG(s) dict_keys(['latest_only_with_trigger']) retrieved from /home/airflow/.local/lib/python3.7/site-packages/airflow/example_dags/example_latest_only_with_trigger.py
[2023-04-02T10:44:15.064+0000] {logging_mixin.py:137} INFO - [2023-04-02T10:44:15.064+0000] {dag.py:2705} INFO - Sync 1 DAGs
[2023-04-02T10:44:15.130+0000] {logging_mixin.py:137} INFO - [2023-04-02T10:44:15.130+0000] {dag.py:3456} INFO - Setting next_dagrun for latest_only_with_trigger to 2023-04-02T06:44:15.129836+00:00, run_after=2023-04-02T10:44:15.129836+00:00
[2023-04-02T10:44:15.163+0000] {processor.py:175} INFO - Processing /home/airflow/.local/lib/python3.7/site-packages/airflow/example_dags/example_latest_only_with_trigger.py took 0.212 seconds
[2023-04-02T10:44:45.617+0000] {processor.py:153} INFO - Started process (PID=5334) to work on /home/airflow/.local/lib/python3.7/site-packages/airflow/example_dags/example_latest_only_with_trigger.py
[2023-04-02T10:44:45.619+0000] {processor.py:743} INFO - Processing file /home/airflow/.local/lib/python3.7/site-packages/airflow/example_dags/example_latest_only_with_trigger.py for tasks to queue
[2023-04-02T10:44:45.623+0000] {logging_mixin.py:137} INFO - [2023-04-02T10:44:45.623+0000] {dagbag.py:532} INFO - Filling up the DagBag from /home/airflow/.local/lib/python3.7/site-packages/airflow/example_dags/example_latest_only_with_trigger.py
[2023-04-02T10:44:45.685+0000] {processor.py:753} INFO - DAG(s) dict_keys(['latest_only_with_trigger']) retrieved from /home/airflow/.local/lib/python3.7/site-packages/airflow/example_dags/example_latest_only_with_trigger.py
[2023-04-02T10:44:45.753+0000] {logging_mixin.py:137} INFO - [2023-04-02T10:44:45.752+0000] {dag.py:2705} INFO - Sync 1 DAGs
[2023-04-02T10:44:45.854+0000] {logging_mixin.py:137} INFO - [2023-04-02T10:44:45.852+0000] {dag.py:3456} INFO - Setting next_dagrun for latest_only_with_trigger to 2023-04-02T06:44:45.852346+00:00, run_after=2023-04-02T10:44:45.852346+00:00
[2023-04-02T10:44:45.949+0000] {processor.py:175} INFO - Processing /home/airflow/.local/lib/python3.7/site-packages/airflow/example_dags/example_latest_only_with_trigger.py took 0.339 seconds
[2023-04-02T10:45:16.204+0000] {processor.py:153} INFO - Started process (PID=5550) to work on /home/airflow/.local/lib/python3.7/site-packages/airflow/example_dags/example_latest_only_with_trigger.py
[2023-04-02T10:45:16.206+0000] {processor.py:743} INFO - Processing file /home/airflow/.local/lib/python3.7/site-packages/airflow/example_dags/example_latest_only_with_trigger.py for tasks to queue
[2023-04-02T10:45:16.210+0000] {logging_mixin.py:137} INFO - [2023-04-02T10:45:16.209+0000] {dagbag.py:532} INFO - Filling up the DagBag from /home/airflow/.local/lib/python3.7/site-packages/airflow/example_dags/example_latest_only_with_trigger.py
[2023-04-02T10:45:16.233+0000] {processor.py:753} INFO - DAG(s) dict_keys(['latest_only_with_trigger']) retrieved from /home/airflow/.local/lib/python3.7/site-packages/airflow/example_dags/example_latest_only_with_trigger.py
[2023-04-02T10:45:16.273+0000] {logging_mixin.py:137} INFO - [2023-04-02T10:45:16.272+0000] {dag.py:2705} INFO - Sync 1 DAGs
[2023-04-02T10:45:16.318+0000] {logging_mixin.py:137} INFO - [2023-04-02T10:45:16.318+0000] {dag.py:3456} INFO - Setting next_dagrun for latest_only_with_trigger to 2023-04-02T06:45:16.318015+00:00, run_after=2023-04-02T10:45:16.318015+00:00
[2023-04-02T10:45:16.356+0000] {processor.py:175} INFO - Processing /home/airflow/.local/lib/python3.7/site-packages/airflow/example_dags/example_latest_only_with_trigger.py took 0.159 seconds
[2023-04-02T10:45:46.988+0000] {processor.py:153} INFO - Started process (PID=5768) to work on /home/airflow/.local/lib/python3.7/site-packages/airflow/example_dags/example_latest_only_with_trigger.py
[2023-04-02T10:45:46.996+0000] {processor.py:743} INFO - Processing file /home/airflow/.local/lib/python3.7/site-packages/airflow/example_dags/example_latest_only_with_trigger.py for tasks to queue
[2023-04-02T10:45:46.998+0000] {logging_mixin.py:137} INFO - [2023-04-02T10:45:46.998+0000] {dagbag.py:532} INFO - Filling up the DagBag from /home/airflow/.local/lib/python3.7/site-packages/airflow/example_dags/example_latest_only_with_trigger.py
[2023-04-02T10:45:47.031+0000] {processor.py:753} INFO - DAG(s) dict_keys(['latest_only_with_trigger']) retrieved from /home/airflow/.local/lib/python3.7/site-packages/airflow/example_dags/example_latest_only_with_trigger.py
[2023-04-02T10:45:47.098+0000] {logging_mixin.py:137} INFO - [2023-04-02T10:45:47.094+0000] {dag.py:2705} INFO - Sync 1 DAGs
[2023-04-02T10:45:47.158+0000] {logging_mixin.py:137} INFO - [2023-04-02T10:45:47.158+0000] {dag.py:3456} INFO - Setting next_dagrun for latest_only_with_trigger to 2023-04-02T06:45:47.157958+00:00, run_after=2023-04-02T10:45:47.157958+00:00
[2023-04-02T10:45:47.205+0000] {processor.py:175} INFO - Processing /home/airflow/.local/lib/python3.7/site-packages/airflow/example_dags/example_latest_only_with_trigger.py took 0.224 seconds
[2023-04-02T10:46:18.063+0000] {processor.py:153} INFO - Started process (PID=5986) to work on /home/airflow/.local/lib/python3.7/site-packages/airflow/example_dags/example_latest_only_with_trigger.py
[2023-04-02T10:46:18.067+0000] {processor.py:743} INFO - Processing file /home/airflow/.local/lib/python3.7/site-packages/airflow/example_dags/example_latest_only_with_trigger.py for tasks to queue
[2023-04-02T10:46:18.076+0000] {logging_mixin.py:137} INFO - [2023-04-02T10:46:18.075+0000] {dagbag.py:532} INFO - Filling up the DagBag from /home/airflow/.local/lib/python3.7/site-packages/airflow/example_dags/example_latest_only_with_trigger.py
[2023-04-02T10:46:18.131+0000] {processor.py:753} INFO - DAG(s) dict_keys(['latest_only_with_trigger']) retrieved from /home/airflow/.local/lib/python3.7/site-packages/airflow/example_dags/example_latest_only_with_trigger.py
[2023-04-02T10:46:18.248+0000] {logging_mixin.py:137} INFO - [2023-04-02T10:46:18.248+0000] {dag.py:2705} INFO - Sync 1 DAGs
[2023-04-02T10:46:18.403+0000] {logging_mixin.py:137} INFO - [2023-04-02T10:46:18.402+0000] {dag.py:3456} INFO - Setting next_dagrun for latest_only_with_trigger to 2023-04-02T06:46:18.401338+00:00, run_after=2023-04-02T10:46:18.401338+00:00
[2023-04-02T10:46:18.481+0000] {processor.py:175} INFO - Processing /home/airflow/.local/lib/python3.7/site-packages/airflow/example_dags/example_latest_only_with_trigger.py took 0.433 seconds
[2023-04-02T10:46:48.971+0000] {processor.py:153} INFO - Started process (PID=6205) to work on /home/airflow/.local/lib/python3.7/site-packages/airflow/example_dags/example_latest_only_with_trigger.py
[2023-04-02T10:46:48.976+0000] {processor.py:743} INFO - Processing file /home/airflow/.local/lib/python3.7/site-packages/airflow/example_dags/example_latest_only_with_trigger.py for tasks to queue
[2023-04-02T10:46:48.980+0000] {logging_mixin.py:137} INFO - [2023-04-02T10:46:48.980+0000] {dagbag.py:532} INFO - Filling up the DagBag from /home/airflow/.local/lib/python3.7/site-packages/airflow/example_dags/example_latest_only_with_trigger.py
[2023-04-02T10:46:49.028+0000] {processor.py:753} INFO - DAG(s) dict_keys(['latest_only_with_trigger']) retrieved from /home/airflow/.local/lib/python3.7/site-packages/airflow/example_dags/example_latest_only_with_trigger.py
[2023-04-02T10:46:49.131+0000] {logging_mixin.py:137} INFO - [2023-04-02T10:46:49.131+0000] {dag.py:2705} INFO - Sync 1 DAGs
[2023-04-02T10:46:49.232+0000] {logging_mixin.py:137} INFO - [2023-04-02T10:46:49.231+0000] {dag.py:3456} INFO - Setting next_dagrun for latest_only_with_trigger to 2023-04-02T06:46:49.230701+00:00, run_after=2023-04-02T10:46:49.230701+00:00
[2023-04-02T10:46:49.348+0000] {processor.py:175} INFO - Processing /home/airflow/.local/lib/python3.7/site-packages/airflow/example_dags/example_latest_only_with_trigger.py took 0.389 seconds
[2023-04-02T10:47:19.414+0000] {processor.py:153} INFO - Started process (PID=6420) to work on /home/airflow/.local/lib/python3.7/site-packages/airflow/example_dags/example_latest_only_with_trigger.py
[2023-04-02T10:47:19.418+0000] {processor.py:743} INFO - Processing file /home/airflow/.local/lib/python3.7/site-packages/airflow/example_dags/example_latest_only_with_trigger.py for tasks to queue
[2023-04-02T10:47:19.421+0000] {logging_mixin.py:137} INFO - [2023-04-02T10:47:19.420+0000] {dagbag.py:532} INFO - Filling up the DagBag from /home/airflow/.local/lib/python3.7/site-packages/airflow/example_dags/example_latest_only_with_trigger.py
[2023-04-02T10:47:19.456+0000] {processor.py:753} INFO - DAG(s) dict_keys(['latest_only_with_trigger']) retrieved from /home/airflow/.local/lib/python3.7/site-packages/airflow/example_dags/example_latest_only_with_trigger.py
[2023-04-02T10:47:19.551+0000] {logging_mixin.py:137} INFO - [2023-04-02T10:47:19.551+0000] {dag.py:2705} INFO - Sync 1 DAGs
[2023-04-02T10:47:19.610+0000] {logging_mixin.py:137} INFO - [2023-04-02T10:47:19.610+0000] {dag.py:3456} INFO - Setting next_dagrun for latest_only_with_trigger to 2023-04-02T06:47:19.609883+00:00, run_after=2023-04-02T10:47:19.609883+00:00
[2023-04-02T10:47:19.648+0000] {processor.py:175} INFO - Processing /home/airflow/.local/lib/python3.7/site-packages/airflow/example_dags/example_latest_only_with_trigger.py took 0.242 seconds
[2023-04-02T10:47:50.099+0000] {processor.py:153} INFO - Started process (PID=6641) to work on /home/airflow/.local/lib/python3.7/site-packages/airflow/example_dags/example_latest_only_with_trigger.py
[2023-04-02T10:47:50.103+0000] {processor.py:743} INFO - Processing file /home/airflow/.local/lib/python3.7/site-packages/airflow/example_dags/example_latest_only_with_trigger.py for tasks to queue
[2023-04-02T10:47:50.107+0000] {logging_mixin.py:137} INFO - [2023-04-02T10:47:50.107+0000] {dagbag.py:532} INFO - Filling up the DagBag from /home/airflow/.local/lib/python3.7/site-packages/airflow/example_dags/example_latest_only_with_trigger.py
[2023-04-02T10:47:50.132+0000] {processor.py:753} INFO - DAG(s) dict_keys(['latest_only_with_trigger']) retrieved from /home/airflow/.local/lib/python3.7/site-packages/airflow/example_dags/example_latest_only_with_trigger.py
[2023-04-02T10:47:50.174+0000] {logging_mixin.py:137} INFO - [2023-04-02T10:47:50.174+0000] {dag.py:2705} INFO - Sync 1 DAGs
[2023-04-02T10:47:50.241+0000] {logging_mixin.py:137} INFO - [2023-04-02T10:47:50.240+0000] {dag.py:3456} INFO - Setting next_dagrun for latest_only_with_trigger to 2023-04-02T06:47:50.240262+00:00, run_after=2023-04-02T10:47:50.240262+00:00
[2023-04-02T10:47:50.275+0000] {processor.py:175} INFO - Processing /home/airflow/.local/lib/python3.7/site-packages/airflow/example_dags/example_latest_only_with_trigger.py took 0.182 seconds
[2023-04-02T10:48:20.773+0000] {processor.py:153} INFO - Started process (PID=6859) to work on /home/airflow/.local/lib/python3.7/site-packages/airflow/example_dags/example_latest_only_with_trigger.py
[2023-04-02T10:48:20.775+0000] {processor.py:743} INFO - Processing file /home/airflow/.local/lib/python3.7/site-packages/airflow/example_dags/example_latest_only_with_trigger.py for tasks to queue
[2023-04-02T10:48:20.779+0000] {logging_mixin.py:137} INFO - [2023-04-02T10:48:20.778+0000] {dagbag.py:532} INFO - Filling up the DagBag from /home/airflow/.local/lib/python3.7/site-packages/airflow/example_dags/example_latest_only_with_trigger.py
[2023-04-02T10:48:20.798+0000] {processor.py:753} INFO - DAG(s) dict_keys(['latest_only_with_trigger']) retrieved from /home/airflow/.local/lib/python3.7/site-packages/airflow/example_dags/example_latest_only_with_trigger.py
[2023-04-02T10:48:20.839+0000] {logging_mixin.py:137} INFO - [2023-04-02T10:48:20.839+0000] {dag.py:2705} INFO - Sync 1 DAGs
[2023-04-02T10:48:20.885+0000] {logging_mixin.py:137} INFO - [2023-04-02T10:48:20.885+0000] {dag.py:3456} INFO - Setting next_dagrun for latest_only_with_trigger to 2023-04-02T06:48:20.885023+00:00, run_after=2023-04-02T10:48:20.885023+00:00
[2023-04-02T10:48:20.911+0000] {processor.py:175} INFO - Processing /home/airflow/.local/lib/python3.7/site-packages/airflow/example_dags/example_latest_only_with_trigger.py took 0.145 seconds
[2023-04-02T10:48:51.464+0000] {processor.py:153} INFO - Started process (PID=7077) to work on /home/airflow/.local/lib/python3.7/site-packages/airflow/example_dags/example_latest_only_with_trigger.py
[2023-04-02T10:48:51.468+0000] {processor.py:743} INFO - Processing file /home/airflow/.local/lib/python3.7/site-packages/airflow/example_dags/example_latest_only_with_trigger.py for tasks to queue
[2023-04-02T10:48:51.471+0000] {logging_mixin.py:137} INFO - [2023-04-02T10:48:51.470+0000] {dagbag.py:532} INFO - Filling up the DagBag from /home/airflow/.local/lib/python3.7/site-packages/airflow/example_dags/example_latest_only_with_trigger.py
[2023-04-02T10:48:51.494+0000] {processor.py:753} INFO - DAG(s) dict_keys(['latest_only_with_trigger']) retrieved from /home/airflow/.local/lib/python3.7/site-packages/airflow/example_dags/example_latest_only_with_trigger.py
[2023-04-02T10:48:51.533+0000] {logging_mixin.py:137} INFO - [2023-04-02T10:48:51.533+0000] {dag.py:2705} INFO - Sync 1 DAGs
[2023-04-02T10:48:51.575+0000] {logging_mixin.py:137} INFO - [2023-04-02T10:48:51.574+0000] {dag.py:3456} INFO - Setting next_dagrun for latest_only_with_trigger to 2023-04-02T06:48:51.574623+00:00, run_after=2023-04-02T10:48:51.574623+00:00
[2023-04-02T10:48:51.603+0000] {processor.py:175} INFO - Processing /home/airflow/.local/lib/python3.7/site-packages/airflow/example_dags/example_latest_only_with_trigger.py took 0.145 seconds
[2023-04-02T10:49:22.040+0000] {processor.py:153} INFO - Started process (PID=7295) to work on /home/airflow/.local/lib/python3.7/site-packages/airflow/example_dags/example_latest_only_with_trigger.py
[2023-04-02T10:49:22.042+0000] {processor.py:743} INFO - Processing file /home/airflow/.local/lib/python3.7/site-packages/airflow/example_dags/example_latest_only_with_trigger.py for tasks to queue
[2023-04-02T10:49:22.046+0000] {logging_mixin.py:137} INFO - [2023-04-02T10:49:22.045+0000] {dagbag.py:532} INFO - Filling up the DagBag from /home/airflow/.local/lib/python3.7/site-packages/airflow/example_dags/example_latest_only_with_trigger.py
[2023-04-02T10:49:22.075+0000] {processor.py:753} INFO - DAG(s) dict_keys(['latest_only_with_trigger']) retrieved from /home/airflow/.local/lib/python3.7/site-packages/airflow/example_dags/example_latest_only_with_trigger.py
[2023-04-02T10:49:22.125+0000] {logging_mixin.py:137} INFO - [2023-04-02T10:49:22.124+0000] {dag.py:2705} INFO - Sync 1 DAGs
[2023-04-02T10:49:22.169+0000] {logging_mixin.py:137} INFO - [2023-04-02T10:49:22.168+0000] {dag.py:3456} INFO - Setting next_dagrun for latest_only_with_trigger to 2023-04-02T06:49:22.168615+00:00, run_after=2023-04-02T10:49:22.168615+00:00
[2023-04-02T10:49:22.205+0000] {processor.py:175} INFO - Processing /home/airflow/.local/lib/python3.7/site-packages/airflow/example_dags/example_latest_only_with_trigger.py took 0.172 seconds
[2023-04-02T10:49:52.741+0000] {processor.py:153} INFO - Started process (PID=7513) to work on /home/airflow/.local/lib/python3.7/site-packages/airflow/example_dags/example_latest_only_with_trigger.py
[2023-04-02T10:49:52.743+0000] {processor.py:743} INFO - Processing file /home/airflow/.local/lib/python3.7/site-packages/airflow/example_dags/example_latest_only_with_trigger.py for tasks to queue
[2023-04-02T10:49:52.747+0000] {logging_mixin.py:137} INFO - [2023-04-02T10:49:52.747+0000] {dagbag.py:532} INFO - Filling up the DagBag from /home/airflow/.local/lib/python3.7/site-packages/airflow/example_dags/example_latest_only_with_trigger.py
[2023-04-02T10:49:52.785+0000] {processor.py:753} INFO - DAG(s) dict_keys(['latest_only_with_trigger']) retrieved from /home/airflow/.local/lib/python3.7/site-packages/airflow/example_dags/example_latest_only_with_trigger.py
[2023-04-02T10:49:52.817+0000] {logging_mixin.py:137} INFO - [2023-04-02T10:49:52.817+0000] {dag.py:2705} INFO - Sync 1 DAGs
[2023-04-02T10:49:52.850+0000] {logging_mixin.py:137} INFO - [2023-04-02T10:49:52.850+0000] {dag.py:3456} INFO - Setting next_dagrun for latest_only_with_trigger to 2023-04-02T06:49:52.850471+00:00, run_after=2023-04-02T10:49:52.850471+00:00
[2023-04-02T10:49:52.882+0000] {processor.py:175} INFO - Processing /home/airflow/.local/lib/python3.7/site-packages/airflow/example_dags/example_latest_only_with_trigger.py took 0.147 seconds
[2023-04-02T10:50:23.278+0000] {processor.py:153} INFO - Started process (PID=7731) to work on /home/airflow/.local/lib/python3.7/site-packages/airflow/example_dags/example_latest_only_with_trigger.py
[2023-04-02T10:50:23.282+0000] {processor.py:743} INFO - Processing file /home/airflow/.local/lib/python3.7/site-packages/airflow/example_dags/example_latest_only_with_trigger.py for tasks to queue
[2023-04-02T10:50:23.288+0000] {logging_mixin.py:137} INFO - [2023-04-02T10:50:23.288+0000] {dagbag.py:532} INFO - Filling up the DagBag from /home/airflow/.local/lib/python3.7/site-packages/airflow/example_dags/example_latest_only_with_trigger.py
[2023-04-02T10:50:23.323+0000] {processor.py:753} INFO - DAG(s) dict_keys(['latest_only_with_trigger']) retrieved from /home/airflow/.local/lib/python3.7/site-packages/airflow/example_dags/example_latest_only_with_trigger.py
[2023-04-02T10:50:23.360+0000] {logging_mixin.py:137} INFO - [2023-04-02T10:50:23.360+0000] {dag.py:2705} INFO - Sync 1 DAGs
[2023-04-02T10:50:23.412+0000] {logging_mixin.py:137} INFO - [2023-04-02T10:50:23.411+0000] {dag.py:3456} INFO - Setting next_dagrun for latest_only_with_trigger to 2023-04-02T06:50:23.411676+00:00, run_after=2023-04-02T10:50:23.411676+00:00
[2023-04-02T10:50:23.440+0000] {processor.py:175} INFO - Processing /home/airflow/.local/lib/python3.7/site-packages/airflow/example_dags/example_latest_only_with_trigger.py took 0.186 seconds
[2023-04-02T10:50:53.671+0000] {processor.py:153} INFO - Started process (PID=7950) to work on /home/airflow/.local/lib/python3.7/site-packages/airflow/example_dags/example_latest_only_with_trigger.py
[2023-04-02T10:50:53.674+0000] {processor.py:743} INFO - Processing file /home/airflow/.local/lib/python3.7/site-packages/airflow/example_dags/example_latest_only_with_trigger.py for tasks to queue
[2023-04-02T10:50:53.677+0000] {logging_mixin.py:137} INFO - [2023-04-02T10:50:53.676+0000] {dagbag.py:532} INFO - Filling up the DagBag from /home/airflow/.local/lib/python3.7/site-packages/airflow/example_dags/example_latest_only_with_trigger.py
[2023-04-02T10:50:53.705+0000] {processor.py:753} INFO - DAG(s) dict_keys(['latest_only_with_trigger']) retrieved from /home/airflow/.local/lib/python3.7/site-packages/airflow/example_dags/example_latest_only_with_trigger.py
[2023-04-02T10:50:53.749+0000] {logging_mixin.py:137} INFO - [2023-04-02T10:50:53.749+0000] {dag.py:2705} INFO - Sync 1 DAGs
[2023-04-02T10:50:53.786+0000] {logging_mixin.py:137} INFO - [2023-04-02T10:50:53.785+0000] {dag.py:3456} INFO - Setting next_dagrun for latest_only_with_trigger to 2023-04-02T06:50:53.785566+00:00, run_after=2023-04-02T10:50:53.785566+00:00
[2023-04-02T10:50:53.816+0000] {processor.py:175} INFO - Processing /home/airflow/.local/lib/python3.7/site-packages/airflow/example_dags/example_latest_only_with_trigger.py took 0.151 seconds
[2023-04-02T10:51:24.419+0000] {processor.py:153} INFO - Started process (PID=8166) to work on /home/airflow/.local/lib/python3.7/site-packages/airflow/example_dags/example_latest_only_with_trigger.py
[2023-04-02T10:51:24.421+0000] {processor.py:743} INFO - Processing file /home/airflow/.local/lib/python3.7/site-packages/airflow/example_dags/example_latest_only_with_trigger.py for tasks to queue
[2023-04-02T10:51:24.424+0000] {logging_mixin.py:137} INFO - [2023-04-02T10:51:24.424+0000] {dagbag.py:532} INFO - Filling up the DagBag from /home/airflow/.local/lib/python3.7/site-packages/airflow/example_dags/example_latest_only_with_trigger.py
[2023-04-02T10:51:24.452+0000] {processor.py:753} INFO - DAG(s) dict_keys(['latest_only_with_trigger']) retrieved from /home/airflow/.local/lib/python3.7/site-packages/airflow/example_dags/example_latest_only_with_trigger.py
[2023-04-02T10:51:24.491+0000] {logging_mixin.py:137} INFO - [2023-04-02T10:51:24.491+0000] {dag.py:2705} INFO - Sync 1 DAGs
[2023-04-02T10:51:24.526+0000] {logging_mixin.py:137} INFO - [2023-04-02T10:51:24.526+0000] {dag.py:3456} INFO - Setting next_dagrun for latest_only_with_trigger to 2023-04-02T06:51:24.526356+00:00, run_after=2023-04-02T10:51:24.526356+00:00
[2023-04-02T10:51:24.565+0000] {processor.py:175} INFO - Processing /home/airflow/.local/lib/python3.7/site-packages/airflow/example_dags/example_latest_only_with_trigger.py took 0.154 seconds
[2023-04-02T10:51:54.869+0000] {processor.py:153} INFO - Started process (PID=8384) to work on /home/airflow/.local/lib/python3.7/site-packages/airflow/example_dags/example_latest_only_with_trigger.py
[2023-04-02T10:51:54.872+0000] {processor.py:743} INFO - Processing file /home/airflow/.local/lib/python3.7/site-packages/airflow/example_dags/example_latest_only_with_trigger.py for tasks to queue
[2023-04-02T10:51:54.873+0000] {logging_mixin.py:137} INFO - [2023-04-02T10:51:54.873+0000] {dagbag.py:532} INFO - Filling up the DagBag from /home/airflow/.local/lib/python3.7/site-packages/airflow/example_dags/example_latest_only_with_trigger.py
[2023-04-02T10:51:54.904+0000] {processor.py:753} INFO - DAG(s) dict_keys(['latest_only_with_trigger']) retrieved from /home/airflow/.local/lib/python3.7/site-packages/airflow/example_dags/example_latest_only_with_trigger.py
[2023-04-02T10:51:54.959+0000] {logging_mixin.py:137} INFO - [2023-04-02T10:51:54.959+0000] {dag.py:2705} INFO - Sync 1 DAGs
[2023-04-02T10:51:55.016+0000] {logging_mixin.py:137} INFO - [2023-04-02T10:51:55.016+0000] {dag.py:3456} INFO - Setting next_dagrun for latest_only_with_trigger to 2023-04-02T06:51:55.015251+00:00, run_after=2023-04-02T10:51:55.015251+00:00
[2023-04-02T10:51:55.058+0000] {processor.py:175} INFO - Processing /home/airflow/.local/lib/python3.7/site-packages/airflow/example_dags/example_latest_only_with_trigger.py took 0.196 seconds
[2023-04-02T10:52:25.557+0000] {processor.py:153} INFO - Started process (PID=8602) to work on /home/airflow/.local/lib/python3.7/site-packages/airflow/example_dags/example_latest_only_with_trigger.py
[2023-04-02T10:52:25.563+0000] {processor.py:743} INFO - Processing file /home/airflow/.local/lib/python3.7/site-packages/airflow/example_dags/example_latest_only_with_trigger.py for tasks to queue
[2023-04-02T10:52:25.569+0000] {logging_mixin.py:137} INFO - [2023-04-02T10:52:25.569+0000] {dagbag.py:532} INFO - Filling up the DagBag from /home/airflow/.local/lib/python3.7/site-packages/airflow/example_dags/example_latest_only_with_trigger.py
[2023-04-02T10:52:25.605+0000] {processor.py:753} INFO - DAG(s) dict_keys(['latest_only_with_trigger']) retrieved from /home/airflow/.local/lib/python3.7/site-packages/airflow/example_dags/example_latest_only_with_trigger.py
[2023-04-02T10:52:25.658+0000] {logging_mixin.py:137} INFO - [2023-04-02T10:52:25.658+0000] {dag.py:2705} INFO - Sync 1 DAGs
[2023-04-02T10:52:25.708+0000] {logging_mixin.py:137} INFO - [2023-04-02T10:52:25.708+0000] {dag.py:3456} INFO - Setting next_dagrun for latest_only_with_trigger to 2023-04-02T06:52:25.708161+00:00, run_after=2023-04-02T10:52:25.708161+00:00
[2023-04-02T10:52:25.734+0000] {processor.py:175} INFO - Processing /home/airflow/.local/lib/python3.7/site-packages/airflow/example_dags/example_latest_only_with_trigger.py took 0.191 seconds
[2023-04-02T10:52:56.453+0000] {processor.py:153} INFO - Started process (PID=8821) to work on /home/airflow/.local/lib/python3.7/site-packages/airflow/example_dags/example_latest_only_with_trigger.py
[2023-04-02T10:52:56.455+0000] {processor.py:743} INFO - Processing file /home/airflow/.local/lib/python3.7/site-packages/airflow/example_dags/example_latest_only_with_trigger.py for tasks to queue
[2023-04-02T10:52:56.457+0000] {logging_mixin.py:137} INFO - [2023-04-02T10:52:56.457+0000] {dagbag.py:532} INFO - Filling up the DagBag from /home/airflow/.local/lib/python3.7/site-packages/airflow/example_dags/example_latest_only_with_trigger.py
[2023-04-02T10:52:56.480+0000] {processor.py:753} INFO - DAG(s) dict_keys(['latest_only_with_trigger']) retrieved from /home/airflow/.local/lib/python3.7/site-packages/airflow/example_dags/example_latest_only_with_trigger.py
[2023-04-02T10:52:56.533+0000] {logging_mixin.py:137} INFO - [2023-04-02T10:52:56.533+0000] {dag.py:2705} INFO - Sync 1 DAGs
[2023-04-02T10:52:56.591+0000] {logging_mixin.py:137} INFO - [2023-04-02T10:52:56.590+0000] {dag.py:3456} INFO - Setting next_dagrun for latest_only_with_trigger to 2023-04-02T06:52:56.590601+00:00, run_after=2023-04-02T10:52:56.590601+00:00
[2023-04-02T10:52:56.633+0000] {processor.py:175} INFO - Processing /home/airflow/.local/lib/python3.7/site-packages/airflow/example_dags/example_latest_only_with_trigger.py took 0.187 seconds
[2023-04-02T10:53:26.952+0000] {processor.py:153} INFO - Started process (PID=9039) to work on /home/airflow/.local/lib/python3.7/site-packages/airflow/example_dags/example_latest_only_with_trigger.py
[2023-04-02T10:53:26.957+0000] {processor.py:743} INFO - Processing file /home/airflow/.local/lib/python3.7/site-packages/airflow/example_dags/example_latest_only_with_trigger.py for tasks to queue
[2023-04-02T10:53:26.960+0000] {logging_mixin.py:137} INFO - [2023-04-02T10:53:26.960+0000] {dagbag.py:532} INFO - Filling up the DagBag from /home/airflow/.local/lib/python3.7/site-packages/airflow/example_dags/example_latest_only_with_trigger.py
[2023-04-02T10:53:26.993+0000] {processor.py:753} INFO - DAG(s) dict_keys(['latest_only_with_trigger']) retrieved from /home/airflow/.local/lib/python3.7/site-packages/airflow/example_dags/example_latest_only_with_trigger.py
[2023-04-02T10:53:27.040+0000] {logging_mixin.py:137} INFO - [2023-04-02T10:53:27.039+0000] {dag.py:2705} INFO - Sync 1 DAGs
[2023-04-02T10:53:27.076+0000] {logging_mixin.py:137} INFO - [2023-04-02T10:53:27.076+0000] {dag.py:3456} INFO - Setting next_dagrun for latest_only_with_trigger to 2023-04-02T06:53:27.076338+00:00, run_after=2023-04-02T10:53:27.076338+00:00
[2023-04-02T10:53:27.106+0000] {processor.py:175} INFO - Processing /home/airflow/.local/lib/python3.7/site-packages/airflow/example_dags/example_latest_only_with_trigger.py took 0.159 seconds
[2023-04-02T10:53:57.307+0000] {processor.py:153} INFO - Started process (PID=9257) to work on /home/airflow/.local/lib/python3.7/site-packages/airflow/example_dags/example_latest_only_with_trigger.py
[2023-04-02T10:53:57.309+0000] {processor.py:743} INFO - Processing file /home/airflow/.local/lib/python3.7/site-packages/airflow/example_dags/example_latest_only_with_trigger.py for tasks to queue
[2023-04-02T10:53:57.312+0000] {logging_mixin.py:137} INFO - [2023-04-02T10:53:57.312+0000] {dagbag.py:532} INFO - Filling up the DagBag from /home/airflow/.local/lib/python3.7/site-packages/airflow/example_dags/example_latest_only_with_trigger.py
[2023-04-02T10:53:57.331+0000] {processor.py:753} INFO - DAG(s) dict_keys(['latest_only_with_trigger']) retrieved from /home/airflow/.local/lib/python3.7/site-packages/airflow/example_dags/example_latest_only_with_trigger.py
[2023-04-02T10:53:57.376+0000] {logging_mixin.py:137} INFO - [2023-04-02T10:53:57.376+0000] {dag.py:2705} INFO - Sync 1 DAGs
[2023-04-02T10:53:57.421+0000] {logging_mixin.py:137} INFO - [2023-04-02T10:53:57.420+0000] {dag.py:3456} INFO - Setting next_dagrun for latest_only_with_trigger to 2023-04-02T06:53:57.415051+00:00, run_after=2023-04-02T10:53:57.415051+00:00
[2023-04-02T10:53:57.454+0000] {processor.py:175} INFO - Processing /home/airflow/.local/lib/python3.7/site-packages/airflow/example_dags/example_latest_only_with_trigger.py took 0.152 seconds
[2023-04-02T10:54:28.912+0000] {processor.py:153} INFO - Started process (PID=9475) to work on /home/airflow/.local/lib/python3.7/site-packages/airflow/example_dags/example_latest_only_with_trigger.py
[2023-04-02T10:54:28.915+0000] {processor.py:743} INFO - Processing file /home/airflow/.local/lib/python3.7/site-packages/airflow/example_dags/example_latest_only_with_trigger.py for tasks to queue
[2023-04-02T10:54:28.920+0000] {logging_mixin.py:137} INFO - [2023-04-02T10:54:28.920+0000] {dagbag.py:532} INFO - Filling up the DagBag from /home/airflow/.local/lib/python3.7/site-packages/airflow/example_dags/example_latest_only_with_trigger.py
[2023-04-02T10:54:28.958+0000] {processor.py:753} INFO - DAG(s) dict_keys(['latest_only_with_trigger']) retrieved from /home/airflow/.local/lib/python3.7/site-packages/airflow/example_dags/example_latest_only_with_trigger.py
[2023-04-02T10:54:29.012+0000] {logging_mixin.py:137} INFO - [2023-04-02T10:54:29.012+0000] {dag.py:2705} INFO - Sync 1 DAGs
[2023-04-02T10:54:29.070+0000] {logging_mixin.py:137} INFO - [2023-04-02T10:54:29.069+0000] {dag.py:3456} INFO - Setting next_dagrun for latest_only_with_trigger to 2023-04-02T06:54:29.069402+00:00, run_after=2023-04-02T10:54:29.069402+00:00
[2023-04-02T10:54:29.106+0000] {processor.py:175} INFO - Processing /home/airflow/.local/lib/python3.7/site-packages/airflow/example_dags/example_latest_only_with_trigger.py took 0.201 seconds
[2023-04-02T10:54:59.271+0000] {processor.py:153} INFO - Started process (PID=9693) to work on /home/airflow/.local/lib/python3.7/site-packages/airflow/example_dags/example_latest_only_with_trigger.py
[2023-04-02T10:54:59.275+0000] {processor.py:743} INFO - Processing file /home/airflow/.local/lib/python3.7/site-packages/airflow/example_dags/example_latest_only_with_trigger.py for tasks to queue
[2023-04-02T10:54:59.277+0000] {logging_mixin.py:137} INFO - [2023-04-02T10:54:59.277+0000] {dagbag.py:532} INFO - Filling up the DagBag from /home/airflow/.local/lib/python3.7/site-packages/airflow/example_dags/example_latest_only_with_trigger.py
[2023-04-02T10:54:59.303+0000] {processor.py:753} INFO - DAG(s) dict_keys(['latest_only_with_trigger']) retrieved from /home/airflow/.local/lib/python3.7/site-packages/airflow/example_dags/example_latest_only_with_trigger.py
[2023-04-02T10:54:59.346+0000] {logging_mixin.py:137} INFO - [2023-04-02T10:54:59.345+0000] {dag.py:2705} INFO - Sync 1 DAGs
[2023-04-02T10:54:59.387+0000] {logging_mixin.py:137} INFO - [2023-04-02T10:54:59.386+0000] {dag.py:3456} INFO - Setting next_dagrun for latest_only_with_trigger to 2023-04-02T06:54:59.386607+00:00, run_after=2023-04-02T10:54:59.386607+00:00
[2023-04-02T10:54:59.427+0000] {processor.py:175} INFO - Processing /home/airflow/.local/lib/python3.7/site-packages/airflow/example_dags/example_latest_only_with_trigger.py took 0.162 seconds
[2023-04-02T10:55:29.799+0000] {processor.py:153} INFO - Started process (PID=9911) to work on /home/airflow/.local/lib/python3.7/site-packages/airflow/example_dags/example_latest_only_with_trigger.py
[2023-04-02T10:55:29.801+0000] {processor.py:743} INFO - Processing file /home/airflow/.local/lib/python3.7/site-packages/airflow/example_dags/example_latest_only_with_trigger.py for tasks to queue
[2023-04-02T10:55:29.803+0000] {logging_mixin.py:137} INFO - [2023-04-02T10:55:29.802+0000] {dagbag.py:532} INFO - Filling up the DagBag from /home/airflow/.local/lib/python3.7/site-packages/airflow/example_dags/example_latest_only_with_trigger.py
[2023-04-02T10:55:29.837+0000] {processor.py:753} INFO - DAG(s) dict_keys(['latest_only_with_trigger']) retrieved from /home/airflow/.local/lib/python3.7/site-packages/airflow/example_dags/example_latest_only_with_trigger.py
[2023-04-02T10:55:29.885+0000] {logging_mixin.py:137} INFO - [2023-04-02T10:55:29.885+0000] {dag.py:2705} INFO - Sync 1 DAGs
[2023-04-02T10:55:29.965+0000] {logging_mixin.py:137} INFO - [2023-04-02T10:55:29.964+0000] {dag.py:3456} INFO - Setting next_dagrun for latest_only_with_trigger to 2023-04-02T06:55:29.964026+00:00, run_after=2023-04-02T10:55:29.964026+00:00
[2023-04-02T10:55:30.016+0000] {processor.py:175} INFO - Processing /home/airflow/.local/lib/python3.7/site-packages/airflow/example_dags/example_latest_only_with_trigger.py took 0.221 seconds
[2023-04-02T10:56:01.265+0000] {processor.py:153} INFO - Started process (PID=10129) to work on /home/airflow/.local/lib/python3.7/site-packages/airflow/example_dags/example_latest_only_with_trigger.py
[2023-04-02T10:56:01.267+0000] {processor.py:743} INFO - Processing file /home/airflow/.local/lib/python3.7/site-packages/airflow/example_dags/example_latest_only_with_trigger.py for tasks to queue
[2023-04-02T10:56:01.271+0000] {logging_mixin.py:137} INFO - [2023-04-02T10:56:01.270+0000] {dagbag.py:532} INFO - Filling up the DagBag from /home/airflow/.local/lib/python3.7/site-packages/airflow/example_dags/example_latest_only_with_trigger.py
[2023-04-02T10:56:01.298+0000] {processor.py:753} INFO - DAG(s) dict_keys(['latest_only_with_trigger']) retrieved from /home/airflow/.local/lib/python3.7/site-packages/airflow/example_dags/example_latest_only_with_trigger.py
[2023-04-02T10:56:01.364+0000] {logging_mixin.py:137} INFO - [2023-04-02T10:56:01.363+0000] {dag.py:2705} INFO - Sync 1 DAGs
[2023-04-02T10:56:01.437+0000] {logging_mixin.py:137} INFO - [2023-04-02T10:56:01.436+0000] {dag.py:3456} INFO - Setting next_dagrun for latest_only_with_trigger to 2023-04-02T06:56:01.436067+00:00, run_after=2023-04-02T10:56:01.436067+00:00
[2023-04-02T10:56:01.504+0000] {processor.py:175} INFO - Processing /home/airflow/.local/lib/python3.7/site-packages/airflow/example_dags/example_latest_only_with_trigger.py took 0.246 seconds
[2023-04-02T10:56:31.729+0000] {processor.py:153} INFO - Started process (PID=10347) to work on /home/airflow/.local/lib/python3.7/site-packages/airflow/example_dags/example_latest_only_with_trigger.py
[2023-04-02T10:56:31.732+0000] {processor.py:743} INFO - Processing file /home/airflow/.local/lib/python3.7/site-packages/airflow/example_dags/example_latest_only_with_trigger.py for tasks to queue
[2023-04-02T10:56:31.739+0000] {logging_mixin.py:137} INFO - [2023-04-02T10:56:31.739+0000] {dagbag.py:532} INFO - Filling up the DagBag from /home/airflow/.local/lib/python3.7/site-packages/airflow/example_dags/example_latest_only_with_trigger.py
[2023-04-02T10:56:31.775+0000] {processor.py:753} INFO - DAG(s) dict_keys(['latest_only_with_trigger']) retrieved from /home/airflow/.local/lib/python3.7/site-packages/airflow/example_dags/example_latest_only_with_trigger.py
[2023-04-02T10:56:31.840+0000] {logging_mixin.py:137} INFO - [2023-04-02T10:56:31.840+0000] {dag.py:2705} INFO - Sync 1 DAGs
[2023-04-02T10:56:31.904+0000] {logging_mixin.py:137} INFO - [2023-04-02T10:56:31.904+0000] {dag.py:3456} INFO - Setting next_dagrun for latest_only_with_trigger to 2023-04-02T06:56:31.903089+00:00, run_after=2023-04-02T10:56:31.903089+00:00
[2023-04-02T10:56:31.962+0000] {processor.py:175} INFO - Processing /home/airflow/.local/lib/python3.7/site-packages/airflow/example_dags/example_latest_only_with_trigger.py took 0.237 seconds
[2023-04-02T10:57:02.614+0000] {processor.py:153} INFO - Started process (PID=10565) to work on /home/airflow/.local/lib/python3.7/site-packages/airflow/example_dags/example_latest_only_with_trigger.py
[2023-04-02T10:57:02.615+0000] {processor.py:743} INFO - Processing file /home/airflow/.local/lib/python3.7/site-packages/airflow/example_dags/example_latest_only_with_trigger.py for tasks to queue
[2023-04-02T10:57:02.618+0000] {logging_mixin.py:137} INFO - [2023-04-02T10:57:02.618+0000] {dagbag.py:532} INFO - Filling up the DagBag from /home/airflow/.local/lib/python3.7/site-packages/airflow/example_dags/example_latest_only_with_trigger.py
[2023-04-02T10:57:02.648+0000] {processor.py:753} INFO - DAG(s) dict_keys(['latest_only_with_trigger']) retrieved from /home/airflow/.local/lib/python3.7/site-packages/airflow/example_dags/example_latest_only_with_trigger.py
[2023-04-02T10:57:02.702+0000] {logging_mixin.py:137} INFO - [2023-04-02T10:57:02.702+0000] {dag.py:2705} INFO - Sync 1 DAGs
[2023-04-02T10:57:02.768+0000] {logging_mixin.py:137} INFO - [2023-04-02T10:57:02.768+0000] {dag.py:3456} INFO - Setting next_dagrun for latest_only_with_trigger to 2023-04-02T06:57:02.758973+00:00, run_after=2023-04-02T10:57:02.758973+00:00
[2023-04-02T10:57:02.823+0000] {processor.py:175} INFO - Processing /home/airflow/.local/lib/python3.7/site-packages/airflow/example_dags/example_latest_only_with_trigger.py took 0.216 seconds
[2023-04-02T10:57:33.677+0000] {processor.py:153} INFO - Started process (PID=10783) to work on /home/airflow/.local/lib/python3.7/site-packages/airflow/example_dags/example_latest_only_with_trigger.py
[2023-04-02T10:57:33.684+0000] {processor.py:743} INFO - Processing file /home/airflow/.local/lib/python3.7/site-packages/airflow/example_dags/example_latest_only_with_trigger.py for tasks to queue
[2023-04-02T10:57:33.687+0000] {logging_mixin.py:137} INFO - [2023-04-02T10:57:33.687+0000] {dagbag.py:532} INFO - Filling up the DagBag from /home/airflow/.local/lib/python3.7/site-packages/airflow/example_dags/example_latest_only_with_trigger.py
[2023-04-02T10:57:33.740+0000] {processor.py:753} INFO - DAG(s) dict_keys(['latest_only_with_trigger']) retrieved from /home/airflow/.local/lib/python3.7/site-packages/airflow/example_dags/example_latest_only_with_trigger.py
[2023-04-02T10:57:33.780+0000] {logging_mixin.py:137} INFO - [2023-04-02T10:57:33.779+0000] {dag.py:2705} INFO - Sync 1 DAGs
[2023-04-02T10:57:33.820+0000] {logging_mixin.py:137} INFO - [2023-04-02T10:57:33.820+0000] {dag.py:3456} INFO - Setting next_dagrun for latest_only_with_trigger to 2023-04-02T06:57:33.820027+00:00, run_after=2023-04-02T10:57:33.820027+00:00
[2023-04-02T10:57:33.850+0000] {processor.py:175} INFO - Processing /home/airflow/.local/lib/python3.7/site-packages/airflow/example_dags/example_latest_only_with_trigger.py took 0.185 seconds
[2023-04-02T10:58:04.607+0000] {processor.py:153} INFO - Started process (PID=11001) to work on /home/airflow/.local/lib/python3.7/site-packages/airflow/example_dags/example_latest_only_with_trigger.py
[2023-04-02T10:58:04.610+0000] {processor.py:743} INFO - Processing file /home/airflow/.local/lib/python3.7/site-packages/airflow/example_dags/example_latest_only_with_trigger.py for tasks to queue
[2023-04-02T10:58:04.613+0000] {logging_mixin.py:137} INFO - [2023-04-02T10:58:04.612+0000] {dagbag.py:532} INFO - Filling up the DagBag from /home/airflow/.local/lib/python3.7/site-packages/airflow/example_dags/example_latest_only_with_trigger.py
[2023-04-02T10:58:04.642+0000] {processor.py:753} INFO - DAG(s) dict_keys(['latest_only_with_trigger']) retrieved from /home/airflow/.local/lib/python3.7/site-packages/airflow/example_dags/example_latest_only_with_trigger.py
[2023-04-02T10:58:04.692+0000] {logging_mixin.py:137} INFO - [2023-04-02T10:58:04.692+0000] {dag.py:2705} INFO - Sync 1 DAGs
[2023-04-02T10:58:04.746+0000] {logging_mixin.py:137} INFO - [2023-04-02T10:58:04.746+0000] {dag.py:3456} INFO - Setting next_dagrun for latest_only_with_trigger to 2023-04-02T06:58:04.745783+00:00, run_after=2023-04-02T10:58:04.745783+00:00
[2023-04-02T10:58:04.782+0000] {processor.py:175} INFO - Processing /home/airflow/.local/lib/python3.7/site-packages/airflow/example_dags/example_latest_only_with_trigger.py took 0.181 seconds
[2023-04-02T10:58:35.009+0000] {processor.py:153} INFO - Started process (PID=11219) to work on /home/airflow/.local/lib/python3.7/site-packages/airflow/example_dags/example_latest_only_with_trigger.py
[2023-04-02T10:58:35.011+0000] {processor.py:743} INFO - Processing file /home/airflow/.local/lib/python3.7/site-packages/airflow/example_dags/example_latest_only_with_trigger.py for tasks to queue
[2023-04-02T10:58:35.014+0000] {logging_mixin.py:137} INFO - [2023-04-02T10:58:35.014+0000] {dagbag.py:532} INFO - Filling up the DagBag from /home/airflow/.local/lib/python3.7/site-packages/airflow/example_dags/example_latest_only_with_trigger.py
[2023-04-02T10:58:35.037+0000] {processor.py:753} INFO - DAG(s) dict_keys(['latest_only_with_trigger']) retrieved from /home/airflow/.local/lib/python3.7/site-packages/airflow/example_dags/example_latest_only_with_trigger.py
[2023-04-02T10:58:35.076+0000] {logging_mixin.py:137} INFO - [2023-04-02T10:58:35.076+0000] {dag.py:2705} INFO - Sync 1 DAGs
[2023-04-02T10:58:35.121+0000] {logging_mixin.py:137} INFO - [2023-04-02T10:58:35.121+0000] {dag.py:3456} INFO - Setting next_dagrun for latest_only_with_trigger to 2023-04-02T06:58:35.121206+00:00, run_after=2023-04-02T10:58:35.121206+00:00
[2023-04-02T10:58:35.155+0000] {processor.py:175} INFO - Processing /home/airflow/.local/lib/python3.7/site-packages/airflow/example_dags/example_latest_only_with_trigger.py took 0.151 seconds
[2023-04-02T10:59:05.663+0000] {processor.py:153} INFO - Started process (PID=11437) to work on /home/airflow/.local/lib/python3.7/site-packages/airflow/example_dags/example_latest_only_with_trigger.py
[2023-04-02T10:59:05.665+0000] {processor.py:743} INFO - Processing file /home/airflow/.local/lib/python3.7/site-packages/airflow/example_dags/example_latest_only_with_trigger.py for tasks to queue
[2023-04-02T10:59:05.667+0000] {logging_mixin.py:137} INFO - [2023-04-02T10:59:05.667+0000] {dagbag.py:532} INFO - Filling up the DagBag from /home/airflow/.local/lib/python3.7/site-packages/airflow/example_dags/example_latest_only_with_trigger.py
[2023-04-02T10:59:05.693+0000] {processor.py:753} INFO - DAG(s) dict_keys(['latest_only_with_trigger']) retrieved from /home/airflow/.local/lib/python3.7/site-packages/airflow/example_dags/example_latest_only_with_trigger.py
[2023-04-02T10:59:05.730+0000] {logging_mixin.py:137} INFO - [2023-04-02T10:59:05.730+0000] {dag.py:2705} INFO - Sync 1 DAGs
[2023-04-02T10:59:05.768+0000] {logging_mixin.py:137} INFO - [2023-04-02T10:59:05.767+0000] {dag.py:3456} INFO - Setting next_dagrun for latest_only_with_trigger to 2023-04-02T06:59:05.767478+00:00, run_after=2023-04-02T10:59:05.767478+00:00
[2023-04-02T10:59:05.805+0000] {processor.py:175} INFO - Processing /home/airflow/.local/lib/python3.7/site-packages/airflow/example_dags/example_latest_only_with_trigger.py took 0.149 seconds
[2023-04-02T10:59:36.942+0000] {processor.py:153} INFO - Started process (PID=11655) to work on /home/airflow/.local/lib/python3.7/site-packages/airflow/example_dags/example_latest_only_with_trigger.py
[2023-04-02T10:59:36.944+0000] {processor.py:743} INFO - Processing file /home/airflow/.local/lib/python3.7/site-packages/airflow/example_dags/example_latest_only_with_trigger.py for tasks to queue
[2023-04-02T10:59:36.952+0000] {logging_mixin.py:137} INFO - [2023-04-02T10:59:36.952+0000] {dagbag.py:532} INFO - Filling up the DagBag from /home/airflow/.local/lib/python3.7/site-packages/airflow/example_dags/example_latest_only_with_trigger.py
[2023-04-02T10:59:36.984+0000] {processor.py:753} INFO - DAG(s) dict_keys(['latest_only_with_trigger']) retrieved from /home/airflow/.local/lib/python3.7/site-packages/airflow/example_dags/example_latest_only_with_trigger.py
[2023-04-02T10:59:37.034+0000] {logging_mixin.py:137} INFO - [2023-04-02T10:59:37.034+0000] {dag.py:2705} INFO - Sync 1 DAGs
[2023-04-02T10:59:37.111+0000] {logging_mixin.py:137} INFO - [2023-04-02T10:59:37.111+0000] {dag.py:3456} INFO - Setting next_dagrun for latest_only_with_trigger to 2023-04-02T06:59:37.110766+00:00, run_after=2023-04-02T10:59:37.110766+00:00
[2023-04-02T10:59:37.144+0000] {processor.py:175} INFO - Processing /home/airflow/.local/lib/python3.7/site-packages/airflow/example_dags/example_latest_only_with_trigger.py took 0.210 seconds
[2023-04-02T11:00:07.515+0000] {processor.py:153} INFO - Started process (PID=11875) to work on /home/airflow/.local/lib/python3.7/site-packages/airflow/example_dags/example_latest_only_with_trigger.py
[2023-04-02T11:00:07.518+0000] {processor.py:743} INFO - Processing file /home/airflow/.local/lib/python3.7/site-packages/airflow/example_dags/example_latest_only_with_trigger.py for tasks to queue
[2023-04-02T11:00:07.522+0000] {logging_mixin.py:137} INFO - [2023-04-02T11:00:07.522+0000] {dagbag.py:532} INFO - Filling up the DagBag from /home/airflow/.local/lib/python3.7/site-packages/airflow/example_dags/example_latest_only_with_trigger.py
[2023-04-02T11:00:07.554+0000] {processor.py:753} INFO - DAG(s) dict_keys(['latest_only_with_trigger']) retrieved from /home/airflow/.local/lib/python3.7/site-packages/airflow/example_dags/example_latest_only_with_trigger.py
[2023-04-02T11:00:07.600+0000] {logging_mixin.py:137} INFO - [2023-04-02T11:00:07.600+0000] {dag.py:2705} INFO - Sync 1 DAGs
[2023-04-02T11:00:07.654+0000] {logging_mixin.py:137} INFO - [2023-04-02T11:00:07.654+0000] {dag.py:3456} INFO - Setting next_dagrun for latest_only_with_trigger to 2023-04-02T07:00:07.653519+00:00, run_after=2023-04-02T11:00:07.653519+00:00
[2023-04-02T11:00:07.683+0000] {processor.py:175} INFO - Processing /home/airflow/.local/lib/python3.7/site-packages/airflow/example_dags/example_latest_only_with_trigger.py took 0.172 seconds
[2023-04-02T11:00:37.778+0000] {processor.py:153} INFO - Started process (PID=12093) to work on /home/airflow/.local/lib/python3.7/site-packages/airflow/example_dags/example_latest_only_with_trigger.py
[2023-04-02T11:00:37.783+0000] {processor.py:743} INFO - Processing file /home/airflow/.local/lib/python3.7/site-packages/airflow/example_dags/example_latest_only_with_trigger.py for tasks to queue
[2023-04-02T11:00:37.790+0000] {logging_mixin.py:137} INFO - [2023-04-02T11:00:37.790+0000] {dagbag.py:532} INFO - Filling up the DagBag from /home/airflow/.local/lib/python3.7/site-packages/airflow/example_dags/example_latest_only_with_trigger.py
[2023-04-02T11:00:37.849+0000] {processor.py:753} INFO - DAG(s) dict_keys(['latest_only_with_trigger']) retrieved from /home/airflow/.local/lib/python3.7/site-packages/airflow/example_dags/example_latest_only_with_trigger.py
[2023-04-02T11:00:37.915+0000] {logging_mixin.py:137} INFO - [2023-04-02T11:00:37.915+0000] {dag.py:2705} INFO - Sync 1 DAGs
[2023-04-02T11:00:37.976+0000] {logging_mixin.py:137} INFO - [2023-04-02T11:00:37.976+0000] {dag.py:3456} INFO - Setting next_dagrun for latest_only_with_trigger to 2023-04-02T07:00:37.976148+00:00, run_after=2023-04-02T11:00:37.976148+00:00
[2023-04-02T11:00:38.025+0000] {processor.py:175} INFO - Processing /home/airflow/.local/lib/python3.7/site-packages/airflow/example_dags/example_latest_only_with_trigger.py took 0.252 seconds
[2023-04-02T11:01:08.861+0000] {processor.py:153} INFO - Started process (PID=12311) to work on /home/airflow/.local/lib/python3.7/site-packages/airflow/example_dags/example_latest_only_with_trigger.py
[2023-04-02T11:01:08.862+0000] {processor.py:743} INFO - Processing file /home/airflow/.local/lib/python3.7/site-packages/airflow/example_dags/example_latest_only_with_trigger.py for tasks to queue
[2023-04-02T11:01:08.865+0000] {logging_mixin.py:137} INFO - [2023-04-02T11:01:08.865+0000] {dagbag.py:532} INFO - Filling up the DagBag from /home/airflow/.local/lib/python3.7/site-packages/airflow/example_dags/example_latest_only_with_trigger.py
[2023-04-02T11:01:08.922+0000] {processor.py:753} INFO - DAG(s) dict_keys(['latest_only_with_trigger']) retrieved from /home/airflow/.local/lib/python3.7/site-packages/airflow/example_dags/example_latest_only_with_trigger.py
[2023-04-02T11:01:08.982+0000] {logging_mixin.py:137} INFO - [2023-04-02T11:01:08.981+0000] {dag.py:2705} INFO - Sync 1 DAGs
[2023-04-02T11:01:09.036+0000] {logging_mixin.py:137} INFO - [2023-04-02T11:01:09.036+0000] {dag.py:3456} INFO - Setting next_dagrun for latest_only_with_trigger to 2023-04-02T07:01:09.036277+00:00, run_after=2023-04-02T11:01:09.036277+00:00
[2023-04-02T11:01:09.090+0000] {processor.py:175} INFO - Processing /home/airflow/.local/lib/python3.7/site-packages/airflow/example_dags/example_latest_only_with_trigger.py took 0.234 seconds
[2023-04-02T11:01:39.656+0000] {processor.py:153} INFO - Started process (PID=12527) to work on /home/airflow/.local/lib/python3.7/site-packages/airflow/example_dags/example_latest_only_with_trigger.py
[2023-04-02T11:01:39.659+0000] {processor.py:743} INFO - Processing file /home/airflow/.local/lib/python3.7/site-packages/airflow/example_dags/example_latest_only_with_trigger.py for tasks to queue
[2023-04-02T11:01:39.662+0000] {logging_mixin.py:137} INFO - [2023-04-02T11:01:39.662+0000] {dagbag.py:532} INFO - Filling up the DagBag from /home/airflow/.local/lib/python3.7/site-packages/airflow/example_dags/example_latest_only_with_trigger.py
[2023-04-02T11:01:39.706+0000] {processor.py:753} INFO - DAG(s) dict_keys(['latest_only_with_trigger']) retrieved from /home/airflow/.local/lib/python3.7/site-packages/airflow/example_dags/example_latest_only_with_trigger.py
[2023-04-02T11:01:39.769+0000] {logging_mixin.py:137} INFO - [2023-04-02T11:01:39.769+0000] {dag.py:2705} INFO - Sync 1 DAGs
[2023-04-02T11:01:39.823+0000] {logging_mixin.py:137} INFO - [2023-04-02T11:01:39.823+0000] {dag.py:3456} INFO - Setting next_dagrun for latest_only_with_trigger to 2023-04-02T07:01:39.822796+00:00, run_after=2023-04-02T11:01:39.822796+00:00
[2023-04-02T11:01:39.865+0000] {processor.py:175} INFO - Processing /home/airflow/.local/lib/python3.7/site-packages/airflow/example_dags/example_latest_only_with_trigger.py took 0.217 seconds
[2023-04-02T11:02:10.020+0000] {processor.py:153} INFO - Started process (PID=12745) to work on /home/airflow/.local/lib/python3.7/site-packages/airflow/example_dags/example_latest_only_with_trigger.py
[2023-04-02T11:02:10.023+0000] {processor.py:743} INFO - Processing file /home/airflow/.local/lib/python3.7/site-packages/airflow/example_dags/example_latest_only_with_trigger.py for tasks to queue
[2023-04-02T11:02:10.026+0000] {logging_mixin.py:137} INFO - [2023-04-02T11:02:10.026+0000] {dagbag.py:532} INFO - Filling up the DagBag from /home/airflow/.local/lib/python3.7/site-packages/airflow/example_dags/example_latest_only_with_trigger.py
[2023-04-02T11:02:10.058+0000] {processor.py:753} INFO - DAG(s) dict_keys(['latest_only_with_trigger']) retrieved from /home/airflow/.local/lib/python3.7/site-packages/airflow/example_dags/example_latest_only_with_trigger.py
[2023-04-02T11:02:10.118+0000] {logging_mixin.py:137} INFO - [2023-04-02T11:02:10.118+0000] {dag.py:2705} INFO - Sync 1 DAGs
[2023-04-02T11:02:10.175+0000] {logging_mixin.py:137} INFO - [2023-04-02T11:02:10.175+0000] {dag.py:3456} INFO - Setting next_dagrun for latest_only_with_trigger to 2023-04-02T07:02:10.174724+00:00, run_after=2023-04-02T11:02:10.174724+00:00
[2023-04-02T11:02:10.219+0000] {processor.py:175} INFO - Processing /home/airflow/.local/lib/python3.7/site-packages/airflow/example_dags/example_latest_only_with_trigger.py took 0.212 seconds
[2023-04-02T11:02:40.876+0000] {processor.py:153} INFO - Started process (PID=12963) to work on /home/airflow/.local/lib/python3.7/site-packages/airflow/example_dags/example_latest_only_with_trigger.py
[2023-04-02T11:02:40.879+0000] {processor.py:743} INFO - Processing file /home/airflow/.local/lib/python3.7/site-packages/airflow/example_dags/example_latest_only_with_trigger.py for tasks to queue
[2023-04-02T11:02:40.882+0000] {logging_mixin.py:137} INFO - [2023-04-02T11:02:40.882+0000] {dagbag.py:532} INFO - Filling up the DagBag from /home/airflow/.local/lib/python3.7/site-packages/airflow/example_dags/example_latest_only_with_trigger.py
[2023-04-02T11:02:40.917+0000] {processor.py:753} INFO - DAG(s) dict_keys(['latest_only_with_trigger']) retrieved from /home/airflow/.local/lib/python3.7/site-packages/airflow/example_dags/example_latest_only_with_trigger.py
[2023-04-02T11:02:40.972+0000] {logging_mixin.py:137} INFO - [2023-04-02T11:02:40.972+0000] {dag.py:2705} INFO - Sync 1 DAGs
[2023-04-02T11:02:41.037+0000] {logging_mixin.py:137} INFO - [2023-04-02T11:02:41.037+0000] {dag.py:3456} INFO - Setting next_dagrun for latest_only_with_trigger to 2023-04-02T07:02:41.037048+00:00, run_after=2023-04-02T11:02:41.037048+00:00
[2023-04-02T11:02:41.083+0000] {processor.py:175} INFO - Processing /home/airflow/.local/lib/python3.7/site-packages/airflow/example_dags/example_latest_only_with_trigger.py took 0.216 seconds
[2023-04-02T11:03:11.801+0000] {processor.py:153} INFO - Started process (PID=13188) to work on /home/airflow/.local/lib/python3.7/site-packages/airflow/example_dags/example_latest_only_with_trigger.py
[2023-04-02T11:03:11.803+0000] {processor.py:743} INFO - Processing file /home/airflow/.local/lib/python3.7/site-packages/airflow/example_dags/example_latest_only_with_trigger.py for tasks to queue
[2023-04-02T11:03:11.807+0000] {logging_mixin.py:137} INFO - [2023-04-02T11:03:11.805+0000] {dagbag.py:532} INFO - Filling up the DagBag from /home/airflow/.local/lib/python3.7/site-packages/airflow/example_dags/example_latest_only_with_trigger.py
[2023-04-02T11:03:11.843+0000] {processor.py:753} INFO - DAG(s) dict_keys(['latest_only_with_trigger']) retrieved from /home/airflow/.local/lib/python3.7/site-packages/airflow/example_dags/example_latest_only_with_trigger.py
[2023-04-02T11:03:11.896+0000] {logging_mixin.py:137} INFO - [2023-04-02T11:03:11.896+0000] {dag.py:2705} INFO - Sync 1 DAGs
[2023-04-02T11:03:11.945+0000] {logging_mixin.py:137} INFO - [2023-04-02T11:03:11.945+0000] {dag.py:3456} INFO - Setting next_dagrun for latest_only_with_trigger to 2023-04-02T07:03:11.945295+00:00, run_after=2023-04-02T11:03:11.945295+00:00
[2023-04-02T11:03:11.995+0000] {processor.py:175} INFO - Processing /home/airflow/.local/lib/python3.7/site-packages/airflow/example_dags/example_latest_only_with_trigger.py took 0.199 seconds
[2023-04-02T11:03:43.413+0000] {processor.py:153} INFO - Started process (PID=13406) to work on /home/airflow/.local/lib/python3.7/site-packages/airflow/example_dags/example_latest_only_with_trigger.py
[2023-04-02T11:03:43.424+0000] {processor.py:743} INFO - Processing file /home/airflow/.local/lib/python3.7/site-packages/airflow/example_dags/example_latest_only_with_trigger.py for tasks to queue
[2023-04-02T11:03:43.430+0000] {logging_mixin.py:137} INFO - [2023-04-02T11:03:43.430+0000] {dagbag.py:532} INFO - Filling up the DagBag from /home/airflow/.local/lib/python3.7/site-packages/airflow/example_dags/example_latest_only_with_trigger.py
[2023-04-02T11:03:43.517+0000] {processor.py:753} INFO - DAG(s) dict_keys(['latest_only_with_trigger']) retrieved from /home/airflow/.local/lib/python3.7/site-packages/airflow/example_dags/example_latest_only_with_trigger.py
[2023-04-02T11:03:43.627+0000] {logging_mixin.py:137} INFO - [2023-04-02T11:03:43.626+0000] {dag.py:2705} INFO - Sync 1 DAGs
[2023-04-02T11:03:43.785+0000] {logging_mixin.py:137} INFO - [2023-04-02T11:03:43.784+0000] {dag.py:3456} INFO - Setting next_dagrun for latest_only_with_trigger to 2023-04-02T07:03:43.784529+00:00, run_after=2023-04-02T11:03:43.784529+00:00
[2023-04-02T11:03:43.894+0000] {processor.py:175} INFO - Processing /home/airflow/.local/lib/python3.7/site-packages/airflow/example_dags/example_latest_only_with_trigger.py took 0.497 seconds
[2023-04-02T11:04:14.478+0000] {processor.py:153} INFO - Started process (PID=13624) to work on /home/airflow/.local/lib/python3.7/site-packages/airflow/example_dags/example_latest_only_with_trigger.py
[2023-04-02T11:04:14.482+0000] {processor.py:743} INFO - Processing file /home/airflow/.local/lib/python3.7/site-packages/airflow/example_dags/example_latest_only_with_trigger.py for tasks to queue
[2023-04-02T11:04:14.486+0000] {logging_mixin.py:137} INFO - [2023-04-02T11:04:14.486+0000] {dagbag.py:532} INFO - Filling up the DagBag from /home/airflow/.local/lib/python3.7/site-packages/airflow/example_dags/example_latest_only_with_trigger.py
[2023-04-02T11:04:14.520+0000] {processor.py:753} INFO - DAG(s) dict_keys(['latest_only_with_trigger']) retrieved from /home/airflow/.local/lib/python3.7/site-packages/airflow/example_dags/example_latest_only_with_trigger.py
[2023-04-02T11:04:14.603+0000] {logging_mixin.py:137} INFO - [2023-04-02T11:04:14.603+0000] {dag.py:2705} INFO - Sync 1 DAGs
[2023-04-02T11:04:14.681+0000] {logging_mixin.py:137} INFO - [2023-04-02T11:04:14.681+0000] {dag.py:3456} INFO - Setting next_dagrun for latest_only_with_trigger to 2023-04-02T07:04:14.680764+00:00, run_after=2023-04-02T11:04:14.680764+00:00
[2023-04-02T11:04:14.722+0000] {processor.py:175} INFO - Processing /home/airflow/.local/lib/python3.7/site-packages/airflow/example_dags/example_latest_only_with_trigger.py took 0.257 seconds
[2023-04-02T11:04:45.052+0000] {processor.py:153} INFO - Started process (PID=13841) to work on /home/airflow/.local/lib/python3.7/site-packages/airflow/example_dags/example_latest_only_with_trigger.py
[2023-04-02T11:04:45.054+0000] {processor.py:743} INFO - Processing file /home/airflow/.local/lib/python3.7/site-packages/airflow/example_dags/example_latest_only_with_trigger.py for tasks to queue
[2023-04-02T11:04:45.059+0000] {logging_mixin.py:137} INFO - [2023-04-02T11:04:45.059+0000] {dagbag.py:532} INFO - Filling up the DagBag from /home/airflow/.local/lib/python3.7/site-packages/airflow/example_dags/example_latest_only_with_trigger.py
[2023-04-02T11:04:45.090+0000] {processor.py:753} INFO - DAG(s) dict_keys(['latest_only_with_trigger']) retrieved from /home/airflow/.local/lib/python3.7/site-packages/airflow/example_dags/example_latest_only_with_trigger.py
[2023-04-02T11:04:45.143+0000] {logging_mixin.py:137} INFO - [2023-04-02T11:04:45.143+0000] {dag.py:2705} INFO - Sync 1 DAGs
[2023-04-02T11:04:45.204+0000] {logging_mixin.py:137} INFO - [2023-04-02T11:04:45.204+0000] {dag.py:3456} INFO - Setting next_dagrun for latest_only_with_trigger to 2023-04-02T07:04:45.203554+00:00, run_after=2023-04-02T11:04:45.203554+00:00
[2023-04-02T11:04:45.259+0000] {processor.py:175} INFO - Processing /home/airflow/.local/lib/python3.7/site-packages/airflow/example_dags/example_latest_only_with_trigger.py took 0.218 seconds
[2023-04-02T11:05:15.887+0000] {processor.py:153} INFO - Started process (PID=14060) to work on /home/airflow/.local/lib/python3.7/site-packages/airflow/example_dags/example_latest_only_with_trigger.py
[2023-04-02T11:05:15.890+0000] {processor.py:743} INFO - Processing file /home/airflow/.local/lib/python3.7/site-packages/airflow/example_dags/example_latest_only_with_trigger.py for tasks to queue
[2023-04-02T11:05:15.893+0000] {logging_mixin.py:137} INFO - [2023-04-02T11:05:15.893+0000] {dagbag.py:532} INFO - Filling up the DagBag from /home/airflow/.local/lib/python3.7/site-packages/airflow/example_dags/example_latest_only_with_trigger.py
[2023-04-02T11:05:15.966+0000] {processor.py:753} INFO - DAG(s) dict_keys(['latest_only_with_trigger']) retrieved from /home/airflow/.local/lib/python3.7/site-packages/airflow/example_dags/example_latest_only_with_trigger.py
[2023-04-02T11:05:16.122+0000] {logging_mixin.py:137} INFO - [2023-04-02T11:05:16.122+0000] {dag.py:2705} INFO - Sync 1 DAGs
[2023-04-02T11:05:16.183+0000] {logging_mixin.py:137} INFO - [2023-04-02T11:05:16.183+0000] {dag.py:3456} INFO - Setting next_dagrun for latest_only_with_trigger to 2023-04-02T07:05:16.183302+00:00, run_after=2023-04-02T11:05:16.183302+00:00
[2023-04-02T11:05:16.228+0000] {processor.py:175} INFO - Processing /home/airflow/.local/lib/python3.7/site-packages/airflow/example_dags/example_latest_only_with_trigger.py took 0.351 seconds
[2023-04-02T11:05:46.574+0000] {processor.py:153} INFO - Started process (PID=14278) to work on /home/airflow/.local/lib/python3.7/site-packages/airflow/example_dags/example_latest_only_with_trigger.py
[2023-04-02T11:05:46.577+0000] {processor.py:743} INFO - Processing file /home/airflow/.local/lib/python3.7/site-packages/airflow/example_dags/example_latest_only_with_trigger.py for tasks to queue
[2023-04-02T11:05:46.581+0000] {logging_mixin.py:137} INFO - [2023-04-02T11:05:46.580+0000] {dagbag.py:532} INFO - Filling up the DagBag from /home/airflow/.local/lib/python3.7/site-packages/airflow/example_dags/example_latest_only_with_trigger.py
[2023-04-02T11:05:46.614+0000] {processor.py:753} INFO - DAG(s) dict_keys(['latest_only_with_trigger']) retrieved from /home/airflow/.local/lib/python3.7/site-packages/airflow/example_dags/example_latest_only_with_trigger.py
[2023-04-02T11:05:46.677+0000] {logging_mixin.py:137} INFO - [2023-04-02T11:05:46.677+0000] {dag.py:2705} INFO - Sync 1 DAGs
[2023-04-02T11:05:46.745+0000] {logging_mixin.py:137} INFO - [2023-04-02T11:05:46.745+0000] {dag.py:3456} INFO - Setting next_dagrun for latest_only_with_trigger to 2023-04-02T07:05:46.745047+00:00, run_after=2023-04-02T11:05:46.745047+00:00
[2023-04-02T11:05:46.806+0000] {processor.py:175} INFO - Processing /home/airflow/.local/lib/python3.7/site-packages/airflow/example_dags/example_latest_only_with_trigger.py took 0.238 seconds
[2023-04-02T11:06:17.405+0000] {processor.py:153} INFO - Started process (PID=14498) to work on /home/airflow/.local/lib/python3.7/site-packages/airflow/example_dags/example_latest_only_with_trigger.py
[2023-04-02T11:06:17.408+0000] {processor.py:743} INFO - Processing file /home/airflow/.local/lib/python3.7/site-packages/airflow/example_dags/example_latest_only_with_trigger.py for tasks to queue
[2023-04-02T11:06:17.411+0000] {logging_mixin.py:137} INFO - [2023-04-02T11:06:17.411+0000] {dagbag.py:532} INFO - Filling up the DagBag from /home/airflow/.local/lib/python3.7/site-packages/airflow/example_dags/example_latest_only_with_trigger.py
[2023-04-02T11:06:17.447+0000] {processor.py:753} INFO - DAG(s) dict_keys(['latest_only_with_trigger']) retrieved from /home/airflow/.local/lib/python3.7/site-packages/airflow/example_dags/example_latest_only_with_trigger.py
[2023-04-02T11:06:17.503+0000] {logging_mixin.py:137} INFO - [2023-04-02T11:06:17.502+0000] {dag.py:2705} INFO - Sync 1 DAGs
[2023-04-02T11:06:17.573+0000] {logging_mixin.py:137} INFO - [2023-04-02T11:06:17.573+0000] {dag.py:3456} INFO - Setting next_dagrun for latest_only_with_trigger to 2023-04-02T07:06:17.573411+00:00, run_after=2023-04-02T11:06:17.573411+00:00
[2023-04-02T11:06:17.622+0000] {processor.py:175} INFO - Processing /home/airflow/.local/lib/python3.7/site-packages/airflow/example_dags/example_latest_only_with_trigger.py took 0.223 seconds
[2023-04-02T11:06:47.686+0000] {processor.py:153} INFO - Started process (PID=14714) to work on /home/airflow/.local/lib/python3.7/site-packages/airflow/example_dags/example_latest_only_with_trigger.py
[2023-04-02T11:06:47.690+0000] {processor.py:743} INFO - Processing file /home/airflow/.local/lib/python3.7/site-packages/airflow/example_dags/example_latest_only_with_trigger.py for tasks to queue
[2023-04-02T11:06:47.693+0000] {logging_mixin.py:137} INFO - [2023-04-02T11:06:47.691+0000] {dagbag.py:532} INFO - Filling up the DagBag from /home/airflow/.local/lib/python3.7/site-packages/airflow/example_dags/example_latest_only_with_trigger.py
[2023-04-02T11:06:47.728+0000] {processor.py:753} INFO - DAG(s) dict_keys(['latest_only_with_trigger']) retrieved from /home/airflow/.local/lib/python3.7/site-packages/airflow/example_dags/example_latest_only_with_trigger.py
[2023-04-02T11:06:47.779+0000] {logging_mixin.py:137} INFO - [2023-04-02T11:06:47.779+0000] {dag.py:2705} INFO - Sync 1 DAGs
[2023-04-02T11:06:47.833+0000] {logging_mixin.py:137} INFO - [2023-04-02T11:06:47.833+0000] {dag.py:3456} INFO - Setting next_dagrun for latest_only_with_trigger to 2023-04-02T07:06:47.833062+00:00, run_after=2023-04-02T11:06:47.833062+00:00
[2023-04-02T11:06:47.886+0000] {processor.py:175} INFO - Processing /home/airflow/.local/lib/python3.7/site-packages/airflow/example_dags/example_latest_only_with_trigger.py took 0.205 seconds
