[2023-04-02T10:32:47.673+0000] {processor.py:153} INFO - Started process (PID=288) to work on /home/airflow/.local/lib/python3.7/site-packages/airflow/example_dags/example_kubernetes_executor.py
[2023-04-02T10:32:47.676+0000] {processor.py:743} INFO - Processing file /home/airflow/.local/lib/python3.7/site-packages/airflow/example_dags/example_kubernetes_executor.py for tasks to queue
[2023-04-02T10:32:47.678+0000] {logging_mixin.py:137} INFO - [2023-04-02T10:32:47.678+0000] {dagbag.py:532} INFO - Filling up the DagBag from /home/airflow/.local/lib/python3.7/site-packages/airflow/example_dags/example_kubernetes_executor.py
[2023-04-02T10:32:47.738+0000] {processor.py:753} INFO - DAG(s) dict_keys(['example_kubernetes_executor']) retrieved from /home/airflow/.local/lib/python3.7/site-packages/airflow/example_dags/example_kubernetes_executor.py
[2023-04-02T10:32:47.761+0000] {logging_mixin.py:137} INFO - [2023-04-02T10:32:47.761+0000] {dag.py:2705} INFO - Sync 1 DAGs
[2023-04-02T10:32:47.807+0000] {logging_mixin.py:137} INFO - [2023-04-02T10:32:47.807+0000] {dag.py:3456} INFO - Setting next_dagrun for example_kubernetes_executor to None, run_after=None
[2023-04-02T10:32:47.845+0000] {processor.py:175} INFO - Processing /home/airflow/.local/lib/python3.7/site-packages/airflow/example_dags/example_kubernetes_executor.py took 0.178 seconds
[2023-04-02T10:33:22.352+0000] {processor.py:153} INFO - Started process (PID=506) to work on /home/airflow/.local/lib/python3.7/site-packages/airflow/example_dags/example_kubernetes_executor.py
[2023-04-02T10:33:22.358+0000] {processor.py:743} INFO - Processing file /home/airflow/.local/lib/python3.7/site-packages/airflow/example_dags/example_kubernetes_executor.py for tasks to queue
[2023-04-02T10:33:22.361+0000] {logging_mixin.py:137} INFO - [2023-04-02T10:33:22.360+0000] {dagbag.py:532} INFO - Filling up the DagBag from /home/airflow/.local/lib/python3.7/site-packages/airflow/example_dags/example_kubernetes_executor.py
[2023-04-02T10:33:22.416+0000] {processor.py:753} INFO - DAG(s) dict_keys(['example_kubernetes_executor']) retrieved from /home/airflow/.local/lib/python3.7/site-packages/airflow/example_dags/example_kubernetes_executor.py
[2023-04-02T10:33:22.447+0000] {logging_mixin.py:137} INFO - [2023-04-02T10:33:22.447+0000] {dag.py:2705} INFO - Sync 1 DAGs
[2023-04-02T10:33:22.493+0000] {logging_mixin.py:137} INFO - [2023-04-02T10:33:22.493+0000] {dag.py:3456} INFO - Setting next_dagrun for example_kubernetes_executor to None, run_after=None
[2023-04-02T10:33:22.559+0000] {processor.py:175} INFO - Processing /home/airflow/.local/lib/python3.7/site-packages/airflow/example_dags/example_kubernetes_executor.py took 0.231 seconds
[2023-04-02T10:33:55.032+0000] {processor.py:153} INFO - Started process (PID=725) to work on /home/airflow/.local/lib/python3.7/site-packages/airflow/example_dags/example_kubernetes_executor.py
[2023-04-02T10:33:55.044+0000] {processor.py:743} INFO - Processing file /home/airflow/.local/lib/python3.7/site-packages/airflow/example_dags/example_kubernetes_executor.py for tasks to queue
[2023-04-02T10:33:55.051+0000] {logging_mixin.py:137} INFO - [2023-04-02T10:33:55.050+0000] {dagbag.py:532} INFO - Filling up the DagBag from /home/airflow/.local/lib/python3.7/site-packages/airflow/example_dags/example_kubernetes_executor.py
[2023-04-02T10:33:55.110+0000] {processor.py:753} INFO - DAG(s) dict_keys(['example_kubernetes_executor']) retrieved from /home/airflow/.local/lib/python3.7/site-packages/airflow/example_dags/example_kubernetes_executor.py
[2023-04-02T10:33:55.222+0000] {logging_mixin.py:137} INFO - [2023-04-02T10:33:55.222+0000] {dag.py:2705} INFO - Sync 1 DAGs
[2023-04-02T10:33:55.361+0000] {logging_mixin.py:137} INFO - [2023-04-02T10:33:55.361+0000] {dag.py:3456} INFO - Setting next_dagrun for example_kubernetes_executor to None, run_after=None
[2023-04-02T10:33:55.410+0000] {processor.py:175} INFO - Processing /home/airflow/.local/lib/python3.7/site-packages/airflow/example_dags/example_kubernetes_executor.py took 0.393 seconds
[2023-04-02T10:34:26.228+0000] {processor.py:153} INFO - Started process (PID=943) to work on /home/airflow/.local/lib/python3.7/site-packages/airflow/example_dags/example_kubernetes_executor.py
[2023-04-02T10:34:26.231+0000] {processor.py:743} INFO - Processing file /home/airflow/.local/lib/python3.7/site-packages/airflow/example_dags/example_kubernetes_executor.py for tasks to queue
[2023-04-02T10:34:26.241+0000] {logging_mixin.py:137} INFO - [2023-04-02T10:34:26.240+0000] {dagbag.py:532} INFO - Filling up the DagBag from /home/airflow/.local/lib/python3.7/site-packages/airflow/example_dags/example_kubernetes_executor.py
[2023-04-02T10:34:26.525+0000] {processor.py:753} INFO - DAG(s) dict_keys(['example_kubernetes_executor']) retrieved from /home/airflow/.local/lib/python3.7/site-packages/airflow/example_dags/example_kubernetes_executor.py
[2023-04-02T10:34:26.825+0000] {logging_mixin.py:137} INFO - [2023-04-02T10:34:26.824+0000] {dag.py:2705} INFO - Sync 1 DAGs
[2023-04-02T10:34:26.942+0000] {logging_mixin.py:137} INFO - [2023-04-02T10:34:26.941+0000] {dag.py:3456} INFO - Setting next_dagrun for example_kubernetes_executor to None, run_after=None
[2023-04-02T10:34:27.065+0000] {processor.py:175} INFO - Processing /home/airflow/.local/lib/python3.7/site-packages/airflow/example_dags/example_kubernetes_executor.py took 0.884 seconds
[2023-04-02T10:34:57.275+0000] {processor.py:153} INFO - Started process (PID=1164) to work on /home/airflow/.local/lib/python3.7/site-packages/airflow/example_dags/example_kubernetes_executor.py
[2023-04-02T10:34:57.280+0000] {processor.py:743} INFO - Processing file /home/airflow/.local/lib/python3.7/site-packages/airflow/example_dags/example_kubernetes_executor.py for tasks to queue
[2023-04-02T10:34:57.284+0000] {logging_mixin.py:137} INFO - [2023-04-02T10:34:57.284+0000] {dagbag.py:532} INFO - Filling up the DagBag from /home/airflow/.local/lib/python3.7/site-packages/airflow/example_dags/example_kubernetes_executor.py
[2023-04-02T10:34:57.381+0000] {processor.py:753} INFO - DAG(s) dict_keys(['example_kubernetes_executor']) retrieved from /home/airflow/.local/lib/python3.7/site-packages/airflow/example_dags/example_kubernetes_executor.py
[2023-04-02T10:34:57.620+0000] {logging_mixin.py:137} INFO - [2023-04-02T10:34:57.620+0000] {dag.py:2705} INFO - Sync 1 DAGs
[2023-04-02T10:34:57.694+0000] {logging_mixin.py:137} INFO - [2023-04-02T10:34:57.694+0000] {dag.py:3456} INFO - Setting next_dagrun for example_kubernetes_executor to None, run_after=None
[2023-04-02T10:34:57.750+0000] {processor.py:175} INFO - Processing /home/airflow/.local/lib/python3.7/site-packages/airflow/example_dags/example_kubernetes_executor.py took 0.480 seconds
[2023-04-02T10:35:28.346+0000] {processor.py:153} INFO - Started process (PID=1380) to work on /home/airflow/.local/lib/python3.7/site-packages/airflow/example_dags/example_kubernetes_executor.py
[2023-04-02T10:35:28.357+0000] {processor.py:743} INFO - Processing file /home/airflow/.local/lib/python3.7/site-packages/airflow/example_dags/example_kubernetes_executor.py for tasks to queue
[2023-04-02T10:35:28.368+0000] {logging_mixin.py:137} INFO - [2023-04-02T10:35:28.367+0000] {dagbag.py:532} INFO - Filling up the DagBag from /home/airflow/.local/lib/python3.7/site-packages/airflow/example_dags/example_kubernetes_executor.py
[2023-04-02T10:35:28.418+0000] {processor.py:753} INFO - DAG(s) dict_keys(['example_kubernetes_executor']) retrieved from /home/airflow/.local/lib/python3.7/site-packages/airflow/example_dags/example_kubernetes_executor.py
[2023-04-02T10:35:28.483+0000] {logging_mixin.py:137} INFO - [2023-04-02T10:35:28.483+0000] {dag.py:2705} INFO - Sync 1 DAGs
[2023-04-02T10:35:28.602+0000] {logging_mixin.py:137} INFO - [2023-04-02T10:35:28.602+0000] {dag.py:3456} INFO - Setting next_dagrun for example_kubernetes_executor to None, run_after=None
[2023-04-02T10:35:28.670+0000] {processor.py:175} INFO - Processing /home/airflow/.local/lib/python3.7/site-packages/airflow/example_dags/example_kubernetes_executor.py took 0.336 seconds
[2023-04-02T10:35:59.219+0000] {processor.py:153} INFO - Started process (PID=1600) to work on /home/airflow/.local/lib/python3.7/site-packages/airflow/example_dags/example_kubernetes_executor.py
[2023-04-02T10:35:59.221+0000] {processor.py:743} INFO - Processing file /home/airflow/.local/lib/python3.7/site-packages/airflow/example_dags/example_kubernetes_executor.py for tasks to queue
[2023-04-02T10:35:59.223+0000] {logging_mixin.py:137} INFO - [2023-04-02T10:35:59.222+0000] {dagbag.py:532} INFO - Filling up the DagBag from /home/airflow/.local/lib/python3.7/site-packages/airflow/example_dags/example_kubernetes_executor.py
[2023-04-02T10:35:59.314+0000] {processor.py:753} INFO - DAG(s) dict_keys(['example_kubernetes_executor']) retrieved from /home/airflow/.local/lib/python3.7/site-packages/airflow/example_dags/example_kubernetes_executor.py
[2023-04-02T10:35:59.396+0000] {logging_mixin.py:137} INFO - [2023-04-02T10:35:59.395+0000] {dag.py:2705} INFO - Sync 1 DAGs
[2023-04-02T10:35:59.481+0000] {logging_mixin.py:137} INFO - [2023-04-02T10:35:59.480+0000] {dag.py:3456} INFO - Setting next_dagrun for example_kubernetes_executor to None, run_after=None
[2023-04-02T10:35:59.532+0000] {processor.py:175} INFO - Processing /home/airflow/.local/lib/python3.7/site-packages/airflow/example_dags/example_kubernetes_executor.py took 0.322 seconds
[2023-04-02T10:36:29.941+0000] {processor.py:153} INFO - Started process (PID=1818) to work on /home/airflow/.local/lib/python3.7/site-packages/airflow/example_dags/example_kubernetes_executor.py
[2023-04-02T10:36:29.943+0000] {processor.py:743} INFO - Processing file /home/airflow/.local/lib/python3.7/site-packages/airflow/example_dags/example_kubernetes_executor.py for tasks to queue
[2023-04-02T10:36:29.946+0000] {logging_mixin.py:137} INFO - [2023-04-02T10:36:29.946+0000] {dagbag.py:532} INFO - Filling up the DagBag from /home/airflow/.local/lib/python3.7/site-packages/airflow/example_dags/example_kubernetes_executor.py
[2023-04-02T10:36:29.989+0000] {processor.py:753} INFO - DAG(s) dict_keys(['example_kubernetes_executor']) retrieved from /home/airflow/.local/lib/python3.7/site-packages/airflow/example_dags/example_kubernetes_executor.py
[2023-04-02T10:36:30.033+0000] {logging_mixin.py:137} INFO - [2023-04-02T10:36:30.033+0000] {dag.py:2705} INFO - Sync 1 DAGs
[2023-04-02T10:36:30.071+0000] {logging_mixin.py:137} INFO - [2023-04-02T10:36:30.070+0000] {dag.py:3456} INFO - Setting next_dagrun for example_kubernetes_executor to None, run_after=None
[2023-04-02T10:36:30.099+0000] {processor.py:175} INFO - Processing /home/airflow/.local/lib/python3.7/site-packages/airflow/example_dags/example_kubernetes_executor.py took 0.165 seconds
[2023-04-02T10:37:00.842+0000] {processor.py:153} INFO - Started process (PID=2034) to work on /home/airflow/.local/lib/python3.7/site-packages/airflow/example_dags/example_kubernetes_executor.py
[2023-04-02T10:37:00.846+0000] {processor.py:743} INFO - Processing file /home/airflow/.local/lib/python3.7/site-packages/airflow/example_dags/example_kubernetes_executor.py for tasks to queue
[2023-04-02T10:37:00.852+0000] {logging_mixin.py:137} INFO - [2023-04-02T10:37:00.850+0000] {dagbag.py:532} INFO - Filling up the DagBag from /home/airflow/.local/lib/python3.7/site-packages/airflow/example_dags/example_kubernetes_executor.py
[2023-04-02T10:37:00.950+0000] {processor.py:753} INFO - DAG(s) dict_keys(['example_kubernetes_executor']) retrieved from /home/airflow/.local/lib/python3.7/site-packages/airflow/example_dags/example_kubernetes_executor.py
[2023-04-02T10:37:01.056+0000] {logging_mixin.py:137} INFO - [2023-04-02T10:37:01.055+0000] {dag.py:2705} INFO - Sync 1 DAGs
[2023-04-02T10:37:01.128+0000] {logging_mixin.py:137} INFO - [2023-04-02T10:37:01.128+0000] {dag.py:3456} INFO - Setting next_dagrun for example_kubernetes_executor to None, run_after=None
[2023-04-02T10:37:01.169+0000] {processor.py:175} INFO - Processing /home/airflow/.local/lib/python3.7/site-packages/airflow/example_dags/example_kubernetes_executor.py took 0.337 seconds
[2023-04-02T10:37:31.483+0000] {processor.py:153} INFO - Started process (PID=2252) to work on /home/airflow/.local/lib/python3.7/site-packages/airflow/example_dags/example_kubernetes_executor.py
[2023-04-02T10:37:31.485+0000] {processor.py:743} INFO - Processing file /home/airflow/.local/lib/python3.7/site-packages/airflow/example_dags/example_kubernetes_executor.py for tasks to queue
[2023-04-02T10:37:31.492+0000] {logging_mixin.py:137} INFO - [2023-04-02T10:37:31.491+0000] {dagbag.py:532} INFO - Filling up the DagBag from /home/airflow/.local/lib/python3.7/site-packages/airflow/example_dags/example_kubernetes_executor.py
[2023-04-02T10:37:31.562+0000] {processor.py:753} INFO - DAG(s) dict_keys(['example_kubernetes_executor']) retrieved from /home/airflow/.local/lib/python3.7/site-packages/airflow/example_dags/example_kubernetes_executor.py
[2023-04-02T10:37:31.641+0000] {logging_mixin.py:137} INFO - [2023-04-02T10:37:31.641+0000] {dag.py:2705} INFO - Sync 1 DAGs
[2023-04-02T10:37:31.697+0000] {logging_mixin.py:137} INFO - [2023-04-02T10:37:31.696+0000] {dag.py:3456} INFO - Setting next_dagrun for example_kubernetes_executor to None, run_after=None
[2023-04-02T10:37:31.735+0000] {processor.py:175} INFO - Processing /home/airflow/.local/lib/python3.7/site-packages/airflow/example_dags/example_kubernetes_executor.py took 0.256 seconds
[2023-04-02T10:38:02.496+0000] {processor.py:153} INFO - Started process (PID=2470) to work on /home/airflow/.local/lib/python3.7/site-packages/airflow/example_dags/example_kubernetes_executor.py
[2023-04-02T10:38:02.498+0000] {processor.py:743} INFO - Processing file /home/airflow/.local/lib/python3.7/site-packages/airflow/example_dags/example_kubernetes_executor.py for tasks to queue
[2023-04-02T10:38:02.513+0000] {logging_mixin.py:137} INFO - [2023-04-02T10:38:02.511+0000] {dagbag.py:532} INFO - Filling up the DagBag from /home/airflow/.local/lib/python3.7/site-packages/airflow/example_dags/example_kubernetes_executor.py
[2023-04-02T10:38:02.678+0000] {processor.py:753} INFO - DAG(s) dict_keys(['example_kubernetes_executor']) retrieved from /home/airflow/.local/lib/python3.7/site-packages/airflow/example_dags/example_kubernetes_executor.py
[2023-04-02T10:38:02.729+0000] {logging_mixin.py:137} INFO - [2023-04-02T10:38:02.729+0000] {dag.py:2705} INFO - Sync 1 DAGs
[2023-04-02T10:38:02.776+0000] {logging_mixin.py:137} INFO - [2023-04-02T10:38:02.776+0000] {dag.py:3456} INFO - Setting next_dagrun for example_kubernetes_executor to None, run_after=None
[2023-04-02T10:38:02.810+0000] {processor.py:175} INFO - Processing /home/airflow/.local/lib/python3.7/site-packages/airflow/example_dags/example_kubernetes_executor.py took 0.329 seconds
[2023-04-02T10:38:33.539+0000] {processor.py:153} INFO - Started process (PID=2688) to work on /home/airflow/.local/lib/python3.7/site-packages/airflow/example_dags/example_kubernetes_executor.py
[2023-04-02T10:38:33.541+0000] {processor.py:743} INFO - Processing file /home/airflow/.local/lib/python3.7/site-packages/airflow/example_dags/example_kubernetes_executor.py for tasks to queue
[2023-04-02T10:38:33.543+0000] {logging_mixin.py:137} INFO - [2023-04-02T10:38:33.543+0000] {dagbag.py:532} INFO - Filling up the DagBag from /home/airflow/.local/lib/python3.7/site-packages/airflow/example_dags/example_kubernetes_executor.py
[2023-04-02T10:38:33.611+0000] {processor.py:753} INFO - DAG(s) dict_keys(['example_kubernetes_executor']) retrieved from /home/airflow/.local/lib/python3.7/site-packages/airflow/example_dags/example_kubernetes_executor.py
[2023-04-02T10:38:33.678+0000] {logging_mixin.py:137} INFO - [2023-04-02T10:38:33.678+0000] {dag.py:2705} INFO - Sync 1 DAGs
[2023-04-02T10:38:33.740+0000] {logging_mixin.py:137} INFO - [2023-04-02T10:38:33.740+0000] {dag.py:3456} INFO - Setting next_dagrun for example_kubernetes_executor to None, run_after=None
[2023-04-02T10:38:33.786+0000] {processor.py:175} INFO - Processing /home/airflow/.local/lib/python3.7/site-packages/airflow/example_dags/example_kubernetes_executor.py took 0.254 seconds
[2023-04-02T10:39:04.680+0000] {processor.py:153} INFO - Started process (PID=2913) to work on /home/airflow/.local/lib/python3.7/site-packages/airflow/example_dags/example_kubernetes_executor.py
[2023-04-02T10:39:04.682+0000] {processor.py:743} INFO - Processing file /home/airflow/.local/lib/python3.7/site-packages/airflow/example_dags/example_kubernetes_executor.py for tasks to queue
[2023-04-02T10:39:04.685+0000] {logging_mixin.py:137} INFO - [2023-04-02T10:39:04.685+0000] {dagbag.py:532} INFO - Filling up the DagBag from /home/airflow/.local/lib/python3.7/site-packages/airflow/example_dags/example_kubernetes_executor.py
[2023-04-02T10:39:04.786+0000] {processor.py:753} INFO - DAG(s) dict_keys(['example_kubernetes_executor']) retrieved from /home/airflow/.local/lib/python3.7/site-packages/airflow/example_dags/example_kubernetes_executor.py
[2023-04-02T10:39:04.865+0000] {logging_mixin.py:137} INFO - [2023-04-02T10:39:04.865+0000] {dag.py:2705} INFO - Sync 1 DAGs
[2023-04-02T10:39:04.942+0000] {logging_mixin.py:137} INFO - [2023-04-02T10:39:04.942+0000] {dag.py:3456} INFO - Setting next_dagrun for example_kubernetes_executor to None, run_after=None
[2023-04-02T10:39:04.981+0000] {processor.py:175} INFO - Processing /home/airflow/.local/lib/python3.7/site-packages/airflow/example_dags/example_kubernetes_executor.py took 0.308 seconds
[2023-04-02T10:39:35.760+0000] {processor.py:153} INFO - Started process (PID=3131) to work on /home/airflow/.local/lib/python3.7/site-packages/airflow/example_dags/example_kubernetes_executor.py
[2023-04-02T10:39:35.764+0000] {processor.py:743} INFO - Processing file /home/airflow/.local/lib/python3.7/site-packages/airflow/example_dags/example_kubernetes_executor.py for tasks to queue
[2023-04-02T10:39:35.769+0000] {logging_mixin.py:137} INFO - [2023-04-02T10:39:35.768+0000] {dagbag.py:532} INFO - Filling up the DagBag from /home/airflow/.local/lib/python3.7/site-packages/airflow/example_dags/example_kubernetes_executor.py
[2023-04-02T10:39:35.823+0000] {processor.py:753} INFO - DAG(s) dict_keys(['example_kubernetes_executor']) retrieved from /home/airflow/.local/lib/python3.7/site-packages/airflow/example_dags/example_kubernetes_executor.py
[2023-04-02T10:39:35.890+0000] {logging_mixin.py:137} INFO - [2023-04-02T10:39:35.890+0000] {dag.py:2705} INFO - Sync 1 DAGs
[2023-04-02T10:39:35.951+0000] {logging_mixin.py:137} INFO - [2023-04-02T10:39:35.951+0000] {dag.py:3456} INFO - Setting next_dagrun for example_kubernetes_executor to None, run_after=None
[2023-04-02T10:39:35.992+0000] {processor.py:175} INFO - Processing /home/airflow/.local/lib/python3.7/site-packages/airflow/example_dags/example_kubernetes_executor.py took 0.237 seconds
[2023-04-02T10:40:06.923+0000] {processor.py:153} INFO - Started process (PID=3349) to work on /home/airflow/.local/lib/python3.7/site-packages/airflow/example_dags/example_kubernetes_executor.py
[2023-04-02T10:40:06.926+0000] {processor.py:743} INFO - Processing file /home/airflow/.local/lib/python3.7/site-packages/airflow/example_dags/example_kubernetes_executor.py for tasks to queue
[2023-04-02T10:40:06.929+0000] {logging_mixin.py:137} INFO - [2023-04-02T10:40:06.929+0000] {dagbag.py:532} INFO - Filling up the DagBag from /home/airflow/.local/lib/python3.7/site-packages/airflow/example_dags/example_kubernetes_executor.py
[2023-04-02T10:40:07.002+0000] {processor.py:753} INFO - DAG(s) dict_keys(['example_kubernetes_executor']) retrieved from /home/airflow/.local/lib/python3.7/site-packages/airflow/example_dags/example_kubernetes_executor.py
[2023-04-02T10:40:07.073+0000] {logging_mixin.py:137} INFO - [2023-04-02T10:40:07.073+0000] {dag.py:2705} INFO - Sync 1 DAGs
[2023-04-02T10:40:07.117+0000] {logging_mixin.py:137} INFO - [2023-04-02T10:40:07.117+0000] {dag.py:3456} INFO - Setting next_dagrun for example_kubernetes_executor to None, run_after=None
[2023-04-02T10:40:07.151+0000] {processor.py:175} INFO - Processing /home/airflow/.local/lib/python3.7/site-packages/airflow/example_dags/example_kubernetes_executor.py took 0.234 seconds
[2023-04-02T10:40:37.794+0000] {processor.py:153} INFO - Started process (PID=3569) to work on /home/airflow/.local/lib/python3.7/site-packages/airflow/example_dags/example_kubernetes_executor.py
[2023-04-02T10:40:37.803+0000] {processor.py:743} INFO - Processing file /home/airflow/.local/lib/python3.7/site-packages/airflow/example_dags/example_kubernetes_executor.py for tasks to queue
[2023-04-02T10:40:37.809+0000] {logging_mixin.py:137} INFO - [2023-04-02T10:40:37.808+0000] {dagbag.py:532} INFO - Filling up the DagBag from /home/airflow/.local/lib/python3.7/site-packages/airflow/example_dags/example_kubernetes_executor.py
[2023-04-02T10:40:37.922+0000] {processor.py:753} INFO - DAG(s) dict_keys(['example_kubernetes_executor']) retrieved from /home/airflow/.local/lib/python3.7/site-packages/airflow/example_dags/example_kubernetes_executor.py
[2023-04-02T10:40:37.995+0000] {logging_mixin.py:137} INFO - [2023-04-02T10:40:37.995+0000] {dag.py:2705} INFO - Sync 1 DAGs
[2023-04-02T10:40:38.119+0000] {logging_mixin.py:137} INFO - [2023-04-02T10:40:38.118+0000] {dag.py:3456} INFO - Setting next_dagrun for example_kubernetes_executor to None, run_after=None
[2023-04-02T10:40:38.193+0000] {processor.py:175} INFO - Processing /home/airflow/.local/lib/python3.7/site-packages/airflow/example_dags/example_kubernetes_executor.py took 0.409 seconds
[2023-04-02T10:41:08.616+0000] {processor.py:153} INFO - Started process (PID=3785) to work on /home/airflow/.local/lib/python3.7/site-packages/airflow/example_dags/example_kubernetes_executor.py
[2023-04-02T10:41:08.620+0000] {processor.py:743} INFO - Processing file /home/airflow/.local/lib/python3.7/site-packages/airflow/example_dags/example_kubernetes_executor.py for tasks to queue
[2023-04-02T10:41:08.628+0000] {logging_mixin.py:137} INFO - [2023-04-02T10:41:08.626+0000] {dagbag.py:532} INFO - Filling up the DagBag from /home/airflow/.local/lib/python3.7/site-packages/airflow/example_dags/example_kubernetes_executor.py
[2023-04-02T10:41:08.685+0000] {processor.py:753} INFO - DAG(s) dict_keys(['example_kubernetes_executor']) retrieved from /home/airflow/.local/lib/python3.7/site-packages/airflow/example_dags/example_kubernetes_executor.py
[2023-04-02T10:41:08.743+0000] {logging_mixin.py:137} INFO - [2023-04-02T10:41:08.743+0000] {dag.py:2705} INFO - Sync 1 DAGs
[2023-04-02T10:41:08.796+0000] {logging_mixin.py:137} INFO - [2023-04-02T10:41:08.796+0000] {dag.py:3456} INFO - Setting next_dagrun for example_kubernetes_executor to None, run_after=None
[2023-04-02T10:41:08.850+0000] {processor.py:175} INFO - Processing /home/airflow/.local/lib/python3.7/site-packages/airflow/example_dags/example_kubernetes_executor.py took 0.246 seconds
[2023-04-02T10:41:39.250+0000] {processor.py:153} INFO - Started process (PID=4003) to work on /home/airflow/.local/lib/python3.7/site-packages/airflow/example_dags/example_kubernetes_executor.py
[2023-04-02T10:41:39.259+0000] {processor.py:743} INFO - Processing file /home/airflow/.local/lib/python3.7/site-packages/airflow/example_dags/example_kubernetes_executor.py for tasks to queue
[2023-04-02T10:41:39.263+0000] {logging_mixin.py:137} INFO - [2023-04-02T10:41:39.263+0000] {dagbag.py:532} INFO - Filling up the DagBag from /home/airflow/.local/lib/python3.7/site-packages/airflow/example_dags/example_kubernetes_executor.py
[2023-04-02T10:41:39.351+0000] {processor.py:753} INFO - DAG(s) dict_keys(['example_kubernetes_executor']) retrieved from /home/airflow/.local/lib/python3.7/site-packages/airflow/example_dags/example_kubernetes_executor.py
[2023-04-02T10:41:39.477+0000] {logging_mixin.py:137} INFO - [2023-04-02T10:41:39.477+0000] {dag.py:2705} INFO - Sync 1 DAGs
[2023-04-02T10:41:39.559+0000] {logging_mixin.py:137} INFO - [2023-04-02T10:41:39.559+0000] {dag.py:3456} INFO - Setting next_dagrun for example_kubernetes_executor to None, run_after=None
[2023-04-02T10:41:39.646+0000] {processor.py:175} INFO - Processing /home/airflow/.local/lib/python3.7/site-packages/airflow/example_dags/example_kubernetes_executor.py took 0.403 seconds
[2023-04-02T10:42:11.953+0000] {processor.py:153} INFO - Started process (PID=4222) to work on /home/airflow/.local/lib/python3.7/site-packages/airflow/example_dags/example_kubernetes_executor.py
[2023-04-02T10:42:11.963+0000] {processor.py:743} INFO - Processing file /home/airflow/.local/lib/python3.7/site-packages/airflow/example_dags/example_kubernetes_executor.py for tasks to queue
[2023-04-02T10:42:11.969+0000] {logging_mixin.py:137} INFO - [2023-04-02T10:42:11.968+0000] {dagbag.py:532} INFO - Filling up the DagBag from /home/airflow/.local/lib/python3.7/site-packages/airflow/example_dags/example_kubernetes_executor.py
[2023-04-02T10:42:12.052+0000] {processor.py:753} INFO - DAG(s) dict_keys(['example_kubernetes_executor']) retrieved from /home/airflow/.local/lib/python3.7/site-packages/airflow/example_dags/example_kubernetes_executor.py
[2023-04-02T10:42:12.115+0000] {logging_mixin.py:137} INFO - [2023-04-02T10:42:12.114+0000] {dag.py:2705} INFO - Sync 1 DAGs
[2023-04-02T10:42:12.220+0000] {logging_mixin.py:137} INFO - [2023-04-02T10:42:12.220+0000] {dag.py:3456} INFO - Setting next_dagrun for example_kubernetes_executor to None, run_after=None
[2023-04-02T10:42:12.319+0000] {processor.py:175} INFO - Processing /home/airflow/.local/lib/python3.7/site-packages/airflow/example_dags/example_kubernetes_executor.py took 0.376 seconds
[2023-04-02T10:42:42.963+0000] {processor.py:153} INFO - Started process (PID=4440) to work on /home/airflow/.local/lib/python3.7/site-packages/airflow/example_dags/example_kubernetes_executor.py
[2023-04-02T10:42:42.967+0000] {processor.py:743} INFO - Processing file /home/airflow/.local/lib/python3.7/site-packages/airflow/example_dags/example_kubernetes_executor.py for tasks to queue
[2023-04-02T10:42:42.974+0000] {logging_mixin.py:137} INFO - [2023-04-02T10:42:42.974+0000] {dagbag.py:532} INFO - Filling up the DagBag from /home/airflow/.local/lib/python3.7/site-packages/airflow/example_dags/example_kubernetes_executor.py
[2023-04-02T10:42:43.103+0000] {processor.py:753} INFO - DAG(s) dict_keys(['example_kubernetes_executor']) retrieved from /home/airflow/.local/lib/python3.7/site-packages/airflow/example_dags/example_kubernetes_executor.py
[2023-04-02T10:42:43.200+0000] {logging_mixin.py:137} INFO - [2023-04-02T10:42:43.200+0000] {dag.py:2705} INFO - Sync 1 DAGs
[2023-04-02T10:42:43.278+0000] {logging_mixin.py:137} INFO - [2023-04-02T10:42:43.278+0000] {dag.py:3456} INFO - Setting next_dagrun for example_kubernetes_executor to None, run_after=None
[2023-04-02T10:42:43.332+0000] {processor.py:175} INFO - Processing /home/airflow/.local/lib/python3.7/site-packages/airflow/example_dags/example_kubernetes_executor.py took 0.384 seconds
[2023-04-02T10:43:13.391+0000] {processor.py:153} INFO - Started process (PID=4660) to work on /home/airflow/.local/lib/python3.7/site-packages/airflow/example_dags/example_kubernetes_executor.py
[2023-04-02T10:43:13.394+0000] {processor.py:743} INFO - Processing file /home/airflow/.local/lib/python3.7/site-packages/airflow/example_dags/example_kubernetes_executor.py for tasks to queue
[2023-04-02T10:43:13.396+0000] {logging_mixin.py:137} INFO - [2023-04-02T10:43:13.396+0000] {dagbag.py:532} INFO - Filling up the DagBag from /home/airflow/.local/lib/python3.7/site-packages/airflow/example_dags/example_kubernetes_executor.py
[2023-04-02T10:43:13.438+0000] {processor.py:753} INFO - DAG(s) dict_keys(['example_kubernetes_executor']) retrieved from /home/airflow/.local/lib/python3.7/site-packages/airflow/example_dags/example_kubernetes_executor.py
[2023-04-02T10:43:13.485+0000] {logging_mixin.py:137} INFO - [2023-04-02T10:43:13.485+0000] {dag.py:2705} INFO - Sync 1 DAGs
[2023-04-02T10:43:13.524+0000] {logging_mixin.py:137} INFO - [2023-04-02T10:43:13.524+0000] {dag.py:3456} INFO - Setting next_dagrun for example_kubernetes_executor to None, run_after=None
[2023-04-02T10:43:13.555+0000] {processor.py:175} INFO - Processing /home/airflow/.local/lib/python3.7/site-packages/airflow/example_dags/example_kubernetes_executor.py took 0.167 seconds
[2023-04-02T10:43:43.866+0000] {processor.py:153} INFO - Started process (PID=4878) to work on /home/airflow/.local/lib/python3.7/site-packages/airflow/example_dags/example_kubernetes_executor.py
[2023-04-02T10:43:43.870+0000] {processor.py:743} INFO - Processing file /home/airflow/.local/lib/python3.7/site-packages/airflow/example_dags/example_kubernetes_executor.py for tasks to queue
[2023-04-02T10:43:43.873+0000] {logging_mixin.py:137} INFO - [2023-04-02T10:43:43.872+0000] {dagbag.py:532} INFO - Filling up the DagBag from /home/airflow/.local/lib/python3.7/site-packages/airflow/example_dags/example_kubernetes_executor.py
[2023-04-02T10:43:43.911+0000] {processor.py:753} INFO - DAG(s) dict_keys(['example_kubernetes_executor']) retrieved from /home/airflow/.local/lib/python3.7/site-packages/airflow/example_dags/example_kubernetes_executor.py
[2023-04-02T10:43:43.959+0000] {logging_mixin.py:137} INFO - [2023-04-02T10:43:43.958+0000] {dag.py:2705} INFO - Sync 1 DAGs
[2023-04-02T10:43:43.993+0000] {logging_mixin.py:137} INFO - [2023-04-02T10:43:43.992+0000] {dag.py:3456} INFO - Setting next_dagrun for example_kubernetes_executor to None, run_after=None
[2023-04-02T10:43:44.024+0000] {processor.py:175} INFO - Processing /home/airflow/.local/lib/python3.7/site-packages/airflow/example_dags/example_kubernetes_executor.py took 0.164 seconds
[2023-04-02T10:44:14.363+0000] {processor.py:153} INFO - Started process (PID=5094) to work on /home/airflow/.local/lib/python3.7/site-packages/airflow/example_dags/example_kubernetes_executor.py
[2023-04-02T10:44:14.365+0000] {processor.py:743} INFO - Processing file /home/airflow/.local/lib/python3.7/site-packages/airflow/example_dags/example_kubernetes_executor.py for tasks to queue
[2023-04-02T10:44:14.368+0000] {logging_mixin.py:137} INFO - [2023-04-02T10:44:14.368+0000] {dagbag.py:532} INFO - Filling up the DagBag from /home/airflow/.local/lib/python3.7/site-packages/airflow/example_dags/example_kubernetes_executor.py
[2023-04-02T10:44:14.414+0000] {processor.py:753} INFO - DAG(s) dict_keys(['example_kubernetes_executor']) retrieved from /home/airflow/.local/lib/python3.7/site-packages/airflow/example_dags/example_kubernetes_executor.py
[2023-04-02T10:44:14.458+0000] {logging_mixin.py:137} INFO - [2023-04-02T10:44:14.458+0000] {dag.py:2705} INFO - Sync 1 DAGs
[2023-04-02T10:44:14.522+0000] {logging_mixin.py:137} INFO - [2023-04-02T10:44:14.522+0000] {dag.py:3456} INFO - Setting next_dagrun for example_kubernetes_executor to None, run_after=None
[2023-04-02T10:44:14.558+0000] {processor.py:175} INFO - Processing /home/airflow/.local/lib/python3.7/site-packages/airflow/example_dags/example_kubernetes_executor.py took 0.203 seconds
[2023-04-02T10:44:44.694+0000] {processor.py:153} INFO - Started process (PID=5312) to work on /home/airflow/.local/lib/python3.7/site-packages/airflow/example_dags/example_kubernetes_executor.py
[2023-04-02T10:44:44.697+0000] {processor.py:743} INFO - Processing file /home/airflow/.local/lib/python3.7/site-packages/airflow/example_dags/example_kubernetes_executor.py for tasks to queue
[2023-04-02T10:44:44.699+0000] {logging_mixin.py:137} INFO - [2023-04-02T10:44:44.699+0000] {dagbag.py:532} INFO - Filling up the DagBag from /home/airflow/.local/lib/python3.7/site-packages/airflow/example_dags/example_kubernetes_executor.py
[2023-04-02T10:44:44.744+0000] {processor.py:753} INFO - DAG(s) dict_keys(['example_kubernetes_executor']) retrieved from /home/airflow/.local/lib/python3.7/site-packages/airflow/example_dags/example_kubernetes_executor.py
[2023-04-02T10:44:44.829+0000] {logging_mixin.py:137} INFO - [2023-04-02T10:44:44.829+0000] {dag.py:2705} INFO - Sync 1 DAGs
[2023-04-02T10:44:44.895+0000] {logging_mixin.py:137} INFO - [2023-04-02T10:44:44.895+0000] {dag.py:3456} INFO - Setting next_dagrun for example_kubernetes_executor to None, run_after=None
[2023-04-02T10:44:44.935+0000] {processor.py:175} INFO - Processing /home/airflow/.local/lib/python3.7/site-packages/airflow/example_dags/example_kubernetes_executor.py took 0.247 seconds
[2023-04-02T10:45:15.712+0000] {processor.py:153} INFO - Started process (PID=5530) to work on /home/airflow/.local/lib/python3.7/site-packages/airflow/example_dags/example_kubernetes_executor.py
[2023-04-02T10:45:15.714+0000] {processor.py:743} INFO - Processing file /home/airflow/.local/lib/python3.7/site-packages/airflow/example_dags/example_kubernetes_executor.py for tasks to queue
[2023-04-02T10:45:15.717+0000] {logging_mixin.py:137} INFO - [2023-04-02T10:45:15.716+0000] {dagbag.py:532} INFO - Filling up the DagBag from /home/airflow/.local/lib/python3.7/site-packages/airflow/example_dags/example_kubernetes_executor.py
[2023-04-02T10:45:15.786+0000] {processor.py:753} INFO - DAG(s) dict_keys(['example_kubernetes_executor']) retrieved from /home/airflow/.local/lib/python3.7/site-packages/airflow/example_dags/example_kubernetes_executor.py
[2023-04-02T10:45:15.864+0000] {logging_mixin.py:137} INFO - [2023-04-02T10:45:15.864+0000] {dag.py:2705} INFO - Sync 1 DAGs
[2023-04-02T10:45:15.903+0000] {logging_mixin.py:137} INFO - [2023-04-02T10:45:15.903+0000] {dag.py:3456} INFO - Setting next_dagrun for example_kubernetes_executor to None, run_after=None
[2023-04-02T10:45:15.942+0000] {processor.py:175} INFO - Processing /home/airflow/.local/lib/python3.7/site-packages/airflow/example_dags/example_kubernetes_executor.py took 0.236 seconds
[2023-04-02T10:45:46.340+0000] {processor.py:153} INFO - Started process (PID=5748) to work on /home/airflow/.local/lib/python3.7/site-packages/airflow/example_dags/example_kubernetes_executor.py
[2023-04-02T10:45:46.344+0000] {processor.py:743} INFO - Processing file /home/airflow/.local/lib/python3.7/site-packages/airflow/example_dags/example_kubernetes_executor.py for tasks to queue
[2023-04-02T10:45:46.348+0000] {logging_mixin.py:137} INFO - [2023-04-02T10:45:46.347+0000] {dagbag.py:532} INFO - Filling up the DagBag from /home/airflow/.local/lib/python3.7/site-packages/airflow/example_dags/example_kubernetes_executor.py
[2023-04-02T10:45:46.436+0000] {processor.py:753} INFO - DAG(s) dict_keys(['example_kubernetes_executor']) retrieved from /home/airflow/.local/lib/python3.7/site-packages/airflow/example_dags/example_kubernetes_executor.py
[2023-04-02T10:45:46.562+0000] {logging_mixin.py:137} INFO - [2023-04-02T10:45:46.562+0000] {dag.py:2705} INFO - Sync 1 DAGs
[2023-04-02T10:45:46.632+0000] {logging_mixin.py:137} INFO - [2023-04-02T10:45:46.632+0000] {dag.py:3456} INFO - Setting next_dagrun for example_kubernetes_executor to None, run_after=None
[2023-04-02T10:45:46.684+0000] {processor.py:175} INFO - Processing /home/airflow/.local/lib/python3.7/site-packages/airflow/example_dags/example_kubernetes_executor.py took 0.352 seconds
[2023-04-02T10:46:17.254+0000] {processor.py:153} INFO - Started process (PID=5966) to work on /home/airflow/.local/lib/python3.7/site-packages/airflow/example_dags/example_kubernetes_executor.py
[2023-04-02T10:46:17.260+0000] {processor.py:743} INFO - Processing file /home/airflow/.local/lib/python3.7/site-packages/airflow/example_dags/example_kubernetes_executor.py for tasks to queue
[2023-04-02T10:46:17.264+0000] {logging_mixin.py:137} INFO - [2023-04-02T10:46:17.264+0000] {dagbag.py:532} INFO - Filling up the DagBag from /home/airflow/.local/lib/python3.7/site-packages/airflow/example_dags/example_kubernetes_executor.py
[2023-04-02T10:46:17.319+0000] {processor.py:753} INFO - DAG(s) dict_keys(['example_kubernetes_executor']) retrieved from /home/airflow/.local/lib/python3.7/site-packages/airflow/example_dags/example_kubernetes_executor.py
[2023-04-02T10:46:17.409+0000] {logging_mixin.py:137} INFO - [2023-04-02T10:46:17.408+0000] {dag.py:2705} INFO - Sync 1 DAGs
[2023-04-02T10:46:17.482+0000] {logging_mixin.py:137} INFO - [2023-04-02T10:46:17.482+0000] {dag.py:3456} INFO - Setting next_dagrun for example_kubernetes_executor to None, run_after=None
[2023-04-02T10:46:17.558+0000] {processor.py:175} INFO - Processing /home/airflow/.local/lib/python3.7/site-packages/airflow/example_dags/example_kubernetes_executor.py took 0.311 seconds
[2023-04-02T10:46:48.148+0000] {processor.py:153} INFO - Started process (PID=6185) to work on /home/airflow/.local/lib/python3.7/site-packages/airflow/example_dags/example_kubernetes_executor.py
[2023-04-02T10:46:48.150+0000] {processor.py:743} INFO - Processing file /home/airflow/.local/lib/python3.7/site-packages/airflow/example_dags/example_kubernetes_executor.py for tasks to queue
[2023-04-02T10:46:48.154+0000] {logging_mixin.py:137} INFO - [2023-04-02T10:46:48.154+0000] {dagbag.py:532} INFO - Filling up the DagBag from /home/airflow/.local/lib/python3.7/site-packages/airflow/example_dags/example_kubernetes_executor.py
[2023-04-02T10:46:48.216+0000] {processor.py:753} INFO - DAG(s) dict_keys(['example_kubernetes_executor']) retrieved from /home/airflow/.local/lib/python3.7/site-packages/airflow/example_dags/example_kubernetes_executor.py
[2023-04-02T10:46:48.292+0000] {logging_mixin.py:137} INFO - [2023-04-02T10:46:48.291+0000] {dag.py:2705} INFO - Sync 1 DAGs
[2023-04-02T10:46:48.369+0000] {logging_mixin.py:137} INFO - [2023-04-02T10:46:48.369+0000] {dag.py:3456} INFO - Setting next_dagrun for example_kubernetes_executor to None, run_after=None
[2023-04-02T10:46:48.428+0000] {processor.py:175} INFO - Processing /home/airflow/.local/lib/python3.7/site-packages/airflow/example_dags/example_kubernetes_executor.py took 0.287 seconds
[2023-04-02T10:47:18.689+0000] {processor.py:153} INFO - Started process (PID=6405) to work on /home/airflow/.local/lib/python3.7/site-packages/airflow/example_dags/example_kubernetes_executor.py
[2023-04-02T10:47:18.692+0000] {processor.py:743} INFO - Processing file /home/airflow/.local/lib/python3.7/site-packages/airflow/example_dags/example_kubernetes_executor.py for tasks to queue
[2023-04-02T10:47:18.698+0000] {logging_mixin.py:137} INFO - [2023-04-02T10:47:18.697+0000] {dagbag.py:532} INFO - Filling up the DagBag from /home/airflow/.local/lib/python3.7/site-packages/airflow/example_dags/example_kubernetes_executor.py
[2023-04-02T10:47:18.746+0000] {processor.py:753} INFO - DAG(s) dict_keys(['example_kubernetes_executor']) retrieved from /home/airflow/.local/lib/python3.7/site-packages/airflow/example_dags/example_kubernetes_executor.py
[2023-04-02T10:47:18.793+0000] {logging_mixin.py:137} INFO - [2023-04-02T10:47:18.792+0000] {dag.py:2705} INFO - Sync 1 DAGs
[2023-04-02T10:47:18.833+0000] {logging_mixin.py:137} INFO - [2023-04-02T10:47:18.833+0000] {dag.py:3456} INFO - Setting next_dagrun for example_kubernetes_executor to None, run_after=None
[2023-04-02T10:47:18.869+0000] {processor.py:175} INFO - Processing /home/airflow/.local/lib/python3.7/site-packages/airflow/example_dags/example_kubernetes_executor.py took 0.186 seconds
[2023-04-02T10:47:49.354+0000] {processor.py:153} INFO - Started process (PID=6621) to work on /home/airflow/.local/lib/python3.7/site-packages/airflow/example_dags/example_kubernetes_executor.py
[2023-04-02T10:47:49.356+0000] {processor.py:743} INFO - Processing file /home/airflow/.local/lib/python3.7/site-packages/airflow/example_dags/example_kubernetes_executor.py for tasks to queue
[2023-04-02T10:47:49.357+0000] {logging_mixin.py:137} INFO - [2023-04-02T10:47:49.357+0000] {dagbag.py:532} INFO - Filling up the DagBag from /home/airflow/.local/lib/python3.7/site-packages/airflow/example_dags/example_kubernetes_executor.py
[2023-04-02T10:47:49.427+0000] {processor.py:753} INFO - DAG(s) dict_keys(['example_kubernetes_executor']) retrieved from /home/airflow/.local/lib/python3.7/site-packages/airflow/example_dags/example_kubernetes_executor.py
[2023-04-02T10:47:49.531+0000] {logging_mixin.py:137} INFO - [2023-04-02T10:47:49.531+0000] {dag.py:2705} INFO - Sync 1 DAGs
[2023-04-02T10:47:49.610+0000] {logging_mixin.py:137} INFO - [2023-04-02T10:47:49.610+0000] {dag.py:3456} INFO - Setting next_dagrun for example_kubernetes_executor to None, run_after=None
[2023-04-02T10:47:49.674+0000] {processor.py:175} INFO - Processing /home/airflow/.local/lib/python3.7/site-packages/airflow/example_dags/example_kubernetes_executor.py took 0.332 seconds
[2023-04-02T10:48:20.271+0000] {processor.py:153} INFO - Started process (PID=6839) to work on /home/airflow/.local/lib/python3.7/site-packages/airflow/example_dags/example_kubernetes_executor.py
[2023-04-02T10:48:20.273+0000] {processor.py:743} INFO - Processing file /home/airflow/.local/lib/python3.7/site-packages/airflow/example_dags/example_kubernetes_executor.py for tasks to queue
[2023-04-02T10:48:20.277+0000] {logging_mixin.py:137} INFO - [2023-04-02T10:48:20.276+0000] {dagbag.py:532} INFO - Filling up the DagBag from /home/airflow/.local/lib/python3.7/site-packages/airflow/example_dags/example_kubernetes_executor.py
[2023-04-02T10:48:20.326+0000] {processor.py:753} INFO - DAG(s) dict_keys(['example_kubernetes_executor']) retrieved from /home/airflow/.local/lib/python3.7/site-packages/airflow/example_dags/example_kubernetes_executor.py
[2023-04-02T10:48:20.411+0000] {logging_mixin.py:137} INFO - [2023-04-02T10:48:20.409+0000] {dag.py:2705} INFO - Sync 1 DAGs
[2023-04-02T10:48:20.476+0000] {logging_mixin.py:137} INFO - [2023-04-02T10:48:20.475+0000] {dag.py:3456} INFO - Setting next_dagrun for example_kubernetes_executor to None, run_after=None
[2023-04-02T10:48:20.506+0000] {processor.py:175} INFO - Processing /home/airflow/.local/lib/python3.7/site-packages/airflow/example_dags/example_kubernetes_executor.py took 0.240 seconds
[2023-04-02T10:48:50.998+0000] {processor.py:153} INFO - Started process (PID=7057) to work on /home/airflow/.local/lib/python3.7/site-packages/airflow/example_dags/example_kubernetes_executor.py
[2023-04-02T10:48:51.001+0000] {processor.py:743} INFO - Processing file /home/airflow/.local/lib/python3.7/site-packages/airflow/example_dags/example_kubernetes_executor.py for tasks to queue
[2023-04-02T10:48:51.006+0000] {logging_mixin.py:137} INFO - [2023-04-02T10:48:51.005+0000] {dagbag.py:532} INFO - Filling up the DagBag from /home/airflow/.local/lib/python3.7/site-packages/airflow/example_dags/example_kubernetes_executor.py
[2023-04-02T10:48:51.072+0000] {processor.py:753} INFO - DAG(s) dict_keys(['example_kubernetes_executor']) retrieved from /home/airflow/.local/lib/python3.7/site-packages/airflow/example_dags/example_kubernetes_executor.py
[2023-04-02T10:48:51.131+0000] {logging_mixin.py:137} INFO - [2023-04-02T10:48:51.131+0000] {dag.py:2705} INFO - Sync 1 DAGs
[2023-04-02T10:48:51.183+0000] {logging_mixin.py:137} INFO - [2023-04-02T10:48:51.182+0000] {dag.py:3456} INFO - Setting next_dagrun for example_kubernetes_executor to None, run_after=None
[2023-04-02T10:48:51.220+0000] {processor.py:175} INFO - Processing /home/airflow/.local/lib/python3.7/site-packages/airflow/example_dags/example_kubernetes_executor.py took 0.230 seconds
[2023-04-02T10:49:21.450+0000] {processor.py:153} INFO - Started process (PID=7275) to work on /home/airflow/.local/lib/python3.7/site-packages/airflow/example_dags/example_kubernetes_executor.py
[2023-04-02T10:49:21.454+0000] {processor.py:743} INFO - Processing file /home/airflow/.local/lib/python3.7/site-packages/airflow/example_dags/example_kubernetes_executor.py for tasks to queue
[2023-04-02T10:49:21.460+0000] {logging_mixin.py:137} INFO - [2023-04-02T10:49:21.460+0000] {dagbag.py:532} INFO - Filling up the DagBag from /home/airflow/.local/lib/python3.7/site-packages/airflow/example_dags/example_kubernetes_executor.py
[2023-04-02T10:49:21.527+0000] {processor.py:753} INFO - DAG(s) dict_keys(['example_kubernetes_executor']) retrieved from /home/airflow/.local/lib/python3.7/site-packages/airflow/example_dags/example_kubernetes_executor.py
[2023-04-02T10:49:21.622+0000] {logging_mixin.py:137} INFO - [2023-04-02T10:49:21.622+0000] {dag.py:2705} INFO - Sync 1 DAGs
[2023-04-02T10:49:21.682+0000] {logging_mixin.py:137} INFO - [2023-04-02T10:49:21.682+0000] {dag.py:3456} INFO - Setting next_dagrun for example_kubernetes_executor to None, run_after=None
[2023-04-02T10:49:21.719+0000] {processor.py:175} INFO - Processing /home/airflow/.local/lib/python3.7/site-packages/airflow/example_dags/example_kubernetes_executor.py took 0.275 seconds
[2023-04-02T10:49:52.131+0000] {processor.py:153} INFO - Started process (PID=7493) to work on /home/airflow/.local/lib/python3.7/site-packages/airflow/example_dags/example_kubernetes_executor.py
[2023-04-02T10:49:52.133+0000] {processor.py:743} INFO - Processing file /home/airflow/.local/lib/python3.7/site-packages/airflow/example_dags/example_kubernetes_executor.py for tasks to queue
[2023-04-02T10:49:52.137+0000] {logging_mixin.py:137} INFO - [2023-04-02T10:49:52.137+0000] {dagbag.py:532} INFO - Filling up the DagBag from /home/airflow/.local/lib/python3.7/site-packages/airflow/example_dags/example_kubernetes_executor.py
[2023-04-02T10:49:52.194+0000] {processor.py:753} INFO - DAG(s) dict_keys(['example_kubernetes_executor']) retrieved from /home/airflow/.local/lib/python3.7/site-packages/airflow/example_dags/example_kubernetes_executor.py
[2023-04-02T10:49:52.285+0000] {logging_mixin.py:137} INFO - [2023-04-02T10:49:52.285+0000] {dag.py:2705} INFO - Sync 1 DAGs
[2023-04-02T10:49:52.350+0000] {logging_mixin.py:137} INFO - [2023-04-02T10:49:52.349+0000] {dag.py:3456} INFO - Setting next_dagrun for example_kubernetes_executor to None, run_after=None
[2023-04-02T10:49:52.407+0000] {processor.py:175} INFO - Processing /home/airflow/.local/lib/python3.7/site-packages/airflow/example_dags/example_kubernetes_executor.py took 0.284 seconds
[2023-04-02T10:50:22.564+0000] {processor.py:153} INFO - Started process (PID=7711) to work on /home/airflow/.local/lib/python3.7/site-packages/airflow/example_dags/example_kubernetes_executor.py
[2023-04-02T10:50:22.566+0000] {processor.py:743} INFO - Processing file /home/airflow/.local/lib/python3.7/site-packages/airflow/example_dags/example_kubernetes_executor.py for tasks to queue
[2023-04-02T10:50:22.569+0000] {logging_mixin.py:137} INFO - [2023-04-02T10:50:22.569+0000] {dagbag.py:532} INFO - Filling up the DagBag from /home/airflow/.local/lib/python3.7/site-packages/airflow/example_dags/example_kubernetes_executor.py
[2023-04-02T10:50:22.673+0000] {processor.py:753} INFO - DAG(s) dict_keys(['example_kubernetes_executor']) retrieved from /home/airflow/.local/lib/python3.7/site-packages/airflow/example_dags/example_kubernetes_executor.py
[2023-04-02T10:50:22.729+0000] {logging_mixin.py:137} INFO - [2023-04-02T10:50:22.729+0000] {dag.py:2705} INFO - Sync 1 DAGs
[2023-04-02T10:50:22.779+0000] {logging_mixin.py:137} INFO - [2023-04-02T10:50:22.779+0000] {dag.py:3456} INFO - Setting next_dagrun for example_kubernetes_executor to None, run_after=None
[2023-04-02T10:50:22.826+0000] {processor.py:175} INFO - Processing /home/airflow/.local/lib/python3.7/site-packages/airflow/example_dags/example_kubernetes_executor.py took 0.266 seconds
