[2023-04-02T10:32:44.533+0000] {processor.py:153} INFO - Started process (PID=164) to work on /home/airflow/.local/lib/python3.7/site-packages/airflow/example_dags/example_branch_operator_decorator.py
[2023-04-02T10:32:44.536+0000] {processor.py:743} INFO - Processing file /home/airflow/.local/lib/python3.7/site-packages/airflow/example_dags/example_branch_operator_decorator.py for tasks to queue
[2023-04-02T10:32:44.541+0000] {logging_mixin.py:137} INFO - [2023-04-02T10:32:44.541+0000] {dagbag.py:532} INFO - Filling up the DagBag from /home/airflow/.local/lib/python3.7/site-packages/airflow/example_dags/example_branch_operator_decorator.py
[2023-04-02T10:32:44.725+0000] {processor.py:753} INFO - DAG(s) dict_keys(['example_branch_python_operator_decorator']) retrieved from /home/airflow/.local/lib/python3.7/site-packages/airflow/example_dags/example_branch_operator_decorator.py
[2023-04-02T10:32:44.824+0000] {logging_mixin.py:137} INFO - [2023-04-02T10:32:44.824+0000] {dag.py:2705} INFO - Sync 1 DAGs
[2023-04-02T10:32:44.898+0000] {logging_mixin.py:137} INFO - [2023-04-02T10:32:44.898+0000] {dag.py:3456} INFO - Setting next_dagrun for example_branch_python_operator_decorator to 2023-04-01T00:00:00+00:00, run_after=2023-04-02T00:00:00+00:00
[2023-04-02T10:32:45.026+0000] {processor.py:175} INFO - Processing /home/airflow/.local/lib/python3.7/site-packages/airflow/example_dags/example_branch_operator_decorator.py took 0.505 seconds
[2023-04-02T10:33:15.383+0000] {processor.py:153} INFO - Started process (PID=383) to work on /home/airflow/.local/lib/python3.7/site-packages/airflow/example_dags/example_branch_operator_decorator.py
[2023-04-02T10:33:15.400+0000] {processor.py:743} INFO - Processing file /home/airflow/.local/lib/python3.7/site-packages/airflow/example_dags/example_branch_operator_decorator.py for tasks to queue
[2023-04-02T10:33:15.407+0000] {logging_mixin.py:137} INFO - [2023-04-02T10:33:15.407+0000] {dagbag.py:532} INFO - Filling up the DagBag from /home/airflow/.local/lib/python3.7/site-packages/airflow/example_dags/example_branch_operator_decorator.py
[2023-04-02T10:33:15.554+0000] {processor.py:753} INFO - DAG(s) dict_keys(['example_branch_python_operator_decorator']) retrieved from /home/airflow/.local/lib/python3.7/site-packages/airflow/example_dags/example_branch_operator_decorator.py
[2023-04-02T10:33:15.681+0000] {logging_mixin.py:137} INFO - [2023-04-02T10:33:15.681+0000] {dag.py:2705} INFO - Sync 1 DAGs
[2023-04-02T10:33:15.794+0000] {logging_mixin.py:137} INFO - [2023-04-02T10:33:15.794+0000] {dag.py:3456} INFO - Setting next_dagrun for example_branch_python_operator_decorator to 2023-04-01T00:00:00+00:00, run_after=2023-04-02T00:00:00+00:00
[2023-04-02T10:33:15.909+0000] {processor.py:175} INFO - Processing /home/airflow/.local/lib/python3.7/site-packages/airflow/example_dags/example_branch_operator_decorator.py took 0.542 seconds
[2023-04-02T10:33:46.237+0000] {processor.py:153} INFO - Started process (PID=602) to work on /home/airflow/.local/lib/python3.7/site-packages/airflow/example_dags/example_branch_operator_decorator.py
[2023-04-02T10:33:46.245+0000] {processor.py:743} INFO - Processing file /home/airflow/.local/lib/python3.7/site-packages/airflow/example_dags/example_branch_operator_decorator.py for tasks to queue
[2023-04-02T10:33:46.250+0000] {logging_mixin.py:137} INFO - [2023-04-02T10:33:46.250+0000] {dagbag.py:532} INFO - Filling up the DagBag from /home/airflow/.local/lib/python3.7/site-packages/airflow/example_dags/example_branch_operator_decorator.py
[2023-04-02T10:33:46.367+0000] {processor.py:753} INFO - DAG(s) dict_keys(['example_branch_python_operator_decorator']) retrieved from /home/airflow/.local/lib/python3.7/site-packages/airflow/example_dags/example_branch_operator_decorator.py
[2023-04-02T10:33:46.478+0000] {logging_mixin.py:137} INFO - [2023-04-02T10:33:46.478+0000] {dag.py:2705} INFO - Sync 1 DAGs
[2023-04-02T10:33:46.647+0000] {logging_mixin.py:137} INFO - [2023-04-02T10:33:46.638+0000] {dag.py:3456} INFO - Setting next_dagrun for example_branch_python_operator_decorator to 2023-04-01T00:00:00+00:00, run_after=2023-04-02T00:00:00+00:00
[2023-04-02T10:33:46.731+0000] {processor.py:175} INFO - Processing /home/airflow/.local/lib/python3.7/site-packages/airflow/example_dags/example_branch_operator_decorator.py took 0.512 seconds
[2023-04-02T10:34:17.188+0000] {processor.py:153} INFO - Started process (PID=820) to work on /home/airflow/.local/lib/python3.7/site-packages/airflow/example_dags/example_branch_operator_decorator.py
[2023-04-02T10:34:17.194+0000] {processor.py:743} INFO - Processing file /home/airflow/.local/lib/python3.7/site-packages/airflow/example_dags/example_branch_operator_decorator.py for tasks to queue
[2023-04-02T10:34:17.198+0000] {logging_mixin.py:137} INFO - [2023-04-02T10:34:17.197+0000] {dagbag.py:532} INFO - Filling up the DagBag from /home/airflow/.local/lib/python3.7/site-packages/airflow/example_dags/example_branch_operator_decorator.py
[2023-04-02T10:34:18.082+0000] {processor.py:753} INFO - DAG(s) dict_keys(['example_branch_python_operator_decorator']) retrieved from /home/airflow/.local/lib/python3.7/site-packages/airflow/example_dags/example_branch_operator_decorator.py
[2023-04-02T10:34:18.575+0000] {logging_mixin.py:137} INFO - [2023-04-02T10:34:18.575+0000] {dag.py:2705} INFO - Sync 1 DAGs
[2023-04-02T10:34:18.864+0000] {logging_mixin.py:137} INFO - [2023-04-02T10:34:18.863+0000] {dag.py:3456} INFO - Setting next_dagrun for example_branch_python_operator_decorator to 2023-04-01T00:00:00+00:00, run_after=2023-04-02T00:00:00+00:00
[2023-04-02T10:34:18.997+0000] {processor.py:175} INFO - Processing /home/airflow/.local/lib/python3.7/site-packages/airflow/example_dags/example_branch_operator_decorator.py took 1.829 seconds
[2023-04-02T10:34:49.415+0000] {processor.py:153} INFO - Started process (PID=1039) to work on /home/airflow/.local/lib/python3.7/site-packages/airflow/example_dags/example_branch_operator_decorator.py
[2023-04-02T10:34:49.416+0000] {processor.py:743} INFO - Processing file /home/airflow/.local/lib/python3.7/site-packages/airflow/example_dags/example_branch_operator_decorator.py for tasks to queue
[2023-04-02T10:34:49.418+0000] {logging_mixin.py:137} INFO - [2023-04-02T10:34:49.418+0000] {dagbag.py:532} INFO - Filling up the DagBag from /home/airflow/.local/lib/python3.7/site-packages/airflow/example_dags/example_branch_operator_decorator.py
[2023-04-02T10:34:49.484+0000] {processor.py:753} INFO - DAG(s) dict_keys(['example_branch_python_operator_decorator']) retrieved from /home/airflow/.local/lib/python3.7/site-packages/airflow/example_dags/example_branch_operator_decorator.py
[2023-04-02T10:34:49.604+0000] {logging_mixin.py:137} INFO - [2023-04-02T10:34:49.604+0000] {dag.py:2705} INFO - Sync 1 DAGs
[2023-04-02T10:34:49.675+0000] {logging_mixin.py:137} INFO - [2023-04-02T10:34:49.675+0000] {dag.py:3456} INFO - Setting next_dagrun for example_branch_python_operator_decorator to 2023-04-01T00:00:00+00:00, run_after=2023-04-02T00:00:00+00:00
[2023-04-02T10:34:49.758+0000] {processor.py:175} INFO - Processing /home/airflow/.local/lib/python3.7/site-packages/airflow/example_dags/example_branch_operator_decorator.py took 0.354 seconds
[2023-04-02T10:35:20.032+0000] {processor.py:153} INFO - Started process (PID=1257) to work on /home/airflow/.local/lib/python3.7/site-packages/airflow/example_dags/example_branch_operator_decorator.py
[2023-04-02T10:35:20.037+0000] {processor.py:743} INFO - Processing file /home/airflow/.local/lib/python3.7/site-packages/airflow/example_dags/example_branch_operator_decorator.py for tasks to queue
[2023-04-02T10:35:20.043+0000] {logging_mixin.py:137} INFO - [2023-04-02T10:35:20.043+0000] {dagbag.py:532} INFO - Filling up the DagBag from /home/airflow/.local/lib/python3.7/site-packages/airflow/example_dags/example_branch_operator_decorator.py
[2023-04-02T10:35:20.121+0000] {processor.py:753} INFO - DAG(s) dict_keys(['example_branch_python_operator_decorator']) retrieved from /home/airflow/.local/lib/python3.7/site-packages/airflow/example_dags/example_branch_operator_decorator.py
[2023-04-02T10:35:20.166+0000] {logging_mixin.py:137} INFO - [2023-04-02T10:35:20.166+0000] {dag.py:2705} INFO - Sync 1 DAGs
[2023-04-02T10:35:20.220+0000] {logging_mixin.py:137} INFO - [2023-04-02T10:35:20.219+0000] {dag.py:3456} INFO - Setting next_dagrun for example_branch_python_operator_decorator to 2023-04-01T00:00:00+00:00, run_after=2023-04-02T00:00:00+00:00
[2023-04-02T10:35:20.255+0000] {processor.py:175} INFO - Processing /home/airflow/.local/lib/python3.7/site-packages/airflow/example_dags/example_branch_operator_decorator.py took 0.240 seconds
[2023-04-02T10:35:50.408+0000] {processor.py:153} INFO - Started process (PID=1475) to work on /home/airflow/.local/lib/python3.7/site-packages/airflow/example_dags/example_branch_operator_decorator.py
[2023-04-02T10:35:50.414+0000] {processor.py:743} INFO - Processing file /home/airflow/.local/lib/python3.7/site-packages/airflow/example_dags/example_branch_operator_decorator.py for tasks to queue
[2023-04-02T10:35:50.422+0000] {logging_mixin.py:137} INFO - [2023-04-02T10:35:50.421+0000] {dagbag.py:532} INFO - Filling up the DagBag from /home/airflow/.local/lib/python3.7/site-packages/airflow/example_dags/example_branch_operator_decorator.py
[2023-04-02T10:35:50.490+0000] {processor.py:753} INFO - DAG(s) dict_keys(['example_branch_python_operator_decorator']) retrieved from /home/airflow/.local/lib/python3.7/site-packages/airflow/example_dags/example_branch_operator_decorator.py
[2023-04-02T10:35:50.569+0000] {logging_mixin.py:137} INFO - [2023-04-02T10:35:50.569+0000] {dag.py:2705} INFO - Sync 1 DAGs
[2023-04-02T10:35:50.639+0000] {logging_mixin.py:137} INFO - [2023-04-02T10:35:50.638+0000] {dag.py:3456} INFO - Setting next_dagrun for example_branch_python_operator_decorator to 2023-04-01T00:00:00+00:00, run_after=2023-04-02T00:00:00+00:00
[2023-04-02T10:35:50.721+0000] {processor.py:175} INFO - Processing /home/airflow/.local/lib/python3.7/site-packages/airflow/example_dags/example_branch_operator_decorator.py took 0.321 seconds
[2023-04-02T10:36:20.979+0000] {processor.py:153} INFO - Started process (PID=1693) to work on /home/airflow/.local/lib/python3.7/site-packages/airflow/example_dags/example_branch_operator_decorator.py
[2023-04-02T10:36:20.980+0000] {processor.py:743} INFO - Processing file /home/airflow/.local/lib/python3.7/site-packages/airflow/example_dags/example_branch_operator_decorator.py for tasks to queue
[2023-04-02T10:36:20.982+0000] {logging_mixin.py:137} INFO - [2023-04-02T10:36:20.981+0000] {dagbag.py:532} INFO - Filling up the DagBag from /home/airflow/.local/lib/python3.7/site-packages/airflow/example_dags/example_branch_operator_decorator.py
[2023-04-02T10:36:21.044+0000] {processor.py:753} INFO - DAG(s) dict_keys(['example_branch_python_operator_decorator']) retrieved from /home/airflow/.local/lib/python3.7/site-packages/airflow/example_dags/example_branch_operator_decorator.py
[2023-04-02T10:36:21.114+0000] {logging_mixin.py:137} INFO - [2023-04-02T10:36:21.113+0000] {dag.py:2705} INFO - Sync 1 DAGs
[2023-04-02T10:36:21.169+0000] {logging_mixin.py:137} INFO - [2023-04-02T10:36:21.168+0000] {dag.py:3456} INFO - Setting next_dagrun for example_branch_python_operator_decorator to 2023-04-01T00:00:00+00:00, run_after=2023-04-02T00:00:00+00:00
[2023-04-02T10:36:21.217+0000] {processor.py:175} INFO - Processing /home/airflow/.local/lib/python3.7/site-packages/airflow/example_dags/example_branch_operator_decorator.py took 0.244 seconds
[2023-04-02T10:36:51.328+0000] {processor.py:153} INFO - Started process (PID=1911) to work on /home/airflow/.local/lib/python3.7/site-packages/airflow/example_dags/example_branch_operator_decorator.py
[2023-04-02T10:36:51.332+0000] {processor.py:743} INFO - Processing file /home/airflow/.local/lib/python3.7/site-packages/airflow/example_dags/example_branch_operator_decorator.py for tasks to queue
[2023-04-02T10:36:51.335+0000] {logging_mixin.py:137} INFO - [2023-04-02T10:36:51.335+0000] {dagbag.py:532} INFO - Filling up the DagBag from /home/airflow/.local/lib/python3.7/site-packages/airflow/example_dags/example_branch_operator_decorator.py
[2023-04-02T10:36:51.439+0000] {processor.py:753} INFO - DAG(s) dict_keys(['example_branch_python_operator_decorator']) retrieved from /home/airflow/.local/lib/python3.7/site-packages/airflow/example_dags/example_branch_operator_decorator.py
[2023-04-02T10:36:51.484+0000] {logging_mixin.py:137} INFO - [2023-04-02T10:36:51.484+0000] {dag.py:2705} INFO - Sync 1 DAGs
[2023-04-02T10:36:51.531+0000] {logging_mixin.py:137} INFO - [2023-04-02T10:36:51.531+0000] {dag.py:3456} INFO - Setting next_dagrun for example_branch_python_operator_decorator to 2023-04-01T00:00:00+00:00, run_after=2023-04-02T00:00:00+00:00
[2023-04-02T10:36:51.564+0000] {processor.py:175} INFO - Processing /home/airflow/.local/lib/python3.7/site-packages/airflow/example_dags/example_branch_operator_decorator.py took 0.245 seconds
[2023-04-02T10:37:21.854+0000] {processor.py:153} INFO - Started process (PID=2129) to work on /home/airflow/.local/lib/python3.7/site-packages/airflow/example_dags/example_branch_operator_decorator.py
[2023-04-02T10:37:21.864+0000] {processor.py:743} INFO - Processing file /home/airflow/.local/lib/python3.7/site-packages/airflow/example_dags/example_branch_operator_decorator.py for tasks to queue
[2023-04-02T10:37:21.869+0000] {logging_mixin.py:137} INFO - [2023-04-02T10:37:21.868+0000] {dagbag.py:532} INFO - Filling up the DagBag from /home/airflow/.local/lib/python3.7/site-packages/airflow/example_dags/example_branch_operator_decorator.py
[2023-04-02T10:37:21.925+0000] {processor.py:753} INFO - DAG(s) dict_keys(['example_branch_python_operator_decorator']) retrieved from /home/airflow/.local/lib/python3.7/site-packages/airflow/example_dags/example_branch_operator_decorator.py
[2023-04-02T10:37:21.992+0000] {logging_mixin.py:137} INFO - [2023-04-02T10:37:21.992+0000] {dag.py:2705} INFO - Sync 1 DAGs
[2023-04-02T10:37:22.051+0000] {logging_mixin.py:137} INFO - [2023-04-02T10:37:22.050+0000] {dag.py:3456} INFO - Setting next_dagrun for example_branch_python_operator_decorator to 2023-04-01T00:00:00+00:00, run_after=2023-04-02T00:00:00+00:00
[2023-04-02T10:37:22.085+0000] {processor.py:175} INFO - Processing /home/airflow/.local/lib/python3.7/site-packages/airflow/example_dags/example_branch_operator_decorator.py took 0.247 seconds
[2023-04-02T10:37:52.298+0000] {processor.py:153} INFO - Started process (PID=2347) to work on /home/airflow/.local/lib/python3.7/site-packages/airflow/example_dags/example_branch_operator_decorator.py
[2023-04-02T10:37:52.302+0000] {processor.py:743} INFO - Processing file /home/airflow/.local/lib/python3.7/site-packages/airflow/example_dags/example_branch_operator_decorator.py for tasks to queue
[2023-04-02T10:37:52.312+0000] {logging_mixin.py:137} INFO - [2023-04-02T10:37:52.312+0000] {dagbag.py:532} INFO - Filling up the DagBag from /home/airflow/.local/lib/python3.7/site-packages/airflow/example_dags/example_branch_operator_decorator.py
[2023-04-02T10:37:52.413+0000] {processor.py:753} INFO - DAG(s) dict_keys(['example_branch_python_operator_decorator']) retrieved from /home/airflow/.local/lib/python3.7/site-packages/airflow/example_dags/example_branch_operator_decorator.py
[2023-04-02T10:37:52.472+0000] {logging_mixin.py:137} INFO - [2023-04-02T10:37:52.472+0000] {dag.py:2705} INFO - Sync 1 DAGs
[2023-04-02T10:37:52.515+0000] {logging_mixin.py:137} INFO - [2023-04-02T10:37:52.514+0000] {dag.py:3456} INFO - Setting next_dagrun for example_branch_python_operator_decorator to 2023-04-01T00:00:00+00:00, run_after=2023-04-02T00:00:00+00:00
[2023-04-02T10:37:52.563+0000] {processor.py:175} INFO - Processing /home/airflow/.local/lib/python3.7/site-packages/airflow/example_dags/example_branch_operator_decorator.py took 0.273 seconds
[2023-04-02T10:38:23.403+0000] {processor.py:153} INFO - Started process (PID=2565) to work on /home/airflow/.local/lib/python3.7/site-packages/airflow/example_dags/example_branch_operator_decorator.py
[2023-04-02T10:38:23.407+0000] {processor.py:743} INFO - Processing file /home/airflow/.local/lib/python3.7/site-packages/airflow/example_dags/example_branch_operator_decorator.py for tasks to queue
[2023-04-02T10:38:23.413+0000] {logging_mixin.py:137} INFO - [2023-04-02T10:38:23.412+0000] {dagbag.py:532} INFO - Filling up the DagBag from /home/airflow/.local/lib/python3.7/site-packages/airflow/example_dags/example_branch_operator_decorator.py
[2023-04-02T10:38:23.462+0000] {processor.py:753} INFO - DAG(s) dict_keys(['example_branch_python_operator_decorator']) retrieved from /home/airflow/.local/lib/python3.7/site-packages/airflow/example_dags/example_branch_operator_decorator.py
[2023-04-02T10:38:23.546+0000] {logging_mixin.py:137} INFO - [2023-04-02T10:38:23.546+0000] {dag.py:2705} INFO - Sync 1 DAGs
[2023-04-02T10:38:23.590+0000] {logging_mixin.py:137} INFO - [2023-04-02T10:38:23.590+0000] {dag.py:3456} INFO - Setting next_dagrun for example_branch_python_operator_decorator to 2023-04-01T00:00:00+00:00, run_after=2023-04-02T00:00:00+00:00
[2023-04-02T10:38:23.626+0000] {processor.py:175} INFO - Processing /home/airflow/.local/lib/python3.7/site-packages/airflow/example_dags/example_branch_operator_decorator.py took 0.232 seconds
[2023-04-02T10:38:54.058+0000] {processor.py:153} INFO - Started process (PID=2783) to work on /home/airflow/.local/lib/python3.7/site-packages/airflow/example_dags/example_branch_operator_decorator.py
[2023-04-02T10:38:54.067+0000] {processor.py:743} INFO - Processing file /home/airflow/.local/lib/python3.7/site-packages/airflow/example_dags/example_branch_operator_decorator.py for tasks to queue
[2023-04-02T10:38:54.071+0000] {logging_mixin.py:137} INFO - [2023-04-02T10:38:54.070+0000] {dagbag.py:532} INFO - Filling up the DagBag from /home/airflow/.local/lib/python3.7/site-packages/airflow/example_dags/example_branch_operator_decorator.py
[2023-04-02T10:38:54.201+0000] {processor.py:753} INFO - DAG(s) dict_keys(['example_branch_python_operator_decorator']) retrieved from /home/airflow/.local/lib/python3.7/site-packages/airflow/example_dags/example_branch_operator_decorator.py
[2023-04-02T10:38:54.289+0000] {logging_mixin.py:137} INFO - [2023-04-02T10:38:54.289+0000] {dag.py:2705} INFO - Sync 1 DAGs
[2023-04-02T10:38:54.403+0000] {logging_mixin.py:137} INFO - [2023-04-02T10:38:54.403+0000] {dag.py:3456} INFO - Setting next_dagrun for example_branch_python_operator_decorator to 2023-04-01T00:00:00+00:00, run_after=2023-04-02T00:00:00+00:00
[2023-04-02T10:38:54.460+0000] {processor.py:175} INFO - Processing /home/airflow/.local/lib/python3.7/site-packages/airflow/example_dags/example_branch_operator_decorator.py took 0.407 seconds
[2023-04-02T10:39:25.471+0000] {processor.py:153} INFO - Started process (PID=3001) to work on /home/airflow/.local/lib/python3.7/site-packages/airflow/example_dags/example_branch_operator_decorator.py
[2023-04-02T10:39:25.474+0000] {processor.py:743} INFO - Processing file /home/airflow/.local/lib/python3.7/site-packages/airflow/example_dags/example_branch_operator_decorator.py for tasks to queue
[2023-04-02T10:39:25.478+0000] {logging_mixin.py:137} INFO - [2023-04-02T10:39:25.477+0000] {dagbag.py:532} INFO - Filling up the DagBag from /home/airflow/.local/lib/python3.7/site-packages/airflow/example_dags/example_branch_operator_decorator.py
[2023-04-02T10:39:25.535+0000] {processor.py:753} INFO - DAG(s) dict_keys(['example_branch_python_operator_decorator']) retrieved from /home/airflow/.local/lib/python3.7/site-packages/airflow/example_dags/example_branch_operator_decorator.py
[2023-04-02T10:39:25.586+0000] {logging_mixin.py:137} INFO - [2023-04-02T10:39:25.586+0000] {dag.py:2705} INFO - Sync 1 DAGs
[2023-04-02T10:39:25.633+0000] {logging_mixin.py:137} INFO - [2023-04-02T10:39:25.633+0000] {dag.py:3456} INFO - Setting next_dagrun for example_branch_python_operator_decorator to 2023-04-01T00:00:00+00:00, run_after=2023-04-02T00:00:00+00:00
[2023-04-02T10:39:25.676+0000] {processor.py:175} INFO - Processing /home/airflow/.local/lib/python3.7/site-packages/airflow/example_dags/example_branch_operator_decorator.py took 0.212 seconds
[2023-04-02T10:39:55.825+0000] {processor.py:153} INFO - Started process (PID=3219) to work on /home/airflow/.local/lib/python3.7/site-packages/airflow/example_dags/example_branch_operator_decorator.py
[2023-04-02T10:39:55.832+0000] {processor.py:743} INFO - Processing file /home/airflow/.local/lib/python3.7/site-packages/airflow/example_dags/example_branch_operator_decorator.py for tasks to queue
[2023-04-02T10:39:55.835+0000] {logging_mixin.py:137} INFO - [2023-04-02T10:39:55.835+0000] {dagbag.py:532} INFO - Filling up the DagBag from /home/airflow/.local/lib/python3.7/site-packages/airflow/example_dags/example_branch_operator_decorator.py
[2023-04-02T10:39:55.893+0000] {processor.py:753} INFO - DAG(s) dict_keys(['example_branch_python_operator_decorator']) retrieved from /home/airflow/.local/lib/python3.7/site-packages/airflow/example_dags/example_branch_operator_decorator.py
[2023-04-02T10:39:55.965+0000] {logging_mixin.py:137} INFO - [2023-04-02T10:39:55.965+0000] {dag.py:2705} INFO - Sync 1 DAGs
[2023-04-02T10:39:56.013+0000] {logging_mixin.py:137} INFO - [2023-04-02T10:39:56.013+0000] {dag.py:3456} INFO - Setting next_dagrun for example_branch_python_operator_decorator to 2023-04-01T00:00:00+00:00, run_after=2023-04-02T00:00:00+00:00
[2023-04-02T10:39:56.053+0000] {processor.py:175} INFO - Processing /home/airflow/.local/lib/python3.7/site-packages/airflow/example_dags/example_branch_operator_decorator.py took 0.237 seconds
[2023-04-02T10:40:26.499+0000] {processor.py:153} INFO - Started process (PID=3437) to work on /home/airflow/.local/lib/python3.7/site-packages/airflow/example_dags/example_branch_operator_decorator.py
[2023-04-02T10:40:26.518+0000] {processor.py:743} INFO - Processing file /home/airflow/.local/lib/python3.7/site-packages/airflow/example_dags/example_branch_operator_decorator.py for tasks to queue
[2023-04-02T10:40:26.526+0000] {logging_mixin.py:137} INFO - [2023-04-02T10:40:26.525+0000] {dagbag.py:532} INFO - Filling up the DagBag from /home/airflow/.local/lib/python3.7/site-packages/airflow/example_dags/example_branch_operator_decorator.py
[2023-04-02T10:40:26.582+0000] {processor.py:753} INFO - DAG(s) dict_keys(['example_branch_python_operator_decorator']) retrieved from /home/airflow/.local/lib/python3.7/site-packages/airflow/example_dags/example_branch_operator_decorator.py
[2023-04-02T10:40:26.648+0000] {logging_mixin.py:137} INFO - [2023-04-02T10:40:26.648+0000] {dag.py:2705} INFO - Sync 1 DAGs
[2023-04-02T10:40:26.706+0000] {logging_mixin.py:137} INFO - [2023-04-02T10:40:26.706+0000] {dag.py:3456} INFO - Setting next_dagrun for example_branch_python_operator_decorator to 2023-04-01T00:00:00+00:00, run_after=2023-04-02T00:00:00+00:00
[2023-04-02T10:40:26.757+0000] {processor.py:175} INFO - Processing /home/airflow/.local/lib/python3.7/site-packages/airflow/example_dags/example_branch_operator_decorator.py took 0.296 seconds
[2023-04-02T10:40:57.094+0000] {processor.py:153} INFO - Started process (PID=3660) to work on /home/airflow/.local/lib/python3.7/site-packages/airflow/example_dags/example_branch_operator_decorator.py
[2023-04-02T10:40:57.096+0000] {processor.py:743} INFO - Processing file /home/airflow/.local/lib/python3.7/site-packages/airflow/example_dags/example_branch_operator_decorator.py for tasks to queue
[2023-04-02T10:40:57.100+0000] {logging_mixin.py:137} INFO - [2023-04-02T10:40:57.099+0000] {dagbag.py:532} INFO - Filling up the DagBag from /home/airflow/.local/lib/python3.7/site-packages/airflow/example_dags/example_branch_operator_decorator.py
[2023-04-02T10:40:57.211+0000] {processor.py:753} INFO - DAG(s) dict_keys(['example_branch_python_operator_decorator']) retrieved from /home/airflow/.local/lib/python3.7/site-packages/airflow/example_dags/example_branch_operator_decorator.py
[2023-04-02T10:40:57.303+0000] {logging_mixin.py:137} INFO - [2023-04-02T10:40:57.303+0000] {dag.py:2705} INFO - Sync 1 DAGs
[2023-04-02T10:40:57.439+0000] {logging_mixin.py:137} INFO - [2023-04-02T10:40:57.437+0000] {dag.py:3456} INFO - Setting next_dagrun for example_branch_python_operator_decorator to 2023-04-01T00:00:00+00:00, run_after=2023-04-02T00:00:00+00:00
[2023-04-02T10:40:57.483+0000] {processor.py:175} INFO - Processing /home/airflow/.local/lib/python3.7/site-packages/airflow/example_dags/example_branch_operator_decorator.py took 0.401 seconds
[2023-04-02T10:41:27.683+0000] {processor.py:153} INFO - Started process (PID=3883) to work on /home/airflow/.local/lib/python3.7/site-packages/airflow/example_dags/example_branch_operator_decorator.py
[2023-04-02T10:41:27.684+0000] {processor.py:743} INFO - Processing file /home/airflow/.local/lib/python3.7/site-packages/airflow/example_dags/example_branch_operator_decorator.py for tasks to queue
[2023-04-02T10:41:27.688+0000] {logging_mixin.py:137} INFO - [2023-04-02T10:41:27.688+0000] {dagbag.py:532} INFO - Filling up the DagBag from /home/airflow/.local/lib/python3.7/site-packages/airflow/example_dags/example_branch_operator_decorator.py
[2023-04-02T10:41:27.735+0000] {processor.py:753} INFO - DAG(s) dict_keys(['example_branch_python_operator_decorator']) retrieved from /home/airflow/.local/lib/python3.7/site-packages/airflow/example_dags/example_branch_operator_decorator.py
[2023-04-02T10:41:27.778+0000] {logging_mixin.py:137} INFO - [2023-04-02T10:41:27.778+0000] {dag.py:2705} INFO - Sync 1 DAGs
[2023-04-02T10:41:27.823+0000] {logging_mixin.py:137} INFO - [2023-04-02T10:41:27.823+0000] {dag.py:3456} INFO - Setting next_dagrun for example_branch_python_operator_decorator to 2023-04-01T00:00:00+00:00, run_after=2023-04-02T00:00:00+00:00
[2023-04-02T10:41:27.852+0000] {processor.py:175} INFO - Processing /home/airflow/.local/lib/python3.7/site-packages/airflow/example_dags/example_branch_operator_decorator.py took 0.174 seconds
[2023-04-02T10:41:57.985+0000] {processor.py:153} INFO - Started process (PID=4096) to work on /home/airflow/.local/lib/python3.7/site-packages/airflow/example_dags/example_branch_operator_decorator.py
[2023-04-02T10:41:57.998+0000] {processor.py:743} INFO - Processing file /home/airflow/.local/lib/python3.7/site-packages/airflow/example_dags/example_branch_operator_decorator.py for tasks to queue
[2023-04-02T10:41:58.002+0000] {logging_mixin.py:137} INFO - [2023-04-02T10:41:58.001+0000] {dagbag.py:532} INFO - Filling up the DagBag from /home/airflow/.local/lib/python3.7/site-packages/airflow/example_dags/example_branch_operator_decorator.py
[2023-04-02T10:41:58.104+0000] {processor.py:753} INFO - DAG(s) dict_keys(['example_branch_python_operator_decorator']) retrieved from /home/airflow/.local/lib/python3.7/site-packages/airflow/example_dags/example_branch_operator_decorator.py
[2023-04-02T10:41:58.215+0000] {logging_mixin.py:137} INFO - [2023-04-02T10:41:58.215+0000] {dag.py:2705} INFO - Sync 1 DAGs
[2023-04-02T10:41:58.303+0000] {logging_mixin.py:137} INFO - [2023-04-02T10:41:58.302+0000] {dag.py:3456} INFO - Setting next_dagrun for example_branch_python_operator_decorator to 2023-04-01T00:00:00+00:00, run_after=2023-04-02T00:00:00+00:00
[2023-04-02T10:41:58.408+0000] {processor.py:175} INFO - Processing /home/airflow/.local/lib/python3.7/site-packages/airflow/example_dags/example_branch_operator_decorator.py took 0.437 seconds
[2023-04-02T10:42:28.884+0000] {processor.py:153} INFO - Started process (PID=4310) to work on /home/airflow/.local/lib/python3.7/site-packages/airflow/example_dags/example_branch_operator_decorator.py
[2023-04-02T10:42:28.933+0000] {processor.py:743} INFO - Processing file /home/airflow/.local/lib/python3.7/site-packages/airflow/example_dags/example_branch_operator_decorator.py for tasks to queue
[2023-04-02T10:42:28.941+0000] {logging_mixin.py:137} INFO - [2023-04-02T10:42:28.938+0000] {dagbag.py:532} INFO - Filling up the DagBag from /home/airflow/.local/lib/python3.7/site-packages/airflow/example_dags/example_branch_operator_decorator.py
[2023-04-02T10:42:29.096+0000] {processor.py:753} INFO - DAG(s) dict_keys(['example_branch_python_operator_decorator']) retrieved from /home/airflow/.local/lib/python3.7/site-packages/airflow/example_dags/example_branch_operator_decorator.py
[2023-04-02T10:42:29.215+0000] {logging_mixin.py:137} INFO - [2023-04-02T10:42:29.215+0000] {dag.py:2705} INFO - Sync 1 DAGs
[2023-04-02T10:42:29.414+0000] {logging_mixin.py:137} INFO - [2023-04-02T10:42:29.414+0000] {dag.py:3456} INFO - Setting next_dagrun for example_branch_python_operator_decorator to 2023-04-01T00:00:00+00:00, run_after=2023-04-02T00:00:00+00:00
[2023-04-02T10:42:29.505+0000] {processor.py:175} INFO - Processing /home/airflow/.local/lib/python3.7/site-packages/airflow/example_dags/example_branch_operator_decorator.py took 0.638 seconds
[2023-04-02T10:42:59.735+0000] {processor.py:153} INFO - Started process (PID=4528) to work on /home/airflow/.local/lib/python3.7/site-packages/airflow/example_dags/example_branch_operator_decorator.py
[2023-04-02T10:42:59.754+0000] {processor.py:743} INFO - Processing file /home/airflow/.local/lib/python3.7/site-packages/airflow/example_dags/example_branch_operator_decorator.py for tasks to queue
[2023-04-02T10:42:59.768+0000] {logging_mixin.py:137} INFO - [2023-04-02T10:42:59.767+0000] {dagbag.py:532} INFO - Filling up the DagBag from /home/airflow/.local/lib/python3.7/site-packages/airflow/example_dags/example_branch_operator_decorator.py
[2023-04-02T10:42:59.843+0000] {processor.py:753} INFO - DAG(s) dict_keys(['example_branch_python_operator_decorator']) retrieved from /home/airflow/.local/lib/python3.7/site-packages/airflow/example_dags/example_branch_operator_decorator.py
[2023-04-02T10:42:59.896+0000] {logging_mixin.py:137} INFO - [2023-04-02T10:42:59.896+0000] {dag.py:2705} INFO - Sync 1 DAGs
[2023-04-02T10:42:59.946+0000] {logging_mixin.py:137} INFO - [2023-04-02T10:42:59.946+0000] {dag.py:3456} INFO - Setting next_dagrun for example_branch_python_operator_decorator to 2023-04-01T00:00:00+00:00, run_after=2023-04-02T00:00:00+00:00
[2023-04-02T10:42:59.981+0000] {processor.py:175} INFO - Processing /home/airflow/.local/lib/python3.7/site-packages/airflow/example_dags/example_branch_operator_decorator.py took 0.254 seconds
[2023-04-02T10:43:30.495+0000] {processor.py:153} INFO - Started process (PID=4746) to work on /home/airflow/.local/lib/python3.7/site-packages/airflow/example_dags/example_branch_operator_decorator.py
[2023-04-02T10:43:30.500+0000] {processor.py:743} INFO - Processing file /home/airflow/.local/lib/python3.7/site-packages/airflow/example_dags/example_branch_operator_decorator.py for tasks to queue
[2023-04-02T10:43:30.506+0000] {logging_mixin.py:137} INFO - [2023-04-02T10:43:30.506+0000] {dagbag.py:532} INFO - Filling up the DagBag from /home/airflow/.local/lib/python3.7/site-packages/airflow/example_dags/example_branch_operator_decorator.py
[2023-04-02T10:43:30.560+0000] {processor.py:753} INFO - DAG(s) dict_keys(['example_branch_python_operator_decorator']) retrieved from /home/airflow/.local/lib/python3.7/site-packages/airflow/example_dags/example_branch_operator_decorator.py
[2023-04-02T10:43:30.634+0000] {logging_mixin.py:137} INFO - [2023-04-02T10:43:30.634+0000] {dag.py:2705} INFO - Sync 1 DAGs
[2023-04-02T10:43:30.684+0000] {logging_mixin.py:137} INFO - [2023-04-02T10:43:30.683+0000] {dag.py:3456} INFO - Setting next_dagrun for example_branch_python_operator_decorator to 2023-04-01T00:00:00+00:00, run_after=2023-04-02T00:00:00+00:00
[2023-04-02T10:43:30.717+0000] {processor.py:175} INFO - Processing /home/airflow/.local/lib/python3.7/site-packages/airflow/example_dags/example_branch_operator_decorator.py took 0.228 seconds
[2023-04-02T10:44:01.449+0000] {processor.py:153} INFO - Started process (PID=4964) to work on /home/airflow/.local/lib/python3.7/site-packages/airflow/example_dags/example_branch_operator_decorator.py
[2023-04-02T10:44:01.451+0000] {processor.py:743} INFO - Processing file /home/airflow/.local/lib/python3.7/site-packages/airflow/example_dags/example_branch_operator_decorator.py for tasks to queue
[2023-04-02T10:44:01.454+0000] {logging_mixin.py:137} INFO - [2023-04-02T10:44:01.454+0000] {dagbag.py:532} INFO - Filling up the DagBag from /home/airflow/.local/lib/python3.7/site-packages/airflow/example_dags/example_branch_operator_decorator.py
[2023-04-02T10:44:01.496+0000] {processor.py:753} INFO - DAG(s) dict_keys(['example_branch_python_operator_decorator']) retrieved from /home/airflow/.local/lib/python3.7/site-packages/airflow/example_dags/example_branch_operator_decorator.py
[2023-04-02T10:44:01.541+0000] {logging_mixin.py:137} INFO - [2023-04-02T10:44:01.541+0000] {dag.py:2705} INFO - Sync 1 DAGs
[2023-04-02T10:44:01.585+0000] {logging_mixin.py:137} INFO - [2023-04-02T10:44:01.585+0000] {dag.py:3456} INFO - Setting next_dagrun for example_branch_python_operator_decorator to 2023-04-01T00:00:00+00:00, run_after=2023-04-02T00:00:00+00:00
[2023-04-02T10:44:01.620+0000] {processor.py:175} INFO - Processing /home/airflow/.local/lib/python3.7/site-packages/airflow/example_dags/example_branch_operator_decorator.py took 0.180 seconds
[2023-04-02T10:44:32.040+0000] {processor.py:153} INFO - Started process (PID=5182) to work on /home/airflow/.local/lib/python3.7/site-packages/airflow/example_dags/example_branch_operator_decorator.py
[2023-04-02T10:44:32.042+0000] {processor.py:743} INFO - Processing file /home/airflow/.local/lib/python3.7/site-packages/airflow/example_dags/example_branch_operator_decorator.py for tasks to queue
[2023-04-02T10:44:32.046+0000] {logging_mixin.py:137} INFO - [2023-04-02T10:44:32.045+0000] {dagbag.py:532} INFO - Filling up the DagBag from /home/airflow/.local/lib/python3.7/site-packages/airflow/example_dags/example_branch_operator_decorator.py
[2023-04-02T10:44:32.096+0000] {processor.py:753} INFO - DAG(s) dict_keys(['example_branch_python_operator_decorator']) retrieved from /home/airflow/.local/lib/python3.7/site-packages/airflow/example_dags/example_branch_operator_decorator.py
[2023-04-02T10:44:32.139+0000] {logging_mixin.py:137} INFO - [2023-04-02T10:44:32.138+0000] {dag.py:2705} INFO - Sync 1 DAGs
[2023-04-02T10:44:32.174+0000] {logging_mixin.py:137} INFO - [2023-04-02T10:44:32.174+0000] {dag.py:3456} INFO - Setting next_dagrun for example_branch_python_operator_decorator to 2023-04-01T00:00:00+00:00, run_after=2023-04-02T00:00:00+00:00
[2023-04-02T10:44:32.207+0000] {processor.py:175} INFO - Processing /home/airflow/.local/lib/python3.7/site-packages/airflow/example_dags/example_branch_operator_decorator.py took 0.174 seconds
[2023-04-02T10:45:02.434+0000] {processor.py:153} INFO - Started process (PID=5400) to work on /home/airflow/.local/lib/python3.7/site-packages/airflow/example_dags/example_branch_operator_decorator.py
[2023-04-02T10:45:02.436+0000] {processor.py:743} INFO - Processing file /home/airflow/.local/lib/python3.7/site-packages/airflow/example_dags/example_branch_operator_decorator.py for tasks to queue
[2023-04-02T10:45:02.439+0000] {logging_mixin.py:137} INFO - [2023-04-02T10:45:02.439+0000] {dagbag.py:532} INFO - Filling up the DagBag from /home/airflow/.local/lib/python3.7/site-packages/airflow/example_dags/example_branch_operator_decorator.py
[2023-04-02T10:45:02.490+0000] {processor.py:753} INFO - DAG(s) dict_keys(['example_branch_python_operator_decorator']) retrieved from /home/airflow/.local/lib/python3.7/site-packages/airflow/example_dags/example_branch_operator_decorator.py
[2023-04-02T10:45:02.540+0000] {logging_mixin.py:137} INFO - [2023-04-02T10:45:02.540+0000] {dag.py:2705} INFO - Sync 1 DAGs
[2023-04-02T10:45:02.604+0000] {logging_mixin.py:137} INFO - [2023-04-02T10:45:02.604+0000] {dag.py:3456} INFO - Setting next_dagrun for example_branch_python_operator_decorator to 2023-04-01T00:00:00+00:00, run_after=2023-04-02T00:00:00+00:00
[2023-04-02T10:45:02.638+0000] {processor.py:175} INFO - Processing /home/airflow/.local/lib/python3.7/site-packages/airflow/example_dags/example_branch_operator_decorator.py took 0.212 seconds
[2023-04-02T10:45:33.320+0000] {processor.py:153} INFO - Started process (PID=5618) to work on /home/airflow/.local/lib/python3.7/site-packages/airflow/example_dags/example_branch_operator_decorator.py
[2023-04-02T10:45:33.325+0000] {processor.py:743} INFO - Processing file /home/airflow/.local/lib/python3.7/site-packages/airflow/example_dags/example_branch_operator_decorator.py for tasks to queue
[2023-04-02T10:45:33.330+0000] {logging_mixin.py:137} INFO - [2023-04-02T10:45:33.329+0000] {dagbag.py:532} INFO - Filling up the DagBag from /home/airflow/.local/lib/python3.7/site-packages/airflow/example_dags/example_branch_operator_decorator.py
[2023-04-02T10:45:33.439+0000] {processor.py:753} INFO - DAG(s) dict_keys(['example_branch_python_operator_decorator']) retrieved from /home/airflow/.local/lib/python3.7/site-packages/airflow/example_dags/example_branch_operator_decorator.py
[2023-04-02T10:45:33.564+0000] {logging_mixin.py:137} INFO - [2023-04-02T10:45:33.564+0000] {dag.py:2705} INFO - Sync 1 DAGs
[2023-04-02T10:45:33.698+0000] {logging_mixin.py:137} INFO - [2023-04-02T10:45:33.698+0000] {dag.py:3456} INFO - Setting next_dagrun for example_branch_python_operator_decorator to 2023-04-01T00:00:00+00:00, run_after=2023-04-02T00:00:00+00:00
[2023-04-02T10:45:33.802+0000] {processor.py:175} INFO - Processing /home/airflow/.local/lib/python3.7/site-packages/airflow/example_dags/example_branch_operator_decorator.py took 0.497 seconds
[2023-04-02T10:46:03.997+0000] {processor.py:153} INFO - Started process (PID=5836) to work on /home/airflow/.local/lib/python3.7/site-packages/airflow/example_dags/example_branch_operator_decorator.py
[2023-04-02T10:46:04.000+0000] {processor.py:743} INFO - Processing file /home/airflow/.local/lib/python3.7/site-packages/airflow/example_dags/example_branch_operator_decorator.py for tasks to queue
[2023-04-02T10:46:04.005+0000] {logging_mixin.py:137} INFO - [2023-04-02T10:46:04.004+0000] {dagbag.py:532} INFO - Filling up the DagBag from /home/airflow/.local/lib/python3.7/site-packages/airflow/example_dags/example_branch_operator_decorator.py
[2023-04-02T10:46:04.061+0000] {processor.py:753} INFO - DAG(s) dict_keys(['example_branch_python_operator_decorator']) retrieved from /home/airflow/.local/lib/python3.7/site-packages/airflow/example_dags/example_branch_operator_decorator.py
[2023-04-02T10:46:04.109+0000] {logging_mixin.py:137} INFO - [2023-04-02T10:46:04.108+0000] {dag.py:2705} INFO - Sync 1 DAGs
[2023-04-02T10:46:04.159+0000] {logging_mixin.py:137} INFO - [2023-04-02T10:46:04.159+0000] {dag.py:3456} INFO - Setting next_dagrun for example_branch_python_operator_decorator to 2023-04-01T00:00:00+00:00, run_after=2023-04-02T00:00:00+00:00
[2023-04-02T10:46:04.198+0000] {processor.py:175} INFO - Processing /home/airflow/.local/lib/python3.7/site-packages/airflow/example_dags/example_branch_operator_decorator.py took 0.215 seconds
[2023-04-02T10:46:34.868+0000] {processor.py:153} INFO - Started process (PID=6054) to work on /home/airflow/.local/lib/python3.7/site-packages/airflow/example_dags/example_branch_operator_decorator.py
[2023-04-02T10:46:34.875+0000] {processor.py:743} INFO - Processing file /home/airflow/.local/lib/python3.7/site-packages/airflow/example_dags/example_branch_operator_decorator.py for tasks to queue
[2023-04-02T10:46:34.878+0000] {logging_mixin.py:137} INFO - [2023-04-02T10:46:34.877+0000] {dagbag.py:532} INFO - Filling up the DagBag from /home/airflow/.local/lib/python3.7/site-packages/airflow/example_dags/example_branch_operator_decorator.py
[2023-04-02T10:46:34.939+0000] {processor.py:753} INFO - DAG(s) dict_keys(['example_branch_python_operator_decorator']) retrieved from /home/airflow/.local/lib/python3.7/site-packages/airflow/example_dags/example_branch_operator_decorator.py
[2023-04-02T10:46:34.989+0000] {logging_mixin.py:137} INFO - [2023-04-02T10:46:34.989+0000] {dag.py:2705} INFO - Sync 1 DAGs
[2023-04-02T10:46:35.045+0000] {logging_mixin.py:137} INFO - [2023-04-02T10:46:35.045+0000] {dag.py:3456} INFO - Setting next_dagrun for example_branch_python_operator_decorator to 2023-04-01T00:00:00+00:00, run_after=2023-04-02T00:00:00+00:00
[2023-04-02T10:46:35.082+0000] {processor.py:175} INFO - Processing /home/airflow/.local/lib/python3.7/site-packages/airflow/example_dags/example_branch_operator_decorator.py took 0.220 seconds
[2023-04-02T10:47:05.343+0000] {processor.py:153} INFO - Started process (PID=6273) to work on /home/airflow/.local/lib/python3.7/site-packages/airflow/example_dags/example_branch_operator_decorator.py
[2023-04-02T10:47:05.350+0000] {processor.py:743} INFO - Processing file /home/airflow/.local/lib/python3.7/site-packages/airflow/example_dags/example_branch_operator_decorator.py for tasks to queue
[2023-04-02T10:47:05.354+0000] {logging_mixin.py:137} INFO - [2023-04-02T10:47:05.353+0000] {dagbag.py:532} INFO - Filling up the DagBag from /home/airflow/.local/lib/python3.7/site-packages/airflow/example_dags/example_branch_operator_decorator.py
[2023-04-02T10:47:05.400+0000] {processor.py:753} INFO - DAG(s) dict_keys(['example_branch_python_operator_decorator']) retrieved from /home/airflow/.local/lib/python3.7/site-packages/airflow/example_dags/example_branch_operator_decorator.py
[2023-04-02T10:47:05.462+0000] {logging_mixin.py:137} INFO - [2023-04-02T10:47:05.462+0000] {dag.py:2705} INFO - Sync 1 DAGs
[2023-04-02T10:47:05.550+0000] {logging_mixin.py:137} INFO - [2023-04-02T10:47:05.550+0000] {dag.py:3456} INFO - Setting next_dagrun for example_branch_python_operator_decorator to 2023-04-01T00:00:00+00:00, run_after=2023-04-02T00:00:00+00:00
[2023-04-02T10:47:05.580+0000] {processor.py:175} INFO - Processing /home/airflow/.local/lib/python3.7/site-packages/airflow/example_dags/example_branch_operator_decorator.py took 0.244 seconds
[2023-04-02T10:47:35.770+0000] {processor.py:153} INFO - Started process (PID=6491) to work on /home/airflow/.local/lib/python3.7/site-packages/airflow/example_dags/example_branch_operator_decorator.py
[2023-04-02T10:47:35.785+0000] {processor.py:743} INFO - Processing file /home/airflow/.local/lib/python3.7/site-packages/airflow/example_dags/example_branch_operator_decorator.py for tasks to queue
[2023-04-02T10:47:35.794+0000] {logging_mixin.py:137} INFO - [2023-04-02T10:47:35.788+0000] {dagbag.py:532} INFO - Filling up the DagBag from /home/airflow/.local/lib/python3.7/site-packages/airflow/example_dags/example_branch_operator_decorator.py
[2023-04-02T10:47:35.911+0000] {processor.py:753} INFO - DAG(s) dict_keys(['example_branch_python_operator_decorator']) retrieved from /home/airflow/.local/lib/python3.7/site-packages/airflow/example_dags/example_branch_operator_decorator.py
[2023-04-02T10:47:36.030+0000] {logging_mixin.py:137} INFO - [2023-04-02T10:47:36.027+0000] {dag.py:2705} INFO - Sync 1 DAGs
[2023-04-02T10:47:36.116+0000] {logging_mixin.py:137} INFO - [2023-04-02T10:47:36.116+0000] {dag.py:3456} INFO - Setting next_dagrun for example_branch_python_operator_decorator to 2023-04-01T00:00:00+00:00, run_after=2023-04-02T00:00:00+00:00
[2023-04-02T10:47:36.163+0000] {processor.py:175} INFO - Processing /home/airflow/.local/lib/python3.7/site-packages/airflow/example_dags/example_branch_operator_decorator.py took 0.399 seconds
[2023-04-02T10:48:06.324+0000] {processor.py:153} INFO - Started process (PID=6709) to work on /home/airflow/.local/lib/python3.7/site-packages/airflow/example_dags/example_branch_operator_decorator.py
[2023-04-02T10:48:06.325+0000] {processor.py:743} INFO - Processing file /home/airflow/.local/lib/python3.7/site-packages/airflow/example_dags/example_branch_operator_decorator.py for tasks to queue
[2023-04-02T10:48:06.329+0000] {logging_mixin.py:137} INFO - [2023-04-02T10:48:06.329+0000] {dagbag.py:532} INFO - Filling up the DagBag from /home/airflow/.local/lib/python3.7/site-packages/airflow/example_dags/example_branch_operator_decorator.py
[2023-04-02T10:48:06.377+0000] {processor.py:753} INFO - DAG(s) dict_keys(['example_branch_python_operator_decorator']) retrieved from /home/airflow/.local/lib/python3.7/site-packages/airflow/example_dags/example_branch_operator_decorator.py
[2023-04-02T10:48:06.421+0000] {logging_mixin.py:137} INFO - [2023-04-02T10:48:06.421+0000] {dag.py:2705} INFO - Sync 1 DAGs
[2023-04-02T10:48:06.462+0000] {logging_mixin.py:137} INFO - [2023-04-02T10:48:06.462+0000] {dag.py:3456} INFO - Setting next_dagrun for example_branch_python_operator_decorator to 2023-04-01T00:00:00+00:00, run_after=2023-04-02T00:00:00+00:00
[2023-04-02T10:48:06.504+0000] {processor.py:175} INFO - Processing /home/airflow/.local/lib/python3.7/site-packages/airflow/example_dags/example_branch_operator_decorator.py took 0.184 seconds
[2023-04-02T10:48:36.569+0000] {processor.py:153} INFO - Started process (PID=6927) to work on /home/airflow/.local/lib/python3.7/site-packages/airflow/example_dags/example_branch_operator_decorator.py
[2023-04-02T10:48:36.571+0000] {processor.py:743} INFO - Processing file /home/airflow/.local/lib/python3.7/site-packages/airflow/example_dags/example_branch_operator_decorator.py for tasks to queue
[2023-04-02T10:48:36.574+0000] {logging_mixin.py:137} INFO - [2023-04-02T10:48:36.573+0000] {dagbag.py:532} INFO - Filling up the DagBag from /home/airflow/.local/lib/python3.7/site-packages/airflow/example_dags/example_branch_operator_decorator.py
[2023-04-02T10:48:36.613+0000] {processor.py:753} INFO - DAG(s) dict_keys(['example_branch_python_operator_decorator']) retrieved from /home/airflow/.local/lib/python3.7/site-packages/airflow/example_dags/example_branch_operator_decorator.py
[2023-04-02T10:48:36.651+0000] {logging_mixin.py:137} INFO - [2023-04-02T10:48:36.651+0000] {dag.py:2705} INFO - Sync 1 DAGs
[2023-04-02T10:48:36.691+0000] {logging_mixin.py:137} INFO - [2023-04-02T10:48:36.691+0000] {dag.py:3456} INFO - Setting next_dagrun for example_branch_python_operator_decorator to 2023-04-01T00:00:00+00:00, run_after=2023-04-02T00:00:00+00:00
[2023-04-02T10:48:36.725+0000] {processor.py:175} INFO - Processing /home/airflow/.local/lib/python3.7/site-packages/airflow/example_dags/example_branch_operator_decorator.py took 0.160 seconds
[2023-04-02T10:49:07.110+0000] {processor.py:153} INFO - Started process (PID=7145) to work on /home/airflow/.local/lib/python3.7/site-packages/airflow/example_dags/example_branch_operator_decorator.py
[2023-04-02T10:49:07.113+0000] {processor.py:743} INFO - Processing file /home/airflow/.local/lib/python3.7/site-packages/airflow/example_dags/example_branch_operator_decorator.py for tasks to queue
[2023-04-02T10:49:07.116+0000] {logging_mixin.py:137} INFO - [2023-04-02T10:49:07.116+0000] {dagbag.py:532} INFO - Filling up the DagBag from /home/airflow/.local/lib/python3.7/site-packages/airflow/example_dags/example_branch_operator_decorator.py
[2023-04-02T10:49:07.171+0000] {processor.py:753} INFO - DAG(s) dict_keys(['example_branch_python_operator_decorator']) retrieved from /home/airflow/.local/lib/python3.7/site-packages/airflow/example_dags/example_branch_operator_decorator.py
[2023-04-02T10:49:07.215+0000] {logging_mixin.py:137} INFO - [2023-04-02T10:49:07.215+0000] {dag.py:2705} INFO - Sync 1 DAGs
[2023-04-02T10:49:07.265+0000] {logging_mixin.py:137} INFO - [2023-04-02T10:49:07.264+0000] {dag.py:3456} INFO - Setting next_dagrun for example_branch_python_operator_decorator to 2023-04-01T00:00:00+00:00, run_after=2023-04-02T00:00:00+00:00
[2023-04-02T10:49:07.298+0000] {processor.py:175} INFO - Processing /home/airflow/.local/lib/python3.7/site-packages/airflow/example_dags/example_branch_operator_decorator.py took 0.197 seconds
[2023-04-02T10:49:37.351+0000] {processor.py:153} INFO - Started process (PID=7363) to work on /home/airflow/.local/lib/python3.7/site-packages/airflow/example_dags/example_branch_operator_decorator.py
[2023-04-02T10:49:37.358+0000] {processor.py:743} INFO - Processing file /home/airflow/.local/lib/python3.7/site-packages/airflow/example_dags/example_branch_operator_decorator.py for tasks to queue
[2023-04-02T10:49:37.360+0000] {logging_mixin.py:137} INFO - [2023-04-02T10:49:37.360+0000] {dagbag.py:532} INFO - Filling up the DagBag from /home/airflow/.local/lib/python3.7/site-packages/airflow/example_dags/example_branch_operator_decorator.py
[2023-04-02T10:49:37.399+0000] {processor.py:753} INFO - DAG(s) dict_keys(['example_branch_python_operator_decorator']) retrieved from /home/airflow/.local/lib/python3.7/site-packages/airflow/example_dags/example_branch_operator_decorator.py
[2023-04-02T10:49:37.439+0000] {logging_mixin.py:137} INFO - [2023-04-02T10:49:37.439+0000] {dag.py:2705} INFO - Sync 1 DAGs
[2023-04-02T10:49:37.480+0000] {logging_mixin.py:137} INFO - [2023-04-02T10:49:37.479+0000] {dag.py:3456} INFO - Setting next_dagrun for example_branch_python_operator_decorator to 2023-04-01T00:00:00+00:00, run_after=2023-04-02T00:00:00+00:00
[2023-04-02T10:49:37.507+0000] {processor.py:175} INFO - Processing /home/airflow/.local/lib/python3.7/site-packages/airflow/example_dags/example_branch_operator_decorator.py took 0.161 seconds
[2023-04-02T10:50:07.767+0000] {processor.py:153} INFO - Started process (PID=7581) to work on /home/airflow/.local/lib/python3.7/site-packages/airflow/example_dags/example_branch_operator_decorator.py
[2023-04-02T10:50:07.769+0000] {processor.py:743} INFO - Processing file /home/airflow/.local/lib/python3.7/site-packages/airflow/example_dags/example_branch_operator_decorator.py for tasks to queue
[2023-04-02T10:50:07.771+0000] {logging_mixin.py:137} INFO - [2023-04-02T10:50:07.771+0000] {dagbag.py:532} INFO - Filling up the DagBag from /home/airflow/.local/lib/python3.7/site-packages/airflow/example_dags/example_branch_operator_decorator.py
[2023-04-02T10:50:07.820+0000] {processor.py:753} INFO - DAG(s) dict_keys(['example_branch_python_operator_decorator']) retrieved from /home/airflow/.local/lib/python3.7/site-packages/airflow/example_dags/example_branch_operator_decorator.py
[2023-04-02T10:50:07.897+0000] {logging_mixin.py:137} INFO - [2023-04-02T10:50:07.897+0000] {dag.py:2705} INFO - Sync 1 DAGs
[2023-04-02T10:50:07.963+0000] {logging_mixin.py:137} INFO - [2023-04-02T10:50:07.963+0000] {dag.py:3456} INFO - Setting next_dagrun for example_branch_python_operator_decorator to 2023-04-01T00:00:00+00:00, run_after=2023-04-02T00:00:00+00:00
[2023-04-02T10:50:08.005+0000] {processor.py:175} INFO - Processing /home/airflow/.local/lib/python3.7/site-packages/airflow/example_dags/example_branch_operator_decorator.py took 0.247 seconds
