[2023-04-02T10:32:48.727+0000] {processor.py:153} INFO - Started process (PID=338) to work on /home/airflow/.local/lib/python3.7/site-packages/airflow/example_dags/example_short_circuit_operator.py
[2023-04-02T10:32:48.730+0000] {processor.py:743} INFO - Processing file /home/airflow/.local/lib/python3.7/site-packages/airflow/example_dags/example_short_circuit_operator.py for tasks to queue
[2023-04-02T10:32:48.737+0000] {logging_mixin.py:137} INFO - [2023-04-02T10:32:48.737+0000] {dagbag.py:532} INFO - Filling up the DagBag from /home/airflow/.local/lib/python3.7/site-packages/airflow/example_dags/example_short_circuit_operator.py
[2023-04-02T10:32:48.773+0000] {processor.py:753} INFO - DAG(s) dict_keys(['example_short_circuit_operator']) retrieved from /home/airflow/.local/lib/python3.7/site-packages/airflow/example_dags/example_short_circuit_operator.py
[2023-04-02T10:32:48.796+0000] {logging_mixin.py:137} INFO - [2023-04-02T10:32:48.796+0000] {dag.py:2705} INFO - Sync 1 DAGs
[2023-04-02T10:32:48.845+0000] {logging_mixin.py:137} INFO - [2023-04-02T10:32:48.845+0000] {dag.py:3456} INFO - Setting next_dagrun for example_short_circuit_operator to 2023-04-01T10:32:48.845010+00:00, run_after=2023-04-02T10:32:48.845010+00:00
[2023-04-02T10:32:48.888+0000] {processor.py:175} INFO - Processing /home/airflow/.local/lib/python3.7/site-packages/airflow/example_dags/example_short_circuit_operator.py took 0.168 seconds
[2023-04-02T10:33:24.011+0000] {processor.py:153} INFO - Started process (PID=556) to work on /home/airflow/.local/lib/python3.7/site-packages/airflow/example_dags/example_short_circuit_operator.py
[2023-04-02T10:33:24.016+0000] {processor.py:743} INFO - Processing file /home/airflow/.local/lib/python3.7/site-packages/airflow/example_dags/example_short_circuit_operator.py for tasks to queue
[2023-04-02T10:33:24.021+0000] {logging_mixin.py:137} INFO - [2023-04-02T10:33:24.019+0000] {dagbag.py:532} INFO - Filling up the DagBag from /home/airflow/.local/lib/python3.7/site-packages/airflow/example_dags/example_short_circuit_operator.py
[2023-04-02T10:33:24.073+0000] {processor.py:753} INFO - DAG(s) dict_keys(['example_short_circuit_operator']) retrieved from /home/airflow/.local/lib/python3.7/site-packages/airflow/example_dags/example_short_circuit_operator.py
[2023-04-02T10:33:24.109+0000] {logging_mixin.py:137} INFO - [2023-04-02T10:33:24.109+0000] {dag.py:2705} INFO - Sync 1 DAGs
[2023-04-02T10:33:24.218+0000] {logging_mixin.py:137} INFO - [2023-04-02T10:33:24.217+0000] {dag.py:3456} INFO - Setting next_dagrun for example_short_circuit_operator to 2023-04-01T10:33:24.217378+00:00, run_after=2023-04-02T10:33:24.217378+00:00
[2023-04-02T10:33:24.266+0000] {processor.py:175} INFO - Processing /home/airflow/.local/lib/python3.7/site-packages/airflow/example_dags/example_short_circuit_operator.py took 0.272 seconds
[2023-04-02T10:33:57.622+0000] {processor.py:153} INFO - Started process (PID=775) to work on /home/airflow/.local/lib/python3.7/site-packages/airflow/example_dags/example_short_circuit_operator.py
[2023-04-02T10:33:57.625+0000] {processor.py:743} INFO - Processing file /home/airflow/.local/lib/python3.7/site-packages/airflow/example_dags/example_short_circuit_operator.py for tasks to queue
[2023-04-02T10:33:57.628+0000] {logging_mixin.py:137} INFO - [2023-04-02T10:33:57.627+0000] {dagbag.py:532} INFO - Filling up the DagBag from /home/airflow/.local/lib/python3.7/site-packages/airflow/example_dags/example_short_circuit_operator.py
[2023-04-02T10:33:57.668+0000] {processor.py:753} INFO - DAG(s) dict_keys(['example_short_circuit_operator']) retrieved from /home/airflow/.local/lib/python3.7/site-packages/airflow/example_dags/example_short_circuit_operator.py
[2023-04-02T10:33:57.783+0000] {logging_mixin.py:137} INFO - [2023-04-02T10:33:57.783+0000] {dag.py:2705} INFO - Sync 1 DAGs
[2023-04-02T10:33:57.857+0000] {logging_mixin.py:137} INFO - [2023-04-02T10:33:57.856+0000] {dag.py:3456} INFO - Setting next_dagrun for example_short_circuit_operator to 2023-04-01T10:33:57.856299+00:00, run_after=2023-04-02T10:33:57.856299+00:00
[2023-04-02T10:33:57.936+0000] {processor.py:175} INFO - Processing /home/airflow/.local/lib/python3.7/site-packages/airflow/example_dags/example_short_circuit_operator.py took 0.321 seconds
[2023-04-02T10:34:28.899+0000] {processor.py:153} INFO - Started process (PID=993) to work on /home/airflow/.local/lib/python3.7/site-packages/airflow/example_dags/example_short_circuit_operator.py
[2023-04-02T10:34:28.902+0000] {processor.py:743} INFO - Processing file /home/airflow/.local/lib/python3.7/site-packages/airflow/example_dags/example_short_circuit_operator.py for tasks to queue
[2023-04-02T10:34:28.909+0000] {logging_mixin.py:137} INFO - [2023-04-02T10:34:28.908+0000] {dagbag.py:532} INFO - Filling up the DagBag from /home/airflow/.local/lib/python3.7/site-packages/airflow/example_dags/example_short_circuit_operator.py
[2023-04-02T10:34:29.009+0000] {processor.py:753} INFO - DAG(s) dict_keys(['example_short_circuit_operator']) retrieved from /home/airflow/.local/lib/python3.7/site-packages/airflow/example_dags/example_short_circuit_operator.py
[2023-04-02T10:34:29.079+0000] {logging_mixin.py:137} INFO - [2023-04-02T10:34:29.079+0000] {dag.py:2705} INFO - Sync 1 DAGs
[2023-04-02T10:34:29.130+0000] {logging_mixin.py:137} INFO - [2023-04-02T10:34:29.130+0000] {dag.py:3456} INFO - Setting next_dagrun for example_short_circuit_operator to 2023-04-01T10:34:29.129819+00:00, run_after=2023-04-02T10:34:29.129819+00:00
[2023-04-02T10:34:29.192+0000] {processor.py:175} INFO - Processing /home/airflow/.local/lib/python3.7/site-packages/airflow/example_dags/example_short_circuit_operator.py took 0.311 seconds
[2023-04-02T10:34:59.927+0000] {processor.py:153} INFO - Started process (PID=1212) to work on /home/airflow/.local/lib/python3.7/site-packages/airflow/example_dags/example_short_circuit_operator.py
[2023-04-02T10:34:59.932+0000] {processor.py:743} INFO - Processing file /home/airflow/.local/lib/python3.7/site-packages/airflow/example_dags/example_short_circuit_operator.py for tasks to queue
[2023-04-02T10:34:59.939+0000] {logging_mixin.py:137} INFO - [2023-04-02T10:34:59.938+0000] {dagbag.py:532} INFO - Filling up the DagBag from /home/airflow/.local/lib/python3.7/site-packages/airflow/example_dags/example_short_circuit_operator.py
[2023-04-02T10:35:00.003+0000] {processor.py:753} INFO - DAG(s) dict_keys(['example_short_circuit_operator']) retrieved from /home/airflow/.local/lib/python3.7/site-packages/airflow/example_dags/example_short_circuit_operator.py
[2023-04-02T10:35:00.089+0000] {logging_mixin.py:137} INFO - [2023-04-02T10:35:00.089+0000] {dag.py:2705} INFO - Sync 1 DAGs
[2023-04-02T10:35:00.147+0000] {logging_mixin.py:137} INFO - [2023-04-02T10:35:00.147+0000] {dag.py:3456} INFO - Setting next_dagrun for example_short_circuit_operator to 2023-04-01T10:35:00.146851+00:00, run_after=2023-04-02T10:35:00.146851+00:00
[2023-04-02T10:35:00.204+0000] {processor.py:175} INFO - Processing /home/airflow/.local/lib/python3.7/site-packages/airflow/example_dags/example_short_circuit_operator.py took 0.286 seconds
[2023-04-02T10:35:31.260+0000] {processor.py:153} INFO - Started process (PID=1430) to work on /home/airflow/.local/lib/python3.7/site-packages/airflow/example_dags/example_short_circuit_operator.py
[2023-04-02T10:35:31.266+0000] {processor.py:743} INFO - Processing file /home/airflow/.local/lib/python3.7/site-packages/airflow/example_dags/example_short_circuit_operator.py for tasks to queue
[2023-04-02T10:35:31.272+0000] {logging_mixin.py:137} INFO - [2023-04-02T10:35:31.271+0000] {dagbag.py:532} INFO - Filling up the DagBag from /home/airflow/.local/lib/python3.7/site-packages/airflow/example_dags/example_short_circuit_operator.py
[2023-04-02T10:35:31.352+0000] {processor.py:753} INFO - DAG(s) dict_keys(['example_short_circuit_operator']) retrieved from /home/airflow/.local/lib/python3.7/site-packages/airflow/example_dags/example_short_circuit_operator.py
[2023-04-02T10:35:31.450+0000] {logging_mixin.py:137} INFO - [2023-04-02T10:35:31.450+0000] {dag.py:2705} INFO - Sync 1 DAGs
[2023-04-02T10:35:31.579+0000] {logging_mixin.py:137} INFO - [2023-04-02T10:35:31.579+0000] {dag.py:3456} INFO - Setting next_dagrun for example_short_circuit_operator to 2023-04-01T10:35:31.578588+00:00, run_after=2023-04-02T10:35:31.578588+00:00
[2023-04-02T10:35:31.660+0000] {processor.py:175} INFO - Processing /home/airflow/.local/lib/python3.7/site-packages/airflow/example_dags/example_short_circuit_operator.py took 0.414 seconds
[2023-04-02T10:36:02.304+0000] {processor.py:153} INFO - Started process (PID=1648) to work on /home/airflow/.local/lib/python3.7/site-packages/airflow/example_dags/example_short_circuit_operator.py
[2023-04-02T10:36:02.307+0000] {processor.py:743} INFO - Processing file /home/airflow/.local/lib/python3.7/site-packages/airflow/example_dags/example_short_circuit_operator.py for tasks to queue
[2023-04-02T10:36:02.309+0000] {logging_mixin.py:137} INFO - [2023-04-02T10:36:02.309+0000] {dagbag.py:532} INFO - Filling up the DagBag from /home/airflow/.local/lib/python3.7/site-packages/airflow/example_dags/example_short_circuit_operator.py
[2023-04-02T10:36:02.335+0000] {processor.py:753} INFO - DAG(s) dict_keys(['example_short_circuit_operator']) retrieved from /home/airflow/.local/lib/python3.7/site-packages/airflow/example_dags/example_short_circuit_operator.py
[2023-04-02T10:36:02.388+0000] {logging_mixin.py:137} INFO - [2023-04-02T10:36:02.387+0000] {dag.py:2705} INFO - Sync 1 DAGs
[2023-04-02T10:36:02.427+0000] {logging_mixin.py:137} INFO - [2023-04-02T10:36:02.427+0000] {dag.py:3456} INFO - Setting next_dagrun for example_short_circuit_operator to 2023-04-01T10:36:02.427449+00:00, run_after=2023-04-02T10:36:02.427449+00:00
[2023-04-02T10:36:02.463+0000] {processor.py:175} INFO - Processing /home/airflow/.local/lib/python3.7/site-packages/airflow/example_dags/example_short_circuit_operator.py took 0.166 seconds
[2023-04-02T10:36:32.651+0000] {processor.py:153} INFO - Started process (PID=1865) to work on /home/airflow/.local/lib/python3.7/site-packages/airflow/example_dags/example_short_circuit_operator.py
[2023-04-02T10:36:32.655+0000] {processor.py:743} INFO - Processing file /home/airflow/.local/lib/python3.7/site-packages/airflow/example_dags/example_short_circuit_operator.py for tasks to queue
[2023-04-02T10:36:32.658+0000] {logging_mixin.py:137} INFO - [2023-04-02T10:36:32.657+0000] {dagbag.py:532} INFO - Filling up the DagBag from /home/airflow/.local/lib/python3.7/site-packages/airflow/example_dags/example_short_circuit_operator.py
[2023-04-02T10:36:32.696+0000] {processor.py:753} INFO - DAG(s) dict_keys(['example_short_circuit_operator']) retrieved from /home/airflow/.local/lib/python3.7/site-packages/airflow/example_dags/example_short_circuit_operator.py
[2023-04-02T10:36:32.745+0000] {logging_mixin.py:137} INFO - [2023-04-02T10:36:32.744+0000] {dag.py:2705} INFO - Sync 1 DAGs
[2023-04-02T10:36:32.785+0000] {logging_mixin.py:137} INFO - [2023-04-02T10:36:32.784+0000] {dag.py:3456} INFO - Setting next_dagrun for example_short_circuit_operator to 2023-04-01T10:36:32.783865+00:00, run_after=2023-04-02T10:36:32.783865+00:00
[2023-04-02T10:36:32.822+0000] {processor.py:175} INFO - Processing /home/airflow/.local/lib/python3.7/site-packages/airflow/example_dags/example_short_circuit_operator.py took 0.184 seconds
[2023-04-02T10:37:03.464+0000] {processor.py:153} INFO - Started process (PID=2083) to work on /home/airflow/.local/lib/python3.7/site-packages/airflow/example_dags/example_short_circuit_operator.py
[2023-04-02T10:37:03.466+0000] {processor.py:743} INFO - Processing file /home/airflow/.local/lib/python3.7/site-packages/airflow/example_dags/example_short_circuit_operator.py for tasks to queue
[2023-04-02T10:37:03.468+0000] {logging_mixin.py:137} INFO - [2023-04-02T10:37:03.468+0000] {dagbag.py:532} INFO - Filling up the DagBag from /home/airflow/.local/lib/python3.7/site-packages/airflow/example_dags/example_short_circuit_operator.py
[2023-04-02T10:37:03.501+0000] {processor.py:753} INFO - DAG(s) dict_keys(['example_short_circuit_operator']) retrieved from /home/airflow/.local/lib/python3.7/site-packages/airflow/example_dags/example_short_circuit_operator.py
[2023-04-02T10:37:03.556+0000] {logging_mixin.py:137} INFO - [2023-04-02T10:37:03.556+0000] {dag.py:2705} INFO - Sync 1 DAGs
[2023-04-02T10:37:03.599+0000] {logging_mixin.py:137} INFO - [2023-04-02T10:37:03.599+0000] {dag.py:3456} INFO - Setting next_dagrun for example_short_circuit_operator to 2023-04-01T10:37:03.599087+00:00, run_after=2023-04-02T10:37:03.599087+00:00
[2023-04-02T10:37:03.651+0000] {processor.py:175} INFO - Processing /home/airflow/.local/lib/python3.7/site-packages/airflow/example_dags/example_short_circuit_operator.py took 0.192 seconds
[2023-04-02T10:37:33.895+0000] {processor.py:153} INFO - Started process (PID=2302) to work on /home/airflow/.local/lib/python3.7/site-packages/airflow/example_dags/example_short_circuit_operator.py
[2023-04-02T10:37:33.896+0000] {processor.py:743} INFO - Processing file /home/airflow/.local/lib/python3.7/site-packages/airflow/example_dags/example_short_circuit_operator.py for tasks to queue
[2023-04-02T10:37:33.899+0000] {logging_mixin.py:137} INFO - [2023-04-02T10:37:33.899+0000] {dagbag.py:532} INFO - Filling up the DagBag from /home/airflow/.local/lib/python3.7/site-packages/airflow/example_dags/example_short_circuit_operator.py
[2023-04-02T10:37:33.935+0000] {processor.py:753} INFO - DAG(s) dict_keys(['example_short_circuit_operator']) retrieved from /home/airflow/.local/lib/python3.7/site-packages/airflow/example_dags/example_short_circuit_operator.py
[2023-04-02T10:37:34.024+0000] {logging_mixin.py:137} INFO - [2023-04-02T10:37:34.023+0000] {dag.py:2705} INFO - Sync 1 DAGs
[2023-04-02T10:37:34.095+0000] {logging_mixin.py:137} INFO - [2023-04-02T10:37:34.095+0000] {dag.py:3456} INFO - Setting next_dagrun for example_short_circuit_operator to 2023-04-01T10:37:34.095202+00:00, run_after=2023-04-02T10:37:34.095202+00:00
[2023-04-02T10:37:34.135+0000] {processor.py:175} INFO - Processing /home/airflow/.local/lib/python3.7/site-packages/airflow/example_dags/example_short_circuit_operator.py took 0.252 seconds
[2023-04-02T10:38:04.822+0000] {processor.py:153} INFO - Started process (PID=2525) to work on /home/airflow/.local/lib/python3.7/site-packages/airflow/example_dags/example_short_circuit_operator.py
[2023-04-02T10:38:04.825+0000] {processor.py:743} INFO - Processing file /home/airflow/.local/lib/python3.7/site-packages/airflow/example_dags/example_short_circuit_operator.py for tasks to queue
[2023-04-02T10:38:04.827+0000] {logging_mixin.py:137} INFO - [2023-04-02T10:38:04.827+0000] {dagbag.py:532} INFO - Filling up the DagBag from /home/airflow/.local/lib/python3.7/site-packages/airflow/example_dags/example_short_circuit_operator.py
[2023-04-02T10:38:04.856+0000] {processor.py:753} INFO - DAG(s) dict_keys(['example_short_circuit_operator']) retrieved from /home/airflow/.local/lib/python3.7/site-packages/airflow/example_dags/example_short_circuit_operator.py
[2023-04-02T10:38:04.910+0000] {logging_mixin.py:137} INFO - [2023-04-02T10:38:04.910+0000] {dag.py:2705} INFO - Sync 1 DAGs
[2023-04-02T10:38:04.958+0000] {logging_mixin.py:137} INFO - [2023-04-02T10:38:04.957+0000] {dag.py:3456} INFO - Setting next_dagrun for example_short_circuit_operator to 2023-04-01T10:38:04.957543+00:00, run_after=2023-04-02T10:38:04.957543+00:00
[2023-04-02T10:38:04.994+0000] {processor.py:175} INFO - Processing /home/airflow/.local/lib/python3.7/site-packages/airflow/example_dags/example_short_circuit_operator.py took 0.179 seconds
[2023-04-02T10:38:35.750+0000] {processor.py:153} INFO - Started process (PID=2745) to work on /home/airflow/.local/lib/python3.7/site-packages/airflow/example_dags/example_short_circuit_operator.py
[2023-04-02T10:38:35.752+0000] {processor.py:743} INFO - Processing file /home/airflow/.local/lib/python3.7/site-packages/airflow/example_dags/example_short_circuit_operator.py for tasks to queue
[2023-04-02T10:38:35.754+0000] {logging_mixin.py:137} INFO - [2023-04-02T10:38:35.754+0000] {dagbag.py:532} INFO - Filling up the DagBag from /home/airflow/.local/lib/python3.7/site-packages/airflow/example_dags/example_short_circuit_operator.py
[2023-04-02T10:38:35.804+0000] {processor.py:753} INFO - DAG(s) dict_keys(['example_short_circuit_operator']) retrieved from /home/airflow/.local/lib/python3.7/site-packages/airflow/example_dags/example_short_circuit_operator.py
[2023-04-02T10:38:35.884+0000] {logging_mixin.py:137} INFO - [2023-04-02T10:38:35.884+0000] {dag.py:2705} INFO - Sync 1 DAGs
[2023-04-02T10:38:35.937+0000] {logging_mixin.py:137} INFO - [2023-04-02T10:38:35.937+0000] {dag.py:3456} INFO - Setting next_dagrun for example_short_circuit_operator to 2023-04-01T10:38:35.937305+00:00, run_after=2023-04-02T10:38:35.937305+00:00
[2023-04-02T10:38:35.980+0000] {processor.py:175} INFO - Processing /home/airflow/.local/lib/python3.7/site-packages/airflow/example_dags/example_short_circuit_operator.py took 0.238 seconds
[2023-04-02T10:39:06.452+0000] {processor.py:153} INFO - Started process (PID=2963) to work on /home/airflow/.local/lib/python3.7/site-packages/airflow/example_dags/example_short_circuit_operator.py
[2023-04-02T10:39:06.454+0000] {processor.py:743} INFO - Processing file /home/airflow/.local/lib/python3.7/site-packages/airflow/example_dags/example_short_circuit_operator.py for tasks to queue
[2023-04-02T10:39:06.457+0000] {logging_mixin.py:137} INFO - [2023-04-02T10:39:06.457+0000] {dagbag.py:532} INFO - Filling up the DagBag from /home/airflow/.local/lib/python3.7/site-packages/airflow/example_dags/example_short_circuit_operator.py
[2023-04-02T10:39:06.496+0000] {processor.py:753} INFO - DAG(s) dict_keys(['example_short_circuit_operator']) retrieved from /home/airflow/.local/lib/python3.7/site-packages/airflow/example_dags/example_short_circuit_operator.py
[2023-04-02T10:39:06.556+0000] {logging_mixin.py:137} INFO - [2023-04-02T10:39:06.555+0000] {dag.py:2705} INFO - Sync 1 DAGs
[2023-04-02T10:39:06.623+0000] {logging_mixin.py:137} INFO - [2023-04-02T10:39:06.623+0000] {dag.py:3456} INFO - Setting next_dagrun for example_short_circuit_operator to 2023-04-01T10:39:06.623253+00:00, run_after=2023-04-02T10:39:06.623253+00:00
[2023-04-02T10:39:06.687+0000] {processor.py:175} INFO - Processing /home/airflow/.local/lib/python3.7/site-packages/airflow/example_dags/example_short_circuit_operator.py took 0.244 seconds
[2023-04-02T10:39:37.223+0000] {processor.py:153} INFO - Started process (PID=3181) to work on /home/airflow/.local/lib/python3.7/site-packages/airflow/example_dags/example_short_circuit_operator.py
[2023-04-02T10:39:37.226+0000] {processor.py:743} INFO - Processing file /home/airflow/.local/lib/python3.7/site-packages/airflow/example_dags/example_short_circuit_operator.py for tasks to queue
[2023-04-02T10:39:37.228+0000] {logging_mixin.py:137} INFO - [2023-04-02T10:39:37.228+0000] {dagbag.py:532} INFO - Filling up the DagBag from /home/airflow/.local/lib/python3.7/site-packages/airflow/example_dags/example_short_circuit_operator.py
[2023-04-02T10:39:37.264+0000] {processor.py:753} INFO - DAG(s) dict_keys(['example_short_circuit_operator']) retrieved from /home/airflow/.local/lib/python3.7/site-packages/airflow/example_dags/example_short_circuit_operator.py
[2023-04-02T10:39:37.322+0000] {logging_mixin.py:137} INFO - [2023-04-02T10:39:37.322+0000] {dag.py:2705} INFO - Sync 1 DAGs
[2023-04-02T10:39:37.380+0000] {logging_mixin.py:137} INFO - [2023-04-02T10:39:37.379+0000] {dag.py:3456} INFO - Setting next_dagrun for example_short_circuit_operator to 2023-04-01T10:39:37.379252+00:00, run_after=2023-04-02T10:39:37.379252+00:00
[2023-04-02T10:39:37.420+0000] {processor.py:175} INFO - Processing /home/airflow/.local/lib/python3.7/site-packages/airflow/example_dags/example_short_circuit_operator.py took 0.205 seconds
[2023-04-02T10:40:08.356+0000] {processor.py:153} INFO - Started process (PID=3399) to work on /home/airflow/.local/lib/python3.7/site-packages/airflow/example_dags/example_short_circuit_operator.py
[2023-04-02T10:40:08.357+0000] {processor.py:743} INFO - Processing file /home/airflow/.local/lib/python3.7/site-packages/airflow/example_dags/example_short_circuit_operator.py for tasks to queue
[2023-04-02T10:40:08.363+0000] {logging_mixin.py:137} INFO - [2023-04-02T10:40:08.362+0000] {dagbag.py:532} INFO - Filling up the DagBag from /home/airflow/.local/lib/python3.7/site-packages/airflow/example_dags/example_short_circuit_operator.py
[2023-04-02T10:40:08.397+0000] {processor.py:753} INFO - DAG(s) dict_keys(['example_short_circuit_operator']) retrieved from /home/airflow/.local/lib/python3.7/site-packages/airflow/example_dags/example_short_circuit_operator.py
[2023-04-02T10:40:08.448+0000] {logging_mixin.py:137} INFO - [2023-04-02T10:40:08.448+0000] {dag.py:2705} INFO - Sync 1 DAGs
[2023-04-02T10:40:08.517+0000] {logging_mixin.py:137} INFO - [2023-04-02T10:40:08.517+0000] {dag.py:3456} INFO - Setting next_dagrun for example_short_circuit_operator to 2023-04-01T10:40:08.516976+00:00, run_after=2023-04-02T10:40:08.516976+00:00
[2023-04-02T10:40:08.590+0000] {processor.py:175} INFO - Processing /home/airflow/.local/lib/python3.7/site-packages/airflow/example_dags/example_short_circuit_operator.py took 0.238 seconds
[2023-04-02T10:40:40.694+0000] {processor.py:153} INFO - Started process (PID=3617) to work on /home/airflow/.local/lib/python3.7/site-packages/airflow/example_dags/example_short_circuit_operator.py
[2023-04-02T10:40:40.696+0000] {processor.py:743} INFO - Processing file /home/airflow/.local/lib/python3.7/site-packages/airflow/example_dags/example_short_circuit_operator.py for tasks to queue
[2023-04-02T10:40:40.702+0000] {logging_mixin.py:137} INFO - [2023-04-02T10:40:40.702+0000] {dagbag.py:532} INFO - Filling up the DagBag from /home/airflow/.local/lib/python3.7/site-packages/airflow/example_dags/example_short_circuit_operator.py
[2023-04-02T10:40:40.801+0000] {processor.py:753} INFO - DAG(s) dict_keys(['example_short_circuit_operator']) retrieved from /home/airflow/.local/lib/python3.7/site-packages/airflow/example_dags/example_short_circuit_operator.py
[2023-04-02T10:40:40.910+0000] {logging_mixin.py:137} INFO - [2023-04-02T10:40:40.910+0000] {dag.py:2705} INFO - Sync 1 DAGs
[2023-04-02T10:40:41.006+0000] {logging_mixin.py:137} INFO - [2023-04-02T10:40:41.005+0000] {dag.py:3456} INFO - Setting next_dagrun for example_short_circuit_operator to 2023-04-01T10:40:41.005235+00:00, run_after=2023-04-02T10:40:41.005235+00:00
[2023-04-02T10:40:41.100+0000] {processor.py:175} INFO - Processing /home/airflow/.local/lib/python3.7/site-packages/airflow/example_dags/example_short_circuit_operator.py took 0.416 seconds
[2023-04-02T10:41:11.791+0000] {processor.py:153} INFO - Started process (PID=3835) to work on /home/airflow/.local/lib/python3.7/site-packages/airflow/example_dags/example_short_circuit_operator.py
[2023-04-02T10:41:11.799+0000] {processor.py:743} INFO - Processing file /home/airflow/.local/lib/python3.7/site-packages/airflow/example_dags/example_short_circuit_operator.py for tasks to queue
[2023-04-02T10:41:11.809+0000] {logging_mixin.py:137} INFO - [2023-04-02T10:41:11.808+0000] {dagbag.py:532} INFO - Filling up the DagBag from /home/airflow/.local/lib/python3.7/site-packages/airflow/example_dags/example_short_circuit_operator.py
[2023-04-02T10:41:11.869+0000] {processor.py:753} INFO - DAG(s) dict_keys(['example_short_circuit_operator']) retrieved from /home/airflow/.local/lib/python3.7/site-packages/airflow/example_dags/example_short_circuit_operator.py
[2023-04-02T10:41:11.987+0000] {logging_mixin.py:137} INFO - [2023-04-02T10:41:11.986+0000] {dag.py:2705} INFO - Sync 1 DAGs
[2023-04-02T10:41:12.135+0000] {logging_mixin.py:137} INFO - [2023-04-02T10:41:12.134+0000] {dag.py:3456} INFO - Setting next_dagrun for example_short_circuit_operator to 2023-04-01T10:41:12.134076+00:00, run_after=2023-04-02T10:41:12.134076+00:00
[2023-04-02T10:41:12.276+0000] {processor.py:175} INFO - Processing /home/airflow/.local/lib/python3.7/site-packages/airflow/example_dags/example_short_circuit_operator.py took 0.494 seconds
[2023-04-02T10:41:42.756+0000] {processor.py:153} INFO - Started process (PID=4053) to work on /home/airflow/.local/lib/python3.7/site-packages/airflow/example_dags/example_short_circuit_operator.py
[2023-04-02T10:41:42.760+0000] {processor.py:743} INFO - Processing file /home/airflow/.local/lib/python3.7/site-packages/airflow/example_dags/example_short_circuit_operator.py for tasks to queue
[2023-04-02T10:41:42.765+0000] {logging_mixin.py:137} INFO - [2023-04-02T10:41:42.763+0000] {dagbag.py:532} INFO - Filling up the DagBag from /home/airflow/.local/lib/python3.7/site-packages/airflow/example_dags/example_short_circuit_operator.py
[2023-04-02T10:41:42.808+0000] {processor.py:753} INFO - DAG(s) dict_keys(['example_short_circuit_operator']) retrieved from /home/airflow/.local/lib/python3.7/site-packages/airflow/example_dags/example_short_circuit_operator.py
[2023-04-02T10:41:42.878+0000] {logging_mixin.py:137} INFO - [2023-04-02T10:41:42.877+0000] {dag.py:2705} INFO - Sync 1 DAGs
[2023-04-02T10:41:43.000+0000] {logging_mixin.py:137} INFO - [2023-04-02T10:41:43.000+0000] {dag.py:3456} INFO - Setting next_dagrun for example_short_circuit_operator to 2023-04-01T10:41:42.986982+00:00, run_after=2023-04-02T10:41:42.986982+00:00
[2023-04-02T10:41:43.087+0000] {processor.py:175} INFO - Processing /home/airflow/.local/lib/python3.7/site-packages/airflow/example_dags/example_short_circuit_operator.py took 0.338 seconds
[2023-04-02T10:42:14.096+0000] {processor.py:153} INFO - Started process (PID=4272) to work on /home/airflow/.local/lib/python3.7/site-packages/airflow/example_dags/example_short_circuit_operator.py
[2023-04-02T10:42:14.102+0000] {processor.py:743} INFO - Processing file /home/airflow/.local/lib/python3.7/site-packages/airflow/example_dags/example_short_circuit_operator.py for tasks to queue
[2023-04-02T10:42:14.108+0000] {logging_mixin.py:137} INFO - [2023-04-02T10:42:14.107+0000] {dagbag.py:532} INFO - Filling up the DagBag from /home/airflow/.local/lib/python3.7/site-packages/airflow/example_dags/example_short_circuit_operator.py
[2023-04-02T10:42:14.170+0000] {processor.py:753} INFO - DAG(s) dict_keys(['example_short_circuit_operator']) retrieved from /home/airflow/.local/lib/python3.7/site-packages/airflow/example_dags/example_short_circuit_operator.py
[2023-04-02T10:42:14.295+0000] {logging_mixin.py:137} INFO - [2023-04-02T10:42:14.293+0000] {dag.py:2705} INFO - Sync 1 DAGs
[2023-04-02T10:42:14.427+0000] {logging_mixin.py:137} INFO - [2023-04-02T10:42:14.426+0000] {dag.py:3456} INFO - Setting next_dagrun for example_short_circuit_operator to 2023-04-01T10:42:14.425835+00:00, run_after=2023-04-02T10:42:14.425835+00:00
[2023-04-02T10:42:14.581+0000] {processor.py:175} INFO - Processing /home/airflow/.local/lib/python3.7/site-packages/airflow/example_dags/example_short_circuit_operator.py took 0.503 seconds
[2023-04-02T10:42:45.232+0000] {processor.py:153} INFO - Started process (PID=4490) to work on /home/airflow/.local/lib/python3.7/site-packages/airflow/example_dags/example_short_circuit_operator.py
[2023-04-02T10:42:45.247+0000] {processor.py:743} INFO - Processing file /home/airflow/.local/lib/python3.7/site-packages/airflow/example_dags/example_short_circuit_operator.py for tasks to queue
[2023-04-02T10:42:45.251+0000] {logging_mixin.py:137} INFO - [2023-04-02T10:42:45.251+0000] {dagbag.py:532} INFO - Filling up the DagBag from /home/airflow/.local/lib/python3.7/site-packages/airflow/example_dags/example_short_circuit_operator.py
[2023-04-02T10:42:45.314+0000] {processor.py:753} INFO - DAG(s) dict_keys(['example_short_circuit_operator']) retrieved from /home/airflow/.local/lib/python3.7/site-packages/airflow/example_dags/example_short_circuit_operator.py
[2023-04-02T10:42:45.434+0000] {logging_mixin.py:137} INFO - [2023-04-02T10:42:45.434+0000] {dag.py:2705} INFO - Sync 1 DAGs
[2023-04-02T10:42:45.508+0000] {logging_mixin.py:137} INFO - [2023-04-02T10:42:45.507+0000] {dag.py:3456} INFO - Setting next_dagrun for example_short_circuit_operator to 2023-04-01T10:42:45.507207+00:00, run_after=2023-04-02T10:42:45.507207+00:00
[2023-04-02T10:42:45.560+0000] {processor.py:175} INFO - Processing /home/airflow/.local/lib/python3.7/site-packages/airflow/example_dags/example_short_circuit_operator.py took 0.336 seconds
[2023-04-02T10:43:16.227+0000] {processor.py:153} INFO - Started process (PID=4709) to work on /home/airflow/.local/lib/python3.7/site-packages/airflow/example_dags/example_short_circuit_operator.py
[2023-04-02T10:43:16.229+0000] {processor.py:743} INFO - Processing file /home/airflow/.local/lib/python3.7/site-packages/airflow/example_dags/example_short_circuit_operator.py for tasks to queue
[2023-04-02T10:43:16.231+0000] {logging_mixin.py:137} INFO - [2023-04-02T10:43:16.231+0000] {dagbag.py:532} INFO - Filling up the DagBag from /home/airflow/.local/lib/python3.7/site-packages/airflow/example_dags/example_short_circuit_operator.py
[2023-04-02T10:43:16.262+0000] {processor.py:753} INFO - DAG(s) dict_keys(['example_short_circuit_operator']) retrieved from /home/airflow/.local/lib/python3.7/site-packages/airflow/example_dags/example_short_circuit_operator.py
[2023-04-02T10:43:16.305+0000] {logging_mixin.py:137} INFO - [2023-04-02T10:43:16.304+0000] {dag.py:2705} INFO - Sync 1 DAGs
[2023-04-02T10:43:16.366+0000] {logging_mixin.py:137} INFO - [2023-04-02T10:43:16.365+0000] {dag.py:3456} INFO - Setting next_dagrun for example_short_circuit_operator to 2023-04-01T10:43:16.364825+00:00, run_after=2023-04-02T10:43:16.364825+00:00
[2023-04-02T10:43:16.409+0000] {processor.py:175} INFO - Processing /home/airflow/.local/lib/python3.7/site-packages/airflow/example_dags/example_short_circuit_operator.py took 0.193 seconds
[2023-04-02T10:43:46.656+0000] {processor.py:153} INFO - Started process (PID=4928) to work on /home/airflow/.local/lib/python3.7/site-packages/airflow/example_dags/example_short_circuit_operator.py
[2023-04-02T10:43:46.659+0000] {processor.py:743} INFO - Processing file /home/airflow/.local/lib/python3.7/site-packages/airflow/example_dags/example_short_circuit_operator.py for tasks to queue
[2023-04-02T10:43:46.661+0000] {logging_mixin.py:137} INFO - [2023-04-02T10:43:46.661+0000] {dagbag.py:532} INFO - Filling up the DagBag from /home/airflow/.local/lib/python3.7/site-packages/airflow/example_dags/example_short_circuit_operator.py
[2023-04-02T10:43:46.686+0000] {processor.py:753} INFO - DAG(s) dict_keys(['example_short_circuit_operator']) retrieved from /home/airflow/.local/lib/python3.7/site-packages/airflow/example_dags/example_short_circuit_operator.py
[2023-04-02T10:43:46.724+0000] {logging_mixin.py:137} INFO - [2023-04-02T10:43:46.724+0000] {dag.py:2705} INFO - Sync 1 DAGs
[2023-04-02T10:43:46.760+0000] {logging_mixin.py:137} INFO - [2023-04-02T10:43:46.760+0000] {dag.py:3456} INFO - Setting next_dagrun for example_short_circuit_operator to 2023-04-01T10:43:46.760329+00:00, run_after=2023-04-02T10:43:46.760329+00:00
[2023-04-02T10:43:46.788+0000] {processor.py:175} INFO - Processing /home/airflow/.local/lib/python3.7/site-packages/airflow/example_dags/example_short_circuit_operator.py took 0.137 seconds
[2023-04-02T10:44:17.654+0000] {processor.py:153} INFO - Started process (PID=5144) to work on /home/airflow/.local/lib/python3.7/site-packages/airflow/example_dags/example_short_circuit_operator.py
[2023-04-02T10:44:17.656+0000] {processor.py:743} INFO - Processing file /home/airflow/.local/lib/python3.7/site-packages/airflow/example_dags/example_short_circuit_operator.py for tasks to queue
[2023-04-02T10:44:17.659+0000] {logging_mixin.py:137} INFO - [2023-04-02T10:44:17.659+0000] {dagbag.py:532} INFO - Filling up the DagBag from /home/airflow/.local/lib/python3.7/site-packages/airflow/example_dags/example_short_circuit_operator.py
[2023-04-02T10:44:17.694+0000] {processor.py:753} INFO - DAG(s) dict_keys(['example_short_circuit_operator']) retrieved from /home/airflow/.local/lib/python3.7/site-packages/airflow/example_dags/example_short_circuit_operator.py
[2023-04-02T10:44:17.742+0000] {logging_mixin.py:137} INFO - [2023-04-02T10:44:17.742+0000] {dag.py:2705} INFO - Sync 1 DAGs
[2023-04-02T10:44:17.819+0000] {logging_mixin.py:137} INFO - [2023-04-02T10:44:17.819+0000] {dag.py:3456} INFO - Setting next_dagrun for example_short_circuit_operator to 2023-04-01T10:44:17.819168+00:00, run_after=2023-04-02T10:44:17.819168+00:00
[2023-04-02T10:44:17.857+0000] {processor.py:175} INFO - Processing /home/airflow/.local/lib/python3.7/site-packages/airflow/example_dags/example_short_circuit_operator.py took 0.209 seconds
[2023-04-02T10:44:48.703+0000] {processor.py:153} INFO - Started process (PID=5364) to work on /home/airflow/.local/lib/python3.7/site-packages/airflow/example_dags/example_short_circuit_operator.py
[2023-04-02T10:44:48.706+0000] {processor.py:743} INFO - Processing file /home/airflow/.local/lib/python3.7/site-packages/airflow/example_dags/example_short_circuit_operator.py for tasks to queue
[2023-04-02T10:44:48.710+0000] {logging_mixin.py:137} INFO - [2023-04-02T10:44:48.709+0000] {dagbag.py:532} INFO - Filling up the DagBag from /home/airflow/.local/lib/python3.7/site-packages/airflow/example_dags/example_short_circuit_operator.py
[2023-04-02T10:44:48.737+0000] {processor.py:753} INFO - DAG(s) dict_keys(['example_short_circuit_operator']) retrieved from /home/airflow/.local/lib/python3.7/site-packages/airflow/example_dags/example_short_circuit_operator.py
[2023-04-02T10:44:48.782+0000] {logging_mixin.py:137} INFO - [2023-04-02T10:44:48.782+0000] {dag.py:2705} INFO - Sync 1 DAGs
[2023-04-02T10:44:48.828+0000] {logging_mixin.py:137} INFO - [2023-04-02T10:44:48.827+0000] {dag.py:3456} INFO - Setting next_dagrun for example_short_circuit_operator to 2023-04-01T10:44:48.826832+00:00, run_after=2023-04-02T10:44:48.826832+00:00
[2023-04-02T10:44:48.874+0000] {processor.py:175} INFO - Processing /home/airflow/.local/lib/python3.7/site-packages/airflow/example_dags/example_short_circuit_operator.py took 0.176 seconds
[2023-04-02T10:45:19.251+0000] {processor.py:153} INFO - Started process (PID=5580) to work on /home/airflow/.local/lib/python3.7/site-packages/airflow/example_dags/example_short_circuit_operator.py
[2023-04-02T10:45:19.254+0000] {processor.py:743} INFO - Processing file /home/airflow/.local/lib/python3.7/site-packages/airflow/example_dags/example_short_circuit_operator.py for tasks to queue
[2023-04-02T10:45:19.259+0000] {logging_mixin.py:137} INFO - [2023-04-02T10:45:19.258+0000] {dagbag.py:532} INFO - Filling up the DagBag from /home/airflow/.local/lib/python3.7/site-packages/airflow/example_dags/example_short_circuit_operator.py
[2023-04-02T10:45:19.290+0000] {processor.py:753} INFO - DAG(s) dict_keys(['example_short_circuit_operator']) retrieved from /home/airflow/.local/lib/python3.7/site-packages/airflow/example_dags/example_short_circuit_operator.py
[2023-04-02T10:45:19.338+0000] {logging_mixin.py:137} INFO - [2023-04-02T10:45:19.338+0000] {dag.py:2705} INFO - Sync 1 DAGs
[2023-04-02T10:45:19.378+0000] {logging_mixin.py:137} INFO - [2023-04-02T10:45:19.378+0000] {dag.py:3456} INFO - Setting next_dagrun for example_short_circuit_operator to 2023-04-01T10:45:19.378036+00:00, run_after=2023-04-02T10:45:19.378036+00:00
[2023-04-02T10:45:19.416+0000] {processor.py:175} INFO - Processing /home/airflow/.local/lib/python3.7/site-packages/airflow/example_dags/example_short_circuit_operator.py took 0.175 seconds
[2023-04-02T10:45:49.790+0000] {processor.py:153} INFO - Started process (PID=5798) to work on /home/airflow/.local/lib/python3.7/site-packages/airflow/example_dags/example_short_circuit_operator.py
[2023-04-02T10:45:49.794+0000] {processor.py:743} INFO - Processing file /home/airflow/.local/lib/python3.7/site-packages/airflow/example_dags/example_short_circuit_operator.py for tasks to queue
[2023-04-02T10:45:49.797+0000] {logging_mixin.py:137} INFO - [2023-04-02T10:45:49.796+0000] {dagbag.py:532} INFO - Filling up the DagBag from /home/airflow/.local/lib/python3.7/site-packages/airflow/example_dags/example_short_circuit_operator.py
[2023-04-02T10:45:49.832+0000] {processor.py:753} INFO - DAG(s) dict_keys(['example_short_circuit_operator']) retrieved from /home/airflow/.local/lib/python3.7/site-packages/airflow/example_dags/example_short_circuit_operator.py
[2023-04-02T10:45:49.889+0000] {logging_mixin.py:137} INFO - [2023-04-02T10:45:49.889+0000] {dag.py:2705} INFO - Sync 1 DAGs
[2023-04-02T10:45:49.970+0000] {logging_mixin.py:137} INFO - [2023-04-02T10:45:49.970+0000] {dag.py:3456} INFO - Setting next_dagrun for example_short_circuit_operator to 2023-04-01T10:45:49.969603+00:00, run_after=2023-04-02T10:45:49.969603+00:00
[2023-04-02T10:45:50.014+0000] {processor.py:175} INFO - Processing /home/airflow/.local/lib/python3.7/site-packages/airflow/example_dags/example_short_circuit_operator.py took 0.232 seconds
[2023-04-02T10:46:20.273+0000] {processor.py:153} INFO - Started process (PID=6018) to work on /home/airflow/.local/lib/python3.7/site-packages/airflow/example_dags/example_short_circuit_operator.py
[2023-04-02T10:46:20.275+0000] {processor.py:743} INFO - Processing file /home/airflow/.local/lib/python3.7/site-packages/airflow/example_dags/example_short_circuit_operator.py for tasks to queue
[2023-04-02T10:46:20.279+0000] {logging_mixin.py:137} INFO - [2023-04-02T10:46:20.278+0000] {dagbag.py:532} INFO - Filling up the DagBag from /home/airflow/.local/lib/python3.7/site-packages/airflow/example_dags/example_short_circuit_operator.py
[2023-04-02T10:46:20.303+0000] {processor.py:753} INFO - DAG(s) dict_keys(['example_short_circuit_operator']) retrieved from /home/airflow/.local/lib/python3.7/site-packages/airflow/example_dags/example_short_circuit_operator.py
[2023-04-02T10:46:20.342+0000] {logging_mixin.py:137} INFO - [2023-04-02T10:46:20.342+0000] {dag.py:2705} INFO - Sync 1 DAGs
[2023-04-02T10:46:20.396+0000] {logging_mixin.py:137} INFO - [2023-04-02T10:46:20.396+0000] {dag.py:3456} INFO - Setting next_dagrun for example_short_circuit_operator to 2023-04-01T10:46:20.396208+00:00, run_after=2023-04-02T10:46:20.396208+00:00
[2023-04-02T10:46:20.427+0000] {processor.py:175} INFO - Processing /home/airflow/.local/lib/python3.7/site-packages/airflow/example_dags/example_short_circuit_operator.py took 0.159 seconds
[2023-04-02T10:46:50.809+0000] {processor.py:153} INFO - Started process (PID=6237) to work on /home/airflow/.local/lib/python3.7/site-packages/airflow/example_dags/example_short_circuit_operator.py
[2023-04-02T10:46:50.818+0000] {processor.py:743} INFO - Processing file /home/airflow/.local/lib/python3.7/site-packages/airflow/example_dags/example_short_circuit_operator.py for tasks to queue
[2023-04-02T10:46:50.831+0000] {logging_mixin.py:137} INFO - [2023-04-02T10:46:50.826+0000] {dagbag.py:532} INFO - Filling up the DagBag from /home/airflow/.local/lib/python3.7/site-packages/airflow/example_dags/example_short_circuit_operator.py
[2023-04-02T10:46:50.929+0000] {processor.py:753} INFO - DAG(s) dict_keys(['example_short_circuit_operator']) retrieved from /home/airflow/.local/lib/python3.7/site-packages/airflow/example_dags/example_short_circuit_operator.py
[2023-04-02T10:46:51.033+0000] {logging_mixin.py:137} INFO - [2023-04-02T10:46:51.033+0000] {dag.py:2705} INFO - Sync 1 DAGs
[2023-04-02T10:46:51.129+0000] {logging_mixin.py:137} INFO - [2023-04-02T10:46:51.129+0000] {dag.py:3456} INFO - Setting next_dagrun for example_short_circuit_operator to 2023-04-01T10:46:51.129042+00:00, run_after=2023-04-02T10:46:51.129042+00:00
[2023-04-02T10:46:51.200+0000] {processor.py:175} INFO - Processing /home/airflow/.local/lib/python3.7/site-packages/airflow/example_dags/example_short_circuit_operator.py took 0.417 seconds
[2023-04-02T10:47:21.797+0000] {processor.py:153} INFO - Started process (PID=6453) to work on /home/airflow/.local/lib/python3.7/site-packages/airflow/example_dags/example_short_circuit_operator.py
[2023-04-02T10:47:21.801+0000] {processor.py:743} INFO - Processing file /home/airflow/.local/lib/python3.7/site-packages/airflow/example_dags/example_short_circuit_operator.py for tasks to queue
[2023-04-02T10:47:21.806+0000] {logging_mixin.py:137} INFO - [2023-04-02T10:47:21.806+0000] {dagbag.py:532} INFO - Filling up the DagBag from /home/airflow/.local/lib/python3.7/site-packages/airflow/example_dags/example_short_circuit_operator.py
[2023-04-02T10:47:21.861+0000] {processor.py:753} INFO - DAG(s) dict_keys(['example_short_circuit_operator']) retrieved from /home/airflow/.local/lib/python3.7/site-packages/airflow/example_dags/example_short_circuit_operator.py
[2023-04-02T10:47:21.936+0000] {logging_mixin.py:137} INFO - [2023-04-02T10:47:21.935+0000] {dag.py:2705} INFO - Sync 1 DAGs
[2023-04-02T10:47:22.014+0000] {logging_mixin.py:137} INFO - [2023-04-02T10:47:22.014+0000] {dag.py:3456} INFO - Setting next_dagrun for example_short_circuit_operator to 2023-04-01T10:47:22.013685+00:00, run_after=2023-04-02T10:47:22.013685+00:00
[2023-04-02T10:47:22.077+0000] {processor.py:175} INFO - Processing /home/airflow/.local/lib/python3.7/site-packages/airflow/example_dags/example_short_circuit_operator.py took 0.288 seconds
[2023-04-02T10:47:52.158+0000] {processor.py:153} INFO - Started process (PID=6673) to work on /home/airflow/.local/lib/python3.7/site-packages/airflow/example_dags/example_short_circuit_operator.py
[2023-04-02T10:47:52.159+0000] {processor.py:743} INFO - Processing file /home/airflow/.local/lib/python3.7/site-packages/airflow/example_dags/example_short_circuit_operator.py for tasks to queue
[2023-04-02T10:47:52.162+0000] {logging_mixin.py:137} INFO - [2023-04-02T10:47:52.161+0000] {dagbag.py:532} INFO - Filling up the DagBag from /home/airflow/.local/lib/python3.7/site-packages/airflow/example_dags/example_short_circuit_operator.py
[2023-04-02T10:47:52.190+0000] {processor.py:753} INFO - DAG(s) dict_keys(['example_short_circuit_operator']) retrieved from /home/airflow/.local/lib/python3.7/site-packages/airflow/example_dags/example_short_circuit_operator.py
[2023-04-02T10:47:52.228+0000] {logging_mixin.py:137} INFO - [2023-04-02T10:47:52.228+0000] {dag.py:2705} INFO - Sync 1 DAGs
[2023-04-02T10:47:52.272+0000] {logging_mixin.py:137} INFO - [2023-04-02T10:47:52.272+0000] {dag.py:3456} INFO - Setting next_dagrun for example_short_circuit_operator to 2023-04-01T10:47:52.272451+00:00, run_after=2023-04-02T10:47:52.272451+00:00
[2023-04-02T10:47:52.307+0000] {processor.py:175} INFO - Processing /home/airflow/.local/lib/python3.7/site-packages/airflow/example_dags/example_short_circuit_operator.py took 0.155 seconds
[2023-04-02T10:48:22.401+0000] {processor.py:153} INFO - Started process (PID=6889) to work on /home/airflow/.local/lib/python3.7/site-packages/airflow/example_dags/example_short_circuit_operator.py
[2023-04-02T10:48:22.403+0000] {processor.py:743} INFO - Processing file /home/airflow/.local/lib/python3.7/site-packages/airflow/example_dags/example_short_circuit_operator.py for tasks to queue
[2023-04-02T10:48:22.406+0000] {logging_mixin.py:137} INFO - [2023-04-02T10:48:22.406+0000] {dagbag.py:532} INFO - Filling up the DagBag from /home/airflow/.local/lib/python3.7/site-packages/airflow/example_dags/example_short_circuit_operator.py
[2023-04-02T10:48:22.432+0000] {processor.py:753} INFO - DAG(s) dict_keys(['example_short_circuit_operator']) retrieved from /home/airflow/.local/lib/python3.7/site-packages/airflow/example_dags/example_short_circuit_operator.py
[2023-04-02T10:48:22.491+0000] {logging_mixin.py:137} INFO - [2023-04-02T10:48:22.491+0000] {dag.py:2705} INFO - Sync 1 DAGs
[2023-04-02T10:48:22.540+0000] {logging_mixin.py:137} INFO - [2023-04-02T10:48:22.540+0000] {dag.py:3456} INFO - Setting next_dagrun for example_short_circuit_operator to 2023-04-01T10:48:22.539765+00:00, run_after=2023-04-02T10:48:22.539765+00:00
[2023-04-02T10:48:22.582+0000] {processor.py:175} INFO - Processing /home/airflow/.local/lib/python3.7/site-packages/airflow/example_dags/example_short_circuit_operator.py took 0.186 seconds
[2023-04-02T10:48:53.096+0000] {processor.py:153} INFO - Started process (PID=7107) to work on /home/airflow/.local/lib/python3.7/site-packages/airflow/example_dags/example_short_circuit_operator.py
[2023-04-02T10:48:53.098+0000] {processor.py:743} INFO - Processing file /home/airflow/.local/lib/python3.7/site-packages/airflow/example_dags/example_short_circuit_operator.py for tasks to queue
[2023-04-02T10:48:53.102+0000] {logging_mixin.py:137} INFO - [2023-04-02T10:48:53.101+0000] {dagbag.py:532} INFO - Filling up the DagBag from /home/airflow/.local/lib/python3.7/site-packages/airflow/example_dags/example_short_circuit_operator.py
[2023-04-02T10:48:53.142+0000] {processor.py:753} INFO - DAG(s) dict_keys(['example_short_circuit_operator']) retrieved from /home/airflow/.local/lib/python3.7/site-packages/airflow/example_dags/example_short_circuit_operator.py
[2023-04-02T10:48:53.203+0000] {logging_mixin.py:137} INFO - [2023-04-02T10:48:53.203+0000] {dag.py:2705} INFO - Sync 1 DAGs
[2023-04-02T10:48:53.259+0000] {logging_mixin.py:137} INFO - [2023-04-02T10:48:53.259+0000] {dag.py:3456} INFO - Setting next_dagrun for example_short_circuit_operator to 2023-04-01T10:48:53.258678+00:00, run_after=2023-04-02T10:48:53.258678+00:00
[2023-04-02T10:48:53.304+0000] {processor.py:175} INFO - Processing /home/airflow/.local/lib/python3.7/site-packages/airflow/example_dags/example_short_circuit_operator.py took 0.217 seconds
[2023-04-02T10:49:24.015+0000] {processor.py:153} INFO - Started process (PID=7327) to work on /home/airflow/.local/lib/python3.7/site-packages/airflow/example_dags/example_short_circuit_operator.py
[2023-04-02T10:49:24.016+0000] {processor.py:743} INFO - Processing file /home/airflow/.local/lib/python3.7/site-packages/airflow/example_dags/example_short_circuit_operator.py for tasks to queue
[2023-04-02T10:49:24.019+0000] {logging_mixin.py:137} INFO - [2023-04-02T10:49:24.018+0000] {dagbag.py:532} INFO - Filling up the DagBag from /home/airflow/.local/lib/python3.7/site-packages/airflow/example_dags/example_short_circuit_operator.py
[2023-04-02T10:49:24.062+0000] {processor.py:753} INFO - DAG(s) dict_keys(['example_short_circuit_operator']) retrieved from /home/airflow/.local/lib/python3.7/site-packages/airflow/example_dags/example_short_circuit_operator.py
[2023-04-02T10:49:24.121+0000] {logging_mixin.py:137} INFO - [2023-04-02T10:49:24.121+0000] {dag.py:2705} INFO - Sync 1 DAGs
[2023-04-02T10:49:24.231+0000] {logging_mixin.py:137} INFO - [2023-04-02T10:49:24.231+0000] {dag.py:3456} INFO - Setting next_dagrun for example_short_circuit_operator to 2023-04-01T10:49:24.230936+00:00, run_after=2023-04-02T10:49:24.230936+00:00
[2023-04-02T10:49:24.337+0000] {processor.py:175} INFO - Processing /home/airflow/.local/lib/python3.7/site-packages/airflow/example_dags/example_short_circuit_operator.py took 0.332 seconds
[2023-04-02T10:49:54.444+0000] {processor.py:153} INFO - Started process (PID=7545) to work on /home/airflow/.local/lib/python3.7/site-packages/airflow/example_dags/example_short_circuit_operator.py
[2023-04-02T10:49:54.447+0000] {processor.py:743} INFO - Processing file /home/airflow/.local/lib/python3.7/site-packages/airflow/example_dags/example_short_circuit_operator.py for tasks to queue
[2023-04-02T10:49:54.450+0000] {logging_mixin.py:137} INFO - [2023-04-02T10:49:54.449+0000] {dagbag.py:532} INFO - Filling up the DagBag from /home/airflow/.local/lib/python3.7/site-packages/airflow/example_dags/example_short_circuit_operator.py
[2023-04-02T10:49:54.485+0000] {processor.py:753} INFO - DAG(s) dict_keys(['example_short_circuit_operator']) retrieved from /home/airflow/.local/lib/python3.7/site-packages/airflow/example_dags/example_short_circuit_operator.py
[2023-04-02T10:49:54.543+0000] {logging_mixin.py:137} INFO - [2023-04-02T10:49:54.543+0000] {dag.py:2705} INFO - Sync 1 DAGs
[2023-04-02T10:49:54.620+0000] {logging_mixin.py:137} INFO - [2023-04-02T10:49:54.619+0000] {dag.py:3456} INFO - Setting next_dagrun for example_short_circuit_operator to 2023-04-01T10:49:54.619513+00:00, run_after=2023-04-02T10:49:54.619513+00:00
[2023-04-02T10:49:54.668+0000] {processor.py:175} INFO - Processing /home/airflow/.local/lib/python3.7/site-packages/airflow/example_dags/example_short_circuit_operator.py took 0.231 seconds
[2023-04-02T10:50:24.981+0000] {processor.py:153} INFO - Started process (PID=7761) to work on /home/airflow/.local/lib/python3.7/site-packages/airflow/example_dags/example_short_circuit_operator.py
[2023-04-02T10:50:24.984+0000] {processor.py:743} INFO - Processing file /home/airflow/.local/lib/python3.7/site-packages/airflow/example_dags/example_short_circuit_operator.py for tasks to queue
[2023-04-02T10:50:24.987+0000] {logging_mixin.py:137} INFO - [2023-04-02T10:50:24.986+0000] {dagbag.py:532} INFO - Filling up the DagBag from /home/airflow/.local/lib/python3.7/site-packages/airflow/example_dags/example_short_circuit_operator.py
[2023-04-02T10:50:25.019+0000] {processor.py:753} INFO - DAG(s) dict_keys(['example_short_circuit_operator']) retrieved from /home/airflow/.local/lib/python3.7/site-packages/airflow/example_dags/example_short_circuit_operator.py
[2023-04-02T10:50:25.062+0000] {logging_mixin.py:137} INFO - [2023-04-02T10:50:25.062+0000] {dag.py:2705} INFO - Sync 1 DAGs
[2023-04-02T10:50:25.127+0000] {logging_mixin.py:137} INFO - [2023-04-02T10:50:25.127+0000] {dag.py:3456} INFO - Setting next_dagrun for example_short_circuit_operator to 2023-04-01T10:50:25.124410+00:00, run_after=2023-04-02T10:50:25.124410+00:00
[2023-04-02T10:50:25.163+0000] {processor.py:175} INFO - Processing /home/airflow/.local/lib/python3.7/site-packages/airflow/example_dags/example_short_circuit_operator.py took 0.188 seconds
[2023-04-02T10:50:55.461+0000] {processor.py:153} INFO - Started process (PID=7978) to work on /home/airflow/.local/lib/python3.7/site-packages/airflow/example_dags/example_short_circuit_operator.py
[2023-04-02T10:50:55.463+0000] {processor.py:743} INFO - Processing file /home/airflow/.local/lib/python3.7/site-packages/airflow/example_dags/example_short_circuit_operator.py for tasks to queue
[2023-04-02T10:50:55.465+0000] {logging_mixin.py:137} INFO - [2023-04-02T10:50:55.464+0000] {dagbag.py:532} INFO - Filling up the DagBag from /home/airflow/.local/lib/python3.7/site-packages/airflow/example_dags/example_short_circuit_operator.py
[2023-04-02T10:50:55.522+0000] {processor.py:753} INFO - DAG(s) dict_keys(['example_short_circuit_operator']) retrieved from /home/airflow/.local/lib/python3.7/site-packages/airflow/example_dags/example_short_circuit_operator.py
[2023-04-02T10:50:55.622+0000] {logging_mixin.py:137} INFO - [2023-04-02T10:50:55.622+0000] {dag.py:2705} INFO - Sync 1 DAGs
[2023-04-02T10:50:55.711+0000] {logging_mixin.py:137} INFO - [2023-04-02T10:50:55.711+0000] {dag.py:3456} INFO - Setting next_dagrun for example_short_circuit_operator to 2023-04-01T10:50:55.710783+00:00, run_after=2023-04-02T10:50:55.710783+00:00
[2023-04-02T10:50:55.738+0000] {processor.py:175} INFO - Processing /home/airflow/.local/lib/python3.7/site-packages/airflow/example_dags/example_short_circuit_operator.py took 0.290 seconds
[2023-04-02T10:51:26.239+0000] {processor.py:153} INFO - Started process (PID=8198) to work on /home/airflow/.local/lib/python3.7/site-packages/airflow/example_dags/example_short_circuit_operator.py
[2023-04-02T10:51:26.241+0000] {processor.py:743} INFO - Processing file /home/airflow/.local/lib/python3.7/site-packages/airflow/example_dags/example_short_circuit_operator.py for tasks to queue
[2023-04-02T10:51:26.244+0000] {logging_mixin.py:137} INFO - [2023-04-02T10:51:26.243+0000] {dagbag.py:532} INFO - Filling up the DagBag from /home/airflow/.local/lib/python3.7/site-packages/airflow/example_dags/example_short_circuit_operator.py
[2023-04-02T10:51:26.266+0000] {processor.py:753} INFO - DAG(s) dict_keys(['example_short_circuit_operator']) retrieved from /home/airflow/.local/lib/python3.7/site-packages/airflow/example_dags/example_short_circuit_operator.py
[2023-04-02T10:51:26.302+0000] {logging_mixin.py:137} INFO - [2023-04-02T10:51:26.302+0000] {dag.py:2705} INFO - Sync 1 DAGs
[2023-04-02T10:51:26.339+0000] {logging_mixin.py:137} INFO - [2023-04-02T10:51:26.339+0000] {dag.py:3456} INFO - Setting next_dagrun for example_short_circuit_operator to 2023-04-01T10:51:26.339039+00:00, run_after=2023-04-02T10:51:26.339039+00:00
[2023-04-02T10:51:26.371+0000] {processor.py:175} INFO - Processing /home/airflow/.local/lib/python3.7/site-packages/airflow/example_dags/example_short_circuit_operator.py took 0.136 seconds
[2023-04-02T10:51:56.613+0000] {processor.py:153} INFO - Started process (PID=8414) to work on /home/airflow/.local/lib/python3.7/site-packages/airflow/example_dags/example_short_circuit_operator.py
[2023-04-02T10:51:56.614+0000] {processor.py:743} INFO - Processing file /home/airflow/.local/lib/python3.7/site-packages/airflow/example_dags/example_short_circuit_operator.py for tasks to queue
[2023-04-02T10:51:56.618+0000] {logging_mixin.py:137} INFO - [2023-04-02T10:51:56.617+0000] {dagbag.py:532} INFO - Filling up the DagBag from /home/airflow/.local/lib/python3.7/site-packages/airflow/example_dags/example_short_circuit_operator.py
[2023-04-02T10:51:56.642+0000] {processor.py:753} INFO - DAG(s) dict_keys(['example_short_circuit_operator']) retrieved from /home/airflow/.local/lib/python3.7/site-packages/airflow/example_dags/example_short_circuit_operator.py
[2023-04-02T10:51:56.683+0000] {logging_mixin.py:137} INFO - [2023-04-02T10:51:56.683+0000] {dag.py:2705} INFO - Sync 1 DAGs
[2023-04-02T10:51:56.727+0000] {logging_mixin.py:137} INFO - [2023-04-02T10:51:56.726+0000] {dag.py:3456} INFO - Setting next_dagrun for example_short_circuit_operator to 2023-04-01T10:51:56.726649+00:00, run_after=2023-04-02T10:51:56.726649+00:00
[2023-04-02T10:51:56.761+0000] {processor.py:175} INFO - Processing /home/airflow/.local/lib/python3.7/site-packages/airflow/example_dags/example_short_circuit_operator.py took 0.153 seconds
[2023-04-02T10:52:27.243+0000] {processor.py:153} INFO - Started process (PID=8632) to work on /home/airflow/.local/lib/python3.7/site-packages/airflow/example_dags/example_short_circuit_operator.py
[2023-04-02T10:52:27.244+0000] {processor.py:743} INFO - Processing file /home/airflow/.local/lib/python3.7/site-packages/airflow/example_dags/example_short_circuit_operator.py for tasks to queue
[2023-04-02T10:52:27.247+0000] {logging_mixin.py:137} INFO - [2023-04-02T10:52:27.247+0000] {dagbag.py:532} INFO - Filling up the DagBag from /home/airflow/.local/lib/python3.7/site-packages/airflow/example_dags/example_short_circuit_operator.py
[2023-04-02T10:52:27.270+0000] {processor.py:753} INFO - DAG(s) dict_keys(['example_short_circuit_operator']) retrieved from /home/airflow/.local/lib/python3.7/site-packages/airflow/example_dags/example_short_circuit_operator.py
[2023-04-02T10:52:27.305+0000] {logging_mixin.py:137} INFO - [2023-04-02T10:52:27.305+0000] {dag.py:2705} INFO - Sync 1 DAGs
[2023-04-02T10:52:27.341+0000] {logging_mixin.py:137} INFO - [2023-04-02T10:52:27.341+0000] {dag.py:3456} INFO - Setting next_dagrun for example_short_circuit_operator to 2023-04-01T10:52:27.341028+00:00, run_after=2023-04-02T10:52:27.341028+00:00
[2023-04-02T10:52:27.372+0000] {processor.py:175} INFO - Processing /home/airflow/.local/lib/python3.7/site-packages/airflow/example_dags/example_short_circuit_operator.py took 0.133 seconds
[2023-04-02T10:52:58.234+0000] {processor.py:153} INFO - Started process (PID=8851) to work on /home/airflow/.local/lib/python3.7/site-packages/airflow/example_dags/example_short_circuit_operator.py
[2023-04-02T10:52:58.236+0000] {processor.py:743} INFO - Processing file /home/airflow/.local/lib/python3.7/site-packages/airflow/example_dags/example_short_circuit_operator.py for tasks to queue
[2023-04-02T10:52:58.238+0000] {logging_mixin.py:137} INFO - [2023-04-02T10:52:58.238+0000] {dagbag.py:532} INFO - Filling up the DagBag from /home/airflow/.local/lib/python3.7/site-packages/airflow/example_dags/example_short_circuit_operator.py
[2023-04-02T10:52:58.271+0000] {processor.py:753} INFO - DAG(s) dict_keys(['example_short_circuit_operator']) retrieved from /home/airflow/.local/lib/python3.7/site-packages/airflow/example_dags/example_short_circuit_operator.py
[2023-04-02T10:52:58.315+0000] {logging_mixin.py:137} INFO - [2023-04-02T10:52:58.315+0000] {dag.py:2705} INFO - Sync 1 DAGs
[2023-04-02T10:52:58.374+0000] {logging_mixin.py:137} INFO - [2023-04-02T10:52:58.374+0000] {dag.py:3456} INFO - Setting next_dagrun for example_short_circuit_operator to 2023-04-01T10:52:58.373804+00:00, run_after=2023-04-02T10:52:58.373804+00:00
[2023-04-02T10:52:58.405+0000] {processor.py:175} INFO - Processing /home/airflow/.local/lib/python3.7/site-packages/airflow/example_dags/example_short_circuit_operator.py took 0.178 seconds
[2023-04-02T10:53:28.583+0000] {processor.py:153} INFO - Started process (PID=9069) to work on /home/airflow/.local/lib/python3.7/site-packages/airflow/example_dags/example_short_circuit_operator.py
[2023-04-02T10:53:28.585+0000] {processor.py:743} INFO - Processing file /home/airflow/.local/lib/python3.7/site-packages/airflow/example_dags/example_short_circuit_operator.py for tasks to queue
[2023-04-02T10:53:28.588+0000] {logging_mixin.py:137} INFO - [2023-04-02T10:53:28.588+0000] {dagbag.py:532} INFO - Filling up the DagBag from /home/airflow/.local/lib/python3.7/site-packages/airflow/example_dags/example_short_circuit_operator.py
[2023-04-02T10:53:28.620+0000] {processor.py:753} INFO - DAG(s) dict_keys(['example_short_circuit_operator']) retrieved from /home/airflow/.local/lib/python3.7/site-packages/airflow/example_dags/example_short_circuit_operator.py
[2023-04-02T10:53:28.670+0000] {logging_mixin.py:137} INFO - [2023-04-02T10:53:28.670+0000] {dag.py:2705} INFO - Sync 1 DAGs
[2023-04-02T10:53:28.713+0000] {logging_mixin.py:137} INFO - [2023-04-02T10:53:28.713+0000] {dag.py:3456} INFO - Setting next_dagrun for example_short_circuit_operator to 2023-04-01T10:53:28.712902+00:00, run_after=2023-04-02T10:53:28.712902+00:00
[2023-04-02T10:53:28.745+0000] {processor.py:175} INFO - Processing /home/airflow/.local/lib/python3.7/site-packages/airflow/example_dags/example_short_circuit_operator.py took 0.170 seconds
[2023-04-02T10:53:59.161+0000] {processor.py:153} INFO - Started process (PID=9287) to work on /home/airflow/.local/lib/python3.7/site-packages/airflow/example_dags/example_short_circuit_operator.py
[2023-04-02T10:53:59.164+0000] {processor.py:743} INFO - Processing file /home/airflow/.local/lib/python3.7/site-packages/airflow/example_dags/example_short_circuit_operator.py for tasks to queue
[2023-04-02T10:53:59.168+0000] {logging_mixin.py:137} INFO - [2023-04-02T10:53:59.167+0000] {dagbag.py:532} INFO - Filling up the DagBag from /home/airflow/.local/lib/python3.7/site-packages/airflow/example_dags/example_short_circuit_operator.py
[2023-04-02T10:53:59.242+0000] {processor.py:753} INFO - DAG(s) dict_keys(['example_short_circuit_operator']) retrieved from /home/airflow/.local/lib/python3.7/site-packages/airflow/example_dags/example_short_circuit_operator.py
[2023-04-02T10:53:59.303+0000] {logging_mixin.py:137} INFO - [2023-04-02T10:53:59.302+0000] {dag.py:2705} INFO - Sync 1 DAGs
[2023-04-02T10:53:59.352+0000] {logging_mixin.py:137} INFO - [2023-04-02T10:53:59.352+0000] {dag.py:3456} INFO - Setting next_dagrun for example_short_circuit_operator to 2023-04-01T10:53:59.351582+00:00, run_after=2023-04-02T10:53:59.351582+00:00
[2023-04-02T10:53:59.384+0000] {processor.py:175} INFO - Processing /home/airflow/.local/lib/python3.7/site-packages/airflow/example_dags/example_short_circuit_operator.py took 0.230 seconds
[2023-04-02T10:54:29.712+0000] {processor.py:153} INFO - Started process (PID=9505) to work on /home/airflow/.local/lib/python3.7/site-packages/airflow/example_dags/example_short_circuit_operator.py
[2023-04-02T10:54:29.713+0000] {processor.py:743} INFO - Processing file /home/airflow/.local/lib/python3.7/site-packages/airflow/example_dags/example_short_circuit_operator.py for tasks to queue
[2023-04-02T10:54:29.715+0000] {logging_mixin.py:137} INFO - [2023-04-02T10:54:29.714+0000] {dagbag.py:532} INFO - Filling up the DagBag from /home/airflow/.local/lib/python3.7/site-packages/airflow/example_dags/example_short_circuit_operator.py
[2023-04-02T10:54:29.753+0000] {processor.py:753} INFO - DAG(s) dict_keys(['example_short_circuit_operator']) retrieved from /home/airflow/.local/lib/python3.7/site-packages/airflow/example_dags/example_short_circuit_operator.py
[2023-04-02T10:54:29.805+0000] {logging_mixin.py:137} INFO - [2023-04-02T10:54:29.804+0000] {dag.py:2705} INFO - Sync 1 DAGs
[2023-04-02T10:54:29.852+0000] {logging_mixin.py:137} INFO - [2023-04-02T10:54:29.851+0000] {dag.py:3456} INFO - Setting next_dagrun for example_short_circuit_operator to 2023-04-01T10:54:29.851554+00:00, run_after=2023-04-02T10:54:29.851554+00:00
[2023-04-02T10:54:29.893+0000] {processor.py:175} INFO - Processing /home/airflow/.local/lib/python3.7/site-packages/airflow/example_dags/example_short_circuit_operator.py took 0.188 seconds
[2023-04-02T10:54:59.999+0000] {processor.py:153} INFO - Started process (PID=9723) to work on /home/airflow/.local/lib/python3.7/site-packages/airflow/example_dags/example_short_circuit_operator.py
[2023-04-02T10:55:00.001+0000] {processor.py:743} INFO - Processing file /home/airflow/.local/lib/python3.7/site-packages/airflow/example_dags/example_short_circuit_operator.py for tasks to queue
[2023-04-02T10:55:00.004+0000] {logging_mixin.py:137} INFO - [2023-04-02T10:55:00.004+0000] {dagbag.py:532} INFO - Filling up the DagBag from /home/airflow/.local/lib/python3.7/site-packages/airflow/example_dags/example_short_circuit_operator.py
[2023-04-02T10:55:00.042+0000] {processor.py:753} INFO - DAG(s) dict_keys(['example_short_circuit_operator']) retrieved from /home/airflow/.local/lib/python3.7/site-packages/airflow/example_dags/example_short_circuit_operator.py
[2023-04-02T10:55:00.080+0000] {logging_mixin.py:137} INFO - [2023-04-02T10:55:00.080+0000] {dag.py:2705} INFO - Sync 1 DAGs
[2023-04-02T10:55:00.118+0000] {logging_mixin.py:137} INFO - [2023-04-02T10:55:00.118+0000] {dag.py:3456} INFO - Setting next_dagrun for example_short_circuit_operator to 2023-04-01T10:55:00.117993+00:00, run_after=2023-04-02T10:55:00.117993+00:00
[2023-04-02T10:55:00.148+0000] {processor.py:175} INFO - Processing /home/airflow/.local/lib/python3.7/site-packages/airflow/example_dags/example_short_circuit_operator.py took 0.159 seconds
[2023-04-02T10:55:30.705+0000] {processor.py:153} INFO - Started process (PID=9942) to work on /home/airflow/.local/lib/python3.7/site-packages/airflow/example_dags/example_short_circuit_operator.py
[2023-04-02T10:55:30.708+0000] {processor.py:743} INFO - Processing file /home/airflow/.local/lib/python3.7/site-packages/airflow/example_dags/example_short_circuit_operator.py for tasks to queue
[2023-04-02T10:55:30.711+0000] {logging_mixin.py:137} INFO - [2023-04-02T10:55:30.710+0000] {dagbag.py:532} INFO - Filling up the DagBag from /home/airflow/.local/lib/python3.7/site-packages/airflow/example_dags/example_short_circuit_operator.py
[2023-04-02T10:55:30.750+0000] {processor.py:753} INFO - DAG(s) dict_keys(['example_short_circuit_operator']) retrieved from /home/airflow/.local/lib/python3.7/site-packages/airflow/example_dags/example_short_circuit_operator.py
[2023-04-02T10:55:30.795+0000] {logging_mixin.py:137} INFO - [2023-04-02T10:55:30.795+0000] {dag.py:2705} INFO - Sync 1 DAGs
[2023-04-02T10:55:30.849+0000] {logging_mixin.py:137} INFO - [2023-04-02T10:55:30.849+0000] {dag.py:3456} INFO - Setting next_dagrun for example_short_circuit_operator to 2023-04-01T10:55:30.848540+00:00, run_after=2023-04-02T10:55:30.848540+00:00
[2023-04-02T10:55:30.880+0000] {processor.py:175} INFO - Processing /home/airflow/.local/lib/python3.7/site-packages/airflow/example_dags/example_short_circuit_operator.py took 0.180 seconds
[2023-04-02T10:56:02.194+0000] {processor.py:153} INFO - Started process (PID=10161) to work on /home/airflow/.local/lib/python3.7/site-packages/airflow/example_dags/example_short_circuit_operator.py
[2023-04-02T10:56:02.195+0000] {processor.py:743} INFO - Processing file /home/airflow/.local/lib/python3.7/site-packages/airflow/example_dags/example_short_circuit_operator.py for tasks to queue
[2023-04-02T10:56:02.198+0000] {logging_mixin.py:137} INFO - [2023-04-02T10:56:02.198+0000] {dagbag.py:532} INFO - Filling up the DagBag from /home/airflow/.local/lib/python3.7/site-packages/airflow/example_dags/example_short_circuit_operator.py
[2023-04-02T10:56:02.228+0000] {processor.py:753} INFO - DAG(s) dict_keys(['example_short_circuit_operator']) retrieved from /home/airflow/.local/lib/python3.7/site-packages/airflow/example_dags/example_short_circuit_operator.py
[2023-04-02T10:56:02.275+0000] {logging_mixin.py:137} INFO - [2023-04-02T10:56:02.275+0000] {dag.py:2705} INFO - Sync 1 DAGs
[2023-04-02T10:56:02.331+0000] {logging_mixin.py:137} INFO - [2023-04-02T10:56:02.331+0000] {dag.py:3456} INFO - Setting next_dagrun for example_short_circuit_operator to 2023-04-01T10:56:02.331347+00:00, run_after=2023-04-02T10:56:02.331347+00:00
[2023-04-02T10:56:02.363+0000] {processor.py:175} INFO - Processing /home/airflow/.local/lib/python3.7/site-packages/airflow/example_dags/example_short_circuit_operator.py took 0.175 seconds
[2023-04-02T10:56:32.861+0000] {processor.py:153} INFO - Started process (PID=10377) to work on /home/airflow/.local/lib/python3.7/site-packages/airflow/example_dags/example_short_circuit_operator.py
[2023-04-02T10:56:32.871+0000] {processor.py:743} INFO - Processing file /home/airflow/.local/lib/python3.7/site-packages/airflow/example_dags/example_short_circuit_operator.py for tasks to queue
[2023-04-02T10:56:32.877+0000] {logging_mixin.py:137} INFO - [2023-04-02T10:56:32.876+0000] {dagbag.py:532} INFO - Filling up the DagBag from /home/airflow/.local/lib/python3.7/site-packages/airflow/example_dags/example_short_circuit_operator.py
[2023-04-02T10:56:32.941+0000] {processor.py:753} INFO - DAG(s) dict_keys(['example_short_circuit_operator']) retrieved from /home/airflow/.local/lib/python3.7/site-packages/airflow/example_dags/example_short_circuit_operator.py
[2023-04-02T10:56:33.002+0000] {logging_mixin.py:137} INFO - [2023-04-02T10:56:33.002+0000] {dag.py:2705} INFO - Sync 1 DAGs
[2023-04-02T10:56:33.074+0000] {logging_mixin.py:137} INFO - [2023-04-02T10:56:33.074+0000] {dag.py:3456} INFO - Setting next_dagrun for example_short_circuit_operator to 2023-04-01T10:56:33.074396+00:00, run_after=2023-04-02T10:56:33.074396+00:00
[2023-04-02T10:56:33.132+0000] {processor.py:175} INFO - Processing /home/airflow/.local/lib/python3.7/site-packages/airflow/example_dags/example_short_circuit_operator.py took 0.283 seconds
[2023-04-02T10:57:03.342+0000] {processor.py:153} INFO - Started process (PID=10595) to work on /home/airflow/.local/lib/python3.7/site-packages/airflow/example_dags/example_short_circuit_operator.py
[2023-04-02T10:57:03.343+0000] {processor.py:743} INFO - Processing file /home/airflow/.local/lib/python3.7/site-packages/airflow/example_dags/example_short_circuit_operator.py for tasks to queue
[2023-04-02T10:57:03.345+0000] {logging_mixin.py:137} INFO - [2023-04-02T10:57:03.344+0000] {dagbag.py:532} INFO - Filling up the DagBag from /home/airflow/.local/lib/python3.7/site-packages/airflow/example_dags/example_short_circuit_operator.py
[2023-04-02T10:57:03.370+0000] {processor.py:753} INFO - DAG(s) dict_keys(['example_short_circuit_operator']) retrieved from /home/airflow/.local/lib/python3.7/site-packages/airflow/example_dags/example_short_circuit_operator.py
[2023-04-02T10:57:03.416+0000] {logging_mixin.py:137} INFO - [2023-04-02T10:57:03.416+0000] {dag.py:2705} INFO - Sync 1 DAGs
[2023-04-02T10:57:03.464+0000] {logging_mixin.py:137} INFO - [2023-04-02T10:57:03.464+0000] {dag.py:3456} INFO - Setting next_dagrun for example_short_circuit_operator to 2023-04-01T10:57:03.464004+00:00, run_after=2023-04-02T10:57:03.464004+00:00
[2023-04-02T10:57:03.498+0000] {processor.py:175} INFO - Processing /home/airflow/.local/lib/python3.7/site-packages/airflow/example_dags/example_short_circuit_operator.py took 0.163 seconds
[2023-04-02T10:57:34.839+0000] {processor.py:153} INFO - Started process (PID=10815) to work on /home/airflow/.local/lib/python3.7/site-packages/airflow/example_dags/example_short_circuit_operator.py
[2023-04-02T10:57:34.841+0000] {processor.py:743} INFO - Processing file /home/airflow/.local/lib/python3.7/site-packages/airflow/example_dags/example_short_circuit_operator.py for tasks to queue
[2023-04-02T10:57:34.843+0000] {logging_mixin.py:137} INFO - [2023-04-02T10:57:34.843+0000] {dagbag.py:532} INFO - Filling up the DagBag from /home/airflow/.local/lib/python3.7/site-packages/airflow/example_dags/example_short_circuit_operator.py
[2023-04-02T10:57:34.867+0000] {processor.py:753} INFO - DAG(s) dict_keys(['example_short_circuit_operator']) retrieved from /home/airflow/.local/lib/python3.7/site-packages/airflow/example_dags/example_short_circuit_operator.py
[2023-04-02T10:57:34.905+0000] {logging_mixin.py:137} INFO - [2023-04-02T10:57:34.905+0000] {dag.py:2705} INFO - Sync 1 DAGs
[2023-04-02T10:57:34.942+0000] {logging_mixin.py:137} INFO - [2023-04-02T10:57:34.942+0000] {dag.py:3456} INFO - Setting next_dagrun for example_short_circuit_operator to 2023-04-01T10:57:34.942328+00:00, run_after=2023-04-02T10:57:34.942328+00:00
[2023-04-02T10:57:34.976+0000] {processor.py:175} INFO - Processing /home/airflow/.local/lib/python3.7/site-packages/airflow/example_dags/example_short_circuit_operator.py took 0.142 seconds
[2023-04-02T10:58:05.411+0000] {processor.py:153} INFO - Started process (PID=11031) to work on /home/airflow/.local/lib/python3.7/site-packages/airflow/example_dags/example_short_circuit_operator.py
[2023-04-02T10:58:05.414+0000] {processor.py:743} INFO - Processing file /home/airflow/.local/lib/python3.7/site-packages/airflow/example_dags/example_short_circuit_operator.py for tasks to queue
[2023-04-02T10:58:05.417+0000] {logging_mixin.py:137} INFO - [2023-04-02T10:58:05.416+0000] {dagbag.py:532} INFO - Filling up the DagBag from /home/airflow/.local/lib/python3.7/site-packages/airflow/example_dags/example_short_circuit_operator.py
[2023-04-02T10:58:05.449+0000] {processor.py:753} INFO - DAG(s) dict_keys(['example_short_circuit_operator']) retrieved from /home/airflow/.local/lib/python3.7/site-packages/airflow/example_dags/example_short_circuit_operator.py
[2023-04-02T10:58:05.501+0000] {logging_mixin.py:137} INFO - [2023-04-02T10:58:05.500+0000] {dag.py:2705} INFO - Sync 1 DAGs
[2023-04-02T10:58:05.556+0000] {logging_mixin.py:137} INFO - [2023-04-02T10:58:05.556+0000] {dag.py:3456} INFO - Setting next_dagrun for example_short_circuit_operator to 2023-04-01T10:58:05.556057+00:00, run_after=2023-04-02T10:58:05.556057+00:00
[2023-04-02T10:58:05.596+0000] {processor.py:175} INFO - Processing /home/airflow/.local/lib/python3.7/site-packages/airflow/example_dags/example_short_circuit_operator.py took 0.191 seconds
[2023-04-02T10:58:35.801+0000] {processor.py:153} INFO - Started process (PID=11249) to work on /home/airflow/.local/lib/python3.7/site-packages/airflow/example_dags/example_short_circuit_operator.py
[2023-04-02T10:58:35.802+0000] {processor.py:743} INFO - Processing file /home/airflow/.local/lib/python3.7/site-packages/airflow/example_dags/example_short_circuit_operator.py for tasks to queue
[2023-04-02T10:58:35.805+0000] {logging_mixin.py:137} INFO - [2023-04-02T10:58:35.805+0000] {dagbag.py:532} INFO - Filling up the DagBag from /home/airflow/.local/lib/python3.7/site-packages/airflow/example_dags/example_short_circuit_operator.py
[2023-04-02T10:58:35.829+0000] {processor.py:753} INFO - DAG(s) dict_keys(['example_short_circuit_operator']) retrieved from /home/airflow/.local/lib/python3.7/site-packages/airflow/example_dags/example_short_circuit_operator.py
[2023-04-02T10:58:35.864+0000] {logging_mixin.py:137} INFO - [2023-04-02T10:58:35.864+0000] {dag.py:2705} INFO - Sync 1 DAGs
[2023-04-02T10:58:35.900+0000] {logging_mixin.py:137} INFO - [2023-04-02T10:58:35.899+0000] {dag.py:3456} INFO - Setting next_dagrun for example_short_circuit_operator to 2023-04-01T10:58:35.899527+00:00, run_after=2023-04-02T10:58:35.899527+00:00
[2023-04-02T10:58:35.942+0000] {processor.py:175} INFO - Processing /home/airflow/.local/lib/python3.7/site-packages/airflow/example_dags/example_short_circuit_operator.py took 0.147 seconds
[2023-04-02T10:59:06.363+0000] {processor.py:153} INFO - Started process (PID=11467) to work on /home/airflow/.local/lib/python3.7/site-packages/airflow/example_dags/example_short_circuit_operator.py
[2023-04-02T10:59:06.366+0000] {processor.py:743} INFO - Processing file /home/airflow/.local/lib/python3.7/site-packages/airflow/example_dags/example_short_circuit_operator.py for tasks to queue
[2023-04-02T10:59:06.368+0000] {logging_mixin.py:137} INFO - [2023-04-02T10:59:06.368+0000] {dagbag.py:532} INFO - Filling up the DagBag from /home/airflow/.local/lib/python3.7/site-packages/airflow/example_dags/example_short_circuit_operator.py
[2023-04-02T10:59:06.401+0000] {processor.py:753} INFO - DAG(s) dict_keys(['example_short_circuit_operator']) retrieved from /home/airflow/.local/lib/python3.7/site-packages/airflow/example_dags/example_short_circuit_operator.py
[2023-04-02T10:59:06.444+0000] {logging_mixin.py:137} INFO - [2023-04-02T10:59:06.444+0000] {dag.py:2705} INFO - Sync 1 DAGs
[2023-04-02T10:59:06.481+0000] {logging_mixin.py:137} INFO - [2023-04-02T10:59:06.481+0000] {dag.py:3456} INFO - Setting next_dagrun for example_short_circuit_operator to 2023-04-01T10:59:06.481222+00:00, run_after=2023-04-02T10:59:06.481222+00:00
[2023-04-02T10:59:06.520+0000] {processor.py:175} INFO - Processing /home/airflow/.local/lib/python3.7/site-packages/airflow/example_dags/example_short_circuit_operator.py took 0.162 seconds
[2023-04-02T10:59:37.856+0000] {processor.py:153} INFO - Started process (PID=11685) to work on /home/airflow/.local/lib/python3.7/site-packages/airflow/example_dags/example_short_circuit_operator.py
[2023-04-02T10:59:37.860+0000] {processor.py:743} INFO - Processing file /home/airflow/.local/lib/python3.7/site-packages/airflow/example_dags/example_short_circuit_operator.py for tasks to queue
[2023-04-02T10:59:37.862+0000] {logging_mixin.py:137} INFO - [2023-04-02T10:59:37.862+0000] {dagbag.py:532} INFO - Filling up the DagBag from /home/airflow/.local/lib/python3.7/site-packages/airflow/example_dags/example_short_circuit_operator.py
[2023-04-02T10:59:37.895+0000] {processor.py:753} INFO - DAG(s) dict_keys(['example_short_circuit_operator']) retrieved from /home/airflow/.local/lib/python3.7/site-packages/airflow/example_dags/example_short_circuit_operator.py
[2023-04-02T10:59:37.977+0000] {logging_mixin.py:137} INFO - [2023-04-02T10:59:37.976+0000] {dag.py:2705} INFO - Sync 1 DAGs
[2023-04-02T10:59:38.059+0000] {logging_mixin.py:137} INFO - [2023-04-02T10:59:38.058+0000] {dag.py:3456} INFO - Setting next_dagrun for example_short_circuit_operator to 2023-04-01T10:59:38.057988+00:00, run_after=2023-04-02T10:59:38.057988+00:00
[2023-04-02T10:59:38.100+0000] {processor.py:175} INFO - Processing /home/airflow/.local/lib/python3.7/site-packages/airflow/example_dags/example_short_circuit_operator.py took 0.251 seconds
[2023-04-02T11:00:08.300+0000] {processor.py:153} INFO - Started process (PID=11903) to work on /home/airflow/.local/lib/python3.7/site-packages/airflow/example_dags/example_short_circuit_operator.py
[2023-04-02T11:00:08.306+0000] {processor.py:743} INFO - Processing file /home/airflow/.local/lib/python3.7/site-packages/airflow/example_dags/example_short_circuit_operator.py for tasks to queue
[2023-04-02T11:00:08.308+0000] {logging_mixin.py:137} INFO - [2023-04-02T11:00:08.307+0000] {dagbag.py:532} INFO - Filling up the DagBag from /home/airflow/.local/lib/python3.7/site-packages/airflow/example_dags/example_short_circuit_operator.py
[2023-04-02T11:00:08.333+0000] {processor.py:753} INFO - DAG(s) dict_keys(['example_short_circuit_operator']) retrieved from /home/airflow/.local/lib/python3.7/site-packages/airflow/example_dags/example_short_circuit_operator.py
[2023-04-02T11:00:08.380+0000] {logging_mixin.py:137} INFO - [2023-04-02T11:00:08.380+0000] {dag.py:2705} INFO - Sync 1 DAGs
[2023-04-02T11:00:08.418+0000] {logging_mixin.py:137} INFO - [2023-04-02T11:00:08.418+0000] {dag.py:3456} INFO - Setting next_dagrun for example_short_circuit_operator to 2023-04-01T11:00:08.417890+00:00, run_after=2023-04-02T11:00:08.417890+00:00
[2023-04-02T11:00:08.447+0000] {processor.py:175} INFO - Processing /home/airflow/.local/lib/python3.7/site-packages/airflow/example_dags/example_short_circuit_operator.py took 0.154 seconds
[2023-04-02T11:00:38.520+0000] {processor.py:153} INFO - Started process (PID=12121) to work on /home/airflow/.local/lib/python3.7/site-packages/airflow/example_dags/example_short_circuit_operator.py
[2023-04-02T11:00:38.522+0000] {processor.py:743} INFO - Processing file /home/airflow/.local/lib/python3.7/site-packages/airflow/example_dags/example_short_circuit_operator.py for tasks to queue
[2023-04-02T11:00:38.524+0000] {logging_mixin.py:137} INFO - [2023-04-02T11:00:38.523+0000] {dagbag.py:532} INFO - Filling up the DagBag from /home/airflow/.local/lib/python3.7/site-packages/airflow/example_dags/example_short_circuit_operator.py
[2023-04-02T11:00:38.551+0000] {processor.py:753} INFO - DAG(s) dict_keys(['example_short_circuit_operator']) retrieved from /home/airflow/.local/lib/python3.7/site-packages/airflow/example_dags/example_short_circuit_operator.py
[2023-04-02T11:00:38.613+0000] {logging_mixin.py:137} INFO - [2023-04-02T11:00:38.613+0000] {dag.py:2705} INFO - Sync 1 DAGs
[2023-04-02T11:00:38.658+0000] {logging_mixin.py:137} INFO - [2023-04-02T11:00:38.658+0000] {dag.py:3456} INFO - Setting next_dagrun for example_short_circuit_operator to 2023-04-01T11:00:38.657571+00:00, run_after=2023-04-02T11:00:38.657571+00:00
[2023-04-02T11:00:38.698+0000] {processor.py:175} INFO - Processing /home/airflow/.local/lib/python3.7/site-packages/airflow/example_dags/example_short_circuit_operator.py took 0.187 seconds
[2023-04-02T11:01:09.936+0000] {processor.py:153} INFO - Started process (PID=12339) to work on /home/airflow/.local/lib/python3.7/site-packages/airflow/example_dags/example_short_circuit_operator.py
[2023-04-02T11:01:09.938+0000] {processor.py:743} INFO - Processing file /home/airflow/.local/lib/python3.7/site-packages/airflow/example_dags/example_short_circuit_operator.py for tasks to queue
[2023-04-02T11:01:09.940+0000] {logging_mixin.py:137} INFO - [2023-04-02T11:01:09.940+0000] {dagbag.py:532} INFO - Filling up the DagBag from /home/airflow/.local/lib/python3.7/site-packages/airflow/example_dags/example_short_circuit_operator.py
[2023-04-02T11:01:10.022+0000] {processor.py:753} INFO - DAG(s) dict_keys(['example_short_circuit_operator']) retrieved from /home/airflow/.local/lib/python3.7/site-packages/airflow/example_dags/example_short_circuit_operator.py
[2023-04-02T11:01:10.120+0000] {logging_mixin.py:137} INFO - [2023-04-02T11:01:10.120+0000] {dag.py:2705} INFO - Sync 1 DAGs
[2023-04-02T11:01:10.202+0000] {logging_mixin.py:137} INFO - [2023-04-02T11:01:10.201+0000] {dag.py:3456} INFO - Setting next_dagrun for example_short_circuit_operator to 2023-04-01T11:01:10.201327+00:00, run_after=2023-04-02T11:01:10.201327+00:00
[2023-04-02T11:01:10.264+0000] {processor.py:175} INFO - Processing /home/airflow/.local/lib/python3.7/site-packages/airflow/example_dags/example_short_circuit_operator.py took 0.362 seconds
[2023-04-02T11:01:40.456+0000] {processor.py:153} INFO - Started process (PID=12557) to work on /home/airflow/.local/lib/python3.7/site-packages/airflow/example_dags/example_short_circuit_operator.py
[2023-04-02T11:01:40.458+0000] {processor.py:743} INFO - Processing file /home/airflow/.local/lib/python3.7/site-packages/airflow/example_dags/example_short_circuit_operator.py for tasks to queue
[2023-04-02T11:01:40.462+0000] {logging_mixin.py:137} INFO - [2023-04-02T11:01:40.461+0000] {dagbag.py:532} INFO - Filling up the DagBag from /home/airflow/.local/lib/python3.7/site-packages/airflow/example_dags/example_short_circuit_operator.py
[2023-04-02T11:01:40.491+0000] {processor.py:753} INFO - DAG(s) dict_keys(['example_short_circuit_operator']) retrieved from /home/airflow/.local/lib/python3.7/site-packages/airflow/example_dags/example_short_circuit_operator.py
[2023-04-02T11:01:40.564+0000] {logging_mixin.py:137} INFO - [2023-04-02T11:01:40.564+0000] {dag.py:2705} INFO - Sync 1 DAGs
[2023-04-02T11:01:40.630+0000] {logging_mixin.py:137} INFO - [2023-04-02T11:01:40.630+0000] {dag.py:3456} INFO - Setting next_dagrun for example_short_circuit_operator to 2023-04-01T11:01:40.629459+00:00, run_after=2023-04-02T11:01:40.629459+00:00
[2023-04-02T11:01:40.689+0000] {processor.py:175} INFO - Processing /home/airflow/.local/lib/python3.7/site-packages/airflow/example_dags/example_short_circuit_operator.py took 0.238 seconds
[2023-04-02T11:02:10.833+0000] {processor.py:153} INFO - Started process (PID=12775) to work on /home/airflow/.local/lib/python3.7/site-packages/airflow/example_dags/example_short_circuit_operator.py
[2023-04-02T11:02:10.834+0000] {processor.py:743} INFO - Processing file /home/airflow/.local/lib/python3.7/site-packages/airflow/example_dags/example_short_circuit_operator.py for tasks to queue
[2023-04-02T11:02:10.837+0000] {logging_mixin.py:137} INFO - [2023-04-02T11:02:10.837+0000] {dagbag.py:532} INFO - Filling up the DagBag from /home/airflow/.local/lib/python3.7/site-packages/airflow/example_dags/example_short_circuit_operator.py
[2023-04-02T11:02:10.872+0000] {processor.py:753} INFO - DAG(s) dict_keys(['example_short_circuit_operator']) retrieved from /home/airflow/.local/lib/python3.7/site-packages/airflow/example_dags/example_short_circuit_operator.py
[2023-04-02T11:02:10.934+0000] {logging_mixin.py:137} INFO - [2023-04-02T11:02:10.934+0000] {dag.py:2705} INFO - Sync 1 DAGs
[2023-04-02T11:02:11.000+0000] {logging_mixin.py:137} INFO - [2023-04-02T11:02:10.999+0000] {dag.py:3456} INFO - Setting next_dagrun for example_short_circuit_operator to 2023-04-01T11:02:10.999323+00:00, run_after=2023-04-02T11:02:10.999323+00:00
[2023-04-02T11:02:11.038+0000] {processor.py:175} INFO - Processing /home/airflow/.local/lib/python3.7/site-packages/airflow/example_dags/example_short_circuit_operator.py took 0.213 seconds
[2023-04-02T11:02:41.711+0000] {processor.py:153} INFO - Started process (PID=13000) to work on /home/airflow/.local/lib/python3.7/site-packages/airflow/example_dags/example_short_circuit_operator.py
[2023-04-02T11:02:41.713+0000] {processor.py:743} INFO - Processing file /home/airflow/.local/lib/python3.7/site-packages/airflow/example_dags/example_short_circuit_operator.py for tasks to queue
[2023-04-02T11:02:41.715+0000] {logging_mixin.py:137} INFO - [2023-04-02T11:02:41.715+0000] {dagbag.py:532} INFO - Filling up the DagBag from /home/airflow/.local/lib/python3.7/site-packages/airflow/example_dags/example_short_circuit_operator.py
[2023-04-02T11:02:41.750+0000] {processor.py:753} INFO - DAG(s) dict_keys(['example_short_circuit_operator']) retrieved from /home/airflow/.local/lib/python3.7/site-packages/airflow/example_dags/example_short_circuit_operator.py
[2023-04-02T11:02:41.842+0000] {logging_mixin.py:137} INFO - [2023-04-02T11:02:41.842+0000] {dag.py:2705} INFO - Sync 1 DAGs
[2023-04-02T11:02:41.901+0000] {logging_mixin.py:137} INFO - [2023-04-02T11:02:41.901+0000] {dag.py:3456} INFO - Setting next_dagrun for example_short_circuit_operator to 2023-04-01T11:02:41.900842+00:00, run_after=2023-04-02T11:02:41.900842+00:00
[2023-04-02T11:02:41.943+0000] {processor.py:175} INFO - Processing /home/airflow/.local/lib/python3.7/site-packages/airflow/example_dags/example_short_circuit_operator.py took 0.240 seconds
[2023-04-02T11:03:12.653+0000] {processor.py:153} INFO - Started process (PID=13218) to work on /home/airflow/.local/lib/python3.7/site-packages/airflow/example_dags/example_short_circuit_operator.py
[2023-04-02T11:03:12.655+0000] {processor.py:743} INFO - Processing file /home/airflow/.local/lib/python3.7/site-packages/airflow/example_dags/example_short_circuit_operator.py for tasks to queue
[2023-04-02T11:03:12.662+0000] {logging_mixin.py:137} INFO - [2023-04-02T11:03:12.662+0000] {dagbag.py:532} INFO - Filling up the DagBag from /home/airflow/.local/lib/python3.7/site-packages/airflow/example_dags/example_short_circuit_operator.py
[2023-04-02T11:03:12.709+0000] {processor.py:753} INFO - DAG(s) dict_keys(['example_short_circuit_operator']) retrieved from /home/airflow/.local/lib/python3.7/site-packages/airflow/example_dags/example_short_circuit_operator.py
[2023-04-02T11:03:12.788+0000] {logging_mixin.py:137} INFO - [2023-04-02T11:03:12.787+0000] {dag.py:2705} INFO - Sync 1 DAGs
[2023-04-02T11:03:12.853+0000] {logging_mixin.py:137} INFO - [2023-04-02T11:03:12.852+0000] {dag.py:3456} INFO - Setting next_dagrun for example_short_circuit_operator to 2023-04-01T11:03:12.852478+00:00, run_after=2023-04-02T11:03:12.852478+00:00
[2023-04-02T11:03:12.914+0000] {processor.py:175} INFO - Processing /home/airflow/.local/lib/python3.7/site-packages/airflow/example_dags/example_short_circuit_operator.py took 0.266 seconds
[2023-04-02T11:03:44.822+0000] {processor.py:153} INFO - Started process (PID=13436) to work on /home/airflow/.local/lib/python3.7/site-packages/airflow/example_dags/example_short_circuit_operator.py
[2023-04-02T11:03:44.829+0000] {processor.py:743} INFO - Processing file /home/airflow/.local/lib/python3.7/site-packages/airflow/example_dags/example_short_circuit_operator.py for tasks to queue
[2023-04-02T11:03:44.832+0000] {logging_mixin.py:137} INFO - [2023-04-02T11:03:44.831+0000] {dagbag.py:532} INFO - Filling up the DagBag from /home/airflow/.local/lib/python3.7/site-packages/airflow/example_dags/example_short_circuit_operator.py
[2023-04-02T11:03:44.890+0000] {processor.py:753} INFO - DAG(s) dict_keys(['example_short_circuit_operator']) retrieved from /home/airflow/.local/lib/python3.7/site-packages/airflow/example_dags/example_short_circuit_operator.py
[2023-04-02T11:03:45.009+0000] {logging_mixin.py:137} INFO - [2023-04-02T11:03:45.009+0000] {dag.py:2705} INFO - Sync 1 DAGs
[2023-04-02T11:03:45.102+0000] {logging_mixin.py:137} INFO - [2023-04-02T11:03:45.101+0000] {dag.py:3456} INFO - Setting next_dagrun for example_short_circuit_operator to 2023-04-01T11:03:45.101189+00:00, run_after=2023-04-02T11:03:45.101189+00:00
[2023-04-02T11:03:45.167+0000] {processor.py:175} INFO - Processing /home/airflow/.local/lib/python3.7/site-packages/airflow/example_dags/example_short_circuit_operator.py took 0.364 seconds
[2023-04-02T11:04:15.366+0000] {processor.py:153} INFO - Started process (PID=13654) to work on /home/airflow/.local/lib/python3.7/site-packages/airflow/example_dags/example_short_circuit_operator.py
[2023-04-02T11:04:15.376+0000] {processor.py:743} INFO - Processing file /home/airflow/.local/lib/python3.7/site-packages/airflow/example_dags/example_short_circuit_operator.py for tasks to queue
[2023-04-02T11:04:15.379+0000] {logging_mixin.py:137} INFO - [2023-04-02T11:04:15.379+0000] {dagbag.py:532} INFO - Filling up the DagBag from /home/airflow/.local/lib/python3.7/site-packages/airflow/example_dags/example_short_circuit_operator.py
[2023-04-02T11:04:15.434+0000] {processor.py:753} INFO - DAG(s) dict_keys(['example_short_circuit_operator']) retrieved from /home/airflow/.local/lib/python3.7/site-packages/airflow/example_dags/example_short_circuit_operator.py
[2023-04-02T11:04:15.509+0000] {logging_mixin.py:137} INFO - [2023-04-02T11:04:15.509+0000] {dag.py:2705} INFO - Sync 1 DAGs
[2023-04-02T11:04:15.558+0000] {logging_mixin.py:137} INFO - [2023-04-02T11:04:15.557+0000] {dag.py:3456} INFO - Setting next_dagrun for example_short_circuit_operator to 2023-04-01T11:04:15.557565+00:00, run_after=2023-04-02T11:04:15.557565+00:00
[2023-04-02T11:04:15.624+0000] {processor.py:175} INFO - Processing /home/airflow/.local/lib/python3.7/site-packages/airflow/example_dags/example_short_circuit_operator.py took 0.269 seconds
[2023-04-02T11:04:46.179+0000] {processor.py:153} INFO - Started process (PID=13872) to work on /home/airflow/.local/lib/python3.7/site-packages/airflow/example_dags/example_short_circuit_operator.py
[2023-04-02T11:04:46.181+0000] {processor.py:743} INFO - Processing file /home/airflow/.local/lib/python3.7/site-packages/airflow/example_dags/example_short_circuit_operator.py for tasks to queue
[2023-04-02T11:04:46.184+0000] {logging_mixin.py:137} INFO - [2023-04-02T11:04:46.183+0000] {dagbag.py:532} INFO - Filling up the DagBag from /home/airflow/.local/lib/python3.7/site-packages/airflow/example_dags/example_short_circuit_operator.py
[2023-04-02T11:04:46.226+0000] {processor.py:753} INFO - DAG(s) dict_keys(['example_short_circuit_operator']) retrieved from /home/airflow/.local/lib/python3.7/site-packages/airflow/example_dags/example_short_circuit_operator.py
[2023-04-02T11:04:46.295+0000] {logging_mixin.py:137} INFO - [2023-04-02T11:04:46.294+0000] {dag.py:2705} INFO - Sync 1 DAGs
[2023-04-02T11:04:46.359+0000] {logging_mixin.py:137} INFO - [2023-04-02T11:04:46.358+0000] {dag.py:3456} INFO - Setting next_dagrun for example_short_circuit_operator to 2023-04-01T11:04:46.354269+00:00, run_after=2023-04-02T11:04:46.354269+00:00
[2023-04-02T11:04:46.409+0000] {processor.py:175} INFO - Processing /home/airflow/.local/lib/python3.7/site-packages/airflow/example_dags/example_short_circuit_operator.py took 0.244 seconds
[2023-04-02T11:05:16.909+0000] {processor.py:153} INFO - Started process (PID=14090) to work on /home/airflow/.local/lib/python3.7/site-packages/airflow/example_dags/example_short_circuit_operator.py
[2023-04-02T11:05:16.912+0000] {processor.py:743} INFO - Processing file /home/airflow/.local/lib/python3.7/site-packages/airflow/example_dags/example_short_circuit_operator.py for tasks to queue
[2023-04-02T11:05:16.918+0000] {logging_mixin.py:137} INFO - [2023-04-02T11:05:16.917+0000] {dagbag.py:532} INFO - Filling up the DagBag from /home/airflow/.local/lib/python3.7/site-packages/airflow/example_dags/example_short_circuit_operator.py
[2023-04-02T11:05:16.959+0000] {processor.py:753} INFO - DAG(s) dict_keys(['example_short_circuit_operator']) retrieved from /home/airflow/.local/lib/python3.7/site-packages/airflow/example_dags/example_short_circuit_operator.py
[2023-04-02T11:05:17.007+0000] {logging_mixin.py:137} INFO - [2023-04-02T11:05:17.007+0000] {dag.py:2705} INFO - Sync 1 DAGs
[2023-04-02T11:05:17.102+0000] {logging_mixin.py:137} INFO - [2023-04-02T11:05:17.102+0000] {dag.py:3456} INFO - Setting next_dagrun for example_short_circuit_operator to 2023-04-01T11:05:17.101701+00:00, run_after=2023-04-02T11:05:17.101701+00:00
[2023-04-02T11:05:17.157+0000] {processor.py:175} INFO - Processing /home/airflow/.local/lib/python3.7/site-packages/airflow/example_dags/example_short_circuit_operator.py took 0.255 seconds
[2023-04-02T11:05:47.530+0000] {processor.py:153} INFO - Started process (PID=14308) to work on /home/airflow/.local/lib/python3.7/site-packages/airflow/example_dags/example_short_circuit_operator.py
[2023-04-02T11:05:47.532+0000] {processor.py:743} INFO - Processing file /home/airflow/.local/lib/python3.7/site-packages/airflow/example_dags/example_short_circuit_operator.py for tasks to queue
[2023-04-02T11:05:47.535+0000] {logging_mixin.py:137} INFO - [2023-04-02T11:05:47.533+0000] {dagbag.py:532} INFO - Filling up the DagBag from /home/airflow/.local/lib/python3.7/site-packages/airflow/example_dags/example_short_circuit_operator.py
[2023-04-02T11:05:47.574+0000] {processor.py:753} INFO - DAG(s) dict_keys(['example_short_circuit_operator']) retrieved from /home/airflow/.local/lib/python3.7/site-packages/airflow/example_dags/example_short_circuit_operator.py
[2023-04-02T11:05:47.656+0000] {logging_mixin.py:137} INFO - [2023-04-02T11:05:47.656+0000] {dag.py:2705} INFO - Sync 1 DAGs
[2023-04-02T11:05:47.726+0000] {logging_mixin.py:137} INFO - [2023-04-02T11:05:47.726+0000] {dag.py:3456} INFO - Setting next_dagrun for example_short_circuit_operator to 2023-04-01T11:05:47.725680+00:00, run_after=2023-04-02T11:05:47.725680+00:00
[2023-04-02T11:05:47.775+0000] {processor.py:175} INFO - Processing /home/airflow/.local/lib/python3.7/site-packages/airflow/example_dags/example_short_circuit_operator.py took 0.252 seconds
[2023-04-02T11:06:18.481+0000] {processor.py:153} INFO - Started process (PID=14527) to work on /home/airflow/.local/lib/python3.7/site-packages/airflow/example_dags/example_short_circuit_operator.py
[2023-04-02T11:06:18.484+0000] {processor.py:743} INFO - Processing file /home/airflow/.local/lib/python3.7/site-packages/airflow/example_dags/example_short_circuit_operator.py for tasks to queue
[2023-04-02T11:06:18.488+0000] {logging_mixin.py:137} INFO - [2023-04-02T11:06:18.488+0000] {dagbag.py:532} INFO - Filling up the DagBag from /home/airflow/.local/lib/python3.7/site-packages/airflow/example_dags/example_short_circuit_operator.py
[2023-04-02T11:06:18.528+0000] {processor.py:753} INFO - DAG(s) dict_keys(['example_short_circuit_operator']) retrieved from /home/airflow/.local/lib/python3.7/site-packages/airflow/example_dags/example_short_circuit_operator.py
[2023-04-02T11:06:18.588+0000] {logging_mixin.py:137} INFO - [2023-04-02T11:06:18.588+0000] {dag.py:2705} INFO - Sync 1 DAGs
[2023-04-02T11:06:18.651+0000] {logging_mixin.py:137} INFO - [2023-04-02T11:06:18.650+0000] {dag.py:3456} INFO - Setting next_dagrun for example_short_circuit_operator to 2023-04-01T11:06:18.650312+00:00, run_after=2023-04-02T11:06:18.650312+00:00
[2023-04-02T11:06:18.685+0000] {processor.py:175} INFO - Processing /home/airflow/.local/lib/python3.7/site-packages/airflow/example_dags/example_short_circuit_operator.py took 0.212 seconds
[2023-04-02T11:06:49.600+0000] {processor.py:153} INFO - Started process (PID=14744) to work on /home/airflow/.local/lib/python3.7/site-packages/airflow/example_dags/example_short_circuit_operator.py
[2023-04-02T11:06:49.602+0000] {processor.py:743} INFO - Processing file /home/airflow/.local/lib/python3.7/site-packages/airflow/example_dags/example_short_circuit_operator.py for tasks to queue
[2023-04-02T11:06:49.606+0000] {logging_mixin.py:137} INFO - [2023-04-02T11:06:49.606+0000] {dagbag.py:532} INFO - Filling up the DagBag from /home/airflow/.local/lib/python3.7/site-packages/airflow/example_dags/example_short_circuit_operator.py
[2023-04-02T11:06:49.641+0000] {processor.py:753} INFO - DAG(s) dict_keys(['example_short_circuit_operator']) retrieved from /home/airflow/.local/lib/python3.7/site-packages/airflow/example_dags/example_short_circuit_operator.py
[2023-04-02T11:06:49.695+0000] {logging_mixin.py:137} INFO - [2023-04-02T11:06:49.695+0000] {dag.py:2705} INFO - Sync 1 DAGs
[2023-04-02T11:06:49.751+0000] {logging_mixin.py:137} INFO - [2023-04-02T11:06:49.751+0000] {dag.py:3456} INFO - Setting next_dagrun for example_short_circuit_operator to 2023-04-01T11:06:49.750757+00:00, run_after=2023-04-02T11:06:49.750757+00:00
[2023-04-02T11:06:49.798+0000] {processor.py:175} INFO - Processing /home/airflow/.local/lib/python3.7/site-packages/airflow/example_dags/example_short_circuit_operator.py took 0.205 seconds
