[2023-04-02T10:32:45.759+0000] {processor.py:153} INFO - Started process (PID=203) to work on /home/airflow/.local/lib/python3.7/site-packages/airflow/example_dags/example_complex.py
[2023-04-02T10:32:45.760+0000] {processor.py:743} INFO - Processing file /home/airflow/.local/lib/python3.7/site-packages/airflow/example_dags/example_complex.py for tasks to queue
[2023-04-02T10:32:45.764+0000] {logging_mixin.py:137} INFO - [2023-04-02T10:32:45.763+0000] {dagbag.py:532} INFO - Filling up the DagBag from /home/airflow/.local/lib/python3.7/site-packages/airflow/example_dags/example_complex.py
[2023-04-02T10:32:45.792+0000] {logging_mixin.py:137} INFO - [2023-04-02T10:32:45.791+0000] {taskmixin.py:211} WARNING - Dependency <Task(BashOperator): create_entry_group>, delete_entry_group already registered for DAG: example_complex
[2023-04-02T10:32:45.793+0000] {logging_mixin.py:137} INFO - [2023-04-02T10:32:45.792+0000] {taskmixin.py:211} WARNING - Dependency <Task(BashOperator): delete_entry_group>, create_entry_group already registered for DAG: example_complex
[2023-04-02T10:32:45.796+0000] {logging_mixin.py:137} INFO - [2023-04-02T10:32:45.795+0000] {taskmixin.py:211} WARNING - Dependency <Task(BashOperator): create_entry_gcs>, delete_entry already registered for DAG: example_complex
[2023-04-02T10:32:45.799+0000] {logging_mixin.py:137} INFO - [2023-04-02T10:32:45.799+0000] {taskmixin.py:211} WARNING - Dependency <Task(BashOperator): delete_entry>, create_entry_gcs already registered for DAG: example_complex
[2023-04-02T10:32:45.801+0000] {logging_mixin.py:137} INFO - [2023-04-02T10:32:45.801+0000] {taskmixin.py:211} WARNING - Dependency <Task(BashOperator): create_tag>, delete_tag already registered for DAG: example_complex
[2023-04-02T10:32:45.803+0000] {logging_mixin.py:137} INFO - [2023-04-02T10:32:45.801+0000] {taskmixin.py:211} WARNING - Dependency <Task(BashOperator): delete_tag>, create_tag already registered for DAG: example_complex
[2023-04-02T10:32:45.813+0000] {processor.py:753} INFO - DAG(s) dict_keys(['example_complex']) retrieved from /home/airflow/.local/lib/python3.7/site-packages/airflow/example_dags/example_complex.py
[2023-04-02T10:32:45.841+0000] {logging_mixin.py:137} INFO - [2023-04-02T10:32:45.841+0000] {dag.py:2705} INFO - Sync 1 DAGs
[2023-04-02T10:32:45.895+0000] {logging_mixin.py:137} INFO - [2023-04-02T10:32:45.895+0000] {dag.py:3456} INFO - Setting next_dagrun for example_complex to None, run_after=None
[2023-04-02T10:32:45.930+0000] {processor.py:175} INFO - Processing /home/airflow/.local/lib/python3.7/site-packages/airflow/example_dags/example_complex.py took 0.178 seconds
[2023-04-02T10:33:18.557+0000] {processor.py:153} INFO - Started process (PID=421) to work on /home/airflow/.local/lib/python3.7/site-packages/airflow/example_dags/example_complex.py
[2023-04-02T10:33:18.567+0000] {processor.py:743} INFO - Processing file /home/airflow/.local/lib/python3.7/site-packages/airflow/example_dags/example_complex.py for tasks to queue
[2023-04-02T10:33:18.577+0000] {logging_mixin.py:137} INFO - [2023-04-02T10:33:18.577+0000] {dagbag.py:532} INFO - Filling up the DagBag from /home/airflow/.local/lib/python3.7/site-packages/airflow/example_dags/example_complex.py
[2023-04-02T10:33:18.653+0000] {logging_mixin.py:137} INFO - [2023-04-02T10:33:18.653+0000] {taskmixin.py:211} WARNING - Dependency <Task(BashOperator): create_entry_group>, delete_entry_group already registered for DAG: example_complex
[2023-04-02T10:33:18.654+0000] {logging_mixin.py:137} INFO - [2023-04-02T10:33:18.654+0000] {taskmixin.py:211} WARNING - Dependency <Task(BashOperator): delete_entry_group>, create_entry_group already registered for DAG: example_complex
[2023-04-02T10:33:18.663+0000] {logging_mixin.py:137} INFO - [2023-04-02T10:33:18.663+0000] {taskmixin.py:211} WARNING - Dependency <Task(BashOperator): create_entry_gcs>, delete_entry already registered for DAG: example_complex
[2023-04-02T10:33:18.665+0000] {logging_mixin.py:137} INFO - [2023-04-02T10:33:18.664+0000] {taskmixin.py:211} WARNING - Dependency <Task(BashOperator): delete_entry>, create_entry_gcs already registered for DAG: example_complex
[2023-04-02T10:33:18.676+0000] {logging_mixin.py:137} INFO - [2023-04-02T10:33:18.668+0000] {taskmixin.py:211} WARNING - Dependency <Task(BashOperator): create_tag>, delete_tag already registered for DAG: example_complex
[2023-04-02T10:33:18.676+0000] {logging_mixin.py:137} INFO - [2023-04-02T10:33:18.676+0000] {taskmixin.py:211} WARNING - Dependency <Task(BashOperator): delete_tag>, create_tag already registered for DAG: example_complex
[2023-04-02T10:33:18.697+0000] {processor.py:753} INFO - DAG(s) dict_keys(['example_complex']) retrieved from /home/airflow/.local/lib/python3.7/site-packages/airflow/example_dags/example_complex.py
[2023-04-02T10:33:18.753+0000] {logging_mixin.py:137} INFO - [2023-04-02T10:33:18.753+0000] {dag.py:2705} INFO - Sync 1 DAGs
[2023-04-02T10:33:18.936+0000] {logging_mixin.py:137} INFO - [2023-04-02T10:33:18.936+0000] {dag.py:3456} INFO - Setting next_dagrun for example_complex to None, run_after=None
[2023-04-02T10:33:19.080+0000] {processor.py:175} INFO - Processing /home/airflow/.local/lib/python3.7/site-packages/airflow/example_dags/example_complex.py took 0.537 seconds
[2023-04-02T10:33:49.570+0000] {processor.py:153} INFO - Started process (PID=640) to work on /home/airflow/.local/lib/python3.7/site-packages/airflow/example_dags/example_complex.py
[2023-04-02T10:33:49.577+0000] {processor.py:743} INFO - Processing file /home/airflow/.local/lib/python3.7/site-packages/airflow/example_dags/example_complex.py for tasks to queue
[2023-04-02T10:33:49.581+0000] {logging_mixin.py:137} INFO - [2023-04-02T10:33:49.580+0000] {dagbag.py:532} INFO - Filling up the DagBag from /home/airflow/.local/lib/python3.7/site-packages/airflow/example_dags/example_complex.py
[2023-04-02T10:33:49.675+0000] {logging_mixin.py:137} INFO - [2023-04-02T10:33:49.675+0000] {taskmixin.py:211} WARNING - Dependency <Task(BashOperator): create_entry_group>, delete_entry_group already registered for DAG: example_complex
[2023-04-02T10:33:49.683+0000] {logging_mixin.py:137} INFO - [2023-04-02T10:33:49.683+0000] {taskmixin.py:211} WARNING - Dependency <Task(BashOperator): delete_entry_group>, create_entry_group already registered for DAG: example_complex
[2023-04-02T10:33:49.686+0000] {logging_mixin.py:137} INFO - [2023-04-02T10:33:49.686+0000] {taskmixin.py:211} WARNING - Dependency <Task(BashOperator): create_entry_gcs>, delete_entry already registered for DAG: example_complex
[2023-04-02T10:33:49.688+0000] {logging_mixin.py:137} INFO - [2023-04-02T10:33:49.688+0000] {taskmixin.py:211} WARNING - Dependency <Task(BashOperator): delete_entry>, create_entry_gcs already registered for DAG: example_complex
[2023-04-02T10:33:49.692+0000] {logging_mixin.py:137} INFO - [2023-04-02T10:33:49.691+0000] {taskmixin.py:211} WARNING - Dependency <Task(BashOperator): create_tag>, delete_tag already registered for DAG: example_complex
[2023-04-02T10:33:49.694+0000] {logging_mixin.py:137} INFO - [2023-04-02T10:33:49.694+0000] {taskmixin.py:211} WARNING - Dependency <Task(BashOperator): delete_tag>, create_tag already registered for DAG: example_complex
[2023-04-02T10:33:49.741+0000] {processor.py:753} INFO - DAG(s) dict_keys(['example_complex']) retrieved from /home/airflow/.local/lib/python3.7/site-packages/airflow/example_dags/example_complex.py
[2023-04-02T10:33:49.990+0000] {logging_mixin.py:137} INFO - [2023-04-02T10:33:49.987+0000] {dag.py:2705} INFO - Sync 1 DAGs
[2023-04-02T10:33:50.155+0000] {logging_mixin.py:137} INFO - [2023-04-02T10:33:50.154+0000] {dag.py:3456} INFO - Setting next_dagrun for example_complex to None, run_after=None
[2023-04-02T10:33:50.247+0000] {processor.py:175} INFO - Processing /home/airflow/.local/lib/python3.7/site-packages/airflow/example_dags/example_complex.py took 0.694 seconds
[2023-04-02T10:34:22.050+0000] {processor.py:153} INFO - Started process (PID=858) to work on /home/airflow/.local/lib/python3.7/site-packages/airflow/example_dags/example_complex.py
[2023-04-02T10:34:22.064+0000] {processor.py:743} INFO - Processing file /home/airflow/.local/lib/python3.7/site-packages/airflow/example_dags/example_complex.py for tasks to queue
[2023-04-02T10:34:22.080+0000] {logging_mixin.py:137} INFO - [2023-04-02T10:34:22.080+0000] {dagbag.py:532} INFO - Filling up the DagBag from /home/airflow/.local/lib/python3.7/site-packages/airflow/example_dags/example_complex.py
[2023-04-02T10:34:22.113+0000] {logging_mixin.py:137} INFO - [2023-04-02T10:34:22.113+0000] {taskmixin.py:211} WARNING - Dependency <Task(BashOperator): create_entry_group>, delete_entry_group already registered for DAG: example_complex
[2023-04-02T10:34:22.114+0000] {logging_mixin.py:137} INFO - [2023-04-02T10:34:22.113+0000] {taskmixin.py:211} WARNING - Dependency <Task(BashOperator): delete_entry_group>, create_entry_group already registered for DAG: example_complex
[2023-04-02T10:34:22.117+0000] {logging_mixin.py:137} INFO - [2023-04-02T10:34:22.117+0000] {taskmixin.py:211} WARNING - Dependency <Task(BashOperator): create_entry_gcs>, delete_entry already registered for DAG: example_complex
[2023-04-02T10:34:22.119+0000] {logging_mixin.py:137} INFO - [2023-04-02T10:34:22.117+0000] {taskmixin.py:211} WARNING - Dependency <Task(BashOperator): delete_entry>, create_entry_gcs already registered for DAG: example_complex
[2023-04-02T10:34:22.121+0000] {logging_mixin.py:137} INFO - [2023-04-02T10:34:22.121+0000] {taskmixin.py:211} WARNING - Dependency <Task(BashOperator): create_tag>, delete_tag already registered for DAG: example_complex
[2023-04-02T10:34:22.124+0000] {logging_mixin.py:137} INFO - [2023-04-02T10:34:22.122+0000] {taskmixin.py:211} WARNING - Dependency <Task(BashOperator): delete_tag>, create_tag already registered for DAG: example_complex
[2023-04-02T10:34:22.139+0000] {processor.py:753} INFO - DAG(s) dict_keys(['example_complex']) retrieved from /home/airflow/.local/lib/python3.7/site-packages/airflow/example_dags/example_complex.py
[2023-04-02T10:34:22.221+0000] {logging_mixin.py:137} INFO - [2023-04-02T10:34:22.221+0000] {dag.py:2705} INFO - Sync 1 DAGs
[2023-04-02T10:34:22.281+0000] {logging_mixin.py:137} INFO - [2023-04-02T10:34:22.280+0000] {dag.py:3456} INFO - Setting next_dagrun for example_complex to None, run_after=None
[2023-04-02T10:34:22.371+0000] {processor.py:175} INFO - Processing /home/airflow/.local/lib/python3.7/site-packages/airflow/example_dags/example_complex.py took 0.345 seconds
[2023-04-02T10:34:52.746+0000] {processor.py:153} INFO - Started process (PID=1076) to work on /home/airflow/.local/lib/python3.7/site-packages/airflow/example_dags/example_complex.py
[2023-04-02T10:34:52.749+0000] {processor.py:743} INFO - Processing file /home/airflow/.local/lib/python3.7/site-packages/airflow/example_dags/example_complex.py for tasks to queue
[2023-04-02T10:34:52.753+0000] {logging_mixin.py:137} INFO - [2023-04-02T10:34:52.752+0000] {dagbag.py:532} INFO - Filling up the DagBag from /home/airflow/.local/lib/python3.7/site-packages/airflow/example_dags/example_complex.py
[2023-04-02T10:34:52.810+0000] {logging_mixin.py:137} INFO - [2023-04-02T10:34:52.806+0000] {taskmixin.py:211} WARNING - Dependency <Task(BashOperator): create_entry_group>, delete_entry_group already registered for DAG: example_complex
[2023-04-02T10:34:52.813+0000] {logging_mixin.py:137} INFO - [2023-04-02T10:34:52.812+0000] {taskmixin.py:211} WARNING - Dependency <Task(BashOperator): delete_entry_group>, create_entry_group already registered for DAG: example_complex
[2023-04-02T10:34:52.820+0000] {logging_mixin.py:137} INFO - [2023-04-02T10:34:52.819+0000] {taskmixin.py:211} WARNING - Dependency <Task(BashOperator): create_entry_gcs>, delete_entry already registered for DAG: example_complex
[2023-04-02T10:34:52.823+0000] {logging_mixin.py:137} INFO - [2023-04-02T10:34:52.822+0000] {taskmixin.py:211} WARNING - Dependency <Task(BashOperator): delete_entry>, create_entry_gcs already registered for DAG: example_complex
[2023-04-02T10:34:52.825+0000] {logging_mixin.py:137} INFO - [2023-04-02T10:34:52.824+0000] {taskmixin.py:211} WARNING - Dependency <Task(BashOperator): create_tag>, delete_tag already registered for DAG: example_complex
[2023-04-02T10:34:52.826+0000] {logging_mixin.py:137} INFO - [2023-04-02T10:34:52.826+0000] {taskmixin.py:211} WARNING - Dependency <Task(BashOperator): delete_tag>, create_tag already registered for DAG: example_complex
[2023-04-02T10:34:52.860+0000] {processor.py:753} INFO - DAG(s) dict_keys(['example_complex']) retrieved from /home/airflow/.local/lib/python3.7/site-packages/airflow/example_dags/example_complex.py
[2023-04-02T10:34:53.080+0000] {logging_mixin.py:137} INFO - [2023-04-02T10:34:53.080+0000] {dag.py:2705} INFO - Sync 1 DAGs
[2023-04-02T10:34:53.228+0000] {logging_mixin.py:137} INFO - [2023-04-02T10:34:53.228+0000] {dag.py:3456} INFO - Setting next_dagrun for example_complex to None, run_after=None
[2023-04-02T10:34:53.317+0000] {processor.py:175} INFO - Processing /home/airflow/.local/lib/python3.7/site-packages/airflow/example_dags/example_complex.py took 0.591 seconds
[2023-04-02T10:35:23.982+0000] {processor.py:153} INFO - Started process (PID=1295) to work on /home/airflow/.local/lib/python3.7/site-packages/airflow/example_dags/example_complex.py
[2023-04-02T10:35:23.991+0000] {processor.py:743} INFO - Processing file /home/airflow/.local/lib/python3.7/site-packages/airflow/example_dags/example_complex.py for tasks to queue
[2023-04-02T10:35:23.995+0000] {logging_mixin.py:137} INFO - [2023-04-02T10:35:23.995+0000] {dagbag.py:532} INFO - Filling up the DagBag from /home/airflow/.local/lib/python3.7/site-packages/airflow/example_dags/example_complex.py
[2023-04-02T10:35:24.024+0000] {logging_mixin.py:137} INFO - [2023-04-02T10:35:24.024+0000] {taskmixin.py:211} WARNING - Dependency <Task(BashOperator): create_entry_group>, delete_entry_group already registered for DAG: example_complex
[2023-04-02T10:35:24.034+0000] {logging_mixin.py:137} INFO - [2023-04-02T10:35:24.033+0000] {taskmixin.py:211} WARNING - Dependency <Task(BashOperator): delete_entry_group>, create_entry_group already registered for DAG: example_complex
[2023-04-02T10:35:24.036+0000] {logging_mixin.py:137} INFO - [2023-04-02T10:35:24.036+0000] {taskmixin.py:211} WARNING - Dependency <Task(BashOperator): create_entry_gcs>, delete_entry already registered for DAG: example_complex
[2023-04-02T10:35:24.036+0000] {logging_mixin.py:137} INFO - [2023-04-02T10:35:24.036+0000] {taskmixin.py:211} WARNING - Dependency <Task(BashOperator): delete_entry>, create_entry_gcs already registered for DAG: example_complex
[2023-04-02T10:35:24.039+0000] {logging_mixin.py:137} INFO - [2023-04-02T10:35:24.038+0000] {taskmixin.py:211} WARNING - Dependency <Task(BashOperator): create_tag>, delete_tag already registered for DAG: example_complex
[2023-04-02T10:35:24.039+0000] {logging_mixin.py:137} INFO - [2023-04-02T10:35:24.039+0000] {taskmixin.py:211} WARNING - Dependency <Task(BashOperator): delete_tag>, create_tag already registered for DAG: example_complex
[2023-04-02T10:35:24.063+0000] {processor.py:753} INFO - DAG(s) dict_keys(['example_complex']) retrieved from /home/airflow/.local/lib/python3.7/site-packages/airflow/example_dags/example_complex.py
[2023-04-02T10:35:24.138+0000] {logging_mixin.py:137} INFO - [2023-04-02T10:35:24.137+0000] {dag.py:2705} INFO - Sync 1 DAGs
[2023-04-02T10:35:24.191+0000] {logging_mixin.py:137} INFO - [2023-04-02T10:35:24.191+0000] {dag.py:3456} INFO - Setting next_dagrun for example_complex to None, run_after=None
[2023-04-02T10:35:24.226+0000] {processor.py:175} INFO - Processing /home/airflow/.local/lib/python3.7/site-packages/airflow/example_dags/example_complex.py took 0.261 seconds
[2023-04-02T10:35:54.632+0000] {processor.py:153} INFO - Started process (PID=1512) to work on /home/airflow/.local/lib/python3.7/site-packages/airflow/example_dags/example_complex.py
[2023-04-02T10:35:54.636+0000] {processor.py:743} INFO - Processing file /home/airflow/.local/lib/python3.7/site-packages/airflow/example_dags/example_complex.py for tasks to queue
[2023-04-02T10:35:54.640+0000] {logging_mixin.py:137} INFO - [2023-04-02T10:35:54.639+0000] {dagbag.py:532} INFO - Filling up the DagBag from /home/airflow/.local/lib/python3.7/site-packages/airflow/example_dags/example_complex.py
[2023-04-02T10:35:54.677+0000] {logging_mixin.py:137} INFO - [2023-04-02T10:35:54.676+0000] {taskmixin.py:211} WARNING - Dependency <Task(BashOperator): create_entry_group>, delete_entry_group already registered for DAG: example_complex
[2023-04-02T10:35:54.680+0000] {logging_mixin.py:137} INFO - [2023-04-02T10:35:54.677+0000] {taskmixin.py:211} WARNING - Dependency <Task(BashOperator): delete_entry_group>, create_entry_group already registered for DAG: example_complex
[2023-04-02T10:35:54.681+0000] {logging_mixin.py:137} INFO - [2023-04-02T10:35:54.681+0000] {taskmixin.py:211} WARNING - Dependency <Task(BashOperator): create_entry_gcs>, delete_entry already registered for DAG: example_complex
[2023-04-02T10:35:54.684+0000] {logging_mixin.py:137} INFO - [2023-04-02T10:35:54.683+0000] {taskmixin.py:211} WARNING - Dependency <Task(BashOperator): delete_entry>, create_entry_gcs already registered for DAG: example_complex
[2023-04-02T10:35:54.686+0000] {logging_mixin.py:137} INFO - [2023-04-02T10:35:54.686+0000] {taskmixin.py:211} WARNING - Dependency <Task(BashOperator): create_tag>, delete_tag already registered for DAG: example_complex
[2023-04-02T10:35:54.689+0000] {logging_mixin.py:137} INFO - [2023-04-02T10:35:54.687+0000] {taskmixin.py:211} WARNING - Dependency <Task(BashOperator): delete_tag>, create_tag already registered for DAG: example_complex
[2023-04-02T10:35:54.733+0000] {processor.py:753} INFO - DAG(s) dict_keys(['example_complex']) retrieved from /home/airflow/.local/lib/python3.7/site-packages/airflow/example_dags/example_complex.py
[2023-04-02T10:35:54.882+0000] {logging_mixin.py:137} INFO - [2023-04-02T10:35:54.882+0000] {dag.py:2705} INFO - Sync 1 DAGs
[2023-04-02T10:35:54.978+0000] {logging_mixin.py:137} INFO - [2023-04-02T10:35:54.978+0000] {dag.py:3456} INFO - Setting next_dagrun for example_complex to None, run_after=None
[2023-04-02T10:35:55.031+0000] {processor.py:175} INFO - Processing /home/airflow/.local/lib/python3.7/site-packages/airflow/example_dags/example_complex.py took 0.414 seconds
[2023-04-02T10:36:25.177+0000] {processor.py:153} INFO - Started process (PID=1733) to work on /home/airflow/.local/lib/python3.7/site-packages/airflow/example_dags/example_complex.py
[2023-04-02T10:36:25.178+0000] {processor.py:743} INFO - Processing file /home/airflow/.local/lib/python3.7/site-packages/airflow/example_dags/example_complex.py for tasks to queue
[2023-04-02T10:36:25.180+0000] {logging_mixin.py:137} INFO - [2023-04-02T10:36:25.179+0000] {dagbag.py:532} INFO - Filling up the DagBag from /home/airflow/.local/lib/python3.7/site-packages/airflow/example_dags/example_complex.py
[2023-04-02T10:36:25.198+0000] {logging_mixin.py:137} INFO - [2023-04-02T10:36:25.198+0000] {taskmixin.py:211} WARNING - Dependency <Task(BashOperator): create_entry_group>, delete_entry_group already registered for DAG: example_complex
[2023-04-02T10:36:25.198+0000] {logging_mixin.py:137} INFO - [2023-04-02T10:36:25.198+0000] {taskmixin.py:211} WARNING - Dependency <Task(BashOperator): delete_entry_group>, create_entry_group already registered for DAG: example_complex
[2023-04-02T10:36:25.199+0000] {logging_mixin.py:137} INFO - [2023-04-02T10:36:25.199+0000] {taskmixin.py:211} WARNING - Dependency <Task(BashOperator): create_entry_gcs>, delete_entry already registered for DAG: example_complex
[2023-04-02T10:36:25.200+0000] {logging_mixin.py:137} INFO - [2023-04-02T10:36:25.199+0000] {taskmixin.py:211} WARNING - Dependency <Task(BashOperator): delete_entry>, create_entry_gcs already registered for DAG: example_complex
[2023-04-02T10:36:25.200+0000] {logging_mixin.py:137} INFO - [2023-04-02T10:36:25.200+0000] {taskmixin.py:211} WARNING - Dependency <Task(BashOperator): create_tag>, delete_tag already registered for DAG: example_complex
[2023-04-02T10:36:25.201+0000] {logging_mixin.py:137} INFO - [2023-04-02T10:36:25.201+0000] {taskmixin.py:211} WARNING - Dependency <Task(BashOperator): delete_tag>, create_tag already registered for DAG: example_complex
[2023-04-02T10:36:25.217+0000] {processor.py:753} INFO - DAG(s) dict_keys(['example_complex']) retrieved from /home/airflow/.local/lib/python3.7/site-packages/airflow/example_dags/example_complex.py
[2023-04-02T10:36:25.268+0000] {logging_mixin.py:137} INFO - [2023-04-02T10:36:25.267+0000] {dag.py:2705} INFO - Sync 1 DAGs
[2023-04-02T10:36:25.302+0000] {logging_mixin.py:137} INFO - [2023-04-02T10:36:25.302+0000] {dag.py:3456} INFO - Setting next_dagrun for example_complex to None, run_after=None
[2023-04-02T10:36:25.345+0000] {processor.py:175} INFO - Processing /home/airflow/.local/lib/python3.7/site-packages/airflow/example_dags/example_complex.py took 0.174 seconds
[2023-04-02T10:36:55.582+0000] {processor.py:153} INFO - Started process (PID=1949) to work on /home/airflow/.local/lib/python3.7/site-packages/airflow/example_dags/example_complex.py
[2023-04-02T10:36:55.586+0000] {processor.py:743} INFO - Processing file /home/airflow/.local/lib/python3.7/site-packages/airflow/example_dags/example_complex.py for tasks to queue
[2023-04-02T10:36:55.594+0000] {logging_mixin.py:137} INFO - [2023-04-02T10:36:55.593+0000] {dagbag.py:532} INFO - Filling up the DagBag from /home/airflow/.local/lib/python3.7/site-packages/airflow/example_dags/example_complex.py
[2023-04-02T10:36:55.630+0000] {logging_mixin.py:137} INFO - [2023-04-02T10:36:55.630+0000] {taskmixin.py:211} WARNING - Dependency <Task(BashOperator): create_entry_group>, delete_entry_group already registered for DAG: example_complex
[2023-04-02T10:36:55.632+0000] {logging_mixin.py:137} INFO - [2023-04-02T10:36:55.631+0000] {taskmixin.py:211} WARNING - Dependency <Task(BashOperator): delete_entry_group>, create_entry_group already registered for DAG: example_complex
[2023-04-02T10:36:55.634+0000] {logging_mixin.py:137} INFO - [2023-04-02T10:36:55.634+0000] {taskmixin.py:211} WARNING - Dependency <Task(BashOperator): create_entry_gcs>, delete_entry already registered for DAG: example_complex
[2023-04-02T10:36:55.635+0000] {logging_mixin.py:137} INFO - [2023-04-02T10:36:55.634+0000] {taskmixin.py:211} WARNING - Dependency <Task(BashOperator): delete_entry>, create_entry_gcs already registered for DAG: example_complex
[2023-04-02T10:36:55.640+0000] {logging_mixin.py:137} INFO - [2023-04-02T10:36:55.637+0000] {taskmixin.py:211} WARNING - Dependency <Task(BashOperator): create_tag>, delete_tag already registered for DAG: example_complex
[2023-04-02T10:36:55.644+0000] {logging_mixin.py:137} INFO - [2023-04-02T10:36:55.643+0000] {taskmixin.py:211} WARNING - Dependency <Task(BashOperator): delete_tag>, create_tag already registered for DAG: example_complex
[2023-04-02T10:36:55.665+0000] {processor.py:753} INFO - DAG(s) dict_keys(['example_complex']) retrieved from /home/airflow/.local/lib/python3.7/site-packages/airflow/example_dags/example_complex.py
[2023-04-02T10:36:55.749+0000] {logging_mixin.py:137} INFO - [2023-04-02T10:36:55.748+0000] {dag.py:2705} INFO - Sync 1 DAGs
[2023-04-02T10:36:55.807+0000] {logging_mixin.py:137} INFO - [2023-04-02T10:36:55.807+0000] {dag.py:3456} INFO - Setting next_dagrun for example_complex to None, run_after=None
[2023-04-02T10:36:55.854+0000] {processor.py:175} INFO - Processing /home/airflow/.local/lib/python3.7/site-packages/airflow/example_dags/example_complex.py took 0.278 seconds
[2023-04-02T10:37:26.164+0000] {processor.py:153} INFO - Started process (PID=2169) to work on /home/airflow/.local/lib/python3.7/site-packages/airflow/example_dags/example_complex.py
[2023-04-02T10:37:26.166+0000] {processor.py:743} INFO - Processing file /home/airflow/.local/lib/python3.7/site-packages/airflow/example_dags/example_complex.py for tasks to queue
[2023-04-02T10:37:26.174+0000] {logging_mixin.py:137} INFO - [2023-04-02T10:37:26.173+0000] {dagbag.py:532} INFO - Filling up the DagBag from /home/airflow/.local/lib/python3.7/site-packages/airflow/example_dags/example_complex.py
[2023-04-02T10:37:26.204+0000] {logging_mixin.py:137} INFO - [2023-04-02T10:37:26.204+0000] {taskmixin.py:211} WARNING - Dependency <Task(BashOperator): create_entry_group>, delete_entry_group already registered for DAG: example_complex
[2023-04-02T10:37:26.208+0000] {logging_mixin.py:137} INFO - [2023-04-02T10:37:26.207+0000] {taskmixin.py:211} WARNING - Dependency <Task(BashOperator): delete_entry_group>, create_entry_group already registered for DAG: example_complex
[2023-04-02T10:37:26.211+0000] {logging_mixin.py:137} INFO - [2023-04-02T10:37:26.211+0000] {taskmixin.py:211} WARNING - Dependency <Task(BashOperator): create_entry_gcs>, delete_entry already registered for DAG: example_complex
[2023-04-02T10:37:26.212+0000] {logging_mixin.py:137} INFO - [2023-04-02T10:37:26.212+0000] {taskmixin.py:211} WARNING - Dependency <Task(BashOperator): delete_entry>, create_entry_gcs already registered for DAG: example_complex
[2023-04-02T10:37:26.217+0000] {logging_mixin.py:137} INFO - [2023-04-02T10:37:26.215+0000] {taskmixin.py:211} WARNING - Dependency <Task(BashOperator): create_tag>, delete_tag already registered for DAG: example_complex
[2023-04-02T10:37:26.219+0000] {logging_mixin.py:137} INFO - [2023-04-02T10:37:26.217+0000] {taskmixin.py:211} WARNING - Dependency <Task(BashOperator): delete_tag>, create_tag already registered for DAG: example_complex
[2023-04-02T10:37:26.242+0000] {processor.py:753} INFO - DAG(s) dict_keys(['example_complex']) retrieved from /home/airflow/.local/lib/python3.7/site-packages/airflow/example_dags/example_complex.py
[2023-04-02T10:37:26.316+0000] {logging_mixin.py:137} INFO - [2023-04-02T10:37:26.315+0000] {dag.py:2705} INFO - Sync 1 DAGs
[2023-04-02T10:37:26.380+0000] {logging_mixin.py:137} INFO - [2023-04-02T10:37:26.380+0000] {dag.py:3456} INFO - Setting next_dagrun for example_complex to None, run_after=None
[2023-04-02T10:37:26.417+0000] {processor.py:175} INFO - Processing /home/airflow/.local/lib/python3.7/site-packages/airflow/example_dags/example_complex.py took 0.258 seconds
[2023-04-02T10:37:57.239+0000] {processor.py:153} INFO - Started process (PID=2387) to work on /home/airflow/.local/lib/python3.7/site-packages/airflow/example_dags/example_complex.py
[2023-04-02T10:37:57.242+0000] {processor.py:743} INFO - Processing file /home/airflow/.local/lib/python3.7/site-packages/airflow/example_dags/example_complex.py for tasks to queue
[2023-04-02T10:37:57.244+0000] {logging_mixin.py:137} INFO - [2023-04-02T10:37:57.244+0000] {dagbag.py:532} INFO - Filling up the DagBag from /home/airflow/.local/lib/python3.7/site-packages/airflow/example_dags/example_complex.py
[2023-04-02T10:37:57.274+0000] {logging_mixin.py:137} INFO - [2023-04-02T10:37:57.274+0000] {taskmixin.py:211} WARNING - Dependency <Task(BashOperator): create_entry_group>, delete_entry_group already registered for DAG: example_complex
[2023-04-02T10:37:57.275+0000] {logging_mixin.py:137} INFO - [2023-04-02T10:37:57.275+0000] {taskmixin.py:211} WARNING - Dependency <Task(BashOperator): delete_entry_group>, create_entry_group already registered for DAG: example_complex
[2023-04-02T10:37:57.278+0000] {logging_mixin.py:137} INFO - [2023-04-02T10:37:57.276+0000] {taskmixin.py:211} WARNING - Dependency <Task(BashOperator): create_entry_gcs>, delete_entry already registered for DAG: example_complex
[2023-04-02T10:37:57.280+0000] {logging_mixin.py:137} INFO - [2023-04-02T10:37:57.278+0000] {taskmixin.py:211} WARNING - Dependency <Task(BashOperator): delete_entry>, create_entry_gcs already registered for DAG: example_complex
[2023-04-02T10:37:57.282+0000] {logging_mixin.py:137} INFO - [2023-04-02T10:37:57.281+0000] {taskmixin.py:211} WARNING - Dependency <Task(BashOperator): create_tag>, delete_tag already registered for DAG: example_complex
[2023-04-02T10:37:57.283+0000] {logging_mixin.py:137} INFO - [2023-04-02T10:37:57.282+0000] {taskmixin.py:211} WARNING - Dependency <Task(BashOperator): delete_tag>, create_tag already registered for DAG: example_complex
[2023-04-02T10:37:57.298+0000] {processor.py:753} INFO - DAG(s) dict_keys(['example_complex']) retrieved from /home/airflow/.local/lib/python3.7/site-packages/airflow/example_dags/example_complex.py
[2023-04-02T10:37:57.362+0000] {logging_mixin.py:137} INFO - [2023-04-02T10:37:57.362+0000] {dag.py:2705} INFO - Sync 1 DAGs
[2023-04-02T10:37:57.419+0000] {logging_mixin.py:137} INFO - [2023-04-02T10:37:57.419+0000] {dag.py:3456} INFO - Setting next_dagrun for example_complex to None, run_after=None
[2023-04-02T10:37:57.459+0000] {processor.py:175} INFO - Processing /home/airflow/.local/lib/python3.7/site-packages/airflow/example_dags/example_complex.py took 0.230 seconds
[2023-04-02T10:38:28.313+0000] {processor.py:153} INFO - Started process (PID=2605) to work on /home/airflow/.local/lib/python3.7/site-packages/airflow/example_dags/example_complex.py
[2023-04-02T10:38:28.317+0000] {processor.py:743} INFO - Processing file /home/airflow/.local/lib/python3.7/site-packages/airflow/example_dags/example_complex.py for tasks to queue
[2023-04-02T10:38:28.322+0000] {logging_mixin.py:137} INFO - [2023-04-02T10:38:28.321+0000] {dagbag.py:532} INFO - Filling up the DagBag from /home/airflow/.local/lib/python3.7/site-packages/airflow/example_dags/example_complex.py
[2023-04-02T10:38:28.358+0000] {logging_mixin.py:137} INFO - [2023-04-02T10:38:28.358+0000] {taskmixin.py:211} WARNING - Dependency <Task(BashOperator): create_entry_group>, delete_entry_group already registered for DAG: example_complex
[2023-04-02T10:38:28.359+0000] {logging_mixin.py:137} INFO - [2023-04-02T10:38:28.358+0000] {taskmixin.py:211} WARNING - Dependency <Task(BashOperator): delete_entry_group>, create_entry_group already registered for DAG: example_complex
[2023-04-02T10:38:28.361+0000] {logging_mixin.py:137} INFO - [2023-04-02T10:38:28.361+0000] {taskmixin.py:211} WARNING - Dependency <Task(BashOperator): create_entry_gcs>, delete_entry already registered for DAG: example_complex
[2023-04-02T10:38:28.362+0000] {logging_mixin.py:137} INFO - [2023-04-02T10:38:28.361+0000] {taskmixin.py:211} WARNING - Dependency <Task(BashOperator): delete_entry>, create_entry_gcs already registered for DAG: example_complex
[2023-04-02T10:38:28.365+0000] {logging_mixin.py:137} INFO - [2023-04-02T10:38:28.365+0000] {taskmixin.py:211} WARNING - Dependency <Task(BashOperator): create_tag>, delete_tag already registered for DAG: example_complex
[2023-04-02T10:38:28.367+0000] {logging_mixin.py:137} INFO - [2023-04-02T10:38:28.367+0000] {taskmixin.py:211} WARNING - Dependency <Task(BashOperator): delete_tag>, create_tag already registered for DAG: example_complex
[2023-04-02T10:38:28.378+0000] {processor.py:753} INFO - DAG(s) dict_keys(['example_complex']) retrieved from /home/airflow/.local/lib/python3.7/site-packages/airflow/example_dags/example_complex.py
[2023-04-02T10:38:28.463+0000] {logging_mixin.py:137} INFO - [2023-04-02T10:38:28.463+0000] {dag.py:2705} INFO - Sync 1 DAGs
[2023-04-02T10:38:28.517+0000] {logging_mixin.py:137} INFO - [2023-04-02T10:38:28.517+0000] {dag.py:3456} INFO - Setting next_dagrun for example_complex to None, run_after=None
[2023-04-02T10:38:28.555+0000] {processor.py:175} INFO - Processing /home/airflow/.local/lib/python3.7/site-packages/airflow/example_dags/example_complex.py took 0.258 seconds
[2023-04-02T10:38:58.752+0000] {processor.py:153} INFO - Started process (PID=2823) to work on /home/airflow/.local/lib/python3.7/site-packages/airflow/example_dags/example_complex.py
[2023-04-02T10:38:58.759+0000] {processor.py:743} INFO - Processing file /home/airflow/.local/lib/python3.7/site-packages/airflow/example_dags/example_complex.py for tasks to queue
[2023-04-02T10:38:58.763+0000] {logging_mixin.py:137} INFO - [2023-04-02T10:38:58.763+0000] {dagbag.py:532} INFO - Filling up the DagBag from /home/airflow/.local/lib/python3.7/site-packages/airflow/example_dags/example_complex.py
[2023-04-02T10:38:58.805+0000] {logging_mixin.py:137} INFO - [2023-04-02T10:38:58.804+0000] {taskmixin.py:211} WARNING - Dependency <Task(BashOperator): create_entry_group>, delete_entry_group already registered for DAG: example_complex
[2023-04-02T10:38:58.807+0000] {logging_mixin.py:137} INFO - [2023-04-02T10:38:58.805+0000] {taskmixin.py:211} WARNING - Dependency <Task(BashOperator): delete_entry_group>, create_entry_group already registered for DAG: example_complex
[2023-04-02T10:38:58.811+0000] {logging_mixin.py:137} INFO - [2023-04-02T10:38:58.810+0000] {taskmixin.py:211} WARNING - Dependency <Task(BashOperator): create_entry_gcs>, delete_entry already registered for DAG: example_complex
[2023-04-02T10:38:58.813+0000] {logging_mixin.py:137} INFO - [2023-04-02T10:38:58.811+0000] {taskmixin.py:211} WARNING - Dependency <Task(BashOperator): delete_entry>, create_entry_gcs already registered for DAG: example_complex
[2023-04-02T10:38:58.825+0000] {logging_mixin.py:137} INFO - [2023-04-02T10:38:58.825+0000] {taskmixin.py:211} WARNING - Dependency <Task(BashOperator): create_tag>, delete_tag already registered for DAG: example_complex
[2023-04-02T10:38:58.828+0000] {logging_mixin.py:137} INFO - [2023-04-02T10:38:58.827+0000] {taskmixin.py:211} WARNING - Dependency <Task(BashOperator): delete_tag>, create_tag already registered for DAG: example_complex
[2023-04-02T10:38:58.855+0000] {processor.py:753} INFO - DAG(s) dict_keys(['example_complex']) retrieved from /home/airflow/.local/lib/python3.7/site-packages/airflow/example_dags/example_complex.py
[2023-04-02T10:38:58.965+0000] {logging_mixin.py:137} INFO - [2023-04-02T10:38:58.965+0000] {dag.py:2705} INFO - Sync 1 DAGs
[2023-04-02T10:38:59.025+0000] {logging_mixin.py:137} INFO - [2023-04-02T10:38:59.024+0000] {dag.py:3456} INFO - Setting next_dagrun for example_complex to None, run_after=None
[2023-04-02T10:38:59.116+0000] {processor.py:175} INFO - Processing /home/airflow/.local/lib/python3.7/site-packages/airflow/example_dags/example_complex.py took 0.373 seconds
[2023-04-02T10:39:29.831+0000] {processor.py:153} INFO - Started process (PID=3039) to work on /home/airflow/.local/lib/python3.7/site-packages/airflow/example_dags/example_complex.py
[2023-04-02T10:39:29.834+0000] {processor.py:743} INFO - Processing file /home/airflow/.local/lib/python3.7/site-packages/airflow/example_dags/example_complex.py for tasks to queue
[2023-04-02T10:39:29.837+0000] {logging_mixin.py:137} INFO - [2023-04-02T10:39:29.837+0000] {dagbag.py:532} INFO - Filling up the DagBag from /home/airflow/.local/lib/python3.7/site-packages/airflow/example_dags/example_complex.py
[2023-04-02T10:39:29.904+0000] {logging_mixin.py:137} INFO - [2023-04-02T10:39:29.904+0000] {taskmixin.py:211} WARNING - Dependency <Task(BashOperator): create_entry_group>, delete_entry_group already registered for DAG: example_complex
[2023-04-02T10:39:29.907+0000] {logging_mixin.py:137} INFO - [2023-04-02T10:39:29.907+0000] {taskmixin.py:211} WARNING - Dependency <Task(BashOperator): delete_entry_group>, create_entry_group already registered for DAG: example_complex
[2023-04-02T10:39:29.909+0000] {logging_mixin.py:137} INFO - [2023-04-02T10:39:29.909+0000] {taskmixin.py:211} WARNING - Dependency <Task(BashOperator): create_entry_gcs>, delete_entry already registered for DAG: example_complex
[2023-04-02T10:39:29.912+0000] {logging_mixin.py:137} INFO - [2023-04-02T10:39:29.911+0000] {taskmixin.py:211} WARNING - Dependency <Task(BashOperator): delete_entry>, create_entry_gcs already registered for DAG: example_complex
[2023-04-02T10:39:29.915+0000] {logging_mixin.py:137} INFO - [2023-04-02T10:39:29.914+0000] {taskmixin.py:211} WARNING - Dependency <Task(BashOperator): create_tag>, delete_tag already registered for DAG: example_complex
[2023-04-02T10:39:29.918+0000] {logging_mixin.py:137} INFO - [2023-04-02T10:39:29.918+0000] {taskmixin.py:211} WARNING - Dependency <Task(BashOperator): delete_tag>, create_tag already registered for DAG: example_complex
[2023-04-02T10:39:29.949+0000] {processor.py:753} INFO - DAG(s) dict_keys(['example_complex']) retrieved from /home/airflow/.local/lib/python3.7/site-packages/airflow/example_dags/example_complex.py
[2023-04-02T10:39:30.022+0000] {logging_mixin.py:137} INFO - [2023-04-02T10:39:30.022+0000] {dag.py:2705} INFO - Sync 1 DAGs
[2023-04-02T10:39:30.112+0000] {logging_mixin.py:137} INFO - [2023-04-02T10:39:30.109+0000] {dag.py:3456} INFO - Setting next_dagrun for example_complex to None, run_after=None
[2023-04-02T10:39:30.192+0000] {processor.py:175} INFO - Processing /home/airflow/.local/lib/python3.7/site-packages/airflow/example_dags/example_complex.py took 0.372 seconds
[2023-04-02T10:40:01.002+0000] {processor.py:153} INFO - Started process (PID=3257) to work on /home/airflow/.local/lib/python3.7/site-packages/airflow/example_dags/example_complex.py
[2023-04-02T10:40:01.005+0000] {processor.py:743} INFO - Processing file /home/airflow/.local/lib/python3.7/site-packages/airflow/example_dags/example_complex.py for tasks to queue
[2023-04-02T10:40:01.009+0000] {logging_mixin.py:137} INFO - [2023-04-02T10:40:01.009+0000] {dagbag.py:532} INFO - Filling up the DagBag from /home/airflow/.local/lib/python3.7/site-packages/airflow/example_dags/example_complex.py
[2023-04-02T10:40:01.048+0000] {logging_mixin.py:137} INFO - [2023-04-02T10:40:01.048+0000] {taskmixin.py:211} WARNING - Dependency <Task(BashOperator): create_entry_group>, delete_entry_group already registered for DAG: example_complex
[2023-04-02T10:40:01.049+0000] {logging_mixin.py:137} INFO - [2023-04-02T10:40:01.049+0000] {taskmixin.py:211} WARNING - Dependency <Task(BashOperator): delete_entry_group>, create_entry_group already registered for DAG: example_complex
[2023-04-02T10:40:01.051+0000] {logging_mixin.py:137} INFO - [2023-04-02T10:40:01.051+0000] {taskmixin.py:211} WARNING - Dependency <Task(BashOperator): create_entry_gcs>, delete_entry already registered for DAG: example_complex
[2023-04-02T10:40:01.053+0000] {logging_mixin.py:137} INFO - [2023-04-02T10:40:01.052+0000] {taskmixin.py:211} WARNING - Dependency <Task(BashOperator): delete_entry>, create_entry_gcs already registered for DAG: example_complex
[2023-04-02T10:40:01.055+0000] {logging_mixin.py:137} INFO - [2023-04-02T10:40:01.055+0000] {taskmixin.py:211} WARNING - Dependency <Task(BashOperator): create_tag>, delete_tag already registered for DAG: example_complex
[2023-04-02T10:40:01.057+0000] {logging_mixin.py:137} INFO - [2023-04-02T10:40:01.057+0000] {taskmixin.py:211} WARNING - Dependency <Task(BashOperator): delete_tag>, create_tag already registered for DAG: example_complex
[2023-04-02T10:40:01.071+0000] {processor.py:753} INFO - DAG(s) dict_keys(['example_complex']) retrieved from /home/airflow/.local/lib/python3.7/site-packages/airflow/example_dags/example_complex.py
[2023-04-02T10:40:01.132+0000] {logging_mixin.py:137} INFO - [2023-04-02T10:40:01.132+0000] {dag.py:2705} INFO - Sync 1 DAGs
[2023-04-02T10:40:01.199+0000] {logging_mixin.py:137} INFO - [2023-04-02T10:40:01.199+0000] {dag.py:3456} INFO - Setting next_dagrun for example_complex to None, run_after=None
[2023-04-02T10:40:01.241+0000] {processor.py:175} INFO - Processing /home/airflow/.local/lib/python3.7/site-packages/airflow/example_dags/example_complex.py took 0.249 seconds
[2023-04-02T10:40:31.914+0000] {processor.py:153} INFO - Started process (PID=3477) to work on /home/airflow/.local/lib/python3.7/site-packages/airflow/example_dags/example_complex.py
[2023-04-02T10:40:31.916+0000] {processor.py:743} INFO - Processing file /home/airflow/.local/lib/python3.7/site-packages/airflow/example_dags/example_complex.py for tasks to queue
[2023-04-02T10:40:31.918+0000] {logging_mixin.py:137} INFO - [2023-04-02T10:40:31.918+0000] {dagbag.py:532} INFO - Filling up the DagBag from /home/airflow/.local/lib/python3.7/site-packages/airflow/example_dags/example_complex.py
[2023-04-02T10:40:31.951+0000] {logging_mixin.py:137} INFO - [2023-04-02T10:40:31.950+0000] {taskmixin.py:211} WARNING - Dependency <Task(BashOperator): create_entry_group>, delete_entry_group already registered for DAG: example_complex
[2023-04-02T10:40:31.955+0000] {logging_mixin.py:137} INFO - [2023-04-02T10:40:31.955+0000] {taskmixin.py:211} WARNING - Dependency <Task(BashOperator): delete_entry_group>, create_entry_group already registered for DAG: example_complex
[2023-04-02T10:40:31.958+0000] {logging_mixin.py:137} INFO - [2023-04-02T10:40:31.958+0000] {taskmixin.py:211} WARNING - Dependency <Task(BashOperator): create_entry_gcs>, delete_entry already registered for DAG: example_complex
[2023-04-02T10:40:31.963+0000] {logging_mixin.py:137} INFO - [2023-04-02T10:40:31.962+0000] {taskmixin.py:211} WARNING - Dependency <Task(BashOperator): delete_entry>, create_entry_gcs already registered for DAG: example_complex
[2023-04-02T10:40:31.964+0000] {logging_mixin.py:137} INFO - [2023-04-02T10:40:31.964+0000] {taskmixin.py:211} WARNING - Dependency <Task(BashOperator): create_tag>, delete_tag already registered for DAG: example_complex
[2023-04-02T10:40:31.970+0000] {logging_mixin.py:137} INFO - [2023-04-02T10:40:31.970+0000] {taskmixin.py:211} WARNING - Dependency <Task(BashOperator): delete_tag>, create_tag already registered for DAG: example_complex
[2023-04-02T10:40:32.001+0000] {processor.py:753} INFO - DAG(s) dict_keys(['example_complex']) retrieved from /home/airflow/.local/lib/python3.7/site-packages/airflow/example_dags/example_complex.py
[2023-04-02T10:40:32.095+0000] {logging_mixin.py:137} INFO - [2023-04-02T10:40:32.095+0000] {dag.py:2705} INFO - Sync 1 DAGs
[2023-04-02T10:40:32.163+0000] {logging_mixin.py:137} INFO - [2023-04-02T10:40:32.163+0000] {dag.py:3456} INFO - Setting next_dagrun for example_complex to None, run_after=None
[2023-04-02T10:40:32.189+0000] {processor.py:175} INFO - Processing /home/airflow/.local/lib/python3.7/site-packages/airflow/example_dags/example_complex.py took 0.281 seconds
[2023-04-02T10:41:02.751+0000] {processor.py:153} INFO - Started process (PID=3693) to work on /home/airflow/.local/lib/python3.7/site-packages/airflow/example_dags/example_complex.py
[2023-04-02T10:41:02.756+0000] {processor.py:743} INFO - Processing file /home/airflow/.local/lib/python3.7/site-packages/airflow/example_dags/example_complex.py for tasks to queue
[2023-04-02T10:41:02.764+0000] {logging_mixin.py:137} INFO - [2023-04-02T10:41:02.763+0000] {dagbag.py:532} INFO - Filling up the DagBag from /home/airflow/.local/lib/python3.7/site-packages/airflow/example_dags/example_complex.py
[2023-04-02T10:41:02.812+0000] {logging_mixin.py:137} INFO - [2023-04-02T10:41:02.811+0000] {taskmixin.py:211} WARNING - Dependency <Task(BashOperator): create_entry_group>, delete_entry_group already registered for DAG: example_complex
[2023-04-02T10:41:02.814+0000] {logging_mixin.py:137} INFO - [2023-04-02T10:41:02.813+0000] {taskmixin.py:211} WARNING - Dependency <Task(BashOperator): delete_entry_group>, create_entry_group already registered for DAG: example_complex
[2023-04-02T10:41:02.817+0000] {logging_mixin.py:137} INFO - [2023-04-02T10:41:02.816+0000] {taskmixin.py:211} WARNING - Dependency <Task(BashOperator): create_entry_gcs>, delete_entry already registered for DAG: example_complex
[2023-04-02T10:41:02.821+0000] {logging_mixin.py:137} INFO - [2023-04-02T10:41:02.821+0000] {taskmixin.py:211} WARNING - Dependency <Task(BashOperator): delete_entry>, create_entry_gcs already registered for DAG: example_complex
[2023-04-02T10:41:02.824+0000] {logging_mixin.py:137} INFO - [2023-04-02T10:41:02.824+0000] {taskmixin.py:211} WARNING - Dependency <Task(BashOperator): create_tag>, delete_tag already registered for DAG: example_complex
[2023-04-02T10:41:02.825+0000] {logging_mixin.py:137} INFO - [2023-04-02T10:41:02.825+0000] {taskmixin.py:211} WARNING - Dependency <Task(BashOperator): delete_tag>, create_tag already registered for DAG: example_complex
[2023-04-02T10:41:02.854+0000] {processor.py:753} INFO - DAG(s) dict_keys(['example_complex']) retrieved from /home/airflow/.local/lib/python3.7/site-packages/airflow/example_dags/example_complex.py
[2023-04-02T10:41:02.988+0000] {logging_mixin.py:137} INFO - [2023-04-02T10:41:02.988+0000] {dag.py:2705} INFO - Sync 1 DAGs
[2023-04-02T10:41:03.084+0000] {logging_mixin.py:137} INFO - [2023-04-02T10:41:03.083+0000] {dag.py:3456} INFO - Setting next_dagrun for example_complex to None, run_after=None
[2023-04-02T10:41:03.148+0000] {processor.py:175} INFO - Processing /home/airflow/.local/lib/python3.7/site-packages/airflow/example_dags/example_complex.py took 0.410 seconds
[2023-04-02T10:41:33.324+0000] {processor.py:153} INFO - Started process (PID=3912) to work on /home/airflow/.local/lib/python3.7/site-packages/airflow/example_dags/example_complex.py
[2023-04-02T10:41:33.328+0000] {processor.py:743} INFO - Processing file /home/airflow/.local/lib/python3.7/site-packages/airflow/example_dags/example_complex.py for tasks to queue
[2023-04-02T10:41:33.330+0000] {logging_mixin.py:137} INFO - [2023-04-02T10:41:33.330+0000] {dagbag.py:532} INFO - Filling up the DagBag from /home/airflow/.local/lib/python3.7/site-packages/airflow/example_dags/example_complex.py
[2023-04-02T10:41:33.360+0000] {logging_mixin.py:137} INFO - [2023-04-02T10:41:33.360+0000] {taskmixin.py:211} WARNING - Dependency <Task(BashOperator): create_entry_group>, delete_entry_group already registered for DAG: example_complex
[2023-04-02T10:41:33.361+0000] {logging_mixin.py:137} INFO - [2023-04-02T10:41:33.361+0000] {taskmixin.py:211} WARNING - Dependency <Task(BashOperator): delete_entry_group>, create_entry_group already registered for DAG: example_complex
[2023-04-02T10:41:33.362+0000] {logging_mixin.py:137} INFO - [2023-04-02T10:41:33.362+0000] {taskmixin.py:211} WARNING - Dependency <Task(BashOperator): create_entry_gcs>, delete_entry already registered for DAG: example_complex
[2023-04-02T10:41:33.363+0000] {logging_mixin.py:137} INFO - [2023-04-02T10:41:33.363+0000] {taskmixin.py:211} WARNING - Dependency <Task(BashOperator): delete_entry>, create_entry_gcs already registered for DAG: example_complex
[2023-04-02T10:41:33.366+0000] {logging_mixin.py:137} INFO - [2023-04-02T10:41:33.365+0000] {taskmixin.py:211} WARNING - Dependency <Task(BashOperator): create_tag>, delete_tag already registered for DAG: example_complex
[2023-04-02T10:41:33.367+0000] {logging_mixin.py:137} INFO - [2023-04-02T10:41:33.366+0000] {taskmixin.py:211} WARNING - Dependency <Task(BashOperator): delete_tag>, create_tag already registered for DAG: example_complex
[2023-04-02T10:41:33.388+0000] {processor.py:753} INFO - DAG(s) dict_keys(['example_complex']) retrieved from /home/airflow/.local/lib/python3.7/site-packages/airflow/example_dags/example_complex.py
[2023-04-02T10:41:33.463+0000] {logging_mixin.py:137} INFO - [2023-04-02T10:41:33.463+0000] {dag.py:2705} INFO - Sync 1 DAGs
[2023-04-02T10:41:33.530+0000] {logging_mixin.py:137} INFO - [2023-04-02T10:41:33.528+0000] {dag.py:3456} INFO - Setting next_dagrun for example_complex to None, run_after=None
[2023-04-02T10:41:33.586+0000] {processor.py:175} INFO - Processing /home/airflow/.local/lib/python3.7/site-packages/airflow/example_dags/example_complex.py took 0.275 seconds
[2023-04-02T10:42:04.943+0000] {processor.py:153} INFO - Started process (PID=4131) to work on /home/airflow/.local/lib/python3.7/site-packages/airflow/example_dags/example_complex.py
[2023-04-02T10:42:04.953+0000] {processor.py:743} INFO - Processing file /home/airflow/.local/lib/python3.7/site-packages/airflow/example_dags/example_complex.py for tasks to queue
[2023-04-02T10:42:04.956+0000] {logging_mixin.py:137} INFO - [2023-04-02T10:42:04.955+0000] {dagbag.py:532} INFO - Filling up the DagBag from /home/airflow/.local/lib/python3.7/site-packages/airflow/example_dags/example_complex.py
[2023-04-02T10:42:05.019+0000] {logging_mixin.py:137} INFO - [2023-04-02T10:42:05.018+0000] {taskmixin.py:211} WARNING - Dependency <Task(BashOperator): create_entry_group>, delete_entry_group already registered for DAG: example_complex
[2023-04-02T10:42:05.020+0000] {logging_mixin.py:137} INFO - [2023-04-02T10:42:05.019+0000] {taskmixin.py:211} WARNING - Dependency <Task(BashOperator): delete_entry_group>, create_entry_group already registered for DAG: example_complex
[2023-04-02T10:42:05.020+0000] {logging_mixin.py:137} INFO - [2023-04-02T10:42:05.020+0000] {taskmixin.py:211} WARNING - Dependency <Task(BashOperator): create_entry_gcs>, delete_entry already registered for DAG: example_complex
[2023-04-02T10:42:05.020+0000] {logging_mixin.py:137} INFO - [2023-04-02T10:42:05.020+0000] {taskmixin.py:211} WARNING - Dependency <Task(BashOperator): delete_entry>, create_entry_gcs already registered for DAG: example_complex
[2023-04-02T10:42:05.021+0000] {logging_mixin.py:137} INFO - [2023-04-02T10:42:05.021+0000] {taskmixin.py:211} WARNING - Dependency <Task(BashOperator): create_tag>, delete_tag already registered for DAG: example_complex
[2023-04-02T10:42:05.021+0000] {logging_mixin.py:137} INFO - [2023-04-02T10:42:05.021+0000] {taskmixin.py:211} WARNING - Dependency <Task(BashOperator): delete_tag>, create_tag already registered for DAG: example_complex
[2023-04-02T10:42:05.062+0000] {processor.py:753} INFO - DAG(s) dict_keys(['example_complex']) retrieved from /home/airflow/.local/lib/python3.7/site-packages/airflow/example_dags/example_complex.py
[2023-04-02T10:42:05.576+0000] {logging_mixin.py:137} INFO - [2023-04-02T10:42:05.576+0000] {dag.py:2705} INFO - Sync 1 DAGs
[2023-04-02T10:42:05.769+0000] {logging_mixin.py:137} INFO - [2023-04-02T10:42:05.769+0000] {dag.py:3456} INFO - Setting next_dagrun for example_complex to None, run_after=None
[2023-04-02T10:42:06.059+0000] {processor.py:175} INFO - Processing /home/airflow/.local/lib/python3.7/site-packages/airflow/example_dags/example_complex.py took 1.134 seconds
[2023-04-02T10:42:36.574+0000] {processor.py:153} INFO - Started process (PID=4357) to work on /home/airflow/.local/lib/python3.7/site-packages/airflow/example_dags/example_complex.py
[2023-04-02T10:42:36.577+0000] {processor.py:743} INFO - Processing file /home/airflow/.local/lib/python3.7/site-packages/airflow/example_dags/example_complex.py for tasks to queue
[2023-04-02T10:42:36.581+0000] {logging_mixin.py:137} INFO - [2023-04-02T10:42:36.579+0000] {dagbag.py:532} INFO - Filling up the DagBag from /home/airflow/.local/lib/python3.7/site-packages/airflow/example_dags/example_complex.py
[2023-04-02T10:42:36.606+0000] {logging_mixin.py:137} INFO - [2023-04-02T10:42:36.606+0000] {taskmixin.py:211} WARNING - Dependency <Task(BashOperator): create_entry_group>, delete_entry_group already registered for DAG: example_complex
[2023-04-02T10:42:36.607+0000] {logging_mixin.py:137} INFO - [2023-04-02T10:42:36.607+0000] {taskmixin.py:211} WARNING - Dependency <Task(BashOperator): delete_entry_group>, create_entry_group already registered for DAG: example_complex
[2023-04-02T10:42:36.610+0000] {logging_mixin.py:137} INFO - [2023-04-02T10:42:36.610+0000] {taskmixin.py:211} WARNING - Dependency <Task(BashOperator): create_entry_gcs>, delete_entry already registered for DAG: example_complex
[2023-04-02T10:42:36.618+0000] {logging_mixin.py:137} INFO - [2023-04-02T10:42:36.611+0000] {taskmixin.py:211} WARNING - Dependency <Task(BashOperator): delete_entry>, create_entry_gcs already registered for DAG: example_complex
[2023-04-02T10:42:36.624+0000] {logging_mixin.py:137} INFO - [2023-04-02T10:42:36.623+0000] {taskmixin.py:211} WARNING - Dependency <Task(BashOperator): create_tag>, delete_tag already registered for DAG: example_complex
[2023-04-02T10:42:36.625+0000] {logging_mixin.py:137} INFO - [2023-04-02T10:42:36.625+0000] {taskmixin.py:211} WARNING - Dependency <Task(BashOperator): delete_tag>, create_tag already registered for DAG: example_complex
[2023-04-02T10:42:36.637+0000] {processor.py:753} INFO - DAG(s) dict_keys(['example_complex']) retrieved from /home/airflow/.local/lib/python3.7/site-packages/airflow/example_dags/example_complex.py
[2023-04-02T10:42:36.695+0000] {logging_mixin.py:137} INFO - [2023-04-02T10:42:36.694+0000] {dag.py:2705} INFO - Sync 1 DAGs
[2023-04-02T10:42:36.735+0000] {logging_mixin.py:137} INFO - [2023-04-02T10:42:36.735+0000] {dag.py:3456} INFO - Setting next_dagrun for example_complex to None, run_after=None
[2023-04-02T10:42:36.777+0000] {processor.py:175} INFO - Processing /home/airflow/.local/lib/python3.7/site-packages/airflow/example_dags/example_complex.py took 0.207 seconds
[2023-04-02T10:43:07.076+0000] {processor.py:153} INFO - Started process (PID=4575) to work on /home/airflow/.local/lib/python3.7/site-packages/airflow/example_dags/example_complex.py
[2023-04-02T10:43:07.081+0000] {processor.py:743} INFO - Processing file /home/airflow/.local/lib/python3.7/site-packages/airflow/example_dags/example_complex.py for tasks to queue
[2023-04-02T10:43:07.086+0000] {logging_mixin.py:137} INFO - [2023-04-02T10:43:07.086+0000] {dagbag.py:532} INFO - Filling up the DagBag from /home/airflow/.local/lib/python3.7/site-packages/airflow/example_dags/example_complex.py
[2023-04-02T10:43:07.111+0000] {logging_mixin.py:137} INFO - [2023-04-02T10:43:07.111+0000] {taskmixin.py:211} WARNING - Dependency <Task(BashOperator): create_entry_group>, delete_entry_group already registered for DAG: example_complex
[2023-04-02T10:43:07.112+0000] {logging_mixin.py:137} INFO - [2023-04-02T10:43:07.112+0000] {taskmixin.py:211} WARNING - Dependency <Task(BashOperator): delete_entry_group>, create_entry_group already registered for DAG: example_complex
[2023-04-02T10:43:07.113+0000] {logging_mixin.py:137} INFO - [2023-04-02T10:43:07.113+0000] {taskmixin.py:211} WARNING - Dependency <Task(BashOperator): create_entry_gcs>, delete_entry already registered for DAG: example_complex
[2023-04-02T10:43:07.114+0000] {logging_mixin.py:137} INFO - [2023-04-02T10:43:07.113+0000] {taskmixin.py:211} WARNING - Dependency <Task(BashOperator): delete_entry>, create_entry_gcs already registered for DAG: example_complex
[2023-04-02T10:43:07.115+0000] {logging_mixin.py:137} INFO - [2023-04-02T10:43:07.115+0000] {taskmixin.py:211} WARNING - Dependency <Task(BashOperator): create_tag>, delete_tag already registered for DAG: example_complex
[2023-04-02T10:43:07.116+0000] {logging_mixin.py:137} INFO - [2023-04-02T10:43:07.115+0000] {taskmixin.py:211} WARNING - Dependency <Task(BashOperator): delete_tag>, create_tag already registered for DAG: example_complex
[2023-04-02T10:43:07.131+0000] {processor.py:753} INFO - DAG(s) dict_keys(['example_complex']) retrieved from /home/airflow/.local/lib/python3.7/site-packages/airflow/example_dags/example_complex.py
[2023-04-02T10:43:07.198+0000] {logging_mixin.py:137} INFO - [2023-04-02T10:43:07.198+0000] {dag.py:2705} INFO - Sync 1 DAGs
[2023-04-02T10:43:07.245+0000] {logging_mixin.py:137} INFO - [2023-04-02T10:43:07.245+0000] {dag.py:3456} INFO - Setting next_dagrun for example_complex to None, run_after=None
[2023-04-02T10:43:07.287+0000] {processor.py:175} INFO - Processing /home/airflow/.local/lib/python3.7/site-packages/airflow/example_dags/example_complex.py took 0.218 seconds
[2023-04-02T10:43:37.774+0000] {processor.py:153} INFO - Started process (PID=4793) to work on /home/airflow/.local/lib/python3.7/site-packages/airflow/example_dags/example_complex.py
[2023-04-02T10:43:37.780+0000] {processor.py:743} INFO - Processing file /home/airflow/.local/lib/python3.7/site-packages/airflow/example_dags/example_complex.py for tasks to queue
[2023-04-02T10:43:37.787+0000] {logging_mixin.py:137} INFO - [2023-04-02T10:43:37.785+0000] {dagbag.py:532} INFO - Filling up the DagBag from /home/airflow/.local/lib/python3.7/site-packages/airflow/example_dags/example_complex.py
[2023-04-02T10:43:37.830+0000] {logging_mixin.py:137} INFO - [2023-04-02T10:43:37.830+0000] {taskmixin.py:211} WARNING - Dependency <Task(BashOperator): create_entry_group>, delete_entry_group already registered for DAG: example_complex
[2023-04-02T10:43:37.833+0000] {logging_mixin.py:137} INFO - [2023-04-02T10:43:37.832+0000] {taskmixin.py:211} WARNING - Dependency <Task(BashOperator): delete_entry_group>, create_entry_group already registered for DAG: example_complex
[2023-04-02T10:43:37.837+0000] {logging_mixin.py:137} INFO - [2023-04-02T10:43:37.837+0000] {taskmixin.py:211} WARNING - Dependency <Task(BashOperator): create_entry_gcs>, delete_entry already registered for DAG: example_complex
[2023-04-02T10:43:37.838+0000] {logging_mixin.py:137} INFO - [2023-04-02T10:43:37.838+0000] {taskmixin.py:211} WARNING - Dependency <Task(BashOperator): delete_entry>, create_entry_gcs already registered for DAG: example_complex
[2023-04-02T10:43:37.841+0000] {logging_mixin.py:137} INFO - [2023-04-02T10:43:37.841+0000] {taskmixin.py:211} WARNING - Dependency <Task(BashOperator): create_tag>, delete_tag already registered for DAG: example_complex
[2023-04-02T10:43:37.844+0000] {logging_mixin.py:137} INFO - [2023-04-02T10:43:37.843+0000] {taskmixin.py:211} WARNING - Dependency <Task(BashOperator): delete_tag>, create_tag already registered for DAG: example_complex
[2023-04-02T10:43:37.864+0000] {processor.py:753} INFO - DAG(s) dict_keys(['example_complex']) retrieved from /home/airflow/.local/lib/python3.7/site-packages/airflow/example_dags/example_complex.py
[2023-04-02T10:43:38.054+0000] {logging_mixin.py:137} INFO - [2023-04-02T10:43:38.054+0000] {dag.py:2705} INFO - Sync 1 DAGs
[2023-04-02T10:43:38.090+0000] {logging_mixin.py:137} INFO - [2023-04-02T10:43:38.090+0000] {dag.py:3456} INFO - Setting next_dagrun for example_complex to None, run_after=None
[2023-04-02T10:43:38.121+0000] {processor.py:175} INFO - Processing /home/airflow/.local/lib/python3.7/site-packages/airflow/example_dags/example_complex.py took 0.352 seconds
[2023-04-02T10:44:08.610+0000] {processor.py:153} INFO - Started process (PID=5011) to work on /home/airflow/.local/lib/python3.7/site-packages/airflow/example_dags/example_complex.py
[2023-04-02T10:44:08.617+0000] {processor.py:743} INFO - Processing file /home/airflow/.local/lib/python3.7/site-packages/airflow/example_dags/example_complex.py for tasks to queue
[2023-04-02T10:44:08.619+0000] {logging_mixin.py:137} INFO - [2023-04-02T10:44:08.619+0000] {dagbag.py:532} INFO - Filling up the DagBag from /home/airflow/.local/lib/python3.7/site-packages/airflow/example_dags/example_complex.py
[2023-04-02T10:44:08.646+0000] {logging_mixin.py:137} INFO - [2023-04-02T10:44:08.646+0000] {taskmixin.py:211} WARNING - Dependency <Task(BashOperator): create_entry_group>, delete_entry_group already registered for DAG: example_complex
[2023-04-02T10:44:08.647+0000] {logging_mixin.py:137} INFO - [2023-04-02T10:44:08.647+0000] {taskmixin.py:211} WARNING - Dependency <Task(BashOperator): delete_entry_group>, create_entry_group already registered for DAG: example_complex
[2023-04-02T10:44:08.651+0000] {logging_mixin.py:137} INFO - [2023-04-02T10:44:08.650+0000] {taskmixin.py:211} WARNING - Dependency <Task(BashOperator): create_entry_gcs>, delete_entry already registered for DAG: example_complex
[2023-04-02T10:44:08.652+0000] {logging_mixin.py:137} INFO - [2023-04-02T10:44:08.652+0000] {taskmixin.py:211} WARNING - Dependency <Task(BashOperator): delete_entry>, create_entry_gcs already registered for DAG: example_complex
[2023-04-02T10:44:08.659+0000] {logging_mixin.py:137} INFO - [2023-04-02T10:44:08.655+0000] {taskmixin.py:211} WARNING - Dependency <Task(BashOperator): create_tag>, delete_tag already registered for DAG: example_complex
[2023-04-02T10:44:08.661+0000] {logging_mixin.py:137} INFO - [2023-04-02T10:44:08.661+0000] {taskmixin.py:211} WARNING - Dependency <Task(BashOperator): delete_tag>, create_tag already registered for DAG: example_complex
[2023-04-02T10:44:08.686+0000] {processor.py:753} INFO - DAG(s) dict_keys(['example_complex']) retrieved from /home/airflow/.local/lib/python3.7/site-packages/airflow/example_dags/example_complex.py
[2023-04-02T10:44:08.813+0000] {logging_mixin.py:137} INFO - [2023-04-02T10:44:08.813+0000] {dag.py:2705} INFO - Sync 1 DAGs
[2023-04-02T10:44:08.861+0000] {logging_mixin.py:137} INFO - [2023-04-02T10:44:08.861+0000] {dag.py:3456} INFO - Setting next_dagrun for example_complex to None, run_after=None
[2023-04-02T10:44:08.888+0000] {processor.py:175} INFO - Processing /home/airflow/.local/lib/python3.7/site-packages/airflow/example_dags/example_complex.py took 0.287 seconds
[2023-04-02T10:44:39.051+0000] {processor.py:153} INFO - Started process (PID=5234) to work on /home/airflow/.local/lib/python3.7/site-packages/airflow/example_dags/example_complex.py
[2023-04-02T10:44:39.052+0000] {processor.py:743} INFO - Processing file /home/airflow/.local/lib/python3.7/site-packages/airflow/example_dags/example_complex.py for tasks to queue
[2023-04-02T10:44:39.055+0000] {logging_mixin.py:137} INFO - [2023-04-02T10:44:39.054+0000] {dagbag.py:532} INFO - Filling up the DagBag from /home/airflow/.local/lib/python3.7/site-packages/airflow/example_dags/example_complex.py
[2023-04-02T10:44:39.072+0000] {logging_mixin.py:137} INFO - [2023-04-02T10:44:39.072+0000] {taskmixin.py:211} WARNING - Dependency <Task(BashOperator): create_entry_group>, delete_entry_group already registered for DAG: example_complex
[2023-04-02T10:44:39.073+0000] {logging_mixin.py:137} INFO - [2023-04-02T10:44:39.073+0000] {taskmixin.py:211} WARNING - Dependency <Task(BashOperator): delete_entry_group>, create_entry_group already registered for DAG: example_complex
[2023-04-02T10:44:39.073+0000] {logging_mixin.py:137} INFO - [2023-04-02T10:44:39.073+0000] {taskmixin.py:211} WARNING - Dependency <Task(BashOperator): create_entry_gcs>, delete_entry already registered for DAG: example_complex
[2023-04-02T10:44:39.074+0000] {logging_mixin.py:137} INFO - [2023-04-02T10:44:39.074+0000] {taskmixin.py:211} WARNING - Dependency <Task(BashOperator): delete_entry>, create_entry_gcs already registered for DAG: example_complex
[2023-04-02T10:44:39.075+0000] {logging_mixin.py:137} INFO - [2023-04-02T10:44:39.075+0000] {taskmixin.py:211} WARNING - Dependency <Task(BashOperator): create_tag>, delete_tag already registered for DAG: example_complex
[2023-04-02T10:44:39.076+0000] {logging_mixin.py:137} INFO - [2023-04-02T10:44:39.076+0000] {taskmixin.py:211} WARNING - Dependency <Task(BashOperator): delete_tag>, create_tag already registered for DAG: example_complex
[2023-04-02T10:44:39.087+0000] {processor.py:753} INFO - DAG(s) dict_keys(['example_complex']) retrieved from /home/airflow/.local/lib/python3.7/site-packages/airflow/example_dags/example_complex.py
[2023-04-02T10:44:39.135+0000] {logging_mixin.py:137} INFO - [2023-04-02T10:44:39.135+0000] {dag.py:2705} INFO - Sync 1 DAGs
[2023-04-02T10:44:39.169+0000] {logging_mixin.py:137} INFO - [2023-04-02T10:44:39.169+0000] {dag.py:3456} INFO - Setting next_dagrun for example_complex to None, run_after=None
[2023-04-02T10:44:39.200+0000] {processor.py:175} INFO - Processing /home/airflow/.local/lib/python3.7/site-packages/airflow/example_dags/example_complex.py took 0.153 seconds
[2023-04-02T10:45:09.561+0000] {processor.py:153} INFO - Started process (PID=5447) to work on /home/airflow/.local/lib/python3.7/site-packages/airflow/example_dags/example_complex.py
[2023-04-02T10:45:09.563+0000] {processor.py:743} INFO - Processing file /home/airflow/.local/lib/python3.7/site-packages/airflow/example_dags/example_complex.py for tasks to queue
[2023-04-02T10:45:09.565+0000] {logging_mixin.py:137} INFO - [2023-04-02T10:45:09.565+0000] {dagbag.py:532} INFO - Filling up the DagBag from /home/airflow/.local/lib/python3.7/site-packages/airflow/example_dags/example_complex.py
[2023-04-02T10:45:09.584+0000] {logging_mixin.py:137} INFO - [2023-04-02T10:45:09.583+0000] {taskmixin.py:211} WARNING - Dependency <Task(BashOperator): create_entry_group>, delete_entry_group already registered for DAG: example_complex
[2023-04-02T10:45:09.585+0000] {logging_mixin.py:137} INFO - [2023-04-02T10:45:09.584+0000] {taskmixin.py:211} WARNING - Dependency <Task(BashOperator): delete_entry_group>, create_entry_group already registered for DAG: example_complex
[2023-04-02T10:45:09.588+0000] {logging_mixin.py:137} INFO - [2023-04-02T10:45:09.586+0000] {taskmixin.py:211} WARNING - Dependency <Task(BashOperator): create_entry_gcs>, delete_entry already registered for DAG: example_complex
[2023-04-02T10:45:09.589+0000] {logging_mixin.py:137} INFO - [2023-04-02T10:45:09.588+0000] {taskmixin.py:211} WARNING - Dependency <Task(BashOperator): delete_entry>, create_entry_gcs already registered for DAG: example_complex
[2023-04-02T10:45:09.591+0000] {logging_mixin.py:137} INFO - [2023-04-02T10:45:09.591+0000] {taskmixin.py:211} WARNING - Dependency <Task(BashOperator): create_tag>, delete_tag already registered for DAG: example_complex
[2023-04-02T10:45:09.592+0000] {logging_mixin.py:137} INFO - [2023-04-02T10:45:09.592+0000] {taskmixin.py:211} WARNING - Dependency <Task(BashOperator): delete_tag>, create_tag already registered for DAG: example_complex
[2023-04-02T10:45:09.606+0000] {processor.py:753} INFO - DAG(s) dict_keys(['example_complex']) retrieved from /home/airflow/.local/lib/python3.7/site-packages/airflow/example_dags/example_complex.py
[2023-04-02T10:45:09.672+0000] {logging_mixin.py:137} INFO - [2023-04-02T10:45:09.672+0000] {dag.py:2705} INFO - Sync 1 DAGs
[2023-04-02T10:45:09.726+0000] {logging_mixin.py:137} INFO - [2023-04-02T10:45:09.725+0000] {dag.py:3456} INFO - Setting next_dagrun for example_complex to None, run_after=None
[2023-04-02T10:45:09.764+0000] {processor.py:175} INFO - Processing /home/airflow/.local/lib/python3.7/site-packages/airflow/example_dags/example_complex.py took 0.208 seconds
[2023-04-02T10:45:39.911+0000] {processor.py:153} INFO - Started process (PID=5665) to work on /home/airflow/.local/lib/python3.7/site-packages/airflow/example_dags/example_complex.py
[2023-04-02T10:45:39.918+0000] {processor.py:743} INFO - Processing file /home/airflow/.local/lib/python3.7/site-packages/airflow/example_dags/example_complex.py for tasks to queue
[2023-04-02T10:45:39.921+0000] {logging_mixin.py:137} INFO - [2023-04-02T10:45:39.920+0000] {dagbag.py:532} INFO - Filling up the DagBag from /home/airflow/.local/lib/python3.7/site-packages/airflow/example_dags/example_complex.py
[2023-04-02T10:45:39.944+0000] {logging_mixin.py:137} INFO - [2023-04-02T10:45:39.943+0000] {taskmixin.py:211} WARNING - Dependency <Task(BashOperator): create_entry_group>, delete_entry_group already registered for DAG: example_complex
[2023-04-02T10:45:39.944+0000] {logging_mixin.py:137} INFO - [2023-04-02T10:45:39.944+0000] {taskmixin.py:211} WARNING - Dependency <Task(BashOperator): delete_entry_group>, create_entry_group already registered for DAG: example_complex
[2023-04-02T10:45:39.947+0000] {logging_mixin.py:137} INFO - [2023-04-02T10:45:39.946+0000] {taskmixin.py:211} WARNING - Dependency <Task(BashOperator): create_entry_gcs>, delete_entry already registered for DAG: example_complex
[2023-04-02T10:45:39.949+0000] {logging_mixin.py:137} INFO - [2023-04-02T10:45:39.948+0000] {taskmixin.py:211} WARNING - Dependency <Task(BashOperator): delete_entry>, create_entry_gcs already registered for DAG: example_complex
[2023-04-02T10:45:39.951+0000] {logging_mixin.py:137} INFO - [2023-04-02T10:45:39.951+0000] {taskmixin.py:211} WARNING - Dependency <Task(BashOperator): create_tag>, delete_tag already registered for DAG: example_complex
[2023-04-02T10:45:39.951+0000] {logging_mixin.py:137} INFO - [2023-04-02T10:45:39.951+0000] {taskmixin.py:211} WARNING - Dependency <Task(BashOperator): delete_tag>, create_tag already registered for DAG: example_complex
[2023-04-02T10:45:39.966+0000] {processor.py:753} INFO - DAG(s) dict_keys(['example_complex']) retrieved from /home/airflow/.local/lib/python3.7/site-packages/airflow/example_dags/example_complex.py
[2023-04-02T10:45:40.037+0000] {logging_mixin.py:137} INFO - [2023-04-02T10:45:40.037+0000] {dag.py:2705} INFO - Sync 1 DAGs
[2023-04-02T10:45:40.081+0000] {logging_mixin.py:137} INFO - [2023-04-02T10:45:40.080+0000] {dag.py:3456} INFO - Setting next_dagrun for example_complex to None, run_after=None
[2023-04-02T10:45:40.115+0000] {processor.py:175} INFO - Processing /home/airflow/.local/lib/python3.7/site-packages/airflow/example_dags/example_complex.py took 0.214 seconds
[2023-04-02T10:46:10.430+0000] {processor.py:153} INFO - Started process (PID=5883) to work on /home/airflow/.local/lib/python3.7/site-packages/airflow/example_dags/example_complex.py
[2023-04-02T10:46:10.437+0000] {processor.py:743} INFO - Processing file /home/airflow/.local/lib/python3.7/site-packages/airflow/example_dags/example_complex.py for tasks to queue
[2023-04-02T10:46:10.438+0000] {logging_mixin.py:137} INFO - [2023-04-02T10:46:10.438+0000] {dagbag.py:532} INFO - Filling up the DagBag from /home/airflow/.local/lib/python3.7/site-packages/airflow/example_dags/example_complex.py
[2023-04-02T10:46:10.491+0000] {logging_mixin.py:137} INFO - [2023-04-02T10:46:10.490+0000] {taskmixin.py:211} WARNING - Dependency <Task(BashOperator): create_entry_group>, delete_entry_group already registered for DAG: example_complex
[2023-04-02T10:46:10.494+0000] {logging_mixin.py:137} INFO - [2023-04-02T10:46:10.491+0000] {taskmixin.py:211} WARNING - Dependency <Task(BashOperator): delete_entry_group>, create_entry_group already registered for DAG: example_complex
[2023-04-02T10:46:10.498+0000] {logging_mixin.py:137} INFO - [2023-04-02T10:46:10.497+0000] {taskmixin.py:211} WARNING - Dependency <Task(BashOperator): create_entry_gcs>, delete_entry already registered for DAG: example_complex
[2023-04-02T10:46:10.499+0000] {logging_mixin.py:137} INFO - [2023-04-02T10:46:10.498+0000] {taskmixin.py:211} WARNING - Dependency <Task(BashOperator): delete_entry>, create_entry_gcs already registered for DAG: example_complex
[2023-04-02T10:46:10.505+0000] {logging_mixin.py:137} INFO - [2023-04-02T10:46:10.504+0000] {taskmixin.py:211} WARNING - Dependency <Task(BashOperator): create_tag>, delete_tag already registered for DAG: example_complex
[2023-04-02T10:46:10.509+0000] {logging_mixin.py:137} INFO - [2023-04-02T10:46:10.506+0000] {taskmixin.py:211} WARNING - Dependency <Task(BashOperator): delete_tag>, create_tag already registered for DAG: example_complex
[2023-04-02T10:46:10.554+0000] {processor.py:753} INFO - DAG(s) dict_keys(['example_complex']) retrieved from /home/airflow/.local/lib/python3.7/site-packages/airflow/example_dags/example_complex.py
[2023-04-02T10:46:10.665+0000] {logging_mixin.py:137} INFO - [2023-04-02T10:46:10.665+0000] {dag.py:2705} INFO - Sync 1 DAGs
[2023-04-02T10:46:10.726+0000] {logging_mixin.py:137} INFO - [2023-04-02T10:46:10.726+0000] {dag.py:3456} INFO - Setting next_dagrun for example_complex to None, run_after=None
[2023-04-02T10:46:10.769+0000] {processor.py:175} INFO - Processing /home/airflow/.local/lib/python3.7/site-packages/airflow/example_dags/example_complex.py took 0.346 seconds
[2023-04-02T10:46:40.929+0000] {processor.py:153} INFO - Started process (PID=6102) to work on /home/airflow/.local/lib/python3.7/site-packages/airflow/example_dags/example_complex.py
[2023-04-02T10:46:40.931+0000] {processor.py:743} INFO - Processing file /home/airflow/.local/lib/python3.7/site-packages/airflow/example_dags/example_complex.py for tasks to queue
[2023-04-02T10:46:40.935+0000] {logging_mixin.py:137} INFO - [2023-04-02T10:46:40.934+0000] {dagbag.py:532} INFO - Filling up the DagBag from /home/airflow/.local/lib/python3.7/site-packages/airflow/example_dags/example_complex.py
[2023-04-02T10:46:41.027+0000] {logging_mixin.py:137} INFO - [2023-04-02T10:46:41.021+0000] {taskmixin.py:211} WARNING - Dependency <Task(BashOperator): create_entry_group>, delete_entry_group already registered for DAG: example_complex
[2023-04-02T10:46:41.033+0000] {logging_mixin.py:137} INFO - [2023-04-02T10:46:41.028+0000] {taskmixin.py:211} WARNING - Dependency <Task(BashOperator): delete_entry_group>, create_entry_group already registered for DAG: example_complex
[2023-04-02T10:46:41.037+0000] {logging_mixin.py:137} INFO - [2023-04-02T10:46:41.036+0000] {taskmixin.py:211} WARNING - Dependency <Task(BashOperator): create_entry_gcs>, delete_entry already registered for DAG: example_complex
[2023-04-02T10:46:41.044+0000] {logging_mixin.py:137} INFO - [2023-04-02T10:46:41.040+0000] {taskmixin.py:211} WARNING - Dependency <Task(BashOperator): delete_entry>, create_entry_gcs already registered for DAG: example_complex
[2023-04-02T10:46:41.046+0000] {logging_mixin.py:137} INFO - [2023-04-02T10:46:41.045+0000] {taskmixin.py:211} WARNING - Dependency <Task(BashOperator): create_tag>, delete_tag already registered for DAG: example_complex
[2023-04-02T10:46:41.047+0000] {logging_mixin.py:137} INFO - [2023-04-02T10:46:41.047+0000] {taskmixin.py:211} WARNING - Dependency <Task(BashOperator): delete_tag>, create_tag already registered for DAG: example_complex
[2023-04-02T10:46:41.069+0000] {processor.py:753} INFO - DAG(s) dict_keys(['example_complex']) retrieved from /home/airflow/.local/lib/python3.7/site-packages/airflow/example_dags/example_complex.py
[2023-04-02T10:46:41.161+0000] {logging_mixin.py:137} INFO - [2023-04-02T10:46:41.160+0000] {dag.py:2705} INFO - Sync 1 DAGs
[2023-04-02T10:46:41.223+0000] {logging_mixin.py:137} INFO - [2023-04-02T10:46:41.223+0000] {dag.py:3456} INFO - Setting next_dagrun for example_complex to None, run_after=None
[2023-04-02T10:46:41.268+0000] {processor.py:175} INFO - Processing /home/airflow/.local/lib/python3.7/site-packages/airflow/example_dags/example_complex.py took 0.368 seconds
[2023-04-02T10:47:11.697+0000] {processor.py:153} INFO - Started process (PID=6320) to work on /home/airflow/.local/lib/python3.7/site-packages/airflow/example_dags/example_complex.py
[2023-04-02T10:47:11.701+0000] {processor.py:743} INFO - Processing file /home/airflow/.local/lib/python3.7/site-packages/airflow/example_dags/example_complex.py for tasks to queue
[2023-04-02T10:47:11.704+0000] {logging_mixin.py:137} INFO - [2023-04-02T10:47:11.703+0000] {dagbag.py:532} INFO - Filling up the DagBag from /home/airflow/.local/lib/python3.7/site-packages/airflow/example_dags/example_complex.py
[2023-04-02T10:47:11.730+0000] {logging_mixin.py:137} INFO - [2023-04-02T10:47:11.730+0000] {taskmixin.py:211} WARNING - Dependency <Task(BashOperator): create_entry_group>, delete_entry_group already registered for DAG: example_complex
[2023-04-02T10:47:11.731+0000] {logging_mixin.py:137} INFO - [2023-04-02T10:47:11.731+0000] {taskmixin.py:211} WARNING - Dependency <Task(BashOperator): delete_entry_group>, create_entry_group already registered for DAG: example_complex
[2023-04-02T10:47:11.734+0000] {logging_mixin.py:137} INFO - [2023-04-02T10:47:11.733+0000] {taskmixin.py:211} WARNING - Dependency <Task(BashOperator): create_entry_gcs>, delete_entry already registered for DAG: example_complex
[2023-04-02T10:47:11.735+0000] {logging_mixin.py:137} INFO - [2023-04-02T10:47:11.735+0000] {taskmixin.py:211} WARNING - Dependency <Task(BashOperator): delete_entry>, create_entry_gcs already registered for DAG: example_complex
[2023-04-02T10:47:11.738+0000] {logging_mixin.py:137} INFO - [2023-04-02T10:47:11.738+0000] {taskmixin.py:211} WARNING - Dependency <Task(BashOperator): create_tag>, delete_tag already registered for DAG: example_complex
[2023-04-02T10:47:11.738+0000] {logging_mixin.py:137} INFO - [2023-04-02T10:47:11.738+0000] {taskmixin.py:211} WARNING - Dependency <Task(BashOperator): delete_tag>, create_tag already registered for DAG: example_complex
[2023-04-02T10:47:11.756+0000] {processor.py:753} INFO - DAG(s) dict_keys(['example_complex']) retrieved from /home/airflow/.local/lib/python3.7/site-packages/airflow/example_dags/example_complex.py
[2023-04-02T10:47:11.824+0000] {logging_mixin.py:137} INFO - [2023-04-02T10:47:11.824+0000] {dag.py:2705} INFO - Sync 1 DAGs
[2023-04-02T10:47:11.885+0000] {logging_mixin.py:137} INFO - [2023-04-02T10:47:11.885+0000] {dag.py:3456} INFO - Setting next_dagrun for example_complex to None, run_after=None
[2023-04-02T10:47:11.924+0000] {processor.py:175} INFO - Processing /home/airflow/.local/lib/python3.7/site-packages/airflow/example_dags/example_complex.py took 0.234 seconds
[2023-04-02T10:47:42.115+0000] {processor.py:153} INFO - Started process (PID=6538) to work on /home/airflow/.local/lib/python3.7/site-packages/airflow/example_dags/example_complex.py
[2023-04-02T10:47:42.116+0000] {processor.py:743} INFO - Processing file /home/airflow/.local/lib/python3.7/site-packages/airflow/example_dags/example_complex.py for tasks to queue
[2023-04-02T10:47:42.119+0000] {logging_mixin.py:137} INFO - [2023-04-02T10:47:42.119+0000] {dagbag.py:532} INFO - Filling up the DagBag from /home/airflow/.local/lib/python3.7/site-packages/airflow/example_dags/example_complex.py
[2023-04-02T10:47:42.147+0000] {logging_mixin.py:137} INFO - [2023-04-02T10:47:42.146+0000] {taskmixin.py:211} WARNING - Dependency <Task(BashOperator): create_entry_group>, delete_entry_group already registered for DAG: example_complex
[2023-04-02T10:47:42.147+0000] {logging_mixin.py:137} INFO - [2023-04-02T10:47:42.147+0000] {taskmixin.py:211} WARNING - Dependency <Task(BashOperator): delete_entry_group>, create_entry_group already registered for DAG: example_complex
[2023-04-02T10:47:42.150+0000] {logging_mixin.py:137} INFO - [2023-04-02T10:47:42.149+0000] {taskmixin.py:211} WARNING - Dependency <Task(BashOperator): create_entry_gcs>, delete_entry already registered for DAG: example_complex
[2023-04-02T10:47:42.152+0000] {logging_mixin.py:137} INFO - [2023-04-02T10:47:42.152+0000] {taskmixin.py:211} WARNING - Dependency <Task(BashOperator): delete_entry>, create_entry_gcs already registered for DAG: example_complex
[2023-04-02T10:47:42.154+0000] {logging_mixin.py:137} INFO - [2023-04-02T10:47:42.154+0000] {taskmixin.py:211} WARNING - Dependency <Task(BashOperator): create_tag>, delete_tag already registered for DAG: example_complex
[2023-04-02T10:47:42.155+0000] {logging_mixin.py:137} INFO - [2023-04-02T10:47:42.155+0000] {taskmixin.py:211} WARNING - Dependency <Task(BashOperator): delete_tag>, create_tag already registered for DAG: example_complex
[2023-04-02T10:47:42.167+0000] {processor.py:753} INFO - DAG(s) dict_keys(['example_complex']) retrieved from /home/airflow/.local/lib/python3.7/site-packages/airflow/example_dags/example_complex.py
[2023-04-02T10:47:42.222+0000] {logging_mixin.py:137} INFO - [2023-04-02T10:47:42.222+0000] {dag.py:2705} INFO - Sync 1 DAGs
[2023-04-02T10:47:42.262+0000] {logging_mixin.py:137} INFO - [2023-04-02T10:47:42.262+0000] {dag.py:3456} INFO - Setting next_dagrun for example_complex to None, run_after=None
[2023-04-02T10:47:42.309+0000] {processor.py:175} INFO - Processing /home/airflow/.local/lib/python3.7/site-packages/airflow/example_dags/example_complex.py took 0.202 seconds
[2023-04-02T10:48:12.431+0000] {processor.py:153} INFO - Started process (PID=6756) to work on /home/airflow/.local/lib/python3.7/site-packages/airflow/example_dags/example_complex.py
[2023-04-02T10:48:12.446+0000] {processor.py:743} INFO - Processing file /home/airflow/.local/lib/python3.7/site-packages/airflow/example_dags/example_complex.py for tasks to queue
[2023-04-02T10:48:12.448+0000] {logging_mixin.py:137} INFO - [2023-04-02T10:48:12.448+0000] {dagbag.py:532} INFO - Filling up the DagBag from /home/airflow/.local/lib/python3.7/site-packages/airflow/example_dags/example_complex.py
[2023-04-02T10:48:12.473+0000] {logging_mixin.py:137} INFO - [2023-04-02T10:48:12.473+0000] {taskmixin.py:211} WARNING - Dependency <Task(BashOperator): create_entry_group>, delete_entry_group already registered for DAG: example_complex
[2023-04-02T10:48:12.474+0000] {logging_mixin.py:137} INFO - [2023-04-02T10:48:12.474+0000] {taskmixin.py:211} WARNING - Dependency <Task(BashOperator): delete_entry_group>, create_entry_group already registered for DAG: example_complex
[2023-04-02T10:48:12.477+0000] {logging_mixin.py:137} INFO - [2023-04-02T10:48:12.476+0000] {taskmixin.py:211} WARNING - Dependency <Task(BashOperator): create_entry_gcs>, delete_entry already registered for DAG: example_complex
[2023-04-02T10:48:12.477+0000] {logging_mixin.py:137} INFO - [2023-04-02T10:48:12.477+0000] {taskmixin.py:211} WARNING - Dependency <Task(BashOperator): delete_entry>, create_entry_gcs already registered for DAG: example_complex
[2023-04-02T10:48:12.479+0000] {logging_mixin.py:137} INFO - [2023-04-02T10:48:12.479+0000] {taskmixin.py:211} WARNING - Dependency <Task(BashOperator): create_tag>, delete_tag already registered for DAG: example_complex
[2023-04-02T10:48:12.480+0000] {logging_mixin.py:137} INFO - [2023-04-02T10:48:12.479+0000] {taskmixin.py:211} WARNING - Dependency <Task(BashOperator): delete_tag>, create_tag already registered for DAG: example_complex
[2023-04-02T10:48:12.495+0000] {processor.py:753} INFO - DAG(s) dict_keys(['example_complex']) retrieved from /home/airflow/.local/lib/python3.7/site-packages/airflow/example_dags/example_complex.py
[2023-04-02T10:48:12.569+0000] {logging_mixin.py:137} INFO - [2023-04-02T10:48:12.568+0000] {dag.py:2705} INFO - Sync 1 DAGs
[2023-04-02T10:48:12.617+0000] {logging_mixin.py:137} INFO - [2023-04-02T10:48:12.617+0000] {dag.py:3456} INFO - Setting next_dagrun for example_complex to None, run_after=None
[2023-04-02T10:48:12.654+0000] {processor.py:175} INFO - Processing /home/airflow/.local/lib/python3.7/site-packages/airflow/example_dags/example_complex.py took 0.228 seconds
[2023-04-02T10:48:42.852+0000] {processor.py:153} INFO - Started process (PID=6974) to work on /home/airflow/.local/lib/python3.7/site-packages/airflow/example_dags/example_complex.py
[2023-04-02T10:48:42.855+0000] {processor.py:743} INFO - Processing file /home/airflow/.local/lib/python3.7/site-packages/airflow/example_dags/example_complex.py for tasks to queue
[2023-04-02T10:48:42.858+0000] {logging_mixin.py:137} INFO - [2023-04-02T10:48:42.858+0000] {dagbag.py:532} INFO - Filling up the DagBag from /home/airflow/.local/lib/python3.7/site-packages/airflow/example_dags/example_complex.py
[2023-04-02T10:48:42.885+0000] {logging_mixin.py:137} INFO - [2023-04-02T10:48:42.885+0000] {taskmixin.py:211} WARNING - Dependency <Task(BashOperator): create_entry_group>, delete_entry_group already registered for DAG: example_complex
[2023-04-02T10:48:42.887+0000] {logging_mixin.py:137} INFO - [2023-04-02T10:48:42.886+0000] {taskmixin.py:211} WARNING - Dependency <Task(BashOperator): delete_entry_group>, create_entry_group already registered for DAG: example_complex
[2023-04-02T10:48:42.889+0000] {logging_mixin.py:137} INFO - [2023-04-02T10:48:42.889+0000] {taskmixin.py:211} WARNING - Dependency <Task(BashOperator): create_entry_gcs>, delete_entry already registered for DAG: example_complex
[2023-04-02T10:48:42.890+0000] {logging_mixin.py:137} INFO - [2023-04-02T10:48:42.890+0000] {taskmixin.py:211} WARNING - Dependency <Task(BashOperator): delete_entry>, create_entry_gcs already registered for DAG: example_complex
[2023-04-02T10:48:42.895+0000] {logging_mixin.py:137} INFO - [2023-04-02T10:48:42.895+0000] {taskmixin.py:211} WARNING - Dependency <Task(BashOperator): create_tag>, delete_tag already registered for DAG: example_complex
[2023-04-02T10:48:42.896+0000] {logging_mixin.py:137} INFO - [2023-04-02T10:48:42.896+0000] {taskmixin.py:211} WARNING - Dependency <Task(BashOperator): delete_tag>, create_tag already registered for DAG: example_complex
[2023-04-02T10:48:42.914+0000] {processor.py:753} INFO - DAG(s) dict_keys(['example_complex']) retrieved from /home/airflow/.local/lib/python3.7/site-packages/airflow/example_dags/example_complex.py
[2023-04-02T10:48:42.967+0000] {logging_mixin.py:137} INFO - [2023-04-02T10:48:42.967+0000] {dag.py:2705} INFO - Sync 1 DAGs
[2023-04-02T10:48:43.013+0000] {logging_mixin.py:137} INFO - [2023-04-02T10:48:43.012+0000] {dag.py:3456} INFO - Setting next_dagrun for example_complex to None, run_after=None
[2023-04-02T10:48:43.062+0000] {processor.py:175} INFO - Processing /home/airflow/.local/lib/python3.7/site-packages/airflow/example_dags/example_complex.py took 0.214 seconds
[2023-04-02T10:49:13.324+0000] {processor.py:153} INFO - Started process (PID=7195) to work on /home/airflow/.local/lib/python3.7/site-packages/airflow/example_dags/example_complex.py
[2023-04-02T10:49:13.332+0000] {processor.py:743} INFO - Processing file /home/airflow/.local/lib/python3.7/site-packages/airflow/example_dags/example_complex.py for tasks to queue
[2023-04-02T10:49:13.334+0000] {logging_mixin.py:137} INFO - [2023-04-02T10:49:13.334+0000] {dagbag.py:532} INFO - Filling up the DagBag from /home/airflow/.local/lib/python3.7/site-packages/airflow/example_dags/example_complex.py
[2023-04-02T10:49:13.386+0000] {logging_mixin.py:137} INFO - [2023-04-02T10:49:13.385+0000] {taskmixin.py:211} WARNING - Dependency <Task(BashOperator): create_entry_group>, delete_entry_group already registered for DAG: example_complex
[2023-04-02T10:49:13.387+0000] {logging_mixin.py:137} INFO - [2023-04-02T10:49:13.386+0000] {taskmixin.py:211} WARNING - Dependency <Task(BashOperator): delete_entry_group>, create_entry_group already registered for DAG: example_complex
[2023-04-02T10:49:13.389+0000] {logging_mixin.py:137} INFO - [2023-04-02T10:49:13.389+0000] {taskmixin.py:211} WARNING - Dependency <Task(BashOperator): create_entry_gcs>, delete_entry already registered for DAG: example_complex
[2023-04-02T10:49:13.390+0000] {logging_mixin.py:137} INFO - [2023-04-02T10:49:13.389+0000] {taskmixin.py:211} WARNING - Dependency <Task(BashOperator): delete_entry>, create_entry_gcs already registered for DAG: example_complex
[2023-04-02T10:49:13.393+0000] {logging_mixin.py:137} INFO - [2023-04-02T10:49:13.392+0000] {taskmixin.py:211} WARNING - Dependency <Task(BashOperator): create_tag>, delete_tag already registered for DAG: example_complex
[2023-04-02T10:49:13.393+0000] {logging_mixin.py:137} INFO - [2023-04-02T10:49:13.393+0000] {taskmixin.py:211} WARNING - Dependency <Task(BashOperator): delete_tag>, create_tag already registered for DAG: example_complex
[2023-04-02T10:49:13.409+0000] {processor.py:753} INFO - DAG(s) dict_keys(['example_complex']) retrieved from /home/airflow/.local/lib/python3.7/site-packages/airflow/example_dags/example_complex.py
[2023-04-02T10:49:13.479+0000] {logging_mixin.py:137} INFO - [2023-04-02T10:49:13.479+0000] {dag.py:2705} INFO - Sync 1 DAGs
[2023-04-02T10:49:13.525+0000] {logging_mixin.py:137} INFO - [2023-04-02T10:49:13.525+0000] {dag.py:3456} INFO - Setting next_dagrun for example_complex to None, run_after=None
[2023-04-02T10:49:13.555+0000] {processor.py:175} INFO - Processing /home/airflow/.local/lib/python3.7/site-packages/airflow/example_dags/example_complex.py took 0.252 seconds
[2023-04-02T10:49:44.247+0000] {processor.py:153} INFO - Started process (PID=7410) to work on /home/airflow/.local/lib/python3.7/site-packages/airflow/example_dags/example_complex.py
[2023-04-02T10:49:44.250+0000] {processor.py:743} INFO - Processing file /home/airflow/.local/lib/python3.7/site-packages/airflow/example_dags/example_complex.py for tasks to queue
[2023-04-02T10:49:44.253+0000] {logging_mixin.py:137} INFO - [2023-04-02T10:49:44.252+0000] {dagbag.py:532} INFO - Filling up the DagBag from /home/airflow/.local/lib/python3.7/site-packages/airflow/example_dags/example_complex.py
[2023-04-02T10:49:44.276+0000] {logging_mixin.py:137} INFO - [2023-04-02T10:49:44.276+0000] {taskmixin.py:211} WARNING - Dependency <Task(BashOperator): create_entry_group>, delete_entry_group already registered for DAG: example_complex
[2023-04-02T10:49:44.278+0000] {logging_mixin.py:137} INFO - [2023-04-02T10:49:44.277+0000] {taskmixin.py:211} WARNING - Dependency <Task(BashOperator): delete_entry_group>, create_entry_group already registered for DAG: example_complex
[2023-04-02T10:49:44.280+0000] {logging_mixin.py:137} INFO - [2023-04-02T10:49:44.279+0000] {taskmixin.py:211} WARNING - Dependency <Task(BashOperator): create_entry_gcs>, delete_entry already registered for DAG: example_complex
[2023-04-02T10:49:44.282+0000] {logging_mixin.py:137} INFO - [2023-04-02T10:49:44.282+0000] {taskmixin.py:211} WARNING - Dependency <Task(BashOperator): delete_entry>, create_entry_gcs already registered for DAG: example_complex
[2023-04-02T10:49:44.284+0000] {logging_mixin.py:137} INFO - [2023-04-02T10:49:44.284+0000] {taskmixin.py:211} WARNING - Dependency <Task(BashOperator): create_tag>, delete_tag already registered for DAG: example_complex
[2023-04-02T10:49:44.286+0000] {logging_mixin.py:137} INFO - [2023-04-02T10:49:44.285+0000] {taskmixin.py:211} WARNING - Dependency <Task(BashOperator): delete_tag>, create_tag already registered for DAG: example_complex
[2023-04-02T10:49:44.299+0000] {processor.py:753} INFO - DAG(s) dict_keys(['example_complex']) retrieved from /home/airflow/.local/lib/python3.7/site-packages/airflow/example_dags/example_complex.py
[2023-04-02T10:49:44.354+0000] {logging_mixin.py:137} INFO - [2023-04-02T10:49:44.354+0000] {dag.py:2705} INFO - Sync 1 DAGs
[2023-04-02T10:49:44.394+0000] {logging_mixin.py:137} INFO - [2023-04-02T10:49:44.394+0000] {dag.py:3456} INFO - Setting next_dagrun for example_complex to None, run_after=None
[2023-04-02T10:49:44.425+0000] {processor.py:175} INFO - Processing /home/airflow/.local/lib/python3.7/site-packages/airflow/example_dags/example_complex.py took 0.182 seconds
[2023-04-02T10:50:14.935+0000] {processor.py:153} INFO - Started process (PID=7628) to work on /home/airflow/.local/lib/python3.7/site-packages/airflow/example_dags/example_complex.py
[2023-04-02T10:50:14.944+0000] {processor.py:743} INFO - Processing file /home/airflow/.local/lib/python3.7/site-packages/airflow/example_dags/example_complex.py for tasks to queue
[2023-04-02T10:50:14.948+0000] {logging_mixin.py:137} INFO - [2023-04-02T10:50:14.948+0000] {dagbag.py:532} INFO - Filling up the DagBag from /home/airflow/.local/lib/python3.7/site-packages/airflow/example_dags/example_complex.py
[2023-04-02T10:50:14.997+0000] {logging_mixin.py:137} INFO - [2023-04-02T10:50:14.996+0000] {taskmixin.py:211} WARNING - Dependency <Task(BashOperator): create_entry_group>, delete_entry_group already registered for DAG: example_complex
[2023-04-02T10:50:14.997+0000] {logging_mixin.py:137} INFO - [2023-04-02T10:50:14.997+0000] {taskmixin.py:211} WARNING - Dependency <Task(BashOperator): delete_entry_group>, create_entry_group already registered for DAG: example_complex
[2023-04-02T10:50:15.001+0000] {logging_mixin.py:137} INFO - [2023-04-02T10:50:15.000+0000] {taskmixin.py:211} WARNING - Dependency <Task(BashOperator): create_entry_gcs>, delete_entry already registered for DAG: example_complex
[2023-04-02T10:50:15.002+0000] {logging_mixin.py:137} INFO - [2023-04-02T10:50:15.002+0000] {taskmixin.py:211} WARNING - Dependency <Task(BashOperator): delete_entry>, create_entry_gcs already registered for DAG: example_complex
[2023-04-02T10:50:15.008+0000] {logging_mixin.py:137} INFO - [2023-04-02T10:50:15.007+0000] {taskmixin.py:211} WARNING - Dependency <Task(BashOperator): create_tag>, delete_tag already registered for DAG: example_complex
[2023-04-02T10:50:15.013+0000] {logging_mixin.py:137} INFO - [2023-04-02T10:50:15.013+0000] {taskmixin.py:211} WARNING - Dependency <Task(BashOperator): delete_tag>, create_tag already registered for DAG: example_complex
[2023-04-02T10:50:15.036+0000] {processor.py:753} INFO - DAG(s) dict_keys(['example_complex']) retrieved from /home/airflow/.local/lib/python3.7/site-packages/airflow/example_dags/example_complex.py
[2023-04-02T10:50:15.143+0000] {logging_mixin.py:137} INFO - [2023-04-02T10:50:15.143+0000] {dag.py:2705} INFO - Sync 1 DAGs
[2023-04-02T10:50:15.186+0000] {logging_mixin.py:137} INFO - [2023-04-02T10:50:15.186+0000] {dag.py:3456} INFO - Setting next_dagrun for example_complex to None, run_after=None
[2023-04-02T10:50:15.234+0000] {processor.py:175} INFO - Processing /home/airflow/.local/lib/python3.7/site-packages/airflow/example_dags/example_complex.py took 0.310 seconds
