[2023-04-02T10:32:48.211+0000] {processor.py:153} INFO - Started process (PID=313) to work on /home/airflow/.local/lib/python3.7/site-packages/airflow/example_dags/example_trigger_target_dag.py
[2023-04-02T10:32:48.213+0000] {processor.py:743} INFO - Processing file /home/airflow/.local/lib/python3.7/site-packages/airflow/example_dags/example_trigger_target_dag.py for tasks to queue
[2023-04-02T10:32:48.215+0000] {logging_mixin.py:137} INFO - [2023-04-02T10:32:48.215+0000] {dagbag.py:532} INFO - Filling up the DagBag from /home/airflow/.local/lib/python3.7/site-packages/airflow/example_dags/example_trigger_target_dag.py
[2023-04-02T10:32:48.246+0000] {processor.py:753} INFO - DAG(s) dict_keys(['example_trigger_target_dag']) retrieved from /home/airflow/.local/lib/python3.7/site-packages/airflow/example_dags/example_trigger_target_dag.py
[2023-04-02T10:32:48.270+0000] {logging_mixin.py:137} INFO - [2023-04-02T10:32:48.269+0000] {dag.py:2705} INFO - Sync 1 DAGs
[2023-04-02T10:32:48.316+0000] {logging_mixin.py:137} INFO - [2023-04-02T10:32:48.316+0000] {dag.py:3456} INFO - Setting next_dagrun for example_trigger_target_dag to None, run_after=None
[2023-04-02T10:32:48.351+0000] {processor.py:175} INFO - Processing /home/airflow/.local/lib/python3.7/site-packages/airflow/example_dags/example_trigger_target_dag.py took 0.144 seconds
[2023-04-02T10:33:23.150+0000] {processor.py:153} INFO - Started process (PID=531) to work on /home/airflow/.local/lib/python3.7/site-packages/airflow/example_dags/example_trigger_target_dag.py
[2023-04-02T10:33:23.151+0000] {processor.py:743} INFO - Processing file /home/airflow/.local/lib/python3.7/site-packages/airflow/example_dags/example_trigger_target_dag.py for tasks to queue
[2023-04-02T10:33:23.155+0000] {logging_mixin.py:137} INFO - [2023-04-02T10:33:23.154+0000] {dagbag.py:532} INFO - Filling up the DagBag from /home/airflow/.local/lib/python3.7/site-packages/airflow/example_dags/example_trigger_target_dag.py
[2023-04-02T10:33:23.202+0000] {processor.py:753} INFO - DAG(s) dict_keys(['example_trigger_target_dag']) retrieved from /home/airflow/.local/lib/python3.7/site-packages/airflow/example_dags/example_trigger_target_dag.py
[2023-04-02T10:33:23.234+0000] {logging_mixin.py:137} INFO - [2023-04-02T10:33:23.233+0000] {dag.py:2705} INFO - Sync 1 DAGs
[2023-04-02T10:33:23.310+0000] {logging_mixin.py:137} INFO - [2023-04-02T10:33:23.310+0000] {dag.py:3456} INFO - Setting next_dagrun for example_trigger_target_dag to None, run_after=None
[2023-04-02T10:33:23.411+0000] {processor.py:175} INFO - Processing /home/airflow/.local/lib/python3.7/site-packages/airflow/example_dags/example_trigger_target_dag.py took 0.266 seconds
[2023-04-02T10:33:56.316+0000] {processor.py:153} INFO - Started process (PID=750) to work on /home/airflow/.local/lib/python3.7/site-packages/airflow/example_dags/example_trigger_target_dag.py
[2023-04-02T10:33:56.330+0000] {processor.py:743} INFO - Processing file /home/airflow/.local/lib/python3.7/site-packages/airflow/example_dags/example_trigger_target_dag.py for tasks to queue
[2023-04-02T10:33:56.337+0000] {logging_mixin.py:137} INFO - [2023-04-02T10:33:56.337+0000] {dagbag.py:532} INFO - Filling up the DagBag from /home/airflow/.local/lib/python3.7/site-packages/airflow/example_dags/example_trigger_target_dag.py
[2023-04-02T10:33:56.470+0000] {processor.py:753} INFO - DAG(s) dict_keys(['example_trigger_target_dag']) retrieved from /home/airflow/.local/lib/python3.7/site-packages/airflow/example_dags/example_trigger_target_dag.py
[2023-04-02T10:33:56.529+0000] {logging_mixin.py:137} INFO - [2023-04-02T10:33:56.528+0000] {dag.py:2705} INFO - Sync 1 DAGs
[2023-04-02T10:33:56.657+0000] {logging_mixin.py:137} INFO - [2023-04-02T10:33:56.656+0000] {dag.py:3456} INFO - Setting next_dagrun for example_trigger_target_dag to None, run_after=None
[2023-04-02T10:33:56.728+0000] {processor.py:175} INFO - Processing /home/airflow/.local/lib/python3.7/site-packages/airflow/example_dags/example_trigger_target_dag.py took 0.435 seconds
[2023-04-02T10:34:27.658+0000] {processor.py:153} INFO - Started process (PID=968) to work on /home/airflow/.local/lib/python3.7/site-packages/airflow/example_dags/example_trigger_target_dag.py
[2023-04-02T10:34:27.661+0000] {processor.py:743} INFO - Processing file /home/airflow/.local/lib/python3.7/site-packages/airflow/example_dags/example_trigger_target_dag.py for tasks to queue
[2023-04-02T10:34:27.664+0000] {logging_mixin.py:137} INFO - [2023-04-02T10:34:27.664+0000] {dagbag.py:532} INFO - Filling up the DagBag from /home/airflow/.local/lib/python3.7/site-packages/airflow/example_dags/example_trigger_target_dag.py
[2023-04-02T10:34:27.723+0000] {processor.py:753} INFO - DAG(s) dict_keys(['example_trigger_target_dag']) retrieved from /home/airflow/.local/lib/python3.7/site-packages/airflow/example_dags/example_trigger_target_dag.py
[2023-04-02T10:34:27.794+0000] {logging_mixin.py:137} INFO - [2023-04-02T10:34:27.794+0000] {dag.py:2705} INFO - Sync 1 DAGs
[2023-04-02T10:34:27.928+0000] {logging_mixin.py:137} INFO - [2023-04-02T10:34:27.928+0000] {dag.py:3456} INFO - Setting next_dagrun for example_trigger_target_dag to None, run_after=None
[2023-04-02T10:34:28.051+0000] {processor.py:175} INFO - Processing /home/airflow/.local/lib/python3.7/site-packages/airflow/example_dags/example_trigger_target_dag.py took 0.399 seconds
[2023-04-02T10:34:58.138+0000] {processor.py:153} INFO - Started process (PID=1187) to work on /home/airflow/.local/lib/python3.7/site-packages/airflow/example_dags/example_trigger_target_dag.py
[2023-04-02T10:34:58.141+0000] {processor.py:743} INFO - Processing file /home/airflow/.local/lib/python3.7/site-packages/airflow/example_dags/example_trigger_target_dag.py for tasks to queue
[2023-04-02T10:34:58.144+0000] {logging_mixin.py:137} INFO - [2023-04-02T10:34:58.143+0000] {dagbag.py:532} INFO - Filling up the DagBag from /home/airflow/.local/lib/python3.7/site-packages/airflow/example_dags/example_trigger_target_dag.py
[2023-04-02T10:34:58.191+0000] {processor.py:753} INFO - DAG(s) dict_keys(['example_trigger_target_dag']) retrieved from /home/airflow/.local/lib/python3.7/site-packages/airflow/example_dags/example_trigger_target_dag.py
[2023-04-02T10:34:58.228+0000] {logging_mixin.py:137} INFO - [2023-04-02T10:34:58.228+0000] {dag.py:2705} INFO - Sync 1 DAGs
[2023-04-02T10:34:58.274+0000] {logging_mixin.py:137} INFO - [2023-04-02T10:34:58.274+0000] {dag.py:3456} INFO - Setting next_dagrun for example_trigger_target_dag to None, run_after=None
[2023-04-02T10:34:58.314+0000] {processor.py:175} INFO - Processing /home/airflow/.local/lib/python3.7/site-packages/airflow/example_dags/example_trigger_target_dag.py took 0.183 seconds
[2023-04-02T10:35:29.841+0000] {processor.py:153} INFO - Started process (PID=1405) to work on /home/airflow/.local/lib/python3.7/site-packages/airflow/example_dags/example_trigger_target_dag.py
[2023-04-02T10:35:29.845+0000] {processor.py:743} INFO - Processing file /home/airflow/.local/lib/python3.7/site-packages/airflow/example_dags/example_trigger_target_dag.py for tasks to queue
[2023-04-02T10:35:29.850+0000] {logging_mixin.py:137} INFO - [2023-04-02T10:35:29.850+0000] {dagbag.py:532} INFO - Filling up the DagBag from /home/airflow/.local/lib/python3.7/site-packages/airflow/example_dags/example_trigger_target_dag.py
[2023-04-02T10:35:30.057+0000] {processor.py:753} INFO - DAG(s) dict_keys(['example_trigger_target_dag']) retrieved from /home/airflow/.local/lib/python3.7/site-packages/airflow/example_dags/example_trigger_target_dag.py
[2023-04-02T10:35:30.201+0000] {logging_mixin.py:137} INFO - [2023-04-02T10:35:30.201+0000] {dag.py:2705} INFO - Sync 1 DAGs
[2023-04-02T10:35:30.341+0000] {logging_mixin.py:137} INFO - [2023-04-02T10:35:30.340+0000] {dag.py:3456} INFO - Setting next_dagrun for example_trigger_target_dag to None, run_after=None
[2023-04-02T10:35:30.481+0000] {processor.py:175} INFO - Processing /home/airflow/.local/lib/python3.7/site-packages/airflow/example_dags/example_trigger_target_dag.py took 0.682 seconds
[2023-04-02T10:36:00.623+0000] {processor.py:153} INFO - Started process (PID=1625) to work on /home/airflow/.local/lib/python3.7/site-packages/airflow/example_dags/example_trigger_target_dag.py
[2023-04-02T10:36:00.626+0000] {processor.py:743} INFO - Processing file /home/airflow/.local/lib/python3.7/site-packages/airflow/example_dags/example_trigger_target_dag.py for tasks to queue
[2023-04-02T10:36:00.630+0000] {logging_mixin.py:137} INFO - [2023-04-02T10:36:00.628+0000] {dagbag.py:532} INFO - Filling up the DagBag from /home/airflow/.local/lib/python3.7/site-packages/airflow/example_dags/example_trigger_target_dag.py
[2023-04-02T10:36:00.681+0000] {processor.py:753} INFO - DAG(s) dict_keys(['example_trigger_target_dag']) retrieved from /home/airflow/.local/lib/python3.7/site-packages/airflow/example_dags/example_trigger_target_dag.py
[2023-04-02T10:36:00.729+0000] {logging_mixin.py:137} INFO - [2023-04-02T10:36:00.729+0000] {dag.py:2705} INFO - Sync 1 DAGs
[2023-04-02T10:36:00.790+0000] {logging_mixin.py:137} INFO - [2023-04-02T10:36:00.790+0000] {dag.py:3456} INFO - Setting next_dagrun for example_trigger_target_dag to None, run_after=None
[2023-04-02T10:36:00.820+0000] {processor.py:175} INFO - Processing /home/airflow/.local/lib/python3.7/site-packages/airflow/example_dags/example_trigger_target_dag.py took 0.205 seconds
[2023-04-02T10:36:30.934+0000] {processor.py:153} INFO - Started process (PID=1843) to work on /home/airflow/.local/lib/python3.7/site-packages/airflow/example_dags/example_trigger_target_dag.py
[2023-04-02T10:36:30.936+0000] {processor.py:743} INFO - Processing file /home/airflow/.local/lib/python3.7/site-packages/airflow/example_dags/example_trigger_target_dag.py for tasks to queue
[2023-04-02T10:36:30.939+0000] {logging_mixin.py:137} INFO - [2023-04-02T10:36:30.938+0000] {dagbag.py:532} INFO - Filling up the DagBag from /home/airflow/.local/lib/python3.7/site-packages/airflow/example_dags/example_trigger_target_dag.py
[2023-04-02T10:36:30.995+0000] {processor.py:753} INFO - DAG(s) dict_keys(['example_trigger_target_dag']) retrieved from /home/airflow/.local/lib/python3.7/site-packages/airflow/example_dags/example_trigger_target_dag.py
[2023-04-02T10:36:31.049+0000] {logging_mixin.py:137} INFO - [2023-04-02T10:36:31.049+0000] {dag.py:2705} INFO - Sync 1 DAGs
[2023-04-02T10:36:31.111+0000] {logging_mixin.py:137} INFO - [2023-04-02T10:36:31.110+0000] {dag.py:3456} INFO - Setting next_dagrun for example_trigger_target_dag to None, run_after=None
[2023-04-02T10:36:31.141+0000] {processor.py:175} INFO - Processing /home/airflow/.local/lib/python3.7/site-packages/airflow/example_dags/example_trigger_target_dag.py took 0.212 seconds
[2023-04-02T10:37:01.683+0000] {processor.py:153} INFO - Started process (PID=2059) to work on /home/airflow/.local/lib/python3.7/site-packages/airflow/example_dags/example_trigger_target_dag.py
[2023-04-02T10:37:01.686+0000] {processor.py:743} INFO - Processing file /home/airflow/.local/lib/python3.7/site-packages/airflow/example_dags/example_trigger_target_dag.py for tasks to queue
[2023-04-02T10:37:01.690+0000] {logging_mixin.py:137} INFO - [2023-04-02T10:37:01.689+0000] {dagbag.py:532} INFO - Filling up the DagBag from /home/airflow/.local/lib/python3.7/site-packages/airflow/example_dags/example_trigger_target_dag.py
[2023-04-02T10:37:01.741+0000] {processor.py:753} INFO - DAG(s) dict_keys(['example_trigger_target_dag']) retrieved from /home/airflow/.local/lib/python3.7/site-packages/airflow/example_dags/example_trigger_target_dag.py
[2023-04-02T10:37:01.808+0000] {logging_mixin.py:137} INFO - [2023-04-02T10:37:01.808+0000] {dag.py:2705} INFO - Sync 1 DAGs
[2023-04-02T10:37:01.878+0000] {logging_mixin.py:137} INFO - [2023-04-02T10:37:01.877+0000] {dag.py:3456} INFO - Setting next_dagrun for example_trigger_target_dag to None, run_after=None
[2023-04-02T10:37:01.929+0000] {processor.py:175} INFO - Processing /home/airflow/.local/lib/python3.7/site-packages/airflow/example_dags/example_trigger_target_dag.py took 0.251 seconds
[2023-04-02T10:37:32.250+0000] {processor.py:153} INFO - Started process (PID=2277) to work on /home/airflow/.local/lib/python3.7/site-packages/airflow/example_dags/example_trigger_target_dag.py
[2023-04-02T10:37:32.253+0000] {processor.py:743} INFO - Processing file /home/airflow/.local/lib/python3.7/site-packages/airflow/example_dags/example_trigger_target_dag.py for tasks to queue
[2023-04-02T10:37:32.258+0000] {logging_mixin.py:137} INFO - [2023-04-02T10:37:32.258+0000] {dagbag.py:532} INFO - Filling up the DagBag from /home/airflow/.local/lib/python3.7/site-packages/airflow/example_dags/example_trigger_target_dag.py
[2023-04-02T10:37:32.304+0000] {processor.py:753} INFO - DAG(s) dict_keys(['example_trigger_target_dag']) retrieved from /home/airflow/.local/lib/python3.7/site-packages/airflow/example_dags/example_trigger_target_dag.py
[2023-04-02T10:37:32.383+0000] {logging_mixin.py:137} INFO - [2023-04-02T10:37:32.382+0000] {dag.py:2705} INFO - Sync 1 DAGs
[2023-04-02T10:37:32.460+0000] {logging_mixin.py:137} INFO - [2023-04-02T10:37:32.460+0000] {dag.py:3456} INFO - Setting next_dagrun for example_trigger_target_dag to None, run_after=None
[2023-04-02T10:37:32.508+0000] {processor.py:175} INFO - Processing /home/airflow/.local/lib/python3.7/site-packages/airflow/example_dags/example_trigger_target_dag.py took 0.264 seconds
[2023-04-02T10:38:03.270+0000] {processor.py:153} INFO - Started process (PID=2495) to work on /home/airflow/.local/lib/python3.7/site-packages/airflow/example_dags/example_trigger_target_dag.py
[2023-04-02T10:38:03.273+0000] {processor.py:743} INFO - Processing file /home/airflow/.local/lib/python3.7/site-packages/airflow/example_dags/example_trigger_target_dag.py for tasks to queue
[2023-04-02T10:38:03.276+0000] {logging_mixin.py:137} INFO - [2023-04-02T10:38:03.276+0000] {dagbag.py:532} INFO - Filling up the DagBag from /home/airflow/.local/lib/python3.7/site-packages/airflow/example_dags/example_trigger_target_dag.py
[2023-04-02T10:38:03.336+0000] {processor.py:753} INFO - DAG(s) dict_keys(['example_trigger_target_dag']) retrieved from /home/airflow/.local/lib/python3.7/site-packages/airflow/example_dags/example_trigger_target_dag.py
[2023-04-02T10:38:03.384+0000] {logging_mixin.py:137} INFO - [2023-04-02T10:38:03.384+0000] {dag.py:2705} INFO - Sync 1 DAGs
[2023-04-02T10:38:03.426+0000] {logging_mixin.py:137} INFO - [2023-04-02T10:38:03.426+0000] {dag.py:3456} INFO - Setting next_dagrun for example_trigger_target_dag to None, run_after=None
[2023-04-02T10:38:03.463+0000] {processor.py:175} INFO - Processing /home/airflow/.local/lib/python3.7/site-packages/airflow/example_dags/example_trigger_target_dag.py took 0.202 seconds
[2023-04-02T10:38:34.223+0000] {processor.py:153} INFO - Started process (PID=2713) to work on /home/airflow/.local/lib/python3.7/site-packages/airflow/example_dags/example_trigger_target_dag.py
[2023-04-02T10:38:34.225+0000] {processor.py:743} INFO - Processing file /home/airflow/.local/lib/python3.7/site-packages/airflow/example_dags/example_trigger_target_dag.py for tasks to queue
[2023-04-02T10:38:34.228+0000] {logging_mixin.py:137} INFO - [2023-04-02T10:38:34.227+0000] {dagbag.py:532} INFO - Filling up the DagBag from /home/airflow/.local/lib/python3.7/site-packages/airflow/example_dags/example_trigger_target_dag.py
[2023-04-02T10:38:34.286+0000] {processor.py:753} INFO - DAG(s) dict_keys(['example_trigger_target_dag']) retrieved from /home/airflow/.local/lib/python3.7/site-packages/airflow/example_dags/example_trigger_target_dag.py
[2023-04-02T10:38:34.337+0000] {logging_mixin.py:137} INFO - [2023-04-02T10:38:34.337+0000] {dag.py:2705} INFO - Sync 1 DAGs
[2023-04-02T10:38:34.391+0000] {logging_mixin.py:137} INFO - [2023-04-02T10:38:34.391+0000] {dag.py:3456} INFO - Setting next_dagrun for example_trigger_target_dag to None, run_after=None
[2023-04-02T10:38:34.426+0000] {processor.py:175} INFO - Processing /home/airflow/.local/lib/python3.7/site-packages/airflow/example_dags/example_trigger_target_dag.py took 0.210 seconds
[2023-04-02T10:39:05.676+0000] {processor.py:153} INFO - Started process (PID=2938) to work on /home/airflow/.local/lib/python3.7/site-packages/airflow/example_dags/example_trigger_target_dag.py
[2023-04-02T10:39:05.682+0000] {processor.py:743} INFO - Processing file /home/airflow/.local/lib/python3.7/site-packages/airflow/example_dags/example_trigger_target_dag.py for tasks to queue
[2023-04-02T10:39:05.688+0000] {logging_mixin.py:137} INFO - [2023-04-02T10:39:05.685+0000] {dagbag.py:532} INFO - Filling up the DagBag from /home/airflow/.local/lib/python3.7/site-packages/airflow/example_dags/example_trigger_target_dag.py
[2023-04-02T10:39:05.738+0000] {processor.py:753} INFO - DAG(s) dict_keys(['example_trigger_target_dag']) retrieved from /home/airflow/.local/lib/python3.7/site-packages/airflow/example_dags/example_trigger_target_dag.py
[2023-04-02T10:39:05.791+0000] {logging_mixin.py:137} INFO - [2023-04-02T10:39:05.791+0000] {dag.py:2705} INFO - Sync 1 DAGs
[2023-04-02T10:39:05.866+0000] {logging_mixin.py:137} INFO - [2023-04-02T10:39:05.866+0000] {dag.py:3456} INFO - Setting next_dagrun for example_trigger_target_dag to None, run_after=None
[2023-04-02T10:39:05.910+0000] {processor.py:175} INFO - Processing /home/airflow/.local/lib/python3.7/site-packages/airflow/example_dags/example_trigger_target_dag.py took 0.248 seconds
[2023-04-02T10:39:36.568+0000] {processor.py:153} INFO - Started process (PID=3156) to work on /home/airflow/.local/lib/python3.7/site-packages/airflow/example_dags/example_trigger_target_dag.py
[2023-04-02T10:39:36.570+0000] {processor.py:743} INFO - Processing file /home/airflow/.local/lib/python3.7/site-packages/airflow/example_dags/example_trigger_target_dag.py for tasks to queue
[2023-04-02T10:39:36.572+0000] {logging_mixin.py:137} INFO - [2023-04-02T10:39:36.572+0000] {dagbag.py:532} INFO - Filling up the DagBag from /home/airflow/.local/lib/python3.7/site-packages/airflow/example_dags/example_trigger_target_dag.py
[2023-04-02T10:39:36.617+0000] {processor.py:753} INFO - DAG(s) dict_keys(['example_trigger_target_dag']) retrieved from /home/airflow/.local/lib/python3.7/site-packages/airflow/example_dags/example_trigger_target_dag.py
[2023-04-02T10:39:36.661+0000] {logging_mixin.py:137} INFO - [2023-04-02T10:39:36.660+0000] {dag.py:2705} INFO - Sync 1 DAGs
[2023-04-02T10:39:36.718+0000] {logging_mixin.py:137} INFO - [2023-04-02T10:39:36.718+0000] {dag.py:3456} INFO - Setting next_dagrun for example_trigger_target_dag to None, run_after=None
[2023-04-02T10:39:36.758+0000] {processor.py:175} INFO - Processing /home/airflow/.local/lib/python3.7/site-packages/airflow/example_dags/example_trigger_target_dag.py took 0.199 seconds
[2023-04-02T10:40:07.713+0000] {processor.py:153} INFO - Started process (PID=3374) to work on /home/airflow/.local/lib/python3.7/site-packages/airflow/example_dags/example_trigger_target_dag.py
[2023-04-02T10:40:07.715+0000] {processor.py:743} INFO - Processing file /home/airflow/.local/lib/python3.7/site-packages/airflow/example_dags/example_trigger_target_dag.py for tasks to queue
[2023-04-02T10:40:07.717+0000] {logging_mixin.py:137} INFO - [2023-04-02T10:40:07.717+0000] {dagbag.py:532} INFO - Filling up the DagBag from /home/airflow/.local/lib/python3.7/site-packages/airflow/example_dags/example_trigger_target_dag.py
[2023-04-02T10:40:07.774+0000] {processor.py:753} INFO - DAG(s) dict_keys(['example_trigger_target_dag']) retrieved from /home/airflow/.local/lib/python3.7/site-packages/airflow/example_dags/example_trigger_target_dag.py
[2023-04-02T10:40:07.824+0000] {logging_mixin.py:137} INFO - [2023-04-02T10:40:07.824+0000] {dag.py:2705} INFO - Sync 1 DAGs
[2023-04-02T10:40:07.884+0000] {logging_mixin.py:137} INFO - [2023-04-02T10:40:07.884+0000] {dag.py:3456} INFO - Setting next_dagrun for example_trigger_target_dag to None, run_after=None
[2023-04-02T10:40:07.962+0000] {processor.py:175} INFO - Processing /home/airflow/.local/lib/python3.7/site-packages/airflow/example_dags/example_trigger_target_dag.py took 0.257 seconds
[2023-04-02T10:40:38.955+0000] {processor.py:153} INFO - Started process (PID=3592) to work on /home/airflow/.local/lib/python3.7/site-packages/airflow/example_dags/example_trigger_target_dag.py
[2023-04-02T10:40:38.960+0000] {processor.py:743} INFO - Processing file /home/airflow/.local/lib/python3.7/site-packages/airflow/example_dags/example_trigger_target_dag.py for tasks to queue
[2023-04-02T10:40:38.967+0000] {logging_mixin.py:137} INFO - [2023-04-02T10:40:38.967+0000] {dagbag.py:532} INFO - Filling up the DagBag from /home/airflow/.local/lib/python3.7/site-packages/airflow/example_dags/example_trigger_target_dag.py
[2023-04-02T10:40:39.104+0000] {processor.py:753} INFO - DAG(s) dict_keys(['example_trigger_target_dag']) retrieved from /home/airflow/.local/lib/python3.7/site-packages/airflow/example_dags/example_trigger_target_dag.py
[2023-04-02T10:40:39.198+0000] {logging_mixin.py:137} INFO - [2023-04-02T10:40:39.197+0000] {dag.py:2705} INFO - Sync 1 DAGs
[2023-04-02T10:40:39.431+0000] {logging_mixin.py:137} INFO - [2023-04-02T10:40:39.431+0000] {dag.py:3456} INFO - Setting next_dagrun for example_trigger_target_dag to None, run_after=None
[2023-04-02T10:40:39.555+0000] {processor.py:175} INFO - Processing /home/airflow/.local/lib/python3.7/site-packages/airflow/example_dags/example_trigger_target_dag.py took 0.634 seconds
[2023-04-02T10:41:10.503+0000] {processor.py:153} INFO - Started process (PID=3812) to work on /home/airflow/.local/lib/python3.7/site-packages/airflow/example_dags/example_trigger_target_dag.py
[2023-04-02T10:41:10.511+0000] {processor.py:743} INFO - Processing file /home/airflow/.local/lib/python3.7/site-packages/airflow/example_dags/example_trigger_target_dag.py for tasks to queue
[2023-04-02T10:41:10.515+0000] {logging_mixin.py:137} INFO - [2023-04-02T10:41:10.514+0000] {dagbag.py:532} INFO - Filling up the DagBag from /home/airflow/.local/lib/python3.7/site-packages/airflow/example_dags/example_trigger_target_dag.py
[2023-04-02T10:41:10.567+0000] {processor.py:753} INFO - DAG(s) dict_keys(['example_trigger_target_dag']) retrieved from /home/airflow/.local/lib/python3.7/site-packages/airflow/example_dags/example_trigger_target_dag.py
[2023-04-02T10:41:10.635+0000] {logging_mixin.py:137} INFO - [2023-04-02T10:41:10.635+0000] {dag.py:2705} INFO - Sync 1 DAGs
[2023-04-02T10:41:10.713+0000] {logging_mixin.py:137} INFO - [2023-04-02T10:41:10.713+0000] {dag.py:3456} INFO - Setting next_dagrun for example_trigger_target_dag to None, run_after=None
[2023-04-02T10:41:10.761+0000] {processor.py:175} INFO - Processing /home/airflow/.local/lib/python3.7/site-packages/airflow/example_dags/example_trigger_target_dag.py took 0.267 seconds
[2023-04-02T10:41:41.617+0000] {processor.py:153} INFO - Started process (PID=4030) to work on /home/airflow/.local/lib/python3.7/site-packages/airflow/example_dags/example_trigger_target_dag.py
[2023-04-02T10:41:41.637+0000] {processor.py:743} INFO - Processing file /home/airflow/.local/lib/python3.7/site-packages/airflow/example_dags/example_trigger_target_dag.py for tasks to queue
[2023-04-02T10:41:41.643+0000] {logging_mixin.py:137} INFO - [2023-04-02T10:41:41.643+0000] {dagbag.py:532} INFO - Filling up the DagBag from /home/airflow/.local/lib/python3.7/site-packages/airflow/example_dags/example_trigger_target_dag.py
[2023-04-02T10:41:41.731+0000] {processor.py:753} INFO - DAG(s) dict_keys(['example_trigger_target_dag']) retrieved from /home/airflow/.local/lib/python3.7/site-packages/airflow/example_dags/example_trigger_target_dag.py
[2023-04-02T10:41:41.839+0000] {logging_mixin.py:137} INFO - [2023-04-02T10:41:41.839+0000] {dag.py:2705} INFO - Sync 1 DAGs
[2023-04-02T10:41:41.946+0000] {logging_mixin.py:137} INFO - [2023-04-02T10:41:41.945+0000] {dag.py:3456} INFO - Setting next_dagrun for example_trigger_target_dag to None, run_after=None
[2023-04-02T10:41:42.035+0000] {processor.py:175} INFO - Processing /home/airflow/.local/lib/python3.7/site-packages/airflow/example_dags/example_trigger_target_dag.py took 0.437 seconds
[2023-04-02T10:42:12.823+0000] {processor.py:153} INFO - Started process (PID=4247) to work on /home/airflow/.local/lib/python3.7/site-packages/airflow/example_dags/example_trigger_target_dag.py
[2023-04-02T10:42:12.828+0000] {processor.py:743} INFO - Processing file /home/airflow/.local/lib/python3.7/site-packages/airflow/example_dags/example_trigger_target_dag.py for tasks to queue
[2023-04-02T10:42:12.833+0000] {logging_mixin.py:137} INFO - [2023-04-02T10:42:12.833+0000] {dagbag.py:532} INFO - Filling up the DagBag from /home/airflow/.local/lib/python3.7/site-packages/airflow/example_dags/example_trigger_target_dag.py
[2023-04-02T10:42:12.928+0000] {processor.py:753} INFO - DAG(s) dict_keys(['example_trigger_target_dag']) retrieved from /home/airflow/.local/lib/python3.7/site-packages/airflow/example_dags/example_trigger_target_dag.py
[2023-04-02T10:42:13.043+0000] {logging_mixin.py:137} INFO - [2023-04-02T10:42:13.042+0000] {dag.py:2705} INFO - Sync 1 DAGs
[2023-04-02T10:42:13.119+0000] {logging_mixin.py:137} INFO - [2023-04-02T10:42:13.119+0000] {dag.py:3456} INFO - Setting next_dagrun for example_trigger_target_dag to None, run_after=None
[2023-04-02T10:42:13.194+0000] {processor.py:175} INFO - Processing /home/airflow/.local/lib/python3.7/site-packages/airflow/example_dags/example_trigger_target_dag.py took 0.381 seconds
[2023-04-02T10:42:43.953+0000] {processor.py:153} INFO - Started process (PID=4465) to work on /home/airflow/.local/lib/python3.7/site-packages/airflow/example_dags/example_trigger_target_dag.py
[2023-04-02T10:42:43.960+0000] {processor.py:743} INFO - Processing file /home/airflow/.local/lib/python3.7/site-packages/airflow/example_dags/example_trigger_target_dag.py for tasks to queue
[2023-04-02T10:42:43.964+0000] {logging_mixin.py:137} INFO - [2023-04-02T10:42:43.963+0000] {dagbag.py:532} INFO - Filling up the DagBag from /home/airflow/.local/lib/python3.7/site-packages/airflow/example_dags/example_trigger_target_dag.py
[2023-04-02T10:42:44.016+0000] {processor.py:753} INFO - DAG(s) dict_keys(['example_trigger_target_dag']) retrieved from /home/airflow/.local/lib/python3.7/site-packages/airflow/example_dags/example_trigger_target_dag.py
[2023-04-02T10:42:44.092+0000] {logging_mixin.py:137} INFO - [2023-04-02T10:42:44.091+0000] {dag.py:2705} INFO - Sync 1 DAGs
[2023-04-02T10:42:44.186+0000] {logging_mixin.py:137} INFO - [2023-04-02T10:42:44.186+0000] {dag.py:3456} INFO - Setting next_dagrun for example_trigger_target_dag to None, run_after=None
[2023-04-02T10:42:44.259+0000] {processor.py:175} INFO - Processing /home/airflow/.local/lib/python3.7/site-packages/airflow/example_dags/example_trigger_target_dag.py took 0.312 seconds
[2023-04-02T10:43:14.418+0000] {processor.py:153} INFO - Started process (PID=4685) to work on /home/airflow/.local/lib/python3.7/site-packages/airflow/example_dags/example_trigger_target_dag.py
[2023-04-02T10:43:14.421+0000] {processor.py:743} INFO - Processing file /home/airflow/.local/lib/python3.7/site-packages/airflow/example_dags/example_trigger_target_dag.py for tasks to queue
[2023-04-02T10:43:14.423+0000] {logging_mixin.py:137} INFO - [2023-04-02T10:43:14.423+0000] {dagbag.py:532} INFO - Filling up the DagBag from /home/airflow/.local/lib/python3.7/site-packages/airflow/example_dags/example_trigger_target_dag.py
[2023-04-02T10:43:14.455+0000] {processor.py:753} INFO - DAG(s) dict_keys(['example_trigger_target_dag']) retrieved from /home/airflow/.local/lib/python3.7/site-packages/airflow/example_dags/example_trigger_target_dag.py
[2023-04-02T10:43:14.491+0000] {logging_mixin.py:137} INFO - [2023-04-02T10:43:14.490+0000] {dag.py:2705} INFO - Sync 1 DAGs
[2023-04-02T10:43:14.526+0000] {logging_mixin.py:137} INFO - [2023-04-02T10:43:14.526+0000] {dag.py:3456} INFO - Setting next_dagrun for example_trigger_target_dag to None, run_after=None
[2023-04-02T10:43:14.555+0000] {processor.py:175} INFO - Processing /home/airflow/.local/lib/python3.7/site-packages/airflow/example_dags/example_trigger_target_dag.py took 0.142 seconds
[2023-04-02T10:43:44.713+0000] {processor.py:153} INFO - Started process (PID=4903) to work on /home/airflow/.local/lib/python3.7/site-packages/airflow/example_dags/example_trigger_target_dag.py
[2023-04-02T10:43:44.716+0000] {processor.py:743} INFO - Processing file /home/airflow/.local/lib/python3.7/site-packages/airflow/example_dags/example_trigger_target_dag.py for tasks to queue
[2023-04-02T10:43:44.719+0000] {logging_mixin.py:137} INFO - [2023-04-02T10:43:44.719+0000] {dagbag.py:532} INFO - Filling up the DagBag from /home/airflow/.local/lib/python3.7/site-packages/airflow/example_dags/example_trigger_target_dag.py
[2023-04-02T10:43:44.755+0000] {processor.py:753} INFO - DAG(s) dict_keys(['example_trigger_target_dag']) retrieved from /home/airflow/.local/lib/python3.7/site-packages/airflow/example_dags/example_trigger_target_dag.py
[2023-04-02T10:43:44.796+0000] {logging_mixin.py:137} INFO - [2023-04-02T10:43:44.796+0000] {dag.py:2705} INFO - Sync 1 DAGs
[2023-04-02T10:43:44.834+0000] {logging_mixin.py:137} INFO - [2023-04-02T10:43:44.834+0000] {dag.py:3456} INFO - Setting next_dagrun for example_trigger_target_dag to None, run_after=None
[2023-04-02T10:43:44.879+0000] {processor.py:175} INFO - Processing /home/airflow/.local/lib/python3.7/site-packages/airflow/example_dags/example_trigger_target_dag.py took 0.169 seconds
[2023-04-02T10:44:14.980+0000] {processor.py:153} INFO - Started process (PID=5119) to work on /home/airflow/.local/lib/python3.7/site-packages/airflow/example_dags/example_trigger_target_dag.py
[2023-04-02T10:44:14.989+0000] {processor.py:743} INFO - Processing file /home/airflow/.local/lib/python3.7/site-packages/airflow/example_dags/example_trigger_target_dag.py for tasks to queue
[2023-04-02T10:44:14.992+0000] {logging_mixin.py:137} INFO - [2023-04-02T10:44:14.992+0000] {dagbag.py:532} INFO - Filling up the DagBag from /home/airflow/.local/lib/python3.7/site-packages/airflow/example_dags/example_trigger_target_dag.py
[2023-04-02T10:44:15.058+0000] {processor.py:753} INFO - DAG(s) dict_keys(['example_trigger_target_dag']) retrieved from /home/airflow/.local/lib/python3.7/site-packages/airflow/example_dags/example_trigger_target_dag.py
[2023-04-02T10:44:15.120+0000] {logging_mixin.py:137} INFO - [2023-04-02T10:44:15.120+0000] {dag.py:2705} INFO - Sync 1 DAGs
[2023-04-02T10:44:15.169+0000] {logging_mixin.py:137} INFO - [2023-04-02T10:44:15.169+0000] {dag.py:3456} INFO - Setting next_dagrun for example_trigger_target_dag to None, run_after=None
[2023-04-02T10:44:15.197+0000] {processor.py:175} INFO - Processing /home/airflow/.local/lib/python3.7/site-packages/airflow/example_dags/example_trigger_target_dag.py took 0.224 seconds
[2023-04-02T10:44:45.644+0000] {processor.py:153} INFO - Started process (PID=5336) to work on /home/airflow/.local/lib/python3.7/site-packages/airflow/example_dags/example_trigger_target_dag.py
[2023-04-02T10:44:45.648+0000] {processor.py:743} INFO - Processing file /home/airflow/.local/lib/python3.7/site-packages/airflow/example_dags/example_trigger_target_dag.py for tasks to queue
[2023-04-02T10:44:45.657+0000] {logging_mixin.py:137} INFO - [2023-04-02T10:44:45.657+0000] {dagbag.py:532} INFO - Filling up the DagBag from /home/airflow/.local/lib/python3.7/site-packages/airflow/example_dags/example_trigger_target_dag.py
[2023-04-02T10:44:45.745+0000] {processor.py:753} INFO - DAG(s) dict_keys(['example_trigger_target_dag']) retrieved from /home/airflow/.local/lib/python3.7/site-packages/airflow/example_dags/example_trigger_target_dag.py
[2023-04-02T10:44:45.845+0000] {logging_mixin.py:137} INFO - [2023-04-02T10:44:45.845+0000] {dag.py:2705} INFO - Sync 1 DAGs
[2023-04-02T10:44:45.921+0000] {logging_mixin.py:137} INFO - [2023-04-02T10:44:45.921+0000] {dag.py:3456} INFO - Setting next_dagrun for example_trigger_target_dag to None, run_after=None
[2023-04-02T10:44:45.956+0000] {processor.py:175} INFO - Processing /home/airflow/.local/lib/python3.7/site-packages/airflow/example_dags/example_trigger_target_dag.py took 0.324 seconds
[2023-04-02T10:45:16.409+0000] {processor.py:153} INFO - Started process (PID=5555) to work on /home/airflow/.local/lib/python3.7/site-packages/airflow/example_dags/example_trigger_target_dag.py
[2023-04-02T10:45:16.412+0000] {processor.py:743} INFO - Processing file /home/airflow/.local/lib/python3.7/site-packages/airflow/example_dags/example_trigger_target_dag.py for tasks to queue
[2023-04-02T10:45:16.417+0000] {logging_mixin.py:137} INFO - [2023-04-02T10:45:16.416+0000] {dagbag.py:532} INFO - Filling up the DagBag from /home/airflow/.local/lib/python3.7/site-packages/airflow/example_dags/example_trigger_target_dag.py
[2023-04-02T10:45:16.458+0000] {processor.py:753} INFO - DAG(s) dict_keys(['example_trigger_target_dag']) retrieved from /home/airflow/.local/lib/python3.7/site-packages/airflow/example_dags/example_trigger_target_dag.py
[2023-04-02T10:45:16.503+0000] {logging_mixin.py:137} INFO - [2023-04-02T10:45:16.503+0000] {dag.py:2705} INFO - Sync 1 DAGs
[2023-04-02T10:45:16.546+0000] {logging_mixin.py:137} INFO - [2023-04-02T10:45:16.546+0000] {dag.py:3456} INFO - Setting next_dagrun for example_trigger_target_dag to None, run_after=None
[2023-04-02T10:45:16.592+0000] {processor.py:175} INFO - Processing /home/airflow/.local/lib/python3.7/site-packages/airflow/example_dags/example_trigger_target_dag.py took 0.192 seconds
[2023-04-02T10:45:47.141+0000] {processor.py:153} INFO - Started process (PID=5773) to work on /home/airflow/.local/lib/python3.7/site-packages/airflow/example_dags/example_trigger_target_dag.py
[2023-04-02T10:45:47.143+0000] {processor.py:743} INFO - Processing file /home/airflow/.local/lib/python3.7/site-packages/airflow/example_dags/example_trigger_target_dag.py for tasks to queue
[2023-04-02T10:45:47.146+0000] {logging_mixin.py:137} INFO - [2023-04-02T10:45:47.146+0000] {dagbag.py:532} INFO - Filling up the DagBag from /home/airflow/.local/lib/python3.7/site-packages/airflow/example_dags/example_trigger_target_dag.py
[2023-04-02T10:45:47.220+0000] {processor.py:753} INFO - DAG(s) dict_keys(['example_trigger_target_dag']) retrieved from /home/airflow/.local/lib/python3.7/site-packages/airflow/example_dags/example_trigger_target_dag.py
[2023-04-02T10:45:47.271+0000] {logging_mixin.py:137} INFO - [2023-04-02T10:45:47.271+0000] {dag.py:2705} INFO - Sync 1 DAGs
[2023-04-02T10:45:47.314+0000] {logging_mixin.py:137} INFO - [2023-04-02T10:45:47.314+0000] {dag.py:3456} INFO - Setting next_dagrun for example_trigger_target_dag to None, run_after=None
[2023-04-02T10:45:47.363+0000] {processor.py:175} INFO - Processing /home/airflow/.local/lib/python3.7/site-packages/airflow/example_dags/example_trigger_target_dag.py took 0.229 seconds
[2023-04-02T10:46:18.502+0000] {processor.py:153} INFO - Started process (PID=5991) to work on /home/airflow/.local/lib/python3.7/site-packages/airflow/example_dags/example_trigger_target_dag.py
[2023-04-02T10:46:18.508+0000] {processor.py:743} INFO - Processing file /home/airflow/.local/lib/python3.7/site-packages/airflow/example_dags/example_trigger_target_dag.py for tasks to queue
[2023-04-02T10:46:18.513+0000] {logging_mixin.py:137} INFO - [2023-04-02T10:46:18.511+0000] {dagbag.py:532} INFO - Filling up the DagBag from /home/airflow/.local/lib/python3.7/site-packages/airflow/example_dags/example_trigger_target_dag.py
[2023-04-02T10:46:18.573+0000] {processor.py:753} INFO - DAG(s) dict_keys(['example_trigger_target_dag']) retrieved from /home/airflow/.local/lib/python3.7/site-packages/airflow/example_dags/example_trigger_target_dag.py
[2023-04-02T10:46:18.649+0000] {logging_mixin.py:137} INFO - [2023-04-02T10:46:18.648+0000] {dag.py:2705} INFO - Sync 1 DAGs
[2023-04-02T10:46:18.744+0000] {logging_mixin.py:137} INFO - [2023-04-02T10:46:18.744+0000] {dag.py:3456} INFO - Setting next_dagrun for example_trigger_target_dag to None, run_after=None
[2023-04-02T10:46:18.832+0000] {processor.py:175} INFO - Processing /home/airflow/.local/lib/python3.7/site-packages/airflow/example_dags/example_trigger_target_dag.py took 0.338 seconds
[2023-04-02T10:46:49.412+0000] {processor.py:153} INFO - Started process (PID=6210) to work on /home/airflow/.local/lib/python3.7/site-packages/airflow/example_dags/example_trigger_target_dag.py
[2023-04-02T10:46:49.422+0000] {processor.py:743} INFO - Processing file /home/airflow/.local/lib/python3.7/site-packages/airflow/example_dags/example_trigger_target_dag.py for tasks to queue
[2023-04-02T10:46:49.432+0000] {logging_mixin.py:137} INFO - [2023-04-02T10:46:49.429+0000] {dagbag.py:532} INFO - Filling up the DagBag from /home/airflow/.local/lib/python3.7/site-packages/airflow/example_dags/example_trigger_target_dag.py
[2023-04-02T10:46:49.532+0000] {processor.py:753} INFO - DAG(s) dict_keys(['example_trigger_target_dag']) retrieved from /home/airflow/.local/lib/python3.7/site-packages/airflow/example_dags/example_trigger_target_dag.py
[2023-04-02T10:46:49.628+0000] {logging_mixin.py:137} INFO - [2023-04-02T10:46:49.627+0000] {dag.py:2705} INFO - Sync 1 DAGs
[2023-04-02T10:46:49.727+0000] {logging_mixin.py:137} INFO - [2023-04-02T10:46:49.727+0000] {dag.py:3456} INFO - Setting next_dagrun for example_trigger_target_dag to None, run_after=None
[2023-04-02T10:46:49.827+0000] {processor.py:175} INFO - Processing /home/airflow/.local/lib/python3.7/site-packages/airflow/example_dags/example_trigger_target_dag.py took 0.426 seconds
[2023-04-02T10:47:20.085+0000] {processor.py:153} INFO - Started process (PID=6430) to work on /home/airflow/.local/lib/python3.7/site-packages/airflow/example_dags/example_trigger_target_dag.py
[2023-04-02T10:47:20.098+0000] {processor.py:743} INFO - Processing file /home/airflow/.local/lib/python3.7/site-packages/airflow/example_dags/example_trigger_target_dag.py for tasks to queue
[2023-04-02T10:47:20.112+0000] {logging_mixin.py:137} INFO - [2023-04-02T10:47:20.111+0000] {dagbag.py:532} INFO - Filling up the DagBag from /home/airflow/.local/lib/python3.7/site-packages/airflow/example_dags/example_trigger_target_dag.py
[2023-04-02T10:47:20.211+0000] {processor.py:753} INFO - DAG(s) dict_keys(['example_trigger_target_dag']) retrieved from /home/airflow/.local/lib/python3.7/site-packages/airflow/example_dags/example_trigger_target_dag.py
[2023-04-02T10:47:20.268+0000] {logging_mixin.py:137} INFO - [2023-04-02T10:47:20.268+0000] {dag.py:2705} INFO - Sync 1 DAGs
[2023-04-02T10:47:20.333+0000] {logging_mixin.py:137} INFO - [2023-04-02T10:47:20.332+0000] {dag.py:3456} INFO - Setting next_dagrun for example_trigger_target_dag to None, run_after=None
[2023-04-02T10:47:20.409+0000] {processor.py:175} INFO - Processing /home/airflow/.local/lib/python3.7/site-packages/airflow/example_dags/example_trigger_target_dag.py took 0.351 seconds
[2023-04-02T10:47:51.347+0000] {processor.py:153} INFO - Started process (PID=6648) to work on /home/airflow/.local/lib/python3.7/site-packages/airflow/example_dags/example_trigger_target_dag.py
[2023-04-02T10:47:51.352+0000] {processor.py:743} INFO - Processing file /home/airflow/.local/lib/python3.7/site-packages/airflow/example_dags/example_trigger_target_dag.py for tasks to queue
[2023-04-02T10:47:51.354+0000] {logging_mixin.py:137} INFO - [2023-04-02T10:47:51.354+0000] {dagbag.py:532} INFO - Filling up the DagBag from /home/airflow/.local/lib/python3.7/site-packages/airflow/example_dags/example_trigger_target_dag.py
[2023-04-02T10:47:51.416+0000] {processor.py:753} INFO - DAG(s) dict_keys(['example_trigger_target_dag']) retrieved from /home/airflow/.local/lib/python3.7/site-packages/airflow/example_dags/example_trigger_target_dag.py
[2023-04-02T10:47:51.476+0000] {logging_mixin.py:137} INFO - [2023-04-02T10:47:51.476+0000] {dag.py:2705} INFO - Sync 1 DAGs
[2023-04-02T10:47:51.528+0000] {logging_mixin.py:137} INFO - [2023-04-02T10:47:51.528+0000] {dag.py:3456} INFO - Setting next_dagrun for example_trigger_target_dag to None, run_after=None
[2023-04-02T10:47:51.570+0000] {processor.py:175} INFO - Processing /home/airflow/.local/lib/python3.7/site-packages/airflow/example_dags/example_trigger_target_dag.py took 0.230 seconds
[2023-04-02T10:48:21.930+0000] {processor.py:153} INFO - Started process (PID=6866) to work on /home/airflow/.local/lib/python3.7/site-packages/airflow/example_dags/example_trigger_target_dag.py
[2023-04-02T10:48:21.933+0000] {processor.py:743} INFO - Processing file /home/airflow/.local/lib/python3.7/site-packages/airflow/example_dags/example_trigger_target_dag.py for tasks to queue
[2023-04-02T10:48:21.937+0000] {logging_mixin.py:137} INFO - [2023-04-02T10:48:21.936+0000] {dagbag.py:532} INFO - Filling up the DagBag from /home/airflow/.local/lib/python3.7/site-packages/airflow/example_dags/example_trigger_target_dag.py
[2023-04-02T10:48:21.981+0000] {processor.py:753} INFO - DAG(s) dict_keys(['example_trigger_target_dag']) retrieved from /home/airflow/.local/lib/python3.7/site-packages/airflow/example_dags/example_trigger_target_dag.py
[2023-04-02T10:48:22.033+0000] {logging_mixin.py:137} INFO - [2023-04-02T10:48:22.032+0000] {dag.py:2705} INFO - Sync 1 DAGs
[2023-04-02T10:48:22.084+0000] {logging_mixin.py:137} INFO - [2023-04-02T10:48:22.083+0000] {dag.py:3456} INFO - Setting next_dagrun for example_trigger_target_dag to None, run_after=None
[2023-04-02T10:48:22.130+0000] {processor.py:175} INFO - Processing /home/airflow/.local/lib/python3.7/site-packages/airflow/example_dags/example_trigger_target_dag.py took 0.208 seconds
[2023-04-02T10:48:52.514+0000] {processor.py:153} INFO - Started process (PID=7084) to work on /home/airflow/.local/lib/python3.7/site-packages/airflow/example_dags/example_trigger_target_dag.py
[2023-04-02T10:48:52.518+0000] {processor.py:743} INFO - Processing file /home/airflow/.local/lib/python3.7/site-packages/airflow/example_dags/example_trigger_target_dag.py for tasks to queue
[2023-04-02T10:48:52.522+0000] {logging_mixin.py:137} INFO - [2023-04-02T10:48:52.521+0000] {dagbag.py:532} INFO - Filling up the DagBag from /home/airflow/.local/lib/python3.7/site-packages/airflow/example_dags/example_trigger_target_dag.py
[2023-04-02T10:48:52.567+0000] {processor.py:753} INFO - DAG(s) dict_keys(['example_trigger_target_dag']) retrieved from /home/airflow/.local/lib/python3.7/site-packages/airflow/example_dags/example_trigger_target_dag.py
[2023-04-02T10:48:52.635+0000] {logging_mixin.py:137} INFO - [2023-04-02T10:48:52.635+0000] {dag.py:2705} INFO - Sync 1 DAGs
[2023-04-02T10:48:52.677+0000] {logging_mixin.py:137} INFO - [2023-04-02T10:48:52.676+0000] {dag.py:3456} INFO - Setting next_dagrun for example_trigger_target_dag to None, run_after=None
[2023-04-02T10:48:52.738+0000] {processor.py:175} INFO - Processing /home/airflow/.local/lib/python3.7/site-packages/airflow/example_dags/example_trigger_target_dag.py took 0.235 seconds
[2023-04-02T10:49:23.214+0000] {processor.py:153} INFO - Started process (PID=7302) to work on /home/airflow/.local/lib/python3.7/site-packages/airflow/example_dags/example_trigger_target_dag.py
[2023-04-02T10:49:23.218+0000] {processor.py:743} INFO - Processing file /home/airflow/.local/lib/python3.7/site-packages/airflow/example_dags/example_trigger_target_dag.py for tasks to queue
[2023-04-02T10:49:23.222+0000] {logging_mixin.py:137} INFO - [2023-04-02T10:49:23.221+0000] {dagbag.py:532} INFO - Filling up the DagBag from /home/airflow/.local/lib/python3.7/site-packages/airflow/example_dags/example_trigger_target_dag.py
[2023-04-02T10:49:23.284+0000] {processor.py:753} INFO - DAG(s) dict_keys(['example_trigger_target_dag']) retrieved from /home/airflow/.local/lib/python3.7/site-packages/airflow/example_dags/example_trigger_target_dag.py
[2023-04-02T10:49:23.346+0000] {logging_mixin.py:137} INFO - [2023-04-02T10:49:23.345+0000] {dag.py:2705} INFO - Sync 1 DAGs
[2023-04-02T10:49:23.399+0000] {logging_mixin.py:137} INFO - [2023-04-02T10:49:23.399+0000] {dag.py:3456} INFO - Setting next_dagrun for example_trigger_target_dag to None, run_after=None
[2023-04-02T10:49:23.429+0000] {processor.py:175} INFO - Processing /home/airflow/.local/lib/python3.7/site-packages/airflow/example_dags/example_trigger_target_dag.py took 0.223 seconds
[2023-04-02T10:49:53.826+0000] {processor.py:153} INFO - Started process (PID=7520) to work on /home/airflow/.local/lib/python3.7/site-packages/airflow/example_dags/example_trigger_target_dag.py
[2023-04-02T10:49:53.832+0000] {processor.py:743} INFO - Processing file /home/airflow/.local/lib/python3.7/site-packages/airflow/example_dags/example_trigger_target_dag.py for tasks to queue
[2023-04-02T10:49:53.835+0000] {logging_mixin.py:137} INFO - [2023-04-02T10:49:53.835+0000] {dagbag.py:532} INFO - Filling up the DagBag from /home/airflow/.local/lib/python3.7/site-packages/airflow/example_dags/example_trigger_target_dag.py
[2023-04-02T10:49:53.886+0000] {processor.py:753} INFO - DAG(s) dict_keys(['example_trigger_target_dag']) retrieved from /home/airflow/.local/lib/python3.7/site-packages/airflow/example_dags/example_trigger_target_dag.py
[2023-04-02T10:49:53.922+0000] {logging_mixin.py:137} INFO - [2023-04-02T10:49:53.922+0000] {dag.py:2705} INFO - Sync 1 DAGs
[2023-04-02T10:49:53.958+0000] {logging_mixin.py:137} INFO - [2023-04-02T10:49:53.957+0000] {dag.py:3456} INFO - Setting next_dagrun for example_trigger_target_dag to None, run_after=None
[2023-04-02T10:49:53.999+0000] {processor.py:175} INFO - Processing /home/airflow/.local/lib/python3.7/site-packages/airflow/example_dags/example_trigger_target_dag.py took 0.180 seconds
[2023-04-02T10:50:24.373+0000] {processor.py:153} INFO - Started process (PID=7738) to work on /home/airflow/.local/lib/python3.7/site-packages/airflow/example_dags/example_trigger_target_dag.py
[2023-04-02T10:50:24.375+0000] {processor.py:743} INFO - Processing file /home/airflow/.local/lib/python3.7/site-packages/airflow/example_dags/example_trigger_target_dag.py for tasks to queue
[2023-04-02T10:50:24.380+0000] {logging_mixin.py:137} INFO - [2023-04-02T10:50:24.379+0000] {dagbag.py:532} INFO - Filling up the DagBag from /home/airflow/.local/lib/python3.7/site-packages/airflow/example_dags/example_trigger_target_dag.py
[2023-04-02T10:50:24.426+0000] {processor.py:753} INFO - DAG(s) dict_keys(['example_trigger_target_dag']) retrieved from /home/airflow/.local/lib/python3.7/site-packages/airflow/example_dags/example_trigger_target_dag.py
[2023-04-02T10:50:24.469+0000] {logging_mixin.py:137} INFO - [2023-04-02T10:50:24.469+0000] {dag.py:2705} INFO - Sync 1 DAGs
[2023-04-02T10:50:24.537+0000] {logging_mixin.py:137} INFO - [2023-04-02T10:50:24.536+0000] {dag.py:3456} INFO - Setting next_dagrun for example_trigger_target_dag to None, run_after=None
[2023-04-02T10:50:24.567+0000] {processor.py:175} INFO - Processing /home/airflow/.local/lib/python3.7/site-packages/airflow/example_dags/example_trigger_target_dag.py took 0.200 seconds
[2023-04-02T10:50:54.709+0000] {processor.py:153} INFO - Started process (PID=7955) to work on /home/airflow/.local/lib/python3.7/site-packages/airflow/example_dags/example_trigger_target_dag.py
[2023-04-02T10:50:54.713+0000] {processor.py:743} INFO - Processing file /home/airflow/.local/lib/python3.7/site-packages/airflow/example_dags/example_trigger_target_dag.py for tasks to queue
[2023-04-02T10:50:54.717+0000] {logging_mixin.py:137} INFO - [2023-04-02T10:50:54.717+0000] {dagbag.py:532} INFO - Filling up the DagBag from /home/airflow/.local/lib/python3.7/site-packages/airflow/example_dags/example_trigger_target_dag.py
[2023-04-02T10:50:54.776+0000] {processor.py:753} INFO - DAG(s) dict_keys(['example_trigger_target_dag']) retrieved from /home/airflow/.local/lib/python3.7/site-packages/airflow/example_dags/example_trigger_target_dag.py
[2023-04-02T10:50:54.851+0000] {logging_mixin.py:137} INFO - [2023-04-02T10:50:54.851+0000] {dag.py:2705} INFO - Sync 1 DAGs
[2023-04-02T10:50:54.914+0000] {logging_mixin.py:137} INFO - [2023-04-02T10:50:54.914+0000] {dag.py:3456} INFO - Setting next_dagrun for example_trigger_target_dag to None, run_after=None
[2023-04-02T10:50:54.960+0000] {processor.py:175} INFO - Processing /home/airflow/.local/lib/python3.7/site-packages/airflow/example_dags/example_trigger_target_dag.py took 0.258 seconds
[2023-04-02T10:51:25.610+0000] {processor.py:153} INFO - Started process (PID=8173) to work on /home/airflow/.local/lib/python3.7/site-packages/airflow/example_dags/example_trigger_target_dag.py
[2023-04-02T10:51:25.612+0000] {processor.py:743} INFO - Processing file /home/airflow/.local/lib/python3.7/site-packages/airflow/example_dags/example_trigger_target_dag.py for tasks to queue
[2023-04-02T10:51:25.615+0000] {logging_mixin.py:137} INFO - [2023-04-02T10:51:25.614+0000] {dagbag.py:532} INFO - Filling up the DagBag from /home/airflow/.local/lib/python3.7/site-packages/airflow/example_dags/example_trigger_target_dag.py
[2023-04-02T10:51:25.657+0000] {processor.py:753} INFO - DAG(s) dict_keys(['example_trigger_target_dag']) retrieved from /home/airflow/.local/lib/python3.7/site-packages/airflow/example_dags/example_trigger_target_dag.py
[2023-04-02T10:51:25.710+0000] {logging_mixin.py:137} INFO - [2023-04-02T10:51:25.710+0000] {dag.py:2705} INFO - Sync 1 DAGs
[2023-04-02T10:51:25.748+0000] {logging_mixin.py:137} INFO - [2023-04-02T10:51:25.747+0000] {dag.py:3456} INFO - Setting next_dagrun for example_trigger_target_dag to None, run_after=None
[2023-04-02T10:51:25.795+0000] {processor.py:175} INFO - Processing /home/airflow/.local/lib/python3.7/site-packages/airflow/example_dags/example_trigger_target_dag.py took 0.189 seconds
[2023-04-02T10:51:56.087+0000] {processor.py:153} INFO - Started process (PID=8391) to work on /home/airflow/.local/lib/python3.7/site-packages/airflow/example_dags/example_trigger_target_dag.py
[2023-04-02T10:51:56.090+0000] {processor.py:743} INFO - Processing file /home/airflow/.local/lib/python3.7/site-packages/airflow/example_dags/example_trigger_target_dag.py for tasks to queue
[2023-04-02T10:51:56.093+0000] {logging_mixin.py:137} INFO - [2023-04-02T10:51:56.093+0000] {dagbag.py:532} INFO - Filling up the DagBag from /home/airflow/.local/lib/python3.7/site-packages/airflow/example_dags/example_trigger_target_dag.py
[2023-04-02T10:51:56.149+0000] {processor.py:753} INFO - DAG(s) dict_keys(['example_trigger_target_dag']) retrieved from /home/airflow/.local/lib/python3.7/site-packages/airflow/example_dags/example_trigger_target_dag.py
[2023-04-02T10:51:56.192+0000] {logging_mixin.py:137} INFO - [2023-04-02T10:51:56.192+0000] {dag.py:2705} INFO - Sync 1 DAGs
[2023-04-02T10:51:56.241+0000] {logging_mixin.py:137} INFO - [2023-04-02T10:51:56.241+0000] {dag.py:3456} INFO - Setting next_dagrun for example_trigger_target_dag to None, run_after=None
[2023-04-02T10:51:56.283+0000] {processor.py:175} INFO - Processing /home/airflow/.local/lib/python3.7/site-packages/airflow/example_dags/example_trigger_target_dag.py took 0.204 seconds
[2023-04-02T10:52:26.728+0000] {processor.py:153} INFO - Started process (PID=8609) to work on /home/airflow/.local/lib/python3.7/site-packages/airflow/example_dags/example_trigger_target_dag.py
[2023-04-02T10:52:26.730+0000] {processor.py:743} INFO - Processing file /home/airflow/.local/lib/python3.7/site-packages/airflow/example_dags/example_trigger_target_dag.py for tasks to queue
[2023-04-02T10:52:26.739+0000] {logging_mixin.py:137} INFO - [2023-04-02T10:52:26.739+0000] {dagbag.py:532} INFO - Filling up the DagBag from /home/airflow/.local/lib/python3.7/site-packages/airflow/example_dags/example_trigger_target_dag.py
[2023-04-02T10:52:26.814+0000] {processor.py:753} INFO - DAG(s) dict_keys(['example_trigger_target_dag']) retrieved from /home/airflow/.local/lib/python3.7/site-packages/airflow/example_dags/example_trigger_target_dag.py
[2023-04-02T10:52:26.872+0000] {logging_mixin.py:137} INFO - [2023-04-02T10:52:26.871+0000] {dag.py:2705} INFO - Sync 1 DAGs
[2023-04-02T10:52:26.937+0000] {logging_mixin.py:137} INFO - [2023-04-02T10:52:26.936+0000] {dag.py:3456} INFO - Setting next_dagrun for example_trigger_target_dag to None, run_after=None
[2023-04-02T10:52:26.973+0000] {processor.py:175} INFO - Processing /home/airflow/.local/lib/python3.7/site-packages/airflow/example_dags/example_trigger_target_dag.py took 0.250 seconds
[2023-04-02T10:52:57.702+0000] {processor.py:153} INFO - Started process (PID=8828) to work on /home/airflow/.local/lib/python3.7/site-packages/airflow/example_dags/example_trigger_target_dag.py
[2023-04-02T10:52:57.704+0000] {processor.py:743} INFO - Processing file /home/airflow/.local/lib/python3.7/site-packages/airflow/example_dags/example_trigger_target_dag.py for tasks to queue
[2023-04-02T10:52:57.706+0000] {logging_mixin.py:137} INFO - [2023-04-02T10:52:57.706+0000] {dagbag.py:532} INFO - Filling up the DagBag from /home/airflow/.local/lib/python3.7/site-packages/airflow/example_dags/example_trigger_target_dag.py
[2023-04-02T10:52:57.748+0000] {processor.py:753} INFO - DAG(s) dict_keys(['example_trigger_target_dag']) retrieved from /home/airflow/.local/lib/python3.7/site-packages/airflow/example_dags/example_trigger_target_dag.py
[2023-04-02T10:52:57.800+0000] {logging_mixin.py:137} INFO - [2023-04-02T10:52:57.800+0000] {dag.py:2705} INFO - Sync 1 DAGs
[2023-04-02T10:52:57.850+0000] {logging_mixin.py:137} INFO - [2023-04-02T10:52:57.850+0000] {dag.py:3456} INFO - Setting next_dagrun for example_trigger_target_dag to None, run_after=None
[2023-04-02T10:52:57.876+0000] {processor.py:175} INFO - Processing /home/airflow/.local/lib/python3.7/site-packages/airflow/example_dags/example_trigger_target_dag.py took 0.182 seconds
[2023-04-02T10:53:28.107+0000] {processor.py:153} INFO - Started process (PID=9046) to work on /home/airflow/.local/lib/python3.7/site-packages/airflow/example_dags/example_trigger_target_dag.py
[2023-04-02T10:53:28.109+0000] {processor.py:743} INFO - Processing file /home/airflow/.local/lib/python3.7/site-packages/airflow/example_dags/example_trigger_target_dag.py for tasks to queue
[2023-04-02T10:53:28.113+0000] {logging_mixin.py:137} INFO - [2023-04-02T10:53:28.113+0000] {dagbag.py:532} INFO - Filling up the DagBag from /home/airflow/.local/lib/python3.7/site-packages/airflow/example_dags/example_trigger_target_dag.py
[2023-04-02T10:53:28.152+0000] {processor.py:753} INFO - DAG(s) dict_keys(['example_trigger_target_dag']) retrieved from /home/airflow/.local/lib/python3.7/site-packages/airflow/example_dags/example_trigger_target_dag.py
[2023-04-02T10:53:28.192+0000] {logging_mixin.py:137} INFO - [2023-04-02T10:53:28.192+0000] {dag.py:2705} INFO - Sync 1 DAGs
[2023-04-02T10:53:28.225+0000] {logging_mixin.py:137} INFO - [2023-04-02T10:53:28.225+0000] {dag.py:3456} INFO - Setting next_dagrun for example_trigger_target_dag to None, run_after=None
[2023-04-02T10:53:28.258+0000] {processor.py:175} INFO - Processing /home/airflow/.local/lib/python3.7/site-packages/airflow/example_dags/example_trigger_target_dag.py took 0.160 seconds
[2023-04-02T10:53:58.512+0000] {processor.py:153} INFO - Started process (PID=9264) to work on /home/airflow/.local/lib/python3.7/site-packages/airflow/example_dags/example_trigger_target_dag.py
[2023-04-02T10:53:58.516+0000] {processor.py:743} INFO - Processing file /home/airflow/.local/lib/python3.7/site-packages/airflow/example_dags/example_trigger_target_dag.py for tasks to queue
[2023-04-02T10:53:58.521+0000] {logging_mixin.py:137} INFO - [2023-04-02T10:53:58.519+0000] {dagbag.py:532} INFO - Filling up the DagBag from /home/airflow/.local/lib/python3.7/site-packages/airflow/example_dags/example_trigger_target_dag.py
[2023-04-02T10:53:58.575+0000] {processor.py:753} INFO - DAG(s) dict_keys(['example_trigger_target_dag']) retrieved from /home/airflow/.local/lib/python3.7/site-packages/airflow/example_dags/example_trigger_target_dag.py
[2023-04-02T10:53:58.617+0000] {logging_mixin.py:137} INFO - [2023-04-02T10:53:58.616+0000] {dag.py:2705} INFO - Sync 1 DAGs
[2023-04-02T10:53:58.666+0000] {logging_mixin.py:137} INFO - [2023-04-02T10:53:58.666+0000] {dag.py:3456} INFO - Setting next_dagrun for example_trigger_target_dag to None, run_after=None
[2023-04-02T10:53:58.705+0000] {processor.py:175} INFO - Processing /home/airflow/.local/lib/python3.7/site-packages/airflow/example_dags/example_trigger_target_dag.py took 0.206 seconds
[2023-04-02T10:54:29.000+0000] {processor.py:153} INFO - Started process (PID=9480) to work on /home/airflow/.local/lib/python3.7/site-packages/airflow/example_dags/example_trigger_target_dag.py
[2023-04-02T10:54:29.002+0000] {processor.py:743} INFO - Processing file /home/airflow/.local/lib/python3.7/site-packages/airflow/example_dags/example_trigger_target_dag.py for tasks to queue
[2023-04-02T10:54:29.004+0000] {logging_mixin.py:137} INFO - [2023-04-02T10:54:29.004+0000] {dagbag.py:532} INFO - Filling up the DagBag from /home/airflow/.local/lib/python3.7/site-packages/airflow/example_dags/example_trigger_target_dag.py
[2023-04-02T10:54:29.052+0000] {processor.py:753} INFO - DAG(s) dict_keys(['example_trigger_target_dag']) retrieved from /home/airflow/.local/lib/python3.7/site-packages/airflow/example_dags/example_trigger_target_dag.py
[2023-04-02T10:54:29.125+0000] {logging_mixin.py:137} INFO - [2023-04-02T10:54:29.125+0000] {dag.py:2705} INFO - Sync 1 DAGs
[2023-04-02T10:54:29.181+0000] {logging_mixin.py:137} INFO - [2023-04-02T10:54:29.181+0000] {dag.py:3456} INFO - Setting next_dagrun for example_trigger_target_dag to None, run_after=None
[2023-04-02T10:54:29.232+0000] {processor.py:175} INFO - Processing /home/airflow/.local/lib/python3.7/site-packages/airflow/example_dags/example_trigger_target_dag.py took 0.240 seconds
[2023-04-02T10:54:59.345+0000] {processor.py:153} INFO - Started process (PID=9698) to work on /home/airflow/.local/lib/python3.7/site-packages/airflow/example_dags/example_trigger_target_dag.py
[2023-04-02T10:54:59.347+0000] {processor.py:743} INFO - Processing file /home/airflow/.local/lib/python3.7/site-packages/airflow/example_dags/example_trigger_target_dag.py for tasks to queue
[2023-04-02T10:54:59.350+0000] {logging_mixin.py:137} INFO - [2023-04-02T10:54:59.348+0000] {dagbag.py:532} INFO - Filling up the DagBag from /home/airflow/.local/lib/python3.7/site-packages/airflow/example_dags/example_trigger_target_dag.py
[2023-04-02T10:54:59.401+0000] {processor.py:753} INFO - DAG(s) dict_keys(['example_trigger_target_dag']) retrieved from /home/airflow/.local/lib/python3.7/site-packages/airflow/example_dags/example_trigger_target_dag.py
[2023-04-02T10:54:59.456+0000] {logging_mixin.py:137} INFO - [2023-04-02T10:54:59.455+0000] {dag.py:2705} INFO - Sync 1 DAGs
[2023-04-02T10:54:59.512+0000] {logging_mixin.py:137} INFO - [2023-04-02T10:54:59.512+0000] {dag.py:3456} INFO - Setting next_dagrun for example_trigger_target_dag to None, run_after=None
[2023-04-02T10:54:59.549+0000] {processor.py:175} INFO - Processing /home/airflow/.local/lib/python3.7/site-packages/airflow/example_dags/example_trigger_target_dag.py took 0.210 seconds
[2023-04-02T10:55:30.070+0000] {processor.py:153} INFO - Started process (PID=9918) to work on /home/airflow/.local/lib/python3.7/site-packages/airflow/example_dags/example_trigger_target_dag.py
[2023-04-02T10:55:30.074+0000] {processor.py:743} INFO - Processing file /home/airflow/.local/lib/python3.7/site-packages/airflow/example_dags/example_trigger_target_dag.py for tasks to queue
[2023-04-02T10:55:30.078+0000] {logging_mixin.py:137} INFO - [2023-04-02T10:55:30.078+0000] {dagbag.py:532} INFO - Filling up the DagBag from /home/airflow/.local/lib/python3.7/site-packages/airflow/example_dags/example_trigger_target_dag.py
[2023-04-02T10:55:30.117+0000] {processor.py:753} INFO - DAG(s) dict_keys(['example_trigger_target_dag']) retrieved from /home/airflow/.local/lib/python3.7/site-packages/airflow/example_dags/example_trigger_target_dag.py
[2023-04-02T10:55:30.166+0000] {logging_mixin.py:137} INFO - [2023-04-02T10:55:30.166+0000] {dag.py:2705} INFO - Sync 1 DAGs
[2023-04-02T10:55:30.208+0000] {logging_mixin.py:137} INFO - [2023-04-02T10:55:30.208+0000] {dag.py:3456} INFO - Setting next_dagrun for example_trigger_target_dag to None, run_after=None
[2023-04-02T10:55:30.238+0000] {processor.py:175} INFO - Processing /home/airflow/.local/lib/python3.7/site-packages/airflow/example_dags/example_trigger_target_dag.py took 0.173 seconds
[2023-04-02T10:56:01.519+0000] {processor.py:153} INFO - Started process (PID=10134) to work on /home/airflow/.local/lib/python3.7/site-packages/airflow/example_dags/example_trigger_target_dag.py
[2023-04-02T10:56:01.521+0000] {processor.py:743} INFO - Processing file /home/airflow/.local/lib/python3.7/site-packages/airflow/example_dags/example_trigger_target_dag.py for tasks to queue
[2023-04-02T10:56:01.524+0000] {logging_mixin.py:137} INFO - [2023-04-02T10:56:01.524+0000] {dagbag.py:532} INFO - Filling up the DagBag from /home/airflow/.local/lib/python3.7/site-packages/airflow/example_dags/example_trigger_target_dag.py
[2023-04-02T10:56:01.567+0000] {processor.py:753} INFO - DAG(s) dict_keys(['example_trigger_target_dag']) retrieved from /home/airflow/.local/lib/python3.7/site-packages/airflow/example_dags/example_trigger_target_dag.py
[2023-04-02T10:56:01.614+0000] {logging_mixin.py:137} INFO - [2023-04-02T10:56:01.613+0000] {dag.py:2705} INFO - Sync 1 DAGs
[2023-04-02T10:56:01.662+0000] {logging_mixin.py:137} INFO - [2023-04-02T10:56:01.661+0000] {dag.py:3456} INFO - Setting next_dagrun for example_trigger_target_dag to None, run_after=None
[2023-04-02T10:56:01.694+0000] {processor.py:175} INFO - Processing /home/airflow/.local/lib/python3.7/site-packages/airflow/example_dags/example_trigger_target_dag.py took 0.183 seconds
[2023-04-02T10:56:32.020+0000] {processor.py:153} INFO - Started process (PID=10354) to work on /home/airflow/.local/lib/python3.7/site-packages/airflow/example_dags/example_trigger_target_dag.py
[2023-04-02T10:56:32.022+0000] {processor.py:743} INFO - Processing file /home/airflow/.local/lib/python3.7/site-packages/airflow/example_dags/example_trigger_target_dag.py for tasks to queue
[2023-04-02T10:56:32.025+0000] {logging_mixin.py:137} INFO - [2023-04-02T10:56:32.025+0000] {dagbag.py:532} INFO - Filling up the DagBag from /home/airflow/.local/lib/python3.7/site-packages/airflow/example_dags/example_trigger_target_dag.py
[2023-04-02T10:56:32.062+0000] {processor.py:753} INFO - DAG(s) dict_keys(['example_trigger_target_dag']) retrieved from /home/airflow/.local/lib/python3.7/site-packages/airflow/example_dags/example_trigger_target_dag.py
[2023-04-02T10:56:32.103+0000] {logging_mixin.py:137} INFO - [2023-04-02T10:56:32.102+0000] {dag.py:2705} INFO - Sync 1 DAGs
[2023-04-02T10:56:32.141+0000] {logging_mixin.py:137} INFO - [2023-04-02T10:56:32.141+0000] {dag.py:3456} INFO - Setting next_dagrun for example_trigger_target_dag to None, run_after=None
[2023-04-02T10:56:32.175+0000] {processor.py:175} INFO - Processing /home/airflow/.local/lib/python3.7/site-packages/airflow/example_dags/example_trigger_target_dag.py took 0.161 seconds
[2023-04-02T10:57:02.806+0000] {processor.py:153} INFO - Started process (PID=10570) to work on /home/airflow/.local/lib/python3.7/site-packages/airflow/example_dags/example_trigger_target_dag.py
[2023-04-02T10:57:02.808+0000] {processor.py:743} INFO - Processing file /home/airflow/.local/lib/python3.7/site-packages/airflow/example_dags/example_trigger_target_dag.py for tasks to queue
[2023-04-02T10:57:02.812+0000] {logging_mixin.py:137} INFO - [2023-04-02T10:57:02.812+0000] {dagbag.py:532} INFO - Filling up the DagBag from /home/airflow/.local/lib/python3.7/site-packages/airflow/example_dags/example_trigger_target_dag.py
[2023-04-02T10:57:02.861+0000] {processor.py:753} INFO - DAG(s) dict_keys(['example_trigger_target_dag']) retrieved from /home/airflow/.local/lib/python3.7/site-packages/airflow/example_dags/example_trigger_target_dag.py
[2023-04-02T10:57:02.916+0000] {logging_mixin.py:137} INFO - [2023-04-02T10:57:02.915+0000] {dag.py:2705} INFO - Sync 1 DAGs
[2023-04-02T10:57:02.973+0000] {logging_mixin.py:137} INFO - [2023-04-02T10:57:02.973+0000] {dag.py:3456} INFO - Setting next_dagrun for example_trigger_target_dag to None, run_after=None
[2023-04-02T10:57:03.014+0000] {processor.py:175} INFO - Processing /home/airflow/.local/lib/python3.7/site-packages/airflow/example_dags/example_trigger_target_dag.py took 0.215 seconds
[2023-04-02T10:57:33.906+0000] {processor.py:153} INFO - Started process (PID=10788) to work on /home/airflow/.local/lib/python3.7/site-packages/airflow/example_dags/example_trigger_target_dag.py
[2023-04-02T10:57:33.911+0000] {processor.py:743} INFO - Processing file /home/airflow/.local/lib/python3.7/site-packages/airflow/example_dags/example_trigger_target_dag.py for tasks to queue
[2023-04-02T10:57:33.915+0000] {logging_mixin.py:137} INFO - [2023-04-02T10:57:33.915+0000] {dagbag.py:532} INFO - Filling up the DagBag from /home/airflow/.local/lib/python3.7/site-packages/airflow/example_dags/example_trigger_target_dag.py
[2023-04-02T10:57:33.999+0000] {processor.py:753} INFO - DAG(s) dict_keys(['example_trigger_target_dag']) retrieved from /home/airflow/.local/lib/python3.7/site-packages/airflow/example_dags/example_trigger_target_dag.py
[2023-04-02T10:57:34.044+0000] {logging_mixin.py:137} INFO - [2023-04-02T10:57:34.044+0000] {dag.py:2705} INFO - Sync 1 DAGs
[2023-04-02T10:57:34.088+0000] {logging_mixin.py:137} INFO - [2023-04-02T10:57:34.088+0000] {dag.py:3456} INFO - Setting next_dagrun for example_trigger_target_dag to None, run_after=None
[2023-04-02T10:57:34.145+0000] {processor.py:175} INFO - Processing /home/airflow/.local/lib/python3.7/site-packages/airflow/example_dags/example_trigger_target_dag.py took 0.250 seconds
[2023-04-02T10:58:04.815+0000] {processor.py:153} INFO - Started process (PID=11008) to work on /home/airflow/.local/lib/python3.7/site-packages/airflow/example_dags/example_trigger_target_dag.py
[2023-04-02T10:58:04.817+0000] {processor.py:743} INFO - Processing file /home/airflow/.local/lib/python3.7/site-packages/airflow/example_dags/example_trigger_target_dag.py for tasks to queue
[2023-04-02T10:58:04.819+0000] {logging_mixin.py:137} INFO - [2023-04-02T10:58:04.819+0000] {dagbag.py:532} INFO - Filling up the DagBag from /home/airflow/.local/lib/python3.7/site-packages/airflow/example_dags/example_trigger_target_dag.py
[2023-04-02T10:58:04.849+0000] {processor.py:753} INFO - DAG(s) dict_keys(['example_trigger_target_dag']) retrieved from /home/airflow/.local/lib/python3.7/site-packages/airflow/example_dags/example_trigger_target_dag.py
[2023-04-02T10:58:04.882+0000] {logging_mixin.py:137} INFO - [2023-04-02T10:58:04.882+0000] {dag.py:2705} INFO - Sync 1 DAGs
[2023-04-02T10:58:04.916+0000] {logging_mixin.py:137} INFO - [2023-04-02T10:58:04.916+0000] {dag.py:3456} INFO - Setting next_dagrun for example_trigger_target_dag to None, run_after=None
[2023-04-02T10:58:04.947+0000] {processor.py:175} INFO - Processing /home/airflow/.local/lib/python3.7/site-packages/airflow/example_dags/example_trigger_target_dag.py took 0.136 seconds
[2023-04-02T10:58:35.187+0000] {processor.py:153} INFO - Started process (PID=11226) to work on /home/airflow/.local/lib/python3.7/site-packages/airflow/example_dags/example_trigger_target_dag.py
[2023-04-02T10:58:35.190+0000] {processor.py:743} INFO - Processing file /home/airflow/.local/lib/python3.7/site-packages/airflow/example_dags/example_trigger_target_dag.py for tasks to queue
[2023-04-02T10:58:35.192+0000] {logging_mixin.py:137} INFO - [2023-04-02T10:58:35.191+0000] {dagbag.py:532} INFO - Filling up the DagBag from /home/airflow/.local/lib/python3.7/site-packages/airflow/example_dags/example_trigger_target_dag.py
[2023-04-02T10:58:35.226+0000] {processor.py:753} INFO - DAG(s) dict_keys(['example_trigger_target_dag']) retrieved from /home/airflow/.local/lib/python3.7/site-packages/airflow/example_dags/example_trigger_target_dag.py
[2023-04-02T10:58:35.258+0000] {logging_mixin.py:137} INFO - [2023-04-02T10:58:35.258+0000] {dag.py:2705} INFO - Sync 1 DAGs
[2023-04-02T10:58:35.293+0000] {logging_mixin.py:137} INFO - [2023-04-02T10:58:35.293+0000] {dag.py:3456} INFO - Setting next_dagrun for example_trigger_target_dag to None, run_after=None
[2023-04-02T10:58:35.317+0000] {processor.py:175} INFO - Processing /home/airflow/.local/lib/python3.7/site-packages/airflow/example_dags/example_trigger_target_dag.py took 0.136 seconds
[2023-04-02T10:59:05.846+0000] {processor.py:153} INFO - Started process (PID=11442) to work on /home/airflow/.local/lib/python3.7/site-packages/airflow/example_dags/example_trigger_target_dag.py
[2023-04-02T10:59:05.848+0000] {processor.py:743} INFO - Processing file /home/airflow/.local/lib/python3.7/site-packages/airflow/example_dags/example_trigger_target_dag.py for tasks to queue
[2023-04-02T10:59:05.850+0000] {logging_mixin.py:137} INFO - [2023-04-02T10:59:05.850+0000] {dagbag.py:532} INFO - Filling up the DagBag from /home/airflow/.local/lib/python3.7/site-packages/airflow/example_dags/example_trigger_target_dag.py
[2023-04-02T10:59:05.887+0000] {processor.py:753} INFO - DAG(s) dict_keys(['example_trigger_target_dag']) retrieved from /home/airflow/.local/lib/python3.7/site-packages/airflow/example_dags/example_trigger_target_dag.py
[2023-04-02T10:59:05.930+0000] {logging_mixin.py:137} INFO - [2023-04-02T10:59:05.930+0000] {dag.py:2705} INFO - Sync 1 DAGs
[2023-04-02T10:59:05.968+0000] {logging_mixin.py:137} INFO - [2023-04-02T10:59:05.968+0000] {dag.py:3456} INFO - Setting next_dagrun for example_trigger_target_dag to None, run_after=None
[2023-04-02T10:59:06.005+0000] {processor.py:175} INFO - Processing /home/airflow/.local/lib/python3.7/site-packages/airflow/example_dags/example_trigger_target_dag.py took 0.166 seconds
[2023-04-02T10:59:37.091+0000] {processor.py:153} INFO - Started process (PID=11660) to work on /home/airflow/.local/lib/python3.7/site-packages/airflow/example_dags/example_trigger_target_dag.py
[2023-04-02T10:59:37.096+0000] {processor.py:743} INFO - Processing file /home/airflow/.local/lib/python3.7/site-packages/airflow/example_dags/example_trigger_target_dag.py for tasks to queue
[2023-04-02T10:59:37.098+0000] {logging_mixin.py:137} INFO - [2023-04-02T10:59:37.098+0000] {dagbag.py:532} INFO - Filling up the DagBag from /home/airflow/.local/lib/python3.7/site-packages/airflow/example_dags/example_trigger_target_dag.py
[2023-04-02T10:59:37.150+0000] {processor.py:753} INFO - DAG(s) dict_keys(['example_trigger_target_dag']) retrieved from /home/airflow/.local/lib/python3.7/site-packages/airflow/example_dags/example_trigger_target_dag.py
[2023-04-02T10:59:37.218+0000] {logging_mixin.py:137} INFO - [2023-04-02T10:59:37.217+0000] {dag.py:2705} INFO - Sync 1 DAGs
[2023-04-02T10:59:37.275+0000] {logging_mixin.py:137} INFO - [2023-04-02T10:59:37.274+0000] {dag.py:3456} INFO - Setting next_dagrun for example_trigger_target_dag to None, run_after=None
[2023-04-02T10:59:37.316+0000] {processor.py:175} INFO - Processing /home/airflow/.local/lib/python3.7/site-packages/airflow/example_dags/example_trigger_target_dag.py took 0.233 seconds
[2023-04-02T11:00:07.530+0000] {processor.py:153} INFO - Started process (PID=11878) to work on /home/airflow/.local/lib/python3.7/site-packages/airflow/example_dags/example_trigger_target_dag.py
[2023-04-02T11:00:07.532+0000] {processor.py:743} INFO - Processing file /home/airflow/.local/lib/python3.7/site-packages/airflow/example_dags/example_trigger_target_dag.py for tasks to queue
[2023-04-02T11:00:07.540+0000] {logging_mixin.py:137} INFO - [2023-04-02T11:00:07.540+0000] {dagbag.py:532} INFO - Filling up the DagBag from /home/airflow/.local/lib/python3.7/site-packages/airflow/example_dags/example_trigger_target_dag.py
[2023-04-02T11:00:07.583+0000] {processor.py:753} INFO - DAG(s) dict_keys(['example_trigger_target_dag']) retrieved from /home/airflow/.local/lib/python3.7/site-packages/airflow/example_dags/example_trigger_target_dag.py
[2023-04-02T11:00:07.635+0000] {logging_mixin.py:137} INFO - [2023-04-02T11:00:07.635+0000] {dag.py:2705} INFO - Sync 1 DAGs
[2023-04-02T11:00:07.690+0000] {logging_mixin.py:137} INFO - [2023-04-02T11:00:07.690+0000] {dag.py:3456} INFO - Setting next_dagrun for example_trigger_target_dag to None, run_after=None
[2023-04-02T11:00:07.732+0000] {processor.py:175} INFO - Processing /home/airflow/.local/lib/python3.7/site-packages/airflow/example_dags/example_trigger_target_dag.py took 0.208 seconds
[2023-04-02T11:00:37.794+0000] {processor.py:153} INFO - Started process (PID=12096) to work on /home/airflow/.local/lib/python3.7/site-packages/airflow/example_dags/example_trigger_target_dag.py
[2023-04-02T11:00:37.796+0000] {processor.py:743} INFO - Processing file /home/airflow/.local/lib/python3.7/site-packages/airflow/example_dags/example_trigger_target_dag.py for tasks to queue
[2023-04-02T11:00:37.801+0000] {logging_mixin.py:137} INFO - [2023-04-02T11:00:37.801+0000] {dagbag.py:532} INFO - Filling up the DagBag from /home/airflow/.local/lib/python3.7/site-packages/airflow/example_dags/example_trigger_target_dag.py
[2023-04-02T11:00:37.855+0000] {processor.py:753} INFO - DAG(s) dict_keys(['example_trigger_target_dag']) retrieved from /home/airflow/.local/lib/python3.7/site-packages/airflow/example_dags/example_trigger_target_dag.py
[2023-04-02T11:00:37.931+0000] {logging_mixin.py:137} INFO - [2023-04-02T11:00:37.930+0000] {dag.py:2705} INFO - Sync 1 DAGs
[2023-04-02T11:00:37.987+0000] {logging_mixin.py:137} INFO - [2023-04-02T11:00:37.986+0000] {dag.py:3456} INFO - Setting next_dagrun for example_trigger_target_dag to None, run_after=None
[2023-04-02T11:00:38.025+0000] {processor.py:175} INFO - Processing /home/airflow/.local/lib/python3.7/site-packages/airflow/example_dags/example_trigger_target_dag.py took 0.243 seconds
[2023-04-02T11:01:08.882+0000] {processor.py:153} INFO - Started process (PID=12314) to work on /home/airflow/.local/lib/python3.7/site-packages/airflow/example_dags/example_trigger_target_dag.py
[2023-04-02T11:01:08.890+0000] {processor.py:743} INFO - Processing file /home/airflow/.local/lib/python3.7/site-packages/airflow/example_dags/example_trigger_target_dag.py for tasks to queue
[2023-04-02T11:01:08.894+0000] {logging_mixin.py:137} INFO - [2023-04-02T11:01:08.894+0000] {dagbag.py:532} INFO - Filling up the DagBag from /home/airflow/.local/lib/python3.7/site-packages/airflow/example_dags/example_trigger_target_dag.py
[2023-04-02T11:01:08.953+0000] {processor.py:753} INFO - DAG(s) dict_keys(['example_trigger_target_dag']) retrieved from /home/airflow/.local/lib/python3.7/site-packages/airflow/example_dags/example_trigger_target_dag.py
[2023-04-02T11:01:09.005+0000] {logging_mixin.py:137} INFO - [2023-04-02T11:01:09.005+0000] {dag.py:2705} INFO - Sync 1 DAGs
[2023-04-02T11:01:09.078+0000] {logging_mixin.py:137} INFO - [2023-04-02T11:01:09.077+0000] {dag.py:3456} INFO - Setting next_dagrun for example_trigger_target_dag to None, run_after=None
[2023-04-02T11:01:09.117+0000] {processor.py:175} INFO - Processing /home/airflow/.local/lib/python3.7/site-packages/airflow/example_dags/example_trigger_target_dag.py took 0.244 seconds
[2023-04-02T11:01:39.804+0000] {processor.py:153} INFO - Started process (PID=12532) to work on /home/airflow/.local/lib/python3.7/site-packages/airflow/example_dags/example_trigger_target_dag.py
[2023-04-02T11:01:39.806+0000] {processor.py:743} INFO - Processing file /home/airflow/.local/lib/python3.7/site-packages/airflow/example_dags/example_trigger_target_dag.py for tasks to queue
[2023-04-02T11:01:39.808+0000] {logging_mixin.py:137} INFO - [2023-04-02T11:01:39.807+0000] {dagbag.py:532} INFO - Filling up the DagBag from /home/airflow/.local/lib/python3.7/site-packages/airflow/example_dags/example_trigger_target_dag.py
[2023-04-02T11:01:39.860+0000] {processor.py:753} INFO - DAG(s) dict_keys(['example_trigger_target_dag']) retrieved from /home/airflow/.local/lib/python3.7/site-packages/airflow/example_dags/example_trigger_target_dag.py
[2023-04-02T11:01:39.925+0000] {logging_mixin.py:137} INFO - [2023-04-02T11:01:39.925+0000] {dag.py:2705} INFO - Sync 1 DAGs
[2023-04-02T11:01:39.975+0000] {logging_mixin.py:137} INFO - [2023-04-02T11:01:39.975+0000] {dag.py:3456} INFO - Setting next_dagrun for example_trigger_target_dag to None, run_after=None
[2023-04-02T11:01:40.020+0000] {processor.py:175} INFO - Processing /home/airflow/.local/lib/python3.7/site-packages/airflow/example_dags/example_trigger_target_dag.py took 0.223 seconds
[2023-04-02T11:02:10.247+0000] {processor.py:153} INFO - Started process (PID=12752) to work on /home/airflow/.local/lib/python3.7/site-packages/airflow/example_dags/example_trigger_target_dag.py
[2023-04-02T11:02:10.250+0000] {processor.py:743} INFO - Processing file /home/airflow/.local/lib/python3.7/site-packages/airflow/example_dags/example_trigger_target_dag.py for tasks to queue
[2023-04-02T11:02:10.252+0000] {logging_mixin.py:137} INFO - [2023-04-02T11:02:10.252+0000] {dagbag.py:532} INFO - Filling up the DagBag from /home/airflow/.local/lib/python3.7/site-packages/airflow/example_dags/example_trigger_target_dag.py
[2023-04-02T11:02:10.298+0000] {processor.py:753} INFO - DAG(s) dict_keys(['example_trigger_target_dag']) retrieved from /home/airflow/.local/lib/python3.7/site-packages/airflow/example_dags/example_trigger_target_dag.py
[2023-04-02T11:02:10.365+0000] {logging_mixin.py:137} INFO - [2023-04-02T11:02:10.365+0000] {dag.py:2705} INFO - Sync 1 DAGs
[2023-04-02T11:02:10.414+0000] {logging_mixin.py:137} INFO - [2023-04-02T11:02:10.414+0000] {dag.py:3456} INFO - Setting next_dagrun for example_trigger_target_dag to None, run_after=None
[2023-04-02T11:02:10.455+0000] {processor.py:175} INFO - Processing /home/airflow/.local/lib/python3.7/site-packages/airflow/example_dags/example_trigger_target_dag.py took 0.215 seconds
[2023-04-02T11:02:41.103+0000] {processor.py:153} INFO - Started process (PID=12968) to work on /home/airflow/.local/lib/python3.7/site-packages/airflow/example_dags/example_trigger_target_dag.py
[2023-04-02T11:02:41.104+0000] {processor.py:743} INFO - Processing file /home/airflow/.local/lib/python3.7/site-packages/airflow/example_dags/example_trigger_target_dag.py for tasks to queue
[2023-04-02T11:02:41.108+0000] {logging_mixin.py:137} INFO - [2023-04-02T11:02:41.107+0000] {dagbag.py:532} INFO - Filling up the DagBag from /home/airflow/.local/lib/python3.7/site-packages/airflow/example_dags/example_trigger_target_dag.py
[2023-04-02T11:02:41.168+0000] {processor.py:753} INFO - DAG(s) dict_keys(['example_trigger_target_dag']) retrieved from /home/airflow/.local/lib/python3.7/site-packages/airflow/example_dags/example_trigger_target_dag.py
[2023-04-02T11:02:41.224+0000] {logging_mixin.py:137} INFO - [2023-04-02T11:02:41.223+0000] {dag.py:2705} INFO - Sync 1 DAGs
[2023-04-02T11:02:41.293+0000] {logging_mixin.py:137} INFO - [2023-04-02T11:02:41.293+0000] {dag.py:3456} INFO - Setting next_dagrun for example_trigger_target_dag to None, run_after=None
[2023-04-02T11:02:41.348+0000] {processor.py:175} INFO - Processing /home/airflow/.local/lib/python3.7/site-packages/airflow/example_dags/example_trigger_target_dag.py took 0.252 seconds
[2023-04-02T11:03:11.916+0000] {processor.py:153} INFO - Started process (PID=13193) to work on /home/airflow/.local/lib/python3.7/site-packages/airflow/example_dags/example_trigger_target_dag.py
[2023-04-02T11:03:11.918+0000] {processor.py:743} INFO - Processing file /home/airflow/.local/lib/python3.7/site-packages/airflow/example_dags/example_trigger_target_dag.py for tasks to queue
[2023-04-02T11:03:11.923+0000] {logging_mixin.py:137} INFO - [2023-04-02T11:03:11.920+0000] {dagbag.py:532} INFO - Filling up the DagBag from /home/airflow/.local/lib/python3.7/site-packages/airflow/example_dags/example_trigger_target_dag.py
[2023-04-02T11:03:11.962+0000] {processor.py:753} INFO - DAG(s) dict_keys(['example_trigger_target_dag']) retrieved from /home/airflow/.local/lib/python3.7/site-packages/airflow/example_dags/example_trigger_target_dag.py
[2023-04-02T11:03:12.014+0000] {logging_mixin.py:137} INFO - [2023-04-02T11:03:12.013+0000] {dag.py:2705} INFO - Sync 1 DAGs
[2023-04-02T11:03:12.072+0000] {logging_mixin.py:137} INFO - [2023-04-02T11:03:12.072+0000] {dag.py:3456} INFO - Setting next_dagrun for example_trigger_target_dag to None, run_after=None
[2023-04-02T11:03:12.121+0000] {processor.py:175} INFO - Processing /home/airflow/.local/lib/python3.7/site-packages/airflow/example_dags/example_trigger_target_dag.py took 0.210 seconds
[2023-04-02T11:03:43.711+0000] {processor.py:153} INFO - Started process (PID=13411) to work on /home/airflow/.local/lib/python3.7/site-packages/airflow/example_dags/example_trigger_target_dag.py
[2023-04-02T11:03:43.716+0000] {processor.py:743} INFO - Processing file /home/airflow/.local/lib/python3.7/site-packages/airflow/example_dags/example_trigger_target_dag.py for tasks to queue
[2023-04-02T11:03:43.723+0000] {logging_mixin.py:137} INFO - [2023-04-02T11:03:43.721+0000] {dagbag.py:532} INFO - Filling up the DagBag from /home/airflow/.local/lib/python3.7/site-packages/airflow/example_dags/example_trigger_target_dag.py
[2023-04-02T11:03:43.825+0000] {processor.py:753} INFO - DAG(s) dict_keys(['example_trigger_target_dag']) retrieved from /home/airflow/.local/lib/python3.7/site-packages/airflow/example_dags/example_trigger_target_dag.py
[2023-04-02T11:03:43.950+0000] {logging_mixin.py:137} INFO - [2023-04-02T11:03:43.949+0000] {dag.py:2705} INFO - Sync 1 DAGs
[2023-04-02T11:03:44.001+0000] {logging_mixin.py:137} INFO - [2023-04-02T11:03:44.001+0000] {dag.py:3456} INFO - Setting next_dagrun for example_trigger_target_dag to None, run_after=None
[2023-04-02T11:03:44.122+0000] {processor.py:175} INFO - Processing /home/airflow/.local/lib/python3.7/site-packages/airflow/example_dags/example_trigger_target_dag.py took 0.438 seconds
[2023-04-02T11:04:14.612+0000] {processor.py:153} INFO - Started process (PID=13629) to work on /home/airflow/.local/lib/python3.7/site-packages/airflow/example_dags/example_trigger_target_dag.py
[2023-04-02T11:04:14.615+0000] {processor.py:743} INFO - Processing file /home/airflow/.local/lib/python3.7/site-packages/airflow/example_dags/example_trigger_target_dag.py for tasks to queue
[2023-04-02T11:04:14.618+0000] {logging_mixin.py:137} INFO - [2023-04-02T11:04:14.617+0000] {dagbag.py:532} INFO - Filling up the DagBag from /home/airflow/.local/lib/python3.7/site-packages/airflow/example_dags/example_trigger_target_dag.py
[2023-04-02T11:04:14.666+0000] {processor.py:753} INFO - DAG(s) dict_keys(['example_trigger_target_dag']) retrieved from /home/airflow/.local/lib/python3.7/site-packages/airflow/example_dags/example_trigger_target_dag.py
[2023-04-02T11:04:14.729+0000] {logging_mixin.py:137} INFO - [2023-04-02T11:04:14.729+0000] {dag.py:2705} INFO - Sync 1 DAGs
[2023-04-02T11:04:14.794+0000] {logging_mixin.py:137} INFO - [2023-04-02T11:04:14.793+0000] {dag.py:3456} INFO - Setting next_dagrun for example_trigger_target_dag to None, run_after=None
[2023-04-02T11:04:14.835+0000] {processor.py:175} INFO - Processing /home/airflow/.local/lib/python3.7/site-packages/airflow/example_dags/example_trigger_target_dag.py took 0.234 seconds
[2023-04-02T11:04:45.310+0000] {processor.py:153} INFO - Started process (PID=13849) to work on /home/airflow/.local/lib/python3.7/site-packages/airflow/example_dags/example_trigger_target_dag.py
[2023-04-02T11:04:45.312+0000] {processor.py:743} INFO - Processing file /home/airflow/.local/lib/python3.7/site-packages/airflow/example_dags/example_trigger_target_dag.py for tasks to queue
[2023-04-02T11:04:45.315+0000] {logging_mixin.py:137} INFO - [2023-04-02T11:04:45.315+0000] {dagbag.py:532} INFO - Filling up the DagBag from /home/airflow/.local/lib/python3.7/site-packages/airflow/example_dags/example_trigger_target_dag.py
[2023-04-02T11:04:45.352+0000] {processor.py:753} INFO - DAG(s) dict_keys(['example_trigger_target_dag']) retrieved from /home/airflow/.local/lib/python3.7/site-packages/airflow/example_dags/example_trigger_target_dag.py
[2023-04-02T11:04:45.397+0000] {logging_mixin.py:137} INFO - [2023-04-02T11:04:45.397+0000] {dag.py:2705} INFO - Sync 1 DAGs
[2023-04-02T11:04:45.442+0000] {logging_mixin.py:137} INFO - [2023-04-02T11:04:45.442+0000] {dag.py:3456} INFO - Setting next_dagrun for example_trigger_target_dag to None, run_after=None
[2023-04-02T11:04:45.477+0000] {processor.py:175} INFO - Processing /home/airflow/.local/lib/python3.7/site-packages/airflow/example_dags/example_trigger_target_dag.py took 0.173 seconds
[2023-04-02T11:05:16.051+0000] {processor.py:153} INFO - Started process (PID=14065) to work on /home/airflow/.local/lib/python3.7/site-packages/airflow/example_dags/example_trigger_target_dag.py
[2023-04-02T11:05:16.063+0000] {processor.py:743} INFO - Processing file /home/airflow/.local/lib/python3.7/site-packages/airflow/example_dags/example_trigger_target_dag.py for tasks to queue
[2023-04-02T11:05:16.067+0000] {logging_mixin.py:137} INFO - [2023-04-02T11:05:16.066+0000] {dagbag.py:532} INFO - Filling up the DagBag from /home/airflow/.local/lib/python3.7/site-packages/airflow/example_dags/example_trigger_target_dag.py
[2023-04-02T11:05:16.131+0000] {processor.py:753} INFO - DAG(s) dict_keys(['example_trigger_target_dag']) retrieved from /home/airflow/.local/lib/python3.7/site-packages/airflow/example_dags/example_trigger_target_dag.py
[2023-04-02T11:05:16.191+0000] {logging_mixin.py:137} INFO - [2023-04-02T11:05:16.190+0000] {dag.py:2705} INFO - Sync 1 DAGs
[2023-04-02T11:05:16.267+0000] {logging_mixin.py:137} INFO - [2023-04-02T11:05:16.267+0000] {dag.py:3456} INFO - Setting next_dagrun for example_trigger_target_dag to None, run_after=None
[2023-04-02T11:05:16.312+0000] {processor.py:175} INFO - Processing /home/airflow/.local/lib/python3.7/site-packages/airflow/example_dags/example_trigger_target_dag.py took 0.293 seconds
[2023-04-02T11:05:46.722+0000] {processor.py:153} INFO - Started process (PID=14283) to work on /home/airflow/.local/lib/python3.7/site-packages/airflow/example_dags/example_trigger_target_dag.py
[2023-04-02T11:05:46.725+0000] {processor.py:743} INFO - Processing file /home/airflow/.local/lib/python3.7/site-packages/airflow/example_dags/example_trigger_target_dag.py for tasks to queue
[2023-04-02T11:05:46.727+0000] {logging_mixin.py:137} INFO - [2023-04-02T11:05:46.727+0000] {dagbag.py:532} INFO - Filling up the DagBag from /home/airflow/.local/lib/python3.7/site-packages/airflow/example_dags/example_trigger_target_dag.py
[2023-04-02T11:05:46.783+0000] {processor.py:753} INFO - DAG(s) dict_keys(['example_trigger_target_dag']) retrieved from /home/airflow/.local/lib/python3.7/site-packages/airflow/example_dags/example_trigger_target_dag.py
[2023-04-02T11:05:46.851+0000] {logging_mixin.py:137} INFO - [2023-04-02T11:05:46.850+0000] {dag.py:2705} INFO - Sync 1 DAGs
[2023-04-02T11:05:46.912+0000] {logging_mixin.py:137} INFO - [2023-04-02T11:05:46.912+0000] {dag.py:3456} INFO - Setting next_dagrun for example_trigger_target_dag to None, run_after=None
[2023-04-02T11:05:46.977+0000] {processor.py:175} INFO - Processing /home/airflow/.local/lib/python3.7/site-packages/airflow/example_dags/example_trigger_target_dag.py took 0.263 seconds
[2023-04-02T11:06:17.421+0000] {processor.py:153} INFO - Started process (PID=14501) to work on /home/airflow/.local/lib/python3.7/site-packages/airflow/example_dags/example_trigger_target_dag.py
[2023-04-02T11:06:17.424+0000] {processor.py:743} INFO - Processing file /home/airflow/.local/lib/python3.7/site-packages/airflow/example_dags/example_trigger_target_dag.py for tasks to queue
[2023-04-02T11:06:17.426+0000] {logging_mixin.py:137} INFO - [2023-04-02T11:06:17.426+0000] {dagbag.py:532} INFO - Filling up the DagBag from /home/airflow/.local/lib/python3.7/site-packages/airflow/example_dags/example_trigger_target_dag.py
[2023-04-02T11:06:17.473+0000] {processor.py:753} INFO - DAG(s) dict_keys(['example_trigger_target_dag']) retrieved from /home/airflow/.local/lib/python3.7/site-packages/airflow/example_dags/example_trigger_target_dag.py
[2023-04-02T11:06:17.526+0000] {logging_mixin.py:137} INFO - [2023-04-02T11:06:17.526+0000] {dag.py:2705} INFO - Sync 1 DAGs
[2023-04-02T11:06:17.601+0000] {logging_mixin.py:137} INFO - [2023-04-02T11:06:17.601+0000] {dag.py:3456} INFO - Setting next_dagrun for example_trigger_target_dag to None, run_after=None
[2023-04-02T11:06:17.638+0000] {processor.py:175} INFO - Processing /home/airflow/.local/lib/python3.7/site-packages/airflow/example_dags/example_trigger_target_dag.py took 0.226 seconds
[2023-04-02T11:06:47.771+0000] {processor.py:153} INFO - Started process (PID=14719) to work on /home/airflow/.local/lib/python3.7/site-packages/airflow/example_dags/example_trigger_target_dag.py
[2023-04-02T11:06:47.773+0000] {processor.py:743} INFO - Processing file /home/airflow/.local/lib/python3.7/site-packages/airflow/example_dags/example_trigger_target_dag.py for tasks to queue
[2023-04-02T11:06:47.776+0000] {logging_mixin.py:137} INFO - [2023-04-02T11:06:47.775+0000] {dagbag.py:532} INFO - Filling up the DagBag from /home/airflow/.local/lib/python3.7/site-packages/airflow/example_dags/example_trigger_target_dag.py
[2023-04-02T11:06:47.824+0000] {processor.py:753} INFO - DAG(s) dict_keys(['example_trigger_target_dag']) retrieved from /home/airflow/.local/lib/python3.7/site-packages/airflow/example_dags/example_trigger_target_dag.py
[2023-04-02T11:06:47.890+0000] {logging_mixin.py:137} INFO - [2023-04-02T11:06:47.889+0000] {dag.py:2705} INFO - Sync 1 DAGs
[2023-04-02T11:06:47.988+0000] {logging_mixin.py:137} INFO - [2023-04-02T11:06:47.987+0000] {dag.py:3456} INFO - Setting next_dagrun for example_trigger_target_dag to None, run_after=None
[2023-04-02T11:06:48.056+0000] {processor.py:175} INFO - Processing /home/airflow/.local/lib/python3.7/site-packages/airflow/example_dags/example_trigger_target_dag.py took 0.292 seconds
