[2023-04-02T10:32:48.606+0000] {processor.py:153} INFO - Started process (PID=333) to work on /home/airflow/.local/lib/python3.7/site-packages/airflow/example_dags/example_branch_operator.py
[2023-04-02T10:32:48.608+0000] {processor.py:743} INFO - Processing file /home/airflow/.local/lib/python3.7/site-packages/airflow/example_dags/example_branch_operator.py for tasks to queue
[2023-04-02T10:32:48.611+0000] {logging_mixin.py:137} INFO - [2023-04-02T10:32:48.610+0000] {dagbag.py:532} INFO - Filling up the DagBag from /home/airflow/.local/lib/python3.7/site-packages/airflow/example_dags/example_branch_operator.py
[2023-04-02T10:32:48.634+0000] {processor.py:753} INFO - DAG(s) dict_keys(['example_branch_operator']) retrieved from /home/airflow/.local/lib/python3.7/site-packages/airflow/example_dags/example_branch_operator.py
[2023-04-02T10:32:48.653+0000] {logging_mixin.py:137} INFO - [2023-04-02T10:32:48.653+0000] {dag.py:2705} INFO - Sync 1 DAGs
[2023-04-02T10:32:48.692+0000] {logging_mixin.py:137} INFO - [2023-04-02T10:32:48.692+0000] {dag.py:3456} INFO - Setting next_dagrun for example_branch_operator to 2023-04-01T00:00:00+00:00, run_after=2023-04-02T00:00:00+00:00
[2023-04-02T10:32:48.731+0000] {processor.py:175} INFO - Processing /home/airflow/.local/lib/python3.7/site-packages/airflow/example_dags/example_branch_operator.py took 0.131 seconds
[2023-04-02T10:33:23.884+0000] {processor.py:153} INFO - Started process (PID=551) to work on /home/airflow/.local/lib/python3.7/site-packages/airflow/example_dags/example_branch_operator.py
[2023-04-02T10:33:23.888+0000] {processor.py:743} INFO - Processing file /home/airflow/.local/lib/python3.7/site-packages/airflow/example_dags/example_branch_operator.py for tasks to queue
[2023-04-02T10:33:23.893+0000] {logging_mixin.py:137} INFO - [2023-04-02T10:33:23.893+0000] {dagbag.py:532} INFO - Filling up the DagBag from /home/airflow/.local/lib/python3.7/site-packages/airflow/example_dags/example_branch_operator.py
[2023-04-02T10:33:23.973+0000] {processor.py:753} INFO - DAG(s) dict_keys(['example_branch_operator']) retrieved from /home/airflow/.local/lib/python3.7/site-packages/airflow/example_dags/example_branch_operator.py
[2023-04-02T10:33:24.008+0000] {logging_mixin.py:137} INFO - [2023-04-02T10:33:24.008+0000] {dag.py:2705} INFO - Sync 1 DAGs
[2023-04-02T10:33:24.111+0000] {logging_mixin.py:137} INFO - [2023-04-02T10:33:24.111+0000] {dag.py:3456} INFO - Setting next_dagrun for example_branch_operator to 2023-04-01T00:00:00+00:00, run_after=2023-04-02T00:00:00+00:00
[2023-04-02T10:33:24.170+0000] {processor.py:175} INFO - Processing /home/airflow/.local/lib/python3.7/site-packages/airflow/example_dags/example_branch_operator.py took 0.299 seconds
[2023-04-02T10:33:57.293+0000] {processor.py:153} INFO - Started process (PID=770) to work on /home/airflow/.local/lib/python3.7/site-packages/airflow/example_dags/example_branch_operator.py
[2023-04-02T10:33:57.301+0000] {processor.py:743} INFO - Processing file /home/airflow/.local/lib/python3.7/site-packages/airflow/example_dags/example_branch_operator.py for tasks to queue
[2023-04-02T10:33:57.304+0000] {logging_mixin.py:137} INFO - [2023-04-02T10:33:57.304+0000] {dagbag.py:532} INFO - Filling up the DagBag from /home/airflow/.local/lib/python3.7/site-packages/airflow/example_dags/example_branch_operator.py
[2023-04-02T10:33:57.416+0000] {processor.py:753} INFO - DAG(s) dict_keys(['example_branch_operator']) retrieved from /home/airflow/.local/lib/python3.7/site-packages/airflow/example_dags/example_branch_operator.py
[2023-04-02T10:33:57.513+0000] {logging_mixin.py:137} INFO - [2023-04-02T10:33:57.512+0000] {dag.py:2705} INFO - Sync 1 DAGs
[2023-04-02T10:33:57.660+0000] {logging_mixin.py:137} INFO - [2023-04-02T10:33:57.657+0000] {dag.py:3456} INFO - Setting next_dagrun for example_branch_operator to 2023-04-01T00:00:00+00:00, run_after=2023-04-02T00:00:00+00:00
[2023-04-02T10:33:57.767+0000] {processor.py:175} INFO - Processing /home/airflow/.local/lib/python3.7/site-packages/airflow/example_dags/example_branch_operator.py took 0.490 seconds
[2023-04-02T10:34:28.615+0000] {processor.py:153} INFO - Started process (PID=988) to work on /home/airflow/.local/lib/python3.7/site-packages/airflow/example_dags/example_branch_operator.py
[2023-04-02T10:34:28.618+0000] {processor.py:743} INFO - Processing file /home/airflow/.local/lib/python3.7/site-packages/airflow/example_dags/example_branch_operator.py for tasks to queue
[2023-04-02T10:34:28.625+0000] {logging_mixin.py:137} INFO - [2023-04-02T10:34:28.624+0000] {dagbag.py:532} INFO - Filling up the DagBag from /home/airflow/.local/lib/python3.7/site-packages/airflow/example_dags/example_branch_operator.py
[2023-04-02T10:34:28.712+0000] {processor.py:753} INFO - DAG(s) dict_keys(['example_branch_operator']) retrieved from /home/airflow/.local/lib/python3.7/site-packages/airflow/example_dags/example_branch_operator.py
[2023-04-02T10:34:28.943+0000] {logging_mixin.py:137} INFO - [2023-04-02T10:34:28.942+0000] {dag.py:2705} INFO - Sync 1 DAGs
[2023-04-02T10:34:29.056+0000] {logging_mixin.py:137} INFO - [2023-04-02T10:34:29.055+0000] {dag.py:3456} INFO - Setting next_dagrun for example_branch_operator to 2023-04-01T00:00:00+00:00, run_after=2023-04-02T00:00:00+00:00
[2023-04-02T10:34:29.096+0000] {processor.py:175} INFO - Processing /home/airflow/.local/lib/python3.7/site-packages/airflow/example_dags/example_branch_operator.py took 0.510 seconds
[2023-04-02T10:34:59.824+0000] {processor.py:153} INFO - Started process (PID=1207) to work on /home/airflow/.local/lib/python3.7/site-packages/airflow/example_dags/example_branch_operator.py
[2023-04-02T10:34:59.830+0000] {processor.py:743} INFO - Processing file /home/airflow/.local/lib/python3.7/site-packages/airflow/example_dags/example_branch_operator.py for tasks to queue
[2023-04-02T10:34:59.833+0000] {logging_mixin.py:137} INFO - [2023-04-02T10:34:59.832+0000] {dagbag.py:532} INFO - Filling up the DagBag from /home/airflow/.local/lib/python3.7/site-packages/airflow/example_dags/example_branch_operator.py
[2023-04-02T10:34:59.941+0000] {processor.py:753} INFO - DAG(s) dict_keys(['example_branch_operator']) retrieved from /home/airflow/.local/lib/python3.7/site-packages/airflow/example_dags/example_branch_operator.py
[2023-04-02T10:35:00.045+0000] {logging_mixin.py:137} INFO - [2023-04-02T10:35:00.045+0000] {dag.py:2705} INFO - Sync 1 DAGs
[2023-04-02T10:35:00.118+0000] {logging_mixin.py:137} INFO - [2023-04-02T10:35:00.117+0000] {dag.py:3456} INFO - Setting next_dagrun for example_branch_operator to 2023-04-01T00:00:00+00:00, run_after=2023-04-02T00:00:00+00:00
[2023-04-02T10:35:00.167+0000] {processor.py:175} INFO - Processing /home/airflow/.local/lib/python3.7/site-packages/airflow/example_dags/example_branch_operator.py took 0.381 seconds
[2023-04-02T10:35:31.086+0000] {processor.py:153} INFO - Started process (PID=1425) to work on /home/airflow/.local/lib/python3.7/site-packages/airflow/example_dags/example_branch_operator.py
[2023-04-02T10:35:31.092+0000] {processor.py:743} INFO - Processing file /home/airflow/.local/lib/python3.7/site-packages/airflow/example_dags/example_branch_operator.py for tasks to queue
[2023-04-02T10:35:31.095+0000] {logging_mixin.py:137} INFO - [2023-04-02T10:35:31.094+0000] {dagbag.py:532} INFO - Filling up the DagBag from /home/airflow/.local/lib/python3.7/site-packages/airflow/example_dags/example_branch_operator.py
[2023-04-02T10:35:31.194+0000] {processor.py:753} INFO - DAG(s) dict_keys(['example_branch_operator']) retrieved from /home/airflow/.local/lib/python3.7/site-packages/airflow/example_dags/example_branch_operator.py
[2023-04-02T10:35:31.285+0000] {logging_mixin.py:137} INFO - [2023-04-02T10:35:31.285+0000] {dag.py:2705} INFO - Sync 1 DAGs
[2023-04-02T10:35:31.372+0000] {logging_mixin.py:137} INFO - [2023-04-02T10:35:31.372+0000] {dag.py:3456} INFO - Setting next_dagrun for example_branch_operator to 2023-04-01T00:00:00+00:00, run_after=2023-04-02T00:00:00+00:00
[2023-04-02T10:35:31.441+0000] {processor.py:175} INFO - Processing /home/airflow/.local/lib/python3.7/site-packages/airflow/example_dags/example_branch_operator.py took 0.369 seconds
[2023-04-02T10:36:02.288+0000] {processor.py:153} INFO - Started process (PID=1645) to work on /home/airflow/.local/lib/python3.7/site-packages/airflow/example_dags/example_branch_operator.py
[2023-04-02T10:36:02.290+0000] {processor.py:743} INFO - Processing file /home/airflow/.local/lib/python3.7/site-packages/airflow/example_dags/example_branch_operator.py for tasks to queue
[2023-04-02T10:36:02.293+0000] {logging_mixin.py:137} INFO - [2023-04-02T10:36:02.293+0000] {dagbag.py:532} INFO - Filling up the DagBag from /home/airflow/.local/lib/python3.7/site-packages/airflow/example_dags/example_branch_operator.py
[2023-04-02T10:36:02.324+0000] {processor.py:753} INFO - DAG(s) dict_keys(['example_branch_operator']) retrieved from /home/airflow/.local/lib/python3.7/site-packages/airflow/example_dags/example_branch_operator.py
[2023-04-02T10:36:02.372+0000] {logging_mixin.py:137} INFO - [2023-04-02T10:36:02.372+0000] {dag.py:2705} INFO - Sync 1 DAGs
[2023-04-02T10:36:02.409+0000] {logging_mixin.py:137} INFO - [2023-04-02T10:36:02.408+0000] {dag.py:3456} INFO - Setting next_dagrun for example_branch_operator to 2023-04-01T00:00:00+00:00, run_after=2023-04-02T00:00:00+00:00
[2023-04-02T10:36:02.441+0000] {processor.py:175} INFO - Processing /home/airflow/.local/lib/python3.7/site-packages/airflow/example_dags/example_branch_operator.py took 0.160 seconds
[2023-04-02T10:36:32.636+0000] {processor.py:153} INFO - Started process (PID=1863) to work on /home/airflow/.local/lib/python3.7/site-packages/airflow/example_dags/example_branch_operator.py
[2023-04-02T10:36:32.639+0000] {processor.py:743} INFO - Processing file /home/airflow/.local/lib/python3.7/site-packages/airflow/example_dags/example_branch_operator.py for tasks to queue
[2023-04-02T10:36:32.644+0000] {logging_mixin.py:137} INFO - [2023-04-02T10:36:32.643+0000] {dagbag.py:532} INFO - Filling up the DagBag from /home/airflow/.local/lib/python3.7/site-packages/airflow/example_dags/example_branch_operator.py
[2023-04-02T10:36:32.687+0000] {processor.py:753} INFO - DAG(s) dict_keys(['example_branch_operator']) retrieved from /home/airflow/.local/lib/python3.7/site-packages/airflow/example_dags/example_branch_operator.py
[2023-04-02T10:36:32.742+0000] {logging_mixin.py:137} INFO - [2023-04-02T10:36:32.741+0000] {dag.py:2705} INFO - Sync 1 DAGs
[2023-04-02T10:36:32.783+0000] {logging_mixin.py:137} INFO - [2023-04-02T10:36:32.783+0000] {dag.py:3456} INFO - Setting next_dagrun for example_branch_operator to 2023-04-01T00:00:00+00:00, run_after=2023-04-02T00:00:00+00:00
[2023-04-02T10:36:32.823+0000] {processor.py:175} INFO - Processing /home/airflow/.local/lib/python3.7/site-packages/airflow/example_dags/example_branch_operator.py took 0.196 seconds
[2023-04-02T10:37:03.442+0000] {processor.py:153} INFO - Started process (PID=2081) to work on /home/airflow/.local/lib/python3.7/site-packages/airflow/example_dags/example_branch_operator.py
[2023-04-02T10:37:03.445+0000] {processor.py:743} INFO - Processing file /home/airflow/.local/lib/python3.7/site-packages/airflow/example_dags/example_branch_operator.py for tasks to queue
[2023-04-02T10:37:03.448+0000] {logging_mixin.py:137} INFO - [2023-04-02T10:37:03.448+0000] {dagbag.py:532} INFO - Filling up the DagBag from /home/airflow/.local/lib/python3.7/site-packages/airflow/example_dags/example_branch_operator.py
[2023-04-02T10:37:03.490+0000] {processor.py:753} INFO - DAG(s) dict_keys(['example_branch_operator']) retrieved from /home/airflow/.local/lib/python3.7/site-packages/airflow/example_dags/example_branch_operator.py
[2023-04-02T10:37:03.556+0000] {logging_mixin.py:137} INFO - [2023-04-02T10:37:03.556+0000] {dag.py:2705} INFO - Sync 1 DAGs
[2023-04-02T10:37:03.612+0000] {logging_mixin.py:137} INFO - [2023-04-02T10:37:03.611+0000] {dag.py:3456} INFO - Setting next_dagrun for example_branch_operator to 2023-04-01T00:00:00+00:00, run_after=2023-04-02T00:00:00+00:00
[2023-04-02T10:37:03.659+0000] {processor.py:175} INFO - Processing /home/airflow/.local/lib/python3.7/site-packages/airflow/example_dags/example_branch_operator.py took 0.227 seconds
[2023-04-02T10:37:33.873+0000] {processor.py:153} INFO - Started process (PID=2299) to work on /home/airflow/.local/lib/python3.7/site-packages/airflow/example_dags/example_branch_operator.py
[2023-04-02T10:37:33.876+0000] {processor.py:743} INFO - Processing file /home/airflow/.local/lib/python3.7/site-packages/airflow/example_dags/example_branch_operator.py for tasks to queue
[2023-04-02T10:37:33.879+0000] {logging_mixin.py:137} INFO - [2023-04-02T10:37:33.879+0000] {dagbag.py:532} INFO - Filling up the DagBag from /home/airflow/.local/lib/python3.7/site-packages/airflow/example_dags/example_branch_operator.py
[2023-04-02T10:37:33.918+0000] {processor.py:753} INFO - DAG(s) dict_keys(['example_branch_operator']) retrieved from /home/airflow/.local/lib/python3.7/site-packages/airflow/example_dags/example_branch_operator.py
[2023-04-02T10:37:33.993+0000] {logging_mixin.py:137} INFO - [2023-04-02T10:37:33.993+0000] {dag.py:2705} INFO - Sync 1 DAGs
[2023-04-02T10:37:34.064+0000] {logging_mixin.py:137} INFO - [2023-04-02T10:37:34.063+0000] {dag.py:3456} INFO - Setting next_dagrun for example_branch_operator to 2023-04-01T00:00:00+00:00, run_after=2023-04-02T00:00:00+00:00
[2023-04-02T10:37:34.116+0000] {processor.py:175} INFO - Processing /home/airflow/.local/lib/python3.7/site-packages/airflow/example_dags/example_branch_operator.py took 0.254 seconds
[2023-04-02T10:38:04.821+0000] {processor.py:153} INFO - Started process (PID=2524) to work on /home/airflow/.local/lib/python3.7/site-packages/airflow/example_dags/example_branch_operator.py
[2023-04-02T10:38:04.824+0000] {processor.py:743} INFO - Processing file /home/airflow/.local/lib/python3.7/site-packages/airflow/example_dags/example_branch_operator.py for tasks to queue
[2023-04-02T10:38:04.828+0000] {logging_mixin.py:137} INFO - [2023-04-02T10:38:04.827+0000] {dagbag.py:532} INFO - Filling up the DagBag from /home/airflow/.local/lib/python3.7/site-packages/airflow/example_dags/example_branch_operator.py
[2023-04-02T10:38:04.872+0000] {processor.py:753} INFO - DAG(s) dict_keys(['example_branch_operator']) retrieved from /home/airflow/.local/lib/python3.7/site-packages/airflow/example_dags/example_branch_operator.py
[2023-04-02T10:38:04.924+0000] {logging_mixin.py:137} INFO - [2023-04-02T10:38:04.923+0000] {dag.py:2705} INFO - Sync 1 DAGs
[2023-04-02T10:38:04.977+0000] {logging_mixin.py:137} INFO - [2023-04-02T10:38:04.976+0000] {dag.py:3456} INFO - Setting next_dagrun for example_branch_operator to 2023-04-01T00:00:00+00:00, run_after=2023-04-02T00:00:00+00:00
[2023-04-02T10:38:05.023+0000] {processor.py:175} INFO - Processing /home/airflow/.local/lib/python3.7/site-packages/airflow/example_dags/example_branch_operator.py took 0.208 seconds
[2023-04-02T10:38:35.737+0000] {processor.py:153} INFO - Started process (PID=2742) to work on /home/airflow/.local/lib/python3.7/site-packages/airflow/example_dags/example_branch_operator.py
[2023-04-02T10:38:35.739+0000] {processor.py:743} INFO - Processing file /home/airflow/.local/lib/python3.7/site-packages/airflow/example_dags/example_branch_operator.py for tasks to queue
[2023-04-02T10:38:35.742+0000] {logging_mixin.py:137} INFO - [2023-04-02T10:38:35.742+0000] {dagbag.py:532} INFO - Filling up the DagBag from /home/airflow/.local/lib/python3.7/site-packages/airflow/example_dags/example_branch_operator.py
[2023-04-02T10:38:35.777+0000] {processor.py:753} INFO - DAG(s) dict_keys(['example_branch_operator']) retrieved from /home/airflow/.local/lib/python3.7/site-packages/airflow/example_dags/example_branch_operator.py
[2023-04-02T10:38:35.853+0000] {logging_mixin.py:137} INFO - [2023-04-02T10:38:35.853+0000] {dag.py:2705} INFO - Sync 1 DAGs
[2023-04-02T10:38:35.928+0000] {logging_mixin.py:137} INFO - [2023-04-02T10:38:35.927+0000] {dag.py:3456} INFO - Setting next_dagrun for example_branch_operator to 2023-04-01T00:00:00+00:00, run_after=2023-04-02T00:00:00+00:00
[2023-04-02T10:38:35.963+0000] {processor.py:175} INFO - Processing /home/airflow/.local/lib/python3.7/site-packages/airflow/example_dags/example_branch_operator.py took 0.234 seconds
[2023-04-02T10:39:06.430+0000] {processor.py:153} INFO - Started process (PID=2960) to work on /home/airflow/.local/lib/python3.7/site-packages/airflow/example_dags/example_branch_operator.py
[2023-04-02T10:39:06.433+0000] {processor.py:743} INFO - Processing file /home/airflow/.local/lib/python3.7/site-packages/airflow/example_dags/example_branch_operator.py for tasks to queue
[2023-04-02T10:39:06.437+0000] {logging_mixin.py:137} INFO - [2023-04-02T10:39:06.437+0000] {dagbag.py:532} INFO - Filling up the DagBag from /home/airflow/.local/lib/python3.7/site-packages/airflow/example_dags/example_branch_operator.py
[2023-04-02T10:39:06.477+0000] {processor.py:753} INFO - DAG(s) dict_keys(['example_branch_operator']) retrieved from /home/airflow/.local/lib/python3.7/site-packages/airflow/example_dags/example_branch_operator.py
[2023-04-02T10:39:06.544+0000] {logging_mixin.py:137} INFO - [2023-04-02T10:39:06.544+0000] {dag.py:2705} INFO - Sync 1 DAGs
[2023-04-02T10:39:06.605+0000] {logging_mixin.py:137} INFO - [2023-04-02T10:39:06.604+0000] {dag.py:3456} INFO - Setting next_dagrun for example_branch_operator to 2023-04-01T00:00:00+00:00, run_after=2023-04-02T00:00:00+00:00
[2023-04-02T10:39:06.650+0000] {processor.py:175} INFO - Processing /home/airflow/.local/lib/python3.7/site-packages/airflow/example_dags/example_branch_operator.py took 0.225 seconds
[2023-04-02T10:39:37.088+0000] {processor.py:153} INFO - Started process (PID=3176) to work on /home/airflow/.local/lib/python3.7/site-packages/airflow/example_dags/example_branch_operator.py
[2023-04-02T10:39:37.090+0000] {processor.py:743} INFO - Processing file /home/airflow/.local/lib/python3.7/site-packages/airflow/example_dags/example_branch_operator.py for tasks to queue
[2023-04-02T10:39:37.091+0000] {logging_mixin.py:137} INFO - [2023-04-02T10:39:37.091+0000] {dagbag.py:532} INFO - Filling up the DagBag from /home/airflow/.local/lib/python3.7/site-packages/airflow/example_dags/example_branch_operator.py
[2023-04-02T10:39:37.163+0000] {processor.py:753} INFO - DAG(s) dict_keys(['example_branch_operator']) retrieved from /home/airflow/.local/lib/python3.7/site-packages/airflow/example_dags/example_branch_operator.py
[2023-04-02T10:39:37.224+0000] {logging_mixin.py:137} INFO - [2023-04-02T10:39:37.223+0000] {dag.py:2705} INFO - Sync 1 DAGs
[2023-04-02T10:39:37.280+0000] {logging_mixin.py:137} INFO - [2023-04-02T10:39:37.280+0000] {dag.py:3456} INFO - Setting next_dagrun for example_branch_operator to 2023-04-01T00:00:00+00:00, run_after=2023-04-02T00:00:00+00:00
[2023-04-02T10:39:37.313+0000] {processor.py:175} INFO - Processing /home/airflow/.local/lib/python3.7/site-packages/airflow/example_dags/example_branch_operator.py took 0.232 seconds
[2023-04-02T10:40:08.328+0000] {processor.py:153} INFO - Started process (PID=3396) to work on /home/airflow/.local/lib/python3.7/site-packages/airflow/example_dags/example_branch_operator.py
[2023-04-02T10:40:08.329+0000] {processor.py:743} INFO - Processing file /home/airflow/.local/lib/python3.7/site-packages/airflow/example_dags/example_branch_operator.py for tasks to queue
[2023-04-02T10:40:08.331+0000] {logging_mixin.py:137} INFO - [2023-04-02T10:40:08.331+0000] {dagbag.py:532} INFO - Filling up the DagBag from /home/airflow/.local/lib/python3.7/site-packages/airflow/example_dags/example_branch_operator.py
[2023-04-02T10:40:08.364+0000] {processor.py:753} INFO - DAG(s) dict_keys(['example_branch_operator']) retrieved from /home/airflow/.local/lib/python3.7/site-packages/airflow/example_dags/example_branch_operator.py
[2023-04-02T10:40:08.408+0000] {logging_mixin.py:137} INFO - [2023-04-02T10:40:08.407+0000] {dag.py:2705} INFO - Sync 1 DAGs
[2023-04-02T10:40:08.454+0000] {logging_mixin.py:137} INFO - [2023-04-02T10:40:08.454+0000] {dag.py:3456} INFO - Setting next_dagrun for example_branch_operator to 2023-04-01T00:00:00+00:00, run_after=2023-04-02T00:00:00+00:00
[2023-04-02T10:40:08.492+0000] {processor.py:175} INFO - Processing /home/airflow/.local/lib/python3.7/site-packages/airflow/example_dags/example_branch_operator.py took 0.170 seconds
[2023-04-02T10:40:40.379+0000] {processor.py:153} INFO - Started process (PID=3612) to work on /home/airflow/.local/lib/python3.7/site-packages/airflow/example_dags/example_branch_operator.py
[2023-04-02T10:40:40.389+0000] {processor.py:743} INFO - Processing file /home/airflow/.local/lib/python3.7/site-packages/airflow/example_dags/example_branch_operator.py for tasks to queue
[2023-04-02T10:40:40.397+0000] {logging_mixin.py:137} INFO - [2023-04-02T10:40:40.396+0000] {dagbag.py:532} INFO - Filling up the DagBag from /home/airflow/.local/lib/python3.7/site-packages/airflow/example_dags/example_branch_operator.py
[2023-04-02T10:40:40.460+0000] {processor.py:753} INFO - DAG(s) dict_keys(['example_branch_operator']) retrieved from /home/airflow/.local/lib/python3.7/site-packages/airflow/example_dags/example_branch_operator.py
[2023-04-02T10:40:40.508+0000] {logging_mixin.py:137} INFO - [2023-04-02T10:40:40.507+0000] {dag.py:2705} INFO - Sync 1 DAGs
[2023-04-02T10:40:40.672+0000] {logging_mixin.py:137} INFO - [2023-04-02T10:40:40.672+0000] {dag.py:3456} INFO - Setting next_dagrun for example_branch_operator to 2023-04-01T00:00:00+00:00, run_after=2023-04-02T00:00:00+00:00
[2023-04-02T10:40:40.747+0000] {processor.py:175} INFO - Processing /home/airflow/.local/lib/python3.7/site-packages/airflow/example_dags/example_branch_operator.py took 0.396 seconds
[2023-04-02T10:41:11.200+0000] {processor.py:153} INFO - Started process (PID=3830) to work on /home/airflow/.local/lib/python3.7/site-packages/airflow/example_dags/example_branch_operator.py
[2023-04-02T10:41:11.210+0000] {processor.py:743} INFO - Processing file /home/airflow/.local/lib/python3.7/site-packages/airflow/example_dags/example_branch_operator.py for tasks to queue
[2023-04-02T10:41:11.219+0000] {logging_mixin.py:137} INFO - [2023-04-02T10:41:11.218+0000] {dagbag.py:532} INFO - Filling up the DagBag from /home/airflow/.local/lib/python3.7/site-packages/airflow/example_dags/example_branch_operator.py
[2023-04-02T10:41:11.283+0000] {processor.py:753} INFO - DAG(s) dict_keys(['example_branch_operator']) retrieved from /home/airflow/.local/lib/python3.7/site-packages/airflow/example_dags/example_branch_operator.py
[2023-04-02T10:41:11.460+0000] {logging_mixin.py:137} INFO - [2023-04-02T10:41:11.459+0000] {dag.py:2705} INFO - Sync 1 DAGs
[2023-04-02T10:41:11.585+0000] {logging_mixin.py:137} INFO - [2023-04-02T10:41:11.585+0000] {dag.py:3456} INFO - Setting next_dagrun for example_branch_operator to 2023-04-01T00:00:00+00:00, run_after=2023-04-02T00:00:00+00:00
[2023-04-02T10:41:11.665+0000] {processor.py:175} INFO - Processing /home/airflow/.local/lib/python3.7/site-packages/airflow/example_dags/example_branch_operator.py took 0.476 seconds
[2023-04-02T10:41:42.628+0000] {processor.py:153} INFO - Started process (PID=4048) to work on /home/airflow/.local/lib/python3.7/site-packages/airflow/example_dags/example_branch_operator.py
[2023-04-02T10:41:42.632+0000] {processor.py:743} INFO - Processing file /home/airflow/.local/lib/python3.7/site-packages/airflow/example_dags/example_branch_operator.py for tasks to queue
[2023-04-02T10:41:42.639+0000] {logging_mixin.py:137} INFO - [2023-04-02T10:41:42.637+0000] {dagbag.py:532} INFO - Filling up the DagBag from /home/airflow/.local/lib/python3.7/site-packages/airflow/example_dags/example_branch_operator.py
[2023-04-02T10:41:42.703+0000] {processor.py:753} INFO - DAG(s) dict_keys(['example_branch_operator']) retrieved from /home/airflow/.local/lib/python3.7/site-packages/airflow/example_dags/example_branch_operator.py
[2023-04-02T10:41:42.805+0000] {logging_mixin.py:137} INFO - [2023-04-02T10:41:42.805+0000] {dag.py:2705} INFO - Sync 1 DAGs
[2023-04-02T10:41:42.902+0000] {logging_mixin.py:137} INFO - [2023-04-02T10:41:42.901+0000] {dag.py:3456} INFO - Setting next_dagrun for example_branch_operator to 2023-04-01T00:00:00+00:00, run_after=2023-04-02T00:00:00+00:00
[2023-04-02T10:41:43.025+0000] {processor.py:175} INFO - Processing /home/airflow/.local/lib/python3.7/site-packages/airflow/example_dags/example_branch_operator.py took 0.405 seconds
[2023-04-02T10:42:13.950+0000] {processor.py:153} INFO - Started process (PID=4267) to work on /home/airflow/.local/lib/python3.7/site-packages/airflow/example_dags/example_branch_operator.py
[2023-04-02T10:42:13.956+0000] {processor.py:743} INFO - Processing file /home/airflow/.local/lib/python3.7/site-packages/airflow/example_dags/example_branch_operator.py for tasks to queue
[2023-04-02T10:42:13.960+0000] {logging_mixin.py:137} INFO - [2023-04-02T10:42:13.959+0000] {dagbag.py:532} INFO - Filling up the DagBag from /home/airflow/.local/lib/python3.7/site-packages/airflow/example_dags/example_branch_operator.py
[2023-04-02T10:42:14.055+0000] {processor.py:753} INFO - DAG(s) dict_keys(['example_branch_operator']) retrieved from /home/airflow/.local/lib/python3.7/site-packages/airflow/example_dags/example_branch_operator.py
[2023-04-02T10:42:14.199+0000] {logging_mixin.py:137} INFO - [2023-04-02T10:42:14.195+0000] {dag.py:2705} INFO - Sync 1 DAGs
[2023-04-02T10:42:14.332+0000] {logging_mixin.py:137} INFO - [2023-04-02T10:42:14.331+0000] {dag.py:3456} INFO - Setting next_dagrun for example_branch_operator to 2023-04-01T00:00:00+00:00, run_after=2023-04-02T00:00:00+00:00
[2023-04-02T10:42:14.442+0000] {processor.py:175} INFO - Processing /home/airflow/.local/lib/python3.7/site-packages/airflow/example_dags/example_branch_operator.py took 0.506 seconds
[2023-04-02T10:42:44.812+0000] {processor.py:153} INFO - Started process (PID=4485) to work on /home/airflow/.local/lib/python3.7/site-packages/airflow/example_dags/example_branch_operator.py
[2023-04-02T10:42:44.826+0000] {processor.py:743} INFO - Processing file /home/airflow/.local/lib/python3.7/site-packages/airflow/example_dags/example_branch_operator.py for tasks to queue
[2023-04-02T10:42:44.830+0000] {logging_mixin.py:137} INFO - [2023-04-02T10:42:44.829+0000] {dagbag.py:532} INFO - Filling up the DagBag from /home/airflow/.local/lib/python3.7/site-packages/airflow/example_dags/example_branch_operator.py
[2023-04-02T10:42:44.914+0000] {processor.py:753} INFO - DAG(s) dict_keys(['example_branch_operator']) retrieved from /home/airflow/.local/lib/python3.7/site-packages/airflow/example_dags/example_branch_operator.py
[2023-04-02T10:42:45.036+0000] {logging_mixin.py:137} INFO - [2023-04-02T10:42:45.036+0000] {dag.py:2705} INFO - Sync 1 DAGs
[2023-04-02T10:42:45.133+0000] {logging_mixin.py:137} INFO - [2023-04-02T10:42:45.133+0000] {dag.py:3456} INFO - Setting next_dagrun for example_branch_operator to 2023-04-01T00:00:00+00:00, run_after=2023-04-02T00:00:00+00:00
[2023-04-02T10:42:45.240+0000] {processor.py:175} INFO - Processing /home/airflow/.local/lib/python3.7/site-packages/airflow/example_dags/example_branch_operator.py took 0.437 seconds
[2023-04-02T10:43:15.865+0000] {processor.py:153} INFO - Started process (PID=4703) to work on /home/airflow/.local/lib/python3.7/site-packages/airflow/example_dags/example_branch_operator.py
[2023-04-02T10:43:15.878+0000] {processor.py:743} INFO - Processing file /home/airflow/.local/lib/python3.7/site-packages/airflow/example_dags/example_branch_operator.py for tasks to queue
[2023-04-02T10:43:15.881+0000] {logging_mixin.py:137} INFO - [2023-04-02T10:43:15.881+0000] {dagbag.py:532} INFO - Filling up the DagBag from /home/airflow/.local/lib/python3.7/site-packages/airflow/example_dags/example_branch_operator.py
[2023-04-02T10:43:15.979+0000] {processor.py:753} INFO - DAG(s) dict_keys(['example_branch_operator']) retrieved from /home/airflow/.local/lib/python3.7/site-packages/airflow/example_dags/example_branch_operator.py
[2023-04-02T10:43:16.063+0000] {logging_mixin.py:137} INFO - [2023-04-02T10:43:16.063+0000] {dag.py:2705} INFO - Sync 1 DAGs
[2023-04-02T10:43:16.145+0000] {logging_mixin.py:137} INFO - [2023-04-02T10:43:16.144+0000] {dag.py:3456} INFO - Setting next_dagrun for example_branch_operator to 2023-04-01T00:00:00+00:00, run_after=2023-04-02T00:00:00+00:00
[2023-04-02T10:43:16.174+0000] {processor.py:175} INFO - Processing /home/airflow/.local/lib/python3.7/site-packages/airflow/example_dags/example_branch_operator.py took 0.317 seconds
[2023-04-02T10:43:46.424+0000] {processor.py:153} INFO - Started process (PID=4921) to work on /home/airflow/.local/lib/python3.7/site-packages/airflow/example_dags/example_branch_operator.py
[2023-04-02T10:43:46.427+0000] {processor.py:743} INFO - Processing file /home/airflow/.local/lib/python3.7/site-packages/airflow/example_dags/example_branch_operator.py for tasks to queue
[2023-04-02T10:43:46.429+0000] {logging_mixin.py:137} INFO - [2023-04-02T10:43:46.429+0000] {dagbag.py:532} INFO - Filling up the DagBag from /home/airflow/.local/lib/python3.7/site-packages/airflow/example_dags/example_branch_operator.py
[2023-04-02T10:43:46.460+0000] {processor.py:753} INFO - DAG(s) dict_keys(['example_branch_operator']) retrieved from /home/airflow/.local/lib/python3.7/site-packages/airflow/example_dags/example_branch_operator.py
[2023-04-02T10:43:46.518+0000] {logging_mixin.py:137} INFO - [2023-04-02T10:43:46.518+0000] {dag.py:2705} INFO - Sync 1 DAGs
[2023-04-02T10:43:46.561+0000] {logging_mixin.py:137} INFO - [2023-04-02T10:43:46.561+0000] {dag.py:3456} INFO - Setting next_dagrun for example_branch_operator to 2023-04-01T00:00:00+00:00, run_after=2023-04-02T00:00:00+00:00
[2023-04-02T10:43:46.609+0000] {processor.py:175} INFO - Processing /home/airflow/.local/lib/python3.7/site-packages/airflow/example_dags/example_branch_operator.py took 0.190 seconds
[2023-04-02T10:44:17.421+0000] {processor.py:153} INFO - Started process (PID=5139) to work on /home/airflow/.local/lib/python3.7/site-packages/airflow/example_dags/example_branch_operator.py
[2023-04-02T10:44:17.425+0000] {processor.py:743} INFO - Processing file /home/airflow/.local/lib/python3.7/site-packages/airflow/example_dags/example_branch_operator.py for tasks to queue
[2023-04-02T10:44:17.431+0000] {logging_mixin.py:137} INFO - [2023-04-02T10:44:17.430+0000] {dagbag.py:532} INFO - Filling up the DagBag from /home/airflow/.local/lib/python3.7/site-packages/airflow/example_dags/example_branch_operator.py
[2023-04-02T10:44:17.482+0000] {processor.py:753} INFO - DAG(s) dict_keys(['example_branch_operator']) retrieved from /home/airflow/.local/lib/python3.7/site-packages/airflow/example_dags/example_branch_operator.py
[2023-04-02T10:44:17.523+0000] {logging_mixin.py:137} INFO - [2023-04-02T10:44:17.523+0000] {dag.py:2705} INFO - Sync 1 DAGs
[2023-04-02T10:44:17.570+0000] {logging_mixin.py:137} INFO - [2023-04-02T10:44:17.570+0000] {dag.py:3456} INFO - Setting next_dagrun for example_branch_operator to 2023-04-01T00:00:00+00:00, run_after=2023-04-02T00:00:00+00:00
[2023-04-02T10:44:17.609+0000] {processor.py:175} INFO - Processing /home/airflow/.local/lib/python3.7/site-packages/airflow/example_dags/example_branch_operator.py took 0.201 seconds
[2023-04-02T10:44:48.462+0000] {processor.py:153} INFO - Started process (PID=5357) to work on /home/airflow/.local/lib/python3.7/site-packages/airflow/example_dags/example_branch_operator.py
[2023-04-02T10:44:48.465+0000] {processor.py:743} INFO - Processing file /home/airflow/.local/lib/python3.7/site-packages/airflow/example_dags/example_branch_operator.py for tasks to queue
[2023-04-02T10:44:48.467+0000] {logging_mixin.py:137} INFO - [2023-04-02T10:44:48.467+0000] {dagbag.py:532} INFO - Filling up the DagBag from /home/airflow/.local/lib/python3.7/site-packages/airflow/example_dags/example_branch_operator.py
[2023-04-02T10:44:48.501+0000] {processor.py:753} INFO - DAG(s) dict_keys(['example_branch_operator']) retrieved from /home/airflow/.local/lib/python3.7/site-packages/airflow/example_dags/example_branch_operator.py
[2023-04-02T10:44:48.568+0000] {logging_mixin.py:137} INFO - [2023-04-02T10:44:48.568+0000] {dag.py:2705} INFO - Sync 1 DAGs
[2023-04-02T10:44:48.611+0000] {logging_mixin.py:137} INFO - [2023-04-02T10:44:48.611+0000] {dag.py:3456} INFO - Setting next_dagrun for example_branch_operator to 2023-04-01T00:00:00+00:00, run_after=2023-04-02T00:00:00+00:00
[2023-04-02T10:44:48.648+0000] {processor.py:175} INFO - Processing /home/airflow/.local/lib/python3.7/site-packages/airflow/example_dags/example_branch_operator.py took 0.192 seconds
[2023-04-02T10:45:18.855+0000] {processor.py:153} INFO - Started process (PID=5574) to work on /home/airflow/.local/lib/python3.7/site-packages/airflow/example_dags/example_branch_operator.py
[2023-04-02T10:45:18.858+0000] {processor.py:743} INFO - Processing file /home/airflow/.local/lib/python3.7/site-packages/airflow/example_dags/example_branch_operator.py for tasks to queue
[2023-04-02T10:45:18.862+0000] {logging_mixin.py:137} INFO - [2023-04-02T10:45:18.862+0000] {dagbag.py:532} INFO - Filling up the DagBag from /home/airflow/.local/lib/python3.7/site-packages/airflow/example_dags/example_branch_operator.py
[2023-04-02T10:45:18.926+0000] {processor.py:753} INFO - DAG(s) dict_keys(['example_branch_operator']) retrieved from /home/airflow/.local/lib/python3.7/site-packages/airflow/example_dags/example_branch_operator.py
[2023-04-02T10:45:19.004+0000] {logging_mixin.py:137} INFO - [2023-04-02T10:45:19.004+0000] {dag.py:2705} INFO - Sync 1 DAGs
[2023-04-02T10:45:19.096+0000] {logging_mixin.py:137} INFO - [2023-04-02T10:45:19.096+0000] {dag.py:3456} INFO - Setting next_dagrun for example_branch_operator to 2023-04-01T00:00:00+00:00, run_after=2023-04-02T00:00:00+00:00
[2023-04-02T10:45:19.186+0000] {processor.py:175} INFO - Processing /home/airflow/.local/lib/python3.7/site-packages/airflow/example_dags/example_branch_operator.py took 0.337 seconds
[2023-04-02T10:45:49.532+0000] {processor.py:153} INFO - Started process (PID=5793) to work on /home/airflow/.local/lib/python3.7/site-packages/airflow/example_dags/example_branch_operator.py
[2023-04-02T10:45:49.534+0000] {processor.py:743} INFO - Processing file /home/airflow/.local/lib/python3.7/site-packages/airflow/example_dags/example_branch_operator.py for tasks to queue
[2023-04-02T10:45:49.539+0000] {logging_mixin.py:137} INFO - [2023-04-02T10:45:49.538+0000] {dagbag.py:532} INFO - Filling up the DagBag from /home/airflow/.local/lib/python3.7/site-packages/airflow/example_dags/example_branch_operator.py
[2023-04-02T10:45:49.570+0000] {processor.py:753} INFO - DAG(s) dict_keys(['example_branch_operator']) retrieved from /home/airflow/.local/lib/python3.7/site-packages/airflow/example_dags/example_branch_operator.py
[2023-04-02T10:45:49.636+0000] {logging_mixin.py:137} INFO - [2023-04-02T10:45:49.636+0000] {dag.py:2705} INFO - Sync 1 DAGs
[2023-04-02T10:45:49.704+0000] {logging_mixin.py:137} INFO - [2023-04-02T10:45:49.704+0000] {dag.py:3456} INFO - Setting next_dagrun for example_branch_operator to 2023-04-01T00:00:00+00:00, run_after=2023-04-02T00:00:00+00:00
[2023-04-02T10:45:49.734+0000] {processor.py:175} INFO - Processing /home/airflow/.local/lib/python3.7/site-packages/airflow/example_dags/example_branch_operator.py took 0.210 seconds
[2023-04-02T10:46:20.015+0000] {processor.py:153} INFO - Started process (PID=6011) to work on /home/airflow/.local/lib/python3.7/site-packages/airflow/example_dags/example_branch_operator.py
[2023-04-02T10:46:20.017+0000] {processor.py:743} INFO - Processing file /home/airflow/.local/lib/python3.7/site-packages/airflow/example_dags/example_branch_operator.py for tasks to queue
[2023-04-02T10:46:20.020+0000] {logging_mixin.py:137} INFO - [2023-04-02T10:46:20.020+0000] {dagbag.py:532} INFO - Filling up the DagBag from /home/airflow/.local/lib/python3.7/site-packages/airflow/example_dags/example_branch_operator.py
[2023-04-02T10:46:20.062+0000] {processor.py:753} INFO - DAG(s) dict_keys(['example_branch_operator']) retrieved from /home/airflow/.local/lib/python3.7/site-packages/airflow/example_dags/example_branch_operator.py
[2023-04-02T10:46:20.126+0000] {logging_mixin.py:137} INFO - [2023-04-02T10:46:20.125+0000] {dag.py:2705} INFO - Sync 1 DAGs
[2023-04-02T10:46:20.186+0000] {logging_mixin.py:137} INFO - [2023-04-02T10:46:20.186+0000] {dag.py:3456} INFO - Setting next_dagrun for example_branch_operator to 2023-04-01T00:00:00+00:00, run_after=2023-04-02T00:00:00+00:00
[2023-04-02T10:46:20.226+0000] {processor.py:175} INFO - Processing /home/airflow/.local/lib/python3.7/site-packages/airflow/example_dags/example_branch_operator.py took 0.221 seconds
[2023-04-02T10:46:50.312+0000] {processor.py:153} INFO - Started process (PID=6230) to work on /home/airflow/.local/lib/python3.7/site-packages/airflow/example_dags/example_branch_operator.py
[2023-04-02T10:46:50.320+0000] {processor.py:743} INFO - Processing file /home/airflow/.local/lib/python3.7/site-packages/airflow/example_dags/example_branch_operator.py for tasks to queue
[2023-04-02T10:46:50.322+0000] {logging_mixin.py:137} INFO - [2023-04-02T10:46:50.322+0000] {dagbag.py:532} INFO - Filling up the DagBag from /home/airflow/.local/lib/python3.7/site-packages/airflow/example_dags/example_branch_operator.py
[2023-04-02T10:46:50.371+0000] {processor.py:753} INFO - DAG(s) dict_keys(['example_branch_operator']) retrieved from /home/airflow/.local/lib/python3.7/site-packages/airflow/example_dags/example_branch_operator.py
[2023-04-02T10:46:50.486+0000] {logging_mixin.py:137} INFO - [2023-04-02T10:46:50.485+0000] {dag.py:2705} INFO - Sync 1 DAGs
[2023-04-02T10:46:50.565+0000] {logging_mixin.py:137} INFO - [2023-04-02T10:46:50.565+0000] {dag.py:3456} INFO - Setting next_dagrun for example_branch_operator to 2023-04-01T00:00:00+00:00, run_after=2023-04-02T00:00:00+00:00
[2023-04-02T10:46:50.658+0000] {processor.py:175} INFO - Processing /home/airflow/.local/lib/python3.7/site-packages/airflow/example_dags/example_branch_operator.py took 0.356 seconds
[2023-04-02T10:47:21.485+0000] {processor.py:153} INFO - Started process (PID=6448) to work on /home/airflow/.local/lib/python3.7/site-packages/airflow/example_dags/example_branch_operator.py
[2023-04-02T10:47:21.490+0000] {processor.py:743} INFO - Processing file /home/airflow/.local/lib/python3.7/site-packages/airflow/example_dags/example_branch_operator.py for tasks to queue
[2023-04-02T10:47:21.495+0000] {logging_mixin.py:137} INFO - [2023-04-02T10:47:21.494+0000] {dagbag.py:532} INFO - Filling up the DagBag from /home/airflow/.local/lib/python3.7/site-packages/airflow/example_dags/example_branch_operator.py
[2023-04-02T10:47:21.531+0000] {processor.py:753} INFO - DAG(s) dict_keys(['example_branch_operator']) retrieved from /home/airflow/.local/lib/python3.7/site-packages/airflow/example_dags/example_branch_operator.py
[2023-04-02T10:47:21.594+0000] {logging_mixin.py:137} INFO - [2023-04-02T10:47:21.593+0000] {dag.py:2705} INFO - Sync 1 DAGs
[2023-04-02T10:47:21.658+0000] {logging_mixin.py:137} INFO - [2023-04-02T10:47:21.658+0000] {dag.py:3456} INFO - Setting next_dagrun for example_branch_operator to 2023-04-01T00:00:00+00:00, run_after=2023-04-02T00:00:00+00:00
[2023-04-02T10:47:21.710+0000] {processor.py:175} INFO - Processing /home/airflow/.local/lib/python3.7/site-packages/airflow/example_dags/example_branch_operator.py took 0.232 seconds
[2023-04-02T10:47:51.795+0000] {processor.py:153} INFO - Started process (PID=6663) to work on /home/airflow/.local/lib/python3.7/site-packages/airflow/example_dags/example_branch_operator.py
[2023-04-02T10:47:51.797+0000] {processor.py:743} INFO - Processing file /home/airflow/.local/lib/python3.7/site-packages/airflow/example_dags/example_branch_operator.py for tasks to queue
[2023-04-02T10:47:51.800+0000] {logging_mixin.py:137} INFO - [2023-04-02T10:47:51.800+0000] {dagbag.py:532} INFO - Filling up the DagBag from /home/airflow/.local/lib/python3.7/site-packages/airflow/example_dags/example_branch_operator.py
[2023-04-02T10:47:51.825+0000] {processor.py:753} INFO - DAG(s) dict_keys(['example_branch_operator']) retrieved from /home/airflow/.local/lib/python3.7/site-packages/airflow/example_dags/example_branch_operator.py
[2023-04-02T10:47:51.864+0000] {logging_mixin.py:137} INFO - [2023-04-02T10:47:51.864+0000] {dag.py:2705} INFO - Sync 1 DAGs
[2023-04-02T10:47:51.900+0000] {logging_mixin.py:137} INFO - [2023-04-02T10:47:51.899+0000] {dag.py:3456} INFO - Setting next_dagrun for example_branch_operator to 2023-04-01T00:00:00+00:00, run_after=2023-04-02T00:00:00+00:00
[2023-04-02T10:47:51.931+0000] {processor.py:175} INFO - Processing /home/airflow/.local/lib/python3.7/site-packages/airflow/example_dags/example_branch_operator.py took 0.141 seconds
[2023-04-02T10:48:22.374+0000] {processor.py:153} INFO - Started process (PID=6884) to work on /home/airflow/.local/lib/python3.7/site-packages/airflow/example_dags/example_branch_operator.py
[2023-04-02T10:48:22.376+0000] {processor.py:743} INFO - Processing file /home/airflow/.local/lib/python3.7/site-packages/airflow/example_dags/example_branch_operator.py for tasks to queue
[2023-04-02T10:48:22.380+0000] {logging_mixin.py:137} INFO - [2023-04-02T10:48:22.378+0000] {dagbag.py:532} INFO - Filling up the DagBag from /home/airflow/.local/lib/python3.7/site-packages/airflow/example_dags/example_branch_operator.py
[2023-04-02T10:48:22.411+0000] {processor.py:753} INFO - DAG(s) dict_keys(['example_branch_operator']) retrieved from /home/airflow/.local/lib/python3.7/site-packages/airflow/example_dags/example_branch_operator.py
[2023-04-02T10:48:22.450+0000] {logging_mixin.py:137} INFO - [2023-04-02T10:48:22.450+0000] {dag.py:2705} INFO - Sync 1 DAGs
[2023-04-02T10:48:22.513+0000] {logging_mixin.py:137} INFO - [2023-04-02T10:48:22.513+0000] {dag.py:3456} INFO - Setting next_dagrun for example_branch_operator to 2023-04-01T00:00:00+00:00, run_after=2023-04-02T00:00:00+00:00
[2023-04-02T10:48:22.557+0000] {processor.py:175} INFO - Processing /home/airflow/.local/lib/python3.7/site-packages/airflow/example_dags/example_branch_operator.py took 0.190 seconds
[2023-04-02T10:48:53.016+0000] {processor.py:153} INFO - Started process (PID=7102) to work on /home/airflow/.local/lib/python3.7/site-packages/airflow/example_dags/example_branch_operator.py
[2023-04-02T10:48:53.018+0000] {processor.py:743} INFO - Processing file /home/airflow/.local/lib/python3.7/site-packages/airflow/example_dags/example_branch_operator.py for tasks to queue
[2023-04-02T10:48:53.021+0000] {logging_mixin.py:137} INFO - [2023-04-02T10:48:53.021+0000] {dagbag.py:532} INFO - Filling up the DagBag from /home/airflow/.local/lib/python3.7/site-packages/airflow/example_dags/example_branch_operator.py
[2023-04-02T10:48:53.066+0000] {processor.py:753} INFO - DAG(s) dict_keys(['example_branch_operator']) retrieved from /home/airflow/.local/lib/python3.7/site-packages/airflow/example_dags/example_branch_operator.py
[2023-04-02T10:48:53.126+0000] {logging_mixin.py:137} INFO - [2023-04-02T10:48:53.125+0000] {dag.py:2705} INFO - Sync 1 DAGs
[2023-04-02T10:48:53.191+0000] {logging_mixin.py:137} INFO - [2023-04-02T10:48:53.190+0000] {dag.py:3456} INFO - Setting next_dagrun for example_branch_operator to 2023-04-01T00:00:00+00:00, run_after=2023-04-02T00:00:00+00:00
[2023-04-02T10:48:53.227+0000] {processor.py:175} INFO - Processing /home/airflow/.local/lib/python3.7/site-packages/airflow/example_dags/example_branch_operator.py took 0.219 seconds
[2023-04-02T10:49:23.763+0000] {processor.py:153} INFO - Started process (PID=7322) to work on /home/airflow/.local/lib/python3.7/site-packages/airflow/example_dags/example_branch_operator.py
[2023-04-02T10:49:23.765+0000] {processor.py:743} INFO - Processing file /home/airflow/.local/lib/python3.7/site-packages/airflow/example_dags/example_branch_operator.py for tasks to queue
[2023-04-02T10:49:23.767+0000] {logging_mixin.py:137} INFO - [2023-04-02T10:49:23.767+0000] {dagbag.py:532} INFO - Filling up the DagBag from /home/airflow/.local/lib/python3.7/site-packages/airflow/example_dags/example_branch_operator.py
[2023-04-02T10:49:23.793+0000] {processor.py:753} INFO - DAG(s) dict_keys(['example_branch_operator']) retrieved from /home/airflow/.local/lib/python3.7/site-packages/airflow/example_dags/example_branch_operator.py
[2023-04-02T10:49:23.852+0000] {logging_mixin.py:137} INFO - [2023-04-02T10:49:23.852+0000] {dag.py:2705} INFO - Sync 1 DAGs
[2023-04-02T10:49:23.898+0000] {logging_mixin.py:137} INFO - [2023-04-02T10:49:23.898+0000] {dag.py:3456} INFO - Setting next_dagrun for example_branch_operator to 2023-04-01T00:00:00+00:00, run_after=2023-04-02T00:00:00+00:00
[2023-04-02T10:49:23.966+0000] {processor.py:175} INFO - Processing /home/airflow/.local/lib/python3.7/site-packages/airflow/example_dags/example_branch_operator.py took 0.208 seconds
[2023-04-02T10:49:54.253+0000] {processor.py:153} INFO - Started process (PID=7538) to work on /home/airflow/.local/lib/python3.7/site-packages/airflow/example_dags/example_branch_operator.py
[2023-04-02T10:49:54.255+0000] {processor.py:743} INFO - Processing file /home/airflow/.local/lib/python3.7/site-packages/airflow/example_dags/example_branch_operator.py for tasks to queue
[2023-04-02T10:49:54.261+0000] {logging_mixin.py:137} INFO - [2023-04-02T10:49:54.260+0000] {dagbag.py:532} INFO - Filling up the DagBag from /home/airflow/.local/lib/python3.7/site-packages/airflow/example_dags/example_branch_operator.py
[2023-04-02T10:49:54.295+0000] {processor.py:753} INFO - DAG(s) dict_keys(['example_branch_operator']) retrieved from /home/airflow/.local/lib/python3.7/site-packages/airflow/example_dags/example_branch_operator.py
[2023-04-02T10:49:54.340+0000] {logging_mixin.py:137} INFO - [2023-04-02T10:49:54.340+0000] {dag.py:2705} INFO - Sync 1 DAGs
[2023-04-02T10:49:54.387+0000] {logging_mixin.py:137} INFO - [2023-04-02T10:49:54.386+0000] {dag.py:3456} INFO - Setting next_dagrun for example_branch_operator to 2023-04-01T00:00:00+00:00, run_after=2023-04-02T00:00:00+00:00
[2023-04-02T10:49:54.411+0000] {processor.py:175} INFO - Processing /home/airflow/.local/lib/python3.7/site-packages/airflow/example_dags/example_branch_operator.py took 0.165 seconds
[2023-04-02T10:50:24.968+0000] {processor.py:153} INFO - Started process (PID=7758) to work on /home/airflow/.local/lib/python3.7/site-packages/airflow/example_dags/example_branch_operator.py
[2023-04-02T10:50:24.970+0000] {processor.py:743} INFO - Processing file /home/airflow/.local/lib/python3.7/site-packages/airflow/example_dags/example_branch_operator.py for tasks to queue
[2023-04-02T10:50:24.973+0000] {logging_mixin.py:137} INFO - [2023-04-02T10:50:24.972+0000] {dagbag.py:532} INFO - Filling up the DagBag from /home/airflow/.local/lib/python3.7/site-packages/airflow/example_dags/example_branch_operator.py
[2023-04-02T10:50:25.010+0000] {processor.py:753} INFO - DAG(s) dict_keys(['example_branch_operator']) retrieved from /home/airflow/.local/lib/python3.7/site-packages/airflow/example_dags/example_branch_operator.py
[2023-04-02T10:50:25.048+0000] {logging_mixin.py:137} INFO - [2023-04-02T10:50:25.048+0000] {dag.py:2705} INFO - Sync 1 DAGs
[2023-04-02T10:50:25.101+0000] {logging_mixin.py:137} INFO - [2023-04-02T10:50:25.101+0000] {dag.py:3456} INFO - Setting next_dagrun for example_branch_operator to 2023-04-01T00:00:00+00:00, run_after=2023-04-02T00:00:00+00:00
[2023-04-02T10:50:25.149+0000] {processor.py:175} INFO - Processing /home/airflow/.local/lib/python3.7/site-packages/airflow/example_dags/example_branch_operator.py took 0.187 seconds
