[2023-04-02T10:32:45.465+0000] {processor.py:153} INFO - Started process (PID=193) to work on /home/airflow/.local/lib/python3.7/site-packages/airflow/example_dags/example_sensor_decorator.py
[2023-04-02T10:32:45.467+0000] {processor.py:743} INFO - Processing file /home/airflow/.local/lib/python3.7/site-packages/airflow/example_dags/example_sensor_decorator.py for tasks to queue
[2023-04-02T10:32:45.469+0000] {logging_mixin.py:137} INFO - [2023-04-02T10:32:45.468+0000] {dagbag.py:532} INFO - Filling up the DagBag from /home/airflow/.local/lib/python3.7/site-packages/airflow/example_dags/example_sensor_decorator.py
[2023-04-02T10:32:45.523+0000] {processor.py:753} INFO - DAG(s) dict_keys(['example_sensor_decorator']) retrieved from /home/airflow/.local/lib/python3.7/site-packages/airflow/example_dags/example_sensor_decorator.py
[2023-04-02T10:32:45.556+0000] {logging_mixin.py:137} INFO - [2023-04-02T10:32:45.556+0000] {dag.py:2705} INFO - Sync 1 DAGs
[2023-04-02T10:32:45.662+0000] {logging_mixin.py:137} INFO - [2023-04-02T10:32:45.661+0000] {dag.py:3456} INFO - Setting next_dagrun for example_sensor_decorator to None, run_after=None
[2023-04-02T10:32:45.713+0000] {processor.py:175} INFO - Processing /home/airflow/.local/lib/python3.7/site-packages/airflow/example_dags/example_sensor_decorator.py took 0.257 seconds
[2023-04-02T10:33:18.159+0000] {processor.py:153} INFO - Started process (PID=411) to work on /home/airflow/.local/lib/python3.7/site-packages/airflow/example_dags/example_sensor_decorator.py
[2023-04-02T10:33:18.168+0000] {processor.py:743} INFO - Processing file /home/airflow/.local/lib/python3.7/site-packages/airflow/example_dags/example_sensor_decorator.py for tasks to queue
[2023-04-02T10:33:18.171+0000] {logging_mixin.py:137} INFO - [2023-04-02T10:33:18.171+0000] {dagbag.py:532} INFO - Filling up the DagBag from /home/airflow/.local/lib/python3.7/site-packages/airflow/example_dags/example_sensor_decorator.py
[2023-04-02T10:33:18.289+0000] {processor.py:753} INFO - DAG(s) dict_keys(['example_sensor_decorator']) retrieved from /home/airflow/.local/lib/python3.7/site-packages/airflow/example_dags/example_sensor_decorator.py
[2023-04-02T10:33:18.330+0000] {logging_mixin.py:137} INFO - [2023-04-02T10:33:18.330+0000] {dag.py:2705} INFO - Sync 1 DAGs
[2023-04-02T10:33:18.440+0000] {logging_mixin.py:137} INFO - [2023-04-02T10:33:18.440+0000] {dag.py:3456} INFO - Setting next_dagrun for example_sensor_decorator to None, run_after=None
[2023-04-02T10:33:18.480+0000] {processor.py:175} INFO - Processing /home/airflow/.local/lib/python3.7/site-packages/airflow/example_dags/example_sensor_decorator.py took 0.329 seconds
[2023-04-02T10:33:48.935+0000] {processor.py:153} INFO - Started process (PID=630) to work on /home/airflow/.local/lib/python3.7/site-packages/airflow/example_dags/example_sensor_decorator.py
[2023-04-02T10:33:48.939+0000] {processor.py:743} INFO - Processing file /home/airflow/.local/lib/python3.7/site-packages/airflow/example_dags/example_sensor_decorator.py for tasks to queue
[2023-04-02T10:33:48.943+0000] {logging_mixin.py:137} INFO - [2023-04-02T10:33:48.942+0000] {dagbag.py:532} INFO - Filling up the DagBag from /home/airflow/.local/lib/python3.7/site-packages/airflow/example_dags/example_sensor_decorator.py
[2023-04-02T10:33:49.058+0000] {processor.py:753} INFO - DAG(s) dict_keys(['example_sensor_decorator']) retrieved from /home/airflow/.local/lib/python3.7/site-packages/airflow/example_dags/example_sensor_decorator.py
[2023-04-02T10:33:49.177+0000] {logging_mixin.py:137} INFO - [2023-04-02T10:33:49.177+0000] {dag.py:2705} INFO - Sync 1 DAGs
[2023-04-02T10:33:49.379+0000] {logging_mixin.py:137} INFO - [2023-04-02T10:33:49.378+0000] {dag.py:3456} INFO - Setting next_dagrun for example_sensor_decorator to None, run_after=None
[2023-04-02T10:33:49.430+0000] {processor.py:175} INFO - Processing /home/airflow/.local/lib/python3.7/site-packages/airflow/example_dags/example_sensor_decorator.py took 0.510 seconds
[2023-04-02T10:34:21.151+0000] {processor.py:153} INFO - Started process (PID=848) to work on /home/airflow/.local/lib/python3.7/site-packages/airflow/example_dags/example_sensor_decorator.py
[2023-04-02T10:34:21.186+0000] {processor.py:743} INFO - Processing file /home/airflow/.local/lib/python3.7/site-packages/airflow/example_dags/example_sensor_decorator.py for tasks to queue
[2023-04-02T10:34:21.198+0000] {logging_mixin.py:137} INFO - [2023-04-02T10:34:21.197+0000] {dagbag.py:532} INFO - Filling up the DagBag from /home/airflow/.local/lib/python3.7/site-packages/airflow/example_dags/example_sensor_decorator.py
[2023-04-02T10:34:21.477+0000] {processor.py:753} INFO - DAG(s) dict_keys(['example_sensor_decorator']) retrieved from /home/airflow/.local/lib/python3.7/site-packages/airflow/example_dags/example_sensor_decorator.py
[2023-04-02T10:34:21.727+0000] {logging_mixin.py:137} INFO - [2023-04-02T10:34:21.727+0000] {dag.py:2705} INFO - Sync 1 DAGs
[2023-04-02T10:34:21.870+0000] {logging_mixin.py:137} INFO - [2023-04-02T10:34:21.870+0000] {dag.py:3456} INFO - Setting next_dagrun for example_sensor_decorator to None, run_after=None
[2023-04-02T10:34:21.939+0000] {processor.py:175} INFO - Processing /home/airflow/.local/lib/python3.7/site-packages/airflow/example_dags/example_sensor_decorator.py took 0.808 seconds
[2023-04-02T10:34:52.450+0000] {processor.py:153} INFO - Started process (PID=1069) to work on /home/airflow/.local/lib/python3.7/site-packages/airflow/example_dags/example_sensor_decorator.py
[2023-04-02T10:34:52.452+0000] {processor.py:743} INFO - Processing file /home/airflow/.local/lib/python3.7/site-packages/airflow/example_dags/example_sensor_decorator.py for tasks to queue
[2023-04-02T10:34:52.455+0000] {logging_mixin.py:137} INFO - [2023-04-02T10:34:52.454+0000] {dagbag.py:532} INFO - Filling up the DagBag from /home/airflow/.local/lib/python3.7/site-packages/airflow/example_dags/example_sensor_decorator.py
[2023-04-02T10:34:52.486+0000] {processor.py:753} INFO - DAG(s) dict_keys(['example_sensor_decorator']) retrieved from /home/airflow/.local/lib/python3.7/site-packages/airflow/example_dags/example_sensor_decorator.py
[2023-04-02T10:34:52.523+0000] {logging_mixin.py:137} INFO - [2023-04-02T10:34:52.523+0000] {dag.py:2705} INFO - Sync 1 DAGs
[2023-04-02T10:34:52.568+0000] {logging_mixin.py:137} INFO - [2023-04-02T10:34:52.568+0000] {dag.py:3456} INFO - Setting next_dagrun for example_sensor_decorator to None, run_after=None
[2023-04-02T10:34:52.629+0000] {processor.py:175} INFO - Processing /home/airflow/.local/lib/python3.7/site-packages/airflow/example_dags/example_sensor_decorator.py took 0.184 seconds
[2023-04-02T10:35:22.875+0000] {processor.py:153} INFO - Started process (PID=1287) to work on /home/airflow/.local/lib/python3.7/site-packages/airflow/example_dags/example_sensor_decorator.py
[2023-04-02T10:35:22.877+0000] {processor.py:743} INFO - Processing file /home/airflow/.local/lib/python3.7/site-packages/airflow/example_dags/example_sensor_decorator.py for tasks to queue
[2023-04-02T10:35:22.879+0000] {logging_mixin.py:137} INFO - [2023-04-02T10:35:22.879+0000] {dagbag.py:532} INFO - Filling up the DagBag from /home/airflow/.local/lib/python3.7/site-packages/airflow/example_dags/example_sensor_decorator.py
[2023-04-02T10:35:22.907+0000] {processor.py:753} INFO - DAG(s) dict_keys(['example_sensor_decorator']) retrieved from /home/airflow/.local/lib/python3.7/site-packages/airflow/example_dags/example_sensor_decorator.py
[2023-04-02T10:35:22.944+0000] {logging_mixin.py:137} INFO - [2023-04-02T10:35:22.944+0000] {dag.py:2705} INFO - Sync 1 DAGs
[2023-04-02T10:35:22.995+0000] {logging_mixin.py:137} INFO - [2023-04-02T10:35:22.995+0000] {dag.py:3456} INFO - Setting next_dagrun for example_sensor_decorator to None, run_after=None
[2023-04-02T10:35:23.024+0000] {processor.py:175} INFO - Processing /home/airflow/.local/lib/python3.7/site-packages/airflow/example_dags/example_sensor_decorator.py took 0.153 seconds
[2023-04-02T10:35:53.571+0000] {processor.py:153} INFO - Started process (PID=1505) to work on /home/airflow/.local/lib/python3.7/site-packages/airflow/example_dags/example_sensor_decorator.py
[2023-04-02T10:35:53.575+0000] {processor.py:743} INFO - Processing file /home/airflow/.local/lib/python3.7/site-packages/airflow/example_dags/example_sensor_decorator.py for tasks to queue
[2023-04-02T10:35:53.580+0000] {logging_mixin.py:137} INFO - [2023-04-02T10:35:53.578+0000] {dagbag.py:532} INFO - Filling up the DagBag from /home/airflow/.local/lib/python3.7/site-packages/airflow/example_dags/example_sensor_decorator.py
[2023-04-02T10:35:53.655+0000] {processor.py:753} INFO - DAG(s) dict_keys(['example_sensor_decorator']) retrieved from /home/airflow/.local/lib/python3.7/site-packages/airflow/example_dags/example_sensor_decorator.py
[2023-04-02T10:35:53.712+0000] {logging_mixin.py:137} INFO - [2023-04-02T10:35:53.712+0000] {dag.py:2705} INFO - Sync 1 DAGs
[2023-04-02T10:35:53.775+0000] {logging_mixin.py:137} INFO - [2023-04-02T10:35:53.775+0000] {dag.py:3456} INFO - Setting next_dagrun for example_sensor_decorator to None, run_after=None
[2023-04-02T10:35:53.820+0000] {processor.py:175} INFO - Processing /home/airflow/.local/lib/python3.7/site-packages/airflow/example_dags/example_sensor_decorator.py took 0.254 seconds
[2023-04-02T10:36:24.815+0000] {processor.py:153} INFO - Started process (PID=1721) to work on /home/airflow/.local/lib/python3.7/site-packages/airflow/example_dags/example_sensor_decorator.py
[2023-04-02T10:36:24.816+0000] {processor.py:743} INFO - Processing file /home/airflow/.local/lib/python3.7/site-packages/airflow/example_dags/example_sensor_decorator.py for tasks to queue
[2023-04-02T10:36:24.822+0000] {logging_mixin.py:137} INFO - [2023-04-02T10:36:24.821+0000] {dagbag.py:532} INFO - Filling up the DagBag from /home/airflow/.local/lib/python3.7/site-packages/airflow/example_dags/example_sensor_decorator.py
[2023-04-02T10:36:24.864+0000] {processor.py:753} INFO - DAG(s) dict_keys(['example_sensor_decorator']) retrieved from /home/airflow/.local/lib/python3.7/site-packages/airflow/example_dags/example_sensor_decorator.py
[2023-04-02T10:36:24.899+0000] {logging_mixin.py:137} INFO - [2023-04-02T10:36:24.899+0000] {dag.py:2705} INFO - Sync 1 DAGs
[2023-04-02T10:36:24.935+0000] {logging_mixin.py:137} INFO - [2023-04-02T10:36:24.934+0000] {dag.py:3456} INFO - Setting next_dagrun for example_sensor_decorator to None, run_after=None
[2023-04-02T10:36:24.965+0000] {processor.py:175} INFO - Processing /home/airflow/.local/lib/python3.7/site-packages/airflow/example_dags/example_sensor_decorator.py took 0.157 seconds
[2023-04-02T10:36:55.261+0000] {processor.py:153} INFO - Started process (PID=1939) to work on /home/airflow/.local/lib/python3.7/site-packages/airflow/example_dags/example_sensor_decorator.py
[2023-04-02T10:36:55.263+0000] {processor.py:743} INFO - Processing file /home/airflow/.local/lib/python3.7/site-packages/airflow/example_dags/example_sensor_decorator.py for tasks to queue
[2023-04-02T10:36:55.266+0000] {logging_mixin.py:137} INFO - [2023-04-02T10:36:55.266+0000] {dagbag.py:532} INFO - Filling up the DagBag from /home/airflow/.local/lib/python3.7/site-packages/airflow/example_dags/example_sensor_decorator.py
[2023-04-02T10:36:55.332+0000] {processor.py:753} INFO - DAG(s) dict_keys(['example_sensor_decorator']) retrieved from /home/airflow/.local/lib/python3.7/site-packages/airflow/example_dags/example_sensor_decorator.py
[2023-04-02T10:36:55.399+0000] {logging_mixin.py:137} INFO - [2023-04-02T10:36:55.398+0000] {dag.py:2705} INFO - Sync 1 DAGs
[2023-04-02T10:36:55.468+0000] {logging_mixin.py:137} INFO - [2023-04-02T10:36:55.468+0000] {dag.py:3456} INFO - Setting next_dagrun for example_sensor_decorator to None, run_after=None
[2023-04-02T10:36:55.520+0000] {processor.py:175} INFO - Processing /home/airflow/.local/lib/python3.7/site-packages/airflow/example_dags/example_sensor_decorator.py took 0.271 seconds
[2023-04-02T10:37:25.776+0000] {processor.py:153} INFO - Started process (PID=2159) to work on /home/airflow/.local/lib/python3.7/site-packages/airflow/example_dags/example_sensor_decorator.py
[2023-04-02T10:37:25.777+0000] {processor.py:743} INFO - Processing file /home/airflow/.local/lib/python3.7/site-packages/airflow/example_dags/example_sensor_decorator.py for tasks to queue
[2023-04-02T10:37:25.781+0000] {logging_mixin.py:137} INFO - [2023-04-02T10:37:25.781+0000] {dagbag.py:532} INFO - Filling up the DagBag from /home/airflow/.local/lib/python3.7/site-packages/airflow/example_dags/example_sensor_decorator.py
[2023-04-02T10:37:25.815+0000] {processor.py:753} INFO - DAG(s) dict_keys(['example_sensor_decorator']) retrieved from /home/airflow/.local/lib/python3.7/site-packages/airflow/example_dags/example_sensor_decorator.py
[2023-04-02T10:37:25.865+0000] {logging_mixin.py:137} INFO - [2023-04-02T10:37:25.865+0000] {dag.py:2705} INFO - Sync 1 DAGs
[2023-04-02T10:37:25.912+0000] {logging_mixin.py:137} INFO - [2023-04-02T10:37:25.912+0000] {dag.py:3456} INFO - Setting next_dagrun for example_sensor_decorator to None, run_after=None
[2023-04-02T10:37:25.949+0000] {processor.py:175} INFO - Processing /home/airflow/.local/lib/python3.7/site-packages/airflow/example_dags/example_sensor_decorator.py took 0.178 seconds
[2023-04-02T10:37:56.195+0000] {processor.py:153} INFO - Started process (PID=2377) to work on /home/airflow/.local/lib/python3.7/site-packages/airflow/example_dags/example_sensor_decorator.py
[2023-04-02T10:37:56.197+0000] {processor.py:743} INFO - Processing file /home/airflow/.local/lib/python3.7/site-packages/airflow/example_dags/example_sensor_decorator.py for tasks to queue
[2023-04-02T10:37:56.201+0000] {logging_mixin.py:137} INFO - [2023-04-02T10:37:56.200+0000] {dagbag.py:532} INFO - Filling up the DagBag from /home/airflow/.local/lib/python3.7/site-packages/airflow/example_dags/example_sensor_decorator.py
[2023-04-02T10:37:56.243+0000] {processor.py:753} INFO - DAG(s) dict_keys(['example_sensor_decorator']) retrieved from /home/airflow/.local/lib/python3.7/site-packages/airflow/example_dags/example_sensor_decorator.py
[2023-04-02T10:37:56.281+0000] {logging_mixin.py:137} INFO - [2023-04-02T10:37:56.281+0000] {dag.py:2705} INFO - Sync 1 DAGs
[2023-04-02T10:37:56.324+0000] {logging_mixin.py:137} INFO - [2023-04-02T10:37:56.324+0000] {dag.py:3456} INFO - Setting next_dagrun for example_sensor_decorator to None, run_after=None
[2023-04-02T10:37:56.356+0000] {processor.py:175} INFO - Processing /home/airflow/.local/lib/python3.7/site-packages/airflow/example_dags/example_sensor_decorator.py took 0.167 seconds
[2023-04-02T10:38:27.232+0000] {processor.py:153} INFO - Started process (PID=2593) to work on /home/airflow/.local/lib/python3.7/site-packages/airflow/example_dags/example_sensor_decorator.py
[2023-04-02T10:38:27.235+0000] {processor.py:743} INFO - Processing file /home/airflow/.local/lib/python3.7/site-packages/airflow/example_dags/example_sensor_decorator.py for tasks to queue
[2023-04-02T10:38:27.237+0000] {logging_mixin.py:137} INFO - [2023-04-02T10:38:27.237+0000] {dagbag.py:532} INFO - Filling up the DagBag from /home/airflow/.local/lib/python3.7/site-packages/airflow/example_dags/example_sensor_decorator.py
[2023-04-02T10:38:27.283+0000] {processor.py:753} INFO - DAG(s) dict_keys(['example_sensor_decorator']) retrieved from /home/airflow/.local/lib/python3.7/site-packages/airflow/example_dags/example_sensor_decorator.py
[2023-04-02T10:38:27.331+0000] {logging_mixin.py:137} INFO - [2023-04-02T10:38:27.331+0000] {dag.py:2705} INFO - Sync 1 DAGs
[2023-04-02T10:38:27.375+0000] {logging_mixin.py:137} INFO - [2023-04-02T10:38:27.375+0000] {dag.py:3456} INFO - Setting next_dagrun for example_sensor_decorator to None, run_after=None
[2023-04-02T10:38:27.415+0000] {processor.py:175} INFO - Processing /home/airflow/.local/lib/python3.7/site-packages/airflow/example_dags/example_sensor_decorator.py took 0.193 seconds
[2023-04-02T10:38:58.315+0000] {processor.py:153} INFO - Started process (PID=2813) to work on /home/airflow/.local/lib/python3.7/site-packages/airflow/example_dags/example_sensor_decorator.py
[2023-04-02T10:38:58.318+0000] {processor.py:743} INFO - Processing file /home/airflow/.local/lib/python3.7/site-packages/airflow/example_dags/example_sensor_decorator.py for tasks to queue
[2023-04-02T10:38:58.323+0000] {logging_mixin.py:137} INFO - [2023-04-02T10:38:58.322+0000] {dagbag.py:532} INFO - Filling up the DagBag from /home/airflow/.local/lib/python3.7/site-packages/airflow/example_dags/example_sensor_decorator.py
[2023-04-02T10:38:58.370+0000] {processor.py:753} INFO - DAG(s) dict_keys(['example_sensor_decorator']) retrieved from /home/airflow/.local/lib/python3.7/site-packages/airflow/example_dags/example_sensor_decorator.py
[2023-04-02T10:38:58.409+0000] {logging_mixin.py:137} INFO - [2023-04-02T10:38:58.409+0000] {dag.py:2705} INFO - Sync 1 DAGs
[2023-04-02T10:38:58.454+0000] {logging_mixin.py:137} INFO - [2023-04-02T10:38:58.454+0000] {dag.py:3456} INFO - Setting next_dagrun for example_sensor_decorator to None, run_after=None
[2023-04-02T10:38:58.488+0000] {processor.py:175} INFO - Processing /home/airflow/.local/lib/python3.7/site-packages/airflow/example_dags/example_sensor_decorator.py took 0.180 seconds
[2023-04-02T10:39:29.544+0000] {processor.py:153} INFO - Started process (PID=3029) to work on /home/airflow/.local/lib/python3.7/site-packages/airflow/example_dags/example_sensor_decorator.py
[2023-04-02T10:39:29.547+0000] {processor.py:743} INFO - Processing file /home/airflow/.local/lib/python3.7/site-packages/airflow/example_dags/example_sensor_decorator.py for tasks to queue
[2023-04-02T10:39:29.552+0000] {logging_mixin.py:137} INFO - [2023-04-02T10:39:29.552+0000] {dagbag.py:532} INFO - Filling up the DagBag from /home/airflow/.local/lib/python3.7/site-packages/airflow/example_dags/example_sensor_decorator.py
[2023-04-02T10:39:29.688+0000] {processor.py:753} INFO - DAG(s) dict_keys(['example_sensor_decorator']) retrieved from /home/airflow/.local/lib/python3.7/site-packages/airflow/example_dags/example_sensor_decorator.py
[2023-04-02T10:39:29.743+0000] {logging_mixin.py:137} INFO - [2023-04-02T10:39:29.743+0000] {dag.py:2705} INFO - Sync 1 DAGs
[2023-04-02T10:39:29.793+0000] {logging_mixin.py:137} INFO - [2023-04-02T10:39:29.793+0000] {dag.py:3456} INFO - Setting next_dagrun for example_sensor_decorator to None, run_after=None
[2023-04-02T10:39:29.846+0000] {processor.py:175} INFO - Processing /home/airflow/.local/lib/python3.7/site-packages/airflow/example_dags/example_sensor_decorator.py took 0.316 seconds
[2023-04-02T10:40:00.769+0000] {processor.py:153} INFO - Started process (PID=3247) to work on /home/airflow/.local/lib/python3.7/site-packages/airflow/example_dags/example_sensor_decorator.py
[2023-04-02T10:40:00.771+0000] {processor.py:743} INFO - Processing file /home/airflow/.local/lib/python3.7/site-packages/airflow/example_dags/example_sensor_decorator.py for tasks to queue
[2023-04-02T10:40:00.774+0000] {logging_mixin.py:137} INFO - [2023-04-02T10:40:00.774+0000] {dagbag.py:532} INFO - Filling up the DagBag from /home/airflow/.local/lib/python3.7/site-packages/airflow/example_dags/example_sensor_decorator.py
[2023-04-02T10:40:00.818+0000] {processor.py:753} INFO - DAG(s) dict_keys(['example_sensor_decorator']) retrieved from /home/airflow/.local/lib/python3.7/site-packages/airflow/example_dags/example_sensor_decorator.py
[2023-04-02T10:40:00.861+0000] {logging_mixin.py:137} INFO - [2023-04-02T10:40:00.860+0000] {dag.py:2705} INFO - Sync 1 DAGs
[2023-04-02T10:40:00.921+0000] {logging_mixin.py:137} INFO - [2023-04-02T10:40:00.921+0000] {dag.py:3456} INFO - Setting next_dagrun for example_sensor_decorator to None, run_after=None
[2023-04-02T10:40:00.952+0000] {processor.py:175} INFO - Processing /home/airflow/.local/lib/python3.7/site-packages/airflow/example_dags/example_sensor_decorator.py took 0.188 seconds
[2023-04-02T10:40:31.527+0000] {processor.py:153} INFO - Started process (PID=3467) to work on /home/airflow/.local/lib/python3.7/site-packages/airflow/example_dags/example_sensor_decorator.py
[2023-04-02T10:40:31.530+0000] {processor.py:743} INFO - Processing file /home/airflow/.local/lib/python3.7/site-packages/airflow/example_dags/example_sensor_decorator.py for tasks to queue
[2023-04-02T10:40:31.532+0000] {logging_mixin.py:137} INFO - [2023-04-02T10:40:31.532+0000] {dagbag.py:532} INFO - Filling up the DagBag from /home/airflow/.local/lib/python3.7/site-packages/airflow/example_dags/example_sensor_decorator.py
[2023-04-02T10:40:31.564+0000] {processor.py:753} INFO - DAG(s) dict_keys(['example_sensor_decorator']) retrieved from /home/airflow/.local/lib/python3.7/site-packages/airflow/example_dags/example_sensor_decorator.py
[2023-04-02T10:40:31.599+0000] {logging_mixin.py:137} INFO - [2023-04-02T10:40:31.599+0000] {dag.py:2705} INFO - Sync 1 DAGs
[2023-04-02T10:40:31.647+0000] {logging_mixin.py:137} INFO - [2023-04-02T10:40:31.646+0000] {dag.py:3456} INFO - Setting next_dagrun for example_sensor_decorator to None, run_after=None
[2023-04-02T10:40:31.679+0000] {processor.py:175} INFO - Processing /home/airflow/.local/lib/python3.7/site-packages/airflow/example_dags/example_sensor_decorator.py took 0.156 seconds
[2023-04-02T10:41:02.199+0000] {processor.py:153} INFO - Started process (PID=3683) to work on /home/airflow/.local/lib/python3.7/site-packages/airflow/example_dags/example_sensor_decorator.py
[2023-04-02T10:41:02.209+0000] {processor.py:743} INFO - Processing file /home/airflow/.local/lib/python3.7/site-packages/airflow/example_dags/example_sensor_decorator.py for tasks to queue
[2023-04-02T10:41:02.220+0000] {logging_mixin.py:137} INFO - [2023-04-02T10:41:02.219+0000] {dagbag.py:532} INFO - Filling up the DagBag from /home/airflow/.local/lib/python3.7/site-packages/airflow/example_dags/example_sensor_decorator.py
[2023-04-02T10:41:02.351+0000] {processor.py:753} INFO - DAG(s) dict_keys(['example_sensor_decorator']) retrieved from /home/airflow/.local/lib/python3.7/site-packages/airflow/example_dags/example_sensor_decorator.py
[2023-04-02T10:41:02.430+0000] {logging_mixin.py:137} INFO - [2023-04-02T10:41:02.430+0000] {dag.py:2705} INFO - Sync 1 DAGs
[2023-04-02T10:41:02.565+0000] {logging_mixin.py:137} INFO - [2023-04-02T10:41:02.565+0000] {dag.py:3456} INFO - Setting next_dagrun for example_sensor_decorator to None, run_after=None
[2023-04-02T10:41:02.643+0000] {processor.py:175} INFO - Processing /home/airflow/.local/lib/python3.7/site-packages/airflow/example_dags/example_sensor_decorator.py took 0.452 seconds
[2023-04-02T10:41:32.996+0000] {processor.py:153} INFO - Started process (PID=3903) to work on /home/airflow/.local/lib/python3.7/site-packages/airflow/example_dags/example_sensor_decorator.py
[2023-04-02T10:41:33.002+0000] {processor.py:743} INFO - Processing file /home/airflow/.local/lib/python3.7/site-packages/airflow/example_dags/example_sensor_decorator.py for tasks to queue
[2023-04-02T10:41:33.007+0000] {logging_mixin.py:137} INFO - [2023-04-02T10:41:33.006+0000] {dagbag.py:532} INFO - Filling up the DagBag from /home/airflow/.local/lib/python3.7/site-packages/airflow/example_dags/example_sensor_decorator.py
[2023-04-02T10:41:33.081+0000] {processor.py:753} INFO - DAG(s) dict_keys(['example_sensor_decorator']) retrieved from /home/airflow/.local/lib/python3.7/site-packages/airflow/example_dags/example_sensor_decorator.py
[2023-04-02T10:41:33.148+0000] {logging_mixin.py:137} INFO - [2023-04-02T10:41:33.148+0000] {dag.py:2705} INFO - Sync 1 DAGs
[2023-04-02T10:41:33.222+0000] {logging_mixin.py:137} INFO - [2023-04-02T10:41:33.221+0000] {dag.py:3456} INFO - Setting next_dagrun for example_sensor_decorator to None, run_after=None
[2023-04-02T10:41:33.284+0000] {processor.py:175} INFO - Processing /home/airflow/.local/lib/python3.7/site-packages/airflow/example_dags/example_sensor_decorator.py took 0.308 seconds
[2023-04-02T10:42:03.966+0000] {processor.py:153} INFO - Started process (PID=4119) to work on /home/airflow/.local/lib/python3.7/site-packages/airflow/example_dags/example_sensor_decorator.py
[2023-04-02T10:42:03.973+0000] {processor.py:743} INFO - Processing file /home/airflow/.local/lib/python3.7/site-packages/airflow/example_dags/example_sensor_decorator.py for tasks to queue
[2023-04-02T10:42:03.976+0000] {logging_mixin.py:137} INFO - [2023-04-02T10:42:03.975+0000] {dagbag.py:532} INFO - Filling up the DagBag from /home/airflow/.local/lib/python3.7/site-packages/airflow/example_dags/example_sensor_decorator.py
[2023-04-02T10:42:04.109+0000] {processor.py:753} INFO - DAG(s) dict_keys(['example_sensor_decorator']) retrieved from /home/airflow/.local/lib/python3.7/site-packages/airflow/example_dags/example_sensor_decorator.py
[2023-04-02T10:42:04.276+0000] {logging_mixin.py:137} INFO - [2023-04-02T10:42:04.275+0000] {dag.py:2705} INFO - Sync 1 DAGs
[2023-04-02T10:42:04.581+0000] {logging_mixin.py:137} INFO - [2023-04-02T10:42:04.581+0000] {dag.py:3456} INFO - Setting next_dagrun for example_sensor_decorator to None, run_after=None
[2023-04-02T10:42:04.734+0000] {processor.py:175} INFO - Processing /home/airflow/.local/lib/python3.7/site-packages/airflow/example_dags/example_sensor_decorator.py took 0.795 seconds
[2023-04-02T10:42:35.169+0000] {processor.py:153} INFO - Started process (PID=4340) to work on /home/airflow/.local/lib/python3.7/site-packages/airflow/example_dags/example_sensor_decorator.py
[2023-04-02T10:42:35.176+0000] {processor.py:743} INFO - Processing file /home/airflow/.local/lib/python3.7/site-packages/airflow/example_dags/example_sensor_decorator.py for tasks to queue
[2023-04-02T10:42:35.179+0000] {logging_mixin.py:137} INFO - [2023-04-02T10:42:35.178+0000] {dagbag.py:532} INFO - Filling up the DagBag from /home/airflow/.local/lib/python3.7/site-packages/airflow/example_dags/example_sensor_decorator.py
[2023-04-02T10:42:35.249+0000] {processor.py:753} INFO - DAG(s) dict_keys(['example_sensor_decorator']) retrieved from /home/airflow/.local/lib/python3.7/site-packages/airflow/example_dags/example_sensor_decorator.py
[2023-04-02T10:42:35.303+0000] {logging_mixin.py:137} INFO - [2023-04-02T10:42:35.302+0000] {dag.py:2705} INFO - Sync 1 DAGs
[2023-04-02T10:42:35.423+0000] {logging_mixin.py:137} INFO - [2023-04-02T10:42:35.422+0000] {dag.py:3456} INFO - Setting next_dagrun for example_sensor_decorator to None, run_after=None
[2023-04-02T10:42:35.523+0000] {processor.py:175} INFO - Processing /home/airflow/.local/lib/python3.7/site-packages/airflow/example_dags/example_sensor_decorator.py took 0.366 seconds
[2023-04-02T10:43:05.792+0000] {processor.py:153} INFO - Started process (PID=4558) to work on /home/airflow/.local/lib/python3.7/site-packages/airflow/example_dags/example_sensor_decorator.py
[2023-04-02T10:43:05.794+0000] {processor.py:743} INFO - Processing file /home/airflow/.local/lib/python3.7/site-packages/airflow/example_dags/example_sensor_decorator.py for tasks to queue
[2023-04-02T10:43:05.797+0000] {logging_mixin.py:137} INFO - [2023-04-02T10:43:05.797+0000] {dagbag.py:532} INFO - Filling up the DagBag from /home/airflow/.local/lib/python3.7/site-packages/airflow/example_dags/example_sensor_decorator.py
[2023-04-02T10:43:05.835+0000] {processor.py:753} INFO - DAG(s) dict_keys(['example_sensor_decorator']) retrieved from /home/airflow/.local/lib/python3.7/site-packages/airflow/example_dags/example_sensor_decorator.py
[2023-04-02T10:43:05.872+0000] {logging_mixin.py:137} INFO - [2023-04-02T10:43:05.872+0000] {dag.py:2705} INFO - Sync 1 DAGs
[2023-04-02T10:43:05.924+0000] {logging_mixin.py:137} INFO - [2023-04-02T10:43:05.924+0000] {dag.py:3456} INFO - Setting next_dagrun for example_sensor_decorator to None, run_after=None
[2023-04-02T10:43:05.959+0000] {processor.py:175} INFO - Processing /home/airflow/.local/lib/python3.7/site-packages/airflow/example_dags/example_sensor_decorator.py took 0.173 seconds
[2023-04-02T10:43:36.365+0000] {processor.py:153} INFO - Started process (PID=4776) to work on /home/airflow/.local/lib/python3.7/site-packages/airflow/example_dags/example_sensor_decorator.py
[2023-04-02T10:43:36.372+0000] {processor.py:743} INFO - Processing file /home/airflow/.local/lib/python3.7/site-packages/airflow/example_dags/example_sensor_decorator.py for tasks to queue
[2023-04-02T10:43:36.375+0000] {logging_mixin.py:137} INFO - [2023-04-02T10:43:36.375+0000] {dagbag.py:532} INFO - Filling up the DagBag from /home/airflow/.local/lib/python3.7/site-packages/airflow/example_dags/example_sensor_decorator.py
[2023-04-02T10:43:36.477+0000] {processor.py:753} INFO - DAG(s) dict_keys(['example_sensor_decorator']) retrieved from /home/airflow/.local/lib/python3.7/site-packages/airflow/example_dags/example_sensor_decorator.py
[2023-04-02T10:43:36.554+0000] {logging_mixin.py:137} INFO - [2023-04-02T10:43:36.554+0000] {dag.py:2705} INFO - Sync 1 DAGs
[2023-04-02T10:43:36.730+0000] {logging_mixin.py:137} INFO - [2023-04-02T10:43:36.730+0000] {dag.py:3456} INFO - Setting next_dagrun for example_sensor_decorator to None, run_after=None
[2023-04-02T10:43:36.761+0000] {processor.py:175} INFO - Processing /home/airflow/.local/lib/python3.7/site-packages/airflow/example_dags/example_sensor_decorator.py took 0.402 seconds
[2023-04-02T10:44:07.320+0000] {processor.py:153} INFO - Started process (PID=5001) to work on /home/airflow/.local/lib/python3.7/site-packages/airflow/example_dags/example_sensor_decorator.py
[2023-04-02T10:44:07.328+0000] {processor.py:743} INFO - Processing file /home/airflow/.local/lib/python3.7/site-packages/airflow/example_dags/example_sensor_decorator.py for tasks to queue
[2023-04-02T10:44:07.340+0000] {logging_mixin.py:137} INFO - [2023-04-02T10:44:07.340+0000] {dagbag.py:532} INFO - Filling up the DagBag from /home/airflow/.local/lib/python3.7/site-packages/airflow/example_dags/example_sensor_decorator.py
[2023-04-02T10:44:07.398+0000] {processor.py:753} INFO - DAG(s) dict_keys(['example_sensor_decorator']) retrieved from /home/airflow/.local/lib/python3.7/site-packages/airflow/example_dags/example_sensor_decorator.py
[2023-04-02T10:44:07.446+0000] {logging_mixin.py:137} INFO - [2023-04-02T10:44:07.446+0000] {dag.py:2705} INFO - Sync 1 DAGs
[2023-04-02T10:44:07.500+0000] {logging_mixin.py:137} INFO - [2023-04-02T10:44:07.500+0000] {dag.py:3456} INFO - Setting next_dagrun for example_sensor_decorator to None, run_after=None
[2023-04-02T10:44:07.541+0000] {processor.py:175} INFO - Processing /home/airflow/.local/lib/python3.7/site-packages/airflow/example_dags/example_sensor_decorator.py took 0.255 seconds
[2023-04-02T10:44:37.820+0000] {processor.py:153} INFO - Started process (PID=5219) to work on /home/airflow/.local/lib/python3.7/site-packages/airflow/example_dags/example_sensor_decorator.py
[2023-04-02T10:44:37.823+0000] {processor.py:743} INFO - Processing file /home/airflow/.local/lib/python3.7/site-packages/airflow/example_dags/example_sensor_decorator.py for tasks to queue
[2023-04-02T10:44:37.826+0000] {logging_mixin.py:137} INFO - [2023-04-02T10:44:37.825+0000] {dagbag.py:532} INFO - Filling up the DagBag from /home/airflow/.local/lib/python3.7/site-packages/airflow/example_dags/example_sensor_decorator.py
[2023-04-02T10:44:37.872+0000] {processor.py:753} INFO - DAG(s) dict_keys(['example_sensor_decorator']) retrieved from /home/airflow/.local/lib/python3.7/site-packages/airflow/example_dags/example_sensor_decorator.py
[2023-04-02T10:44:37.919+0000] {logging_mixin.py:137} INFO - [2023-04-02T10:44:37.919+0000] {dag.py:2705} INFO - Sync 1 DAGs
[2023-04-02T10:44:37.972+0000] {logging_mixin.py:137} INFO - [2023-04-02T10:44:37.972+0000] {dag.py:3456} INFO - Setting next_dagrun for example_sensor_decorator to None, run_after=None
[2023-04-02T10:44:38.022+0000] {processor.py:175} INFO - Processing /home/airflow/.local/lib/python3.7/site-packages/airflow/example_dags/example_sensor_decorator.py took 0.209 seconds
[2023-04-02T10:45:08.329+0000] {processor.py:153} INFO - Started process (PID=5437) to work on /home/airflow/.local/lib/python3.7/site-packages/airflow/example_dags/example_sensor_decorator.py
[2023-04-02T10:45:08.331+0000] {processor.py:743} INFO - Processing file /home/airflow/.local/lib/python3.7/site-packages/airflow/example_dags/example_sensor_decorator.py for tasks to queue
[2023-04-02T10:45:08.336+0000] {logging_mixin.py:137} INFO - [2023-04-02T10:45:08.336+0000] {dagbag.py:532} INFO - Filling up the DagBag from /home/airflow/.local/lib/python3.7/site-packages/airflow/example_dags/example_sensor_decorator.py
[2023-04-02T10:45:08.395+0000] {processor.py:753} INFO - DAG(s) dict_keys(['example_sensor_decorator']) retrieved from /home/airflow/.local/lib/python3.7/site-packages/airflow/example_dags/example_sensor_decorator.py
[2023-04-02T10:45:08.442+0000] {logging_mixin.py:137} INFO - [2023-04-02T10:45:08.441+0000] {dag.py:2705} INFO - Sync 1 DAGs
[2023-04-02T10:45:08.497+0000] {logging_mixin.py:137} INFO - [2023-04-02T10:45:08.497+0000] {dag.py:3456} INFO - Setting next_dagrun for example_sensor_decorator to None, run_after=None
[2023-04-02T10:45:08.541+0000] {processor.py:175} INFO - Processing /home/airflow/.local/lib/python3.7/site-packages/airflow/example_dags/example_sensor_decorator.py took 0.221 seconds
[2023-04-02T10:45:38.638+0000] {processor.py:153} INFO - Started process (PID=5655) to work on /home/airflow/.local/lib/python3.7/site-packages/airflow/example_dags/example_sensor_decorator.py
[2023-04-02T10:45:38.640+0000] {processor.py:743} INFO - Processing file /home/airflow/.local/lib/python3.7/site-packages/airflow/example_dags/example_sensor_decorator.py for tasks to queue
[2023-04-02T10:45:38.644+0000] {logging_mixin.py:137} INFO - [2023-04-02T10:45:38.644+0000] {dagbag.py:532} INFO - Filling up the DagBag from /home/airflow/.local/lib/python3.7/site-packages/airflow/example_dags/example_sensor_decorator.py
[2023-04-02T10:45:38.682+0000] {processor.py:753} INFO - DAG(s) dict_keys(['example_sensor_decorator']) retrieved from /home/airflow/.local/lib/python3.7/site-packages/airflow/example_dags/example_sensor_decorator.py
[2023-04-02T10:45:38.737+0000] {logging_mixin.py:137} INFO - [2023-04-02T10:45:38.737+0000] {dag.py:2705} INFO - Sync 1 DAGs
[2023-04-02T10:45:38.788+0000] {logging_mixin.py:137} INFO - [2023-04-02T10:45:38.788+0000] {dag.py:3456} INFO - Setting next_dagrun for example_sensor_decorator to None, run_after=None
[2023-04-02T10:45:38.824+0000] {processor.py:175} INFO - Processing /home/airflow/.local/lib/python3.7/site-packages/airflow/example_dags/example_sensor_decorator.py took 0.192 seconds
[2023-04-02T10:46:08.990+0000] {processor.py:153} INFO - Started process (PID=5871) to work on /home/airflow/.local/lib/python3.7/site-packages/airflow/example_dags/example_sensor_decorator.py
[2023-04-02T10:46:08.997+0000] {processor.py:743} INFO - Processing file /home/airflow/.local/lib/python3.7/site-packages/airflow/example_dags/example_sensor_decorator.py for tasks to queue
[2023-04-02T10:46:09.006+0000] {logging_mixin.py:137} INFO - [2023-04-02T10:46:09.005+0000] {dagbag.py:532} INFO - Filling up the DagBag from /home/airflow/.local/lib/python3.7/site-packages/airflow/example_dags/example_sensor_decorator.py
[2023-04-02T10:46:09.154+0000] {processor.py:753} INFO - DAG(s) dict_keys(['example_sensor_decorator']) retrieved from /home/airflow/.local/lib/python3.7/site-packages/airflow/example_dags/example_sensor_decorator.py
[2023-04-02T10:46:09.245+0000] {logging_mixin.py:137} INFO - [2023-04-02T10:46:09.245+0000] {dag.py:2705} INFO - Sync 1 DAGs
[2023-04-02T10:46:09.314+0000] {logging_mixin.py:137} INFO - [2023-04-02T10:46:09.314+0000] {dag.py:3456} INFO - Setting next_dagrun for example_sensor_decorator to None, run_after=None
[2023-04-02T10:46:09.359+0000] {processor.py:175} INFO - Processing /home/airflow/.local/lib/python3.7/site-packages/airflow/example_dags/example_sensor_decorator.py took 0.384 seconds
[2023-04-02T10:46:39.549+0000] {processor.py:153} INFO - Started process (PID=6091) to work on /home/airflow/.local/lib/python3.7/site-packages/airflow/example_dags/example_sensor_decorator.py
[2023-04-02T10:46:39.551+0000] {processor.py:743} INFO - Processing file /home/airflow/.local/lib/python3.7/site-packages/airflow/example_dags/example_sensor_decorator.py for tasks to queue
[2023-04-02T10:46:39.554+0000] {logging_mixin.py:137} INFO - [2023-04-02T10:46:39.554+0000] {dagbag.py:532} INFO - Filling up the DagBag from /home/airflow/.local/lib/python3.7/site-packages/airflow/example_dags/example_sensor_decorator.py
[2023-04-02T10:46:39.601+0000] {processor.py:753} INFO - DAG(s) dict_keys(['example_sensor_decorator']) retrieved from /home/airflow/.local/lib/python3.7/site-packages/airflow/example_dags/example_sensor_decorator.py
[2023-04-02T10:46:39.653+0000] {logging_mixin.py:137} INFO - [2023-04-02T10:46:39.652+0000] {dag.py:2705} INFO - Sync 1 DAGs
[2023-04-02T10:46:39.701+0000] {logging_mixin.py:137} INFO - [2023-04-02T10:46:39.701+0000] {dag.py:3456} INFO - Setting next_dagrun for example_sensor_decorator to None, run_after=None
[2023-04-02T10:46:39.747+0000] {processor.py:175} INFO - Processing /home/airflow/.local/lib/python3.7/site-packages/airflow/example_dags/example_sensor_decorator.py took 0.211 seconds
[2023-04-02T10:47:10.440+0000] {processor.py:153} INFO - Started process (PID=6310) to work on /home/airflow/.local/lib/python3.7/site-packages/airflow/example_dags/example_sensor_decorator.py
[2023-04-02T10:47:10.443+0000] {processor.py:743} INFO - Processing file /home/airflow/.local/lib/python3.7/site-packages/airflow/example_dags/example_sensor_decorator.py for tasks to queue
[2023-04-02T10:47:10.445+0000] {logging_mixin.py:137} INFO - [2023-04-02T10:47:10.445+0000] {dagbag.py:532} INFO - Filling up the DagBag from /home/airflow/.local/lib/python3.7/site-packages/airflow/example_dags/example_sensor_decorator.py
[2023-04-02T10:47:10.489+0000] {processor.py:753} INFO - DAG(s) dict_keys(['example_sensor_decorator']) retrieved from /home/airflow/.local/lib/python3.7/site-packages/airflow/example_dags/example_sensor_decorator.py
[2023-04-02T10:47:10.546+0000] {logging_mixin.py:137} INFO - [2023-04-02T10:47:10.546+0000] {dag.py:2705} INFO - Sync 1 DAGs
[2023-04-02T10:47:10.584+0000] {logging_mixin.py:137} INFO - [2023-04-02T10:47:10.584+0000] {dag.py:3456} INFO - Setting next_dagrun for example_sensor_decorator to None, run_after=None
[2023-04-02T10:47:10.610+0000] {processor.py:175} INFO - Processing /home/airflow/.local/lib/python3.7/site-packages/airflow/example_dags/example_sensor_decorator.py took 0.175 seconds
[2023-04-02T10:47:40.665+0000] {processor.py:153} INFO - Started process (PID=6526) to work on /home/airflow/.local/lib/python3.7/site-packages/airflow/example_dags/example_sensor_decorator.py
[2023-04-02T10:47:40.668+0000] {processor.py:743} INFO - Processing file /home/airflow/.local/lib/python3.7/site-packages/airflow/example_dags/example_sensor_decorator.py for tasks to queue
[2023-04-02T10:47:40.671+0000] {logging_mixin.py:137} INFO - [2023-04-02T10:47:40.670+0000] {dagbag.py:532} INFO - Filling up the DagBag from /home/airflow/.local/lib/python3.7/site-packages/airflow/example_dags/example_sensor_decorator.py
[2023-04-02T10:47:40.708+0000] {processor.py:753} INFO - DAG(s) dict_keys(['example_sensor_decorator']) retrieved from /home/airflow/.local/lib/python3.7/site-packages/airflow/example_dags/example_sensor_decorator.py
[2023-04-02T10:47:40.744+0000] {logging_mixin.py:137} INFO - [2023-04-02T10:47:40.744+0000] {dag.py:2705} INFO - Sync 1 DAGs
[2023-04-02T10:47:40.817+0000] {logging_mixin.py:137} INFO - [2023-04-02T10:47:40.816+0000] {dag.py:3456} INFO - Setting next_dagrun for example_sensor_decorator to None, run_after=None
[2023-04-02T10:47:40.867+0000] {processor.py:175} INFO - Processing /home/airflow/.local/lib/python3.7/site-packages/airflow/example_dags/example_sensor_decorator.py took 0.209 seconds
[2023-04-02T10:48:11.058+0000] {processor.py:153} INFO - Started process (PID=6744) to work on /home/airflow/.local/lib/python3.7/site-packages/airflow/example_dags/example_sensor_decorator.py
[2023-04-02T10:48:11.061+0000] {processor.py:743} INFO - Processing file /home/airflow/.local/lib/python3.7/site-packages/airflow/example_dags/example_sensor_decorator.py for tasks to queue
[2023-04-02T10:48:11.064+0000] {logging_mixin.py:137} INFO - [2023-04-02T10:48:11.063+0000] {dagbag.py:532} INFO - Filling up the DagBag from /home/airflow/.local/lib/python3.7/site-packages/airflow/example_dags/example_sensor_decorator.py
[2023-04-02T10:48:11.122+0000] {processor.py:753} INFO - DAG(s) dict_keys(['example_sensor_decorator']) retrieved from /home/airflow/.local/lib/python3.7/site-packages/airflow/example_dags/example_sensor_decorator.py
[2023-04-02T10:48:11.167+0000] {logging_mixin.py:137} INFO - [2023-04-02T10:48:11.167+0000] {dag.py:2705} INFO - Sync 1 DAGs
[2023-04-02T10:48:11.211+0000] {logging_mixin.py:137} INFO - [2023-04-02T10:48:11.211+0000] {dag.py:3456} INFO - Setting next_dagrun for example_sensor_decorator to None, run_after=None
[2023-04-02T10:48:11.256+0000] {processor.py:175} INFO - Processing /home/airflow/.local/lib/python3.7/site-packages/airflow/example_dags/example_sensor_decorator.py took 0.203 seconds
[2023-04-02T10:48:41.547+0000] {processor.py:153} INFO - Started process (PID=6962) to work on /home/airflow/.local/lib/python3.7/site-packages/airflow/example_dags/example_sensor_decorator.py
[2023-04-02T10:48:41.555+0000] {processor.py:743} INFO - Processing file /home/airflow/.local/lib/python3.7/site-packages/airflow/example_dags/example_sensor_decorator.py for tasks to queue
[2023-04-02T10:48:41.557+0000] {logging_mixin.py:137} INFO - [2023-04-02T10:48:41.557+0000] {dagbag.py:532} INFO - Filling up the DagBag from /home/airflow/.local/lib/python3.7/site-packages/airflow/example_dags/example_sensor_decorator.py
[2023-04-02T10:48:41.592+0000] {processor.py:753} INFO - DAG(s) dict_keys(['example_sensor_decorator']) retrieved from /home/airflow/.local/lib/python3.7/site-packages/airflow/example_dags/example_sensor_decorator.py
[2023-04-02T10:48:41.643+0000] {logging_mixin.py:137} INFO - [2023-04-02T10:48:41.643+0000] {dag.py:2705} INFO - Sync 1 DAGs
[2023-04-02T10:48:41.747+0000] {logging_mixin.py:137} INFO - [2023-04-02T10:48:41.747+0000] {dag.py:3456} INFO - Setting next_dagrun for example_sensor_decorator to None, run_after=None
[2023-04-02T10:48:41.797+0000] {processor.py:175} INFO - Processing /home/airflow/.local/lib/python3.7/site-packages/airflow/example_dags/example_sensor_decorator.py took 0.272 seconds
[2023-04-02T10:49:12.031+0000] {processor.py:153} INFO - Started process (PID=7180) to work on /home/airflow/.local/lib/python3.7/site-packages/airflow/example_dags/example_sensor_decorator.py
[2023-04-02T10:49:12.034+0000] {processor.py:743} INFO - Processing file /home/airflow/.local/lib/python3.7/site-packages/airflow/example_dags/example_sensor_decorator.py for tasks to queue
[2023-04-02T10:49:12.037+0000] {logging_mixin.py:137} INFO - [2023-04-02T10:49:12.037+0000] {dagbag.py:532} INFO - Filling up the DagBag from /home/airflow/.local/lib/python3.7/site-packages/airflow/example_dags/example_sensor_decorator.py
[2023-04-02T10:49:12.081+0000] {processor.py:753} INFO - DAG(s) dict_keys(['example_sensor_decorator']) retrieved from /home/airflow/.local/lib/python3.7/site-packages/airflow/example_dags/example_sensor_decorator.py
[2023-04-02T10:49:12.131+0000] {logging_mixin.py:137} INFO - [2023-04-02T10:49:12.130+0000] {dag.py:2705} INFO - Sync 1 DAGs
[2023-04-02T10:49:12.179+0000] {logging_mixin.py:137} INFO - [2023-04-02T10:49:12.179+0000] {dag.py:3456} INFO - Setting next_dagrun for example_sensor_decorator to None, run_after=None
[2023-04-02T10:49:12.223+0000] {processor.py:175} INFO - Processing /home/airflow/.local/lib/python3.7/site-packages/airflow/example_dags/example_sensor_decorator.py took 0.199 seconds
[2023-04-02T10:49:43.063+0000] {processor.py:153} INFO - Started process (PID=7399) to work on /home/airflow/.local/lib/python3.7/site-packages/airflow/example_dags/example_sensor_decorator.py
[2023-04-02T10:49:43.065+0000] {processor.py:743} INFO - Processing file /home/airflow/.local/lib/python3.7/site-packages/airflow/example_dags/example_sensor_decorator.py for tasks to queue
[2023-04-02T10:49:43.070+0000] {logging_mixin.py:137} INFO - [2023-04-02T10:49:43.070+0000] {dagbag.py:532} INFO - Filling up the DagBag from /home/airflow/.local/lib/python3.7/site-packages/airflow/example_dags/example_sensor_decorator.py
[2023-04-02T10:49:43.102+0000] {processor.py:753} INFO - DAG(s) dict_keys(['example_sensor_decorator']) retrieved from /home/airflow/.local/lib/python3.7/site-packages/airflow/example_dags/example_sensor_decorator.py
[2023-04-02T10:49:43.137+0000] {logging_mixin.py:137} INFO - [2023-04-02T10:49:43.137+0000] {dag.py:2705} INFO - Sync 1 DAGs
[2023-04-02T10:49:43.178+0000] {logging_mixin.py:137} INFO - [2023-04-02T10:49:43.176+0000] {dag.py:3456} INFO - Setting next_dagrun for example_sensor_decorator to None, run_after=None
[2023-04-02T10:49:43.205+0000] {processor.py:175} INFO - Processing /home/airflow/.local/lib/python3.7/site-packages/airflow/example_dags/example_sensor_decorator.py took 0.148 seconds
[2023-04-02T10:50:13.676+0000] {processor.py:153} INFO - Started process (PID=7616) to work on /home/airflow/.local/lib/python3.7/site-packages/airflow/example_dags/example_sensor_decorator.py
[2023-04-02T10:50:13.678+0000] {processor.py:743} INFO - Processing file /home/airflow/.local/lib/python3.7/site-packages/airflow/example_dags/example_sensor_decorator.py for tasks to queue
[2023-04-02T10:50:13.680+0000] {logging_mixin.py:137} INFO - [2023-04-02T10:50:13.680+0000] {dagbag.py:532} INFO - Filling up the DagBag from /home/airflow/.local/lib/python3.7/site-packages/airflow/example_dags/example_sensor_decorator.py
[2023-04-02T10:50:13.728+0000] {processor.py:753} INFO - DAG(s) dict_keys(['example_sensor_decorator']) retrieved from /home/airflow/.local/lib/python3.7/site-packages/airflow/example_dags/example_sensor_decorator.py
[2023-04-02T10:50:13.767+0000] {logging_mixin.py:137} INFO - [2023-04-02T10:50:13.767+0000] {dag.py:2705} INFO - Sync 1 DAGs
[2023-04-02T10:50:13.808+0000] {logging_mixin.py:137} INFO - [2023-04-02T10:50:13.807+0000] {dag.py:3456} INFO - Setting next_dagrun for example_sensor_decorator to None, run_after=None
[2023-04-02T10:50:13.842+0000] {processor.py:175} INFO - Processing /home/airflow/.local/lib/python3.7/site-packages/airflow/example_dags/example_sensor_decorator.py took 0.176 seconds
[2023-04-02T10:50:44.862+0000] {processor.py:153} INFO - Started process (PID=7833) to work on /home/airflow/.local/lib/python3.7/site-packages/airflow/example_dags/example_sensor_decorator.py
[2023-04-02T10:50:44.866+0000] {processor.py:743} INFO - Processing file /home/airflow/.local/lib/python3.7/site-packages/airflow/example_dags/example_sensor_decorator.py for tasks to queue
[2023-04-02T10:50:44.868+0000] {logging_mixin.py:137} INFO - [2023-04-02T10:50:44.868+0000] {dagbag.py:532} INFO - Filling up the DagBag from /home/airflow/.local/lib/python3.7/site-packages/airflow/example_dags/example_sensor_decorator.py
[2023-04-02T10:50:44.911+0000] {processor.py:753} INFO - DAG(s) dict_keys(['example_sensor_decorator']) retrieved from /home/airflow/.local/lib/python3.7/site-packages/airflow/example_dags/example_sensor_decorator.py
[2023-04-02T10:50:44.947+0000] {logging_mixin.py:137} INFO - [2023-04-02T10:50:44.947+0000] {dag.py:2705} INFO - Sync 1 DAGs
[2023-04-02T10:50:44.988+0000] {logging_mixin.py:137} INFO - [2023-04-02T10:50:44.988+0000] {dag.py:3456} INFO - Setting next_dagrun for example_sensor_decorator to None, run_after=None
[2023-04-02T10:50:45.018+0000] {processor.py:175} INFO - Processing /home/airflow/.local/lib/python3.7/site-packages/airflow/example_dags/example_sensor_decorator.py took 0.163 seconds
[2023-04-02T10:51:15.745+0000] {processor.py:153} INFO - Started process (PID=8051) to work on /home/airflow/.local/lib/python3.7/site-packages/airflow/example_dags/example_sensor_decorator.py
[2023-04-02T10:51:15.746+0000] {processor.py:743} INFO - Processing file /home/airflow/.local/lib/python3.7/site-packages/airflow/example_dags/example_sensor_decorator.py for tasks to queue
[2023-04-02T10:51:15.751+0000] {logging_mixin.py:137} INFO - [2023-04-02T10:51:15.750+0000] {dagbag.py:532} INFO - Filling up the DagBag from /home/airflow/.local/lib/python3.7/site-packages/airflow/example_dags/example_sensor_decorator.py
[2023-04-02T10:51:15.795+0000] {processor.py:753} INFO - DAG(s) dict_keys(['example_sensor_decorator']) retrieved from /home/airflow/.local/lib/python3.7/site-packages/airflow/example_dags/example_sensor_decorator.py
[2023-04-02T10:51:15.906+0000] {logging_mixin.py:137} INFO - [2023-04-02T10:51:15.906+0000] {dag.py:2705} INFO - Sync 1 DAGs
[2023-04-02T10:51:15.974+0000] {logging_mixin.py:137} INFO - [2023-04-02T10:51:15.974+0000] {dag.py:3456} INFO - Setting next_dagrun for example_sensor_decorator to None, run_after=None
[2023-04-02T10:51:16.008+0000] {processor.py:175} INFO - Processing /home/airflow/.local/lib/python3.7/site-packages/airflow/example_dags/example_sensor_decorator.py took 0.272 seconds
[2023-04-02T10:51:46.256+0000] {processor.py:153} INFO - Started process (PID=8269) to work on /home/airflow/.local/lib/python3.7/site-packages/airflow/example_dags/example_sensor_decorator.py
[2023-04-02T10:51:46.259+0000] {processor.py:743} INFO - Processing file /home/airflow/.local/lib/python3.7/site-packages/airflow/example_dags/example_sensor_decorator.py for tasks to queue
[2023-04-02T10:51:46.262+0000] {logging_mixin.py:137} INFO - [2023-04-02T10:51:46.262+0000] {dagbag.py:532} INFO - Filling up the DagBag from /home/airflow/.local/lib/python3.7/site-packages/airflow/example_dags/example_sensor_decorator.py
[2023-04-02T10:51:46.319+0000] {processor.py:753} INFO - DAG(s) dict_keys(['example_sensor_decorator']) retrieved from /home/airflow/.local/lib/python3.7/site-packages/airflow/example_dags/example_sensor_decorator.py
[2023-04-02T10:51:46.352+0000] {logging_mixin.py:137} INFO - [2023-04-02T10:51:46.352+0000] {dag.py:2705} INFO - Sync 1 DAGs
[2023-04-02T10:51:46.396+0000] {logging_mixin.py:137} INFO - [2023-04-02T10:51:46.396+0000] {dag.py:3456} INFO - Setting next_dagrun for example_sensor_decorator to None, run_after=None
[2023-04-02T10:51:46.447+0000] {processor.py:175} INFO - Processing /home/airflow/.local/lib/python3.7/site-packages/airflow/example_dags/example_sensor_decorator.py took 0.204 seconds
[2023-04-02T10:52:16.510+0000] {processor.py:153} INFO - Started process (PID=8487) to work on /home/airflow/.local/lib/python3.7/site-packages/airflow/example_dags/example_sensor_decorator.py
[2023-04-02T10:52:16.511+0000] {processor.py:743} INFO - Processing file /home/airflow/.local/lib/python3.7/site-packages/airflow/example_dags/example_sensor_decorator.py for tasks to queue
[2023-04-02T10:52:16.513+0000] {logging_mixin.py:137} INFO - [2023-04-02T10:52:16.512+0000] {dagbag.py:532} INFO - Filling up the DagBag from /home/airflow/.local/lib/python3.7/site-packages/airflow/example_dags/example_sensor_decorator.py
[2023-04-02T10:52:16.545+0000] {processor.py:753} INFO - DAG(s) dict_keys(['example_sensor_decorator']) retrieved from /home/airflow/.local/lib/python3.7/site-packages/airflow/example_dags/example_sensor_decorator.py
[2023-04-02T10:52:16.578+0000] {logging_mixin.py:137} INFO - [2023-04-02T10:52:16.578+0000] {dag.py:2705} INFO - Sync 1 DAGs
[2023-04-02T10:52:16.619+0000] {logging_mixin.py:137} INFO - [2023-04-02T10:52:16.619+0000] {dag.py:3456} INFO - Setting next_dagrun for example_sensor_decorator to None, run_after=None
[2023-04-02T10:52:16.674+0000] {processor.py:175} INFO - Processing /home/airflow/.local/lib/python3.7/site-packages/airflow/example_dags/example_sensor_decorator.py took 0.170 seconds
[2023-04-02T10:52:47.337+0000] {processor.py:153} INFO - Started process (PID=8708) to work on /home/airflow/.local/lib/python3.7/site-packages/airflow/example_dags/example_sensor_decorator.py
[2023-04-02T10:52:47.339+0000] {processor.py:743} INFO - Processing file /home/airflow/.local/lib/python3.7/site-packages/airflow/example_dags/example_sensor_decorator.py for tasks to queue
[2023-04-02T10:52:47.342+0000] {logging_mixin.py:137} INFO - [2023-04-02T10:52:47.342+0000] {dagbag.py:532} INFO - Filling up the DagBag from /home/airflow/.local/lib/python3.7/site-packages/airflow/example_dags/example_sensor_decorator.py
[2023-04-02T10:52:47.385+0000] {processor.py:753} INFO - DAG(s) dict_keys(['example_sensor_decorator']) retrieved from /home/airflow/.local/lib/python3.7/site-packages/airflow/example_dags/example_sensor_decorator.py
[2023-04-02T10:52:47.421+0000] {logging_mixin.py:137} INFO - [2023-04-02T10:52:47.421+0000] {dag.py:2705} INFO - Sync 1 DAGs
[2023-04-02T10:52:47.476+0000] {logging_mixin.py:137} INFO - [2023-04-02T10:52:47.476+0000] {dag.py:3456} INFO - Setting next_dagrun for example_sensor_decorator to None, run_after=None
[2023-04-02T10:52:47.511+0000] {processor.py:175} INFO - Processing /home/airflow/.local/lib/python3.7/site-packages/airflow/example_dags/example_sensor_decorator.py took 0.178 seconds
[2023-04-02T10:53:18.313+0000] {processor.py:153} INFO - Started process (PID=8926) to work on /home/airflow/.local/lib/python3.7/site-packages/airflow/example_dags/example_sensor_decorator.py
[2023-04-02T10:53:18.314+0000] {processor.py:743} INFO - Processing file /home/airflow/.local/lib/python3.7/site-packages/airflow/example_dags/example_sensor_decorator.py for tasks to queue
[2023-04-02T10:53:18.316+0000] {logging_mixin.py:137} INFO - [2023-04-02T10:53:18.315+0000] {dagbag.py:532} INFO - Filling up the DagBag from /home/airflow/.local/lib/python3.7/site-packages/airflow/example_dags/example_sensor_decorator.py
[2023-04-02T10:53:18.351+0000] {processor.py:753} INFO - DAG(s) dict_keys(['example_sensor_decorator']) retrieved from /home/airflow/.local/lib/python3.7/site-packages/airflow/example_dags/example_sensor_decorator.py
[2023-04-02T10:53:18.381+0000] {logging_mixin.py:137} INFO - [2023-04-02T10:53:18.381+0000] {dag.py:2705} INFO - Sync 1 DAGs
[2023-04-02T10:53:18.416+0000] {logging_mixin.py:137} INFO - [2023-04-02T10:53:18.416+0000] {dag.py:3456} INFO - Setting next_dagrun for example_sensor_decorator to None, run_after=None
[2023-04-02T10:53:18.448+0000] {processor.py:175} INFO - Processing /home/airflow/.local/lib/python3.7/site-packages/airflow/example_dags/example_sensor_decorator.py took 0.140 seconds
[2023-04-02T10:53:48.826+0000] {processor.py:153} INFO - Started process (PID=9142) to work on /home/airflow/.local/lib/python3.7/site-packages/airflow/example_dags/example_sensor_decorator.py
[2023-04-02T10:53:48.827+0000] {processor.py:743} INFO - Processing file /home/airflow/.local/lib/python3.7/site-packages/airflow/example_dags/example_sensor_decorator.py for tasks to queue
[2023-04-02T10:53:48.830+0000] {logging_mixin.py:137} INFO - [2023-04-02T10:53:48.829+0000] {dagbag.py:532} INFO - Filling up the DagBag from /home/airflow/.local/lib/python3.7/site-packages/airflow/example_dags/example_sensor_decorator.py
[2023-04-02T10:53:48.864+0000] {processor.py:753} INFO - DAG(s) dict_keys(['example_sensor_decorator']) retrieved from /home/airflow/.local/lib/python3.7/site-packages/airflow/example_dags/example_sensor_decorator.py
[2023-04-02T10:53:48.901+0000] {logging_mixin.py:137} INFO - [2023-04-02T10:53:48.901+0000] {dag.py:2705} INFO - Sync 1 DAGs
[2023-04-02T10:53:48.948+0000] {logging_mixin.py:137} INFO - [2023-04-02T10:53:48.948+0000] {dag.py:3456} INFO - Setting next_dagrun for example_sensor_decorator to None, run_after=None
[2023-04-02T10:53:48.982+0000] {processor.py:175} INFO - Processing /home/airflow/.local/lib/python3.7/site-packages/airflow/example_dags/example_sensor_decorator.py took 0.161 seconds
[2023-04-02T10:54:19.334+0000] {processor.py:153} INFO - Started process (PID=9362) to work on /home/airflow/.local/lib/python3.7/site-packages/airflow/example_dags/example_sensor_decorator.py
[2023-04-02T10:54:19.336+0000] {processor.py:743} INFO - Processing file /home/airflow/.local/lib/python3.7/site-packages/airflow/example_dags/example_sensor_decorator.py for tasks to queue
[2023-04-02T10:54:19.338+0000] {logging_mixin.py:137} INFO - [2023-04-02T10:54:19.338+0000] {dagbag.py:532} INFO - Filling up the DagBag from /home/airflow/.local/lib/python3.7/site-packages/airflow/example_dags/example_sensor_decorator.py
[2023-04-02T10:54:19.389+0000] {processor.py:753} INFO - DAG(s) dict_keys(['example_sensor_decorator']) retrieved from /home/airflow/.local/lib/python3.7/site-packages/airflow/example_dags/example_sensor_decorator.py
[2023-04-02T10:54:19.471+0000] {logging_mixin.py:137} INFO - [2023-04-02T10:54:19.471+0000] {dag.py:2705} INFO - Sync 1 DAGs
[2023-04-02T10:54:19.537+0000] {logging_mixin.py:137} INFO - [2023-04-02T10:54:19.537+0000] {dag.py:3456} INFO - Setting next_dagrun for example_sensor_decorator to None, run_after=None
[2023-04-02T10:54:19.569+0000] {processor.py:175} INFO - Processing /home/airflow/.local/lib/python3.7/site-packages/airflow/example_dags/example_sensor_decorator.py took 0.238 seconds
[2023-04-02T10:54:50.181+0000] {processor.py:153} INFO - Started process (PID=9580) to work on /home/airflow/.local/lib/python3.7/site-packages/airflow/example_dags/example_sensor_decorator.py
[2023-04-02T10:54:50.183+0000] {processor.py:743} INFO - Processing file /home/airflow/.local/lib/python3.7/site-packages/airflow/example_dags/example_sensor_decorator.py for tasks to queue
[2023-04-02T10:54:50.187+0000] {logging_mixin.py:137} INFO - [2023-04-02T10:54:50.186+0000] {dagbag.py:532} INFO - Filling up the DagBag from /home/airflow/.local/lib/python3.7/site-packages/airflow/example_dags/example_sensor_decorator.py
[2023-04-02T10:54:50.220+0000] {processor.py:753} INFO - DAG(s) dict_keys(['example_sensor_decorator']) retrieved from /home/airflow/.local/lib/python3.7/site-packages/airflow/example_dags/example_sensor_decorator.py
[2023-04-02T10:54:50.255+0000] {logging_mixin.py:137} INFO - [2023-04-02T10:54:50.255+0000] {dag.py:2705} INFO - Sync 1 DAGs
[2023-04-02T10:54:50.294+0000] {logging_mixin.py:137} INFO - [2023-04-02T10:54:50.294+0000] {dag.py:3456} INFO - Setting next_dagrun for example_sensor_decorator to None, run_after=None
[2023-04-02T10:54:50.323+0000] {processor.py:175} INFO - Processing /home/airflow/.local/lib/python3.7/site-packages/airflow/example_dags/example_sensor_decorator.py took 0.147 seconds
[2023-04-02T10:55:20.832+0000] {processor.py:153} INFO - Started process (PID=9796) to work on /home/airflow/.local/lib/python3.7/site-packages/airflow/example_dags/example_sensor_decorator.py
[2023-04-02T10:55:20.840+0000] {processor.py:743} INFO - Processing file /home/airflow/.local/lib/python3.7/site-packages/airflow/example_dags/example_sensor_decorator.py for tasks to queue
[2023-04-02T10:55:20.846+0000] {logging_mixin.py:137} INFO - [2023-04-02T10:55:20.841+0000] {dagbag.py:532} INFO - Filling up the DagBag from /home/airflow/.local/lib/python3.7/site-packages/airflow/example_dags/example_sensor_decorator.py
[2023-04-02T10:55:20.937+0000] {processor.py:753} INFO - DAG(s) dict_keys(['example_sensor_decorator']) retrieved from /home/airflow/.local/lib/python3.7/site-packages/airflow/example_dags/example_sensor_decorator.py
[2023-04-02T10:55:21.036+0000] {logging_mixin.py:137} INFO - [2023-04-02T10:55:21.036+0000] {dag.py:2705} INFO - Sync 1 DAGs
[2023-04-02T10:55:21.114+0000] {logging_mixin.py:137} INFO - [2023-04-02T10:55:21.114+0000] {dag.py:3456} INFO - Setting next_dagrun for example_sensor_decorator to None, run_after=None
[2023-04-02T10:55:21.172+0000] {processor.py:175} INFO - Processing /home/airflow/.local/lib/python3.7/site-packages/airflow/example_dags/example_sensor_decorator.py took 0.348 seconds
[2023-04-02T10:55:51.396+0000] {processor.py:153} INFO - Started process (PID=10014) to work on /home/airflow/.local/lib/python3.7/site-packages/airflow/example_dags/example_sensor_decorator.py
[2023-04-02T10:55:51.399+0000] {processor.py:743} INFO - Processing file /home/airflow/.local/lib/python3.7/site-packages/airflow/example_dags/example_sensor_decorator.py for tasks to queue
[2023-04-02T10:55:51.402+0000] {logging_mixin.py:137} INFO - [2023-04-02T10:55:51.402+0000] {dagbag.py:532} INFO - Filling up the DagBag from /home/airflow/.local/lib/python3.7/site-packages/airflow/example_dags/example_sensor_decorator.py
[2023-04-02T10:55:51.514+0000] {processor.py:753} INFO - DAG(s) dict_keys(['example_sensor_decorator']) retrieved from /home/airflow/.local/lib/python3.7/site-packages/airflow/example_dags/example_sensor_decorator.py
[2023-04-02T10:55:51.594+0000] {logging_mixin.py:137} INFO - [2023-04-02T10:55:51.594+0000] {dag.py:2705} INFO - Sync 1 DAGs
[2023-04-02T10:55:51.650+0000] {logging_mixin.py:137} INFO - [2023-04-02T10:55:51.649+0000] {dag.py:3456} INFO - Setting next_dagrun for example_sensor_decorator to None, run_after=None
[2023-04-02T10:55:51.697+0000] {processor.py:175} INFO - Processing /home/airflow/.local/lib/python3.7/site-packages/airflow/example_dags/example_sensor_decorator.py took 0.312 seconds
[2023-04-02T10:56:21.860+0000] {processor.py:153} INFO - Started process (PID=10233) to work on /home/airflow/.local/lib/python3.7/site-packages/airflow/example_dags/example_sensor_decorator.py
[2023-04-02T10:56:21.863+0000] {processor.py:743} INFO - Processing file /home/airflow/.local/lib/python3.7/site-packages/airflow/example_dags/example_sensor_decorator.py for tasks to queue
[2023-04-02T10:56:21.866+0000] {logging_mixin.py:137} INFO - [2023-04-02T10:56:21.865+0000] {dagbag.py:532} INFO - Filling up the DagBag from /home/airflow/.local/lib/python3.7/site-packages/airflow/example_dags/example_sensor_decorator.py
[2023-04-02T10:56:21.907+0000] {processor.py:753} INFO - DAG(s) dict_keys(['example_sensor_decorator']) retrieved from /home/airflow/.local/lib/python3.7/site-packages/airflow/example_dags/example_sensor_decorator.py
[2023-04-02T10:56:21.947+0000] {logging_mixin.py:137} INFO - [2023-04-02T10:56:21.947+0000] {dag.py:2705} INFO - Sync 1 DAGs
[2023-04-02T10:56:21.993+0000] {logging_mixin.py:137} INFO - [2023-04-02T10:56:21.992+0000] {dag.py:3456} INFO - Setting next_dagrun for example_sensor_decorator to None, run_after=None
[2023-04-02T10:56:22.027+0000] {processor.py:175} INFO - Processing /home/airflow/.local/lib/python3.7/site-packages/airflow/example_dags/example_sensor_decorator.py took 0.174 seconds
[2023-04-02T10:56:52.596+0000] {processor.py:153} INFO - Started process (PID=10452) to work on /home/airflow/.local/lib/python3.7/site-packages/airflow/example_dags/example_sensor_decorator.py
[2023-04-02T10:56:52.597+0000] {processor.py:743} INFO - Processing file /home/airflow/.local/lib/python3.7/site-packages/airflow/example_dags/example_sensor_decorator.py for tasks to queue
[2023-04-02T10:56:52.599+0000] {logging_mixin.py:137} INFO - [2023-04-02T10:56:52.598+0000] {dagbag.py:532} INFO - Filling up the DagBag from /home/airflow/.local/lib/python3.7/site-packages/airflow/example_dags/example_sensor_decorator.py
[2023-04-02T10:56:52.633+0000] {processor.py:753} INFO - DAG(s) dict_keys(['example_sensor_decorator']) retrieved from /home/airflow/.local/lib/python3.7/site-packages/airflow/example_dags/example_sensor_decorator.py
[2023-04-02T10:56:52.668+0000] {logging_mixin.py:137} INFO - [2023-04-02T10:56:52.668+0000] {dag.py:2705} INFO - Sync 1 DAGs
[2023-04-02T10:56:52.709+0000] {logging_mixin.py:137} INFO - [2023-04-02T10:56:52.709+0000] {dag.py:3456} INFO - Setting next_dagrun for example_sensor_decorator to None, run_after=None
[2023-04-02T10:56:52.740+0000] {processor.py:175} INFO - Processing /home/airflow/.local/lib/python3.7/site-packages/airflow/example_dags/example_sensor_decorator.py took 0.148 seconds
[2023-04-02T10:57:23.304+0000] {processor.py:153} INFO - Started process (PID=10668) to work on /home/airflow/.local/lib/python3.7/site-packages/airflow/example_dags/example_sensor_decorator.py
[2023-04-02T10:57:23.307+0000] {processor.py:743} INFO - Processing file /home/airflow/.local/lib/python3.7/site-packages/airflow/example_dags/example_sensor_decorator.py for tasks to queue
[2023-04-02T10:57:23.309+0000] {logging_mixin.py:137} INFO - [2023-04-02T10:57:23.309+0000] {dagbag.py:532} INFO - Filling up the DagBag from /home/airflow/.local/lib/python3.7/site-packages/airflow/example_dags/example_sensor_decorator.py
[2023-04-02T10:57:23.344+0000] {processor.py:753} INFO - DAG(s) dict_keys(['example_sensor_decorator']) retrieved from /home/airflow/.local/lib/python3.7/site-packages/airflow/example_dags/example_sensor_decorator.py
[2023-04-02T10:57:23.384+0000] {logging_mixin.py:137} INFO - [2023-04-02T10:57:23.383+0000] {dag.py:2705} INFO - Sync 1 DAGs
[2023-04-02T10:57:23.429+0000] {logging_mixin.py:137} INFO - [2023-04-02T10:57:23.429+0000] {dag.py:3456} INFO - Setting next_dagrun for example_sensor_decorator to None, run_after=None
[2023-04-02T10:57:23.468+0000] {processor.py:175} INFO - Processing /home/airflow/.local/lib/python3.7/site-packages/airflow/example_dags/example_sensor_decorator.py took 0.176 seconds
[2023-04-02T10:57:53.901+0000] {processor.py:153} INFO - Started process (PID=10888) to work on /home/airflow/.local/lib/python3.7/site-packages/airflow/example_dags/example_sensor_decorator.py
[2023-04-02T10:57:53.903+0000] {processor.py:743} INFO - Processing file /home/airflow/.local/lib/python3.7/site-packages/airflow/example_dags/example_sensor_decorator.py for tasks to queue
[2023-04-02T10:57:53.906+0000] {logging_mixin.py:137} INFO - [2023-04-02T10:57:53.906+0000] {dagbag.py:532} INFO - Filling up the DagBag from /home/airflow/.local/lib/python3.7/site-packages/airflow/example_dags/example_sensor_decorator.py
[2023-04-02T10:57:53.935+0000] {processor.py:753} INFO - DAG(s) dict_keys(['example_sensor_decorator']) retrieved from /home/airflow/.local/lib/python3.7/site-packages/airflow/example_dags/example_sensor_decorator.py
[2023-04-02T10:57:53.970+0000] {logging_mixin.py:137} INFO - [2023-04-02T10:57:53.970+0000] {dag.py:2705} INFO - Sync 1 DAGs
[2023-04-02T10:57:54.004+0000] {logging_mixin.py:137} INFO - [2023-04-02T10:57:54.004+0000] {dag.py:3456} INFO - Setting next_dagrun for example_sensor_decorator to None, run_after=None
[2023-04-02T10:57:54.038+0000] {processor.py:175} INFO - Processing /home/airflow/.local/lib/python3.7/site-packages/airflow/example_dags/example_sensor_decorator.py took 0.143 seconds
[2023-04-02T10:58:24.294+0000] {processor.py:153} INFO - Started process (PID=11106) to work on /home/airflow/.local/lib/python3.7/site-packages/airflow/example_dags/example_sensor_decorator.py
[2023-04-02T10:58:24.296+0000] {processor.py:743} INFO - Processing file /home/airflow/.local/lib/python3.7/site-packages/airflow/example_dags/example_sensor_decorator.py for tasks to queue
[2023-04-02T10:58:24.298+0000] {logging_mixin.py:137} INFO - [2023-04-02T10:58:24.297+0000] {dagbag.py:532} INFO - Filling up the DagBag from /home/airflow/.local/lib/python3.7/site-packages/airflow/example_dags/example_sensor_decorator.py
[2023-04-02T10:58:24.340+0000] {processor.py:753} INFO - DAG(s) dict_keys(['example_sensor_decorator']) retrieved from /home/airflow/.local/lib/python3.7/site-packages/airflow/example_dags/example_sensor_decorator.py
[2023-04-02T10:58:24.387+0000] {logging_mixin.py:137} INFO - [2023-04-02T10:58:24.387+0000] {dag.py:2705} INFO - Sync 1 DAGs
[2023-04-02T10:58:24.437+0000] {logging_mixin.py:137} INFO - [2023-04-02T10:58:24.437+0000] {dag.py:3456} INFO - Setting next_dagrun for example_sensor_decorator to None, run_after=None
[2023-04-02T10:58:24.471+0000] {processor.py:175} INFO - Processing /home/airflow/.local/lib/python3.7/site-packages/airflow/example_dags/example_sensor_decorator.py took 0.183 seconds
[2023-04-02T10:58:54.799+0000] {processor.py:153} INFO - Started process (PID=11323) to work on /home/airflow/.local/lib/python3.7/site-packages/airflow/example_dags/example_sensor_decorator.py
[2023-04-02T10:58:54.800+0000] {processor.py:743} INFO - Processing file /home/airflow/.local/lib/python3.7/site-packages/airflow/example_dags/example_sensor_decorator.py for tasks to queue
[2023-04-02T10:58:54.803+0000] {logging_mixin.py:137} INFO - [2023-04-02T10:58:54.802+0000] {dagbag.py:532} INFO - Filling up the DagBag from /home/airflow/.local/lib/python3.7/site-packages/airflow/example_dags/example_sensor_decorator.py
[2023-04-02T10:58:54.835+0000] {processor.py:753} INFO - DAG(s) dict_keys(['example_sensor_decorator']) retrieved from /home/airflow/.local/lib/python3.7/site-packages/airflow/example_dags/example_sensor_decorator.py
[2023-04-02T10:58:54.876+0000] {logging_mixin.py:137} INFO - [2023-04-02T10:58:54.876+0000] {dag.py:2705} INFO - Sync 1 DAGs
[2023-04-02T10:58:54.925+0000] {logging_mixin.py:137} INFO - [2023-04-02T10:58:54.925+0000] {dag.py:3456} INFO - Setting next_dagrun for example_sensor_decorator to None, run_after=None
[2023-04-02T10:58:54.962+0000] {processor.py:175} INFO - Processing /home/airflow/.local/lib/python3.7/site-packages/airflow/example_dags/example_sensor_decorator.py took 0.171 seconds
[2023-04-02T10:59:25.269+0000] {processor.py:153} INFO - Started process (PID=11542) to work on /home/airflow/.local/lib/python3.7/site-packages/airflow/example_dags/example_sensor_decorator.py
[2023-04-02T10:59:25.271+0000] {processor.py:743} INFO - Processing file /home/airflow/.local/lib/python3.7/site-packages/airflow/example_dags/example_sensor_decorator.py for tasks to queue
[2023-04-02T10:59:25.273+0000] {logging_mixin.py:137} INFO - [2023-04-02T10:59:25.273+0000] {dagbag.py:532} INFO - Filling up the DagBag from /home/airflow/.local/lib/python3.7/site-packages/airflow/example_dags/example_sensor_decorator.py
[2023-04-02T10:59:25.303+0000] {processor.py:753} INFO - DAG(s) dict_keys(['example_sensor_decorator']) retrieved from /home/airflow/.local/lib/python3.7/site-packages/airflow/example_dags/example_sensor_decorator.py
[2023-04-02T10:59:25.335+0000] {logging_mixin.py:137} INFO - [2023-04-02T10:59:25.335+0000] {dag.py:2705} INFO - Sync 1 DAGs
[2023-04-02T10:59:25.368+0000] {logging_mixin.py:137} INFO - [2023-04-02T10:59:25.368+0000] {dag.py:3456} INFO - Setting next_dagrun for example_sensor_decorator to None, run_after=None
[2023-04-02T10:59:25.393+0000] {processor.py:175} INFO - Processing /home/airflow/.local/lib/python3.7/site-packages/airflow/example_dags/example_sensor_decorator.py took 0.128 seconds
[2023-04-02T10:59:55.826+0000] {processor.py:153} INFO - Started process (PID=11752) to work on /home/airflow/.local/lib/python3.7/site-packages/airflow/example_dags/example_sensor_decorator.py
[2023-04-02T10:59:55.828+0000] {processor.py:743} INFO - Processing file /home/airflow/.local/lib/python3.7/site-packages/airflow/example_dags/example_sensor_decorator.py for tasks to queue
[2023-04-02T10:59:55.830+0000] {logging_mixin.py:137} INFO - [2023-04-02T10:59:55.830+0000] {dagbag.py:532} INFO - Filling up the DagBag from /home/airflow/.local/lib/python3.7/site-packages/airflow/example_dags/example_sensor_decorator.py
[2023-04-02T10:59:55.871+0000] {processor.py:753} INFO - DAG(s) dict_keys(['example_sensor_decorator']) retrieved from /home/airflow/.local/lib/python3.7/site-packages/airflow/example_dags/example_sensor_decorator.py
[2023-04-02T10:59:55.926+0000] {logging_mixin.py:137} INFO - [2023-04-02T10:59:55.926+0000] {dag.py:2705} INFO - Sync 1 DAGs
[2023-04-02T10:59:55.965+0000] {logging_mixin.py:137} INFO - [2023-04-02T10:59:55.965+0000] {dag.py:3456} INFO - Setting next_dagrun for example_sensor_decorator to None, run_after=None
[2023-04-02T10:59:55.998+0000] {processor.py:175} INFO - Processing /home/airflow/.local/lib/python3.7/site-packages/airflow/example_dags/example_sensor_decorator.py took 0.179 seconds
[2023-04-02T11:00:26.071+0000] {processor.py:153} INFO - Started process (PID=11970) to work on /home/airflow/.local/lib/python3.7/site-packages/airflow/example_dags/example_sensor_decorator.py
[2023-04-02T11:00:26.074+0000] {processor.py:743} INFO - Processing file /home/airflow/.local/lib/python3.7/site-packages/airflow/example_dags/example_sensor_decorator.py for tasks to queue
[2023-04-02T11:00:26.076+0000] {logging_mixin.py:137} INFO - [2023-04-02T11:00:26.076+0000] {dagbag.py:532} INFO - Filling up the DagBag from /home/airflow/.local/lib/python3.7/site-packages/airflow/example_dags/example_sensor_decorator.py
[2023-04-02T11:00:26.122+0000] {processor.py:753} INFO - DAG(s) dict_keys(['example_sensor_decorator']) retrieved from /home/airflow/.local/lib/python3.7/site-packages/airflow/example_dags/example_sensor_decorator.py
[2023-04-02T11:00:26.170+0000] {logging_mixin.py:137} INFO - [2023-04-02T11:00:26.170+0000] {dag.py:2705} INFO - Sync 1 DAGs
[2023-04-02T11:00:26.226+0000] {logging_mixin.py:137} INFO - [2023-04-02T11:00:26.226+0000] {dag.py:3456} INFO - Setting next_dagrun for example_sensor_decorator to None, run_after=None
[2023-04-02T11:00:26.271+0000] {processor.py:175} INFO - Processing /home/airflow/.local/lib/python3.7/site-packages/airflow/example_dags/example_sensor_decorator.py took 0.206 seconds
[2023-04-02T11:00:56.340+0000] {processor.py:153} INFO - Started process (PID=12183) to work on /home/airflow/.local/lib/python3.7/site-packages/airflow/example_dags/example_sensor_decorator.py
[2023-04-02T11:00:56.342+0000] {processor.py:743} INFO - Processing file /home/airflow/.local/lib/python3.7/site-packages/airflow/example_dags/example_sensor_decorator.py for tasks to queue
[2023-04-02T11:00:56.344+0000] {logging_mixin.py:137} INFO - [2023-04-02T11:00:56.343+0000] {dagbag.py:532} INFO - Filling up the DagBag from /home/airflow/.local/lib/python3.7/site-packages/airflow/example_dags/example_sensor_decorator.py
[2023-04-02T11:00:56.394+0000] {processor.py:753} INFO - DAG(s) dict_keys(['example_sensor_decorator']) retrieved from /home/airflow/.local/lib/python3.7/site-packages/airflow/example_dags/example_sensor_decorator.py
[2023-04-02T11:00:56.441+0000] {logging_mixin.py:137} INFO - [2023-04-02T11:00:56.441+0000] {dag.py:2705} INFO - Sync 1 DAGs
[2023-04-02T11:00:56.493+0000] {logging_mixin.py:137} INFO - [2023-04-02T11:00:56.493+0000] {dag.py:3456} INFO - Setting next_dagrun for example_sensor_decorator to None, run_after=None
[2023-04-02T11:00:56.530+0000] {processor.py:175} INFO - Processing /home/airflow/.local/lib/python3.7/site-packages/airflow/example_dags/example_sensor_decorator.py took 0.198 seconds
[2023-04-02T11:01:26.674+0000] {processor.py:153} INFO - Started process (PID=12399) to work on /home/airflow/.local/lib/python3.7/site-packages/airflow/example_dags/example_sensor_decorator.py
[2023-04-02T11:01:26.681+0000] {processor.py:743} INFO - Processing file /home/airflow/.local/lib/python3.7/site-packages/airflow/example_dags/example_sensor_decorator.py for tasks to queue
[2023-04-02T11:01:26.686+0000] {logging_mixin.py:137} INFO - [2023-04-02T11:01:26.686+0000] {dagbag.py:532} INFO - Filling up the DagBag from /home/airflow/.local/lib/python3.7/site-packages/airflow/example_dags/example_sensor_decorator.py
[2023-04-02T11:01:26.770+0000] {processor.py:753} INFO - DAG(s) dict_keys(['example_sensor_decorator']) retrieved from /home/airflow/.local/lib/python3.7/site-packages/airflow/example_dags/example_sensor_decorator.py
[2023-04-02T11:01:26.828+0000] {logging_mixin.py:137} INFO - [2023-04-02T11:01:26.827+0000] {dag.py:2705} INFO - Sync 1 DAGs
[2023-04-02T11:01:26.890+0000] {logging_mixin.py:137} INFO - [2023-04-02T11:01:26.890+0000] {dag.py:3456} INFO - Setting next_dagrun for example_sensor_decorator to None, run_after=None
[2023-04-02T11:01:26.979+0000] {processor.py:175} INFO - Processing /home/airflow/.local/lib/python3.7/site-packages/airflow/example_dags/example_sensor_decorator.py took 0.321 seconds
[2023-04-02T11:01:57.063+0000] {processor.py:153} INFO - Started process (PID=12616) to work on /home/airflow/.local/lib/python3.7/site-packages/airflow/example_dags/example_sensor_decorator.py
[2023-04-02T11:01:57.068+0000] {processor.py:743} INFO - Processing file /home/airflow/.local/lib/python3.7/site-packages/airflow/example_dags/example_sensor_decorator.py for tasks to queue
[2023-04-02T11:01:57.077+0000] {logging_mixin.py:137} INFO - [2023-04-02T11:01:57.076+0000] {dagbag.py:532} INFO - Filling up the DagBag from /home/airflow/.local/lib/python3.7/site-packages/airflow/example_dags/example_sensor_decorator.py
[2023-04-02T11:01:57.129+0000] {processor.py:753} INFO - DAG(s) dict_keys(['example_sensor_decorator']) retrieved from /home/airflow/.local/lib/python3.7/site-packages/airflow/example_dags/example_sensor_decorator.py
[2023-04-02T11:01:57.170+0000] {logging_mixin.py:137} INFO - [2023-04-02T11:01:57.170+0000] {dag.py:2705} INFO - Sync 1 DAGs
[2023-04-02T11:01:57.209+0000] {logging_mixin.py:137} INFO - [2023-04-02T11:01:57.209+0000] {dag.py:3456} INFO - Setting next_dagrun for example_sensor_decorator to None, run_after=None
[2023-04-02T11:01:57.254+0000] {processor.py:175} INFO - Processing /home/airflow/.local/lib/python3.7/site-packages/airflow/example_dags/example_sensor_decorator.py took 0.201 seconds
[2023-04-02T11:02:27.401+0000] {processor.py:153} INFO - Started process (PID=12834) to work on /home/airflow/.local/lib/python3.7/site-packages/airflow/example_dags/example_sensor_decorator.py
[2023-04-02T11:02:27.408+0000] {processor.py:743} INFO - Processing file /home/airflow/.local/lib/python3.7/site-packages/airflow/example_dags/example_sensor_decorator.py for tasks to queue
[2023-04-02T11:02:27.421+0000] {logging_mixin.py:137} INFO - [2023-04-02T11:02:27.419+0000] {dagbag.py:532} INFO - Filling up the DagBag from /home/airflow/.local/lib/python3.7/site-packages/airflow/example_dags/example_sensor_decorator.py
[2023-04-02T11:02:27.517+0000] {processor.py:753} INFO - DAG(s) dict_keys(['example_sensor_decorator']) retrieved from /home/airflow/.local/lib/python3.7/site-packages/airflow/example_dags/example_sensor_decorator.py
[2023-04-02T11:02:27.568+0000] {logging_mixin.py:137} INFO - [2023-04-02T11:02:27.568+0000] {dag.py:2705} INFO - Sync 1 DAGs
[2023-04-02T11:02:27.617+0000] {logging_mixin.py:137} INFO - [2023-04-02T11:02:27.617+0000] {dag.py:3456} INFO - Setting next_dagrun for example_sensor_decorator to None, run_after=None
[2023-04-02T11:02:27.657+0000] {processor.py:175} INFO - Processing /home/airflow/.local/lib/python3.7/site-packages/airflow/example_dags/example_sensor_decorator.py took 0.282 seconds
[2023-04-02T11:02:58.252+0000] {processor.py:153} INFO - Started process (PID=13055) to work on /home/airflow/.local/lib/python3.7/site-packages/airflow/example_dags/example_sensor_decorator.py
[2023-04-02T11:02:58.254+0000] {processor.py:743} INFO - Processing file /home/airflow/.local/lib/python3.7/site-packages/airflow/example_dags/example_sensor_decorator.py for tasks to queue
[2023-04-02T11:02:58.257+0000] {logging_mixin.py:137} INFO - [2023-04-02T11:02:58.256+0000] {dagbag.py:532} INFO - Filling up the DagBag from /home/airflow/.local/lib/python3.7/site-packages/airflow/example_dags/example_sensor_decorator.py
[2023-04-02T11:02:58.311+0000] {processor.py:753} INFO - DAG(s) dict_keys(['example_sensor_decorator']) retrieved from /home/airflow/.local/lib/python3.7/site-packages/airflow/example_dags/example_sensor_decorator.py
[2023-04-02T11:02:58.355+0000] {logging_mixin.py:137} INFO - [2023-04-02T11:02:58.355+0000] {dag.py:2705} INFO - Sync 1 DAGs
[2023-04-02T11:02:58.400+0000] {logging_mixin.py:137} INFO - [2023-04-02T11:02:58.400+0000] {dag.py:3456} INFO - Setting next_dagrun for example_sensor_decorator to None, run_after=None
[2023-04-02T11:02:58.437+0000] {processor.py:175} INFO - Processing /home/airflow/.local/lib/python3.7/site-packages/airflow/example_dags/example_sensor_decorator.py took 0.192 seconds
[2023-04-02T11:03:28.598+0000] {processor.py:153} INFO - Started process (PID=13273) to work on /home/airflow/.local/lib/python3.7/site-packages/airflow/example_dags/example_sensor_decorator.py
[2023-04-02T11:03:28.600+0000] {processor.py:743} INFO - Processing file /home/airflow/.local/lib/python3.7/site-packages/airflow/example_dags/example_sensor_decorator.py for tasks to queue
[2023-04-02T11:03:28.603+0000] {logging_mixin.py:137} INFO - [2023-04-02T11:03:28.602+0000] {dagbag.py:532} INFO - Filling up the DagBag from /home/airflow/.local/lib/python3.7/site-packages/airflow/example_dags/example_sensor_decorator.py
[2023-04-02T11:03:28.663+0000] {processor.py:753} INFO - DAG(s) dict_keys(['example_sensor_decorator']) retrieved from /home/airflow/.local/lib/python3.7/site-packages/airflow/example_dags/example_sensor_decorator.py
[2023-04-02T11:03:28.724+0000] {logging_mixin.py:137} INFO - [2023-04-02T11:03:28.723+0000] {dag.py:2705} INFO - Sync 1 DAGs
[2023-04-02T11:03:28.776+0000] {logging_mixin.py:137} INFO - [2023-04-02T11:03:28.776+0000] {dag.py:3456} INFO - Setting next_dagrun for example_sensor_decorator to None, run_after=None
[2023-04-02T11:03:28.831+0000] {processor.py:175} INFO - Processing /home/airflow/.local/lib/python3.7/site-packages/airflow/example_dags/example_sensor_decorator.py took 0.244 seconds
[2023-04-02T11:04:00.293+0000] {processor.py:153} INFO - Started process (PID=13497) to work on /home/airflow/.local/lib/python3.7/site-packages/airflow/example_dags/example_sensor_decorator.py
[2023-04-02T11:04:00.296+0000] {processor.py:743} INFO - Processing file /home/airflow/.local/lib/python3.7/site-packages/airflow/example_dags/example_sensor_decorator.py for tasks to queue
[2023-04-02T11:04:00.299+0000] {logging_mixin.py:137} INFO - [2023-04-02T11:04:00.299+0000] {dagbag.py:532} INFO - Filling up the DagBag from /home/airflow/.local/lib/python3.7/site-packages/airflow/example_dags/example_sensor_decorator.py
[2023-04-02T11:04:00.359+0000] {processor.py:753} INFO - DAG(s) dict_keys(['example_sensor_decorator']) retrieved from /home/airflow/.local/lib/python3.7/site-packages/airflow/example_dags/example_sensor_decorator.py
[2023-04-02T11:04:00.431+0000] {logging_mixin.py:137} INFO - [2023-04-02T11:04:00.430+0000] {dag.py:2705} INFO - Sync 1 DAGs
[2023-04-02T11:04:00.488+0000] {logging_mixin.py:137} INFO - [2023-04-02T11:04:00.488+0000] {dag.py:3456} INFO - Setting next_dagrun for example_sensor_decorator to None, run_after=None
[2023-04-02T11:04:00.535+0000] {processor.py:175} INFO - Processing /home/airflow/.local/lib/python3.7/site-packages/airflow/example_dags/example_sensor_decorator.py took 0.250 seconds
[2023-04-02T11:04:31.514+0000] {processor.py:153} INFO - Started process (PID=13714) to work on /home/airflow/.local/lib/python3.7/site-packages/airflow/example_dags/example_sensor_decorator.py
[2023-04-02T11:04:31.516+0000] {processor.py:743} INFO - Processing file /home/airflow/.local/lib/python3.7/site-packages/airflow/example_dags/example_sensor_decorator.py for tasks to queue
[2023-04-02T11:04:31.521+0000] {logging_mixin.py:137} INFO - [2023-04-02T11:04:31.521+0000] {dagbag.py:532} INFO - Filling up the DagBag from /home/airflow/.local/lib/python3.7/site-packages/airflow/example_dags/example_sensor_decorator.py
[2023-04-02T11:04:31.582+0000] {processor.py:753} INFO - DAG(s) dict_keys(['example_sensor_decorator']) retrieved from /home/airflow/.local/lib/python3.7/site-packages/airflow/example_dags/example_sensor_decorator.py
[2023-04-02T11:04:31.646+0000] {logging_mixin.py:137} INFO - [2023-04-02T11:04:31.646+0000] {dag.py:2705} INFO - Sync 1 DAGs
[2023-04-02T11:04:31.742+0000] {logging_mixin.py:137} INFO - [2023-04-02T11:04:31.742+0000] {dag.py:3456} INFO - Setting next_dagrun for example_sensor_decorator to None, run_after=None
[2023-04-02T11:04:31.788+0000] {processor.py:175} INFO - Processing /home/airflow/.local/lib/python3.7/site-packages/airflow/example_dags/example_sensor_decorator.py took 0.282 seconds
[2023-04-02T11:05:02.225+0000] {processor.py:153} INFO - Started process (PID=13934) to work on /home/airflow/.local/lib/python3.7/site-packages/airflow/example_dags/example_sensor_decorator.py
[2023-04-02T11:05:02.226+0000] {processor.py:743} INFO - Processing file /home/airflow/.local/lib/python3.7/site-packages/airflow/example_dags/example_sensor_decorator.py for tasks to queue
[2023-04-02T11:05:02.229+0000] {logging_mixin.py:137} INFO - [2023-04-02T11:05:02.228+0000] {dagbag.py:532} INFO - Filling up the DagBag from /home/airflow/.local/lib/python3.7/site-packages/airflow/example_dags/example_sensor_decorator.py
[2023-04-02T11:05:02.275+0000] {processor.py:753} INFO - DAG(s) dict_keys(['example_sensor_decorator']) retrieved from /home/airflow/.local/lib/python3.7/site-packages/airflow/example_dags/example_sensor_decorator.py
[2023-04-02T11:05:02.319+0000] {logging_mixin.py:137} INFO - [2023-04-02T11:05:02.319+0000] {dag.py:2705} INFO - Sync 1 DAGs
[2023-04-02T11:05:02.376+0000] {logging_mixin.py:137} INFO - [2023-04-02T11:05:02.376+0000] {dag.py:3456} INFO - Setting next_dagrun for example_sensor_decorator to None, run_after=None
[2023-04-02T11:05:02.431+0000] {processor.py:175} INFO - Processing /home/airflow/.local/lib/python3.7/site-packages/airflow/example_dags/example_sensor_decorator.py took 0.213 seconds
[2023-04-02T11:05:32.994+0000] {processor.py:153} INFO - Started process (PID=14152) to work on /home/airflow/.local/lib/python3.7/site-packages/airflow/example_dags/example_sensor_decorator.py
[2023-04-02T11:05:32.995+0000] {processor.py:743} INFO - Processing file /home/airflow/.local/lib/python3.7/site-packages/airflow/example_dags/example_sensor_decorator.py for tasks to queue
[2023-04-02T11:05:32.999+0000] {logging_mixin.py:137} INFO - [2023-04-02T11:05:32.998+0000] {dagbag.py:532} INFO - Filling up the DagBag from /home/airflow/.local/lib/python3.7/site-packages/airflow/example_dags/example_sensor_decorator.py
[2023-04-02T11:05:33.052+0000] {processor.py:753} INFO - DAG(s) dict_keys(['example_sensor_decorator']) retrieved from /home/airflow/.local/lib/python3.7/site-packages/airflow/example_dags/example_sensor_decorator.py
[2023-04-02T11:05:33.095+0000] {logging_mixin.py:137} INFO - [2023-04-02T11:05:33.095+0000] {dag.py:2705} INFO - Sync 1 DAGs
[2023-04-02T11:05:33.139+0000] {logging_mixin.py:137} INFO - [2023-04-02T11:05:33.139+0000] {dag.py:3456} INFO - Setting next_dagrun for example_sensor_decorator to None, run_after=None
[2023-04-02T11:05:33.186+0000] {processor.py:175} INFO - Processing /home/airflow/.local/lib/python3.7/site-packages/airflow/example_dags/example_sensor_decorator.py took 0.198 seconds
[2023-04-02T11:06:03.809+0000] {processor.py:153} INFO - Started process (PID=14370) to work on /home/airflow/.local/lib/python3.7/site-packages/airflow/example_dags/example_sensor_decorator.py
[2023-04-02T11:06:03.810+0000] {processor.py:743} INFO - Processing file /home/airflow/.local/lib/python3.7/site-packages/airflow/example_dags/example_sensor_decorator.py for tasks to queue
[2023-04-02T11:06:03.814+0000] {logging_mixin.py:137} INFO - [2023-04-02T11:06:03.814+0000] {dagbag.py:532} INFO - Filling up the DagBag from /home/airflow/.local/lib/python3.7/site-packages/airflow/example_dags/example_sensor_decorator.py
[2023-04-02T11:06:03.854+0000] {processor.py:753} INFO - DAG(s) dict_keys(['example_sensor_decorator']) retrieved from /home/airflow/.local/lib/python3.7/site-packages/airflow/example_dags/example_sensor_decorator.py
[2023-04-02T11:06:03.896+0000] {logging_mixin.py:137} INFO - [2023-04-02T11:06:03.895+0000] {dag.py:2705} INFO - Sync 1 DAGs
[2023-04-02T11:06:03.941+0000] {logging_mixin.py:137} INFO - [2023-04-02T11:06:03.941+0000] {dag.py:3456} INFO - Setting next_dagrun for example_sensor_decorator to None, run_after=None
[2023-04-02T11:06:03.974+0000] {processor.py:175} INFO - Processing /home/airflow/.local/lib/python3.7/site-packages/airflow/example_dags/example_sensor_decorator.py took 0.170 seconds
[2023-04-02T11:06:34.440+0000] {processor.py:153} INFO - Started process (PID=14587) to work on /home/airflow/.local/lib/python3.7/site-packages/airflow/example_dags/example_sensor_decorator.py
[2023-04-02T11:06:34.451+0000] {processor.py:743} INFO - Processing file /home/airflow/.local/lib/python3.7/site-packages/airflow/example_dags/example_sensor_decorator.py for tasks to queue
[2023-04-02T11:06:34.454+0000] {logging_mixin.py:137} INFO - [2023-04-02T11:06:34.453+0000] {dagbag.py:532} INFO - Filling up the DagBag from /home/airflow/.local/lib/python3.7/site-packages/airflow/example_dags/example_sensor_decorator.py
[2023-04-02T11:06:34.495+0000] {processor.py:753} INFO - DAG(s) dict_keys(['example_sensor_decorator']) retrieved from /home/airflow/.local/lib/python3.7/site-packages/airflow/example_dags/example_sensor_decorator.py
[2023-04-02T11:06:34.548+0000] {logging_mixin.py:137} INFO - [2023-04-02T11:06:34.548+0000] {dag.py:2705} INFO - Sync 1 DAGs
[2023-04-02T11:06:34.619+0000] {logging_mixin.py:137} INFO - [2023-04-02T11:06:34.619+0000] {dag.py:3456} INFO - Setting next_dagrun for example_sensor_decorator to None, run_after=None
[2023-04-02T11:06:34.657+0000] {processor.py:175} INFO - Processing /home/airflow/.local/lib/python3.7/site-packages/airflow/example_dags/example_sensor_decorator.py took 0.238 seconds
