[2023-04-02T10:32:48.779+0000] {processor.py:153} INFO - Started process (PID=343) to work on /home/airflow/.local/lib/python3.7/site-packages/airflow/example_dags/example_task_group_decorator.py
[2023-04-02T10:32:48.786+0000] {processor.py:743} INFO - Processing file /home/airflow/.local/lib/python3.7/site-packages/airflow/example_dags/example_task_group_decorator.py for tasks to queue
[2023-04-02T10:32:48.789+0000] {logging_mixin.py:137} INFO - [2023-04-02T10:32:48.788+0000] {dagbag.py:532} INFO - Filling up the DagBag from /home/airflow/.local/lib/python3.7/site-packages/airflow/example_dags/example_task_group_decorator.py
[2023-04-02T10:32:48.848+0000] {processor.py:753} INFO - DAG(s) dict_keys(['example_task_group_decorator']) retrieved from /home/airflow/.local/lib/python3.7/site-packages/airflow/example_dags/example_task_group_decorator.py
[2023-04-02T10:32:48.875+0000] {logging_mixin.py:137} INFO - [2023-04-02T10:32:48.875+0000] {dag.py:2705} INFO - Sync 1 DAGs
[2023-04-02T10:32:48.936+0000] {logging_mixin.py:137} INFO - [2023-04-02T10:32:48.936+0000] {dag.py:3456} INFO - Setting next_dagrun for example_task_group_decorator to 2023-04-01T10:32:48.935990+00:00, run_after=2023-04-02T10:32:48.935990+00:00
[2023-04-02T10:32:48.966+0000] {processor.py:175} INFO - Processing /home/airflow/.local/lib/python3.7/site-packages/airflow/example_dags/example_task_group_decorator.py took 0.194 seconds
[2023-04-02T10:33:24.253+0000] {processor.py:153} INFO - Started process (PID=561) to work on /home/airflow/.local/lib/python3.7/site-packages/airflow/example_dags/example_task_group_decorator.py
[2023-04-02T10:33:24.259+0000] {processor.py:743} INFO - Processing file /home/airflow/.local/lib/python3.7/site-packages/airflow/example_dags/example_task_group_decorator.py for tasks to queue
[2023-04-02T10:33:24.263+0000] {logging_mixin.py:137} INFO - [2023-04-02T10:33:24.263+0000] {dagbag.py:532} INFO - Filling up the DagBag from /home/airflow/.local/lib/python3.7/site-packages/airflow/example_dags/example_task_group_decorator.py
[2023-04-02T10:33:24.376+0000] {processor.py:753} INFO - DAG(s) dict_keys(['example_task_group_decorator']) retrieved from /home/airflow/.local/lib/python3.7/site-packages/airflow/example_dags/example_task_group_decorator.py
[2023-04-02T10:33:24.417+0000] {logging_mixin.py:137} INFO - [2023-04-02T10:33:24.417+0000] {dag.py:2705} INFO - Sync 1 DAGs
[2023-04-02T10:33:24.596+0000] {logging_mixin.py:137} INFO - [2023-04-02T10:33:24.596+0000] {dag.py:3456} INFO - Setting next_dagrun for example_task_group_decorator to 2023-04-01T10:33:24.595695+00:00, run_after=2023-04-02T10:33:24.595695+00:00
[2023-04-02T10:33:24.660+0000] {processor.py:175} INFO - Processing /home/airflow/.local/lib/python3.7/site-packages/airflow/example_dags/example_task_group_decorator.py took 0.424 seconds
[2023-04-02T10:33:57.877+0000] {processor.py:153} INFO - Started process (PID=780) to work on /home/airflow/.local/lib/python3.7/site-packages/airflow/example_dags/example_task_group_decorator.py
[2023-04-02T10:33:57.886+0000] {processor.py:743} INFO - Processing file /home/airflow/.local/lib/python3.7/site-packages/airflow/example_dags/example_task_group_decorator.py for tasks to queue
[2023-04-02T10:33:57.890+0000] {logging_mixin.py:137} INFO - [2023-04-02T10:33:57.889+0000] {dagbag.py:532} INFO - Filling up the DagBag from /home/airflow/.local/lib/python3.7/site-packages/airflow/example_dags/example_task_group_decorator.py
[2023-04-02T10:33:58.011+0000] {processor.py:753} INFO - DAG(s) dict_keys(['example_task_group_decorator']) retrieved from /home/airflow/.local/lib/python3.7/site-packages/airflow/example_dags/example_task_group_decorator.py
[2023-04-02T10:33:58.098+0000] {logging_mixin.py:137} INFO - [2023-04-02T10:33:58.098+0000] {dag.py:2705} INFO - Sync 1 DAGs
[2023-04-02T10:33:58.252+0000] {logging_mixin.py:137} INFO - [2023-04-02T10:33:58.245+0000] {dag.py:3456} INFO - Setting next_dagrun for example_task_group_decorator to 2023-04-01T10:33:58.245141+00:00, run_after=2023-04-02T10:33:58.245141+00:00
[2023-04-02T10:33:58.317+0000] {processor.py:175} INFO - Processing /home/airflow/.local/lib/python3.7/site-packages/airflow/example_dags/example_task_group_decorator.py took 0.446 seconds
[2023-04-02T10:34:29.138+0000] {processor.py:153} INFO - Started process (PID=998) to work on /home/airflow/.local/lib/python3.7/site-packages/airflow/example_dags/example_task_group_decorator.py
[2023-04-02T10:34:29.140+0000] {processor.py:743} INFO - Processing file /home/airflow/.local/lib/python3.7/site-packages/airflow/example_dags/example_task_group_decorator.py for tasks to queue
[2023-04-02T10:34:29.143+0000] {logging_mixin.py:137} INFO - [2023-04-02T10:34:29.142+0000] {dagbag.py:532} INFO - Filling up the DagBag from /home/airflow/.local/lib/python3.7/site-packages/airflow/example_dags/example_task_group_decorator.py
[2023-04-02T10:34:29.187+0000] {processor.py:753} INFO - DAG(s) dict_keys(['example_task_group_decorator']) retrieved from /home/airflow/.local/lib/python3.7/site-packages/airflow/example_dags/example_task_group_decorator.py
[2023-04-02T10:34:29.248+0000] {logging_mixin.py:137} INFO - [2023-04-02T10:34:29.248+0000] {dag.py:2705} INFO - Sync 1 DAGs
[2023-04-02T10:34:29.300+0000] {logging_mixin.py:137} INFO - [2023-04-02T10:34:29.299+0000] {dag.py:3456} INFO - Setting next_dagrun for example_task_group_decorator to 2023-04-01T10:34:29.299460+00:00, run_after=2023-04-02T10:34:29.299460+00:00
[2023-04-02T10:34:29.337+0000] {processor.py:175} INFO - Processing /home/airflow/.local/lib/python3.7/site-packages/airflow/example_dags/example_task_group_decorator.py took 0.208 seconds
[2023-04-02T10:35:00.235+0000] {processor.py:153} INFO - Started process (PID=1217) to work on /home/airflow/.local/lib/python3.7/site-packages/airflow/example_dags/example_task_group_decorator.py
[2023-04-02T10:35:00.238+0000] {processor.py:743} INFO - Processing file /home/airflow/.local/lib/python3.7/site-packages/airflow/example_dags/example_task_group_decorator.py for tasks to queue
[2023-04-02T10:35:00.241+0000] {logging_mixin.py:137} INFO - [2023-04-02T10:35:00.240+0000] {dagbag.py:532} INFO - Filling up the DagBag from /home/airflow/.local/lib/python3.7/site-packages/airflow/example_dags/example_task_group_decorator.py
[2023-04-02T10:35:00.322+0000] {processor.py:753} INFO - DAG(s) dict_keys(['example_task_group_decorator']) retrieved from /home/airflow/.local/lib/python3.7/site-packages/airflow/example_dags/example_task_group_decorator.py
[2023-04-02T10:35:00.373+0000] {logging_mixin.py:137} INFO - [2023-04-02T10:35:00.373+0000] {dag.py:2705} INFO - Sync 1 DAGs
[2023-04-02T10:35:00.417+0000] {logging_mixin.py:137} INFO - [2023-04-02T10:35:00.417+0000] {dag.py:3456} INFO - Setting next_dagrun for example_task_group_decorator to 2023-04-01T10:35:00.417352+00:00, run_after=2023-04-02T10:35:00.417352+00:00
[2023-04-02T10:35:00.452+0000] {processor.py:175} INFO - Processing /home/airflow/.local/lib/python3.7/site-packages/airflow/example_dags/example_task_group_decorator.py took 0.229 seconds
[2023-04-02T10:35:31.506+0000] {processor.py:153} INFO - Started process (PID=1435) to work on /home/airflow/.local/lib/python3.7/site-packages/airflow/example_dags/example_task_group_decorator.py
[2023-04-02T10:35:31.512+0000] {processor.py:743} INFO - Processing file /home/airflow/.local/lib/python3.7/site-packages/airflow/example_dags/example_task_group_decorator.py for tasks to queue
[2023-04-02T10:35:31.515+0000] {logging_mixin.py:137} INFO - [2023-04-02T10:35:31.515+0000] {dagbag.py:532} INFO - Filling up the DagBag from /home/airflow/.local/lib/python3.7/site-packages/airflow/example_dags/example_task_group_decorator.py
[2023-04-02T10:35:31.611+0000] {processor.py:753} INFO - DAG(s) dict_keys(['example_task_group_decorator']) retrieved from /home/airflow/.local/lib/python3.7/site-packages/airflow/example_dags/example_task_group_decorator.py
[2023-04-02T10:35:31.721+0000] {logging_mixin.py:137} INFO - [2023-04-02T10:35:31.720+0000] {dag.py:2705} INFO - Sync 1 DAGs
[2023-04-02T10:35:31.787+0000] {logging_mixin.py:137} INFO - [2023-04-02T10:35:31.787+0000] {dag.py:3456} INFO - Setting next_dagrun for example_task_group_decorator to 2023-04-01T10:35:31.786885+00:00, run_after=2023-04-02T10:35:31.786885+00:00
[2023-04-02T10:35:31.880+0000] {processor.py:175} INFO - Processing /home/airflow/.local/lib/python3.7/site-packages/airflow/example_dags/example_task_group_decorator.py took 0.381 seconds
[2023-04-02T10:36:02.482+0000] {processor.py:153} INFO - Started process (PID=1653) to work on /home/airflow/.local/lib/python3.7/site-packages/airflow/example_dags/example_task_group_decorator.py
[2023-04-02T10:36:02.483+0000] {processor.py:743} INFO - Processing file /home/airflow/.local/lib/python3.7/site-packages/airflow/example_dags/example_task_group_decorator.py for tasks to queue
[2023-04-02T10:36:02.486+0000] {logging_mixin.py:137} INFO - [2023-04-02T10:36:02.485+0000] {dagbag.py:532} INFO - Filling up the DagBag from /home/airflow/.local/lib/python3.7/site-packages/airflow/example_dags/example_task_group_decorator.py
[2023-04-02T10:36:02.528+0000] {processor.py:753} INFO - DAG(s) dict_keys(['example_task_group_decorator']) retrieved from /home/airflow/.local/lib/python3.7/site-packages/airflow/example_dags/example_task_group_decorator.py
[2023-04-02T10:36:02.576+0000] {logging_mixin.py:137} INFO - [2023-04-02T10:36:02.575+0000] {dag.py:2705} INFO - Sync 1 DAGs
[2023-04-02T10:36:02.622+0000] {logging_mixin.py:137} INFO - [2023-04-02T10:36:02.622+0000] {dag.py:3456} INFO - Setting next_dagrun for example_task_group_decorator to 2023-04-01T10:36:02.619951+00:00, run_after=2023-04-02T10:36:02.619951+00:00
[2023-04-02T10:36:02.669+0000] {processor.py:175} INFO - Processing /home/airflow/.local/lib/python3.7/site-packages/airflow/example_dags/example_task_group_decorator.py took 0.194 seconds
[2023-04-02T10:36:32.865+0000] {processor.py:153} INFO - Started process (PID=1873) to work on /home/airflow/.local/lib/python3.7/site-packages/airflow/example_dags/example_task_group_decorator.py
[2023-04-02T10:36:32.867+0000] {processor.py:743} INFO - Processing file /home/airflow/.local/lib/python3.7/site-packages/airflow/example_dags/example_task_group_decorator.py for tasks to queue
[2023-04-02T10:36:32.869+0000] {logging_mixin.py:137} INFO - [2023-04-02T10:36:32.869+0000] {dagbag.py:532} INFO - Filling up the DagBag from /home/airflow/.local/lib/python3.7/site-packages/airflow/example_dags/example_task_group_decorator.py
[2023-04-02T10:36:32.913+0000] {processor.py:753} INFO - DAG(s) dict_keys(['example_task_group_decorator']) retrieved from /home/airflow/.local/lib/python3.7/site-packages/airflow/example_dags/example_task_group_decorator.py
[2023-04-02T10:36:32.960+0000] {logging_mixin.py:137} INFO - [2023-04-02T10:36:32.960+0000] {dag.py:2705} INFO - Sync 1 DAGs
[2023-04-02T10:36:33.001+0000] {logging_mixin.py:137} INFO - [2023-04-02T10:36:33.001+0000] {dag.py:3456} INFO - Setting next_dagrun for example_task_group_decorator to 2023-04-01T10:36:33.000724+00:00, run_after=2023-04-02T10:36:33.000724+00:00
[2023-04-02T10:36:33.083+0000] {processor.py:175} INFO - Processing /home/airflow/.local/lib/python3.7/site-packages/airflow/example_dags/example_task_group_decorator.py took 0.223 seconds
[2023-04-02T10:37:03.705+0000] {processor.py:153} INFO - Started process (PID=2091) to work on /home/airflow/.local/lib/python3.7/site-packages/airflow/example_dags/example_task_group_decorator.py
[2023-04-02T10:37:03.707+0000] {processor.py:743} INFO - Processing file /home/airflow/.local/lib/python3.7/site-packages/airflow/example_dags/example_task_group_decorator.py for tasks to queue
[2023-04-02T10:37:03.710+0000] {logging_mixin.py:137} INFO - [2023-04-02T10:37:03.710+0000] {dagbag.py:532} INFO - Filling up the DagBag from /home/airflow/.local/lib/python3.7/site-packages/airflow/example_dags/example_task_group_decorator.py
[2023-04-02T10:37:03.766+0000] {processor.py:753} INFO - DAG(s) dict_keys(['example_task_group_decorator']) retrieved from /home/airflow/.local/lib/python3.7/site-packages/airflow/example_dags/example_task_group_decorator.py
[2023-04-02T10:37:03.823+0000] {logging_mixin.py:137} INFO - [2023-04-02T10:37:03.822+0000] {dag.py:2705} INFO - Sync 1 DAGs
[2023-04-02T10:37:03.909+0000] {logging_mixin.py:137} INFO - [2023-04-02T10:37:03.908+0000] {dag.py:3456} INFO - Setting next_dagrun for example_task_group_decorator to 2023-04-01T10:37:03.907670+00:00, run_after=2023-04-02T10:37:03.907670+00:00
[2023-04-02T10:37:04.000+0000] {processor.py:175} INFO - Processing /home/airflow/.local/lib/python3.7/site-packages/airflow/example_dags/example_task_group_decorator.py took 0.300 seconds
[2023-04-02T10:37:34.257+0000] {processor.py:153} INFO - Started process (PID=2321) to work on /home/airflow/.local/lib/python3.7/site-packages/airflow/example_dags/example_task_group_decorator.py
[2023-04-02T10:37:34.258+0000] {processor.py:743} INFO - Processing file /home/airflow/.local/lib/python3.7/site-packages/airflow/example_dags/example_task_group_decorator.py for tasks to queue
[2023-04-02T10:37:34.260+0000] {logging_mixin.py:137} INFO - [2023-04-02T10:37:34.260+0000] {dagbag.py:532} INFO - Filling up the DagBag from /home/airflow/.local/lib/python3.7/site-packages/airflow/example_dags/example_task_group_decorator.py
[2023-04-02T10:37:34.325+0000] {processor.py:753} INFO - DAG(s) dict_keys(['example_task_group_decorator']) retrieved from /home/airflow/.local/lib/python3.7/site-packages/airflow/example_dags/example_task_group_decorator.py
[2023-04-02T10:37:34.382+0000] {logging_mixin.py:137} INFO - [2023-04-02T10:37:34.382+0000] {dag.py:2705} INFO - Sync 1 DAGs
[2023-04-02T10:37:34.430+0000] {logging_mixin.py:137} INFO - [2023-04-02T10:37:34.430+0000] {dag.py:3456} INFO - Setting next_dagrun for example_task_group_decorator to 2023-04-01T10:37:34.429967+00:00, run_after=2023-04-02T10:37:34.429967+00:00
[2023-04-02T10:37:34.475+0000] {processor.py:175} INFO - Processing /home/airflow/.local/lib/python3.7/site-packages/airflow/example_dags/example_task_group_decorator.py took 0.226 seconds
[2023-04-02T10:38:05.038+0000] {processor.py:153} INFO - Started process (PID=2532) to work on /home/airflow/.local/lib/python3.7/site-packages/airflow/example_dags/example_task_group_decorator.py
[2023-04-02T10:38:05.044+0000] {processor.py:743} INFO - Processing file /home/airflow/.local/lib/python3.7/site-packages/airflow/example_dags/example_task_group_decorator.py for tasks to queue
[2023-04-02T10:38:05.046+0000] {logging_mixin.py:137} INFO - [2023-04-02T10:38:05.045+0000] {dagbag.py:532} INFO - Filling up the DagBag from /home/airflow/.local/lib/python3.7/site-packages/airflow/example_dags/example_task_group_decorator.py
[2023-04-02T10:38:05.098+0000] {processor.py:753} INFO - DAG(s) dict_keys(['example_task_group_decorator']) retrieved from /home/airflow/.local/lib/python3.7/site-packages/airflow/example_dags/example_task_group_decorator.py
[2023-04-02T10:38:05.143+0000] {logging_mixin.py:137} INFO - [2023-04-02T10:38:05.143+0000] {dag.py:2705} INFO - Sync 1 DAGs
[2023-04-02T10:38:05.184+0000] {logging_mixin.py:137} INFO - [2023-04-02T10:38:05.184+0000] {dag.py:3456} INFO - Setting next_dagrun for example_task_group_decorator to 2023-04-01T10:38:05.183785+00:00, run_after=2023-04-02T10:38:05.183785+00:00
[2023-04-02T10:38:05.212+0000] {processor.py:175} INFO - Processing /home/airflow/.local/lib/python3.7/site-packages/airflow/example_dags/example_task_group_decorator.py took 0.183 seconds
[2023-04-02T10:38:36.013+0000] {processor.py:153} INFO - Started process (PID=2752) to work on /home/airflow/.local/lib/python3.7/site-packages/airflow/example_dags/example_task_group_decorator.py
[2023-04-02T10:38:36.014+0000] {processor.py:743} INFO - Processing file /home/airflow/.local/lib/python3.7/site-packages/airflow/example_dags/example_task_group_decorator.py for tasks to queue
[2023-04-02T10:38:36.019+0000] {logging_mixin.py:137} INFO - [2023-04-02T10:38:36.018+0000] {dagbag.py:532} INFO - Filling up the DagBag from /home/airflow/.local/lib/python3.7/site-packages/airflow/example_dags/example_task_group_decorator.py
[2023-04-02T10:38:36.080+0000] {processor.py:753} INFO - DAG(s) dict_keys(['example_task_group_decorator']) retrieved from /home/airflow/.local/lib/python3.7/site-packages/airflow/example_dags/example_task_group_decorator.py
[2023-04-02T10:38:36.138+0000] {logging_mixin.py:137} INFO - [2023-04-02T10:38:36.138+0000] {dag.py:2705} INFO - Sync 1 DAGs
[2023-04-02T10:38:36.188+0000] {logging_mixin.py:137} INFO - [2023-04-02T10:38:36.188+0000] {dag.py:3456} INFO - Setting next_dagrun for example_task_group_decorator to 2023-04-01T10:38:36.188350+00:00, run_after=2023-04-02T10:38:36.188350+00:00
[2023-04-02T10:38:36.229+0000] {processor.py:175} INFO - Processing /home/airflow/.local/lib/python3.7/site-packages/airflow/example_dags/example_task_group_decorator.py took 0.221 seconds
[2023-04-02T10:39:06.718+0000] {processor.py:153} INFO - Started process (PID=2968) to work on /home/airflow/.local/lib/python3.7/site-packages/airflow/example_dags/example_task_group_decorator.py
[2023-04-02T10:39:06.721+0000] {processor.py:743} INFO - Processing file /home/airflow/.local/lib/python3.7/site-packages/airflow/example_dags/example_task_group_decorator.py for tasks to queue
[2023-04-02T10:39:06.725+0000] {logging_mixin.py:137} INFO - [2023-04-02T10:39:06.725+0000] {dagbag.py:532} INFO - Filling up the DagBag from /home/airflow/.local/lib/python3.7/site-packages/airflow/example_dags/example_task_group_decorator.py
[2023-04-02T10:39:06.790+0000] {processor.py:753} INFO - DAG(s) dict_keys(['example_task_group_decorator']) retrieved from /home/airflow/.local/lib/python3.7/site-packages/airflow/example_dags/example_task_group_decorator.py
[2023-04-02T10:39:06.864+0000] {logging_mixin.py:137} INFO - [2023-04-02T10:39:06.863+0000] {dag.py:2705} INFO - Sync 1 DAGs
[2023-04-02T10:39:06.938+0000] {logging_mixin.py:137} INFO - [2023-04-02T10:39:06.937+0000] {dag.py:3456} INFO - Setting next_dagrun for example_task_group_decorator to 2023-04-01T10:39:06.937466+00:00, run_after=2023-04-02T10:39:06.937466+00:00
[2023-04-02T10:39:06.982+0000] {processor.py:175} INFO - Processing /home/airflow/.local/lib/python3.7/site-packages/airflow/example_dags/example_task_group_decorator.py took 0.269 seconds
[2023-04-02T10:39:37.372+0000] {processor.py:153} INFO - Started process (PID=3186) to work on /home/airflow/.local/lib/python3.7/site-packages/airflow/example_dags/example_task_group_decorator.py
[2023-04-02T10:39:37.375+0000] {processor.py:743} INFO - Processing file /home/airflow/.local/lib/python3.7/site-packages/airflow/example_dags/example_task_group_decorator.py for tasks to queue
[2023-04-02T10:39:37.380+0000] {logging_mixin.py:137} INFO - [2023-04-02T10:39:37.380+0000] {dagbag.py:532} INFO - Filling up the DagBag from /home/airflow/.local/lib/python3.7/site-packages/airflow/example_dags/example_task_group_decorator.py
[2023-04-02T10:39:37.457+0000] {processor.py:753} INFO - DAG(s) dict_keys(['example_task_group_decorator']) retrieved from /home/airflow/.local/lib/python3.7/site-packages/airflow/example_dags/example_task_group_decorator.py
[2023-04-02T10:39:37.511+0000] {logging_mixin.py:137} INFO - [2023-04-02T10:39:37.510+0000] {dag.py:2705} INFO - Sync 1 DAGs
[2023-04-02T10:39:37.556+0000] {logging_mixin.py:137} INFO - [2023-04-02T10:39:37.556+0000] {dag.py:3456} INFO - Setting next_dagrun for example_task_group_decorator to 2023-04-01T10:39:37.555965+00:00, run_after=2023-04-02T10:39:37.555965+00:00
[2023-04-02T10:39:37.608+0000] {processor.py:175} INFO - Processing /home/airflow/.local/lib/python3.7/site-packages/airflow/example_dags/example_task_group_decorator.py took 0.242 seconds
[2023-04-02T10:40:08.550+0000] {processor.py:153} INFO - Started process (PID=3404) to work on /home/airflow/.local/lib/python3.7/site-packages/airflow/example_dags/example_task_group_decorator.py
[2023-04-02T10:40:08.553+0000] {processor.py:743} INFO - Processing file /home/airflow/.local/lib/python3.7/site-packages/airflow/example_dags/example_task_group_decorator.py for tasks to queue
[2023-04-02T10:40:08.555+0000] {logging_mixin.py:137} INFO - [2023-04-02T10:40:08.555+0000] {dagbag.py:532} INFO - Filling up the DagBag from /home/airflow/.local/lib/python3.7/site-packages/airflow/example_dags/example_task_group_decorator.py
[2023-04-02T10:40:08.634+0000] {processor.py:753} INFO - DAG(s) dict_keys(['example_task_group_decorator']) retrieved from /home/airflow/.local/lib/python3.7/site-packages/airflow/example_dags/example_task_group_decorator.py
[2023-04-02T10:40:08.697+0000] {logging_mixin.py:137} INFO - [2023-04-02T10:40:08.697+0000] {dag.py:2705} INFO - Sync 1 DAGs
[2023-04-02T10:40:08.749+0000] {logging_mixin.py:137} INFO - [2023-04-02T10:40:08.749+0000] {dag.py:3456} INFO - Setting next_dagrun for example_task_group_decorator to 2023-04-01T10:40:08.749210+00:00, run_after=2023-04-02T10:40:08.749210+00:00
[2023-04-02T10:40:08.796+0000] {processor.py:175} INFO - Processing /home/airflow/.local/lib/python3.7/site-packages/airflow/example_dags/example_task_group_decorator.py took 0.253 seconds
[2023-04-02T10:40:40.934+0000] {processor.py:153} INFO - Started process (PID=3622) to work on /home/airflow/.local/lib/python3.7/site-packages/airflow/example_dags/example_task_group_decorator.py
[2023-04-02T10:40:40.946+0000] {processor.py:743} INFO - Processing file /home/airflow/.local/lib/python3.7/site-packages/airflow/example_dags/example_task_group_decorator.py for tasks to queue
[2023-04-02T10:40:40.953+0000] {logging_mixin.py:137} INFO - [2023-04-02T10:40:40.953+0000] {dagbag.py:532} INFO - Filling up the DagBag from /home/airflow/.local/lib/python3.7/site-packages/airflow/example_dags/example_task_group_decorator.py
[2023-04-02T10:40:41.141+0000] {processor.py:753} INFO - DAG(s) dict_keys(['example_task_group_decorator']) retrieved from /home/airflow/.local/lib/python3.7/site-packages/airflow/example_dags/example_task_group_decorator.py
[2023-04-02T10:40:41.206+0000] {logging_mixin.py:137} INFO - [2023-04-02T10:40:41.206+0000] {dag.py:2705} INFO - Sync 1 DAGs
[2023-04-02T10:40:41.291+0000] {logging_mixin.py:137} INFO - [2023-04-02T10:40:41.290+0000] {dag.py:3456} INFO - Setting next_dagrun for example_task_group_decorator to 2023-04-01T10:40:41.289845+00:00, run_after=2023-04-02T10:40:41.289845+00:00
[2023-04-02T10:40:41.381+0000] {processor.py:175} INFO - Processing /home/airflow/.local/lib/python3.7/site-packages/airflow/example_dags/example_task_group_decorator.py took 0.475 seconds
[2023-04-02T10:41:11.900+0000] {processor.py:153} INFO - Started process (PID=3840) to work on /home/airflow/.local/lib/python3.7/site-packages/airflow/example_dags/example_task_group_decorator.py
[2023-04-02T10:41:11.907+0000] {processor.py:743} INFO - Processing file /home/airflow/.local/lib/python3.7/site-packages/airflow/example_dags/example_task_group_decorator.py for tasks to queue
[2023-04-02T10:41:11.914+0000] {logging_mixin.py:137} INFO - [2023-04-02T10:41:11.914+0000] {dagbag.py:532} INFO - Filling up the DagBag from /home/airflow/.local/lib/python3.7/site-packages/airflow/example_dags/example_task_group_decorator.py
[2023-04-02T10:41:11.996+0000] {processor.py:753} INFO - DAG(s) dict_keys(['example_task_group_decorator']) retrieved from /home/airflow/.local/lib/python3.7/site-packages/airflow/example_dags/example_task_group_decorator.py
[2023-04-02T10:41:12.184+0000] {logging_mixin.py:137} INFO - [2023-04-02T10:41:12.184+0000] {dag.py:2705} INFO - Sync 1 DAGs
[2023-04-02T10:41:12.317+0000] {logging_mixin.py:137} INFO - [2023-04-02T10:41:12.317+0000] {dag.py:3456} INFO - Setting next_dagrun for example_task_group_decorator to 2023-04-01T10:41:12.316458+00:00, run_after=2023-04-02T10:41:12.316458+00:00
[2023-04-02T10:41:12.429+0000] {processor.py:175} INFO - Processing /home/airflow/.local/lib/python3.7/site-packages/airflow/example_dags/example_task_group_decorator.py took 0.545 seconds
[2023-04-02T10:41:43.194+0000] {processor.py:153} INFO - Started process (PID=4060) to work on /home/airflow/.local/lib/python3.7/site-packages/airflow/example_dags/example_task_group_decorator.py
[2023-04-02T10:41:43.204+0000] {processor.py:743} INFO - Processing file /home/airflow/.local/lib/python3.7/site-packages/airflow/example_dags/example_task_group_decorator.py for tasks to queue
[2023-04-02T10:41:43.211+0000] {logging_mixin.py:137} INFO - [2023-04-02T10:41:43.211+0000] {dagbag.py:532} INFO - Filling up the DagBag from /home/airflow/.local/lib/python3.7/site-packages/airflow/example_dags/example_task_group_decorator.py
[2023-04-02T10:41:43.308+0000] {processor.py:753} INFO - DAG(s) dict_keys(['example_task_group_decorator']) retrieved from /home/airflow/.local/lib/python3.7/site-packages/airflow/example_dags/example_task_group_decorator.py
[2023-04-02T10:41:43.420+0000] {logging_mixin.py:137} INFO - [2023-04-02T10:41:43.420+0000] {dag.py:2705} INFO - Sync 1 DAGs
[2023-04-02T10:41:43.505+0000] {logging_mixin.py:137} INFO - [2023-04-02T10:41:43.504+0000] {dag.py:3456} INFO - Setting next_dagrun for example_task_group_decorator to 2023-04-01T10:41:43.503892+00:00, run_after=2023-04-02T10:41:43.503892+00:00
[2023-04-02T10:41:43.563+0000] {processor.py:175} INFO - Processing /home/airflow/.local/lib/python3.7/site-packages/airflow/example_dags/example_task_group_decorator.py took 0.379 seconds
[2023-04-02T10:42:14.635+0000] {processor.py:153} INFO - Started process (PID=4277) to work on /home/airflow/.local/lib/python3.7/site-packages/airflow/example_dags/example_task_group_decorator.py
[2023-04-02T10:42:14.648+0000] {processor.py:743} INFO - Processing file /home/airflow/.local/lib/python3.7/site-packages/airflow/example_dags/example_task_group_decorator.py for tasks to queue
[2023-04-02T10:42:14.653+0000] {logging_mixin.py:137} INFO - [2023-04-02T10:42:14.652+0000] {dagbag.py:532} INFO - Filling up the DagBag from /home/airflow/.local/lib/python3.7/site-packages/airflow/example_dags/example_task_group_decorator.py
[2023-04-02T10:42:14.800+0000] {processor.py:753} INFO - DAG(s) dict_keys(['example_task_group_decorator']) retrieved from /home/airflow/.local/lib/python3.7/site-packages/airflow/example_dags/example_task_group_decorator.py
[2023-04-02T10:42:14.942+0000] {logging_mixin.py:137} INFO - [2023-04-02T10:42:14.942+0000] {dag.py:2705} INFO - Sync 1 DAGs
[2023-04-02T10:42:15.099+0000] {logging_mixin.py:137} INFO - [2023-04-02T10:42:15.098+0000] {dag.py:3456} INFO - Setting next_dagrun for example_task_group_decorator to 2023-04-01T10:42:15.090058+00:00, run_after=2023-04-02T10:42:15.090058+00:00
[2023-04-02T10:42:15.205+0000] {processor.py:175} INFO - Processing /home/airflow/.local/lib/python3.7/site-packages/airflow/example_dags/example_task_group_decorator.py took 0.579 seconds
[2023-04-02T10:42:45.415+0000] {processor.py:153} INFO - Started process (PID=4495) to work on /home/airflow/.local/lib/python3.7/site-packages/airflow/example_dags/example_task_group_decorator.py
[2023-04-02T10:42:45.424+0000] {processor.py:743} INFO - Processing file /home/airflow/.local/lib/python3.7/site-packages/airflow/example_dags/example_task_group_decorator.py for tasks to queue
[2023-04-02T10:42:45.427+0000] {logging_mixin.py:137} INFO - [2023-04-02T10:42:45.427+0000] {dagbag.py:532} INFO - Filling up the DagBag from /home/airflow/.local/lib/python3.7/site-packages/airflow/example_dags/example_task_group_decorator.py
[2023-04-02T10:42:45.516+0000] {processor.py:753} INFO - DAG(s) dict_keys(['example_task_group_decorator']) retrieved from /home/airflow/.local/lib/python3.7/site-packages/airflow/example_dags/example_task_group_decorator.py
[2023-04-02T10:42:45.591+0000] {logging_mixin.py:137} INFO - [2023-04-02T10:42:45.591+0000] {dag.py:2705} INFO - Sync 1 DAGs
[2023-04-02T10:42:45.665+0000] {logging_mixin.py:137} INFO - [2023-04-02T10:42:45.665+0000] {dag.py:3456} INFO - Setting next_dagrun for example_task_group_decorator to 2023-04-01T10:42:45.664817+00:00, run_after=2023-04-02T10:42:45.664817+00:00
[2023-04-02T10:42:45.729+0000] {processor.py:175} INFO - Processing /home/airflow/.local/lib/python3.7/site-packages/airflow/example_dags/example_task_group_decorator.py took 0.322 seconds
[2023-04-02T10:43:16.253+0000] {processor.py:153} INFO - Started process (PID=4713) to work on /home/airflow/.local/lib/python3.7/site-packages/airflow/example_dags/example_task_group_decorator.py
[2023-04-02T10:43:16.256+0000] {processor.py:743} INFO - Processing file /home/airflow/.local/lib/python3.7/site-packages/airflow/example_dags/example_task_group_decorator.py for tasks to queue
[2023-04-02T10:43:16.258+0000] {logging_mixin.py:137} INFO - [2023-04-02T10:43:16.258+0000] {dagbag.py:532} INFO - Filling up the DagBag from /home/airflow/.local/lib/python3.7/site-packages/airflow/example_dags/example_task_group_decorator.py
[2023-04-02T10:43:16.320+0000] {processor.py:753} INFO - DAG(s) dict_keys(['example_task_group_decorator']) retrieved from /home/airflow/.local/lib/python3.7/site-packages/airflow/example_dags/example_task_group_decorator.py
[2023-04-02T10:43:16.383+0000] {logging_mixin.py:137} INFO - [2023-04-02T10:43:16.383+0000] {dag.py:2705} INFO - Sync 1 DAGs
[2023-04-02T10:43:16.448+0000] {logging_mixin.py:137} INFO - [2023-04-02T10:43:16.448+0000] {dag.py:3456} INFO - Setting next_dagrun for example_task_group_decorator to 2023-04-01T10:43:16.447671+00:00, run_after=2023-04-02T10:43:16.447671+00:00
[2023-04-02T10:43:16.496+0000] {processor.py:175} INFO - Processing /home/airflow/.local/lib/python3.7/site-packages/airflow/example_dags/example_task_group_decorator.py took 0.249 seconds
[2023-04-02T10:43:46.820+0000] {processor.py:153} INFO - Started process (PID=4933) to work on /home/airflow/.local/lib/python3.7/site-packages/airflow/example_dags/example_task_group_decorator.py
[2023-04-02T10:43:46.822+0000] {processor.py:743} INFO - Processing file /home/airflow/.local/lib/python3.7/site-packages/airflow/example_dags/example_task_group_decorator.py for tasks to queue
[2023-04-02T10:43:46.825+0000] {logging_mixin.py:137} INFO - [2023-04-02T10:43:46.824+0000] {dagbag.py:532} INFO - Filling up the DagBag from /home/airflow/.local/lib/python3.7/site-packages/airflow/example_dags/example_task_group_decorator.py
[2023-04-02T10:43:46.886+0000] {processor.py:753} INFO - DAG(s) dict_keys(['example_task_group_decorator']) retrieved from /home/airflow/.local/lib/python3.7/site-packages/airflow/example_dags/example_task_group_decorator.py
[2023-04-02T10:43:46.932+0000] {logging_mixin.py:137} INFO - [2023-04-02T10:43:46.932+0000] {dag.py:2705} INFO - Sync 1 DAGs
[2023-04-02T10:43:46.973+0000] {logging_mixin.py:137} INFO - [2023-04-02T10:43:46.973+0000] {dag.py:3456} INFO - Setting next_dagrun for example_task_group_decorator to 2023-04-01T10:43:46.973363+00:00, run_after=2023-04-02T10:43:46.973363+00:00
[2023-04-02T10:43:47.002+0000] {processor.py:175} INFO - Processing /home/airflow/.local/lib/python3.7/site-packages/airflow/example_dags/example_task_group_decorator.py took 0.188 seconds
[2023-04-02T10:44:17.686+0000] {processor.py:153} INFO - Started process (PID=5149) to work on /home/airflow/.local/lib/python3.7/site-packages/airflow/example_dags/example_task_group_decorator.py
[2023-04-02T10:44:17.688+0000] {processor.py:743} INFO - Processing file /home/airflow/.local/lib/python3.7/site-packages/airflow/example_dags/example_task_group_decorator.py for tasks to queue
[2023-04-02T10:44:17.690+0000] {logging_mixin.py:137} INFO - [2023-04-02T10:44:17.690+0000] {dagbag.py:532} INFO - Filling up the DagBag from /home/airflow/.local/lib/python3.7/site-packages/airflow/example_dags/example_task_group_decorator.py
[2023-04-02T10:44:17.754+0000] {processor.py:753} INFO - DAG(s) dict_keys(['example_task_group_decorator']) retrieved from /home/airflow/.local/lib/python3.7/site-packages/airflow/example_dags/example_task_group_decorator.py
[2023-04-02T10:44:17.837+0000] {logging_mixin.py:137} INFO - [2023-04-02T10:44:17.837+0000] {dag.py:2705} INFO - Sync 1 DAGs
[2023-04-02T10:44:17.892+0000] {logging_mixin.py:137} INFO - [2023-04-02T10:44:17.892+0000] {dag.py:3456} INFO - Setting next_dagrun for example_task_group_decorator to 2023-04-01T10:44:17.891904+00:00, run_after=2023-04-02T10:44:17.891904+00:00
[2023-04-02T10:44:17.938+0000] {processor.py:175} INFO - Processing /home/airflow/.local/lib/python3.7/site-packages/airflow/example_dags/example_task_group_decorator.py took 0.259 seconds
[2023-04-02T10:44:48.702+0000] {processor.py:153} INFO - Started process (PID=5365) to work on /home/airflow/.local/lib/python3.7/site-packages/airflow/example_dags/example_task_group_decorator.py
[2023-04-02T10:44:48.704+0000] {processor.py:743} INFO - Processing file /home/airflow/.local/lib/python3.7/site-packages/airflow/example_dags/example_task_group_decorator.py for tasks to queue
[2023-04-02T10:44:48.707+0000] {logging_mixin.py:137} INFO - [2023-04-02T10:44:48.706+0000] {dagbag.py:532} INFO - Filling up the DagBag from /home/airflow/.local/lib/python3.7/site-packages/airflow/example_dags/example_task_group_decorator.py
[2023-04-02T10:44:48.783+0000] {processor.py:753} INFO - DAG(s) dict_keys(['example_task_group_decorator']) retrieved from /home/airflow/.local/lib/python3.7/site-packages/airflow/example_dags/example_task_group_decorator.py
[2023-04-02T10:44:48.824+0000] {logging_mixin.py:137} INFO - [2023-04-02T10:44:48.823+0000] {dag.py:2705} INFO - Sync 1 DAGs
[2023-04-02T10:44:48.886+0000] {logging_mixin.py:137} INFO - [2023-04-02T10:44:48.885+0000] {dag.py:3456} INFO - Setting next_dagrun for example_task_group_decorator to 2023-04-01T10:44:48.885546+00:00, run_after=2023-04-02T10:44:48.885546+00:00
[2023-04-02T10:44:48.929+0000] {processor.py:175} INFO - Processing /home/airflow/.local/lib/python3.7/site-packages/airflow/example_dags/example_task_group_decorator.py took 0.231 seconds
[2023-04-02T10:45:19.312+0000] {processor.py:153} INFO - Started process (PID=5585) to work on /home/airflow/.local/lib/python3.7/site-packages/airflow/example_dags/example_task_group_decorator.py
[2023-04-02T10:45:19.316+0000] {processor.py:743} INFO - Processing file /home/airflow/.local/lib/python3.7/site-packages/airflow/example_dags/example_task_group_decorator.py for tasks to queue
[2023-04-02T10:45:19.321+0000] {logging_mixin.py:137} INFO - [2023-04-02T10:45:19.321+0000] {dagbag.py:532} INFO - Filling up the DagBag from /home/airflow/.local/lib/python3.7/site-packages/airflow/example_dags/example_task_group_decorator.py
[2023-04-02T10:45:19.439+0000] {processor.py:753} INFO - DAG(s) dict_keys(['example_task_group_decorator']) retrieved from /home/airflow/.local/lib/python3.7/site-packages/airflow/example_dags/example_task_group_decorator.py
[2023-04-02T10:45:19.512+0000] {logging_mixin.py:137} INFO - [2023-04-02T10:45:19.511+0000] {dag.py:2705} INFO - Sync 1 DAGs
[2023-04-02T10:45:19.601+0000] {logging_mixin.py:137} INFO - [2023-04-02T10:45:19.601+0000] {dag.py:3456} INFO - Setting next_dagrun for example_task_group_decorator to 2023-04-01T10:45:19.600755+00:00, run_after=2023-04-02T10:45:19.600755+00:00
[2023-04-02T10:45:19.654+0000] {processor.py:175} INFO - Processing /home/airflow/.local/lib/python3.7/site-packages/airflow/example_dags/example_task_group_decorator.py took 0.367 seconds
[2023-04-02T10:45:49.831+0000] {processor.py:153} INFO - Started process (PID=5803) to work on /home/airflow/.local/lib/python3.7/site-packages/airflow/example_dags/example_task_group_decorator.py
[2023-04-02T10:45:49.838+0000] {processor.py:743} INFO - Processing file /home/airflow/.local/lib/python3.7/site-packages/airflow/example_dags/example_task_group_decorator.py for tasks to queue
[2023-04-02T10:45:49.840+0000] {logging_mixin.py:137} INFO - [2023-04-02T10:45:49.839+0000] {dagbag.py:532} INFO - Filling up the DagBag from /home/airflow/.local/lib/python3.7/site-packages/airflow/example_dags/example_task_group_decorator.py
[2023-04-02T10:45:49.916+0000] {processor.py:753} INFO - DAG(s) dict_keys(['example_task_group_decorator']) retrieved from /home/airflow/.local/lib/python3.7/site-packages/airflow/example_dags/example_task_group_decorator.py
[2023-04-02T10:45:49.995+0000] {logging_mixin.py:137} INFO - [2023-04-02T10:45:49.995+0000] {dag.py:2705} INFO - Sync 1 DAGs
[2023-04-02T10:45:50.049+0000] {logging_mixin.py:137} INFO - [2023-04-02T10:45:50.049+0000] {dag.py:3456} INFO - Setting next_dagrun for example_task_group_decorator to 2023-04-01T10:45:50.049017+00:00, run_after=2023-04-02T10:45:50.049017+00:00
[2023-04-02T10:45:50.084+0000] {processor.py:175} INFO - Processing /home/airflow/.local/lib/python3.7/site-packages/airflow/example_dags/example_task_group_decorator.py took 0.259 seconds
[2023-04-02T10:46:20.459+0000] {processor.py:153} INFO - Started process (PID=6023) to work on /home/airflow/.local/lib/python3.7/site-packages/airflow/example_dags/example_task_group_decorator.py
[2023-04-02T10:46:20.461+0000] {processor.py:743} INFO - Processing file /home/airflow/.local/lib/python3.7/site-packages/airflow/example_dags/example_task_group_decorator.py for tasks to queue
[2023-04-02T10:46:20.464+0000] {logging_mixin.py:137} INFO - [2023-04-02T10:46:20.463+0000] {dagbag.py:532} INFO - Filling up the DagBag from /home/airflow/.local/lib/python3.7/site-packages/airflow/example_dags/example_task_group_decorator.py
[2023-04-02T10:46:20.509+0000] {processor.py:753} INFO - DAG(s) dict_keys(['example_task_group_decorator']) retrieved from /home/airflow/.local/lib/python3.7/site-packages/airflow/example_dags/example_task_group_decorator.py
[2023-04-02T10:46:20.571+0000] {logging_mixin.py:137} INFO - [2023-04-02T10:46:20.571+0000] {dag.py:2705} INFO - Sync 1 DAGs
[2023-04-02T10:46:20.619+0000] {logging_mixin.py:137} INFO - [2023-04-02T10:46:20.619+0000] {dag.py:3456} INFO - Setting next_dagrun for example_task_group_decorator to 2023-04-01T10:46:20.618740+00:00, run_after=2023-04-02T10:46:20.618740+00:00
[2023-04-02T10:46:20.650+0000] {processor.py:175} INFO - Processing /home/airflow/.local/lib/python3.7/site-packages/airflow/example_dags/example_task_group_decorator.py took 0.195 seconds
[2023-04-02T10:46:50.856+0000] {processor.py:153} INFO - Started process (PID=6240) to work on /home/airflow/.local/lib/python3.7/site-packages/airflow/example_dags/example_task_group_decorator.py
[2023-04-02T10:46:50.860+0000] {processor.py:743} INFO - Processing file /home/airflow/.local/lib/python3.7/site-packages/airflow/example_dags/example_task_group_decorator.py for tasks to queue
[2023-04-02T10:46:50.866+0000] {logging_mixin.py:137} INFO - [2023-04-02T10:46:50.865+0000] {dagbag.py:532} INFO - Filling up the DagBag from /home/airflow/.local/lib/python3.7/site-packages/airflow/example_dags/example_task_group_decorator.py
[2023-04-02T10:46:50.966+0000] {processor.py:753} INFO - DAG(s) dict_keys(['example_task_group_decorator']) retrieved from /home/airflow/.local/lib/python3.7/site-packages/airflow/example_dags/example_task_group_decorator.py
[2023-04-02T10:46:51.090+0000] {logging_mixin.py:137} INFO - [2023-04-02T10:46:51.090+0000] {dag.py:2705} INFO - Sync 1 DAGs
[2023-04-02T10:46:51.187+0000] {logging_mixin.py:137} INFO - [2023-04-02T10:46:51.186+0000] {dag.py:3456} INFO - Setting next_dagrun for example_task_group_decorator to 2023-04-01T10:46:51.185328+00:00, run_after=2023-04-02T10:46:51.185328+00:00
[2023-04-02T10:46:51.254+0000] {processor.py:175} INFO - Processing /home/airflow/.local/lib/python3.7/site-packages/airflow/example_dags/example_task_group_decorator.py took 0.435 seconds
[2023-04-02T10:47:21.845+0000] {processor.py:153} INFO - Started process (PID=6458) to work on /home/airflow/.local/lib/python3.7/site-packages/airflow/example_dags/example_task_group_decorator.py
[2023-04-02T10:47:21.849+0000] {processor.py:743} INFO - Processing file /home/airflow/.local/lib/python3.7/site-packages/airflow/example_dags/example_task_group_decorator.py for tasks to queue
[2023-04-02T10:47:21.853+0000] {logging_mixin.py:137} INFO - [2023-04-02T10:47:21.853+0000] {dagbag.py:532} INFO - Filling up the DagBag from /home/airflow/.local/lib/python3.7/site-packages/airflow/example_dags/example_task_group_decorator.py
[2023-04-02T10:47:21.951+0000] {processor.py:753} INFO - DAG(s) dict_keys(['example_task_group_decorator']) retrieved from /home/airflow/.local/lib/python3.7/site-packages/airflow/example_dags/example_task_group_decorator.py
[2023-04-02T10:47:22.017+0000] {logging_mixin.py:137} INFO - [2023-04-02T10:47:22.016+0000] {dag.py:2705} INFO - Sync 1 DAGs
[2023-04-02T10:47:22.062+0000] {logging_mixin.py:137} INFO - [2023-04-02T10:47:22.062+0000] {dag.py:3456} INFO - Setting next_dagrun for example_task_group_decorator to 2023-04-01T10:47:22.061460+00:00, run_after=2023-04-02T10:47:22.061460+00:00
[2023-04-02T10:47:22.103+0000] {processor.py:175} INFO - Processing /home/airflow/.local/lib/python3.7/site-packages/airflow/example_dags/example_task_group_decorator.py took 0.271 seconds
[2023-04-02T10:47:52.178+0000] {processor.py:153} INFO - Started process (PID=6676) to work on /home/airflow/.local/lib/python3.7/site-packages/airflow/example_dags/example_task_group_decorator.py
[2023-04-02T10:47:52.181+0000] {processor.py:743} INFO - Processing file /home/airflow/.local/lib/python3.7/site-packages/airflow/example_dags/example_task_group_decorator.py for tasks to queue
[2023-04-02T10:47:52.183+0000] {logging_mixin.py:137} INFO - [2023-04-02T10:47:52.183+0000] {dagbag.py:532} INFO - Filling up the DagBag from /home/airflow/.local/lib/python3.7/site-packages/airflow/example_dags/example_task_group_decorator.py
[2023-04-02T10:47:52.239+0000] {processor.py:753} INFO - DAG(s) dict_keys(['example_task_group_decorator']) retrieved from /home/airflow/.local/lib/python3.7/site-packages/airflow/example_dags/example_task_group_decorator.py
[2023-04-02T10:47:52.292+0000] {logging_mixin.py:137} INFO - [2023-04-02T10:47:52.292+0000] {dag.py:2705} INFO - Sync 1 DAGs
[2023-04-02T10:47:52.364+0000] {logging_mixin.py:137} INFO - [2023-04-02T10:47:52.364+0000] {dag.py:3456} INFO - Setting next_dagrun for example_task_group_decorator to 2023-04-01T10:47:52.363663+00:00, run_after=2023-04-02T10:47:52.363663+00:00
[2023-04-02T10:47:52.401+0000] {processor.py:175} INFO - Processing /home/airflow/.local/lib/python3.7/site-packages/airflow/example_dags/example_task_group_decorator.py took 0.229 seconds
[2023-04-02T10:48:22.603+0000] {processor.py:153} INFO - Started process (PID=6894) to work on /home/airflow/.local/lib/python3.7/site-packages/airflow/example_dags/example_task_group_decorator.py
[2023-04-02T10:48:22.605+0000] {processor.py:743} INFO - Processing file /home/airflow/.local/lib/python3.7/site-packages/airflow/example_dags/example_task_group_decorator.py for tasks to queue
[2023-04-02T10:48:22.607+0000] {logging_mixin.py:137} INFO - [2023-04-02T10:48:22.606+0000] {dagbag.py:532} INFO - Filling up the DagBag from /home/airflow/.local/lib/python3.7/site-packages/airflow/example_dags/example_task_group_decorator.py
[2023-04-02T10:48:22.667+0000] {processor.py:753} INFO - DAG(s) dict_keys(['example_task_group_decorator']) retrieved from /home/airflow/.local/lib/python3.7/site-packages/airflow/example_dags/example_task_group_decorator.py
[2023-04-02T10:48:22.713+0000] {logging_mixin.py:137} INFO - [2023-04-02T10:48:22.713+0000] {dag.py:2705} INFO - Sync 1 DAGs
[2023-04-02T10:48:22.756+0000] {logging_mixin.py:137} INFO - [2023-04-02T10:48:22.755+0000] {dag.py:3456} INFO - Setting next_dagrun for example_task_group_decorator to 2023-04-01T10:48:22.755570+00:00, run_after=2023-04-02T10:48:22.755570+00:00
[2023-04-02T10:48:22.784+0000] {processor.py:175} INFO - Processing /home/airflow/.local/lib/python3.7/site-packages/airflow/example_dags/example_task_group_decorator.py took 0.189 seconds
[2023-04-02T10:48:53.283+0000] {processor.py:153} INFO - Started process (PID=7112) to work on /home/airflow/.local/lib/python3.7/site-packages/airflow/example_dags/example_task_group_decorator.py
[2023-04-02T10:48:53.285+0000] {processor.py:743} INFO - Processing file /home/airflow/.local/lib/python3.7/site-packages/airflow/example_dags/example_task_group_decorator.py for tasks to queue
[2023-04-02T10:48:53.288+0000] {logging_mixin.py:137} INFO - [2023-04-02T10:48:53.288+0000] {dagbag.py:532} INFO - Filling up the DagBag from /home/airflow/.local/lib/python3.7/site-packages/airflow/example_dags/example_task_group_decorator.py
[2023-04-02T10:48:53.359+0000] {processor.py:753} INFO - DAG(s) dict_keys(['example_task_group_decorator']) retrieved from /home/airflow/.local/lib/python3.7/site-packages/airflow/example_dags/example_task_group_decorator.py
[2023-04-02T10:48:53.450+0000] {logging_mixin.py:137} INFO - [2023-04-02T10:48:53.449+0000] {dag.py:2705} INFO - Sync 1 DAGs
[2023-04-02T10:48:53.511+0000] {logging_mixin.py:137} INFO - [2023-04-02T10:48:53.510+0000] {dag.py:3456} INFO - Setting next_dagrun for example_task_group_decorator to 2023-04-01T10:48:53.510291+00:00, run_after=2023-04-02T10:48:53.510291+00:00
[2023-04-02T10:48:53.562+0000] {processor.py:175} INFO - Processing /home/airflow/.local/lib/python3.7/site-packages/airflow/example_dags/example_task_group_decorator.py took 0.287 seconds
[2023-04-02T10:49:24.036+0000] {processor.py:153} INFO - Started process (PID=7330) to work on /home/airflow/.local/lib/python3.7/site-packages/airflow/example_dags/example_task_group_decorator.py
[2023-04-02T10:49:24.039+0000] {processor.py:743} INFO - Processing file /home/airflow/.local/lib/python3.7/site-packages/airflow/example_dags/example_task_group_decorator.py for tasks to queue
[2023-04-02T10:49:24.043+0000] {logging_mixin.py:137} INFO - [2023-04-02T10:49:24.042+0000] {dagbag.py:532} INFO - Filling up the DagBag from /home/airflow/.local/lib/python3.7/site-packages/airflow/example_dags/example_task_group_decorator.py
[2023-04-02T10:49:24.108+0000] {processor.py:753} INFO - DAG(s) dict_keys(['example_task_group_decorator']) retrieved from /home/airflow/.local/lib/python3.7/site-packages/airflow/example_dags/example_task_group_decorator.py
[2023-04-02T10:49:24.192+0000] {logging_mixin.py:137} INFO - [2023-04-02T10:49:24.192+0000] {dag.py:2705} INFO - Sync 1 DAGs
[2023-04-02T10:49:24.319+0000] {logging_mixin.py:137} INFO - [2023-04-02T10:49:24.319+0000] {dag.py:3456} INFO - Setting next_dagrun for example_task_group_decorator to 2023-04-01T10:49:24.319305+00:00, run_after=2023-04-02T10:49:24.319305+00:00
[2023-04-02T10:49:24.373+0000] {processor.py:175} INFO - Processing /home/airflow/.local/lib/python3.7/site-packages/airflow/example_dags/example_task_group_decorator.py took 0.348 seconds
[2023-04-02T10:49:54.457+0000] {processor.py:153} INFO - Started process (PID=7548) to work on /home/airflow/.local/lib/python3.7/site-packages/airflow/example_dags/example_task_group_decorator.py
[2023-04-02T10:49:54.460+0000] {processor.py:743} INFO - Processing file /home/airflow/.local/lib/python3.7/site-packages/airflow/example_dags/example_task_group_decorator.py for tasks to queue
[2023-04-02T10:49:54.463+0000] {logging_mixin.py:137} INFO - [2023-04-02T10:49:54.462+0000] {dagbag.py:532} INFO - Filling up the DagBag from /home/airflow/.local/lib/python3.7/site-packages/airflow/example_dags/example_task_group_decorator.py
[2023-04-02T10:49:54.523+0000] {processor.py:753} INFO - DAG(s) dict_keys(['example_task_group_decorator']) retrieved from /home/airflow/.local/lib/python3.7/site-packages/airflow/example_dags/example_task_group_decorator.py
[2023-04-02T10:49:54.604+0000] {logging_mixin.py:137} INFO - [2023-04-02T10:49:54.603+0000] {dag.py:2705} INFO - Sync 1 DAGs
[2023-04-02T10:49:54.678+0000] {logging_mixin.py:137} INFO - [2023-04-02T10:49:54.678+0000] {dag.py:3456} INFO - Setting next_dagrun for example_task_group_decorator to 2023-04-01T10:49:54.678321+00:00, run_after=2023-04-02T10:49:54.678321+00:00
[2023-04-02T10:49:54.706+0000] {processor.py:175} INFO - Processing /home/airflow/.local/lib/python3.7/site-packages/airflow/example_dags/example_task_group_decorator.py took 0.257 seconds
[2023-04-02T10:50:25.218+0000] {processor.py:153} INFO - Started process (PID=7768) to work on /home/airflow/.local/lib/python3.7/site-packages/airflow/example_dags/example_task_group_decorator.py
[2023-04-02T10:50:25.223+0000] {processor.py:743} INFO - Processing file /home/airflow/.local/lib/python3.7/site-packages/airflow/example_dags/example_task_group_decorator.py for tasks to queue
[2023-04-02T10:50:25.226+0000] {logging_mixin.py:137} INFO - [2023-04-02T10:50:25.225+0000] {dagbag.py:532} INFO - Filling up the DagBag from /home/airflow/.local/lib/python3.7/site-packages/airflow/example_dags/example_task_group_decorator.py
[2023-04-02T10:50:25.282+0000] {processor.py:753} INFO - DAG(s) dict_keys(['example_task_group_decorator']) retrieved from /home/airflow/.local/lib/python3.7/site-packages/airflow/example_dags/example_task_group_decorator.py
[2023-04-02T10:50:25.338+0000] {logging_mixin.py:137} INFO - [2023-04-02T10:50:25.338+0000] {dag.py:2705} INFO - Sync 1 DAGs
[2023-04-02T10:50:25.394+0000] {logging_mixin.py:137} INFO - [2023-04-02T10:50:25.394+0000] {dag.py:3456} INFO - Setting next_dagrun for example_task_group_decorator to 2023-04-01T10:50:25.394234+00:00, run_after=2023-04-02T10:50:25.394234+00:00
[2023-04-02T10:50:25.428+0000] {processor.py:175} INFO - Processing /home/airflow/.local/lib/python3.7/site-packages/airflow/example_dags/example_task_group_decorator.py took 0.214 seconds
[2023-04-02T10:50:55.564+0000] {processor.py:153} INFO - Started process (PID=7983) to work on /home/airflow/.local/lib/python3.7/site-packages/airflow/example_dags/example_task_group_decorator.py
[2023-04-02T10:50:55.573+0000] {processor.py:743} INFO - Processing file /home/airflow/.local/lib/python3.7/site-packages/airflow/example_dags/example_task_group_decorator.py for tasks to queue
[2023-04-02T10:50:55.575+0000] {logging_mixin.py:137} INFO - [2023-04-02T10:50:55.575+0000] {dagbag.py:532} INFO - Filling up the DagBag from /home/airflow/.local/lib/python3.7/site-packages/airflow/example_dags/example_task_group_decorator.py
[2023-04-02T10:50:55.752+0000] {processor.py:753} INFO - DAG(s) dict_keys(['example_task_group_decorator']) retrieved from /home/airflow/.local/lib/python3.7/site-packages/airflow/example_dags/example_task_group_decorator.py
[2023-04-02T10:50:55.859+0000] {logging_mixin.py:137} INFO - [2023-04-02T10:50:55.859+0000] {dag.py:2705} INFO - Sync 1 DAGs
[2023-04-02T10:50:55.956+0000] {logging_mixin.py:137} INFO - [2023-04-02T10:50:55.955+0000] {dag.py:3456} INFO - Setting next_dagrun for example_task_group_decorator to 2023-04-01T10:50:55.955526+00:00, run_after=2023-04-02T10:50:55.955526+00:00
[2023-04-02T10:50:56.030+0000] {processor.py:175} INFO - Processing /home/airflow/.local/lib/python3.7/site-packages/airflow/example_dags/example_task_group_decorator.py took 0.496 seconds
[2023-04-02T10:51:26.406+0000] {processor.py:153} INFO - Started process (PID=8203) to work on /home/airflow/.local/lib/python3.7/site-packages/airflow/example_dags/example_task_group_decorator.py
[2023-04-02T10:51:26.409+0000] {processor.py:743} INFO - Processing file /home/airflow/.local/lib/python3.7/site-packages/airflow/example_dags/example_task_group_decorator.py for tasks to queue
[2023-04-02T10:51:26.412+0000] {logging_mixin.py:137} INFO - [2023-04-02T10:51:26.411+0000] {dagbag.py:532} INFO - Filling up the DagBag from /home/airflow/.local/lib/python3.7/site-packages/airflow/example_dags/example_task_group_decorator.py
[2023-04-02T10:51:26.469+0000] {processor.py:753} INFO - DAG(s) dict_keys(['example_task_group_decorator']) retrieved from /home/airflow/.local/lib/python3.7/site-packages/airflow/example_dags/example_task_group_decorator.py
[2023-04-02T10:51:26.550+0000] {logging_mixin.py:137} INFO - [2023-04-02T10:51:26.549+0000] {dag.py:2705} INFO - Sync 1 DAGs
[2023-04-02T10:51:26.603+0000] {logging_mixin.py:137} INFO - [2023-04-02T10:51:26.603+0000] {dag.py:3456} INFO - Setting next_dagrun for example_task_group_decorator to 2023-04-01T10:51:26.602597+00:00, run_after=2023-04-02T10:51:26.602597+00:00
[2023-04-02T10:51:26.641+0000] {processor.py:175} INFO - Processing /home/airflow/.local/lib/python3.7/site-packages/airflow/example_dags/example_task_group_decorator.py took 0.242 seconds
[2023-04-02T10:51:56.738+0000] {processor.py:153} INFO - Started process (PID=8419) to work on /home/airflow/.local/lib/python3.7/site-packages/airflow/example_dags/example_task_group_decorator.py
[2023-04-02T10:51:56.740+0000] {processor.py:743} INFO - Processing file /home/airflow/.local/lib/python3.7/site-packages/airflow/example_dags/example_task_group_decorator.py for tasks to queue
[2023-04-02T10:51:56.744+0000] {logging_mixin.py:137} INFO - [2023-04-02T10:51:56.744+0000] {dagbag.py:532} INFO - Filling up the DagBag from /home/airflow/.local/lib/python3.7/site-packages/airflow/example_dags/example_task_group_decorator.py
[2023-04-02T10:51:56.801+0000] {processor.py:753} INFO - DAG(s) dict_keys(['example_task_group_decorator']) retrieved from /home/airflow/.local/lib/python3.7/site-packages/airflow/example_dags/example_task_group_decorator.py
[2023-04-02T10:51:56.857+0000] {logging_mixin.py:137} INFO - [2023-04-02T10:51:56.857+0000] {dag.py:2705} INFO - Sync 1 DAGs
[2023-04-02T10:51:56.918+0000] {logging_mixin.py:137} INFO - [2023-04-02T10:51:56.918+0000] {dag.py:3456} INFO - Setting next_dagrun for example_task_group_decorator to 2023-04-01T10:51:56.918118+00:00, run_after=2023-04-02T10:51:56.918118+00:00
[2023-04-02T10:51:56.955+0000] {processor.py:175} INFO - Processing /home/airflow/.local/lib/python3.7/site-packages/airflow/example_dags/example_task_group_decorator.py took 0.222 seconds
[2023-04-02T10:52:27.396+0000] {processor.py:153} INFO - Started process (PID=8638) to work on /home/airflow/.local/lib/python3.7/site-packages/airflow/example_dags/example_task_group_decorator.py
[2023-04-02T10:52:27.397+0000] {processor.py:743} INFO - Processing file /home/airflow/.local/lib/python3.7/site-packages/airflow/example_dags/example_task_group_decorator.py for tasks to queue
[2023-04-02T10:52:27.399+0000] {logging_mixin.py:137} INFO - [2023-04-02T10:52:27.399+0000] {dagbag.py:532} INFO - Filling up the DagBag from /home/airflow/.local/lib/python3.7/site-packages/airflow/example_dags/example_task_group_decorator.py
[2023-04-02T10:52:27.458+0000] {processor.py:753} INFO - DAG(s) dict_keys(['example_task_group_decorator']) retrieved from /home/airflow/.local/lib/python3.7/site-packages/airflow/example_dags/example_task_group_decorator.py
[2023-04-02T10:52:27.513+0000] {logging_mixin.py:137} INFO - [2023-04-02T10:52:27.513+0000] {dag.py:2705} INFO - Sync 1 DAGs
[2023-04-02T10:52:27.568+0000] {logging_mixin.py:137} INFO - [2023-04-02T10:52:27.567+0000] {dag.py:3456} INFO - Setting next_dagrun for example_task_group_decorator to 2023-04-01T10:52:27.567311+00:00, run_after=2023-04-02T10:52:27.567311+00:00
[2023-04-02T10:52:27.600+0000] {processor.py:175} INFO - Processing /home/airflow/.local/lib/python3.7/site-packages/airflow/example_dags/example_task_group_decorator.py took 0.210 seconds
[2023-04-02T10:52:58.370+0000] {processor.py:153} INFO - Started process (PID=8856) to work on /home/airflow/.local/lib/python3.7/site-packages/airflow/example_dags/example_task_group_decorator.py
[2023-04-02T10:52:58.373+0000] {processor.py:743} INFO - Processing file /home/airflow/.local/lib/python3.7/site-packages/airflow/example_dags/example_task_group_decorator.py for tasks to queue
[2023-04-02T10:52:58.377+0000] {logging_mixin.py:137} INFO - [2023-04-02T10:52:58.376+0000] {dagbag.py:532} INFO - Filling up the DagBag from /home/airflow/.local/lib/python3.7/site-packages/airflow/example_dags/example_task_group_decorator.py
[2023-04-02T10:52:58.442+0000] {processor.py:753} INFO - DAG(s) dict_keys(['example_task_group_decorator']) retrieved from /home/airflow/.local/lib/python3.7/site-packages/airflow/example_dags/example_task_group_decorator.py
[2023-04-02T10:52:58.497+0000] {logging_mixin.py:137} INFO - [2023-04-02T10:52:58.496+0000] {dag.py:2705} INFO - Sync 1 DAGs
[2023-04-02T10:52:58.557+0000] {logging_mixin.py:137} INFO - [2023-04-02T10:52:58.556+0000] {dag.py:3456} INFO - Setting next_dagrun for example_task_group_decorator to 2023-04-01T10:52:58.556490+00:00, run_after=2023-04-02T10:52:58.556490+00:00
[2023-04-02T10:52:58.593+0000] {processor.py:175} INFO - Processing /home/airflow/.local/lib/python3.7/site-packages/airflow/example_dags/example_task_group_decorator.py took 0.229 seconds
[2023-04-02T10:53:28.733+0000] {processor.py:153} INFO - Started process (PID=9074) to work on /home/airflow/.local/lib/python3.7/site-packages/airflow/example_dags/example_task_group_decorator.py
[2023-04-02T10:53:28.735+0000] {processor.py:743} INFO - Processing file /home/airflow/.local/lib/python3.7/site-packages/airflow/example_dags/example_task_group_decorator.py for tasks to queue
[2023-04-02T10:53:28.737+0000] {logging_mixin.py:137} INFO - [2023-04-02T10:53:28.736+0000] {dagbag.py:532} INFO - Filling up the DagBag from /home/airflow/.local/lib/python3.7/site-packages/airflow/example_dags/example_task_group_decorator.py
[2023-04-02T10:53:28.783+0000] {processor.py:753} INFO - DAG(s) dict_keys(['example_task_group_decorator']) retrieved from /home/airflow/.local/lib/python3.7/site-packages/airflow/example_dags/example_task_group_decorator.py
[2023-04-02T10:53:28.833+0000] {logging_mixin.py:137} INFO - [2023-04-02T10:53:28.832+0000] {dag.py:2705} INFO - Sync 1 DAGs
[2023-04-02T10:53:28.885+0000] {logging_mixin.py:137} INFO - [2023-04-02T10:53:28.884+0000] {dag.py:3456} INFO - Setting next_dagrun for example_task_group_decorator to 2023-04-01T10:53:28.884511+00:00, run_after=2023-04-02T10:53:28.884511+00:00
[2023-04-02T10:53:28.922+0000] {processor.py:175} INFO - Processing /home/airflow/.local/lib/python3.7/site-packages/airflow/example_dags/example_task_group_decorator.py took 0.196 seconds
[2023-04-02T10:53:59.216+0000] {processor.py:153} INFO - Started process (PID=9292) to work on /home/airflow/.local/lib/python3.7/site-packages/airflow/example_dags/example_task_group_decorator.py
[2023-04-02T10:53:59.218+0000] {processor.py:743} INFO - Processing file /home/airflow/.local/lib/python3.7/site-packages/airflow/example_dags/example_task_group_decorator.py for tasks to queue
[2023-04-02T10:53:59.220+0000] {logging_mixin.py:137} INFO - [2023-04-02T10:53:59.220+0000] {dagbag.py:532} INFO - Filling up the DagBag from /home/airflow/.local/lib/python3.7/site-packages/airflow/example_dags/example_task_group_decorator.py
[2023-04-02T10:53:59.282+0000] {processor.py:753} INFO - DAG(s) dict_keys(['example_task_group_decorator']) retrieved from /home/airflow/.local/lib/python3.7/site-packages/airflow/example_dags/example_task_group_decorator.py
[2023-04-02T10:53:59.335+0000] {logging_mixin.py:137} INFO - [2023-04-02T10:53:59.335+0000] {dag.py:2705} INFO - Sync 1 DAGs
[2023-04-02T10:53:59.393+0000] {logging_mixin.py:137} INFO - [2023-04-02T10:53:59.393+0000] {dag.py:3456} INFO - Setting next_dagrun for example_task_group_decorator to 2023-04-01T10:53:59.392460+00:00, run_after=2023-04-02T10:53:59.392460+00:00
[2023-04-02T10:53:59.427+0000] {processor.py:175} INFO - Processing /home/airflow/.local/lib/python3.7/site-packages/airflow/example_dags/example_task_group_decorator.py took 0.218 seconds
[2023-04-02T10:54:29.821+0000] {processor.py:153} INFO - Started process (PID=9510) to work on /home/airflow/.local/lib/python3.7/site-packages/airflow/example_dags/example_task_group_decorator.py
[2023-04-02T10:54:29.823+0000] {processor.py:743} INFO - Processing file /home/airflow/.local/lib/python3.7/site-packages/airflow/example_dags/example_task_group_decorator.py for tasks to queue
[2023-04-02T10:54:29.825+0000] {logging_mixin.py:137} INFO - [2023-04-02T10:54:29.825+0000] {dagbag.py:532} INFO - Filling up the DagBag from /home/airflow/.local/lib/python3.7/site-packages/airflow/example_dags/example_task_group_decorator.py
[2023-04-02T10:54:29.878+0000] {processor.py:753} INFO - DAG(s) dict_keys(['example_task_group_decorator']) retrieved from /home/airflow/.local/lib/python3.7/site-packages/airflow/example_dags/example_task_group_decorator.py
[2023-04-02T10:54:29.939+0000] {logging_mixin.py:137} INFO - [2023-04-02T10:54:29.939+0000] {dag.py:2705} INFO - Sync 1 DAGs
[2023-04-02T10:54:29.998+0000] {logging_mixin.py:137} INFO - [2023-04-02T10:54:29.997+0000] {dag.py:3456} INFO - Setting next_dagrun for example_task_group_decorator to 2023-04-01T10:54:29.997181+00:00, run_after=2023-04-02T10:54:29.997181+00:00
[2023-04-02T10:54:30.037+0000] {processor.py:175} INFO - Processing /home/airflow/.local/lib/python3.7/site-packages/airflow/example_dags/example_task_group_decorator.py took 0.221 seconds
[2023-04-02T10:55:00.187+0000] {processor.py:153} INFO - Started process (PID=9730) to work on /home/airflow/.local/lib/python3.7/site-packages/airflow/example_dags/example_task_group_decorator.py
[2023-04-02T10:55:00.190+0000] {processor.py:743} INFO - Processing file /home/airflow/.local/lib/python3.7/site-packages/airflow/example_dags/example_task_group_decorator.py for tasks to queue
[2023-04-02T10:55:00.195+0000] {logging_mixin.py:137} INFO - [2023-04-02T10:55:00.194+0000] {dagbag.py:532} INFO - Filling up the DagBag from /home/airflow/.local/lib/python3.7/site-packages/airflow/example_dags/example_task_group_decorator.py
[2023-04-02T10:55:00.262+0000] {processor.py:753} INFO - DAG(s) dict_keys(['example_task_group_decorator']) retrieved from /home/airflow/.local/lib/python3.7/site-packages/airflow/example_dags/example_task_group_decorator.py
[2023-04-02T10:55:00.317+0000] {logging_mixin.py:137} INFO - [2023-04-02T10:55:00.317+0000] {dag.py:2705} INFO - Sync 1 DAGs
[2023-04-02T10:55:00.361+0000] {logging_mixin.py:137} INFO - [2023-04-02T10:55:00.361+0000] {dag.py:3456} INFO - Setting next_dagrun for example_task_group_decorator to 2023-04-01T10:55:00.360818+00:00, run_after=2023-04-02T10:55:00.360818+00:00
[2023-04-02T10:55:00.403+0000] {processor.py:175} INFO - Processing /home/airflow/.local/lib/python3.7/site-packages/airflow/example_dags/example_task_group_decorator.py took 0.224 seconds
[2023-04-02T10:55:30.735+0000] {processor.py:153} INFO - Started process (PID=9946) to work on /home/airflow/.local/lib/python3.7/site-packages/airflow/example_dags/example_task_group_decorator.py
[2023-04-02T10:55:30.741+0000] {processor.py:743} INFO - Processing file /home/airflow/.local/lib/python3.7/site-packages/airflow/example_dags/example_task_group_decorator.py for tasks to queue
[2023-04-02T10:55:30.743+0000] {logging_mixin.py:137} INFO - [2023-04-02T10:55:30.742+0000] {dagbag.py:532} INFO - Filling up the DagBag from /home/airflow/.local/lib/python3.7/site-packages/airflow/example_dags/example_task_group_decorator.py
[2023-04-02T10:55:30.797+0000] {processor.py:753} INFO - DAG(s) dict_keys(['example_task_group_decorator']) retrieved from /home/airflow/.local/lib/python3.7/site-packages/airflow/example_dags/example_task_group_decorator.py
[2023-04-02T10:55:30.843+0000] {logging_mixin.py:137} INFO - [2023-04-02T10:55:30.842+0000] {dag.py:2705} INFO - Sync 1 DAGs
[2023-04-02T10:55:30.886+0000] {logging_mixin.py:137} INFO - [2023-04-02T10:55:30.886+0000] {dag.py:3456} INFO - Setting next_dagrun for example_task_group_decorator to 2023-04-01T10:55:30.885644+00:00, run_after=2023-04-02T10:55:30.885644+00:00
[2023-04-02T10:55:30.930+0000] {processor.py:175} INFO - Processing /home/airflow/.local/lib/python3.7/site-packages/airflow/example_dags/example_task_group_decorator.py took 0.203 seconds
[2023-04-02T10:56:02.205+0000] {processor.py:153} INFO - Started process (PID=10164) to work on /home/airflow/.local/lib/python3.7/site-packages/airflow/example_dags/example_task_group_decorator.py
[2023-04-02T10:56:02.208+0000] {processor.py:743} INFO - Processing file /home/airflow/.local/lib/python3.7/site-packages/airflow/example_dags/example_task_group_decorator.py for tasks to queue
[2023-04-02T10:56:02.210+0000] {logging_mixin.py:137} INFO - [2023-04-02T10:56:02.210+0000] {dagbag.py:532} INFO - Filling up the DagBag from /home/airflow/.local/lib/python3.7/site-packages/airflow/example_dags/example_task_group_decorator.py
[2023-04-02T10:56:02.262+0000] {processor.py:753} INFO - DAG(s) dict_keys(['example_task_group_decorator']) retrieved from /home/airflow/.local/lib/python3.7/site-packages/airflow/example_dags/example_task_group_decorator.py
[2023-04-02T10:56:02.317+0000] {logging_mixin.py:137} INFO - [2023-04-02T10:56:02.317+0000] {dag.py:2705} INFO - Sync 1 DAGs
[2023-04-02T10:56:02.369+0000] {logging_mixin.py:137} INFO - [2023-04-02T10:56:02.369+0000] {dag.py:3456} INFO - Setting next_dagrun for example_task_group_decorator to 2023-04-01T10:56:02.368012+00:00, run_after=2023-04-02T10:56:02.368012+00:00
[2023-04-02T10:56:02.400+0000] {processor.py:175} INFO - Processing /home/airflow/.local/lib/python3.7/site-packages/airflow/example_dags/example_task_group_decorator.py took 0.201 seconds
[2023-04-02T10:56:32.933+0000] {processor.py:153} INFO - Started process (PID=10382) to work on /home/airflow/.local/lib/python3.7/site-packages/airflow/example_dags/example_task_group_decorator.py
[2023-04-02T10:56:32.935+0000] {processor.py:743} INFO - Processing file /home/airflow/.local/lib/python3.7/site-packages/airflow/example_dags/example_task_group_decorator.py for tasks to queue
[2023-04-02T10:56:32.948+0000] {logging_mixin.py:137} INFO - [2023-04-02T10:56:32.948+0000] {dagbag.py:532} INFO - Filling up the DagBag from /home/airflow/.local/lib/python3.7/site-packages/airflow/example_dags/example_task_group_decorator.py
[2023-04-02T10:56:33.016+0000] {processor.py:753} INFO - DAG(s) dict_keys(['example_task_group_decorator']) retrieved from /home/airflow/.local/lib/python3.7/site-packages/airflow/example_dags/example_task_group_decorator.py
[2023-04-02T10:56:33.092+0000] {logging_mixin.py:137} INFO - [2023-04-02T10:56:33.092+0000] {dag.py:2705} INFO - Sync 1 DAGs
[2023-04-02T10:56:33.192+0000] {logging_mixin.py:137} INFO - [2023-04-02T10:56:33.192+0000] {dag.py:3456} INFO - Setting next_dagrun for example_task_group_decorator to 2023-04-01T10:56:33.190662+00:00, run_after=2023-04-02T10:56:33.190662+00:00
[2023-04-02T10:56:33.279+0000] {processor.py:175} INFO - Processing /home/airflow/.local/lib/python3.7/site-packages/airflow/example_dags/example_task_group_decorator.py took 0.356 seconds
[2023-04-02T10:57:03.478+0000] {processor.py:153} INFO - Started process (PID=10600) to work on /home/airflow/.local/lib/python3.7/site-packages/airflow/example_dags/example_task_group_decorator.py
[2023-04-02T10:57:03.480+0000] {processor.py:743} INFO - Processing file /home/airflow/.local/lib/python3.7/site-packages/airflow/example_dags/example_task_group_decorator.py for tasks to queue
[2023-04-02T10:57:03.481+0000] {logging_mixin.py:137} INFO - [2023-04-02T10:57:03.481+0000] {dagbag.py:532} INFO - Filling up the DagBag from /home/airflow/.local/lib/python3.7/site-packages/airflow/example_dags/example_task_group_decorator.py
[2023-04-02T10:57:03.530+0000] {processor.py:753} INFO - DAG(s) dict_keys(['example_task_group_decorator']) retrieved from /home/airflow/.local/lib/python3.7/site-packages/airflow/example_dags/example_task_group_decorator.py
[2023-04-02T10:57:03.586+0000] {logging_mixin.py:137} INFO - [2023-04-02T10:57:03.586+0000] {dag.py:2705} INFO - Sync 1 DAGs
[2023-04-02T10:57:03.626+0000] {logging_mixin.py:137} INFO - [2023-04-02T10:57:03.626+0000] {dag.py:3456} INFO - Setting next_dagrun for example_task_group_decorator to 2023-04-01T10:57:03.625719+00:00, run_after=2023-04-02T10:57:03.625719+00:00
[2023-04-02T10:57:03.671+0000] {processor.py:175} INFO - Processing /home/airflow/.local/lib/python3.7/site-packages/airflow/example_dags/example_task_group_decorator.py took 0.200 seconds
[2023-04-02T10:57:35.029+0000] {processor.py:153} INFO - Started process (PID=10820) to work on /home/airflow/.local/lib/python3.7/site-packages/airflow/example_dags/example_task_group_decorator.py
[2023-04-02T10:57:35.032+0000] {processor.py:743} INFO - Processing file /home/airflow/.local/lib/python3.7/site-packages/airflow/example_dags/example_task_group_decorator.py for tasks to queue
[2023-04-02T10:57:35.035+0000] {logging_mixin.py:137} INFO - [2023-04-02T10:57:35.034+0000] {dagbag.py:532} INFO - Filling up the DagBag from /home/airflow/.local/lib/python3.7/site-packages/airflow/example_dags/example_task_group_decorator.py
[2023-04-02T10:57:35.078+0000] {processor.py:753} INFO - DAG(s) dict_keys(['example_task_group_decorator']) retrieved from /home/airflow/.local/lib/python3.7/site-packages/airflow/example_dags/example_task_group_decorator.py
[2023-04-02T10:57:35.179+0000] {logging_mixin.py:137} INFO - [2023-04-02T10:57:35.178+0000] {dag.py:2705} INFO - Sync 1 DAGs
[2023-04-02T10:57:35.290+0000] {logging_mixin.py:137} INFO - [2023-04-02T10:57:35.290+0000] {dag.py:3456} INFO - Setting next_dagrun for example_task_group_decorator to 2023-04-01T10:57:35.289722+00:00, run_after=2023-04-02T10:57:35.289722+00:00
[2023-04-02T10:57:35.357+0000] {processor.py:175} INFO - Processing /home/airflow/.local/lib/python3.7/site-packages/airflow/example_dags/example_task_group_decorator.py took 0.334 seconds
[2023-04-02T10:58:05.563+0000] {processor.py:153} INFO - Started process (PID=11036) to work on /home/airflow/.local/lib/python3.7/site-packages/airflow/example_dags/example_task_group_decorator.py
[2023-04-02T10:58:05.566+0000] {processor.py:743} INFO - Processing file /home/airflow/.local/lib/python3.7/site-packages/airflow/example_dags/example_task_group_decorator.py for tasks to queue
[2023-04-02T10:58:05.569+0000] {logging_mixin.py:137} INFO - [2023-04-02T10:58:05.568+0000] {dagbag.py:532} INFO - Filling up the DagBag from /home/airflow/.local/lib/python3.7/site-packages/airflow/example_dags/example_task_group_decorator.py
[2023-04-02T10:58:05.634+0000] {processor.py:753} INFO - DAG(s) dict_keys(['example_task_group_decorator']) retrieved from /home/airflow/.local/lib/python3.7/site-packages/airflow/example_dags/example_task_group_decorator.py
[2023-04-02T10:58:05.687+0000] {logging_mixin.py:137} INFO - [2023-04-02T10:58:05.686+0000] {dag.py:2705} INFO - Sync 1 DAGs
[2023-04-02T10:58:05.752+0000] {logging_mixin.py:137} INFO - [2023-04-02T10:58:05.752+0000] {dag.py:3456} INFO - Setting next_dagrun for example_task_group_decorator to 2023-04-01T10:58:05.752116+00:00, run_after=2023-04-02T10:58:05.752116+00:00
[2023-04-02T10:58:05.781+0000] {processor.py:175} INFO - Processing /home/airflow/.local/lib/python3.7/site-packages/airflow/example_dags/example_task_group_decorator.py took 0.224 seconds
[2023-04-02T10:58:35.984+0000] {processor.py:153} INFO - Started process (PID=11256) to work on /home/airflow/.local/lib/python3.7/site-packages/airflow/example_dags/example_task_group_decorator.py
[2023-04-02T10:58:35.986+0000] {processor.py:743} INFO - Processing file /home/airflow/.local/lib/python3.7/site-packages/airflow/example_dags/example_task_group_decorator.py for tasks to queue
[2023-04-02T10:58:35.989+0000] {logging_mixin.py:137} INFO - [2023-04-02T10:58:35.988+0000] {dagbag.py:532} INFO - Filling up the DagBag from /home/airflow/.local/lib/python3.7/site-packages/airflow/example_dags/example_task_group_decorator.py
[2023-04-02T10:58:36.025+0000] {processor.py:753} INFO - DAG(s) dict_keys(['example_task_group_decorator']) retrieved from /home/airflow/.local/lib/python3.7/site-packages/airflow/example_dags/example_task_group_decorator.py
[2023-04-02T10:58:36.063+0000] {logging_mixin.py:137} INFO - [2023-04-02T10:58:36.063+0000] {dag.py:2705} INFO - Sync 1 DAGs
[2023-04-02T10:58:36.096+0000] {logging_mixin.py:137} INFO - [2023-04-02T10:58:36.095+0000] {dag.py:3456} INFO - Setting next_dagrun for example_task_group_decorator to 2023-04-01T10:58:36.095539+00:00, run_after=2023-04-02T10:58:36.095539+00:00
[2023-04-02T10:58:36.127+0000] {processor.py:175} INFO - Processing /home/airflow/.local/lib/python3.7/site-packages/airflow/example_dags/example_task_group_decorator.py took 0.147 seconds
[2023-04-02T10:59:06.494+0000] {processor.py:153} INFO - Started process (PID=11472) to work on /home/airflow/.local/lib/python3.7/site-packages/airflow/example_dags/example_task_group_decorator.py
[2023-04-02T10:59:06.496+0000] {processor.py:743} INFO - Processing file /home/airflow/.local/lib/python3.7/site-packages/airflow/example_dags/example_task_group_decorator.py for tasks to queue
[2023-04-02T10:59:06.499+0000] {logging_mixin.py:137} INFO - [2023-04-02T10:59:06.498+0000] {dagbag.py:532} INFO - Filling up the DagBag from /home/airflow/.local/lib/python3.7/site-packages/airflow/example_dags/example_task_group_decorator.py
[2023-04-02T10:59:06.552+0000] {processor.py:753} INFO - DAG(s) dict_keys(['example_task_group_decorator']) retrieved from /home/airflow/.local/lib/python3.7/site-packages/airflow/example_dags/example_task_group_decorator.py
[2023-04-02T10:59:06.603+0000] {logging_mixin.py:137} INFO - [2023-04-02T10:59:06.602+0000] {dag.py:2705} INFO - Sync 1 DAGs
[2023-04-02T10:59:06.654+0000] {logging_mixin.py:137} INFO - [2023-04-02T10:59:06.654+0000] {dag.py:3456} INFO - Setting next_dagrun for example_task_group_decorator to 2023-04-01T10:59:06.654117+00:00, run_after=2023-04-02T10:59:06.654117+00:00
[2023-04-02T10:59:06.685+0000] {processor.py:175} INFO - Processing /home/airflow/.local/lib/python3.7/site-packages/airflow/example_dags/example_task_group_decorator.py took 0.196 seconds
[2023-04-02T10:59:38.079+0000] {processor.py:153} INFO - Started process (PID=11690) to work on /home/airflow/.local/lib/python3.7/site-packages/airflow/example_dags/example_task_group_decorator.py
[2023-04-02T10:59:38.081+0000] {processor.py:743} INFO - Processing file /home/airflow/.local/lib/python3.7/site-packages/airflow/example_dags/example_task_group_decorator.py for tasks to queue
[2023-04-02T10:59:38.083+0000] {logging_mixin.py:137} INFO - [2023-04-02T10:59:38.082+0000] {dagbag.py:532} INFO - Filling up the DagBag from /home/airflow/.local/lib/python3.7/site-packages/airflow/example_dags/example_task_group_decorator.py
[2023-04-02T10:59:38.193+0000] {processor.py:753} INFO - DAG(s) dict_keys(['example_task_group_decorator']) retrieved from /home/airflow/.local/lib/python3.7/site-packages/airflow/example_dags/example_task_group_decorator.py
[2023-04-02T10:59:38.259+0000] {logging_mixin.py:137} INFO - [2023-04-02T10:59:38.259+0000] {dag.py:2705} INFO - Sync 1 DAGs
[2023-04-02T10:59:38.325+0000] {logging_mixin.py:137} INFO - [2023-04-02T10:59:38.325+0000] {dag.py:3456} INFO - Setting next_dagrun for example_task_group_decorator to 2023-04-01T10:59:38.324586+00:00, run_after=2023-04-02T10:59:38.324586+00:00
[2023-04-02T10:59:38.417+0000] {processor.py:175} INFO - Processing /home/airflow/.local/lib/python3.7/site-packages/airflow/example_dags/example_task_group_decorator.py took 0.346 seconds
[2023-04-02T11:00:08.481+0000] {processor.py:153} INFO - Started process (PID=11910) to work on /home/airflow/.local/lib/python3.7/site-packages/airflow/example_dags/example_task_group_decorator.py
[2023-04-02T11:00:08.483+0000] {processor.py:743} INFO - Processing file /home/airflow/.local/lib/python3.7/site-packages/airflow/example_dags/example_task_group_decorator.py for tasks to queue
[2023-04-02T11:00:08.486+0000] {logging_mixin.py:137} INFO - [2023-04-02T11:00:08.486+0000] {dagbag.py:532} INFO - Filling up the DagBag from /home/airflow/.local/lib/python3.7/site-packages/airflow/example_dags/example_task_group_decorator.py
[2023-04-02T11:00:08.527+0000] {processor.py:753} INFO - DAG(s) dict_keys(['example_task_group_decorator']) retrieved from /home/airflow/.local/lib/python3.7/site-packages/airflow/example_dags/example_task_group_decorator.py
[2023-04-02T11:00:08.570+0000] {logging_mixin.py:137} INFO - [2023-04-02T11:00:08.569+0000] {dag.py:2705} INFO - Sync 1 DAGs
[2023-04-02T11:00:08.619+0000] {logging_mixin.py:137} INFO - [2023-04-02T11:00:08.618+0000] {dag.py:3456} INFO - Setting next_dagrun for example_task_group_decorator to 2023-04-01T11:00:08.617436+00:00, run_after=2023-04-02T11:00:08.617436+00:00
[2023-04-02T11:00:08.668+0000] {processor.py:175} INFO - Processing /home/airflow/.local/lib/python3.7/site-packages/airflow/example_dags/example_task_group_decorator.py took 0.191 seconds
[2023-04-02T11:00:38.745+0000] {processor.py:153} INFO - Started process (PID=12128) to work on /home/airflow/.local/lib/python3.7/site-packages/airflow/example_dags/example_task_group_decorator.py
[2023-04-02T11:00:38.748+0000] {processor.py:743} INFO - Processing file /home/airflow/.local/lib/python3.7/site-packages/airflow/example_dags/example_task_group_decorator.py for tasks to queue
[2023-04-02T11:00:38.751+0000] {logging_mixin.py:137} INFO - [2023-04-02T11:00:38.750+0000] {dagbag.py:532} INFO - Filling up the DagBag from /home/airflow/.local/lib/python3.7/site-packages/airflow/example_dags/example_task_group_decorator.py
[2023-04-02T11:00:38.793+0000] {processor.py:753} INFO - DAG(s) dict_keys(['example_task_group_decorator']) retrieved from /home/airflow/.local/lib/python3.7/site-packages/airflow/example_dags/example_task_group_decorator.py
[2023-04-02T11:00:38.835+0000] {logging_mixin.py:137} INFO - [2023-04-02T11:00:38.835+0000] {dag.py:2705} INFO - Sync 1 DAGs
[2023-04-02T11:00:38.873+0000] {logging_mixin.py:137} INFO - [2023-04-02T11:00:38.873+0000] {dag.py:3456} INFO - Setting next_dagrun for example_task_group_decorator to 2023-04-01T11:00:38.873120+00:00, run_after=2023-04-02T11:00:38.873120+00:00
[2023-04-02T11:00:38.928+0000] {processor.py:175} INFO - Processing /home/airflow/.local/lib/python3.7/site-packages/airflow/example_dags/example_task_group_decorator.py took 0.187 seconds
[2023-04-02T11:01:10.028+0000] {processor.py:153} INFO - Started process (PID=12344) to work on /home/airflow/.local/lib/python3.7/site-packages/airflow/example_dags/example_task_group_decorator.py
[2023-04-02T11:01:10.030+0000] {processor.py:743} INFO - Processing file /home/airflow/.local/lib/python3.7/site-packages/airflow/example_dags/example_task_group_decorator.py for tasks to queue
[2023-04-02T11:01:10.034+0000] {logging_mixin.py:137} INFO - [2023-04-02T11:01:10.034+0000] {dagbag.py:532} INFO - Filling up the DagBag from /home/airflow/.local/lib/python3.7/site-packages/airflow/example_dags/example_task_group_decorator.py
[2023-04-02T11:01:10.118+0000] {processor.py:753} INFO - DAG(s) dict_keys(['example_task_group_decorator']) retrieved from /home/airflow/.local/lib/python3.7/site-packages/airflow/example_dags/example_task_group_decorator.py
[2023-04-02T11:01:10.213+0000] {logging_mixin.py:137} INFO - [2023-04-02T11:01:10.213+0000] {dag.py:2705} INFO - Sync 1 DAGs
[2023-04-02T11:01:10.292+0000] {logging_mixin.py:137} INFO - [2023-04-02T11:01:10.291+0000] {dag.py:3456} INFO - Setting next_dagrun for example_task_group_decorator to 2023-04-01T11:01:10.291250+00:00, run_after=2023-04-02T11:01:10.291250+00:00
[2023-04-02T11:01:10.359+0000] {processor.py:175} INFO - Processing /home/airflow/.local/lib/python3.7/site-packages/airflow/example_dags/example_task_group_decorator.py took 0.342 seconds
[2023-04-02T11:01:40.638+0000] {processor.py:153} INFO - Started process (PID=12562) to work on /home/airflow/.local/lib/python3.7/site-packages/airflow/example_dags/example_task_group_decorator.py
[2023-04-02T11:01:40.641+0000] {processor.py:743} INFO - Processing file /home/airflow/.local/lib/python3.7/site-packages/airflow/example_dags/example_task_group_decorator.py for tasks to queue
[2023-04-02T11:01:40.647+0000] {logging_mixin.py:137} INFO - [2023-04-02T11:01:40.646+0000] {dagbag.py:532} INFO - Filling up the DagBag from /home/airflow/.local/lib/python3.7/site-packages/airflow/example_dags/example_task_group_decorator.py
[2023-04-02T11:01:40.718+0000] {processor.py:753} INFO - DAG(s) dict_keys(['example_task_group_decorator']) retrieved from /home/airflow/.local/lib/python3.7/site-packages/airflow/example_dags/example_task_group_decorator.py
[2023-04-02T11:01:40.776+0000] {logging_mixin.py:137} INFO - [2023-04-02T11:01:40.776+0000] {dag.py:2705} INFO - Sync 1 DAGs
[2023-04-02T11:01:40.836+0000] {logging_mixin.py:137} INFO - [2023-04-02T11:01:40.836+0000] {dag.py:3456} INFO - Setting next_dagrun for example_task_group_decorator to 2023-04-01T11:01:40.835959+00:00, run_after=2023-04-02T11:01:40.835959+00:00
[2023-04-02T11:01:40.894+0000] {processor.py:175} INFO - Processing /home/airflow/.local/lib/python3.7/site-packages/airflow/example_dags/example_task_group_decorator.py took 0.263 seconds
[2023-04-02T11:02:11.014+0000] {processor.py:153} INFO - Started process (PID=12780) to work on /home/airflow/.local/lib/python3.7/site-packages/airflow/example_dags/example_task_group_decorator.py
[2023-04-02T11:02:11.017+0000] {processor.py:743} INFO - Processing file /home/airflow/.local/lib/python3.7/site-packages/airflow/example_dags/example_task_group_decorator.py for tasks to queue
[2023-04-02T11:02:11.020+0000] {logging_mixin.py:137} INFO - [2023-04-02T11:02:11.019+0000] {dagbag.py:532} INFO - Filling up the DagBag from /home/airflow/.local/lib/python3.7/site-packages/airflow/example_dags/example_task_group_decorator.py
[2023-04-02T11:02:11.084+0000] {processor.py:753} INFO - DAG(s) dict_keys(['example_task_group_decorator']) retrieved from /home/airflow/.local/lib/python3.7/site-packages/airflow/example_dags/example_task_group_decorator.py
[2023-04-02T11:02:11.166+0000] {logging_mixin.py:137} INFO - [2023-04-02T11:02:11.166+0000] {dag.py:2705} INFO - Sync 1 DAGs
[2023-04-02T11:02:11.260+0000] {logging_mixin.py:137} INFO - [2023-04-02T11:02:11.260+0000] {dag.py:3456} INFO - Setting next_dagrun for example_task_group_decorator to 2023-04-01T11:02:11.259839+00:00, run_after=2023-04-02T11:02:11.259839+00:00
[2023-04-02T11:02:11.298+0000] {processor.py:175} INFO - Processing /home/airflow/.local/lib/python3.7/site-packages/airflow/example_dags/example_task_group_decorator.py took 0.292 seconds
[2023-04-02T11:02:41.954+0000] {processor.py:153} INFO - Started process (PID=13005) to work on /home/airflow/.local/lib/python3.7/site-packages/airflow/example_dags/example_task_group_decorator.py
[2023-04-02T11:02:41.955+0000] {processor.py:743} INFO - Processing file /home/airflow/.local/lib/python3.7/site-packages/airflow/example_dags/example_task_group_decorator.py for tasks to queue
[2023-04-02T11:02:41.957+0000] {logging_mixin.py:137} INFO - [2023-04-02T11:02:41.957+0000] {dagbag.py:532} INFO - Filling up the DagBag from /home/airflow/.local/lib/python3.7/site-packages/airflow/example_dags/example_task_group_decorator.py
[2023-04-02T11:02:42.011+0000] {processor.py:753} INFO - DAG(s) dict_keys(['example_task_group_decorator']) retrieved from /home/airflow/.local/lib/python3.7/site-packages/airflow/example_dags/example_task_group_decorator.py
[2023-04-02T11:02:42.074+0000] {logging_mixin.py:137} INFO - [2023-04-02T11:02:42.074+0000] {dag.py:2705} INFO - Sync 1 DAGs
[2023-04-02T11:02:42.137+0000] {logging_mixin.py:137} INFO - [2023-04-02T11:02:42.136+0000] {dag.py:3456} INFO - Setting next_dagrun for example_task_group_decorator to 2023-04-01T11:02:42.131658+00:00, run_after=2023-04-02T11:02:42.131658+00:00
[2023-04-02T11:02:42.191+0000] {processor.py:175} INFO - Processing /home/airflow/.local/lib/python3.7/site-packages/airflow/example_dags/example_task_group_decorator.py took 0.249 seconds
[2023-04-02T11:03:13.025+0000] {processor.py:153} INFO - Started process (PID=13233) to work on /home/airflow/.local/lib/python3.7/site-packages/airflow/example_dags/example_task_group_decorator.py
[2023-04-02T11:03:13.031+0000] {processor.py:743} INFO - Processing file /home/airflow/.local/lib/python3.7/site-packages/airflow/example_dags/example_task_group_decorator.py for tasks to queue
[2023-04-02T11:03:13.036+0000] {logging_mixin.py:137} INFO - [2023-04-02T11:03:13.035+0000] {dagbag.py:532} INFO - Filling up the DagBag from /home/airflow/.local/lib/python3.7/site-packages/airflow/example_dags/example_task_group_decorator.py
[2023-04-02T11:03:13.134+0000] {processor.py:753} INFO - DAG(s) dict_keys(['example_task_group_decorator']) retrieved from /home/airflow/.local/lib/python3.7/site-packages/airflow/example_dags/example_task_group_decorator.py
[2023-04-02T11:03:13.234+0000] {logging_mixin.py:137} INFO - [2023-04-02T11:03:13.227+0000] {dag.py:2705} INFO - Sync 1 DAGs
[2023-04-02T11:03:13.375+0000] {logging_mixin.py:137} INFO - [2023-04-02T11:03:13.374+0000] {dag.py:3456} INFO - Setting next_dagrun for example_task_group_decorator to 2023-04-01T11:03:13.374060+00:00, run_after=2023-04-02T11:03:13.374060+00:00
[2023-04-02T11:03:13.451+0000] {processor.py:175} INFO - Processing /home/airflow/.local/lib/python3.7/site-packages/airflow/example_dags/example_task_group_decorator.py took 0.434 seconds
[2023-04-02T11:03:45.200+0000] {processor.py:153} INFO - Started process (PID=13441) to work on /home/airflow/.local/lib/python3.7/site-packages/airflow/example_dags/example_task_group_decorator.py
[2023-04-02T11:03:45.203+0000] {processor.py:743} INFO - Processing file /home/airflow/.local/lib/python3.7/site-packages/airflow/example_dags/example_task_group_decorator.py for tasks to queue
[2023-04-02T11:03:45.209+0000] {logging_mixin.py:137} INFO - [2023-04-02T11:03:45.209+0000] {dagbag.py:532} INFO - Filling up the DagBag from /home/airflow/.local/lib/python3.7/site-packages/airflow/example_dags/example_task_group_decorator.py
[2023-04-02T11:03:45.298+0000] {processor.py:753} INFO - DAG(s) dict_keys(['example_task_group_decorator']) retrieved from /home/airflow/.local/lib/python3.7/site-packages/airflow/example_dags/example_task_group_decorator.py
[2023-04-02T11:03:45.398+0000] {logging_mixin.py:137} INFO - [2023-04-02T11:03:45.398+0000] {dag.py:2705} INFO - Sync 1 DAGs
[2023-04-02T11:03:45.447+0000] {logging_mixin.py:137} INFO - [2023-04-02T11:03:45.447+0000] {dag.py:3456} INFO - Setting next_dagrun for example_task_group_decorator to 2023-04-01T11:03:45.446848+00:00, run_after=2023-04-02T11:03:45.446848+00:00
[2023-04-02T11:03:45.485+0000] {processor.py:175} INFO - Processing /home/airflow/.local/lib/python3.7/site-packages/airflow/example_dags/example_task_group_decorator.py took 0.291 seconds
[2023-04-02T11:04:15.684+0000] {processor.py:153} INFO - Started process (PID=13661) to work on /home/airflow/.local/lib/python3.7/site-packages/airflow/example_dags/example_task_group_decorator.py
[2023-04-02T11:04:15.690+0000] {processor.py:743} INFO - Processing file /home/airflow/.local/lib/python3.7/site-packages/airflow/example_dags/example_task_group_decorator.py for tasks to queue
[2023-04-02T11:04:15.693+0000] {logging_mixin.py:137} INFO - [2023-04-02T11:04:15.693+0000] {dagbag.py:532} INFO - Filling up the DagBag from /home/airflow/.local/lib/python3.7/site-packages/airflow/example_dags/example_task_group_decorator.py
[2023-04-02T11:04:15.762+0000] {processor.py:753} INFO - DAG(s) dict_keys(['example_task_group_decorator']) retrieved from /home/airflow/.local/lib/python3.7/site-packages/airflow/example_dags/example_task_group_decorator.py
[2023-04-02T11:04:15.811+0000] {logging_mixin.py:137} INFO - [2023-04-02T11:04:15.811+0000] {dag.py:2705} INFO - Sync 1 DAGs
[2023-04-02T11:04:15.852+0000] {logging_mixin.py:137} INFO - [2023-04-02T11:04:15.852+0000] {dag.py:3456} INFO - Setting next_dagrun for example_task_group_decorator to 2023-04-01T11:04:15.851431+00:00, run_after=2023-04-02T11:04:15.851431+00:00
[2023-04-02T11:04:15.889+0000] {processor.py:175} INFO - Processing /home/airflow/.local/lib/python3.7/site-packages/airflow/example_dags/example_task_group_decorator.py took 0.212 seconds
[2023-04-02T11:04:46.391+0000] {processor.py:153} INFO - Started process (PID=13877) to work on /home/airflow/.local/lib/python3.7/site-packages/airflow/example_dags/example_task_group_decorator.py
[2023-04-02T11:04:46.393+0000] {processor.py:743} INFO - Processing file /home/airflow/.local/lib/python3.7/site-packages/airflow/example_dags/example_task_group_decorator.py for tasks to queue
[2023-04-02T11:04:46.394+0000] {logging_mixin.py:137} INFO - [2023-04-02T11:04:46.394+0000] {dagbag.py:532} INFO - Filling up the DagBag from /home/airflow/.local/lib/python3.7/site-packages/airflow/example_dags/example_task_group_decorator.py
[2023-04-02T11:04:46.481+0000] {processor.py:753} INFO - DAG(s) dict_keys(['example_task_group_decorator']) retrieved from /home/airflow/.local/lib/python3.7/site-packages/airflow/example_dags/example_task_group_decorator.py
[2023-04-02T11:04:46.549+0000] {logging_mixin.py:137} INFO - [2023-04-02T11:04:46.549+0000] {dag.py:2705} INFO - Sync 1 DAGs
[2023-04-02T11:04:46.628+0000] {logging_mixin.py:137} INFO - [2023-04-02T11:04:46.628+0000] {dag.py:3456} INFO - Setting next_dagrun for example_task_group_decorator to 2023-04-01T11:04:46.627763+00:00, run_after=2023-04-02T11:04:46.627763+00:00
[2023-04-02T11:04:46.673+0000] {processor.py:175} INFO - Processing /home/airflow/.local/lib/python3.7/site-packages/airflow/example_dags/example_task_group_decorator.py took 0.291 seconds
[2023-04-02T11:05:16.950+0000] {processor.py:153} INFO - Started process (PID=14095) to work on /home/airflow/.local/lib/python3.7/site-packages/airflow/example_dags/example_task_group_decorator.py
[2023-04-02T11:05:16.951+0000] {processor.py:743} INFO - Processing file /home/airflow/.local/lib/python3.7/site-packages/airflow/example_dags/example_task_group_decorator.py for tasks to queue
[2023-04-02T11:05:16.955+0000] {logging_mixin.py:137} INFO - [2023-04-02T11:05:16.954+0000] {dagbag.py:532} INFO - Filling up the DagBag from /home/airflow/.local/lib/python3.7/site-packages/airflow/example_dags/example_task_group_decorator.py
[2023-04-02T11:05:17.026+0000] {processor.py:753} INFO - DAG(s) dict_keys(['example_task_group_decorator']) retrieved from /home/airflow/.local/lib/python3.7/site-packages/airflow/example_dags/example_task_group_decorator.py
[2023-04-02T11:05:17.092+0000] {logging_mixin.py:137} INFO - [2023-04-02T11:05:17.092+0000] {dag.py:2705} INFO - Sync 1 DAGs
[2023-04-02T11:05:17.146+0000] {logging_mixin.py:137} INFO - [2023-04-02T11:05:17.146+0000] {dag.py:3456} INFO - Setting next_dagrun for example_task_group_decorator to 2023-04-01T11:05:17.146041+00:00, run_after=2023-04-02T11:05:17.146041+00:00
[2023-04-02T11:05:17.205+0000] {processor.py:175} INFO - Processing /home/airflow/.local/lib/python3.7/site-packages/airflow/example_dags/example_task_group_decorator.py took 0.262 seconds
[2023-04-02T11:05:47.625+0000] {processor.py:153} INFO - Started process (PID=14313) to work on /home/airflow/.local/lib/python3.7/site-packages/airflow/example_dags/example_task_group_decorator.py
[2023-04-02T11:05:47.628+0000] {processor.py:743} INFO - Processing file /home/airflow/.local/lib/python3.7/site-packages/airflow/example_dags/example_task_group_decorator.py for tasks to queue
[2023-04-02T11:05:47.632+0000] {logging_mixin.py:137} INFO - [2023-04-02T11:05:47.631+0000] {dagbag.py:532} INFO - Filling up the DagBag from /home/airflow/.local/lib/python3.7/site-packages/airflow/example_dags/example_task_group_decorator.py
[2023-04-02T11:05:47.704+0000] {processor.py:753} INFO - DAG(s) dict_keys(['example_task_group_decorator']) retrieved from /home/airflow/.local/lib/python3.7/site-packages/airflow/example_dags/example_task_group_decorator.py
[2023-04-02T11:05:47.773+0000] {logging_mixin.py:137} INFO - [2023-04-02T11:05:47.773+0000] {dag.py:2705} INFO - Sync 1 DAGs
[2023-04-02T11:05:47.847+0000] {logging_mixin.py:137} INFO - [2023-04-02T11:05:47.846+0000] {dag.py:3456} INFO - Setting next_dagrun for example_task_group_decorator to 2023-04-01T11:05:47.845710+00:00, run_after=2023-04-02T11:05:47.845710+00:00
[2023-04-02T11:05:47.907+0000] {processor.py:175} INFO - Processing /home/airflow/.local/lib/python3.7/site-packages/airflow/example_dags/example_task_group_decorator.py took 0.289 seconds
[2023-04-02T11:06:18.520+0000] {processor.py:153} INFO - Started process (PID=14531) to work on /home/airflow/.local/lib/python3.7/site-packages/airflow/example_dags/example_task_group_decorator.py
[2023-04-02T11:06:18.522+0000] {processor.py:743} INFO - Processing file /home/airflow/.local/lib/python3.7/site-packages/airflow/example_dags/example_task_group_decorator.py for tasks to queue
[2023-04-02T11:06:18.525+0000] {logging_mixin.py:137} INFO - [2023-04-02T11:06:18.524+0000] {dagbag.py:532} INFO - Filling up the DagBag from /home/airflow/.local/lib/python3.7/site-packages/airflow/example_dags/example_task_group_decorator.py
[2023-04-02T11:06:18.581+0000] {processor.py:753} INFO - DAG(s) dict_keys(['example_task_group_decorator']) retrieved from /home/airflow/.local/lib/python3.7/site-packages/airflow/example_dags/example_task_group_decorator.py
[2023-04-02T11:06:18.636+0000] {logging_mixin.py:137} INFO - [2023-04-02T11:06:18.636+0000] {dag.py:2705} INFO - Sync 1 DAGs
[2023-04-02T11:06:18.689+0000] {logging_mixin.py:137} INFO - [2023-04-02T11:06:18.689+0000] {dag.py:3456} INFO - Setting next_dagrun for example_task_group_decorator to 2023-04-01T11:06:18.688172+00:00, run_after=2023-04-02T11:06:18.688172+00:00
[2023-04-02T11:06:18.738+0000] {processor.py:175} INFO - Processing /home/airflow/.local/lib/python3.7/site-packages/airflow/example_dags/example_task_group_decorator.py took 0.226 seconds
[2023-04-02T11:06:49.663+0000] {processor.py:153} INFO - Started process (PID=14749) to work on /home/airflow/.local/lib/python3.7/site-packages/airflow/example_dags/example_task_group_decorator.py
[2023-04-02T11:06:49.665+0000] {processor.py:743} INFO - Processing file /home/airflow/.local/lib/python3.7/site-packages/airflow/example_dags/example_task_group_decorator.py for tasks to queue
[2023-04-02T11:06:49.669+0000] {logging_mixin.py:137} INFO - [2023-04-02T11:06:49.668+0000] {dagbag.py:532} INFO - Filling up the DagBag from /home/airflow/.local/lib/python3.7/site-packages/airflow/example_dags/example_task_group_decorator.py
[2023-04-02T11:06:49.726+0000] {processor.py:753} INFO - DAG(s) dict_keys(['example_task_group_decorator']) retrieved from /home/airflow/.local/lib/python3.7/site-packages/airflow/example_dags/example_task_group_decorator.py
[2023-04-02T11:06:49.785+0000] {logging_mixin.py:137} INFO - [2023-04-02T11:06:49.785+0000] {dag.py:2705} INFO - Sync 1 DAGs
[2023-04-02T11:06:49.828+0000] {logging_mixin.py:137} INFO - [2023-04-02T11:06:49.827+0000] {dag.py:3456} INFO - Setting next_dagrun for example_task_group_decorator to 2023-04-01T11:06:49.827485+00:00, run_after=2023-04-02T11:06:49.827485+00:00
[2023-04-02T11:06:49.856+0000] {processor.py:175} INFO - Processing /home/airflow/.local/lib/python3.7/site-packages/airflow/example_dags/example_task_group_decorator.py took 0.202 seconds
