[2023-04-02T10:32:48.935+0000] {processor.py:153} INFO - Started process (PID=348) to work on /home/airflow/.local/lib/python3.7/site-packages/airflow/example_dags/example_local_kubernetes_executor.py
[2023-04-02T10:32:48.937+0000] {processor.py:743} INFO - Processing file /home/airflow/.local/lib/python3.7/site-packages/airflow/example_dags/example_local_kubernetes_executor.py for tasks to queue
[2023-04-02T10:32:48.947+0000] {logging_mixin.py:137} INFO - [2023-04-02T10:32:48.947+0000] {dagbag.py:532} INFO - Filling up the DagBag from /home/airflow/.local/lib/python3.7/site-packages/airflow/example_dags/example_local_kubernetes_executor.py
[2023-04-02T10:32:49.022+0000] {processor.py:753} INFO - DAG(s) dict_keys(['example_local_kubernetes_executor']) retrieved from /home/airflow/.local/lib/python3.7/site-packages/airflow/example_dags/example_local_kubernetes_executor.py
[2023-04-02T10:32:49.056+0000] {logging_mixin.py:137} INFO - [2023-04-02T10:32:49.056+0000] {dag.py:2705} INFO - Sync 1 DAGs
[2023-04-02T10:32:49.134+0000] {logging_mixin.py:137} INFO - [2023-04-02T10:32:49.134+0000] {dag.py:3456} INFO - Setting next_dagrun for example_local_kubernetes_executor to None, run_after=None
[2023-04-02T10:32:49.175+0000] {processor.py:175} INFO - Processing /home/airflow/.local/lib/python3.7/site-packages/airflow/example_dags/example_local_kubernetes_executor.py took 0.246 seconds
[2023-04-02T10:33:24.396+0000] {processor.py:153} INFO - Started process (PID=566) to work on /home/airflow/.local/lib/python3.7/site-packages/airflow/example_dags/example_local_kubernetes_executor.py
[2023-04-02T10:33:24.399+0000] {processor.py:743} INFO - Processing file /home/airflow/.local/lib/python3.7/site-packages/airflow/example_dags/example_local_kubernetes_executor.py for tasks to queue
[2023-04-02T10:33:24.404+0000] {logging_mixin.py:137} INFO - [2023-04-02T10:33:24.404+0000] {dagbag.py:532} INFO - Filling up the DagBag from /home/airflow/.local/lib/python3.7/site-packages/airflow/example_dags/example_local_kubernetes_executor.py
[2023-04-02T10:33:24.462+0000] {processor.py:753} INFO - DAG(s) dict_keys(['example_local_kubernetes_executor']) retrieved from /home/airflow/.local/lib/python3.7/site-packages/airflow/example_dags/example_local_kubernetes_executor.py
[2023-04-02T10:33:24.487+0000] {logging_mixin.py:137} INFO - [2023-04-02T10:33:24.487+0000] {dag.py:2705} INFO - Sync 1 DAGs
[2023-04-02T10:33:24.555+0000] {logging_mixin.py:137} INFO - [2023-04-02T10:33:24.555+0000] {dag.py:3456} INFO - Setting next_dagrun for example_local_kubernetes_executor to None, run_after=None
[2023-04-02T10:33:24.616+0000] {processor.py:175} INFO - Processing /home/airflow/.local/lib/python3.7/site-packages/airflow/example_dags/example_local_kubernetes_executor.py took 0.238 seconds
[2023-04-02T10:33:58.065+0000] {processor.py:153} INFO - Started process (PID=785) to work on /home/airflow/.local/lib/python3.7/site-packages/airflow/example_dags/example_local_kubernetes_executor.py
[2023-04-02T10:33:58.072+0000] {processor.py:743} INFO - Processing file /home/airflow/.local/lib/python3.7/site-packages/airflow/example_dags/example_local_kubernetes_executor.py for tasks to queue
[2023-04-02T10:33:58.078+0000] {logging_mixin.py:137} INFO - [2023-04-02T10:33:58.078+0000] {dagbag.py:532} INFO - Filling up the DagBag from /home/airflow/.local/lib/python3.7/site-packages/airflow/example_dags/example_local_kubernetes_executor.py
[2023-04-02T10:33:58.202+0000] {processor.py:753} INFO - DAG(s) dict_keys(['example_local_kubernetes_executor']) retrieved from /home/airflow/.local/lib/python3.7/site-packages/airflow/example_dags/example_local_kubernetes_executor.py
[2023-04-02T10:33:58.314+0000] {logging_mixin.py:137} INFO - [2023-04-02T10:33:58.313+0000] {dag.py:2705} INFO - Sync 1 DAGs
[2023-04-02T10:33:58.416+0000] {logging_mixin.py:137} INFO - [2023-04-02T10:33:58.416+0000] {dag.py:3456} INFO - Setting next_dagrun for example_local_kubernetes_executor to None, run_after=None
[2023-04-02T10:33:58.480+0000] {processor.py:175} INFO - Processing /home/airflow/.local/lib/python3.7/site-packages/airflow/example_dags/example_local_kubernetes_executor.py took 0.423 seconds
[2023-04-02T10:34:29.236+0000] {processor.py:153} INFO - Started process (PID=1003) to work on /home/airflow/.local/lib/python3.7/site-packages/airflow/example_dags/example_local_kubernetes_executor.py
[2023-04-02T10:34:29.239+0000] {processor.py:743} INFO - Processing file /home/airflow/.local/lib/python3.7/site-packages/airflow/example_dags/example_local_kubernetes_executor.py for tasks to queue
[2023-04-02T10:34:29.242+0000] {logging_mixin.py:137} INFO - [2023-04-02T10:34:29.241+0000] {dagbag.py:532} INFO - Filling up the DagBag from /home/airflow/.local/lib/python3.7/site-packages/airflow/example_dags/example_local_kubernetes_executor.py
[2023-04-02T10:34:29.280+0000] {processor.py:753} INFO - DAG(s) dict_keys(['example_local_kubernetes_executor']) retrieved from /home/airflow/.local/lib/python3.7/site-packages/airflow/example_dags/example_local_kubernetes_executor.py
[2023-04-02T10:34:29.325+0000] {logging_mixin.py:137} INFO - [2023-04-02T10:34:29.325+0000] {dag.py:2705} INFO - Sync 1 DAGs
[2023-04-02T10:34:29.374+0000] {logging_mixin.py:137} INFO - [2023-04-02T10:34:29.374+0000] {dag.py:3456} INFO - Setting next_dagrun for example_local_kubernetes_executor to None, run_after=None
[2023-04-02T10:34:29.410+0000] {processor.py:175} INFO - Processing /home/airflow/.local/lib/python3.7/site-packages/airflow/example_dags/example_local_kubernetes_executor.py took 0.178 seconds
[2023-04-02T10:35:00.286+0000] {processor.py:153} INFO - Started process (PID=1222) to work on /home/airflow/.local/lib/python3.7/site-packages/airflow/example_dags/example_local_kubernetes_executor.py
[2023-04-02T10:35:00.291+0000] {processor.py:743} INFO - Processing file /home/airflow/.local/lib/python3.7/site-packages/airflow/example_dags/example_local_kubernetes_executor.py for tasks to queue
[2023-04-02T10:35:00.296+0000] {logging_mixin.py:137} INFO - [2023-04-02T10:35:00.295+0000] {dagbag.py:532} INFO - Filling up the DagBag from /home/airflow/.local/lib/python3.7/site-packages/airflow/example_dags/example_local_kubernetes_executor.py
[2023-04-02T10:35:00.354+0000] {processor.py:753} INFO - DAG(s) dict_keys(['example_local_kubernetes_executor']) retrieved from /home/airflow/.local/lib/python3.7/site-packages/airflow/example_dags/example_local_kubernetes_executor.py
[2023-04-02T10:35:00.408+0000] {logging_mixin.py:137} INFO - [2023-04-02T10:35:00.408+0000] {dag.py:2705} INFO - Sync 1 DAGs
[2023-04-02T10:35:00.471+0000] {logging_mixin.py:137} INFO - [2023-04-02T10:35:00.471+0000] {dag.py:3456} INFO - Setting next_dagrun for example_local_kubernetes_executor to None, run_after=None
[2023-04-02T10:35:00.497+0000] {processor.py:175} INFO - Processing /home/airflow/.local/lib/python3.7/site-packages/airflow/example_dags/example_local_kubernetes_executor.py took 0.219 seconds
[2023-04-02T10:35:31.754+0000] {processor.py:153} INFO - Started process (PID=1440) to work on /home/airflow/.local/lib/python3.7/site-packages/airflow/example_dags/example_local_kubernetes_executor.py
[2023-04-02T10:35:31.759+0000] {processor.py:743} INFO - Processing file /home/airflow/.local/lib/python3.7/site-packages/airflow/example_dags/example_local_kubernetes_executor.py for tasks to queue
[2023-04-02T10:35:31.769+0000] {logging_mixin.py:137} INFO - [2023-04-02T10:35:31.768+0000] {dagbag.py:532} INFO - Filling up the DagBag from /home/airflow/.local/lib/python3.7/site-packages/airflow/example_dags/example_local_kubernetes_executor.py
[2023-04-02T10:35:31.913+0000] {processor.py:753} INFO - DAG(s) dict_keys(['example_local_kubernetes_executor']) retrieved from /home/airflow/.local/lib/python3.7/site-packages/airflow/example_dags/example_local_kubernetes_executor.py
[2023-04-02T10:35:31.970+0000] {logging_mixin.py:137} INFO - [2023-04-02T10:35:31.970+0000] {dag.py:2705} INFO - Sync 1 DAGs
[2023-04-02T10:35:32.042+0000] {logging_mixin.py:137} INFO - [2023-04-02T10:35:32.042+0000] {dag.py:3456} INFO - Setting next_dagrun for example_local_kubernetes_executor to None, run_after=None
[2023-04-02T10:35:32.116+0000] {processor.py:175} INFO - Processing /home/airflow/.local/lib/python3.7/site-packages/airflow/example_dags/example_local_kubernetes_executor.py took 0.382 seconds
[2023-04-02T10:36:02.506+0000] {processor.py:153} INFO - Started process (PID=1658) to work on /home/airflow/.local/lib/python3.7/site-packages/airflow/example_dags/example_local_kubernetes_executor.py
[2023-04-02T10:36:02.509+0000] {processor.py:743} INFO - Processing file /home/airflow/.local/lib/python3.7/site-packages/airflow/example_dags/example_local_kubernetes_executor.py for tasks to queue
[2023-04-02T10:36:02.511+0000] {logging_mixin.py:137} INFO - [2023-04-02T10:36:02.510+0000] {dagbag.py:532} INFO - Filling up the DagBag from /home/airflow/.local/lib/python3.7/site-packages/airflow/example_dags/example_local_kubernetes_executor.py
[2023-04-02T10:36:02.552+0000] {processor.py:753} INFO - DAG(s) dict_keys(['example_local_kubernetes_executor']) retrieved from /home/airflow/.local/lib/python3.7/site-packages/airflow/example_dags/example_local_kubernetes_executor.py
[2023-04-02T10:36:02.593+0000] {logging_mixin.py:137} INFO - [2023-04-02T10:36:02.593+0000] {dag.py:2705} INFO - Sync 1 DAGs
[2023-04-02T10:36:02.659+0000] {logging_mixin.py:137} INFO - [2023-04-02T10:36:02.659+0000] {dag.py:3456} INFO - Setting next_dagrun for example_local_kubernetes_executor to None, run_after=None
[2023-04-02T10:36:02.715+0000] {processor.py:175} INFO - Processing /home/airflow/.local/lib/python3.7/site-packages/airflow/example_dags/example_local_kubernetes_executor.py took 0.213 seconds
[2023-04-02T10:36:33.183+0000] {processor.py:153} INFO - Started process (PID=1878) to work on /home/airflow/.local/lib/python3.7/site-packages/airflow/example_dags/example_local_kubernetes_executor.py
[2023-04-02T10:36:33.186+0000] {processor.py:743} INFO - Processing file /home/airflow/.local/lib/python3.7/site-packages/airflow/example_dags/example_local_kubernetes_executor.py for tasks to queue
[2023-04-02T10:36:33.194+0000] {logging_mixin.py:137} INFO - [2023-04-02T10:36:33.193+0000] {dagbag.py:532} INFO - Filling up the DagBag from /home/airflow/.local/lib/python3.7/site-packages/airflow/example_dags/example_local_kubernetes_executor.py
[2023-04-02T10:36:33.253+0000] {processor.py:753} INFO - DAG(s) dict_keys(['example_local_kubernetes_executor']) retrieved from /home/airflow/.local/lib/python3.7/site-packages/airflow/example_dags/example_local_kubernetes_executor.py
[2023-04-02T10:36:33.308+0000] {logging_mixin.py:137} INFO - [2023-04-02T10:36:33.308+0000] {dag.py:2705} INFO - Sync 1 DAGs
[2023-04-02T10:36:33.367+0000] {logging_mixin.py:137} INFO - [2023-04-02T10:36:33.367+0000] {dag.py:3456} INFO - Setting next_dagrun for example_local_kubernetes_executor to None, run_after=None
[2023-04-02T10:36:33.408+0000] {processor.py:175} INFO - Processing /home/airflow/.local/lib/python3.7/site-packages/airflow/example_dags/example_local_kubernetes_executor.py took 0.244 seconds
[2023-04-02T10:37:03.852+0000] {processor.py:153} INFO - Started process (PID=2099) to work on /home/airflow/.local/lib/python3.7/site-packages/airflow/example_dags/example_local_kubernetes_executor.py
[2023-04-02T10:37:03.856+0000] {processor.py:743} INFO - Processing file /home/airflow/.local/lib/python3.7/site-packages/airflow/example_dags/example_local_kubernetes_executor.py for tasks to queue
[2023-04-02T10:37:03.859+0000] {logging_mixin.py:137} INFO - [2023-04-02T10:37:03.859+0000] {dagbag.py:532} INFO - Filling up the DagBag from /home/airflow/.local/lib/python3.7/site-packages/airflow/example_dags/example_local_kubernetes_executor.py
[2023-04-02T10:37:03.962+0000] {processor.py:753} INFO - DAG(s) dict_keys(['example_local_kubernetes_executor']) retrieved from /home/airflow/.local/lib/python3.7/site-packages/airflow/example_dags/example_local_kubernetes_executor.py
[2023-04-02T10:37:04.046+0000] {logging_mixin.py:137} INFO - [2023-04-02T10:37:04.046+0000] {dag.py:2705} INFO - Sync 1 DAGs
[2023-04-02T10:37:04.129+0000] {logging_mixin.py:137} INFO - [2023-04-02T10:37:04.128+0000] {dag.py:3456} INFO - Setting next_dagrun for example_local_kubernetes_executor to None, run_after=None
[2023-04-02T10:37:04.180+0000] {processor.py:175} INFO - Processing /home/airflow/.local/lib/python3.7/site-packages/airflow/example_dags/example_local_kubernetes_executor.py took 0.338 seconds
[2023-04-02T10:37:34.280+0000] {processor.py:153} INFO - Started process (PID=2324) to work on /home/airflow/.local/lib/python3.7/site-packages/airflow/example_dags/example_local_kubernetes_executor.py
[2023-04-02T10:37:34.282+0000] {processor.py:743} INFO - Processing file /home/airflow/.local/lib/python3.7/site-packages/airflow/example_dags/example_local_kubernetes_executor.py for tasks to queue
[2023-04-02T10:37:34.287+0000] {logging_mixin.py:137} INFO - [2023-04-02T10:37:34.286+0000] {dagbag.py:532} INFO - Filling up the DagBag from /home/airflow/.local/lib/python3.7/site-packages/airflow/example_dags/example_local_kubernetes_executor.py
[2023-04-02T10:37:34.326+0000] {processor.py:753} INFO - DAG(s) dict_keys(['example_local_kubernetes_executor']) retrieved from /home/airflow/.local/lib/python3.7/site-packages/airflow/example_dags/example_local_kubernetes_executor.py
[2023-04-02T10:37:34.380+0000] {logging_mixin.py:137} INFO - [2023-04-02T10:37:34.380+0000] {dag.py:2705} INFO - Sync 1 DAGs
[2023-04-02T10:37:34.426+0000] {logging_mixin.py:137} INFO - [2023-04-02T10:37:34.425+0000] {dag.py:3456} INFO - Setting next_dagrun for example_local_kubernetes_executor to None, run_after=None
[2023-04-02T10:37:34.469+0000] {processor.py:175} INFO - Processing /home/airflow/.local/lib/python3.7/site-packages/airflow/example_dags/example_local_kubernetes_executor.py took 0.196 seconds
[2023-04-02T10:38:05.071+0000] {processor.py:153} INFO - Started process (PID=2537) to work on /home/airflow/.local/lib/python3.7/site-packages/airflow/example_dags/example_local_kubernetes_executor.py
[2023-04-02T10:38:05.073+0000] {processor.py:743} INFO - Processing file /home/airflow/.local/lib/python3.7/site-packages/airflow/example_dags/example_local_kubernetes_executor.py for tasks to queue
[2023-04-02T10:38:05.076+0000] {logging_mixin.py:137} INFO - [2023-04-02T10:38:05.075+0000] {dagbag.py:532} INFO - Filling up the DagBag from /home/airflow/.local/lib/python3.7/site-packages/airflow/example_dags/example_local_kubernetes_executor.py
[2023-04-02T10:38:05.124+0000] {processor.py:753} INFO - DAG(s) dict_keys(['example_local_kubernetes_executor']) retrieved from /home/airflow/.local/lib/python3.7/site-packages/airflow/example_dags/example_local_kubernetes_executor.py
[2023-04-02T10:38:05.171+0000] {logging_mixin.py:137} INFO - [2023-04-02T10:38:05.171+0000] {dag.py:2705} INFO - Sync 1 DAGs
[2023-04-02T10:38:05.226+0000] {logging_mixin.py:137} INFO - [2023-04-02T10:38:05.226+0000] {dag.py:3456} INFO - Setting next_dagrun for example_local_kubernetes_executor to None, run_after=None
[2023-04-02T10:38:05.264+0000] {processor.py:175} INFO - Processing /home/airflow/.local/lib/python3.7/site-packages/airflow/example_dags/example_local_kubernetes_executor.py took 0.199 seconds
[2023-04-02T10:38:36.042+0000] {processor.py:153} INFO - Started process (PID=2755) to work on /home/airflow/.local/lib/python3.7/site-packages/airflow/example_dags/example_local_kubernetes_executor.py
[2023-04-02T10:38:36.044+0000] {processor.py:743} INFO - Processing file /home/airflow/.local/lib/python3.7/site-packages/airflow/example_dags/example_local_kubernetes_executor.py for tasks to queue
[2023-04-02T10:38:36.046+0000] {logging_mixin.py:137} INFO - [2023-04-02T10:38:36.045+0000] {dagbag.py:532} INFO - Filling up the DagBag from /home/airflow/.local/lib/python3.7/site-packages/airflow/example_dags/example_local_kubernetes_executor.py
[2023-04-02T10:38:36.101+0000] {processor.py:753} INFO - DAG(s) dict_keys(['example_local_kubernetes_executor']) retrieved from /home/airflow/.local/lib/python3.7/site-packages/airflow/example_dags/example_local_kubernetes_executor.py
[2023-04-02T10:38:36.155+0000] {logging_mixin.py:137} INFO - [2023-04-02T10:38:36.155+0000] {dag.py:2705} INFO - Sync 1 DAGs
[2023-04-02T10:38:36.208+0000] {logging_mixin.py:137} INFO - [2023-04-02T10:38:36.208+0000] {dag.py:3456} INFO - Setting next_dagrun for example_local_kubernetes_executor to None, run_after=None
[2023-04-02T10:38:36.245+0000] {processor.py:175} INFO - Processing /home/airflow/.local/lib/python3.7/site-packages/airflow/example_dags/example_local_kubernetes_executor.py took 0.210 seconds
[2023-04-02T10:39:06.757+0000] {processor.py:153} INFO - Started process (PID=2973) to work on /home/airflow/.local/lib/python3.7/site-packages/airflow/example_dags/example_local_kubernetes_executor.py
[2023-04-02T10:39:06.760+0000] {processor.py:743} INFO - Processing file /home/airflow/.local/lib/python3.7/site-packages/airflow/example_dags/example_local_kubernetes_executor.py for tasks to queue
[2023-04-02T10:39:06.763+0000] {logging_mixin.py:137} INFO - [2023-04-02T10:39:06.762+0000] {dagbag.py:532} INFO - Filling up the DagBag from /home/airflow/.local/lib/python3.7/site-packages/airflow/example_dags/example_local_kubernetes_executor.py
[2023-04-02T10:39:06.824+0000] {processor.py:753} INFO - DAG(s) dict_keys(['example_local_kubernetes_executor']) retrieved from /home/airflow/.local/lib/python3.7/site-packages/airflow/example_dags/example_local_kubernetes_executor.py
[2023-04-02T10:39:06.904+0000] {logging_mixin.py:137} INFO - [2023-04-02T10:39:06.903+0000] {dag.py:2705} INFO - Sync 1 DAGs
[2023-04-02T10:39:06.973+0000] {logging_mixin.py:137} INFO - [2023-04-02T10:39:06.973+0000] {dag.py:3456} INFO - Setting next_dagrun for example_local_kubernetes_executor to None, run_after=None
[2023-04-02T10:39:07.014+0000] {processor.py:175} INFO - Processing /home/airflow/.local/lib/python3.7/site-packages/airflow/example_dags/example_local_kubernetes_executor.py took 0.265 seconds
[2023-04-02T10:39:37.475+0000] {processor.py:153} INFO - Started process (PID=3191) to work on /home/airflow/.local/lib/python3.7/site-packages/airflow/example_dags/example_local_kubernetes_executor.py
[2023-04-02T10:39:37.480+0000] {processor.py:743} INFO - Processing file /home/airflow/.local/lib/python3.7/site-packages/airflow/example_dags/example_local_kubernetes_executor.py for tasks to queue
[2023-04-02T10:39:37.484+0000] {logging_mixin.py:137} INFO - [2023-04-02T10:39:37.483+0000] {dagbag.py:532} INFO - Filling up the DagBag from /home/airflow/.local/lib/python3.7/site-packages/airflow/example_dags/example_local_kubernetes_executor.py
[2023-04-02T10:39:37.524+0000] {processor.py:753} INFO - DAG(s) dict_keys(['example_local_kubernetes_executor']) retrieved from /home/airflow/.local/lib/python3.7/site-packages/airflow/example_dags/example_local_kubernetes_executor.py
[2023-04-02T10:39:37.575+0000] {logging_mixin.py:137} INFO - [2023-04-02T10:39:37.574+0000] {dag.py:2705} INFO - Sync 1 DAGs
[2023-04-02T10:39:37.649+0000] {logging_mixin.py:137} INFO - [2023-04-02T10:39:37.649+0000] {dag.py:3456} INFO - Setting next_dagrun for example_local_kubernetes_executor to None, run_after=None
[2023-04-02T10:39:37.696+0000] {processor.py:175} INFO - Processing /home/airflow/.local/lib/python3.7/site-packages/airflow/example_dags/example_local_kubernetes_executor.py took 0.229 seconds
[2023-04-02T10:40:08.651+0000] {processor.py:153} INFO - Started process (PID=3409) to work on /home/airflow/.local/lib/python3.7/site-packages/airflow/example_dags/example_local_kubernetes_executor.py
[2023-04-02T10:40:08.653+0000] {processor.py:743} INFO - Processing file /home/airflow/.local/lib/python3.7/site-packages/airflow/example_dags/example_local_kubernetes_executor.py for tasks to queue
[2023-04-02T10:40:08.657+0000] {logging_mixin.py:137} INFO - [2023-04-02T10:40:08.657+0000] {dagbag.py:532} INFO - Filling up the DagBag from /home/airflow/.local/lib/python3.7/site-packages/airflow/example_dags/example_local_kubernetes_executor.py
[2023-04-02T10:40:08.711+0000] {processor.py:753} INFO - DAG(s) dict_keys(['example_local_kubernetes_executor']) retrieved from /home/airflow/.local/lib/python3.7/site-packages/airflow/example_dags/example_local_kubernetes_executor.py
[2023-04-02T10:40:08.769+0000] {logging_mixin.py:137} INFO - [2023-04-02T10:40:08.769+0000] {dag.py:2705} INFO - Sync 1 DAGs
[2023-04-02T10:40:08.844+0000] {logging_mixin.py:137} INFO - [2023-04-02T10:40:08.844+0000] {dag.py:3456} INFO - Setting next_dagrun for example_local_kubernetes_executor to None, run_after=None
[2023-04-02T10:40:08.899+0000] {processor.py:175} INFO - Processing /home/airflow/.local/lib/python3.7/site-packages/airflow/example_dags/example_local_kubernetes_executor.py took 0.253 seconds
[2023-04-02T10:40:41.266+0000] {processor.py:153} INFO - Started process (PID=3627) to work on /home/airflow/.local/lib/python3.7/site-packages/airflow/example_dags/example_local_kubernetes_executor.py
[2023-04-02T10:40:41.268+0000] {processor.py:743} INFO - Processing file /home/airflow/.local/lib/python3.7/site-packages/airflow/example_dags/example_local_kubernetes_executor.py for tasks to queue
[2023-04-02T10:40:41.276+0000] {logging_mixin.py:137} INFO - [2023-04-02T10:40:41.275+0000] {dagbag.py:532} INFO - Filling up the DagBag from /home/airflow/.local/lib/python3.7/site-packages/airflow/example_dags/example_local_kubernetes_executor.py
[2023-04-02T10:40:41.449+0000] {processor.py:753} INFO - DAG(s) dict_keys(['example_local_kubernetes_executor']) retrieved from /home/airflow/.local/lib/python3.7/site-packages/airflow/example_dags/example_local_kubernetes_executor.py
[2023-04-02T10:40:41.570+0000] {logging_mixin.py:137} INFO - [2023-04-02T10:40:41.570+0000] {dag.py:2705} INFO - Sync 1 DAGs
[2023-04-02T10:40:41.679+0000] {logging_mixin.py:137} INFO - [2023-04-02T10:40:41.678+0000] {dag.py:3456} INFO - Setting next_dagrun for example_local_kubernetes_executor to None, run_after=None
[2023-04-02T10:40:41.736+0000] {processor.py:175} INFO - Processing /home/airflow/.local/lib/python3.7/site-packages/airflow/example_dags/example_local_kubernetes_executor.py took 0.497 seconds
[2023-04-02T10:41:12.367+0000] {processor.py:153} INFO - Started process (PID=3845) to work on /home/airflow/.local/lib/python3.7/site-packages/airflow/example_dags/example_local_kubernetes_executor.py
[2023-04-02T10:41:12.370+0000] {processor.py:743} INFO - Processing file /home/airflow/.local/lib/python3.7/site-packages/airflow/example_dags/example_local_kubernetes_executor.py for tasks to queue
[2023-04-02T10:41:12.375+0000] {logging_mixin.py:137} INFO - [2023-04-02T10:41:12.374+0000] {dagbag.py:532} INFO - Filling up the DagBag from /home/airflow/.local/lib/python3.7/site-packages/airflow/example_dags/example_local_kubernetes_executor.py
[2023-04-02T10:41:12.454+0000] {processor.py:753} INFO - DAG(s) dict_keys(['example_local_kubernetes_executor']) retrieved from /home/airflow/.local/lib/python3.7/site-packages/airflow/example_dags/example_local_kubernetes_executor.py
[2023-04-02T10:41:12.578+0000] {logging_mixin.py:137} INFO - [2023-04-02T10:41:12.578+0000] {dag.py:2705} INFO - Sync 1 DAGs
[2023-04-02T10:41:12.692+0000] {logging_mixin.py:137} INFO - [2023-04-02T10:41:12.690+0000] {dag.py:3456} INFO - Setting next_dagrun for example_local_kubernetes_executor to None, run_after=None
[2023-04-02T10:41:12.803+0000] {processor.py:175} INFO - Processing /home/airflow/.local/lib/python3.7/site-packages/airflow/example_dags/example_local_kubernetes_executor.py took 0.445 seconds
[2023-04-02T10:41:43.832+0000] {processor.py:153} INFO - Started process (PID=4070) to work on /home/airflow/.local/lib/python3.7/site-packages/airflow/example_dags/example_local_kubernetes_executor.py
[2023-04-02T10:41:43.842+0000] {processor.py:743} INFO - Processing file /home/airflow/.local/lib/python3.7/site-packages/airflow/example_dags/example_local_kubernetes_executor.py for tasks to queue
[2023-04-02T10:41:43.851+0000] {logging_mixin.py:137} INFO - [2023-04-02T10:41:43.850+0000] {dagbag.py:532} INFO - Filling up the DagBag from /home/airflow/.local/lib/python3.7/site-packages/airflow/example_dags/example_local_kubernetes_executor.py
[2023-04-02T10:41:43.981+0000] {processor.py:753} INFO - DAG(s) dict_keys(['example_local_kubernetes_executor']) retrieved from /home/airflow/.local/lib/python3.7/site-packages/airflow/example_dags/example_local_kubernetes_executor.py
[2023-04-02T10:41:44.069+0000] {logging_mixin.py:137} INFO - [2023-04-02T10:41:44.069+0000] {dag.py:2705} INFO - Sync 1 DAGs
[2023-04-02T10:41:44.167+0000] {logging_mixin.py:137} INFO - [2023-04-02T10:41:44.167+0000] {dag.py:3456} INFO - Setting next_dagrun for example_local_kubernetes_executor to None, run_after=None
[2023-04-02T10:41:44.247+0000] {processor.py:175} INFO - Processing /home/airflow/.local/lib/python3.7/site-packages/airflow/example_dags/example_local_kubernetes_executor.py took 0.422 seconds
[2023-04-02T10:42:14.862+0000] {processor.py:153} INFO - Started process (PID=4282) to work on /home/airflow/.local/lib/python3.7/site-packages/airflow/example_dags/example_local_kubernetes_executor.py
[2023-04-02T10:42:14.866+0000] {processor.py:743} INFO - Processing file /home/airflow/.local/lib/python3.7/site-packages/airflow/example_dags/example_local_kubernetes_executor.py for tasks to queue
[2023-04-02T10:42:14.877+0000] {logging_mixin.py:137} INFO - [2023-04-02T10:42:14.876+0000] {dagbag.py:532} INFO - Filling up the DagBag from /home/airflow/.local/lib/python3.7/site-packages/airflow/example_dags/example_local_kubernetes_executor.py
[2023-04-02T10:42:14.974+0000] {processor.py:753} INFO - DAG(s) dict_keys(['example_local_kubernetes_executor']) retrieved from /home/airflow/.local/lib/python3.7/site-packages/airflow/example_dags/example_local_kubernetes_executor.py
[2023-04-02T10:42:15.120+0000] {logging_mixin.py:137} INFO - [2023-04-02T10:42:15.120+0000] {dag.py:2705} INFO - Sync 1 DAGs
[2023-04-02T10:42:15.260+0000] {logging_mixin.py:137} INFO - [2023-04-02T10:42:15.260+0000] {dag.py:3456} INFO - Setting next_dagrun for example_local_kubernetes_executor to None, run_after=None
[2023-04-02T10:42:15.316+0000] {processor.py:175} INFO - Processing /home/airflow/.local/lib/python3.7/site-packages/airflow/example_dags/example_local_kubernetes_executor.py took 0.478 seconds
[2023-04-02T10:42:45.633+0000] {processor.py:153} INFO - Started process (PID=4500) to work on /home/airflow/.local/lib/python3.7/site-packages/airflow/example_dags/example_local_kubernetes_executor.py
[2023-04-02T10:42:45.636+0000] {processor.py:743} INFO - Processing file /home/airflow/.local/lib/python3.7/site-packages/airflow/example_dags/example_local_kubernetes_executor.py for tasks to queue
[2023-04-02T10:42:45.641+0000] {logging_mixin.py:137} INFO - [2023-04-02T10:42:45.640+0000] {dagbag.py:532} INFO - Filling up the DagBag from /home/airflow/.local/lib/python3.7/site-packages/airflow/example_dags/example_local_kubernetes_executor.py
[2023-04-02T10:42:45.707+0000] {processor.py:753} INFO - DAG(s) dict_keys(['example_local_kubernetes_executor']) retrieved from /home/airflow/.local/lib/python3.7/site-packages/airflow/example_dags/example_local_kubernetes_executor.py
[2023-04-02T10:42:45.780+0000] {logging_mixin.py:137} INFO - [2023-04-02T10:42:45.779+0000] {dag.py:2705} INFO - Sync 1 DAGs
[2023-04-02T10:42:45.851+0000] {logging_mixin.py:137} INFO - [2023-04-02T10:42:45.850+0000] {dag.py:3456} INFO - Setting next_dagrun for example_local_kubernetes_executor to None, run_after=None
[2023-04-02T10:42:45.896+0000] {processor.py:175} INFO - Processing /home/airflow/.local/lib/python3.7/site-packages/airflow/example_dags/example_local_kubernetes_executor.py took 0.267 seconds
[2023-04-02T10:43:16.471+0000] {processor.py:153} INFO - Started process (PID=4718) to work on /home/airflow/.local/lib/python3.7/site-packages/airflow/example_dags/example_local_kubernetes_executor.py
[2023-04-02T10:43:16.474+0000] {processor.py:743} INFO - Processing file /home/airflow/.local/lib/python3.7/site-packages/airflow/example_dags/example_local_kubernetes_executor.py for tasks to queue
[2023-04-02T10:43:16.477+0000] {logging_mixin.py:137} INFO - [2023-04-02T10:43:16.477+0000] {dagbag.py:532} INFO - Filling up the DagBag from /home/airflow/.local/lib/python3.7/site-packages/airflow/example_dags/example_local_kubernetes_executor.py
[2023-04-02T10:43:16.529+0000] {processor.py:753} INFO - DAG(s) dict_keys(['example_local_kubernetes_executor']) retrieved from /home/airflow/.local/lib/python3.7/site-packages/airflow/example_dags/example_local_kubernetes_executor.py
[2023-04-02T10:43:16.582+0000] {logging_mixin.py:137} INFO - [2023-04-02T10:43:16.582+0000] {dag.py:2705} INFO - Sync 1 DAGs
[2023-04-02T10:43:16.628+0000] {logging_mixin.py:137} INFO - [2023-04-02T10:43:16.627+0000] {dag.py:3456} INFO - Setting next_dagrun for example_local_kubernetes_executor to None, run_after=None
[2023-04-02T10:43:16.662+0000] {processor.py:175} INFO - Processing /home/airflow/.local/lib/python3.7/site-packages/airflow/example_dags/example_local_kubernetes_executor.py took 0.200 seconds
[2023-04-02T10:43:46.902+0000] {processor.py:153} INFO - Started process (PID=4941) to work on /home/airflow/.local/lib/python3.7/site-packages/airflow/example_dags/example_local_kubernetes_executor.py
[2023-04-02T10:43:46.904+0000] {processor.py:743} INFO - Processing file /home/airflow/.local/lib/python3.7/site-packages/airflow/example_dags/example_local_kubernetes_executor.py for tasks to queue
[2023-04-02T10:43:46.906+0000] {logging_mixin.py:137} INFO - [2023-04-02T10:43:46.906+0000] {dagbag.py:532} INFO - Filling up the DagBag from /home/airflow/.local/lib/python3.7/site-packages/airflow/example_dags/example_local_kubernetes_executor.py
[2023-04-02T10:43:46.942+0000] {processor.py:753} INFO - DAG(s) dict_keys(['example_local_kubernetes_executor']) retrieved from /home/airflow/.local/lib/python3.7/site-packages/airflow/example_dags/example_local_kubernetes_executor.py
[2023-04-02T10:43:46.984+0000] {logging_mixin.py:137} INFO - [2023-04-02T10:43:46.984+0000] {dag.py:2705} INFO - Sync 1 DAGs
[2023-04-02T10:43:47.044+0000] {logging_mixin.py:137} INFO - [2023-04-02T10:43:47.044+0000] {dag.py:3456} INFO - Setting next_dagrun for example_local_kubernetes_executor to None, run_after=None
[2023-04-02T10:43:47.076+0000] {processor.py:175} INFO - Processing /home/airflow/.local/lib/python3.7/site-packages/airflow/example_dags/example_local_kubernetes_executor.py took 0.181 seconds
[2023-04-02T10:44:17.916+0000] {processor.py:153} INFO - Started process (PID=5154) to work on /home/airflow/.local/lib/python3.7/site-packages/airflow/example_dags/example_local_kubernetes_executor.py
[2023-04-02T10:44:17.920+0000] {processor.py:743} INFO - Processing file /home/airflow/.local/lib/python3.7/site-packages/airflow/example_dags/example_local_kubernetes_executor.py for tasks to queue
[2023-04-02T10:44:17.921+0000] {logging_mixin.py:137} INFO - [2023-04-02T10:44:17.921+0000] {dagbag.py:532} INFO - Filling up the DagBag from /home/airflow/.local/lib/python3.7/site-packages/airflow/example_dags/example_local_kubernetes_executor.py
[2023-04-02T10:44:17.991+0000] {processor.py:753} INFO - DAG(s) dict_keys(['example_local_kubernetes_executor']) retrieved from /home/airflow/.local/lib/python3.7/site-packages/airflow/example_dags/example_local_kubernetes_executor.py
[2023-04-02T10:44:18.062+0000] {logging_mixin.py:137} INFO - [2023-04-02T10:44:18.059+0000] {dag.py:2705} INFO - Sync 1 DAGs
[2023-04-02T10:44:18.136+0000] {logging_mixin.py:137} INFO - [2023-04-02T10:44:18.136+0000] {dag.py:3456} INFO - Setting next_dagrun for example_local_kubernetes_executor to None, run_after=None
[2023-04-02T10:44:18.195+0000] {processor.py:175} INFO - Processing /home/airflow/.local/lib/python3.7/site-packages/airflow/example_dags/example_local_kubernetes_executor.py took 0.286 seconds
[2023-04-02T10:44:48.934+0000] {processor.py:153} INFO - Started process (PID=5372) to work on /home/airflow/.local/lib/python3.7/site-packages/airflow/example_dags/example_local_kubernetes_executor.py
[2023-04-02T10:44:48.939+0000] {processor.py:743} INFO - Processing file /home/airflow/.local/lib/python3.7/site-packages/airflow/example_dags/example_local_kubernetes_executor.py for tasks to queue
[2023-04-02T10:44:48.944+0000] {logging_mixin.py:137} INFO - [2023-04-02T10:44:48.943+0000] {dagbag.py:532} INFO - Filling up the DagBag from /home/airflow/.local/lib/python3.7/site-packages/airflow/example_dags/example_local_kubernetes_executor.py
[2023-04-02T10:44:49.014+0000] {processor.py:753} INFO - DAG(s) dict_keys(['example_local_kubernetes_executor']) retrieved from /home/airflow/.local/lib/python3.7/site-packages/airflow/example_dags/example_local_kubernetes_executor.py
[2023-04-02T10:44:49.071+0000] {logging_mixin.py:137} INFO - [2023-04-02T10:44:49.070+0000] {dag.py:2705} INFO - Sync 1 DAGs
[2023-04-02T10:44:49.128+0000] {logging_mixin.py:137} INFO - [2023-04-02T10:44:49.128+0000] {dag.py:3456} INFO - Setting next_dagrun for example_local_kubernetes_executor to None, run_after=None
[2023-04-02T10:44:49.170+0000] {processor.py:175} INFO - Processing /home/airflow/.local/lib/python3.7/site-packages/airflow/example_dags/example_local_kubernetes_executor.py took 0.243 seconds
[2023-04-02T10:45:19.504+0000] {processor.py:153} INFO - Started process (PID=5590) to work on /home/airflow/.local/lib/python3.7/site-packages/airflow/example_dags/example_local_kubernetes_executor.py
[2023-04-02T10:45:19.505+0000] {processor.py:743} INFO - Processing file /home/airflow/.local/lib/python3.7/site-packages/airflow/example_dags/example_local_kubernetes_executor.py for tasks to queue
[2023-04-02T10:45:19.507+0000] {logging_mixin.py:137} INFO - [2023-04-02T10:45:19.507+0000] {dagbag.py:532} INFO - Filling up the DagBag from /home/airflow/.local/lib/python3.7/site-packages/airflow/example_dags/example_local_kubernetes_executor.py
[2023-04-02T10:45:19.584+0000] {processor.py:753} INFO - DAG(s) dict_keys(['example_local_kubernetes_executor']) retrieved from /home/airflow/.local/lib/python3.7/site-packages/airflow/example_dags/example_local_kubernetes_executor.py
[2023-04-02T10:45:19.665+0000] {logging_mixin.py:137} INFO - [2023-04-02T10:45:19.665+0000] {dag.py:2705} INFO - Sync 1 DAGs
[2023-04-02T10:45:19.720+0000] {logging_mixin.py:137} INFO - [2023-04-02T10:45:19.720+0000] {dag.py:3456} INFO - Setting next_dagrun for example_local_kubernetes_executor to None, run_after=None
[2023-04-02T10:45:19.772+0000] {processor.py:175} INFO - Processing /home/airflow/.local/lib/python3.7/site-packages/airflow/example_dags/example_local_kubernetes_executor.py took 0.279 seconds
[2023-04-02T10:45:50.059+0000] {processor.py:153} INFO - Started process (PID=5808) to work on /home/airflow/.local/lib/python3.7/site-packages/airflow/example_dags/example_local_kubernetes_executor.py
[2023-04-02T10:45:50.063+0000] {processor.py:743} INFO - Processing file /home/airflow/.local/lib/python3.7/site-packages/airflow/example_dags/example_local_kubernetes_executor.py for tasks to queue
[2023-04-02T10:45:50.066+0000] {logging_mixin.py:137} INFO - [2023-04-02T10:45:50.065+0000] {dagbag.py:532} INFO - Filling up the DagBag from /home/airflow/.local/lib/python3.7/site-packages/airflow/example_dags/example_local_kubernetes_executor.py
[2023-04-02T10:45:50.113+0000] {processor.py:753} INFO - DAG(s) dict_keys(['example_local_kubernetes_executor']) retrieved from /home/airflow/.local/lib/python3.7/site-packages/airflow/example_dags/example_local_kubernetes_executor.py
[2023-04-02T10:45:50.161+0000] {logging_mixin.py:137} INFO - [2023-04-02T10:45:50.160+0000] {dag.py:2705} INFO - Sync 1 DAGs
[2023-04-02T10:45:50.216+0000] {logging_mixin.py:137} INFO - [2023-04-02T10:45:50.216+0000] {dag.py:3456} INFO - Setting next_dagrun for example_local_kubernetes_executor to None, run_after=None
[2023-04-02T10:45:50.299+0000] {processor.py:175} INFO - Processing /home/airflow/.local/lib/python3.7/site-packages/airflow/example_dags/example_local_kubernetes_executor.py took 0.246 seconds
[2023-04-02T10:46:20.684+0000] {processor.py:153} INFO - Started process (PID=6028) to work on /home/airflow/.local/lib/python3.7/site-packages/airflow/example_dags/example_local_kubernetes_executor.py
[2023-04-02T10:46:20.687+0000] {processor.py:743} INFO - Processing file /home/airflow/.local/lib/python3.7/site-packages/airflow/example_dags/example_local_kubernetes_executor.py for tasks to queue
[2023-04-02T10:46:20.691+0000] {logging_mixin.py:137} INFO - [2023-04-02T10:46:20.691+0000] {dagbag.py:532} INFO - Filling up the DagBag from /home/airflow/.local/lib/python3.7/site-packages/airflow/example_dags/example_local_kubernetes_executor.py
[2023-04-02T10:46:20.747+0000] {processor.py:753} INFO - DAG(s) dict_keys(['example_local_kubernetes_executor']) retrieved from /home/airflow/.local/lib/python3.7/site-packages/airflow/example_dags/example_local_kubernetes_executor.py
[2023-04-02T10:46:20.820+0000] {logging_mixin.py:137} INFO - [2023-04-02T10:46:20.819+0000] {dag.py:2705} INFO - Sync 1 DAGs
[2023-04-02T10:46:20.888+0000] {logging_mixin.py:137} INFO - [2023-04-02T10:46:20.887+0000] {dag.py:3456} INFO - Setting next_dagrun for example_local_kubernetes_executor to None, run_after=None
[2023-04-02T10:46:20.929+0000] {processor.py:175} INFO - Processing /home/airflow/.local/lib/python3.7/site-packages/airflow/example_dags/example_local_kubernetes_executor.py took 0.250 seconds
[2023-04-02T10:46:51.301+0000] {processor.py:153} INFO - Started process (PID=6245) to work on /home/airflow/.local/lib/python3.7/site-packages/airflow/example_dags/example_local_kubernetes_executor.py
[2023-04-02T10:46:51.304+0000] {processor.py:743} INFO - Processing file /home/airflow/.local/lib/python3.7/site-packages/airflow/example_dags/example_local_kubernetes_executor.py for tasks to queue
[2023-04-02T10:46:51.307+0000] {logging_mixin.py:137} INFO - [2023-04-02T10:46:51.306+0000] {dagbag.py:532} INFO - Filling up the DagBag from /home/airflow/.local/lib/python3.7/site-packages/airflow/example_dags/example_local_kubernetes_executor.py
[2023-04-02T10:46:51.381+0000] {processor.py:753} INFO - DAG(s) dict_keys(['example_local_kubernetes_executor']) retrieved from /home/airflow/.local/lib/python3.7/site-packages/airflow/example_dags/example_local_kubernetes_executor.py
[2023-04-02T10:46:51.472+0000] {logging_mixin.py:137} INFO - [2023-04-02T10:46:51.472+0000] {dag.py:2705} INFO - Sync 1 DAGs
[2023-04-02T10:46:51.551+0000] {logging_mixin.py:137} INFO - [2023-04-02T10:46:51.551+0000] {dag.py:3456} INFO - Setting next_dagrun for example_local_kubernetes_executor to None, run_after=None
[2023-04-02T10:46:51.597+0000] {processor.py:175} INFO - Processing /home/airflow/.local/lib/python3.7/site-packages/airflow/example_dags/example_local_kubernetes_executor.py took 0.301 seconds
[2023-04-02T10:47:22.169+0000] {processor.py:153} INFO - Started process (PID=6468) to work on /home/airflow/.local/lib/python3.7/site-packages/airflow/example_dags/example_local_kubernetes_executor.py
[2023-04-02T10:47:22.171+0000] {processor.py:743} INFO - Processing file /home/airflow/.local/lib/python3.7/site-packages/airflow/example_dags/example_local_kubernetes_executor.py for tasks to queue
[2023-04-02T10:47:22.174+0000] {logging_mixin.py:137} INFO - [2023-04-02T10:47:22.174+0000] {dagbag.py:532} INFO - Filling up the DagBag from /home/airflow/.local/lib/python3.7/site-packages/airflow/example_dags/example_local_kubernetes_executor.py
[2023-04-02T10:47:22.228+0000] {processor.py:753} INFO - DAG(s) dict_keys(['example_local_kubernetes_executor']) retrieved from /home/airflow/.local/lib/python3.7/site-packages/airflow/example_dags/example_local_kubernetes_executor.py
[2023-04-02T10:47:22.338+0000] {logging_mixin.py:137} INFO - [2023-04-02T10:47:22.338+0000] {dag.py:2705} INFO - Sync 1 DAGs
[2023-04-02T10:47:22.400+0000] {logging_mixin.py:137} INFO - [2023-04-02T10:47:22.400+0000] {dag.py:3456} INFO - Setting next_dagrun for example_local_kubernetes_executor to None, run_after=None
[2023-04-02T10:47:22.439+0000] {processor.py:175} INFO - Processing /home/airflow/.local/lib/python3.7/site-packages/airflow/example_dags/example_local_kubernetes_executor.py took 0.276 seconds
[2023-04-02T10:47:52.505+0000] {processor.py:153} INFO - Started process (PID=6691) to work on /home/airflow/.local/lib/python3.7/site-packages/airflow/example_dags/example_local_kubernetes_executor.py
[2023-04-02T10:47:52.507+0000] {processor.py:743} INFO - Processing file /home/airflow/.local/lib/python3.7/site-packages/airflow/example_dags/example_local_kubernetes_executor.py for tasks to queue
[2023-04-02T10:47:52.510+0000] {logging_mixin.py:137} INFO - [2023-04-02T10:47:52.510+0000] {dagbag.py:532} INFO - Filling up the DagBag from /home/airflow/.local/lib/python3.7/site-packages/airflow/example_dags/example_local_kubernetes_executor.py
[2023-04-02T10:47:52.549+0000] {processor.py:753} INFO - DAG(s) dict_keys(['example_local_kubernetes_executor']) retrieved from /home/airflow/.local/lib/python3.7/site-packages/airflow/example_dags/example_local_kubernetes_executor.py
[2023-04-02T10:47:52.602+0000] {logging_mixin.py:137} INFO - [2023-04-02T10:47:52.602+0000] {dag.py:2705} INFO - Sync 1 DAGs
[2023-04-02T10:47:52.637+0000] {logging_mixin.py:137} INFO - [2023-04-02T10:47:52.636+0000] {dag.py:3456} INFO - Setting next_dagrun for example_local_kubernetes_executor to None, run_after=None
[2023-04-02T10:47:52.668+0000] {processor.py:175} INFO - Processing /home/airflow/.local/lib/python3.7/site-packages/airflow/example_dags/example_local_kubernetes_executor.py took 0.172 seconds
[2023-04-02T10:48:22.761+0000] {processor.py:153} INFO - Started process (PID=6909) to work on /home/airflow/.local/lib/python3.7/site-packages/airflow/example_dags/example_local_kubernetes_executor.py
[2023-04-02T10:48:22.764+0000] {processor.py:743} INFO - Processing file /home/airflow/.local/lib/python3.7/site-packages/airflow/example_dags/example_local_kubernetes_executor.py for tasks to queue
[2023-04-02T10:48:22.766+0000] {logging_mixin.py:137} INFO - [2023-04-02T10:48:22.766+0000] {dagbag.py:532} INFO - Filling up the DagBag from /home/airflow/.local/lib/python3.7/site-packages/airflow/example_dags/example_local_kubernetes_executor.py
[2023-04-02T10:48:22.808+0000] {processor.py:753} INFO - DAG(s) dict_keys(['example_local_kubernetes_executor']) retrieved from /home/airflow/.local/lib/python3.7/site-packages/airflow/example_dags/example_local_kubernetes_executor.py
[2023-04-02T10:48:22.858+0000] {logging_mixin.py:137} INFO - [2023-04-02T10:48:22.858+0000] {dag.py:2705} INFO - Sync 1 DAGs
[2023-04-02T10:48:22.904+0000] {logging_mixin.py:137} INFO - [2023-04-02T10:48:22.904+0000] {dag.py:3456} INFO - Setting next_dagrun for example_local_kubernetes_executor to None, run_after=None
[2023-04-02T10:48:22.927+0000] {processor.py:175} INFO - Processing /home/airflow/.local/lib/python3.7/site-packages/airflow/example_dags/example_local_kubernetes_executor.py took 0.172 seconds
[2023-04-02T10:48:53.355+0000] {processor.py:153} INFO - Started process (PID=7117) to work on /home/airflow/.local/lib/python3.7/site-packages/airflow/example_dags/example_local_kubernetes_executor.py
[2023-04-02T10:48:53.357+0000] {processor.py:743} INFO - Processing file /home/airflow/.local/lib/python3.7/site-packages/airflow/example_dags/example_local_kubernetes_executor.py for tasks to queue
[2023-04-02T10:48:53.366+0000] {logging_mixin.py:137} INFO - [2023-04-02T10:48:53.365+0000] {dagbag.py:532} INFO - Filling up the DagBag from /home/airflow/.local/lib/python3.7/site-packages/airflow/example_dags/example_local_kubernetes_executor.py
[2023-04-02T10:48:53.438+0000] {processor.py:753} INFO - DAG(s) dict_keys(['example_local_kubernetes_executor']) retrieved from /home/airflow/.local/lib/python3.7/site-packages/airflow/example_dags/example_local_kubernetes_executor.py
[2023-04-02T10:48:53.509+0000] {logging_mixin.py:137} INFO - [2023-04-02T10:48:53.509+0000] {dag.py:2705} INFO - Sync 1 DAGs
[2023-04-02T10:48:53.628+0000] {logging_mixin.py:137} INFO - [2023-04-02T10:48:53.628+0000] {dag.py:3456} INFO - Setting next_dagrun for example_local_kubernetes_executor to None, run_after=None
[2023-04-02T10:48:53.702+0000] {processor.py:175} INFO - Processing /home/airflow/.local/lib/python3.7/site-packages/airflow/example_dags/example_local_kubernetes_executor.py took 0.355 seconds
[2023-04-02T10:49:24.402+0000] {processor.py:153} INFO - Started process (PID=7335) to work on /home/airflow/.local/lib/python3.7/site-packages/airflow/example_dags/example_local_kubernetes_executor.py
[2023-04-02T10:49:24.406+0000] {processor.py:743} INFO - Processing file /home/airflow/.local/lib/python3.7/site-packages/airflow/example_dags/example_local_kubernetes_executor.py for tasks to queue
[2023-04-02T10:49:24.409+0000] {logging_mixin.py:137} INFO - [2023-04-02T10:49:24.408+0000] {dagbag.py:532} INFO - Filling up the DagBag from /home/airflow/.local/lib/python3.7/site-packages/airflow/example_dags/example_local_kubernetes_executor.py
[2023-04-02T10:49:24.466+0000] {processor.py:753} INFO - DAG(s) dict_keys(['example_local_kubernetes_executor']) retrieved from /home/airflow/.local/lib/python3.7/site-packages/airflow/example_dags/example_local_kubernetes_executor.py
[2023-04-02T10:49:24.531+0000] {logging_mixin.py:137} INFO - [2023-04-02T10:49:24.531+0000] {dag.py:2705} INFO - Sync 1 DAGs
[2023-04-02T10:49:24.590+0000] {logging_mixin.py:137} INFO - [2023-04-02T10:49:24.590+0000] {dag.py:3456} INFO - Setting next_dagrun for example_local_kubernetes_executor to None, run_after=None
[2023-04-02T10:49:24.630+0000] {processor.py:175} INFO - Processing /home/airflow/.local/lib/python3.7/site-packages/airflow/example_dags/example_local_kubernetes_executor.py took 0.237 seconds
[2023-04-02T10:49:54.718+0000] {processor.py:153} INFO - Started process (PID=7553) to work on /home/airflow/.local/lib/python3.7/site-packages/airflow/example_dags/example_local_kubernetes_executor.py
[2023-04-02T10:49:54.720+0000] {processor.py:743} INFO - Processing file /home/airflow/.local/lib/python3.7/site-packages/airflow/example_dags/example_local_kubernetes_executor.py for tasks to queue
[2023-04-02T10:49:54.724+0000] {logging_mixin.py:137} INFO - [2023-04-02T10:49:54.721+0000] {dagbag.py:532} INFO - Filling up the DagBag from /home/airflow/.local/lib/python3.7/site-packages/airflow/example_dags/example_local_kubernetes_executor.py
[2023-04-02T10:49:54.771+0000] {processor.py:753} INFO - DAG(s) dict_keys(['example_local_kubernetes_executor']) retrieved from /home/airflow/.local/lib/python3.7/site-packages/airflow/example_dags/example_local_kubernetes_executor.py
[2023-04-02T10:49:54.819+0000] {logging_mixin.py:137} INFO - [2023-04-02T10:49:54.819+0000] {dag.py:2705} INFO - Sync 1 DAGs
[2023-04-02T10:49:54.873+0000] {logging_mixin.py:137} INFO - [2023-04-02T10:49:54.873+0000] {dag.py:3456} INFO - Setting next_dagrun for example_local_kubernetes_executor to None, run_after=None
[2023-04-02T10:49:54.903+0000] {processor.py:175} INFO - Processing /home/airflow/.local/lib/python3.7/site-packages/airflow/example_dags/example_local_kubernetes_executor.py took 0.192 seconds
[2023-04-02T10:50:25.265+0000] {processor.py:153} INFO - Started process (PID=7771) to work on /home/airflow/.local/lib/python3.7/site-packages/airflow/example_dags/example_local_kubernetes_executor.py
[2023-04-02T10:50:25.267+0000] {processor.py:743} INFO - Processing file /home/airflow/.local/lib/python3.7/site-packages/airflow/example_dags/example_local_kubernetes_executor.py for tasks to queue
[2023-04-02T10:50:25.269+0000] {logging_mixin.py:137} INFO - [2023-04-02T10:50:25.269+0000] {dagbag.py:532} INFO - Filling up the DagBag from /home/airflow/.local/lib/python3.7/site-packages/airflow/example_dags/example_local_kubernetes_executor.py
[2023-04-02T10:50:25.310+0000] {processor.py:753} INFO - DAG(s) dict_keys(['example_local_kubernetes_executor']) retrieved from /home/airflow/.local/lib/python3.7/site-packages/airflow/example_dags/example_local_kubernetes_executor.py
[2023-04-02T10:50:25.363+0000] {logging_mixin.py:137} INFO - [2023-04-02T10:50:25.363+0000] {dag.py:2705} INFO - Sync 1 DAGs
[2023-04-02T10:50:25.446+0000] {logging_mixin.py:137} INFO - [2023-04-02T10:50:25.446+0000] {dag.py:3456} INFO - Setting next_dagrun for example_local_kubernetes_executor to None, run_after=None
[2023-04-02T10:50:25.487+0000] {processor.py:175} INFO - Processing /home/airflow/.local/lib/python3.7/site-packages/airflow/example_dags/example_local_kubernetes_executor.py took 0.228 seconds
[2023-04-02T10:50:55.816+0000] {processor.py:153} INFO - Started process (PID=7988) to work on /home/airflow/.local/lib/python3.7/site-packages/airflow/example_dags/example_local_kubernetes_executor.py
[2023-04-02T10:50:55.822+0000] {processor.py:743} INFO - Processing file /home/airflow/.local/lib/python3.7/site-packages/airflow/example_dags/example_local_kubernetes_executor.py for tasks to queue
[2023-04-02T10:50:55.825+0000] {logging_mixin.py:137} INFO - [2023-04-02T10:50:55.825+0000] {dagbag.py:532} INFO - Filling up the DagBag from /home/airflow/.local/lib/python3.7/site-packages/airflow/example_dags/example_local_kubernetes_executor.py
[2023-04-02T10:50:55.917+0000] {processor.py:753} INFO - DAG(s) dict_keys(['example_local_kubernetes_executor']) retrieved from /home/airflow/.local/lib/python3.7/site-packages/airflow/example_dags/example_local_kubernetes_executor.py
[2023-04-02T10:50:55.970+0000] {logging_mixin.py:137} INFO - [2023-04-02T10:50:55.969+0000] {dag.py:2705} INFO - Sync 1 DAGs
[2023-04-02T10:50:56.005+0000] {logging_mixin.py:137} INFO - [2023-04-02T10:50:56.005+0000] {dag.py:3456} INFO - Setting next_dagrun for example_local_kubernetes_executor to None, run_after=None
[2023-04-02T10:50:56.031+0000] {processor.py:175} INFO - Processing /home/airflow/.local/lib/python3.7/site-packages/airflow/example_dags/example_local_kubernetes_executor.py took 0.223 seconds
[2023-04-02T10:51:26.420+0000] {processor.py:153} INFO - Started process (PID=8206) to work on /home/airflow/.local/lib/python3.7/site-packages/airflow/example_dags/example_local_kubernetes_executor.py
[2023-04-02T10:51:26.423+0000] {processor.py:743} INFO - Processing file /home/airflow/.local/lib/python3.7/site-packages/airflow/example_dags/example_local_kubernetes_executor.py for tasks to queue
[2023-04-02T10:51:26.425+0000] {logging_mixin.py:137} INFO - [2023-04-02T10:51:26.425+0000] {dagbag.py:532} INFO - Filling up the DagBag from /home/airflow/.local/lib/python3.7/site-packages/airflow/example_dags/example_local_kubernetes_executor.py
[2023-04-02T10:51:26.469+0000] {processor.py:753} INFO - DAG(s) dict_keys(['example_local_kubernetes_executor']) retrieved from /home/airflow/.local/lib/python3.7/site-packages/airflow/example_dags/example_local_kubernetes_executor.py
[2023-04-02T10:51:26.548+0000] {logging_mixin.py:137} INFO - [2023-04-02T10:51:26.548+0000] {dag.py:2705} INFO - Sync 1 DAGs
[2023-04-02T10:51:26.609+0000] {logging_mixin.py:137} INFO - [2023-04-02T10:51:26.609+0000] {dag.py:3456} INFO - Setting next_dagrun for example_local_kubernetes_executor to None, run_after=None
[2023-04-02T10:51:26.649+0000] {processor.py:175} INFO - Processing /home/airflow/.local/lib/python3.7/site-packages/airflow/example_dags/example_local_kubernetes_executor.py took 0.235 seconds
[2023-04-02T10:51:56.821+0000] {processor.py:153} INFO - Started process (PID=8424) to work on /home/airflow/.local/lib/python3.7/site-packages/airflow/example_dags/example_local_kubernetes_executor.py
[2023-04-02T10:51:56.823+0000] {processor.py:743} INFO - Processing file /home/airflow/.local/lib/python3.7/site-packages/airflow/example_dags/example_local_kubernetes_executor.py for tasks to queue
[2023-04-02T10:51:56.826+0000] {logging_mixin.py:137} INFO - [2023-04-02T10:51:56.826+0000] {dagbag.py:532} INFO - Filling up the DagBag from /home/airflow/.local/lib/python3.7/site-packages/airflow/example_dags/example_local_kubernetes_executor.py
[2023-04-02T10:51:56.870+0000] {processor.py:753} INFO - DAG(s) dict_keys(['example_local_kubernetes_executor']) retrieved from /home/airflow/.local/lib/python3.7/site-packages/airflow/example_dags/example_local_kubernetes_executor.py
[2023-04-02T10:51:56.920+0000] {logging_mixin.py:137} INFO - [2023-04-02T10:51:56.920+0000] {dag.py:2705} INFO - Sync 1 DAGs
[2023-04-02T10:51:56.961+0000] {logging_mixin.py:137} INFO - [2023-04-02T10:51:56.961+0000] {dag.py:3456} INFO - Setting next_dagrun for example_local_kubernetes_executor to None, run_after=None
[2023-04-02T10:51:56.994+0000] {processor.py:175} INFO - Processing /home/airflow/.local/lib/python3.7/site-packages/airflow/example_dags/example_local_kubernetes_executor.py took 0.187 seconds
[2023-04-02T10:52:27.433+0000] {processor.py:153} INFO - Started process (PID=8642) to work on /home/airflow/.local/lib/python3.7/site-packages/airflow/example_dags/example_local_kubernetes_executor.py
[2023-04-02T10:52:27.435+0000] {processor.py:743} INFO - Processing file /home/airflow/.local/lib/python3.7/site-packages/airflow/example_dags/example_local_kubernetes_executor.py for tasks to queue
[2023-04-02T10:52:27.438+0000] {logging_mixin.py:137} INFO - [2023-04-02T10:52:27.438+0000] {dagbag.py:532} INFO - Filling up the DagBag from /home/airflow/.local/lib/python3.7/site-packages/airflow/example_dags/example_local_kubernetes_executor.py
[2023-04-02T10:52:27.517+0000] {processor.py:753} INFO - DAG(s) dict_keys(['example_local_kubernetes_executor']) retrieved from /home/airflow/.local/lib/python3.7/site-packages/airflow/example_dags/example_local_kubernetes_executor.py
[2023-04-02T10:52:27.565+0000] {logging_mixin.py:137} INFO - [2023-04-02T10:52:27.565+0000] {dag.py:2705} INFO - Sync 1 DAGs
[2023-04-02T10:52:27.613+0000] {logging_mixin.py:137} INFO - [2023-04-02T10:52:27.613+0000] {dag.py:3456} INFO - Setting next_dagrun for example_local_kubernetes_executor to None, run_after=None
[2023-04-02T10:52:27.665+0000] {processor.py:175} INFO - Processing /home/airflow/.local/lib/python3.7/site-packages/airflow/example_dags/example_local_kubernetes_executor.py took 0.239 seconds
[2023-04-02T10:52:58.453+0000] {processor.py:153} INFO - Started process (PID=8861) to work on /home/airflow/.local/lib/python3.7/site-packages/airflow/example_dags/example_local_kubernetes_executor.py
[2023-04-02T10:52:58.456+0000] {processor.py:743} INFO - Processing file /home/airflow/.local/lib/python3.7/site-packages/airflow/example_dags/example_local_kubernetes_executor.py for tasks to queue
[2023-04-02T10:52:58.459+0000] {logging_mixin.py:137} INFO - [2023-04-02T10:52:58.459+0000] {dagbag.py:532} INFO - Filling up the DagBag from /home/airflow/.local/lib/python3.7/site-packages/airflow/example_dags/example_local_kubernetes_executor.py
[2023-04-02T10:52:58.510+0000] {processor.py:753} INFO - DAG(s) dict_keys(['example_local_kubernetes_executor']) retrieved from /home/airflow/.local/lib/python3.7/site-packages/airflow/example_dags/example_local_kubernetes_executor.py
[2023-04-02T10:52:58.569+0000] {logging_mixin.py:137} INFO - [2023-04-02T10:52:58.569+0000] {dag.py:2705} INFO - Sync 1 DAGs
[2023-04-02T10:52:58.618+0000] {logging_mixin.py:137} INFO - [2023-04-02T10:52:58.617+0000] {dag.py:3456} INFO - Setting next_dagrun for example_local_kubernetes_executor to None, run_after=None
[2023-04-02T10:52:58.649+0000] {processor.py:175} INFO - Processing /home/airflow/.local/lib/python3.7/site-packages/airflow/example_dags/example_local_kubernetes_executor.py took 0.203 seconds
[2023-04-02T10:53:28.783+0000] {processor.py:153} INFO - Started process (PID=9079) to work on /home/airflow/.local/lib/python3.7/site-packages/airflow/example_dags/example_local_kubernetes_executor.py
[2023-04-02T10:53:28.785+0000] {processor.py:743} INFO - Processing file /home/airflow/.local/lib/python3.7/site-packages/airflow/example_dags/example_local_kubernetes_executor.py for tasks to queue
[2023-04-02T10:53:28.788+0000] {logging_mixin.py:137} INFO - [2023-04-02T10:53:28.788+0000] {dagbag.py:532} INFO - Filling up the DagBag from /home/airflow/.local/lib/python3.7/site-packages/airflow/example_dags/example_local_kubernetes_executor.py
[2023-04-02T10:53:28.835+0000] {processor.py:753} INFO - DAG(s) dict_keys(['example_local_kubernetes_executor']) retrieved from /home/airflow/.local/lib/python3.7/site-packages/airflow/example_dags/example_local_kubernetes_executor.py
[2023-04-02T10:53:28.886+0000] {logging_mixin.py:137} INFO - [2023-04-02T10:53:28.886+0000] {dag.py:2705} INFO - Sync 1 DAGs
[2023-04-02T10:53:28.936+0000] {logging_mixin.py:137} INFO - [2023-04-02T10:53:28.936+0000] {dag.py:3456} INFO - Setting next_dagrun for example_local_kubernetes_executor to None, run_after=None
[2023-04-02T10:53:28.966+0000] {processor.py:175} INFO - Processing /home/airflow/.local/lib/python3.7/site-packages/airflow/example_dags/example_local_kubernetes_executor.py took 0.187 seconds
[2023-04-02T10:53:59.434+0000] {processor.py:153} INFO - Started process (PID=9297) to work on /home/airflow/.local/lib/python3.7/site-packages/airflow/example_dags/example_local_kubernetes_executor.py
[2023-04-02T10:53:59.436+0000] {processor.py:743} INFO - Processing file /home/airflow/.local/lib/python3.7/site-packages/airflow/example_dags/example_local_kubernetes_executor.py for tasks to queue
[2023-04-02T10:53:59.439+0000] {logging_mixin.py:137} INFO - [2023-04-02T10:53:59.438+0000] {dagbag.py:532} INFO - Filling up the DagBag from /home/airflow/.local/lib/python3.7/site-packages/airflow/example_dags/example_local_kubernetes_executor.py
[2023-04-02T10:53:59.486+0000] {processor.py:753} INFO - DAG(s) dict_keys(['example_local_kubernetes_executor']) retrieved from /home/airflow/.local/lib/python3.7/site-packages/airflow/example_dags/example_local_kubernetes_executor.py
[2023-04-02T10:53:59.543+0000] {logging_mixin.py:137} INFO - [2023-04-02T10:53:59.542+0000] {dag.py:2705} INFO - Sync 1 DAGs
[2023-04-02T10:53:59.594+0000] {logging_mixin.py:137} INFO - [2023-04-02T10:53:59.594+0000] {dag.py:3456} INFO - Setting next_dagrun for example_local_kubernetes_executor to None, run_after=None
[2023-04-02T10:53:59.633+0000] {processor.py:175} INFO - Processing /home/airflow/.local/lib/python3.7/site-packages/airflow/example_dags/example_local_kubernetes_executor.py took 0.209 seconds
[2023-04-02T10:54:29.947+0000] {processor.py:153} INFO - Started process (PID=9515) to work on /home/airflow/.local/lib/python3.7/site-packages/airflow/example_dags/example_local_kubernetes_executor.py
[2023-04-02T10:54:29.948+0000] {processor.py:743} INFO - Processing file /home/airflow/.local/lib/python3.7/site-packages/airflow/example_dags/example_local_kubernetes_executor.py for tasks to queue
[2023-04-02T10:54:29.951+0000] {logging_mixin.py:137} INFO - [2023-04-02T10:54:29.951+0000] {dagbag.py:532} INFO - Filling up the DagBag from /home/airflow/.local/lib/python3.7/site-packages/airflow/example_dags/example_local_kubernetes_executor.py
[2023-04-02T10:54:30.004+0000] {processor.py:753} INFO - DAG(s) dict_keys(['example_local_kubernetes_executor']) retrieved from /home/airflow/.local/lib/python3.7/site-packages/airflow/example_dags/example_local_kubernetes_executor.py
[2023-04-02T10:54:30.069+0000] {logging_mixin.py:137} INFO - [2023-04-02T10:54:30.068+0000] {dag.py:2705} INFO - Sync 1 DAGs
[2023-04-02T10:54:30.123+0000] {logging_mixin.py:137} INFO - [2023-04-02T10:54:30.123+0000] {dag.py:3456} INFO - Setting next_dagrun for example_local_kubernetes_executor to None, run_after=None
[2023-04-02T10:54:30.171+0000] {processor.py:175} INFO - Processing /home/airflow/.local/lib/python3.7/site-packages/airflow/example_dags/example_local_kubernetes_executor.py took 0.233 seconds
[2023-04-02T10:55:00.294+0000] {processor.py:153} INFO - Started process (PID=9738) to work on /home/airflow/.local/lib/python3.7/site-packages/airflow/example_dags/example_local_kubernetes_executor.py
[2023-04-02T10:55:00.296+0000] {processor.py:743} INFO - Processing file /home/airflow/.local/lib/python3.7/site-packages/airflow/example_dags/example_local_kubernetes_executor.py for tasks to queue
[2023-04-02T10:55:00.298+0000] {logging_mixin.py:137} INFO - [2023-04-02T10:55:00.298+0000] {dagbag.py:532} INFO - Filling up the DagBag from /home/airflow/.local/lib/python3.7/site-packages/airflow/example_dags/example_local_kubernetes_executor.py
[2023-04-02T10:55:00.335+0000] {processor.py:753} INFO - DAG(s) dict_keys(['example_local_kubernetes_executor']) retrieved from /home/airflow/.local/lib/python3.7/site-packages/airflow/example_dags/example_local_kubernetes_executor.py
[2023-04-02T10:55:00.389+0000] {logging_mixin.py:137} INFO - [2023-04-02T10:55:00.388+0000] {dag.py:2705} INFO - Sync 1 DAGs
[2023-04-02T10:55:00.448+0000] {logging_mixin.py:137} INFO - [2023-04-02T10:55:00.448+0000] {dag.py:3456} INFO - Setting next_dagrun for example_local_kubernetes_executor to None, run_after=None
[2023-04-02T10:55:00.488+0000] {processor.py:175} INFO - Processing /home/airflow/.local/lib/python3.7/site-packages/airflow/example_dags/example_local_kubernetes_executor.py took 0.201 seconds
[2023-04-02T10:55:30.918+0000] {processor.py:153} INFO - Started process (PID=9951) to work on /home/airflow/.local/lib/python3.7/site-packages/airflow/example_dags/example_local_kubernetes_executor.py
[2023-04-02T10:55:30.919+0000] {processor.py:743} INFO - Processing file /home/airflow/.local/lib/python3.7/site-packages/airflow/example_dags/example_local_kubernetes_executor.py for tasks to queue
[2023-04-02T10:55:30.921+0000] {logging_mixin.py:137} INFO - [2023-04-02T10:55:30.921+0000] {dagbag.py:532} INFO - Filling up the DagBag from /home/airflow/.local/lib/python3.7/site-packages/airflow/example_dags/example_local_kubernetes_executor.py
[2023-04-02T10:55:30.956+0000] {processor.py:753} INFO - DAG(s) dict_keys(['example_local_kubernetes_executor']) retrieved from /home/airflow/.local/lib/python3.7/site-packages/airflow/example_dags/example_local_kubernetes_executor.py
[2023-04-02T10:55:31.011+0000] {logging_mixin.py:137} INFO - [2023-04-02T10:55:31.011+0000] {dag.py:2705} INFO - Sync 1 DAGs
[2023-04-02T10:55:31.091+0000] {logging_mixin.py:137} INFO - [2023-04-02T10:55:31.091+0000] {dag.py:3456} INFO - Setting next_dagrun for example_local_kubernetes_executor to None, run_after=None
[2023-04-02T10:55:31.128+0000] {processor.py:175} INFO - Processing /home/airflow/.local/lib/python3.7/site-packages/airflow/example_dags/example_local_kubernetes_executor.py took 0.215 seconds
[2023-04-02T10:56:02.413+0000] {processor.py:153} INFO - Started process (PID=10169) to work on /home/airflow/.local/lib/python3.7/site-packages/airflow/example_dags/example_local_kubernetes_executor.py
[2023-04-02T10:56:02.416+0000] {processor.py:743} INFO - Processing file /home/airflow/.local/lib/python3.7/site-packages/airflow/example_dags/example_local_kubernetes_executor.py for tasks to queue
[2023-04-02T10:56:02.419+0000] {logging_mixin.py:137} INFO - [2023-04-02T10:56:02.419+0000] {dagbag.py:532} INFO - Filling up the DagBag from /home/airflow/.local/lib/python3.7/site-packages/airflow/example_dags/example_local_kubernetes_executor.py
[2023-04-02T10:56:02.491+0000] {processor.py:753} INFO - DAG(s) dict_keys(['example_local_kubernetes_executor']) retrieved from /home/airflow/.local/lib/python3.7/site-packages/airflow/example_dags/example_local_kubernetes_executor.py
[2023-04-02T10:56:02.554+0000] {logging_mixin.py:137} INFO - [2023-04-02T10:56:02.554+0000] {dag.py:2705} INFO - Sync 1 DAGs
[2023-04-02T10:56:02.622+0000] {logging_mixin.py:137} INFO - [2023-04-02T10:56:02.622+0000] {dag.py:3456} INFO - Setting next_dagrun for example_local_kubernetes_executor to None, run_after=None
[2023-04-02T10:56:02.671+0000] {processor.py:175} INFO - Processing /home/airflow/.local/lib/python3.7/site-packages/airflow/example_dags/example_local_kubernetes_executor.py took 0.264 seconds
[2023-04-02T10:56:33.376+0000] {processor.py:153} INFO - Started process (PID=10392) to work on /home/airflow/.local/lib/python3.7/site-packages/airflow/example_dags/example_local_kubernetes_executor.py
[2023-04-02T10:56:33.377+0000] {processor.py:743} INFO - Processing file /home/airflow/.local/lib/python3.7/site-packages/airflow/example_dags/example_local_kubernetes_executor.py for tasks to queue
[2023-04-02T10:56:33.383+0000] {logging_mixin.py:137} INFO - [2023-04-02T10:56:33.382+0000] {dagbag.py:532} INFO - Filling up the DagBag from /home/airflow/.local/lib/python3.7/site-packages/airflow/example_dags/example_local_kubernetes_executor.py
[2023-04-02T10:56:33.451+0000] {processor.py:753} INFO - DAG(s) dict_keys(['example_local_kubernetes_executor']) retrieved from /home/airflow/.local/lib/python3.7/site-packages/airflow/example_dags/example_local_kubernetes_executor.py
[2023-04-02T10:56:33.530+0000] {logging_mixin.py:137} INFO - [2023-04-02T10:56:33.530+0000] {dag.py:2705} INFO - Sync 1 DAGs
[2023-04-02T10:56:33.622+0000] {logging_mixin.py:137} INFO - [2023-04-02T10:56:33.621+0000] {dag.py:3456} INFO - Setting next_dagrun for example_local_kubernetes_executor to None, run_after=None
[2023-04-02T10:56:33.664+0000] {processor.py:175} INFO - Processing /home/airflow/.local/lib/python3.7/site-packages/airflow/example_dags/example_local_kubernetes_executor.py took 0.300 seconds
[2023-04-02T10:57:03.721+0000] {processor.py:153} INFO - Started process (PID=10620) to work on /home/airflow/.local/lib/python3.7/site-packages/airflow/example_dags/example_local_kubernetes_executor.py
[2023-04-02T10:57:03.722+0000] {processor.py:743} INFO - Processing file /home/airflow/.local/lib/python3.7/site-packages/airflow/example_dags/example_local_kubernetes_executor.py for tasks to queue
[2023-04-02T10:57:03.724+0000] {logging_mixin.py:137} INFO - [2023-04-02T10:57:03.724+0000] {dagbag.py:532} INFO - Filling up the DagBag from /home/airflow/.local/lib/python3.7/site-packages/airflow/example_dags/example_local_kubernetes_executor.py
[2023-04-02T10:57:03.762+0000] {processor.py:753} INFO - DAG(s) dict_keys(['example_local_kubernetes_executor']) retrieved from /home/airflow/.local/lib/python3.7/site-packages/airflow/example_dags/example_local_kubernetes_executor.py
[2023-04-02T10:57:03.805+0000] {logging_mixin.py:137} INFO - [2023-04-02T10:57:03.805+0000] {dag.py:2705} INFO - Sync 1 DAGs
[2023-04-02T10:57:03.836+0000] {logging_mixin.py:137} INFO - [2023-04-02T10:57:03.836+0000] {dag.py:3456} INFO - Setting next_dagrun for example_local_kubernetes_executor to None, run_after=None
[2023-04-02T10:57:03.865+0000] {processor.py:175} INFO - Processing /home/airflow/.local/lib/python3.7/site-packages/airflow/example_dags/example_local_kubernetes_executor.py took 0.149 seconds
[2023-04-02T10:57:35.046+0000] {processor.py:153} INFO - Started process (PID=10822) to work on /home/airflow/.local/lib/python3.7/site-packages/airflow/example_dags/example_local_kubernetes_executor.py
[2023-04-02T10:57:35.056+0000] {processor.py:743} INFO - Processing file /home/airflow/.local/lib/python3.7/site-packages/airflow/example_dags/example_local_kubernetes_executor.py for tasks to queue
[2023-04-02T10:57:35.059+0000] {logging_mixin.py:137} INFO - [2023-04-02T10:57:35.058+0000] {dagbag.py:532} INFO - Filling up the DagBag from /home/airflow/.local/lib/python3.7/site-packages/airflow/example_dags/example_local_kubernetes_executor.py
[2023-04-02T10:57:35.155+0000] {processor.py:753} INFO - DAG(s) dict_keys(['example_local_kubernetes_executor']) retrieved from /home/airflow/.local/lib/python3.7/site-packages/airflow/example_dags/example_local_kubernetes_executor.py
[2023-04-02T10:57:35.257+0000] {logging_mixin.py:137} INFO - [2023-04-02T10:57:35.257+0000] {dag.py:2705} INFO - Sync 1 DAGs
[2023-04-02T10:57:35.350+0000] {logging_mixin.py:137} INFO - [2023-04-02T10:57:35.349+0000] {dag.py:3456} INFO - Setting next_dagrun for example_local_kubernetes_executor to None, run_after=None
[2023-04-02T10:57:35.414+0000] {processor.py:175} INFO - Processing /home/airflow/.local/lib/python3.7/site-packages/airflow/example_dags/example_local_kubernetes_executor.py took 0.373 seconds
[2023-04-02T10:58:05.649+0000] {processor.py:153} INFO - Started process (PID=11041) to work on /home/airflow/.local/lib/python3.7/site-packages/airflow/example_dags/example_local_kubernetes_executor.py
[2023-04-02T10:58:05.651+0000] {processor.py:743} INFO - Processing file /home/airflow/.local/lib/python3.7/site-packages/airflow/example_dags/example_local_kubernetes_executor.py for tasks to queue
[2023-04-02T10:58:05.656+0000] {logging_mixin.py:137} INFO - [2023-04-02T10:58:05.655+0000] {dagbag.py:532} INFO - Filling up the DagBag from /home/airflow/.local/lib/python3.7/site-packages/airflow/example_dags/example_local_kubernetes_executor.py
[2023-04-02T10:58:05.704+0000] {processor.py:753} INFO - DAG(s) dict_keys(['example_local_kubernetes_executor']) retrieved from /home/airflow/.local/lib/python3.7/site-packages/airflow/example_dags/example_local_kubernetes_executor.py
[2023-04-02T10:58:05.761+0000] {logging_mixin.py:137} INFO - [2023-04-02T10:58:05.761+0000] {dag.py:2705} INFO - Sync 1 DAGs
[2023-04-02T10:58:05.804+0000] {logging_mixin.py:137} INFO - [2023-04-02T10:58:05.804+0000] {dag.py:3456} INFO - Setting next_dagrun for example_local_kubernetes_executor to None, run_after=None
[2023-04-02T10:58:05.837+0000] {processor.py:175} INFO - Processing /home/airflow/.local/lib/python3.7/site-packages/airflow/example_dags/example_local_kubernetes_executor.py took 0.200 seconds
[2023-04-02T10:58:36.160+0000] {processor.py:153} INFO - Started process (PID=11261) to work on /home/airflow/.local/lib/python3.7/site-packages/airflow/example_dags/example_local_kubernetes_executor.py
[2023-04-02T10:58:36.161+0000] {processor.py:743} INFO - Processing file /home/airflow/.local/lib/python3.7/site-packages/airflow/example_dags/example_local_kubernetes_executor.py for tasks to queue
[2023-04-02T10:58:36.164+0000] {logging_mixin.py:137} INFO - [2023-04-02T10:58:36.163+0000] {dagbag.py:532} INFO - Filling up the DagBag from /home/airflow/.local/lib/python3.7/site-packages/airflow/example_dags/example_local_kubernetes_executor.py
[2023-04-02T10:58:36.221+0000] {processor.py:753} INFO - DAG(s) dict_keys(['example_local_kubernetes_executor']) retrieved from /home/airflow/.local/lib/python3.7/site-packages/airflow/example_dags/example_local_kubernetes_executor.py
[2023-04-02T10:58:36.276+0000] {logging_mixin.py:137} INFO - [2023-04-02T10:58:36.275+0000] {dag.py:2705} INFO - Sync 1 DAGs
[2023-04-02T10:58:36.315+0000] {logging_mixin.py:137} INFO - [2023-04-02T10:58:36.315+0000] {dag.py:3456} INFO - Setting next_dagrun for example_local_kubernetes_executor to None, run_after=None
[2023-04-02T10:58:36.354+0000] {processor.py:175} INFO - Processing /home/airflow/.local/lib/python3.7/site-packages/airflow/example_dags/example_local_kubernetes_executor.py took 0.198 seconds
[2023-04-02T10:59:06.644+0000] {processor.py:153} INFO - Started process (PID=11482) to work on /home/airflow/.local/lib/python3.7/site-packages/airflow/example_dags/example_local_kubernetes_executor.py
[2023-04-02T10:59:06.646+0000] {processor.py:743} INFO - Processing file /home/airflow/.local/lib/python3.7/site-packages/airflow/example_dags/example_local_kubernetes_executor.py for tasks to queue
[2023-04-02T10:59:06.650+0000] {logging_mixin.py:137} INFO - [2023-04-02T10:59:06.649+0000] {dagbag.py:532} INFO - Filling up the DagBag from /home/airflow/.local/lib/python3.7/site-packages/airflow/example_dags/example_local_kubernetes_executor.py
[2023-04-02T10:59:06.693+0000] {processor.py:753} INFO - DAG(s) dict_keys(['example_local_kubernetes_executor']) retrieved from /home/airflow/.local/lib/python3.7/site-packages/airflow/example_dags/example_local_kubernetes_executor.py
[2023-04-02T10:59:06.741+0000] {logging_mixin.py:137} INFO - [2023-04-02T10:59:06.741+0000] {dag.py:2705} INFO - Sync 1 DAGs
[2023-04-02T10:59:06.787+0000] {logging_mixin.py:137} INFO - [2023-04-02T10:59:06.787+0000] {dag.py:3456} INFO - Setting next_dagrun for example_local_kubernetes_executor to None, run_after=None
[2023-04-02T10:59:06.844+0000] {processor.py:175} INFO - Processing /home/airflow/.local/lib/python3.7/site-packages/airflow/example_dags/example_local_kubernetes_executor.py took 0.207 seconds
[2023-04-02T10:59:38.169+0000] {processor.py:153} INFO - Started process (PID=11695) to work on /home/airflow/.local/lib/python3.7/site-packages/airflow/example_dags/example_local_kubernetes_executor.py
[2023-04-02T10:59:38.172+0000] {processor.py:743} INFO - Processing file /home/airflow/.local/lib/python3.7/site-packages/airflow/example_dags/example_local_kubernetes_executor.py for tasks to queue
[2023-04-02T10:59:38.177+0000] {logging_mixin.py:137} INFO - [2023-04-02T10:59:38.176+0000] {dagbag.py:532} INFO - Filling up the DagBag from /home/airflow/.local/lib/python3.7/site-packages/airflow/example_dags/example_local_kubernetes_executor.py
[2023-04-02T10:59:38.235+0000] {processor.py:753} INFO - DAG(s) dict_keys(['example_local_kubernetes_executor']) retrieved from /home/airflow/.local/lib/python3.7/site-packages/airflow/example_dags/example_local_kubernetes_executor.py
[2023-04-02T10:59:38.298+0000] {logging_mixin.py:137} INFO - [2023-04-02T10:59:38.298+0000] {dag.py:2705} INFO - Sync 1 DAGs
[2023-04-02T10:59:38.389+0000] {logging_mixin.py:137} INFO - [2023-04-02T10:59:38.388+0000] {dag.py:3456} INFO - Setting next_dagrun for example_local_kubernetes_executor to None, run_after=None
[2023-04-02T10:59:38.445+0000] {processor.py:175} INFO - Processing /home/airflow/.local/lib/python3.7/site-packages/airflow/example_dags/example_local_kubernetes_executor.py took 0.283 seconds
[2023-04-02T11:00:08.709+0000] {processor.py:153} INFO - Started process (PID=11915) to work on /home/airflow/.local/lib/python3.7/site-packages/airflow/example_dags/example_local_kubernetes_executor.py
[2023-04-02T11:00:08.711+0000] {processor.py:743} INFO - Processing file /home/airflow/.local/lib/python3.7/site-packages/airflow/example_dags/example_local_kubernetes_executor.py for tasks to queue
[2023-04-02T11:00:08.714+0000] {logging_mixin.py:137} INFO - [2023-04-02T11:00:08.714+0000] {dagbag.py:532} INFO - Filling up the DagBag from /home/airflow/.local/lib/python3.7/site-packages/airflow/example_dags/example_local_kubernetes_executor.py
[2023-04-02T11:00:08.765+0000] {processor.py:753} INFO - DAG(s) dict_keys(['example_local_kubernetes_executor']) retrieved from /home/airflow/.local/lib/python3.7/site-packages/airflow/example_dags/example_local_kubernetes_executor.py
[2023-04-02T11:00:08.810+0000] {logging_mixin.py:137} INFO - [2023-04-02T11:00:08.810+0000] {dag.py:2705} INFO - Sync 1 DAGs
[2023-04-02T11:00:08.864+0000] {logging_mixin.py:137} INFO - [2023-04-02T11:00:08.864+0000] {dag.py:3456} INFO - Setting next_dagrun for example_local_kubernetes_executor to None, run_after=None
[2023-04-02T11:00:08.901+0000] {processor.py:175} INFO - Processing /home/airflow/.local/lib/python3.7/site-packages/airflow/example_dags/example_local_kubernetes_executor.py took 0.197 seconds
[2023-04-02T11:00:38.964+0000] {processor.py:153} INFO - Started process (PID=12133) to work on /home/airflow/.local/lib/python3.7/site-packages/airflow/example_dags/example_local_kubernetes_executor.py
[2023-04-02T11:00:38.967+0000] {processor.py:743} INFO - Processing file /home/airflow/.local/lib/python3.7/site-packages/airflow/example_dags/example_local_kubernetes_executor.py for tasks to queue
[2023-04-02T11:00:38.970+0000] {logging_mixin.py:137} INFO - [2023-04-02T11:00:38.970+0000] {dagbag.py:532} INFO - Filling up the DagBag from /home/airflow/.local/lib/python3.7/site-packages/airflow/example_dags/example_local_kubernetes_executor.py
[2023-04-02T11:00:39.018+0000] {processor.py:753} INFO - DAG(s) dict_keys(['example_local_kubernetes_executor']) retrieved from /home/airflow/.local/lib/python3.7/site-packages/airflow/example_dags/example_local_kubernetes_executor.py
[2023-04-02T11:00:39.077+0000] {logging_mixin.py:137} INFO - [2023-04-02T11:00:39.072+0000] {dag.py:2705} INFO - Sync 1 DAGs
[2023-04-02T11:00:39.125+0000] {logging_mixin.py:137} INFO - [2023-04-02T11:00:39.125+0000] {dag.py:3456} INFO - Setting next_dagrun for example_local_kubernetes_executor to None, run_after=None
[2023-04-02T11:00:39.167+0000] {processor.py:175} INFO - Processing /home/airflow/.local/lib/python3.7/site-packages/airflow/example_dags/example_local_kubernetes_executor.py took 0.207 seconds
[2023-04-02T11:01:10.366+0000] {processor.py:153} INFO - Started process (PID=12349) to work on /home/airflow/.local/lib/python3.7/site-packages/airflow/example_dags/example_local_kubernetes_executor.py
[2023-04-02T11:01:10.390+0000] {processor.py:743} INFO - Processing file /home/airflow/.local/lib/python3.7/site-packages/airflow/example_dags/example_local_kubernetes_executor.py for tasks to queue
[2023-04-02T11:01:10.395+0000] {logging_mixin.py:137} INFO - [2023-04-02T11:01:10.395+0000] {dagbag.py:532} INFO - Filling up the DagBag from /home/airflow/.local/lib/python3.7/site-packages/airflow/example_dags/example_local_kubernetes_executor.py
[2023-04-02T11:01:10.512+0000] {processor.py:753} INFO - DAG(s) dict_keys(['example_local_kubernetes_executor']) retrieved from /home/airflow/.local/lib/python3.7/site-packages/airflow/example_dags/example_local_kubernetes_executor.py
[2023-04-02T11:01:10.622+0000] {logging_mixin.py:137} INFO - [2023-04-02T11:01:10.622+0000] {dag.py:2705} INFO - Sync 1 DAGs
[2023-04-02T11:01:10.699+0000] {logging_mixin.py:137} INFO - [2023-04-02T11:01:10.698+0000] {dag.py:3456} INFO - Setting next_dagrun for example_local_kubernetes_executor to None, run_after=None
[2023-04-02T11:01:10.764+0000] {processor.py:175} INFO - Processing /home/airflow/.local/lib/python3.7/site-packages/airflow/example_dags/example_local_kubernetes_executor.py took 0.415 seconds
[2023-04-02T11:01:40.926+0000] {processor.py:153} INFO - Started process (PID=12579) to work on /home/airflow/.local/lib/python3.7/site-packages/airflow/example_dags/example_local_kubernetes_executor.py
[2023-04-02T11:01:40.927+0000] {processor.py:743} INFO - Processing file /home/airflow/.local/lib/python3.7/site-packages/airflow/example_dags/example_local_kubernetes_executor.py for tasks to queue
[2023-04-02T11:01:40.930+0000] {logging_mixin.py:137} INFO - [2023-04-02T11:01:40.930+0000] {dagbag.py:532} INFO - Filling up the DagBag from /home/airflow/.local/lib/python3.7/site-packages/airflow/example_dags/example_local_kubernetes_executor.py
[2023-04-02T11:01:40.999+0000] {processor.py:753} INFO - DAG(s) dict_keys(['example_local_kubernetes_executor']) retrieved from /home/airflow/.local/lib/python3.7/site-packages/airflow/example_dags/example_local_kubernetes_executor.py
[2023-04-02T11:01:41.067+0000] {logging_mixin.py:137} INFO - [2023-04-02T11:01:41.067+0000] {dag.py:2705} INFO - Sync 1 DAGs
[2023-04-02T11:01:41.127+0000] {logging_mixin.py:137} INFO - [2023-04-02T11:01:41.127+0000] {dag.py:3456} INFO - Setting next_dagrun for example_local_kubernetes_executor to None, run_after=None
[2023-04-02T11:01:41.164+0000] {processor.py:175} INFO - Processing /home/airflow/.local/lib/python3.7/site-packages/airflow/example_dags/example_local_kubernetes_executor.py took 0.242 seconds
[2023-04-02T11:02:11.320+0000] {processor.py:153} INFO - Started process (PID=12802) to work on /home/airflow/.local/lib/python3.7/site-packages/airflow/example_dags/example_local_kubernetes_executor.py
[2023-04-02T11:02:11.321+0000] {processor.py:743} INFO - Processing file /home/airflow/.local/lib/python3.7/site-packages/airflow/example_dags/example_local_kubernetes_executor.py for tasks to queue
[2023-04-02T11:02:11.324+0000] {logging_mixin.py:137} INFO - [2023-04-02T11:02:11.324+0000] {dagbag.py:532} INFO - Filling up the DagBag from /home/airflow/.local/lib/python3.7/site-packages/airflow/example_dags/example_local_kubernetes_executor.py
[2023-04-02T11:02:11.372+0000] {processor.py:753} INFO - DAG(s) dict_keys(['example_local_kubernetes_executor']) retrieved from /home/airflow/.local/lib/python3.7/site-packages/airflow/example_dags/example_local_kubernetes_executor.py
[2023-04-02T11:02:11.425+0000] {logging_mixin.py:137} INFO - [2023-04-02T11:02:11.424+0000] {dag.py:2705} INFO - Sync 1 DAGs
[2023-04-02T11:02:11.461+0000] {logging_mixin.py:137} INFO - [2023-04-02T11:02:11.461+0000] {dag.py:3456} INFO - Setting next_dagrun for example_local_kubernetes_executor to None, run_after=None
[2023-04-02T11:02:11.492+0000] {processor.py:175} INFO - Processing /home/airflow/.local/lib/python3.7/site-packages/airflow/example_dags/example_local_kubernetes_executor.py took 0.183 seconds
[2023-04-02T11:02:42.177+0000] {processor.py:153} INFO - Started process (PID=13020) to work on /home/airflow/.local/lib/python3.7/site-packages/airflow/example_dags/example_local_kubernetes_executor.py
[2023-04-02T11:02:42.178+0000] {processor.py:743} INFO - Processing file /home/airflow/.local/lib/python3.7/site-packages/airflow/example_dags/example_local_kubernetes_executor.py for tasks to queue
[2023-04-02T11:02:42.182+0000] {logging_mixin.py:137} INFO - [2023-04-02T11:02:42.182+0000] {dagbag.py:532} INFO - Filling up the DagBag from /home/airflow/.local/lib/python3.7/site-packages/airflow/example_dags/example_local_kubernetes_executor.py
[2023-04-02T11:02:42.238+0000] {processor.py:753} INFO - DAG(s) dict_keys(['example_local_kubernetes_executor']) retrieved from /home/airflow/.local/lib/python3.7/site-packages/airflow/example_dags/example_local_kubernetes_executor.py
[2023-04-02T11:02:42.309+0000] {logging_mixin.py:137} INFO - [2023-04-02T11:02:42.309+0000] {dag.py:2705} INFO - Sync 1 DAGs
[2023-04-02T11:02:42.349+0000] {logging_mixin.py:137} INFO - [2023-04-02T11:02:42.349+0000] {dag.py:3456} INFO - Setting next_dagrun for example_local_kubernetes_executor to None, run_after=None
[2023-04-02T11:02:42.382+0000] {processor.py:175} INFO - Processing /home/airflow/.local/lib/python3.7/site-packages/airflow/example_dags/example_local_kubernetes_executor.py took 0.211 seconds
[2023-04-02T11:03:13.091+0000] {processor.py:153} INFO - Started process (PID=13238) to work on /home/airflow/.local/lib/python3.7/site-packages/airflow/example_dags/example_local_kubernetes_executor.py
[2023-04-02T11:03:13.097+0000] {processor.py:743} INFO - Processing file /home/airflow/.local/lib/python3.7/site-packages/airflow/example_dags/example_local_kubernetes_executor.py for tasks to queue
[2023-04-02T11:03:13.102+0000] {logging_mixin.py:137} INFO - [2023-04-02T11:03:13.101+0000] {dagbag.py:532} INFO - Filling up the DagBag from /home/airflow/.local/lib/python3.7/site-packages/airflow/example_dags/example_local_kubernetes_executor.py
[2023-04-02T11:03:13.181+0000] {processor.py:753} INFO - DAG(s) dict_keys(['example_local_kubernetes_executor']) retrieved from /home/airflow/.local/lib/python3.7/site-packages/airflow/example_dags/example_local_kubernetes_executor.py
[2023-04-02T11:03:13.288+0000] {logging_mixin.py:137} INFO - [2023-04-02T11:03:13.287+0000] {dag.py:2705} INFO - Sync 1 DAGs
[2023-04-02T11:03:13.367+0000] {logging_mixin.py:137} INFO - [2023-04-02T11:03:13.367+0000] {dag.py:3456} INFO - Setting next_dagrun for example_local_kubernetes_executor to None, run_after=None
[2023-04-02T11:03:13.437+0000] {processor.py:175} INFO - Processing /home/airflow/.local/lib/python3.7/site-packages/airflow/example_dags/example_local_kubernetes_executor.py took 0.355 seconds
[2023-04-02T11:03:45.265+0000] {processor.py:153} INFO - Started process (PID=13446) to work on /home/airflow/.local/lib/python3.7/site-packages/airflow/example_dags/example_local_kubernetes_executor.py
[2023-04-02T11:03:45.275+0000] {processor.py:743} INFO - Processing file /home/airflow/.local/lib/python3.7/site-packages/airflow/example_dags/example_local_kubernetes_executor.py for tasks to queue
[2023-04-02T11:03:45.278+0000] {logging_mixin.py:137} INFO - [2023-04-02T11:03:45.277+0000] {dagbag.py:532} INFO - Filling up the DagBag from /home/airflow/.local/lib/python3.7/site-packages/airflow/example_dags/example_local_kubernetes_executor.py
[2023-04-02T11:03:45.348+0000] {processor.py:753} INFO - DAG(s) dict_keys(['example_local_kubernetes_executor']) retrieved from /home/airflow/.local/lib/python3.7/site-packages/airflow/example_dags/example_local_kubernetes_executor.py
[2023-04-02T11:03:45.455+0000] {logging_mixin.py:137} INFO - [2023-04-02T11:03:45.454+0000] {dag.py:2705} INFO - Sync 1 DAGs
[2023-04-02T11:03:45.631+0000] {logging_mixin.py:137} INFO - [2023-04-02T11:03:45.629+0000] {dag.py:3456} INFO - Setting next_dagrun for example_local_kubernetes_executor to None, run_after=None
[2023-04-02T11:03:45.715+0000] {processor.py:175} INFO - Processing /home/airflow/.local/lib/python3.7/site-packages/airflow/example_dags/example_local_kubernetes_executor.py took 0.459 seconds
[2023-04-02T11:04:15.934+0000] {processor.py:153} INFO - Started process (PID=13666) to work on /home/airflow/.local/lib/python3.7/site-packages/airflow/example_dags/example_local_kubernetes_executor.py
[2023-04-02T11:04:15.936+0000] {processor.py:743} INFO - Processing file /home/airflow/.local/lib/python3.7/site-packages/airflow/example_dags/example_local_kubernetes_executor.py for tasks to queue
[2023-04-02T11:04:15.942+0000] {logging_mixin.py:137} INFO - [2023-04-02T11:04:15.942+0000] {dagbag.py:532} INFO - Filling up the DagBag from /home/airflow/.local/lib/python3.7/site-packages/airflow/example_dags/example_local_kubernetes_executor.py
[2023-04-02T11:04:16.001+0000] {processor.py:753} INFO - DAG(s) dict_keys(['example_local_kubernetes_executor']) retrieved from /home/airflow/.local/lib/python3.7/site-packages/airflow/example_dags/example_local_kubernetes_executor.py
[2023-04-02T11:04:16.078+0000] {logging_mixin.py:137} INFO - [2023-04-02T11:04:16.078+0000] {dag.py:2705} INFO - Sync 1 DAGs
[2023-04-02T11:04:16.138+0000] {logging_mixin.py:137} INFO - [2023-04-02T11:04:16.137+0000] {dag.py:3456} INFO - Setting next_dagrun for example_local_kubernetes_executor to None, run_after=None
[2023-04-02T11:04:16.195+0000] {processor.py:175} INFO - Processing /home/airflow/.local/lib/python3.7/site-packages/airflow/example_dags/example_local_kubernetes_executor.py took 0.268 seconds
[2023-04-02T11:04:46.464+0000] {processor.py:153} INFO - Started process (PID=13882) to work on /home/airflow/.local/lib/python3.7/site-packages/airflow/example_dags/example_local_kubernetes_executor.py
[2023-04-02T11:04:46.466+0000] {processor.py:743} INFO - Processing file /home/airflow/.local/lib/python3.7/site-packages/airflow/example_dags/example_local_kubernetes_executor.py for tasks to queue
[2023-04-02T11:04:46.470+0000] {logging_mixin.py:137} INFO - [2023-04-02T11:04:46.469+0000] {dagbag.py:532} INFO - Filling up the DagBag from /home/airflow/.local/lib/python3.7/site-packages/airflow/example_dags/example_local_kubernetes_executor.py
[2023-04-02T11:04:46.562+0000] {processor.py:753} INFO - DAG(s) dict_keys(['example_local_kubernetes_executor']) retrieved from /home/airflow/.local/lib/python3.7/site-packages/airflow/example_dags/example_local_kubernetes_executor.py
[2023-04-02T11:04:46.642+0000] {logging_mixin.py:137} INFO - [2023-04-02T11:04:46.642+0000] {dag.py:2705} INFO - Sync 1 DAGs
[2023-04-02T11:04:46.704+0000] {logging_mixin.py:137} INFO - [2023-04-02T11:04:46.704+0000] {dag.py:3456} INFO - Setting next_dagrun for example_local_kubernetes_executor to None, run_after=None
[2023-04-02T11:04:46.753+0000] {processor.py:175} INFO - Processing /home/airflow/.local/lib/python3.7/site-packages/airflow/example_dags/example_local_kubernetes_executor.py took 0.295 seconds
[2023-04-02T11:05:17.211+0000] {processor.py:153} INFO - Started process (PID=14100) to work on /home/airflow/.local/lib/python3.7/site-packages/airflow/example_dags/example_local_kubernetes_executor.py
[2023-04-02T11:05:17.213+0000] {processor.py:743} INFO - Processing file /home/airflow/.local/lib/python3.7/site-packages/airflow/example_dags/example_local_kubernetes_executor.py for tasks to queue
[2023-04-02T11:05:17.224+0000] {logging_mixin.py:137} INFO - [2023-04-02T11:05:17.223+0000] {dagbag.py:532} INFO - Filling up the DagBag from /home/airflow/.local/lib/python3.7/site-packages/airflow/example_dags/example_local_kubernetes_executor.py
[2023-04-02T11:05:17.298+0000] {processor.py:753} INFO - DAG(s) dict_keys(['example_local_kubernetes_executor']) retrieved from /home/airflow/.local/lib/python3.7/site-packages/airflow/example_dags/example_local_kubernetes_executor.py
[2023-04-02T11:05:17.357+0000] {logging_mixin.py:137} INFO - [2023-04-02T11:05:17.357+0000] {dag.py:2705} INFO - Sync 1 DAGs
[2023-04-02T11:05:17.427+0000] {logging_mixin.py:137} INFO - [2023-04-02T11:05:17.427+0000] {dag.py:3456} INFO - Setting next_dagrun for example_local_kubernetes_executor to None, run_after=None
[2023-04-02T11:05:17.488+0000] {processor.py:175} INFO - Processing /home/airflow/.local/lib/python3.7/site-packages/airflow/example_dags/example_local_kubernetes_executor.py took 0.286 seconds
[2023-04-02T11:05:48.009+0000] {processor.py:153} INFO - Started process (PID=14328) to work on /home/airflow/.local/lib/python3.7/site-packages/airflow/example_dags/example_local_kubernetes_executor.py
[2023-04-02T11:05:48.011+0000] {processor.py:743} INFO - Processing file /home/airflow/.local/lib/python3.7/site-packages/airflow/example_dags/example_local_kubernetes_executor.py for tasks to queue
[2023-04-02T11:05:48.013+0000] {logging_mixin.py:137} INFO - [2023-04-02T11:05:48.013+0000] {dagbag.py:532} INFO - Filling up the DagBag from /home/airflow/.local/lib/python3.7/site-packages/airflow/example_dags/example_local_kubernetes_executor.py
[2023-04-02T11:05:48.066+0000] {processor.py:753} INFO - DAG(s) dict_keys(['example_local_kubernetes_executor']) retrieved from /home/airflow/.local/lib/python3.7/site-packages/airflow/example_dags/example_local_kubernetes_executor.py
[2023-04-02T11:05:48.122+0000] {logging_mixin.py:137} INFO - [2023-04-02T11:05:48.122+0000] {dag.py:2705} INFO - Sync 1 DAGs
[2023-04-02T11:05:48.171+0000] {logging_mixin.py:137} INFO - [2023-04-02T11:05:48.171+0000] {dag.py:3456} INFO - Setting next_dagrun for example_local_kubernetes_executor to None, run_after=None
[2023-04-02T11:05:48.211+0000] {processor.py:175} INFO - Processing /home/airflow/.local/lib/python3.7/site-packages/airflow/example_dags/example_local_kubernetes_executor.py took 0.209 seconds
[2023-04-02T11:06:18.950+0000] {processor.py:153} INFO - Started process (PID=14551) to work on /home/airflow/.local/lib/python3.7/site-packages/airflow/example_dags/example_local_kubernetes_executor.py
[2023-04-02T11:06:18.953+0000] {processor.py:743} INFO - Processing file /home/airflow/.local/lib/python3.7/site-packages/airflow/example_dags/example_local_kubernetes_executor.py for tasks to queue
[2023-04-02T11:06:18.956+0000] {logging_mixin.py:137} INFO - [2023-04-02T11:06:18.956+0000] {dagbag.py:532} INFO - Filling up the DagBag from /home/airflow/.local/lib/python3.7/site-packages/airflow/example_dags/example_local_kubernetes_executor.py
[2023-04-02T11:06:18.999+0000] {processor.py:753} INFO - DAG(s) dict_keys(['example_local_kubernetes_executor']) retrieved from /home/airflow/.local/lib/python3.7/site-packages/airflow/example_dags/example_local_kubernetes_executor.py
[2023-04-02T11:06:19.046+0000] {logging_mixin.py:137} INFO - [2023-04-02T11:06:19.045+0000] {dag.py:2705} INFO - Sync 1 DAGs
[2023-04-02T11:06:19.114+0000] {logging_mixin.py:137} INFO - [2023-04-02T11:06:19.113+0000] {dag.py:3456} INFO - Setting next_dagrun for example_local_kubernetes_executor to None, run_after=None
[2023-04-02T11:06:19.143+0000] {processor.py:175} INFO - Processing /home/airflow/.local/lib/python3.7/site-packages/airflow/example_dags/example_local_kubernetes_executor.py took 0.203 seconds
[2023-04-02T11:06:49.838+0000] {processor.py:153} INFO - Started process (PID=14754) to work on /home/airflow/.local/lib/python3.7/site-packages/airflow/example_dags/example_local_kubernetes_executor.py
[2023-04-02T11:06:49.840+0000] {processor.py:743} INFO - Processing file /home/airflow/.local/lib/python3.7/site-packages/airflow/example_dags/example_local_kubernetes_executor.py for tasks to queue
[2023-04-02T11:06:49.843+0000] {logging_mixin.py:137} INFO - [2023-04-02T11:06:49.842+0000] {dagbag.py:532} INFO - Filling up the DagBag from /home/airflow/.local/lib/python3.7/site-packages/airflow/example_dags/example_local_kubernetes_executor.py
[2023-04-02T11:06:49.887+0000] {processor.py:753} INFO - DAG(s) dict_keys(['example_local_kubernetes_executor']) retrieved from /home/airflow/.local/lib/python3.7/site-packages/airflow/example_dags/example_local_kubernetes_executor.py
[2023-04-02T11:06:49.965+0000] {logging_mixin.py:137} INFO - [2023-04-02T11:06:49.965+0000] {dag.py:2705} INFO - Sync 1 DAGs
[2023-04-02T11:06:50.034+0000] {logging_mixin.py:137} INFO - [2023-04-02T11:06:50.034+0000] {dag.py:3456} INFO - Setting next_dagrun for example_local_kubernetes_executor to None, run_after=None
[2023-04-02T11:06:50.072+0000] {processor.py:175} INFO - Processing /home/airflow/.local/lib/python3.7/site-packages/airflow/example_dags/example_local_kubernetes_executor.py took 0.238 seconds
