[2023-04-02T10:32:45.064+0000] {processor.py:153} INFO - Started process (PID=175) to work on /home/airflow/.local/lib/python3.7/site-packages/airflow/example_dags/tutorial_taskflow_api.py
[2023-04-02T10:32:45.065+0000] {processor.py:743} INFO - Processing file /home/airflow/.local/lib/python3.7/site-packages/airflow/example_dags/tutorial_taskflow_api.py for tasks to queue
[2023-04-02T10:32:45.068+0000] {logging_mixin.py:137} INFO - [2023-04-02T10:32:45.068+0000] {dagbag.py:532} INFO - Filling up the DagBag from /home/airflow/.local/lib/python3.7/site-packages/airflow/example_dags/tutorial_taskflow_api.py
[2023-04-02T10:32:45.109+0000] {processor.py:753} INFO - DAG(s) dict_keys(['tutorial_taskflow_api']) retrieved from /home/airflow/.local/lib/python3.7/site-packages/airflow/example_dags/tutorial_taskflow_api.py
[2023-04-02T10:32:45.126+0000] {logging_mixin.py:137} INFO - [2023-04-02T10:32:45.126+0000] {dag.py:2705} INFO - Sync 1 DAGs
[2023-04-02T10:32:45.162+0000] {logging_mixin.py:137} INFO - [2023-04-02T10:32:45.162+0000] {dag.py:3456} INFO - Setting next_dagrun for tutorial_taskflow_api to None, run_after=None
[2023-04-02T10:32:45.193+0000] {processor.py:175} INFO - Processing /home/airflow/.local/lib/python3.7/site-packages/airflow/example_dags/tutorial_taskflow_api.py took 0.135 seconds
[2023-04-02T10:33:15.793+0000] {processor.py:153} INFO - Started process (PID=391) to work on /home/airflow/.local/lib/python3.7/site-packages/airflow/example_dags/tutorial_taskflow_api.py
[2023-04-02T10:33:15.798+0000] {processor.py:743} INFO - Processing file /home/airflow/.local/lib/python3.7/site-packages/airflow/example_dags/tutorial_taskflow_api.py for tasks to queue
[2023-04-02T10:33:15.801+0000] {logging_mixin.py:137} INFO - [2023-04-02T10:33:15.801+0000] {dagbag.py:532} INFO - Filling up the DagBag from /home/airflow/.local/lib/python3.7/site-packages/airflow/example_dags/tutorial_taskflow_api.py
[2023-04-02T10:33:15.864+0000] {processor.py:753} INFO - DAG(s) dict_keys(['tutorial_taskflow_api']) retrieved from /home/airflow/.local/lib/python3.7/site-packages/airflow/example_dags/tutorial_taskflow_api.py
[2023-04-02T10:33:15.930+0000] {logging_mixin.py:137} INFO - [2023-04-02T10:33:15.929+0000] {dag.py:2705} INFO - Sync 1 DAGs
[2023-04-02T10:33:16.110+0000] {logging_mixin.py:137} INFO - [2023-04-02T10:33:16.110+0000] {dag.py:3456} INFO - Setting next_dagrun for tutorial_taskflow_api to None, run_after=None
[2023-04-02T10:33:16.366+0000] {processor.py:175} INFO - Processing /home/airflow/.local/lib/python3.7/site-packages/airflow/example_dags/tutorial_taskflow_api.py took 0.579 seconds
[2023-04-02T10:33:46.816+0000] {processor.py:153} INFO - Started process (PID=612) to work on /home/airflow/.local/lib/python3.7/site-packages/airflow/example_dags/tutorial_taskflow_api.py
[2023-04-02T10:33:46.820+0000] {processor.py:743} INFO - Processing file /home/airflow/.local/lib/python3.7/site-packages/airflow/example_dags/tutorial_taskflow_api.py for tasks to queue
[2023-04-02T10:33:46.827+0000] {logging_mixin.py:137} INFO - [2023-04-02T10:33:46.826+0000] {dagbag.py:532} INFO - Filling up the DagBag from /home/airflow/.local/lib/python3.7/site-packages/airflow/example_dags/tutorial_taskflow_api.py
[2023-04-02T10:33:46.886+0000] {processor.py:753} INFO - DAG(s) dict_keys(['tutorial_taskflow_api']) retrieved from /home/airflow/.local/lib/python3.7/site-packages/airflow/example_dags/tutorial_taskflow_api.py
[2023-04-02T10:33:46.979+0000] {logging_mixin.py:137} INFO - [2023-04-02T10:33:46.978+0000] {dag.py:2705} INFO - Sync 1 DAGs
[2023-04-02T10:33:47.048+0000] {logging_mixin.py:137} INFO - [2023-04-02T10:33:47.048+0000] {dag.py:3456} INFO - Setting next_dagrun for tutorial_taskflow_api to None, run_after=None
[2023-04-02T10:33:47.133+0000] {processor.py:175} INFO - Processing /home/airflow/.local/lib/python3.7/site-packages/airflow/example_dags/tutorial_taskflow_api.py took 0.330 seconds
[2023-04-02T10:34:19.136+0000] {processor.py:153} INFO - Started process (PID=830) to work on /home/airflow/.local/lib/python3.7/site-packages/airflow/example_dags/tutorial_taskflow_api.py
[2023-04-02T10:34:19.145+0000] {processor.py:743} INFO - Processing file /home/airflow/.local/lib/python3.7/site-packages/airflow/example_dags/tutorial_taskflow_api.py for tasks to queue
[2023-04-02T10:34:19.149+0000] {logging_mixin.py:137} INFO - [2023-04-02T10:34:19.149+0000] {dagbag.py:532} INFO - Filling up the DagBag from /home/airflow/.local/lib/python3.7/site-packages/airflow/example_dags/tutorial_taskflow_api.py
[2023-04-02T10:34:19.267+0000] {processor.py:753} INFO - DAG(s) dict_keys(['tutorial_taskflow_api']) retrieved from /home/airflow/.local/lib/python3.7/site-packages/airflow/example_dags/tutorial_taskflow_api.py
[2023-04-02T10:34:19.338+0000] {logging_mixin.py:137} INFO - [2023-04-02T10:34:19.337+0000] {dag.py:2705} INFO - Sync 1 DAGs
[2023-04-02T10:34:19.402+0000] {logging_mixin.py:137} INFO - [2023-04-02T10:34:19.402+0000] {dag.py:3456} INFO - Setting next_dagrun for tutorial_taskflow_api to None, run_after=None
[2023-04-02T10:34:19.470+0000] {processor.py:175} INFO - Processing /home/airflow/.local/lib/python3.7/site-packages/airflow/example_dags/tutorial_taskflow_api.py took 0.351 seconds
[2023-04-02T10:34:49.806+0000] {processor.py:153} INFO - Started process (PID=1049) to work on /home/airflow/.local/lib/python3.7/site-packages/airflow/example_dags/tutorial_taskflow_api.py
[2023-04-02T10:34:49.808+0000] {processor.py:743} INFO - Processing file /home/airflow/.local/lib/python3.7/site-packages/airflow/example_dags/tutorial_taskflow_api.py for tasks to queue
[2023-04-02T10:34:49.810+0000] {logging_mixin.py:137} INFO - [2023-04-02T10:34:49.809+0000] {dagbag.py:532} INFO - Filling up the DagBag from /home/airflow/.local/lib/python3.7/site-packages/airflow/example_dags/tutorial_taskflow_api.py
[2023-04-02T10:34:49.845+0000] {processor.py:753} INFO - DAG(s) dict_keys(['tutorial_taskflow_api']) retrieved from /home/airflow/.local/lib/python3.7/site-packages/airflow/example_dags/tutorial_taskflow_api.py
[2023-04-02T10:34:49.877+0000] {logging_mixin.py:137} INFO - [2023-04-02T10:34:49.877+0000] {dag.py:2705} INFO - Sync 1 DAGs
[2023-04-02T10:34:49.913+0000] {logging_mixin.py:137} INFO - [2023-04-02T10:34:49.913+0000] {dag.py:3456} INFO - Setting next_dagrun for tutorial_taskflow_api to None, run_after=None
[2023-04-02T10:34:49.956+0000] {processor.py:175} INFO - Processing /home/airflow/.local/lib/python3.7/site-packages/airflow/example_dags/tutorial_taskflow_api.py took 0.154 seconds
[2023-04-02T10:35:20.284+0000] {processor.py:153} INFO - Started process (PID=1266) to work on /home/airflow/.local/lib/python3.7/site-packages/airflow/example_dags/tutorial_taskflow_api.py
[2023-04-02T10:35:20.286+0000] {processor.py:743} INFO - Processing file /home/airflow/.local/lib/python3.7/site-packages/airflow/example_dags/tutorial_taskflow_api.py for tasks to queue
[2023-04-02T10:35:20.288+0000] {logging_mixin.py:137} INFO - [2023-04-02T10:35:20.288+0000] {dagbag.py:532} INFO - Filling up the DagBag from /home/airflow/.local/lib/python3.7/site-packages/airflow/example_dags/tutorial_taskflow_api.py
[2023-04-02T10:35:20.316+0000] {processor.py:753} INFO - DAG(s) dict_keys(['tutorial_taskflow_api']) retrieved from /home/airflow/.local/lib/python3.7/site-packages/airflow/example_dags/tutorial_taskflow_api.py
[2023-04-02T10:35:20.352+0000] {logging_mixin.py:137} INFO - [2023-04-02T10:35:20.351+0000] {dag.py:2705} INFO - Sync 1 DAGs
[2023-04-02T10:35:20.386+0000] {logging_mixin.py:137} INFO - [2023-04-02T10:35:20.386+0000] {dag.py:3456} INFO - Setting next_dagrun for tutorial_taskflow_api to None, run_after=None
[2023-04-02T10:35:20.421+0000] {processor.py:175} INFO - Processing /home/airflow/.local/lib/python3.7/site-packages/airflow/example_dags/tutorial_taskflow_api.py took 0.142 seconds
[2023-04-02T10:35:50.742+0000] {processor.py:153} INFO - Started process (PID=1483) to work on /home/airflow/.local/lib/python3.7/site-packages/airflow/example_dags/tutorial_taskflow_api.py
[2023-04-02T10:35:50.746+0000] {processor.py:743} INFO - Processing file /home/airflow/.local/lib/python3.7/site-packages/airflow/example_dags/tutorial_taskflow_api.py for tasks to queue
[2023-04-02T10:35:50.753+0000] {logging_mixin.py:137} INFO - [2023-04-02T10:35:50.752+0000] {dagbag.py:532} INFO - Filling up the DagBag from /home/airflow/.local/lib/python3.7/site-packages/airflow/example_dags/tutorial_taskflow_api.py
[2023-04-02T10:35:50.807+0000] {processor.py:753} INFO - DAG(s) dict_keys(['tutorial_taskflow_api']) retrieved from /home/airflow/.local/lib/python3.7/site-packages/airflow/example_dags/tutorial_taskflow_api.py
[2023-04-02T10:35:50.868+0000] {logging_mixin.py:137} INFO - [2023-04-02T10:35:50.868+0000] {dag.py:2705} INFO - Sync 1 DAGs
[2023-04-02T10:35:50.940+0000] {logging_mixin.py:137} INFO - [2023-04-02T10:35:50.940+0000] {dag.py:3456} INFO - Setting next_dagrun for tutorial_taskflow_api to None, run_after=None
[2023-04-02T10:35:51.025+0000] {processor.py:175} INFO - Processing /home/airflow/.local/lib/python3.7/site-packages/airflow/example_dags/tutorial_taskflow_api.py took 0.291 seconds
[2023-04-02T10:36:21.266+0000] {processor.py:153} INFO - Started process (PID=1703) to work on /home/airflow/.local/lib/python3.7/site-packages/airflow/example_dags/tutorial_taskflow_api.py
[2023-04-02T10:36:21.269+0000] {processor.py:743} INFO - Processing file /home/airflow/.local/lib/python3.7/site-packages/airflow/example_dags/tutorial_taskflow_api.py for tasks to queue
[2023-04-02T10:36:21.274+0000] {logging_mixin.py:137} INFO - [2023-04-02T10:36:21.274+0000] {dagbag.py:532} INFO - Filling up the DagBag from /home/airflow/.local/lib/python3.7/site-packages/airflow/example_dags/tutorial_taskflow_api.py
[2023-04-02T10:36:21.310+0000] {processor.py:753} INFO - DAG(s) dict_keys(['tutorial_taskflow_api']) retrieved from /home/airflow/.local/lib/python3.7/site-packages/airflow/example_dags/tutorial_taskflow_api.py
[2023-04-02T10:36:21.350+0000] {logging_mixin.py:137} INFO - [2023-04-02T10:36:21.350+0000] {dag.py:2705} INFO - Sync 1 DAGs
[2023-04-02T10:36:21.394+0000] {logging_mixin.py:137} INFO - [2023-04-02T10:36:21.394+0000] {dag.py:3456} INFO - Setting next_dagrun for tutorial_taskflow_api to None, run_after=None
[2023-04-02T10:36:21.427+0000] {processor.py:175} INFO - Processing /home/airflow/.local/lib/python3.7/site-packages/airflow/example_dags/tutorial_taskflow_api.py took 0.167 seconds
[2023-04-02T10:36:51.602+0000] {processor.py:153} INFO - Started process (PID=1921) to work on /home/airflow/.local/lib/python3.7/site-packages/airflow/example_dags/tutorial_taskflow_api.py
[2023-04-02T10:36:51.603+0000] {processor.py:743} INFO - Processing file /home/airflow/.local/lib/python3.7/site-packages/airflow/example_dags/tutorial_taskflow_api.py for tasks to queue
[2023-04-02T10:36:51.607+0000] {logging_mixin.py:137} INFO - [2023-04-02T10:36:51.606+0000] {dagbag.py:532} INFO - Filling up the DagBag from /home/airflow/.local/lib/python3.7/site-packages/airflow/example_dags/tutorial_taskflow_api.py
[2023-04-02T10:36:51.660+0000] {processor.py:753} INFO - DAG(s) dict_keys(['tutorial_taskflow_api']) retrieved from /home/airflow/.local/lib/python3.7/site-packages/airflow/example_dags/tutorial_taskflow_api.py
[2023-04-02T10:36:51.723+0000] {logging_mixin.py:137} INFO - [2023-04-02T10:36:51.723+0000] {dag.py:2705} INFO - Sync 1 DAGs
[2023-04-02T10:36:51.776+0000] {logging_mixin.py:137} INFO - [2023-04-02T10:36:51.776+0000] {dag.py:3456} INFO - Setting next_dagrun for tutorial_taskflow_api to None, run_after=None
[2023-04-02T10:36:51.828+0000] {processor.py:175} INFO - Processing /home/airflow/.local/lib/python3.7/site-packages/airflow/example_dags/tutorial_taskflow_api.py took 0.233 seconds
[2023-04-02T10:37:22.133+0000] {processor.py:153} INFO - Started process (PID=2139) to work on /home/airflow/.local/lib/python3.7/site-packages/airflow/example_dags/tutorial_taskflow_api.py
[2023-04-02T10:37:22.134+0000] {processor.py:743} INFO - Processing file /home/airflow/.local/lib/python3.7/site-packages/airflow/example_dags/tutorial_taskflow_api.py for tasks to queue
[2023-04-02T10:37:22.138+0000] {logging_mixin.py:137} INFO - [2023-04-02T10:37:22.138+0000] {dagbag.py:532} INFO - Filling up the DagBag from /home/airflow/.local/lib/python3.7/site-packages/airflow/example_dags/tutorial_taskflow_api.py
[2023-04-02T10:37:22.177+0000] {processor.py:753} INFO - DAG(s) dict_keys(['tutorial_taskflow_api']) retrieved from /home/airflow/.local/lib/python3.7/site-packages/airflow/example_dags/tutorial_taskflow_api.py
[2023-04-02T10:37:22.219+0000] {logging_mixin.py:137} INFO - [2023-04-02T10:37:22.218+0000] {dag.py:2705} INFO - Sync 1 DAGs
[2023-04-02T10:37:22.256+0000] {logging_mixin.py:137} INFO - [2023-04-02T10:37:22.256+0000] {dag.py:3456} INFO - Setting next_dagrun for tutorial_taskflow_api to None, run_after=None
[2023-04-02T10:37:22.286+0000] {processor.py:175} INFO - Processing /home/airflow/.local/lib/python3.7/site-packages/airflow/example_dags/tutorial_taskflow_api.py took 0.157 seconds
[2023-04-02T10:37:52.609+0000] {processor.py:153} INFO - Started process (PID=2357) to work on /home/airflow/.local/lib/python3.7/site-packages/airflow/example_dags/tutorial_taskflow_api.py
[2023-04-02T10:37:52.611+0000] {processor.py:743} INFO - Processing file /home/airflow/.local/lib/python3.7/site-packages/airflow/example_dags/tutorial_taskflow_api.py for tasks to queue
[2023-04-02T10:37:52.613+0000] {logging_mixin.py:137} INFO - [2023-04-02T10:37:52.613+0000] {dagbag.py:532} INFO - Filling up the DagBag from /home/airflow/.local/lib/python3.7/site-packages/airflow/example_dags/tutorial_taskflow_api.py
[2023-04-02T10:37:52.645+0000] {processor.py:753} INFO - DAG(s) dict_keys(['tutorial_taskflow_api']) retrieved from /home/airflow/.local/lib/python3.7/site-packages/airflow/example_dags/tutorial_taskflow_api.py
[2023-04-02T10:37:52.685+0000] {logging_mixin.py:137} INFO - [2023-04-02T10:37:52.685+0000] {dag.py:2705} INFO - Sync 1 DAGs
[2023-04-02T10:37:52.722+0000] {logging_mixin.py:137} INFO - [2023-04-02T10:37:52.722+0000] {dag.py:3456} INFO - Setting next_dagrun for tutorial_taskflow_api to None, run_after=None
[2023-04-02T10:37:52.752+0000] {processor.py:175} INFO - Processing /home/airflow/.local/lib/python3.7/site-packages/airflow/example_dags/tutorial_taskflow_api.py took 0.148 seconds
[2023-04-02T10:38:23.678+0000] {processor.py:153} INFO - Started process (PID=2573) to work on /home/airflow/.local/lib/python3.7/site-packages/airflow/example_dags/tutorial_taskflow_api.py
[2023-04-02T10:38:23.685+0000] {processor.py:743} INFO - Processing file /home/airflow/.local/lib/python3.7/site-packages/airflow/example_dags/tutorial_taskflow_api.py for tasks to queue
[2023-04-02T10:38:23.691+0000] {logging_mixin.py:137} INFO - [2023-04-02T10:38:23.691+0000] {dagbag.py:532} INFO - Filling up the DagBag from /home/airflow/.local/lib/python3.7/site-packages/airflow/example_dags/tutorial_taskflow_api.py
[2023-04-02T10:38:23.735+0000] {processor.py:753} INFO - DAG(s) dict_keys(['tutorial_taskflow_api']) retrieved from /home/airflow/.local/lib/python3.7/site-packages/airflow/example_dags/tutorial_taskflow_api.py
[2023-04-02T10:38:23.780+0000] {logging_mixin.py:137} INFO - [2023-04-02T10:38:23.780+0000] {dag.py:2705} INFO - Sync 1 DAGs
[2023-04-02T10:38:23.831+0000] {logging_mixin.py:137} INFO - [2023-04-02T10:38:23.830+0000] {dag.py:3456} INFO - Setting next_dagrun for tutorial_taskflow_api to None, run_after=None
[2023-04-02T10:38:23.877+0000] {processor.py:175} INFO - Processing /home/airflow/.local/lib/python3.7/site-packages/airflow/example_dags/tutorial_taskflow_api.py took 0.204 seconds
[2023-04-02T10:38:54.522+0000] {processor.py:153} INFO - Started process (PID=2793) to work on /home/airflow/.local/lib/python3.7/site-packages/airflow/example_dags/tutorial_taskflow_api.py
[2023-04-02T10:38:54.531+0000] {processor.py:743} INFO - Processing file /home/airflow/.local/lib/python3.7/site-packages/airflow/example_dags/tutorial_taskflow_api.py for tasks to queue
[2023-04-02T10:38:54.534+0000] {logging_mixin.py:137} INFO - [2023-04-02T10:38:54.534+0000] {dagbag.py:532} INFO - Filling up the DagBag from /home/airflow/.local/lib/python3.7/site-packages/airflow/example_dags/tutorial_taskflow_api.py
[2023-04-02T10:38:54.658+0000] {processor.py:753} INFO - DAG(s) dict_keys(['tutorial_taskflow_api']) retrieved from /home/airflow/.local/lib/python3.7/site-packages/airflow/example_dags/tutorial_taskflow_api.py
[2023-04-02T10:38:54.760+0000] {logging_mixin.py:137} INFO - [2023-04-02T10:38:54.760+0000] {dag.py:2705} INFO - Sync 1 DAGs
[2023-04-02T10:38:54.887+0000] {logging_mixin.py:137} INFO - [2023-04-02T10:38:54.886+0000] {dag.py:3456} INFO - Setting next_dagrun for tutorial_taskflow_api to None, run_after=None
[2023-04-02T10:38:54.937+0000] {processor.py:175} INFO - Processing /home/airflow/.local/lib/python3.7/site-packages/airflow/example_dags/tutorial_taskflow_api.py took 0.419 seconds
[2023-04-02T10:39:25.734+0000] {processor.py:153} INFO - Started process (PID=3011) to work on /home/airflow/.local/lib/python3.7/site-packages/airflow/example_dags/tutorial_taskflow_api.py
[2023-04-02T10:39:25.735+0000] {processor.py:743} INFO - Processing file /home/airflow/.local/lib/python3.7/site-packages/airflow/example_dags/tutorial_taskflow_api.py for tasks to queue
[2023-04-02T10:39:25.738+0000] {logging_mixin.py:137} INFO - [2023-04-02T10:39:25.738+0000] {dagbag.py:532} INFO - Filling up the DagBag from /home/airflow/.local/lib/python3.7/site-packages/airflow/example_dags/tutorial_taskflow_api.py
[2023-04-02T10:39:25.781+0000] {processor.py:753} INFO - DAG(s) dict_keys(['tutorial_taskflow_api']) retrieved from /home/airflow/.local/lib/python3.7/site-packages/airflow/example_dags/tutorial_taskflow_api.py
[2023-04-02T10:39:25.828+0000] {logging_mixin.py:137} INFO - [2023-04-02T10:39:25.828+0000] {dag.py:2705} INFO - Sync 1 DAGs
[2023-04-02T10:39:25.890+0000] {logging_mixin.py:137} INFO - [2023-04-02T10:39:25.890+0000] {dag.py:3456} INFO - Setting next_dagrun for tutorial_taskflow_api to None, run_after=None
[2023-04-02T10:39:25.934+0000] {processor.py:175} INFO - Processing /home/airflow/.local/lib/python3.7/site-packages/airflow/example_dags/tutorial_taskflow_api.py took 0.207 seconds
[2023-04-02T10:39:56.095+0000] {processor.py:153} INFO - Started process (PID=3229) to work on /home/airflow/.local/lib/python3.7/site-packages/airflow/example_dags/tutorial_taskflow_api.py
[2023-04-02T10:39:56.096+0000] {processor.py:743} INFO - Processing file /home/airflow/.local/lib/python3.7/site-packages/airflow/example_dags/tutorial_taskflow_api.py for tasks to queue
[2023-04-02T10:39:56.098+0000] {logging_mixin.py:137} INFO - [2023-04-02T10:39:56.097+0000] {dagbag.py:532} INFO - Filling up the DagBag from /home/airflow/.local/lib/python3.7/site-packages/airflow/example_dags/tutorial_taskflow_api.py
[2023-04-02T10:39:56.137+0000] {processor.py:753} INFO - DAG(s) dict_keys(['tutorial_taskflow_api']) retrieved from /home/airflow/.local/lib/python3.7/site-packages/airflow/example_dags/tutorial_taskflow_api.py
[2023-04-02T10:39:56.184+0000] {logging_mixin.py:137} INFO - [2023-04-02T10:39:56.184+0000] {dag.py:2705} INFO - Sync 1 DAGs
[2023-04-02T10:39:56.224+0000] {logging_mixin.py:137} INFO - [2023-04-02T10:39:56.224+0000] {dag.py:3456} INFO - Setting next_dagrun for tutorial_taskflow_api to None, run_after=None
[2023-04-02T10:39:56.268+0000] {processor.py:175} INFO - Processing /home/airflow/.local/lib/python3.7/site-packages/airflow/example_dags/tutorial_taskflow_api.py took 0.179 seconds
[2023-04-02T10:40:26.806+0000] {processor.py:153} INFO - Started process (PID=3447) to work on /home/airflow/.local/lib/python3.7/site-packages/airflow/example_dags/tutorial_taskflow_api.py
[2023-04-02T10:40:26.811+0000] {processor.py:743} INFO - Processing file /home/airflow/.local/lib/python3.7/site-packages/airflow/example_dags/tutorial_taskflow_api.py for tasks to queue
[2023-04-02T10:40:26.814+0000] {logging_mixin.py:137} INFO - [2023-04-02T10:40:26.813+0000] {dagbag.py:532} INFO - Filling up the DagBag from /home/airflow/.local/lib/python3.7/site-packages/airflow/example_dags/tutorial_taskflow_api.py
[2023-04-02T10:40:26.849+0000] {processor.py:753} INFO - DAG(s) dict_keys(['tutorial_taskflow_api']) retrieved from /home/airflow/.local/lib/python3.7/site-packages/airflow/example_dags/tutorial_taskflow_api.py
[2023-04-02T10:40:26.904+0000] {logging_mixin.py:137} INFO - [2023-04-02T10:40:26.904+0000] {dag.py:2705} INFO - Sync 1 DAGs
[2023-04-02T10:40:26.950+0000] {logging_mixin.py:137} INFO - [2023-04-02T10:40:26.949+0000] {dag.py:3456} INFO - Setting next_dagrun for tutorial_taskflow_api to None, run_after=None
[2023-04-02T10:40:27.005+0000] {processor.py:175} INFO - Processing /home/airflow/.local/lib/python3.7/site-packages/airflow/example_dags/tutorial_taskflow_api.py took 0.204 seconds
[2023-04-02T10:40:57.134+0000] {processor.py:153} INFO - Started process (PID=3663) to work on /home/airflow/.local/lib/python3.7/site-packages/airflow/example_dags/tutorial_taskflow_api.py
[2023-04-02T10:40:57.143+0000] {processor.py:743} INFO - Processing file /home/airflow/.local/lib/python3.7/site-packages/airflow/example_dags/tutorial_taskflow_api.py for tasks to queue
[2023-04-02T10:40:57.154+0000] {logging_mixin.py:137} INFO - [2023-04-02T10:40:57.146+0000] {dagbag.py:532} INFO - Filling up the DagBag from /home/airflow/.local/lib/python3.7/site-packages/airflow/example_dags/tutorial_taskflow_api.py
[2023-04-02T10:40:57.205+0000] {processor.py:753} INFO - DAG(s) dict_keys(['tutorial_taskflow_api']) retrieved from /home/airflow/.local/lib/python3.7/site-packages/airflow/example_dags/tutorial_taskflow_api.py
[2023-04-02T10:40:57.287+0000] {logging_mixin.py:137} INFO - [2023-04-02T10:40:57.287+0000] {dag.py:2705} INFO - Sync 1 DAGs
[2023-04-02T10:40:57.367+0000] {logging_mixin.py:137} INFO - [2023-04-02T10:40:57.367+0000] {dag.py:3456} INFO - Setting next_dagrun for tutorial_taskflow_api to None, run_after=None
[2023-04-02T10:40:57.413+0000] {processor.py:175} INFO - Processing /home/airflow/.local/lib/python3.7/site-packages/airflow/example_dags/tutorial_taskflow_api.py took 0.295 seconds
[2023-04-02T10:41:27.460+0000] {processor.py:153} INFO - Started process (PID=3878) to work on /home/airflow/.local/lib/python3.7/site-packages/airflow/example_dags/tutorial_taskflow_api.py
[2023-04-02T10:41:27.461+0000] {processor.py:743} INFO - Processing file /home/airflow/.local/lib/python3.7/site-packages/airflow/example_dags/tutorial_taskflow_api.py for tasks to queue
[2023-04-02T10:41:27.463+0000] {logging_mixin.py:137} INFO - [2023-04-02T10:41:27.462+0000] {dagbag.py:532} INFO - Filling up the DagBag from /home/airflow/.local/lib/python3.7/site-packages/airflow/example_dags/tutorial_taskflow_api.py
[2023-04-02T10:41:27.499+0000] {processor.py:753} INFO - DAG(s) dict_keys(['tutorial_taskflow_api']) retrieved from /home/airflow/.local/lib/python3.7/site-packages/airflow/example_dags/tutorial_taskflow_api.py
[2023-04-02T10:41:27.544+0000] {logging_mixin.py:137} INFO - [2023-04-02T10:41:27.544+0000] {dag.py:2705} INFO - Sync 1 DAGs
[2023-04-02T10:41:27.586+0000] {logging_mixin.py:137} INFO - [2023-04-02T10:41:27.586+0000] {dag.py:3456} INFO - Setting next_dagrun for tutorial_taskflow_api to None, run_after=None
[2023-04-02T10:41:27.648+0000] {processor.py:175} INFO - Processing /home/airflow/.local/lib/python3.7/site-packages/airflow/example_dags/tutorial_taskflow_api.py took 0.193 seconds
[2023-04-02T10:41:58.014+0000] {processor.py:153} INFO - Started process (PID=4099) to work on /home/airflow/.local/lib/python3.7/site-packages/airflow/example_dags/tutorial_taskflow_api.py
[2023-04-02T10:41:58.023+0000] {processor.py:743} INFO - Processing file /home/airflow/.local/lib/python3.7/site-packages/airflow/example_dags/tutorial_taskflow_api.py for tasks to queue
[2023-04-02T10:41:58.033+0000] {logging_mixin.py:137} INFO - [2023-04-02T10:41:58.033+0000] {dagbag.py:532} INFO - Filling up the DagBag from /home/airflow/.local/lib/python3.7/site-packages/airflow/example_dags/tutorial_taskflow_api.py
[2023-04-02T10:41:58.186+0000] {processor.py:753} INFO - DAG(s) dict_keys(['tutorial_taskflow_api']) retrieved from /home/airflow/.local/lib/python3.7/site-packages/airflow/example_dags/tutorial_taskflow_api.py
[2023-04-02T10:41:58.329+0000] {logging_mixin.py:137} INFO - [2023-04-02T10:41:58.329+0000] {dag.py:2705} INFO - Sync 1 DAGs
[2023-04-02T10:41:58.479+0000] {logging_mixin.py:137} INFO - [2023-04-02T10:41:58.479+0000] {dag.py:3456} INFO - Setting next_dagrun for tutorial_taskflow_api to None, run_after=None
[2023-04-02T10:41:58.553+0000] {processor.py:175} INFO - Processing /home/airflow/.local/lib/python3.7/site-packages/airflow/example_dags/tutorial_taskflow_api.py took 0.559 seconds
[2023-04-02T10:42:29.593+0000] {processor.py:153} INFO - Started process (PID=4320) to work on /home/airflow/.local/lib/python3.7/site-packages/airflow/example_dags/tutorial_taskflow_api.py
[2023-04-02T10:42:29.596+0000] {processor.py:743} INFO - Processing file /home/airflow/.local/lib/python3.7/site-packages/airflow/example_dags/tutorial_taskflow_api.py for tasks to queue
[2023-04-02T10:42:29.598+0000] {logging_mixin.py:137} INFO - [2023-04-02T10:42:29.598+0000] {dagbag.py:532} INFO - Filling up the DagBag from /home/airflow/.local/lib/python3.7/site-packages/airflow/example_dags/tutorial_taskflow_api.py
[2023-04-02T10:42:29.634+0000] {processor.py:753} INFO - DAG(s) dict_keys(['tutorial_taskflow_api']) retrieved from /home/airflow/.local/lib/python3.7/site-packages/airflow/example_dags/tutorial_taskflow_api.py
[2023-04-02T10:42:29.671+0000] {logging_mixin.py:137} INFO - [2023-04-02T10:42:29.671+0000] {dag.py:2705} INFO - Sync 1 DAGs
[2023-04-02T10:42:29.709+0000] {logging_mixin.py:137} INFO - [2023-04-02T10:42:29.709+0000] {dag.py:3456} INFO - Setting next_dagrun for tutorial_taskflow_api to None, run_after=None
[2023-04-02T10:42:29.749+0000] {processor.py:175} INFO - Processing /home/airflow/.local/lib/python3.7/site-packages/airflow/example_dags/tutorial_taskflow_api.py took 0.164 seconds
[2023-04-02T10:43:00.033+0000] {processor.py:153} INFO - Started process (PID=4538) to work on /home/airflow/.local/lib/python3.7/site-packages/airflow/example_dags/tutorial_taskflow_api.py
[2023-04-02T10:43:00.036+0000] {processor.py:743} INFO - Processing file /home/airflow/.local/lib/python3.7/site-packages/airflow/example_dags/tutorial_taskflow_api.py for tasks to queue
[2023-04-02T10:43:00.039+0000] {logging_mixin.py:137} INFO - [2023-04-02T10:43:00.038+0000] {dagbag.py:532} INFO - Filling up the DagBag from /home/airflow/.local/lib/python3.7/site-packages/airflow/example_dags/tutorial_taskflow_api.py
[2023-04-02T10:43:00.068+0000] {processor.py:753} INFO - DAG(s) dict_keys(['tutorial_taskflow_api']) retrieved from /home/airflow/.local/lib/python3.7/site-packages/airflow/example_dags/tutorial_taskflow_api.py
[2023-04-02T10:43:00.102+0000] {logging_mixin.py:137} INFO - [2023-04-02T10:43:00.101+0000] {dag.py:2705} INFO - Sync 1 DAGs
[2023-04-02T10:43:00.138+0000] {logging_mixin.py:137} INFO - [2023-04-02T10:43:00.138+0000] {dag.py:3456} INFO - Setting next_dagrun for tutorial_taskflow_api to None, run_after=None
[2023-04-02T10:43:00.170+0000] {processor.py:175} INFO - Processing /home/airflow/.local/lib/python3.7/site-packages/airflow/example_dags/tutorial_taskflow_api.py took 0.144 seconds
[2023-04-02T10:43:30.755+0000] {processor.py:153} INFO - Started process (PID=4756) to work on /home/airflow/.local/lib/python3.7/site-packages/airflow/example_dags/tutorial_taskflow_api.py
[2023-04-02T10:43:30.757+0000] {processor.py:743} INFO - Processing file /home/airflow/.local/lib/python3.7/site-packages/airflow/example_dags/tutorial_taskflow_api.py for tasks to queue
[2023-04-02T10:43:30.760+0000] {logging_mixin.py:137} INFO - [2023-04-02T10:43:30.760+0000] {dagbag.py:532} INFO - Filling up the DagBag from /home/airflow/.local/lib/python3.7/site-packages/airflow/example_dags/tutorial_taskflow_api.py
[2023-04-02T10:43:30.795+0000] {processor.py:753} INFO - DAG(s) dict_keys(['tutorial_taskflow_api']) retrieved from /home/airflow/.local/lib/python3.7/site-packages/airflow/example_dags/tutorial_taskflow_api.py
[2023-04-02T10:43:30.843+0000] {logging_mixin.py:137} INFO - [2023-04-02T10:43:30.842+0000] {dag.py:2705} INFO - Sync 1 DAGs
[2023-04-02T10:43:30.905+0000] {logging_mixin.py:137} INFO - [2023-04-02T10:43:30.905+0000] {dag.py:3456} INFO - Setting next_dagrun for tutorial_taskflow_api to None, run_after=None
[2023-04-02T10:43:30.963+0000] {processor.py:175} INFO - Processing /home/airflow/.local/lib/python3.7/site-packages/airflow/example_dags/tutorial_taskflow_api.py took 0.213 seconds
[2023-04-02T10:44:01.652+0000] {processor.py:153} INFO - Started process (PID=4974) to work on /home/airflow/.local/lib/python3.7/site-packages/airflow/example_dags/tutorial_taskflow_api.py
[2023-04-02T10:44:01.654+0000] {processor.py:743} INFO - Processing file /home/airflow/.local/lib/python3.7/site-packages/airflow/example_dags/tutorial_taskflow_api.py for tasks to queue
[2023-04-02T10:44:01.656+0000] {logging_mixin.py:137} INFO - [2023-04-02T10:44:01.656+0000] {dagbag.py:532} INFO - Filling up the DagBag from /home/airflow/.local/lib/python3.7/site-packages/airflow/example_dags/tutorial_taskflow_api.py
[2023-04-02T10:44:01.701+0000] {processor.py:753} INFO - DAG(s) dict_keys(['tutorial_taskflow_api']) retrieved from /home/airflow/.local/lib/python3.7/site-packages/airflow/example_dags/tutorial_taskflow_api.py
[2023-04-02T10:44:01.778+0000] {logging_mixin.py:137} INFO - [2023-04-02T10:44:01.778+0000] {dag.py:2705} INFO - Sync 1 DAGs
[2023-04-02T10:44:01.822+0000] {logging_mixin.py:137} INFO - [2023-04-02T10:44:01.822+0000] {dag.py:3456} INFO - Setting next_dagrun for tutorial_taskflow_api to None, run_after=None
[2023-04-02T10:44:01.855+0000] {processor.py:175} INFO - Processing /home/airflow/.local/lib/python3.7/site-packages/airflow/example_dags/tutorial_taskflow_api.py took 0.208 seconds
[2023-04-02T10:44:32.247+0000] {processor.py:153} INFO - Started process (PID=5190) to work on /home/airflow/.local/lib/python3.7/site-packages/airflow/example_dags/tutorial_taskflow_api.py
[2023-04-02T10:44:32.248+0000] {processor.py:743} INFO - Processing file /home/airflow/.local/lib/python3.7/site-packages/airflow/example_dags/tutorial_taskflow_api.py for tasks to queue
[2023-04-02T10:44:32.250+0000] {logging_mixin.py:137} INFO - [2023-04-02T10:44:32.250+0000] {dagbag.py:532} INFO - Filling up the DagBag from /home/airflow/.local/lib/python3.7/site-packages/airflow/example_dags/tutorial_taskflow_api.py
[2023-04-02T10:44:32.287+0000] {processor.py:753} INFO - DAG(s) dict_keys(['tutorial_taskflow_api']) retrieved from /home/airflow/.local/lib/python3.7/site-packages/airflow/example_dags/tutorial_taskflow_api.py
[2023-04-02T10:44:32.327+0000] {logging_mixin.py:137} INFO - [2023-04-02T10:44:32.327+0000] {dag.py:2705} INFO - Sync 1 DAGs
[2023-04-02T10:44:32.365+0000] {logging_mixin.py:137} INFO - [2023-04-02T10:44:32.364+0000] {dag.py:3456} INFO - Setting next_dagrun for tutorial_taskflow_api to None, run_after=None
[2023-04-02T10:44:32.401+0000] {processor.py:175} INFO - Processing /home/airflow/.local/lib/python3.7/site-packages/airflow/example_dags/tutorial_taskflow_api.py took 0.161 seconds
[2023-04-02T10:45:02.686+0000] {processor.py:153} INFO - Started process (PID=5408) to work on /home/airflow/.local/lib/python3.7/site-packages/airflow/example_dags/tutorial_taskflow_api.py
[2023-04-02T10:45:02.692+0000] {processor.py:743} INFO - Processing file /home/airflow/.local/lib/python3.7/site-packages/airflow/example_dags/tutorial_taskflow_api.py for tasks to queue
[2023-04-02T10:45:02.695+0000] {logging_mixin.py:137} INFO - [2023-04-02T10:45:02.694+0000] {dagbag.py:532} INFO - Filling up the DagBag from /home/airflow/.local/lib/python3.7/site-packages/airflow/example_dags/tutorial_taskflow_api.py
[2023-04-02T10:45:02.740+0000] {processor.py:753} INFO - DAG(s) dict_keys(['tutorial_taskflow_api']) retrieved from /home/airflow/.local/lib/python3.7/site-packages/airflow/example_dags/tutorial_taskflow_api.py
[2023-04-02T10:45:02.777+0000] {logging_mixin.py:137} INFO - [2023-04-02T10:45:02.777+0000] {dag.py:2705} INFO - Sync 1 DAGs
[2023-04-02T10:45:02.821+0000] {logging_mixin.py:137} INFO - [2023-04-02T10:45:02.821+0000] {dag.py:3456} INFO - Setting next_dagrun for tutorial_taskflow_api to None, run_after=None
[2023-04-02T10:45:02.855+0000] {processor.py:175} INFO - Processing /home/airflow/.local/lib/python3.7/site-packages/airflow/example_dags/tutorial_taskflow_api.py took 0.176 seconds
[2023-04-02T10:45:33.915+0000] {processor.py:153} INFO - Started process (PID=5628) to work on /home/airflow/.local/lib/python3.7/site-packages/airflow/example_dags/tutorial_taskflow_api.py
[2023-04-02T10:45:33.920+0000] {processor.py:743} INFO - Processing file /home/airflow/.local/lib/python3.7/site-packages/airflow/example_dags/tutorial_taskflow_api.py for tasks to queue
[2023-04-02T10:45:33.930+0000] {logging_mixin.py:137} INFO - [2023-04-02T10:45:33.929+0000] {dagbag.py:532} INFO - Filling up the DagBag from /home/airflow/.local/lib/python3.7/site-packages/airflow/example_dags/tutorial_taskflow_api.py
[2023-04-02T10:45:34.012+0000] {processor.py:753} INFO - DAG(s) dict_keys(['tutorial_taskflow_api']) retrieved from /home/airflow/.local/lib/python3.7/site-packages/airflow/example_dags/tutorial_taskflow_api.py
[2023-04-02T10:45:34.126+0000] {logging_mixin.py:137} INFO - [2023-04-02T10:45:34.126+0000] {dag.py:2705} INFO - Sync 1 DAGs
[2023-04-02T10:45:34.201+0000] {logging_mixin.py:137} INFO - [2023-04-02T10:45:34.201+0000] {dag.py:3456} INFO - Setting next_dagrun for tutorial_taskflow_api to None, run_after=None
[2023-04-02T10:45:34.245+0000] {processor.py:175} INFO - Processing /home/airflow/.local/lib/python3.7/site-packages/airflow/example_dags/tutorial_taskflow_api.py took 0.336 seconds
[2023-04-02T10:46:05.265+0000] {processor.py:153} INFO - Started process (PID=5846) to work on /home/airflow/.local/lib/python3.7/site-packages/airflow/example_dags/tutorial_taskflow_api.py
[2023-04-02T10:46:05.268+0000] {processor.py:743} INFO - Processing file /home/airflow/.local/lib/python3.7/site-packages/airflow/example_dags/tutorial_taskflow_api.py for tasks to queue
[2023-04-02T10:46:05.275+0000] {logging_mixin.py:137} INFO - [2023-04-02T10:46:05.274+0000] {dagbag.py:532} INFO - Filling up the DagBag from /home/airflow/.local/lib/python3.7/site-packages/airflow/example_dags/tutorial_taskflow_api.py
[2023-04-02T10:46:05.334+0000] {processor.py:753} INFO - DAG(s) dict_keys(['tutorial_taskflow_api']) retrieved from /home/airflow/.local/lib/python3.7/site-packages/airflow/example_dags/tutorial_taskflow_api.py
[2023-04-02T10:46:05.382+0000] {logging_mixin.py:137} INFO - [2023-04-02T10:46:05.382+0000] {dag.py:2705} INFO - Sync 1 DAGs
[2023-04-02T10:46:05.420+0000] {logging_mixin.py:137} INFO - [2023-04-02T10:46:05.420+0000] {dag.py:3456} INFO - Setting next_dagrun for tutorial_taskflow_api to None, run_after=None
[2023-04-02T10:46:05.452+0000] {processor.py:175} INFO - Processing /home/airflow/.local/lib/python3.7/site-packages/airflow/example_dags/tutorial_taskflow_api.py took 0.195 seconds
[2023-04-02T10:46:36.143+0000] {processor.py:153} INFO - Started process (PID=6064) to work on /home/airflow/.local/lib/python3.7/site-packages/airflow/example_dags/tutorial_taskflow_api.py
[2023-04-02T10:46:36.147+0000] {processor.py:743} INFO - Processing file /home/airflow/.local/lib/python3.7/site-packages/airflow/example_dags/tutorial_taskflow_api.py for tasks to queue
[2023-04-02T10:46:36.149+0000] {logging_mixin.py:137} INFO - [2023-04-02T10:46:36.149+0000] {dagbag.py:532} INFO - Filling up the DagBag from /home/airflow/.local/lib/python3.7/site-packages/airflow/example_dags/tutorial_taskflow_api.py
[2023-04-02T10:46:36.202+0000] {processor.py:753} INFO - DAG(s) dict_keys(['tutorial_taskflow_api']) retrieved from /home/airflow/.local/lib/python3.7/site-packages/airflow/example_dags/tutorial_taskflow_api.py
[2023-04-02T10:46:36.254+0000] {logging_mixin.py:137} INFO - [2023-04-02T10:46:36.253+0000] {dag.py:2705} INFO - Sync 1 DAGs
[2023-04-02T10:46:36.311+0000] {logging_mixin.py:137} INFO - [2023-04-02T10:46:36.310+0000] {dag.py:3456} INFO - Setting next_dagrun for tutorial_taskflow_api to None, run_after=None
[2023-04-02T10:46:36.362+0000] {processor.py:175} INFO - Processing /home/airflow/.local/lib/python3.7/site-packages/airflow/example_dags/tutorial_taskflow_api.py took 0.229 seconds
[2023-04-02T10:47:06.659+0000] {processor.py:153} INFO - Started process (PID=6283) to work on /home/airflow/.local/lib/python3.7/site-packages/airflow/example_dags/tutorial_taskflow_api.py
[2023-04-02T10:47:06.666+0000] {processor.py:743} INFO - Processing file /home/airflow/.local/lib/python3.7/site-packages/airflow/example_dags/tutorial_taskflow_api.py for tasks to queue
[2023-04-02T10:47:06.671+0000] {logging_mixin.py:137} INFO - [2023-04-02T10:47:06.669+0000] {dagbag.py:532} INFO - Filling up the DagBag from /home/airflow/.local/lib/python3.7/site-packages/airflow/example_dags/tutorial_taskflow_api.py
[2023-04-02T10:47:06.728+0000] {processor.py:753} INFO - DAG(s) dict_keys(['tutorial_taskflow_api']) retrieved from /home/airflow/.local/lib/python3.7/site-packages/airflow/example_dags/tutorial_taskflow_api.py
[2023-04-02T10:47:06.778+0000] {logging_mixin.py:137} INFO - [2023-04-02T10:47:06.778+0000] {dag.py:2705} INFO - Sync 1 DAGs
[2023-04-02T10:47:06.839+0000] {logging_mixin.py:137} INFO - [2023-04-02T10:47:06.839+0000] {dag.py:3456} INFO - Setting next_dagrun for tutorial_taskflow_api to None, run_after=None
[2023-04-02T10:47:06.899+0000] {processor.py:175} INFO - Processing /home/airflow/.local/lib/python3.7/site-packages/airflow/example_dags/tutorial_taskflow_api.py took 0.250 seconds
[2023-04-02T10:47:37.135+0000] {processor.py:153} INFO - Started process (PID=6501) to work on /home/airflow/.local/lib/python3.7/site-packages/airflow/example_dags/tutorial_taskflow_api.py
[2023-04-02T10:47:37.138+0000] {processor.py:743} INFO - Processing file /home/airflow/.local/lib/python3.7/site-packages/airflow/example_dags/tutorial_taskflow_api.py for tasks to queue
[2023-04-02T10:47:37.140+0000] {logging_mixin.py:137} INFO - [2023-04-02T10:47:37.140+0000] {dagbag.py:532} INFO - Filling up the DagBag from /home/airflow/.local/lib/python3.7/site-packages/airflow/example_dags/tutorial_taskflow_api.py
[2023-04-02T10:47:37.192+0000] {processor.py:753} INFO - DAG(s) dict_keys(['tutorial_taskflow_api']) retrieved from /home/airflow/.local/lib/python3.7/site-packages/airflow/example_dags/tutorial_taskflow_api.py
[2023-04-02T10:47:37.249+0000] {logging_mixin.py:137} INFO - [2023-04-02T10:47:37.249+0000] {dag.py:2705} INFO - Sync 1 DAGs
[2023-04-02T10:47:37.336+0000] {logging_mixin.py:137} INFO - [2023-04-02T10:47:37.334+0000] {dag.py:3456} INFO - Setting next_dagrun for tutorial_taskflow_api to None, run_after=None
[2023-04-02T10:47:37.377+0000] {processor.py:175} INFO - Processing /home/airflow/.local/lib/python3.7/site-packages/airflow/example_dags/tutorial_taskflow_api.py took 0.251 seconds
[2023-04-02T10:48:07.561+0000] {processor.py:153} INFO - Started process (PID=6719) to work on /home/airflow/.local/lib/python3.7/site-packages/airflow/example_dags/tutorial_taskflow_api.py
[2023-04-02T10:48:07.563+0000] {processor.py:743} INFO - Processing file /home/airflow/.local/lib/python3.7/site-packages/airflow/example_dags/tutorial_taskflow_api.py for tasks to queue
[2023-04-02T10:48:07.565+0000] {logging_mixin.py:137} INFO - [2023-04-02T10:48:07.565+0000] {dagbag.py:532} INFO - Filling up the DagBag from /home/airflow/.local/lib/python3.7/site-packages/airflow/example_dags/tutorial_taskflow_api.py
[2023-04-02T10:48:07.597+0000] {processor.py:753} INFO - DAG(s) dict_keys(['tutorial_taskflow_api']) retrieved from /home/airflow/.local/lib/python3.7/site-packages/airflow/example_dags/tutorial_taskflow_api.py
[2023-04-02T10:48:07.637+0000] {logging_mixin.py:137} INFO - [2023-04-02T10:48:07.637+0000] {dag.py:2705} INFO - Sync 1 DAGs
[2023-04-02T10:48:07.680+0000] {logging_mixin.py:137} INFO - [2023-04-02T10:48:07.680+0000] {dag.py:3456} INFO - Setting next_dagrun for tutorial_taskflow_api to None, run_after=None
[2023-04-02T10:48:07.720+0000] {processor.py:175} INFO - Processing /home/airflow/.local/lib/python3.7/site-packages/airflow/example_dags/tutorial_taskflow_api.py took 0.164 seconds
[2023-04-02T10:48:37.799+0000] {processor.py:153} INFO - Started process (PID=6937) to work on /home/airflow/.local/lib/python3.7/site-packages/airflow/example_dags/tutorial_taskflow_api.py
[2023-04-02T10:48:37.801+0000] {processor.py:743} INFO - Processing file /home/airflow/.local/lib/python3.7/site-packages/airflow/example_dags/tutorial_taskflow_api.py for tasks to queue
[2023-04-02T10:48:37.803+0000] {logging_mixin.py:137} INFO - [2023-04-02T10:48:37.803+0000] {dagbag.py:532} INFO - Filling up the DagBag from /home/airflow/.local/lib/python3.7/site-packages/airflow/example_dags/tutorial_taskflow_api.py
[2023-04-02T10:48:37.836+0000] {processor.py:753} INFO - DAG(s) dict_keys(['tutorial_taskflow_api']) retrieved from /home/airflow/.local/lib/python3.7/site-packages/airflow/example_dags/tutorial_taskflow_api.py
[2023-04-02T10:48:37.878+0000] {logging_mixin.py:137} INFO - [2023-04-02T10:48:37.878+0000] {dag.py:2705} INFO - Sync 1 DAGs
[2023-04-02T10:48:37.941+0000] {logging_mixin.py:137} INFO - [2023-04-02T10:48:37.941+0000] {dag.py:3456} INFO - Setting next_dagrun for tutorial_taskflow_api to None, run_after=None
[2023-04-02T10:48:37.983+0000] {processor.py:175} INFO - Processing /home/airflow/.local/lib/python3.7/site-packages/airflow/example_dags/tutorial_taskflow_api.py took 0.190 seconds
[2023-04-02T10:49:08.414+0000] {processor.py:153} INFO - Started process (PID=7162) to work on /home/airflow/.local/lib/python3.7/site-packages/airflow/example_dags/tutorial_taskflow_api.py
[2023-04-02T10:49:08.418+0000] {processor.py:743} INFO - Processing file /home/airflow/.local/lib/python3.7/site-packages/airflow/example_dags/tutorial_taskflow_api.py for tasks to queue
[2023-04-02T10:49:08.423+0000] {logging_mixin.py:137} INFO - [2023-04-02T10:49:08.420+0000] {dagbag.py:532} INFO - Filling up the DagBag from /home/airflow/.local/lib/python3.7/site-packages/airflow/example_dags/tutorial_taskflow_api.py
[2023-04-02T10:49:08.473+0000] {processor.py:753} INFO - DAG(s) dict_keys(['tutorial_taskflow_api']) retrieved from /home/airflow/.local/lib/python3.7/site-packages/airflow/example_dags/tutorial_taskflow_api.py
[2023-04-02T10:49:08.528+0000] {logging_mixin.py:137} INFO - [2023-04-02T10:49:08.528+0000] {dag.py:2705} INFO - Sync 1 DAGs
[2023-04-02T10:49:08.573+0000] {logging_mixin.py:137} INFO - [2023-04-02T10:49:08.572+0000] {dag.py:3456} INFO - Setting next_dagrun for tutorial_taskflow_api to None, run_after=None
[2023-04-02T10:49:08.609+0000] {processor.py:175} INFO - Processing /home/airflow/.local/lib/python3.7/site-packages/airflow/example_dags/tutorial_taskflow_api.py took 0.213 seconds
[2023-04-02T10:49:39.566+0000] {processor.py:153} INFO - Started process (PID=7380) to work on /home/airflow/.local/lib/python3.7/site-packages/airflow/example_dags/tutorial_taskflow_api.py
[2023-04-02T10:49:39.569+0000] {processor.py:743} INFO - Processing file /home/airflow/.local/lib/python3.7/site-packages/airflow/example_dags/tutorial_taskflow_api.py for tasks to queue
[2023-04-02T10:49:39.572+0000] {logging_mixin.py:137} INFO - [2023-04-02T10:49:39.571+0000] {dagbag.py:532} INFO - Filling up the DagBag from /home/airflow/.local/lib/python3.7/site-packages/airflow/example_dags/tutorial_taskflow_api.py
[2023-04-02T10:49:39.612+0000] {processor.py:753} INFO - DAG(s) dict_keys(['tutorial_taskflow_api']) retrieved from /home/airflow/.local/lib/python3.7/site-packages/airflow/example_dags/tutorial_taskflow_api.py
[2023-04-02T10:49:39.675+0000] {logging_mixin.py:137} INFO - [2023-04-02T10:49:39.675+0000] {dag.py:2705} INFO - Sync 1 DAGs
[2023-04-02T10:49:39.710+0000] {logging_mixin.py:137} INFO - [2023-04-02T10:49:39.709+0000] {dag.py:3456} INFO - Setting next_dagrun for tutorial_taskflow_api to None, run_after=None
[2023-04-02T10:49:39.748+0000] {processor.py:175} INFO - Processing /home/airflow/.local/lib/python3.7/site-packages/airflow/example_dags/tutorial_taskflow_api.py took 0.189 seconds
[2023-04-02T10:50:10.095+0000] {processor.py:153} INFO - Started process (PID=7598) to work on /home/airflow/.local/lib/python3.7/site-packages/airflow/example_dags/tutorial_taskflow_api.py
[2023-04-02T10:50:10.102+0000] {processor.py:743} INFO - Processing file /home/airflow/.local/lib/python3.7/site-packages/airflow/example_dags/tutorial_taskflow_api.py for tasks to queue
[2023-04-02T10:50:10.105+0000] {logging_mixin.py:137} INFO - [2023-04-02T10:50:10.105+0000] {dagbag.py:532} INFO - Filling up the DagBag from /home/airflow/.local/lib/python3.7/site-packages/airflow/example_dags/tutorial_taskflow_api.py
[2023-04-02T10:50:10.144+0000] {processor.py:753} INFO - DAG(s) dict_keys(['tutorial_taskflow_api']) retrieved from /home/airflow/.local/lib/python3.7/site-packages/airflow/example_dags/tutorial_taskflow_api.py
[2023-04-02T10:50:10.206+0000] {logging_mixin.py:137} INFO - [2023-04-02T10:50:10.206+0000] {dag.py:2705} INFO - Sync 1 DAGs
[2023-04-02T10:50:10.250+0000] {logging_mixin.py:137} INFO - [2023-04-02T10:50:10.250+0000] {dag.py:3456} INFO - Setting next_dagrun for tutorial_taskflow_api to None, run_after=None
[2023-04-02T10:50:10.284+0000] {processor.py:175} INFO - Processing /home/airflow/.local/lib/python3.7/site-packages/airflow/example_dags/tutorial_taskflow_api.py took 0.196 seconds
