[2023-04-02T10:32:46.656+0000] {processor.py:153} INFO - Started process (PID=245) to work on /home/airflow/.local/lib/python3.7/site-packages/airflow/example_dags/tutorial_taskflow_api_virtualenv.py
[2023-04-02T10:32:46.658+0000] {processor.py:743} INFO - Processing file /home/airflow/.local/lib/python3.7/site-packages/airflow/example_dags/tutorial_taskflow_api_virtualenv.py for tasks to queue
[2023-04-02T10:32:46.662+0000] {logging_mixin.py:137} INFO - [2023-04-02T10:32:46.662+0000] {dagbag.py:532} INFO - Filling up the DagBag from /home/airflow/.local/lib/python3.7/site-packages/airflow/example_dags/tutorial_taskflow_api_virtualenv.py
[2023-04-02T10:32:46.693+0000] {processor.py:753} INFO - DAG(s) dict_keys(['tutorial_taskflow_api_virtualenv']) retrieved from /home/airflow/.local/lib/python3.7/site-packages/airflow/example_dags/tutorial_taskflow_api_virtualenv.py
[2023-04-02T10:32:46.722+0000] {logging_mixin.py:137} INFO - [2023-04-02T10:32:46.721+0000] {dag.py:2705} INFO - Sync 1 DAGs
[2023-04-02T10:32:46.794+0000] {logging_mixin.py:137} INFO - [2023-04-02T10:32:46.794+0000] {dag.py:3456} INFO - Setting next_dagrun for tutorial_taskflow_api_virtualenv to None, run_after=None
[2023-04-02T10:32:46.854+0000] {processor.py:175} INFO - Processing /home/airflow/.local/lib/python3.7/site-packages/airflow/example_dags/tutorial_taskflow_api_virtualenv.py took 0.204 seconds
[2023-04-02T10:33:20.434+0000] {processor.py:153} INFO - Started process (PID=461) to work on /home/airflow/.local/lib/python3.7/site-packages/airflow/example_dags/tutorial_taskflow_api_virtualenv.py
[2023-04-02T10:33:20.437+0000] {processor.py:743} INFO - Processing file /home/airflow/.local/lib/python3.7/site-packages/airflow/example_dags/tutorial_taskflow_api_virtualenv.py for tasks to queue
[2023-04-02T10:33:20.441+0000] {logging_mixin.py:137} INFO - [2023-04-02T10:33:20.440+0000] {dagbag.py:532} INFO - Filling up the DagBag from /home/airflow/.local/lib/python3.7/site-packages/airflow/example_dags/tutorial_taskflow_api_virtualenv.py
[2023-04-02T10:33:20.552+0000] {processor.py:753} INFO - DAG(s) dict_keys(['tutorial_taskflow_api_virtualenv']) retrieved from /home/airflow/.local/lib/python3.7/site-packages/airflow/example_dags/tutorial_taskflow_api_virtualenv.py
[2023-04-02T10:33:20.602+0000] {logging_mixin.py:137} INFO - [2023-04-02T10:33:20.602+0000] {dag.py:2705} INFO - Sync 1 DAGs
[2023-04-02T10:33:20.707+0000] {logging_mixin.py:137} INFO - [2023-04-02T10:33:20.707+0000] {dag.py:3456} INFO - Setting next_dagrun for tutorial_taskflow_api_virtualenv to None, run_after=None
[2023-04-02T10:33:20.740+0000] {processor.py:175} INFO - Processing /home/airflow/.local/lib/python3.7/site-packages/airflow/example_dags/tutorial_taskflow_api_virtualenv.py took 0.329 seconds
[2023-04-02T10:33:52.498+0000] {processor.py:153} INFO - Started process (PID=680) to work on /home/airflow/.local/lib/python3.7/site-packages/airflow/example_dags/tutorial_taskflow_api_virtualenv.py
[2023-04-02T10:33:52.503+0000] {processor.py:743} INFO - Processing file /home/airflow/.local/lib/python3.7/site-packages/airflow/example_dags/tutorial_taskflow_api_virtualenv.py for tasks to queue
[2023-04-02T10:33:52.505+0000] {logging_mixin.py:137} INFO - [2023-04-02T10:33:52.505+0000] {dagbag.py:532} INFO - Filling up the DagBag from /home/airflow/.local/lib/python3.7/site-packages/airflow/example_dags/tutorial_taskflow_api_virtualenv.py
[2023-04-02T10:33:52.598+0000] {processor.py:753} INFO - DAG(s) dict_keys(['tutorial_taskflow_api_virtualenv']) retrieved from /home/airflow/.local/lib/python3.7/site-packages/airflow/example_dags/tutorial_taskflow_api_virtualenv.py
[2023-04-02T10:33:52.736+0000] {logging_mixin.py:137} INFO - [2023-04-02T10:33:52.736+0000] {dag.py:2705} INFO - Sync 1 DAGs
[2023-04-02T10:33:52.867+0000] {logging_mixin.py:137} INFO - [2023-04-02T10:33:52.866+0000] {dag.py:3456} INFO - Setting next_dagrun for tutorial_taskflow_api_virtualenv to None, run_after=None
[2023-04-02T10:33:52.938+0000] {processor.py:175} INFO - Processing /home/airflow/.local/lib/python3.7/site-packages/airflow/example_dags/tutorial_taskflow_api_virtualenv.py took 0.454 seconds
[2023-04-02T10:34:23.717+0000] {processor.py:153} INFO - Started process (PID=896) to work on /home/airflow/.local/lib/python3.7/site-packages/airflow/example_dags/tutorial_taskflow_api_virtualenv.py
[2023-04-02T10:34:23.719+0000] {processor.py:743} INFO - Processing file /home/airflow/.local/lib/python3.7/site-packages/airflow/example_dags/tutorial_taskflow_api_virtualenv.py for tasks to queue
[2023-04-02T10:34:23.731+0000] {logging_mixin.py:137} INFO - [2023-04-02T10:34:23.725+0000] {dagbag.py:532} INFO - Filling up the DagBag from /home/airflow/.local/lib/python3.7/site-packages/airflow/example_dags/tutorial_taskflow_api_virtualenv.py
[2023-04-02T10:34:23.810+0000] {processor.py:753} INFO - DAG(s) dict_keys(['tutorial_taskflow_api_virtualenv']) retrieved from /home/airflow/.local/lib/python3.7/site-packages/airflow/example_dags/tutorial_taskflow_api_virtualenv.py
[2023-04-02T10:34:23.937+0000] {logging_mixin.py:137} INFO - [2023-04-02T10:34:23.936+0000] {dag.py:2705} INFO - Sync 1 DAGs
[2023-04-02T10:34:24.034+0000] {logging_mixin.py:137} INFO - [2023-04-02T10:34:24.034+0000] {dag.py:3456} INFO - Setting next_dagrun for tutorial_taskflow_api_virtualenv to None, run_after=None
[2023-04-02T10:34:24.079+0000] {processor.py:175} INFO - Processing /home/airflow/.local/lib/python3.7/site-packages/airflow/example_dags/tutorial_taskflow_api_virtualenv.py took 0.367 seconds
[2023-04-02T10:34:55.259+0000] {processor.py:153} INFO - Started process (PID=1117) to work on /home/airflow/.local/lib/python3.7/site-packages/airflow/example_dags/tutorial_taskflow_api_virtualenv.py
[2023-04-02T10:34:55.263+0000] {processor.py:743} INFO - Processing file /home/airflow/.local/lib/python3.7/site-packages/airflow/example_dags/tutorial_taskflow_api_virtualenv.py for tasks to queue
[2023-04-02T10:34:55.267+0000] {logging_mixin.py:137} INFO - [2023-04-02T10:34:55.267+0000] {dagbag.py:532} INFO - Filling up the DagBag from /home/airflow/.local/lib/python3.7/site-packages/airflow/example_dags/tutorial_taskflow_api_virtualenv.py
[2023-04-02T10:34:55.306+0000] {processor.py:753} INFO - DAG(s) dict_keys(['tutorial_taskflow_api_virtualenv']) retrieved from /home/airflow/.local/lib/python3.7/site-packages/airflow/example_dags/tutorial_taskflow_api_virtualenv.py
[2023-04-02T10:34:55.356+0000] {logging_mixin.py:137} INFO - [2023-04-02T10:34:55.355+0000] {dag.py:2705} INFO - Sync 1 DAGs
[2023-04-02T10:34:55.438+0000] {logging_mixin.py:137} INFO - [2023-04-02T10:34:55.438+0000] {dag.py:3456} INFO - Setting next_dagrun for tutorial_taskflow_api_virtualenv to None, run_after=None
[2023-04-02T10:34:55.479+0000] {processor.py:175} INFO - Processing /home/airflow/.local/lib/python3.7/site-packages/airflow/example_dags/tutorial_taskflow_api_virtualenv.py took 0.226 seconds
[2023-04-02T10:35:26.873+0000] {processor.py:153} INFO - Started process (PID=1335) to work on /home/airflow/.local/lib/python3.7/site-packages/airflow/example_dags/tutorial_taskflow_api_virtualenv.py
[2023-04-02T10:35:26.875+0000] {processor.py:743} INFO - Processing file /home/airflow/.local/lib/python3.7/site-packages/airflow/example_dags/tutorial_taskflow_api_virtualenv.py for tasks to queue
[2023-04-02T10:35:26.880+0000] {logging_mixin.py:137} INFO - [2023-04-02T10:35:26.879+0000] {dagbag.py:532} INFO - Filling up the DagBag from /home/airflow/.local/lib/python3.7/site-packages/airflow/example_dags/tutorial_taskflow_api_virtualenv.py
[2023-04-02T10:35:26.952+0000] {processor.py:753} INFO - DAG(s) dict_keys(['tutorial_taskflow_api_virtualenv']) retrieved from /home/airflow/.local/lib/python3.7/site-packages/airflow/example_dags/tutorial_taskflow_api_virtualenv.py
[2023-04-02T10:35:27.013+0000] {logging_mixin.py:137} INFO - [2023-04-02T10:35:27.012+0000] {dag.py:2705} INFO - Sync 1 DAGs
[2023-04-02T10:35:27.069+0000] {logging_mixin.py:137} INFO - [2023-04-02T10:35:27.068+0000] {dag.py:3456} INFO - Setting next_dagrun for tutorial_taskflow_api_virtualenv to None, run_after=None
[2023-04-02T10:35:27.112+0000] {processor.py:175} INFO - Processing /home/airflow/.local/lib/python3.7/site-packages/airflow/example_dags/tutorial_taskflow_api_virtualenv.py took 0.248 seconds
[2023-04-02T10:35:57.249+0000] {processor.py:153} INFO - Started process (PID=1553) to work on /home/airflow/.local/lib/python3.7/site-packages/airflow/example_dags/tutorial_taskflow_api_virtualenv.py
[2023-04-02T10:35:57.250+0000] {processor.py:743} INFO - Processing file /home/airflow/.local/lib/python3.7/site-packages/airflow/example_dags/tutorial_taskflow_api_virtualenv.py for tasks to queue
[2023-04-02T10:35:57.253+0000] {logging_mixin.py:137} INFO - [2023-04-02T10:35:57.252+0000] {dagbag.py:532} INFO - Filling up the DagBag from /home/airflow/.local/lib/python3.7/site-packages/airflow/example_dags/tutorial_taskflow_api_virtualenv.py
[2023-04-02T10:35:57.317+0000] {processor.py:753} INFO - DAG(s) dict_keys(['tutorial_taskflow_api_virtualenv']) retrieved from /home/airflow/.local/lib/python3.7/site-packages/airflow/example_dags/tutorial_taskflow_api_virtualenv.py
[2023-04-02T10:35:57.396+0000] {logging_mixin.py:137} INFO - [2023-04-02T10:35:57.396+0000] {dag.py:2705} INFO - Sync 1 DAGs
[2023-04-02T10:35:57.468+0000] {logging_mixin.py:137} INFO - [2023-04-02T10:35:57.468+0000] {dag.py:3456} INFO - Setting next_dagrun for tutorial_taskflow_api_virtualenv to None, run_after=None
[2023-04-02T10:35:57.543+0000] {processor.py:175} INFO - Processing /home/airflow/.local/lib/python3.7/site-packages/airflow/example_dags/tutorial_taskflow_api_virtualenv.py took 0.305 seconds
[2023-04-02T10:36:27.647+0000] {processor.py:153} INFO - Started process (PID=1773) to work on /home/airflow/.local/lib/python3.7/site-packages/airflow/example_dags/tutorial_taskflow_api_virtualenv.py
[2023-04-02T10:36:27.649+0000] {processor.py:743} INFO - Processing file /home/airflow/.local/lib/python3.7/site-packages/airflow/example_dags/tutorial_taskflow_api_virtualenv.py for tasks to queue
[2023-04-02T10:36:27.651+0000] {logging_mixin.py:137} INFO - [2023-04-02T10:36:27.651+0000] {dagbag.py:532} INFO - Filling up the DagBag from /home/airflow/.local/lib/python3.7/site-packages/airflow/example_dags/tutorial_taskflow_api_virtualenv.py
[2023-04-02T10:36:27.683+0000] {processor.py:753} INFO - DAG(s) dict_keys(['tutorial_taskflow_api_virtualenv']) retrieved from /home/airflow/.local/lib/python3.7/site-packages/airflow/example_dags/tutorial_taskflow_api_virtualenv.py
[2023-04-02T10:36:27.719+0000] {logging_mixin.py:137} INFO - [2023-04-02T10:36:27.719+0000] {dag.py:2705} INFO - Sync 1 DAGs
[2023-04-02T10:36:27.759+0000] {logging_mixin.py:137} INFO - [2023-04-02T10:36:27.758+0000] {dag.py:3456} INFO - Setting next_dagrun for tutorial_taskflow_api_virtualenv to None, run_after=None
[2023-04-02T10:36:27.792+0000] {processor.py:175} INFO - Processing /home/airflow/.local/lib/python3.7/site-packages/airflow/example_dags/tutorial_taskflow_api_virtualenv.py took 0.149 seconds
[2023-04-02T10:36:58.450+0000] {processor.py:153} INFO - Started process (PID=1989) to work on /home/airflow/.local/lib/python3.7/site-packages/airflow/example_dags/tutorial_taskflow_api_virtualenv.py
[2023-04-02T10:36:58.452+0000] {processor.py:743} INFO - Processing file /home/airflow/.local/lib/python3.7/site-packages/airflow/example_dags/tutorial_taskflow_api_virtualenv.py for tasks to queue
[2023-04-02T10:36:58.457+0000] {logging_mixin.py:137} INFO - [2023-04-02T10:36:58.456+0000] {dagbag.py:532} INFO - Filling up the DagBag from /home/airflow/.local/lib/python3.7/site-packages/airflow/example_dags/tutorial_taskflow_api_virtualenv.py
[2023-04-02T10:36:58.519+0000] {processor.py:753} INFO - DAG(s) dict_keys(['tutorial_taskflow_api_virtualenv']) retrieved from /home/airflow/.local/lib/python3.7/site-packages/airflow/example_dags/tutorial_taskflow_api_virtualenv.py
[2023-04-02T10:36:58.583+0000] {logging_mixin.py:137} INFO - [2023-04-02T10:36:58.583+0000] {dag.py:2705} INFO - Sync 1 DAGs
[2023-04-02T10:36:58.641+0000] {logging_mixin.py:137} INFO - [2023-04-02T10:36:58.640+0000] {dag.py:3456} INFO - Setting next_dagrun for tutorial_taskflow_api_virtualenv to None, run_after=None
[2023-04-02T10:36:58.696+0000] {processor.py:175} INFO - Processing /home/airflow/.local/lib/python3.7/site-packages/airflow/example_dags/tutorial_taskflow_api_virtualenv.py took 0.253 seconds
[2023-04-02T10:37:29.243+0000] {processor.py:153} INFO - Started process (PID=2207) to work on /home/airflow/.local/lib/python3.7/site-packages/airflow/example_dags/tutorial_taskflow_api_virtualenv.py
[2023-04-02T10:37:29.244+0000] {processor.py:743} INFO - Processing file /home/airflow/.local/lib/python3.7/site-packages/airflow/example_dags/tutorial_taskflow_api_virtualenv.py for tasks to queue
[2023-04-02T10:37:29.246+0000] {logging_mixin.py:137} INFO - [2023-04-02T10:37:29.246+0000] {dagbag.py:532} INFO - Filling up the DagBag from /home/airflow/.local/lib/python3.7/site-packages/airflow/example_dags/tutorial_taskflow_api_virtualenv.py
[2023-04-02T10:37:29.298+0000] {processor.py:753} INFO - DAG(s) dict_keys(['tutorial_taskflow_api_virtualenv']) retrieved from /home/airflow/.local/lib/python3.7/site-packages/airflow/example_dags/tutorial_taskflow_api_virtualenv.py
[2023-04-02T10:37:29.353+0000] {logging_mixin.py:137} INFO - [2023-04-02T10:37:29.353+0000] {dag.py:2705} INFO - Sync 1 DAGs
[2023-04-02T10:37:29.429+0000] {logging_mixin.py:137} INFO - [2023-04-02T10:37:29.429+0000] {dag.py:3456} INFO - Setting next_dagrun for tutorial_taskflow_api_virtualenv to None, run_after=None
[2023-04-02T10:37:29.489+0000] {processor.py:175} INFO - Processing /home/airflow/.local/lib/python3.7/site-packages/airflow/example_dags/tutorial_taskflow_api_virtualenv.py took 0.252 seconds
[2023-04-02T10:38:00.303+0000] {processor.py:153} INFO - Started process (PID=2425) to work on /home/airflow/.local/lib/python3.7/site-packages/airflow/example_dags/tutorial_taskflow_api_virtualenv.py
[2023-04-02T10:38:00.306+0000] {processor.py:743} INFO - Processing file /home/airflow/.local/lib/python3.7/site-packages/airflow/example_dags/tutorial_taskflow_api_virtualenv.py for tasks to queue
[2023-04-02T10:38:00.310+0000] {logging_mixin.py:137} INFO - [2023-04-02T10:38:00.309+0000] {dagbag.py:532} INFO - Filling up the DagBag from /home/airflow/.local/lib/python3.7/site-packages/airflow/example_dags/tutorial_taskflow_api_virtualenv.py
[2023-04-02T10:38:00.359+0000] {processor.py:753} INFO - DAG(s) dict_keys(['tutorial_taskflow_api_virtualenv']) retrieved from /home/airflow/.local/lib/python3.7/site-packages/airflow/example_dags/tutorial_taskflow_api_virtualenv.py
[2023-04-02T10:38:00.410+0000] {logging_mixin.py:137} INFO - [2023-04-02T10:38:00.409+0000] {dag.py:2705} INFO - Sync 1 DAGs
[2023-04-02T10:38:00.463+0000] {logging_mixin.py:137} INFO - [2023-04-02T10:38:00.463+0000] {dag.py:3456} INFO - Setting next_dagrun for tutorial_taskflow_api_virtualenv to None, run_after=None
[2023-04-02T10:38:00.498+0000] {processor.py:175} INFO - Processing /home/airflow/.local/lib/python3.7/site-packages/airflow/example_dags/tutorial_taskflow_api_virtualenv.py took 0.202 seconds
[2023-04-02T10:38:31.387+0000] {processor.py:153} INFO - Started process (PID=2643) to work on /home/airflow/.local/lib/python3.7/site-packages/airflow/example_dags/tutorial_taskflow_api_virtualenv.py
[2023-04-02T10:38:31.389+0000] {processor.py:743} INFO - Processing file /home/airflow/.local/lib/python3.7/site-packages/airflow/example_dags/tutorial_taskflow_api_virtualenv.py for tasks to queue
[2023-04-02T10:38:31.392+0000] {logging_mixin.py:137} INFO - [2023-04-02T10:38:31.392+0000] {dagbag.py:532} INFO - Filling up the DagBag from /home/airflow/.local/lib/python3.7/site-packages/airflow/example_dags/tutorial_taskflow_api_virtualenv.py
[2023-04-02T10:38:31.452+0000] {processor.py:753} INFO - DAG(s) dict_keys(['tutorial_taskflow_api_virtualenv']) retrieved from /home/airflow/.local/lib/python3.7/site-packages/airflow/example_dags/tutorial_taskflow_api_virtualenv.py
[2023-04-02T10:38:31.509+0000] {logging_mixin.py:137} INFO - [2023-04-02T10:38:31.509+0000] {dag.py:2705} INFO - Sync 1 DAGs
[2023-04-02T10:38:31.555+0000] {logging_mixin.py:137} INFO - [2023-04-02T10:38:31.555+0000] {dag.py:3456} INFO - Setting next_dagrun for tutorial_taskflow_api_virtualenv to None, run_after=None
[2023-04-02T10:38:31.593+0000] {processor.py:175} INFO - Processing /home/airflow/.local/lib/python3.7/site-packages/airflow/example_dags/tutorial_taskflow_api_virtualenv.py took 0.215 seconds
[2023-04-02T10:39:01.892+0000] {processor.py:153} INFO - Started process (PID=2861) to work on /home/airflow/.local/lib/python3.7/site-packages/airflow/example_dags/tutorial_taskflow_api_virtualenv.py
[2023-04-02T10:39:01.894+0000] {processor.py:743} INFO - Processing file /home/airflow/.local/lib/python3.7/site-packages/airflow/example_dags/tutorial_taskflow_api_virtualenv.py for tasks to queue
[2023-04-02T10:39:01.898+0000] {logging_mixin.py:137} INFO - [2023-04-02T10:39:01.898+0000] {dagbag.py:532} INFO - Filling up the DagBag from /home/airflow/.local/lib/python3.7/site-packages/airflow/example_dags/tutorial_taskflow_api_virtualenv.py
[2023-04-02T10:39:01.945+0000] {processor.py:753} INFO - DAG(s) dict_keys(['tutorial_taskflow_api_virtualenv']) retrieved from /home/airflow/.local/lib/python3.7/site-packages/airflow/example_dags/tutorial_taskflow_api_virtualenv.py
[2023-04-02T10:39:01.996+0000] {logging_mixin.py:137} INFO - [2023-04-02T10:39:01.996+0000] {dag.py:2705} INFO - Sync 1 DAGs
[2023-04-02T10:39:02.064+0000] {logging_mixin.py:137} INFO - [2023-04-02T10:39:02.063+0000] {dag.py:3456} INFO - Setting next_dagrun for tutorial_taskflow_api_virtualenv to None, run_after=None
[2023-04-02T10:39:02.118+0000] {processor.py:175} INFO - Processing /home/airflow/.local/lib/python3.7/site-packages/airflow/example_dags/tutorial_taskflow_api_virtualenv.py took 0.234 seconds
[2023-04-02T10:39:32.529+0000] {processor.py:153} INFO - Started process (PID=3079) to work on /home/airflow/.local/lib/python3.7/site-packages/airflow/example_dags/tutorial_taskflow_api_virtualenv.py
[2023-04-02T10:39:32.532+0000] {processor.py:743} INFO - Processing file /home/airflow/.local/lib/python3.7/site-packages/airflow/example_dags/tutorial_taskflow_api_virtualenv.py for tasks to queue
[2023-04-02T10:39:32.536+0000] {logging_mixin.py:137} INFO - [2023-04-02T10:39:32.535+0000] {dagbag.py:532} INFO - Filling up the DagBag from /home/airflow/.local/lib/python3.7/site-packages/airflow/example_dags/tutorial_taskflow_api_virtualenv.py
[2023-04-02T10:39:32.584+0000] {processor.py:753} INFO - DAG(s) dict_keys(['tutorial_taskflow_api_virtualenv']) retrieved from /home/airflow/.local/lib/python3.7/site-packages/airflow/example_dags/tutorial_taskflow_api_virtualenv.py
[2023-04-02T10:39:32.636+0000] {logging_mixin.py:137} INFO - [2023-04-02T10:39:32.636+0000] {dag.py:2705} INFO - Sync 1 DAGs
[2023-04-02T10:39:32.691+0000] {logging_mixin.py:137} INFO - [2023-04-02T10:39:32.691+0000] {dag.py:3456} INFO - Setting next_dagrun for tutorial_taskflow_api_virtualenv to None, run_after=None
[2023-04-02T10:39:32.758+0000] {processor.py:175} INFO - Processing /home/airflow/.local/lib/python3.7/site-packages/airflow/example_dags/tutorial_taskflow_api_virtualenv.py took 0.238 seconds
[2023-04-02T10:40:03.772+0000] {processor.py:153} INFO - Started process (PID=3297) to work on /home/airflow/.local/lib/python3.7/site-packages/airflow/example_dags/tutorial_taskflow_api_virtualenv.py
[2023-04-02T10:40:03.781+0000] {processor.py:743} INFO - Processing file /home/airflow/.local/lib/python3.7/site-packages/airflow/example_dags/tutorial_taskflow_api_virtualenv.py for tasks to queue
[2023-04-02T10:40:03.787+0000] {logging_mixin.py:137} INFO - [2023-04-02T10:40:03.787+0000] {dagbag.py:532} INFO - Filling up the DagBag from /home/airflow/.local/lib/python3.7/site-packages/airflow/example_dags/tutorial_taskflow_api_virtualenv.py
[2023-04-02T10:40:03.931+0000] {processor.py:753} INFO - DAG(s) dict_keys(['tutorial_taskflow_api_virtualenv']) retrieved from /home/airflow/.local/lib/python3.7/site-packages/airflow/example_dags/tutorial_taskflow_api_virtualenv.py
[2023-04-02T10:40:04.025+0000] {logging_mixin.py:137} INFO - [2023-04-02T10:40:04.025+0000] {dag.py:2705} INFO - Sync 1 DAGs
[2023-04-02T10:40:04.128+0000] {logging_mixin.py:137} INFO - [2023-04-02T10:40:04.128+0000] {dag.py:3456} INFO - Setting next_dagrun for tutorial_taskflow_api_virtualenv to None, run_after=None
[2023-04-02T10:40:04.203+0000] {processor.py:175} INFO - Processing /home/airflow/.local/lib/python3.7/site-packages/airflow/example_dags/tutorial_taskflow_api_virtualenv.py took 0.451 seconds
[2023-04-02T10:40:34.461+0000] {processor.py:153} INFO - Started process (PID=3517) to work on /home/airflow/.local/lib/python3.7/site-packages/airflow/example_dags/tutorial_taskflow_api_virtualenv.py
[2023-04-02T10:40:34.462+0000] {processor.py:743} INFO - Processing file /home/airflow/.local/lib/python3.7/site-packages/airflow/example_dags/tutorial_taskflow_api_virtualenv.py for tasks to queue
[2023-04-02T10:40:34.467+0000] {logging_mixin.py:137} INFO - [2023-04-02T10:40:34.466+0000] {dagbag.py:532} INFO - Filling up the DagBag from /home/airflow/.local/lib/python3.7/site-packages/airflow/example_dags/tutorial_taskflow_api_virtualenv.py
[2023-04-02T10:40:34.536+0000] {processor.py:753} INFO - DAG(s) dict_keys(['tutorial_taskflow_api_virtualenv']) retrieved from /home/airflow/.local/lib/python3.7/site-packages/airflow/example_dags/tutorial_taskflow_api_virtualenv.py
[2023-04-02T10:40:34.614+0000] {logging_mixin.py:137} INFO - [2023-04-02T10:40:34.613+0000] {dag.py:2705} INFO - Sync 1 DAGs
[2023-04-02T10:40:34.698+0000] {logging_mixin.py:137} INFO - [2023-04-02T10:40:34.698+0000] {dag.py:3456} INFO - Setting next_dagrun for tutorial_taskflow_api_virtualenv to None, run_after=None
[2023-04-02T10:40:34.755+0000] {processor.py:175} INFO - Processing /home/airflow/.local/lib/python3.7/site-packages/airflow/example_dags/tutorial_taskflow_api_virtualenv.py took 0.303 seconds
[2023-04-02T10:41:05.708+0000] {processor.py:153} INFO - Started process (PID=3742) to work on /home/airflow/.local/lib/python3.7/site-packages/airflow/example_dags/tutorial_taskflow_api_virtualenv.py
[2023-04-02T10:41:05.712+0000] {processor.py:743} INFO - Processing file /home/airflow/.local/lib/python3.7/site-packages/airflow/example_dags/tutorial_taskflow_api_virtualenv.py for tasks to queue
[2023-04-02T10:41:05.716+0000] {logging_mixin.py:137} INFO - [2023-04-02T10:41:05.715+0000] {dagbag.py:532} INFO - Filling up the DagBag from /home/airflow/.local/lib/python3.7/site-packages/airflow/example_dags/tutorial_taskflow_api_virtualenv.py
[2023-04-02T10:41:05.788+0000] {processor.py:753} INFO - DAG(s) dict_keys(['tutorial_taskflow_api_virtualenv']) retrieved from /home/airflow/.local/lib/python3.7/site-packages/airflow/example_dags/tutorial_taskflow_api_virtualenv.py
[2023-04-02T10:41:05.877+0000] {logging_mixin.py:137} INFO - [2023-04-02T10:41:05.877+0000] {dag.py:2705} INFO - Sync 1 DAGs
[2023-04-02T10:41:05.955+0000] {logging_mixin.py:137} INFO - [2023-04-02T10:41:05.954+0000] {dag.py:3456} INFO - Setting next_dagrun for tutorial_taskflow_api_virtualenv to None, run_after=None
[2023-04-02T10:41:06.011+0000] {processor.py:175} INFO - Processing /home/airflow/.local/lib/python3.7/site-packages/airflow/example_dags/tutorial_taskflow_api_virtualenv.py took 0.314 seconds
[2023-04-02T10:41:37.286+0000] {processor.py:153} INFO - Started process (PID=3958) to work on /home/airflow/.local/lib/python3.7/site-packages/airflow/example_dags/tutorial_taskflow_api_virtualenv.py
[2023-04-02T10:41:37.289+0000] {processor.py:743} INFO - Processing file /home/airflow/.local/lib/python3.7/site-packages/airflow/example_dags/tutorial_taskflow_api_virtualenv.py for tasks to queue
[2023-04-02T10:41:37.292+0000] {logging_mixin.py:137} INFO - [2023-04-02T10:41:37.291+0000] {dagbag.py:532} INFO - Filling up the DagBag from /home/airflow/.local/lib/python3.7/site-packages/airflow/example_dags/tutorial_taskflow_api_virtualenv.py
[2023-04-02T10:41:37.358+0000] {processor.py:753} INFO - DAG(s) dict_keys(['tutorial_taskflow_api_virtualenv']) retrieved from /home/airflow/.local/lib/python3.7/site-packages/airflow/example_dags/tutorial_taskflow_api_virtualenv.py
[2023-04-02T10:41:37.425+0000] {logging_mixin.py:137} INFO - [2023-04-02T10:41:37.425+0000] {dag.py:2705} INFO - Sync 1 DAGs
[2023-04-02T10:41:37.490+0000] {logging_mixin.py:137} INFO - [2023-04-02T10:41:37.490+0000] {dag.py:3456} INFO - Setting next_dagrun for tutorial_taskflow_api_virtualenv to None, run_after=None
[2023-04-02T10:41:37.535+0000] {processor.py:175} INFO - Processing /home/airflow/.local/lib/python3.7/site-packages/airflow/example_dags/tutorial_taskflow_api_virtualenv.py took 0.257 seconds
[2023-04-02T10:42:08.927+0000] {processor.py:153} INFO - Started process (PID=4177) to work on /home/airflow/.local/lib/python3.7/site-packages/airflow/example_dags/tutorial_taskflow_api_virtualenv.py
[2023-04-02T10:42:08.945+0000] {processor.py:743} INFO - Processing file /home/airflow/.local/lib/python3.7/site-packages/airflow/example_dags/tutorial_taskflow_api_virtualenv.py for tasks to queue
[2023-04-02T10:42:08.956+0000] {logging_mixin.py:137} INFO - [2023-04-02T10:42:08.955+0000] {dagbag.py:532} INFO - Filling up the DagBag from /home/airflow/.local/lib/python3.7/site-packages/airflow/example_dags/tutorial_taskflow_api_virtualenv.py
[2023-04-02T10:42:09.061+0000] {processor.py:753} INFO - DAG(s) dict_keys(['tutorial_taskflow_api_virtualenv']) retrieved from /home/airflow/.local/lib/python3.7/site-packages/airflow/example_dags/tutorial_taskflow_api_virtualenv.py
[2023-04-02T10:42:09.214+0000] {logging_mixin.py:137} INFO - [2023-04-02T10:42:09.213+0000] {dag.py:2705} INFO - Sync 1 DAGs
[2023-04-02T10:42:09.374+0000] {logging_mixin.py:137} INFO - [2023-04-02T10:42:09.374+0000] {dag.py:3456} INFO - Setting next_dagrun for tutorial_taskflow_api_virtualenv to None, run_after=None
[2023-04-02T10:42:09.478+0000] {processor.py:175} INFO - Processing /home/airflow/.local/lib/python3.7/site-packages/airflow/example_dags/tutorial_taskflow_api_virtualenv.py took 0.567 seconds
[2023-04-02T10:42:39.649+0000] {processor.py:153} INFO - Started process (PID=4397) to work on /home/airflow/.local/lib/python3.7/site-packages/airflow/example_dags/tutorial_taskflow_api_virtualenv.py
[2023-04-02T10:42:39.658+0000] {processor.py:743} INFO - Processing file /home/airflow/.local/lib/python3.7/site-packages/airflow/example_dags/tutorial_taskflow_api_virtualenv.py for tasks to queue
[2023-04-02T10:42:39.665+0000] {logging_mixin.py:137} INFO - [2023-04-02T10:42:39.665+0000] {dagbag.py:532} INFO - Filling up the DagBag from /home/airflow/.local/lib/python3.7/site-packages/airflow/example_dags/tutorial_taskflow_api_virtualenv.py
[2023-04-02T10:42:39.704+0000] {processor.py:753} INFO - DAG(s) dict_keys(['tutorial_taskflow_api_virtualenv']) retrieved from /home/airflow/.local/lib/python3.7/site-packages/airflow/example_dags/tutorial_taskflow_api_virtualenv.py
[2023-04-02T10:42:39.741+0000] {logging_mixin.py:137} INFO - [2023-04-02T10:42:39.741+0000] {dag.py:2705} INFO - Sync 1 DAGs
[2023-04-02T10:42:39.778+0000] {logging_mixin.py:137} INFO - [2023-04-02T10:42:39.778+0000] {dag.py:3456} INFO - Setting next_dagrun for tutorial_taskflow_api_virtualenv to None, run_after=None
[2023-04-02T10:42:39.816+0000] {processor.py:175} INFO - Processing /home/airflow/.local/lib/python3.7/site-packages/airflow/example_dags/tutorial_taskflow_api_virtualenv.py took 0.172 seconds
[2023-04-02T10:43:10.747+0000] {processor.py:153} INFO - Started process (PID=4613) to work on /home/airflow/.local/lib/python3.7/site-packages/airflow/example_dags/tutorial_taskflow_api_virtualenv.py
[2023-04-02T10:43:10.753+0000] {processor.py:743} INFO - Processing file /home/airflow/.local/lib/python3.7/site-packages/airflow/example_dags/tutorial_taskflow_api_virtualenv.py for tasks to queue
[2023-04-02T10:43:10.757+0000] {logging_mixin.py:137} INFO - [2023-04-02T10:43:10.756+0000] {dagbag.py:532} INFO - Filling up the DagBag from /home/airflow/.local/lib/python3.7/site-packages/airflow/example_dags/tutorial_taskflow_api_virtualenv.py
[2023-04-02T10:43:10.825+0000] {processor.py:753} INFO - DAG(s) dict_keys(['tutorial_taskflow_api_virtualenv']) retrieved from /home/airflow/.local/lib/python3.7/site-packages/airflow/example_dags/tutorial_taskflow_api_virtualenv.py
[2023-04-02T10:43:10.897+0000] {logging_mixin.py:137} INFO - [2023-04-02T10:43:10.897+0000] {dag.py:2705} INFO - Sync 1 DAGs
[2023-04-02T10:43:10.975+0000] {logging_mixin.py:137} INFO - [2023-04-02T10:43:10.975+0000] {dag.py:3456} INFO - Setting next_dagrun for tutorial_taskflow_api_virtualenv to None, run_after=None
[2023-04-02T10:43:11.012+0000] {processor.py:175} INFO - Processing /home/airflow/.local/lib/python3.7/site-packages/airflow/example_dags/tutorial_taskflow_api_virtualenv.py took 0.276 seconds
[2023-04-02T10:43:41.157+0000] {processor.py:153} INFO - Started process (PID=4831) to work on /home/airflow/.local/lib/python3.7/site-packages/airflow/example_dags/tutorial_taskflow_api_virtualenv.py
[2023-04-02T10:43:41.159+0000] {processor.py:743} INFO - Processing file /home/airflow/.local/lib/python3.7/site-packages/airflow/example_dags/tutorial_taskflow_api_virtualenv.py for tasks to queue
[2023-04-02T10:43:41.161+0000] {logging_mixin.py:137} INFO - [2023-04-02T10:43:41.161+0000] {dagbag.py:532} INFO - Filling up the DagBag from /home/airflow/.local/lib/python3.7/site-packages/airflow/example_dags/tutorial_taskflow_api_virtualenv.py
[2023-04-02T10:43:41.207+0000] {processor.py:753} INFO - DAG(s) dict_keys(['tutorial_taskflow_api_virtualenv']) retrieved from /home/airflow/.local/lib/python3.7/site-packages/airflow/example_dags/tutorial_taskflow_api_virtualenv.py
[2023-04-02T10:43:41.257+0000] {logging_mixin.py:137} INFO - [2023-04-02T10:43:41.257+0000] {dag.py:2705} INFO - Sync 1 DAGs
[2023-04-02T10:43:41.312+0000] {logging_mixin.py:137} INFO - [2023-04-02T10:43:41.312+0000] {dag.py:3456} INFO - Setting next_dagrun for tutorial_taskflow_api_virtualenv to None, run_after=None
[2023-04-02T10:43:41.343+0000] {processor.py:175} INFO - Processing /home/airflow/.local/lib/python3.7/site-packages/airflow/example_dags/tutorial_taskflow_api_virtualenv.py took 0.197 seconds
[2023-04-02T10:44:11.960+0000] {processor.py:153} INFO - Started process (PID=5049) to work on /home/airflow/.local/lib/python3.7/site-packages/airflow/example_dags/tutorial_taskflow_api_virtualenv.py
[2023-04-02T10:44:11.964+0000] {processor.py:743} INFO - Processing file /home/airflow/.local/lib/python3.7/site-packages/airflow/example_dags/tutorial_taskflow_api_virtualenv.py for tasks to queue
[2023-04-02T10:44:11.970+0000] {logging_mixin.py:137} INFO - [2023-04-02T10:44:11.969+0000] {dagbag.py:532} INFO - Filling up the DagBag from /home/airflow/.local/lib/python3.7/site-packages/airflow/example_dags/tutorial_taskflow_api_virtualenv.py
[2023-04-02T10:44:12.101+0000] {processor.py:753} INFO - DAG(s) dict_keys(['tutorial_taskflow_api_virtualenv']) retrieved from /home/airflow/.local/lib/python3.7/site-packages/airflow/example_dags/tutorial_taskflow_api_virtualenv.py
[2023-04-02T10:44:12.181+0000] {logging_mixin.py:137} INFO - [2023-04-02T10:44:12.180+0000] {dag.py:2705} INFO - Sync 1 DAGs
[2023-04-02T10:44:12.284+0000] {logging_mixin.py:137} INFO - [2023-04-02T10:44:12.283+0000] {dag.py:3456} INFO - Setting next_dagrun for tutorial_taskflow_api_virtualenv to None, run_after=None
[2023-04-02T10:44:12.335+0000] {processor.py:175} INFO - Processing /home/airflow/.local/lib/python3.7/site-packages/airflow/example_dags/tutorial_taskflow_api_virtualenv.py took 0.381 seconds
[2023-04-02T10:44:42.964+0000] {processor.py:153} INFO - Started process (PID=5267) to work on /home/airflow/.local/lib/python3.7/site-packages/airflow/example_dags/tutorial_taskflow_api_virtualenv.py
[2023-04-02T10:44:42.966+0000] {processor.py:743} INFO - Processing file /home/airflow/.local/lib/python3.7/site-packages/airflow/example_dags/tutorial_taskflow_api_virtualenv.py for tasks to queue
[2023-04-02T10:44:42.970+0000] {logging_mixin.py:137} INFO - [2023-04-02T10:44:42.969+0000] {dagbag.py:532} INFO - Filling up the DagBag from /home/airflow/.local/lib/python3.7/site-packages/airflow/example_dags/tutorial_taskflow_api_virtualenv.py
[2023-04-02T10:44:43.057+0000] {processor.py:753} INFO - DAG(s) dict_keys(['tutorial_taskflow_api_virtualenv']) retrieved from /home/airflow/.local/lib/python3.7/site-packages/airflow/example_dags/tutorial_taskflow_api_virtualenv.py
[2023-04-02T10:44:43.177+0000] {logging_mixin.py:137} INFO - [2023-04-02T10:44:43.176+0000] {dag.py:2705} INFO - Sync 1 DAGs
[2023-04-02T10:44:43.263+0000] {logging_mixin.py:137} INFO - [2023-04-02T10:44:43.262+0000] {dag.py:3456} INFO - Setting next_dagrun for tutorial_taskflow_api_virtualenv to None, run_after=None
[2023-04-02T10:44:43.305+0000] {processor.py:175} INFO - Processing /home/airflow/.local/lib/python3.7/site-packages/airflow/example_dags/tutorial_taskflow_api_virtualenv.py took 0.356 seconds
[2023-04-02T10:45:13.546+0000] {processor.py:153} INFO - Started process (PID=5485) to work on /home/airflow/.local/lib/python3.7/site-packages/airflow/example_dags/tutorial_taskflow_api_virtualenv.py
[2023-04-02T10:45:13.548+0000] {processor.py:743} INFO - Processing file /home/airflow/.local/lib/python3.7/site-packages/airflow/example_dags/tutorial_taskflow_api_virtualenv.py for tasks to queue
[2023-04-02T10:45:13.552+0000] {logging_mixin.py:137} INFO - [2023-04-02T10:45:13.551+0000] {dagbag.py:532} INFO - Filling up the DagBag from /home/airflow/.local/lib/python3.7/site-packages/airflow/example_dags/tutorial_taskflow_api_virtualenv.py
[2023-04-02T10:45:13.587+0000] {processor.py:753} INFO - DAG(s) dict_keys(['tutorial_taskflow_api_virtualenv']) retrieved from /home/airflow/.local/lib/python3.7/site-packages/airflow/example_dags/tutorial_taskflow_api_virtualenv.py
[2023-04-02T10:45:13.631+0000] {logging_mixin.py:137} INFO - [2023-04-02T10:45:13.631+0000] {dag.py:2705} INFO - Sync 1 DAGs
[2023-04-02T10:45:13.679+0000] {logging_mixin.py:137} INFO - [2023-04-02T10:45:13.679+0000] {dag.py:3456} INFO - Setting next_dagrun for tutorial_taskflow_api_virtualenv to None, run_after=None
[2023-04-02T10:45:13.715+0000] {processor.py:175} INFO - Processing /home/airflow/.local/lib/python3.7/site-packages/airflow/example_dags/tutorial_taskflow_api_virtualenv.py took 0.175 seconds
[2023-04-02T10:45:44.268+0000] {processor.py:153} INFO - Started process (PID=5703) to work on /home/airflow/.local/lib/python3.7/site-packages/airflow/example_dags/tutorial_taskflow_api_virtualenv.py
[2023-04-02T10:45:44.271+0000] {processor.py:743} INFO - Processing file /home/airflow/.local/lib/python3.7/site-packages/airflow/example_dags/tutorial_taskflow_api_virtualenv.py for tasks to queue
[2023-04-02T10:45:44.275+0000] {logging_mixin.py:137} INFO - [2023-04-02T10:45:44.275+0000] {dagbag.py:532} INFO - Filling up the DagBag from /home/airflow/.local/lib/python3.7/site-packages/airflow/example_dags/tutorial_taskflow_api_virtualenv.py
[2023-04-02T10:45:44.313+0000] {processor.py:753} INFO - DAG(s) dict_keys(['tutorial_taskflow_api_virtualenv']) retrieved from /home/airflow/.local/lib/python3.7/site-packages/airflow/example_dags/tutorial_taskflow_api_virtualenv.py
[2023-04-02T10:45:44.357+0000] {logging_mixin.py:137} INFO - [2023-04-02T10:45:44.357+0000] {dag.py:2705} INFO - Sync 1 DAGs
[2023-04-02T10:45:44.403+0000] {logging_mixin.py:137} INFO - [2023-04-02T10:45:44.403+0000] {dag.py:3456} INFO - Setting next_dagrun for tutorial_taskflow_api_virtualenv to None, run_after=None
[2023-04-02T10:45:44.437+0000] {processor.py:175} INFO - Processing /home/airflow/.local/lib/python3.7/site-packages/airflow/example_dags/tutorial_taskflow_api_virtualenv.py took 0.178 seconds
[2023-04-02T10:46:14.764+0000] {processor.py:153} INFO - Started process (PID=5921) to work on /home/airflow/.local/lib/python3.7/site-packages/airflow/example_dags/tutorial_taskflow_api_virtualenv.py
[2023-04-02T10:46:14.767+0000] {processor.py:743} INFO - Processing file /home/airflow/.local/lib/python3.7/site-packages/airflow/example_dags/tutorial_taskflow_api_virtualenv.py for tasks to queue
[2023-04-02T10:46:14.770+0000] {logging_mixin.py:137} INFO - [2023-04-02T10:46:14.769+0000] {dagbag.py:532} INFO - Filling up the DagBag from /home/airflow/.local/lib/python3.7/site-packages/airflow/example_dags/tutorial_taskflow_api_virtualenv.py
[2023-04-02T10:46:14.809+0000] {processor.py:753} INFO - DAG(s) dict_keys(['tutorial_taskflow_api_virtualenv']) retrieved from /home/airflow/.local/lib/python3.7/site-packages/airflow/example_dags/tutorial_taskflow_api_virtualenv.py
[2023-04-02T10:46:14.849+0000] {logging_mixin.py:137} INFO - [2023-04-02T10:46:14.849+0000] {dag.py:2705} INFO - Sync 1 DAGs
[2023-04-02T10:46:14.901+0000] {logging_mixin.py:137} INFO - [2023-04-02T10:46:14.901+0000] {dag.py:3456} INFO - Setting next_dagrun for tutorial_taskflow_api_virtualenv to None, run_after=None
[2023-04-02T10:46:14.933+0000] {processor.py:175} INFO - Processing /home/airflow/.local/lib/python3.7/site-packages/airflow/example_dags/tutorial_taskflow_api_virtualenv.py took 0.174 seconds
[2023-04-02T10:46:45.234+0000] {processor.py:153} INFO - Started process (PID=6140) to work on /home/airflow/.local/lib/python3.7/site-packages/airflow/example_dags/tutorial_taskflow_api_virtualenv.py
[2023-04-02T10:46:45.237+0000] {processor.py:743} INFO - Processing file /home/airflow/.local/lib/python3.7/site-packages/airflow/example_dags/tutorial_taskflow_api_virtualenv.py for tasks to queue
[2023-04-02T10:46:45.240+0000] {logging_mixin.py:137} INFO - [2023-04-02T10:46:45.240+0000] {dagbag.py:532} INFO - Filling up the DagBag from /home/airflow/.local/lib/python3.7/site-packages/airflow/example_dags/tutorial_taskflow_api_virtualenv.py
[2023-04-02T10:46:45.277+0000] {processor.py:753} INFO - DAG(s) dict_keys(['tutorial_taskflow_api_virtualenv']) retrieved from /home/airflow/.local/lib/python3.7/site-packages/airflow/example_dags/tutorial_taskflow_api_virtualenv.py
[2023-04-02T10:46:45.317+0000] {logging_mixin.py:137} INFO - [2023-04-02T10:46:45.316+0000] {dag.py:2705} INFO - Sync 1 DAGs
[2023-04-02T10:46:45.355+0000] {logging_mixin.py:137} INFO - [2023-04-02T10:46:45.355+0000] {dag.py:3456} INFO - Setting next_dagrun for tutorial_taskflow_api_virtualenv to None, run_after=None
[2023-04-02T10:46:45.394+0000] {processor.py:175} INFO - Processing /home/airflow/.local/lib/python3.7/site-packages/airflow/example_dags/tutorial_taskflow_api_virtualenv.py took 0.164 seconds
[2023-04-02T10:47:15.916+0000] {processor.py:153} INFO - Started process (PID=6358) to work on /home/airflow/.local/lib/python3.7/site-packages/airflow/example_dags/tutorial_taskflow_api_virtualenv.py
[2023-04-02T10:47:15.919+0000] {processor.py:743} INFO - Processing file /home/airflow/.local/lib/python3.7/site-packages/airflow/example_dags/tutorial_taskflow_api_virtualenv.py for tasks to queue
[2023-04-02T10:47:15.922+0000] {logging_mixin.py:137} INFO - [2023-04-02T10:47:15.921+0000] {dagbag.py:532} INFO - Filling up the DagBag from /home/airflow/.local/lib/python3.7/site-packages/airflow/example_dags/tutorial_taskflow_api_virtualenv.py
[2023-04-02T10:47:15.960+0000] {processor.py:753} INFO - DAG(s) dict_keys(['tutorial_taskflow_api_virtualenv']) retrieved from /home/airflow/.local/lib/python3.7/site-packages/airflow/example_dags/tutorial_taskflow_api_virtualenv.py
[2023-04-02T10:47:16.015+0000] {logging_mixin.py:137} INFO - [2023-04-02T10:47:16.015+0000] {dag.py:2705} INFO - Sync 1 DAGs
[2023-04-02T10:47:16.057+0000] {logging_mixin.py:137} INFO - [2023-04-02T10:47:16.057+0000] {dag.py:3456} INFO - Setting next_dagrun for tutorial_taskflow_api_virtualenv to None, run_after=None
[2023-04-02T10:47:16.092+0000] {processor.py:175} INFO - Processing /home/airflow/.local/lib/python3.7/site-packages/airflow/example_dags/tutorial_taskflow_api_virtualenv.py took 0.184 seconds
[2023-04-02T10:47:46.795+0000] {processor.py:153} INFO - Started process (PID=6577) to work on /home/airflow/.local/lib/python3.7/site-packages/airflow/example_dags/tutorial_taskflow_api_virtualenv.py
[2023-04-02T10:47:46.800+0000] {processor.py:743} INFO - Processing file /home/airflow/.local/lib/python3.7/site-packages/airflow/example_dags/tutorial_taskflow_api_virtualenv.py for tasks to queue
[2023-04-02T10:47:46.814+0000] {logging_mixin.py:137} INFO - [2023-04-02T10:47:46.814+0000] {dagbag.py:532} INFO - Filling up the DagBag from /home/airflow/.local/lib/python3.7/site-packages/airflow/example_dags/tutorial_taskflow_api_virtualenv.py
[2023-04-02T10:47:46.926+0000] {processor.py:753} INFO - DAG(s) dict_keys(['tutorial_taskflow_api_virtualenv']) retrieved from /home/airflow/.local/lib/python3.7/site-packages/airflow/example_dags/tutorial_taskflow_api_virtualenv.py
[2023-04-02T10:47:47.029+0000] {logging_mixin.py:137} INFO - [2023-04-02T10:47:47.028+0000] {dag.py:2705} INFO - Sync 1 DAGs
[2023-04-02T10:47:47.105+0000] {logging_mixin.py:137} INFO - [2023-04-02T10:47:47.104+0000] {dag.py:3456} INFO - Setting next_dagrun for tutorial_taskflow_api_virtualenv to None, run_after=None
[2023-04-02T10:47:47.177+0000] {processor.py:175} INFO - Processing /home/airflow/.local/lib/python3.7/site-packages/airflow/example_dags/tutorial_taskflow_api_virtualenv.py took 0.391 seconds
[2023-04-02T10:48:17.332+0000] {processor.py:153} INFO - Started process (PID=6794) to work on /home/airflow/.local/lib/python3.7/site-packages/airflow/example_dags/tutorial_taskflow_api_virtualenv.py
[2023-04-02T10:48:17.334+0000] {processor.py:743} INFO - Processing file /home/airflow/.local/lib/python3.7/site-packages/airflow/example_dags/tutorial_taskflow_api_virtualenv.py for tasks to queue
[2023-04-02T10:48:17.337+0000] {logging_mixin.py:137} INFO - [2023-04-02T10:48:17.336+0000] {dagbag.py:532} INFO - Filling up the DagBag from /home/airflow/.local/lib/python3.7/site-packages/airflow/example_dags/tutorial_taskflow_api_virtualenv.py
[2023-04-02T10:48:17.407+0000] {processor.py:753} INFO - DAG(s) dict_keys(['tutorial_taskflow_api_virtualenv']) retrieved from /home/airflow/.local/lib/python3.7/site-packages/airflow/example_dags/tutorial_taskflow_api_virtualenv.py
[2023-04-02T10:48:17.469+0000] {logging_mixin.py:137} INFO - [2023-04-02T10:48:17.468+0000] {dag.py:2705} INFO - Sync 1 DAGs
[2023-04-02T10:48:17.522+0000] {logging_mixin.py:137} INFO - [2023-04-02T10:48:17.521+0000] {dag.py:3456} INFO - Setting next_dagrun for tutorial_taskflow_api_virtualenv to None, run_after=None
[2023-04-02T10:48:17.559+0000] {processor.py:175} INFO - Processing /home/airflow/.local/lib/python3.7/site-packages/airflow/example_dags/tutorial_taskflow_api_virtualenv.py took 0.231 seconds
[2023-04-02T10:48:47.854+0000] {processor.py:153} INFO - Started process (PID=7014) to work on /home/airflow/.local/lib/python3.7/site-packages/airflow/example_dags/tutorial_taskflow_api_virtualenv.py
[2023-04-02T10:48:47.855+0000] {processor.py:743} INFO - Processing file /home/airflow/.local/lib/python3.7/site-packages/airflow/example_dags/tutorial_taskflow_api_virtualenv.py for tasks to queue
[2023-04-02T10:48:47.857+0000] {logging_mixin.py:137} INFO - [2023-04-02T10:48:47.857+0000] {dagbag.py:532} INFO - Filling up the DagBag from /home/airflow/.local/lib/python3.7/site-packages/airflow/example_dags/tutorial_taskflow_api_virtualenv.py
[2023-04-02T10:48:47.885+0000] {processor.py:753} INFO - DAG(s) dict_keys(['tutorial_taskflow_api_virtualenv']) retrieved from /home/airflow/.local/lib/python3.7/site-packages/airflow/example_dags/tutorial_taskflow_api_virtualenv.py
[2023-04-02T10:48:47.917+0000] {logging_mixin.py:137} INFO - [2023-04-02T10:48:47.917+0000] {dag.py:2705} INFO - Sync 1 DAGs
[2023-04-02T10:48:47.955+0000] {logging_mixin.py:137} INFO - [2023-04-02T10:48:47.955+0000] {dag.py:3456} INFO - Setting next_dagrun for tutorial_taskflow_api_virtualenv to None, run_after=None
[2023-04-02T10:48:47.989+0000] {processor.py:175} INFO - Processing /home/airflow/.local/lib/python3.7/site-packages/airflow/example_dags/tutorial_taskflow_api_virtualenv.py took 0.140 seconds
[2023-04-02T10:49:18.306+0000] {processor.py:153} INFO - Started process (PID=7230) to work on /home/airflow/.local/lib/python3.7/site-packages/airflow/example_dags/tutorial_taskflow_api_virtualenv.py
[2023-04-02T10:49:18.308+0000] {processor.py:743} INFO - Processing file /home/airflow/.local/lib/python3.7/site-packages/airflow/example_dags/tutorial_taskflow_api_virtualenv.py for tasks to queue
[2023-04-02T10:49:18.313+0000] {logging_mixin.py:137} INFO - [2023-04-02T10:49:18.312+0000] {dagbag.py:532} INFO - Filling up the DagBag from /home/airflow/.local/lib/python3.7/site-packages/airflow/example_dags/tutorial_taskflow_api_virtualenv.py
[2023-04-02T10:49:18.360+0000] {processor.py:753} INFO - DAG(s) dict_keys(['tutorial_taskflow_api_virtualenv']) retrieved from /home/airflow/.local/lib/python3.7/site-packages/airflow/example_dags/tutorial_taskflow_api_virtualenv.py
[2023-04-02T10:49:18.434+0000] {logging_mixin.py:137} INFO - [2023-04-02T10:49:18.434+0000] {dag.py:2705} INFO - Sync 1 DAGs
[2023-04-02T10:49:18.486+0000] {logging_mixin.py:137} INFO - [2023-04-02T10:49:18.485+0000] {dag.py:3456} INFO - Setting next_dagrun for tutorial_taskflow_api_virtualenv to None, run_after=None
[2023-04-02T10:49:18.532+0000] {processor.py:175} INFO - Processing /home/airflow/.local/lib/python3.7/site-packages/airflow/example_dags/tutorial_taskflow_api_virtualenv.py took 0.233 seconds
[2023-04-02T10:49:49.526+0000] {processor.py:153} INFO - Started process (PID=7448) to work on /home/airflow/.local/lib/python3.7/site-packages/airflow/example_dags/tutorial_taskflow_api_virtualenv.py
[2023-04-02T10:49:49.529+0000] {processor.py:743} INFO - Processing file /home/airflow/.local/lib/python3.7/site-packages/airflow/example_dags/tutorial_taskflow_api_virtualenv.py for tasks to queue
[2023-04-02T10:49:49.531+0000] {logging_mixin.py:137} INFO - [2023-04-02T10:49:49.530+0000] {dagbag.py:532} INFO - Filling up the DagBag from /home/airflow/.local/lib/python3.7/site-packages/airflow/example_dags/tutorial_taskflow_api_virtualenv.py
[2023-04-02T10:49:49.570+0000] {processor.py:753} INFO - DAG(s) dict_keys(['tutorial_taskflow_api_virtualenv']) retrieved from /home/airflow/.local/lib/python3.7/site-packages/airflow/example_dags/tutorial_taskflow_api_virtualenv.py
[2023-04-02T10:49:49.602+0000] {logging_mixin.py:137} INFO - [2023-04-02T10:49:49.602+0000] {dag.py:2705} INFO - Sync 1 DAGs
[2023-04-02T10:49:49.659+0000] {logging_mixin.py:137} INFO - [2023-04-02T10:49:49.659+0000] {dag.py:3456} INFO - Setting next_dagrun for tutorial_taskflow_api_virtualenv to None, run_after=None
[2023-04-02T10:49:49.697+0000] {processor.py:175} INFO - Processing /home/airflow/.local/lib/python3.7/site-packages/airflow/example_dags/tutorial_taskflow_api_virtualenv.py took 0.176 seconds
[2023-04-02T10:50:20.191+0000] {processor.py:153} INFO - Started process (PID=7666) to work on /home/airflow/.local/lib/python3.7/site-packages/airflow/example_dags/tutorial_taskflow_api_virtualenv.py
[2023-04-02T10:50:20.199+0000] {processor.py:743} INFO - Processing file /home/airflow/.local/lib/python3.7/site-packages/airflow/example_dags/tutorial_taskflow_api_virtualenv.py for tasks to queue
[2023-04-02T10:50:20.201+0000] {logging_mixin.py:137} INFO - [2023-04-02T10:50:20.201+0000] {dagbag.py:532} INFO - Filling up the DagBag from /home/airflow/.local/lib/python3.7/site-packages/airflow/example_dags/tutorial_taskflow_api_virtualenv.py
[2023-04-02T10:50:20.285+0000] {processor.py:753} INFO - DAG(s) dict_keys(['tutorial_taskflow_api_virtualenv']) retrieved from /home/airflow/.local/lib/python3.7/site-packages/airflow/example_dags/tutorial_taskflow_api_virtualenv.py
[2023-04-02T10:50:20.337+0000] {logging_mixin.py:137} INFO - [2023-04-02T10:50:20.337+0000] {dag.py:2705} INFO - Sync 1 DAGs
[2023-04-02T10:50:20.377+0000] {logging_mixin.py:137} INFO - [2023-04-02T10:50:20.377+0000] {dag.py:3456} INFO - Setting next_dagrun for tutorial_taskflow_api_virtualenv to None, run_after=None
[2023-04-02T10:50:20.409+0000] {processor.py:175} INFO - Processing /home/airflow/.local/lib/python3.7/site-packages/airflow/example_dags/tutorial_taskflow_api_virtualenv.py took 0.227 seconds
