[2023-04-02T10:32:47.904+0000] {processor.py:153} INFO - Started process (PID=298) to work on /home/airflow/.local/lib/python3.7/site-packages/airflow/example_dags/tutorial.py
[2023-04-02T10:32:47.917+0000] {processor.py:743} INFO - Processing file /home/airflow/.local/lib/python3.7/site-packages/airflow/example_dags/tutorial.py for tasks to queue
[2023-04-02T10:32:47.922+0000] {logging_mixin.py:137} INFO - [2023-04-02T10:32:47.922+0000] {dagbag.py:532} INFO - Filling up the DagBag from /home/airflow/.local/lib/python3.7/site-packages/airflow/example_dags/tutorial.py
[2023-04-02T10:32:47.958+0000] {processor.py:753} INFO - DAG(s) dict_keys(['tutorial']) retrieved from /home/airflow/.local/lib/python3.7/site-packages/airflow/example_dags/tutorial.py
[2023-04-02T10:32:47.989+0000] {logging_mixin.py:137} INFO - [2023-04-02T10:32:47.989+0000] {dag.py:2705} INFO - Sync 1 DAGs
[2023-04-02T10:32:48.044+0000] {logging_mixin.py:137} INFO - [2023-04-02T10:32:48.043+0000] {dag.py:3456} INFO - Setting next_dagrun for tutorial to 2023-04-01T10:32:48.043415+00:00, run_after=2023-04-02T10:32:48.043415+00:00
[2023-04-02T10:32:48.079+0000] {processor.py:175} INFO - Processing /home/airflow/.local/lib/python3.7/site-packages/airflow/example_dags/tutorial.py took 0.183 seconds
[2023-04-02T10:33:22.653+0000] {processor.py:153} INFO - Started process (PID=516) to work on /home/airflow/.local/lib/python3.7/site-packages/airflow/example_dags/tutorial.py
[2023-04-02T10:33:22.657+0000] {processor.py:743} INFO - Processing file /home/airflow/.local/lib/python3.7/site-packages/airflow/example_dags/tutorial.py for tasks to queue
[2023-04-02T10:33:22.664+0000] {logging_mixin.py:137} INFO - [2023-04-02T10:33:22.662+0000] {dagbag.py:532} INFO - Filling up the DagBag from /home/airflow/.local/lib/python3.7/site-packages/airflow/example_dags/tutorial.py
[2023-04-02T10:33:22.754+0000] {processor.py:753} INFO - DAG(s) dict_keys(['tutorial']) retrieved from /home/airflow/.local/lib/python3.7/site-packages/airflow/example_dags/tutorial.py
[2023-04-02T10:33:22.780+0000] {logging_mixin.py:137} INFO - [2023-04-02T10:33:22.780+0000] {dag.py:2705} INFO - Sync 1 DAGs
[2023-04-02T10:33:22.853+0000] {logging_mixin.py:137} INFO - [2023-04-02T10:33:22.852+0000] {dag.py:3456} INFO - Setting next_dagrun for tutorial to 2023-04-01T10:33:22.852155+00:00, run_after=2023-04-02T10:33:22.852155+00:00
[2023-04-02T10:33:22.892+0000] {processor.py:175} INFO - Processing /home/airflow/.local/lib/python3.7/site-packages/airflow/example_dags/tutorial.py took 0.252 seconds
[2023-04-02T10:33:55.713+0000] {processor.py:153} INFO - Started process (PID=737) to work on /home/airflow/.local/lib/python3.7/site-packages/airflow/example_dags/tutorial.py
[2023-04-02T10:33:55.716+0000] {processor.py:743} INFO - Processing file /home/airflow/.local/lib/python3.7/site-packages/airflow/example_dags/tutorial.py for tasks to queue
[2023-04-02T10:33:55.719+0000] {logging_mixin.py:137} INFO - [2023-04-02T10:33:55.719+0000] {dagbag.py:532} INFO - Filling up the DagBag from /home/airflow/.local/lib/python3.7/site-packages/airflow/example_dags/tutorial.py
[2023-04-02T10:33:55.749+0000] {processor.py:753} INFO - DAG(s) dict_keys(['tutorial']) retrieved from /home/airflow/.local/lib/python3.7/site-packages/airflow/example_dags/tutorial.py
[2023-04-02T10:33:55.849+0000] {logging_mixin.py:137} INFO - [2023-04-02T10:33:55.848+0000] {dag.py:2705} INFO - Sync 1 DAGs
[2023-04-02T10:33:55.983+0000] {logging_mixin.py:137} INFO - [2023-04-02T10:33:55.982+0000] {dag.py:3456} INFO - Setting next_dagrun for tutorial to 2023-04-01T10:33:55.982322+00:00, run_after=2023-04-02T10:33:55.982322+00:00
[2023-04-02T10:33:56.037+0000] {processor.py:175} INFO - Processing /home/airflow/.local/lib/python3.7/site-packages/airflow/example_dags/tutorial.py took 0.332 seconds
[2023-04-02T10:34:27.200+0000] {processor.py:153} INFO - Started process (PID=953) to work on /home/airflow/.local/lib/python3.7/site-packages/airflow/example_dags/tutorial.py
[2023-04-02T10:34:27.209+0000] {processor.py:743} INFO - Processing file /home/airflow/.local/lib/python3.7/site-packages/airflow/example_dags/tutorial.py for tasks to queue
[2023-04-02T10:34:27.213+0000] {logging_mixin.py:137} INFO - [2023-04-02T10:34:27.212+0000] {dagbag.py:532} INFO - Filling up the DagBag from /home/airflow/.local/lib/python3.7/site-packages/airflow/example_dags/tutorial.py
[2023-04-02T10:34:27.253+0000] {processor.py:753} INFO - DAG(s) dict_keys(['tutorial']) retrieved from /home/airflow/.local/lib/python3.7/site-packages/airflow/example_dags/tutorial.py
[2023-04-02T10:34:27.293+0000] {logging_mixin.py:137} INFO - [2023-04-02T10:34:27.293+0000] {dag.py:2705} INFO - Sync 1 DAGs
[2023-04-02T10:34:27.363+0000] {logging_mixin.py:137} INFO - [2023-04-02T10:34:27.362+0000] {dag.py:3456} INFO - Setting next_dagrun for tutorial to 2023-04-01T10:34:27.362407+00:00, run_after=2023-04-02T10:34:27.362407+00:00
[2023-04-02T10:34:27.418+0000] {processor.py:175} INFO - Processing /home/airflow/.local/lib/python3.7/site-packages/airflow/example_dags/tutorial.py took 0.228 seconds
[2023-04-02T10:34:57.669+0000] {processor.py:153} INFO - Started process (PID=1172) to work on /home/airflow/.local/lib/python3.7/site-packages/airflow/example_dags/tutorial.py
[2023-04-02T10:34:57.676+0000] {processor.py:743} INFO - Processing file /home/airflow/.local/lib/python3.7/site-packages/airflow/example_dags/tutorial.py for tasks to queue
[2023-04-02T10:34:57.679+0000] {logging_mixin.py:137} INFO - [2023-04-02T10:34:57.678+0000] {dagbag.py:532} INFO - Filling up the DagBag from /home/airflow/.local/lib/python3.7/site-packages/airflow/example_dags/tutorial.py
[2023-04-02T10:34:57.737+0000] {processor.py:753} INFO - DAG(s) dict_keys(['tutorial']) retrieved from /home/airflow/.local/lib/python3.7/site-packages/airflow/example_dags/tutorial.py
[2023-04-02T10:34:57.823+0000] {logging_mixin.py:137} INFO - [2023-04-02T10:34:57.823+0000] {dag.py:2705} INFO - Sync 1 DAGs
[2023-04-02T10:34:57.875+0000] {logging_mixin.py:137} INFO - [2023-04-02T10:34:57.875+0000] {dag.py:3456} INFO - Setting next_dagrun for tutorial to 2023-04-01T10:34:57.874732+00:00, run_after=2023-04-02T10:34:57.874732+00:00
[2023-04-02T10:34:57.912+0000] {processor.py:175} INFO - Processing /home/airflow/.local/lib/python3.7/site-packages/airflow/example_dags/tutorial.py took 0.248 seconds
[2023-04-02T10:35:28.781+0000] {processor.py:153} INFO - Started process (PID=1390) to work on /home/airflow/.local/lib/python3.7/site-packages/airflow/example_dags/tutorial.py
[2023-04-02T10:35:28.790+0000] {processor.py:743} INFO - Processing file /home/airflow/.local/lib/python3.7/site-packages/airflow/example_dags/tutorial.py for tasks to queue
[2023-04-02T10:35:28.797+0000] {logging_mixin.py:137} INFO - [2023-04-02T10:35:28.796+0000] {dagbag.py:532} INFO - Filling up the DagBag from /home/airflow/.local/lib/python3.7/site-packages/airflow/example_dags/tutorial.py
[2023-04-02T10:35:28.873+0000] {processor.py:753} INFO - DAG(s) dict_keys(['tutorial']) retrieved from /home/airflow/.local/lib/python3.7/site-packages/airflow/example_dags/tutorial.py
[2023-04-02T10:35:28.946+0000] {logging_mixin.py:137} INFO - [2023-04-02T10:35:28.945+0000] {dag.py:2705} INFO - Sync 1 DAGs
[2023-04-02T10:35:29.020+0000] {logging_mixin.py:137} INFO - [2023-04-02T10:35:29.020+0000] {dag.py:3456} INFO - Setting next_dagrun for tutorial to 2023-04-01T10:35:29.019735+00:00, run_after=2023-04-02T10:35:29.019735+00:00
[2023-04-02T10:35:29.095+0000] {processor.py:175} INFO - Processing /home/airflow/.local/lib/python3.7/site-packages/airflow/example_dags/tutorial.py took 0.329 seconds
[2023-04-02T10:35:59.617+0000] {processor.py:153} INFO - Started process (PID=1608) to work on /home/airflow/.local/lib/python3.7/site-packages/airflow/example_dags/tutorial.py
[2023-04-02T10:35:59.623+0000] {processor.py:743} INFO - Processing file /home/airflow/.local/lib/python3.7/site-packages/airflow/example_dags/tutorial.py for tasks to queue
[2023-04-02T10:35:59.630+0000] {logging_mixin.py:137} INFO - [2023-04-02T10:35:59.630+0000] {dagbag.py:532} INFO - Filling up the DagBag from /home/airflow/.local/lib/python3.7/site-packages/airflow/example_dags/tutorial.py
[2023-04-02T10:35:59.699+0000] {processor.py:753} INFO - DAG(s) dict_keys(['tutorial']) retrieved from /home/airflow/.local/lib/python3.7/site-packages/airflow/example_dags/tutorial.py
[2023-04-02T10:35:59.798+0000] {logging_mixin.py:137} INFO - [2023-04-02T10:35:59.798+0000] {dag.py:2705} INFO - Sync 1 DAGs
[2023-04-02T10:35:59.882+0000] {logging_mixin.py:137} INFO - [2023-04-02T10:35:59.882+0000] {dag.py:3456} INFO - Setting next_dagrun for tutorial to 2023-04-01T10:35:59.882187+00:00, run_after=2023-04-02T10:35:59.882187+00:00
[2023-04-02T10:36:00.030+0000] {processor.py:175} INFO - Processing /home/airflow/.local/lib/python3.7/site-packages/airflow/example_dags/tutorial.py took 0.421 seconds
[2023-04-02T10:36:30.327+0000] {processor.py:153} INFO - Started process (PID=1828) to work on /home/airflow/.local/lib/python3.7/site-packages/airflow/example_dags/tutorial.py
[2023-04-02T10:36:30.329+0000] {processor.py:743} INFO - Processing file /home/airflow/.local/lib/python3.7/site-packages/airflow/example_dags/tutorial.py for tasks to queue
[2023-04-02T10:36:30.332+0000] {logging_mixin.py:137} INFO - [2023-04-02T10:36:30.331+0000] {dagbag.py:532} INFO - Filling up the DagBag from /home/airflow/.local/lib/python3.7/site-packages/airflow/example_dags/tutorial.py
[2023-04-02T10:36:30.354+0000] {processor.py:753} INFO - DAG(s) dict_keys(['tutorial']) retrieved from /home/airflow/.local/lib/python3.7/site-packages/airflow/example_dags/tutorial.py
[2023-04-02T10:36:30.391+0000] {logging_mixin.py:137} INFO - [2023-04-02T10:36:30.391+0000] {dag.py:2705} INFO - Sync 1 DAGs
[2023-04-02T10:36:30.441+0000] {logging_mixin.py:137} INFO - [2023-04-02T10:36:30.441+0000] {dag.py:3456} INFO - Setting next_dagrun for tutorial to 2023-04-01T10:36:30.440472+00:00, run_after=2023-04-02T10:36:30.440472+00:00
[2023-04-02T10:36:30.467+0000] {processor.py:175} INFO - Processing /home/airflow/.local/lib/python3.7/site-packages/airflow/example_dags/tutorial.py took 0.146 seconds
[2023-04-02T10:37:01.251+0000] {processor.py:153} INFO - Started process (PID=2044) to work on /home/airflow/.local/lib/python3.7/site-packages/airflow/example_dags/tutorial.py
[2023-04-02T10:37:01.254+0000] {processor.py:743} INFO - Processing file /home/airflow/.local/lib/python3.7/site-packages/airflow/example_dags/tutorial.py for tasks to queue
[2023-04-02T10:37:01.256+0000] {logging_mixin.py:137} INFO - [2023-04-02T10:37:01.256+0000] {dagbag.py:532} INFO - Filling up the DagBag from /home/airflow/.local/lib/python3.7/site-packages/airflow/example_dags/tutorial.py
[2023-04-02T10:37:01.286+0000] {processor.py:753} INFO - DAG(s) dict_keys(['tutorial']) retrieved from /home/airflow/.local/lib/python3.7/site-packages/airflow/example_dags/tutorial.py
[2023-04-02T10:37:01.368+0000] {logging_mixin.py:137} INFO - [2023-04-02T10:37:01.368+0000] {dag.py:2705} INFO - Sync 1 DAGs
[2023-04-02T10:37:01.446+0000] {logging_mixin.py:137} INFO - [2023-04-02T10:37:01.445+0000] {dag.py:3456} INFO - Setting next_dagrun for tutorial to 2023-04-01T10:37:01.445521+00:00, run_after=2023-04-02T10:37:01.445521+00:00
[2023-04-02T10:37:01.539+0000] {processor.py:175} INFO - Processing /home/airflow/.local/lib/python3.7/site-packages/airflow/example_dags/tutorial.py took 0.299 seconds
[2023-04-02T10:37:31.783+0000] {processor.py:153} INFO - Started process (PID=2262) to work on /home/airflow/.local/lib/python3.7/site-packages/airflow/example_dags/tutorial.py
[2023-04-02T10:37:31.787+0000] {processor.py:743} INFO - Processing file /home/airflow/.local/lib/python3.7/site-packages/airflow/example_dags/tutorial.py for tasks to queue
[2023-04-02T10:37:31.791+0000] {logging_mixin.py:137} INFO - [2023-04-02T10:37:31.790+0000] {dagbag.py:532} INFO - Filling up the DagBag from /home/airflow/.local/lib/python3.7/site-packages/airflow/example_dags/tutorial.py
[2023-04-02T10:37:31.829+0000] {processor.py:753} INFO - DAG(s) dict_keys(['tutorial']) retrieved from /home/airflow/.local/lib/python3.7/site-packages/airflow/example_dags/tutorial.py
[2023-04-02T10:37:31.900+0000] {logging_mixin.py:137} INFO - [2023-04-02T10:37:31.900+0000] {dag.py:2705} INFO - Sync 1 DAGs
[2023-04-02T10:37:31.999+0000] {logging_mixin.py:137} INFO - [2023-04-02T10:37:31.998+0000] {dag.py:3456} INFO - Setting next_dagrun for tutorial to 2023-04-01T10:37:31.998528+00:00, run_after=2023-04-02T10:37:31.998528+00:00
[2023-04-02T10:37:32.075+0000] {processor.py:175} INFO - Processing /home/airflow/.local/lib/python3.7/site-packages/airflow/example_dags/tutorial.py took 0.298 seconds
[2023-04-02T10:38:02.854+0000] {processor.py:153} INFO - Started process (PID=2480) to work on /home/airflow/.local/lib/python3.7/site-packages/airflow/example_dags/tutorial.py
[2023-04-02T10:38:02.856+0000] {processor.py:743} INFO - Processing file /home/airflow/.local/lib/python3.7/site-packages/airflow/example_dags/tutorial.py for tasks to queue
[2023-04-02T10:38:02.858+0000] {logging_mixin.py:137} INFO - [2023-04-02T10:38:02.858+0000] {dagbag.py:532} INFO - Filling up the DagBag from /home/airflow/.local/lib/python3.7/site-packages/airflow/example_dags/tutorial.py
[2023-04-02T10:38:02.889+0000] {processor.py:753} INFO - DAG(s) dict_keys(['tutorial']) retrieved from /home/airflow/.local/lib/python3.7/site-packages/airflow/example_dags/tutorial.py
[2023-04-02T10:38:02.941+0000] {logging_mixin.py:137} INFO - [2023-04-02T10:38:02.941+0000] {dag.py:2705} INFO - Sync 1 DAGs
[2023-04-02T10:38:03.013+0000] {logging_mixin.py:137} INFO - [2023-04-02T10:38:03.013+0000] {dag.py:3456} INFO - Setting next_dagrun for tutorial to 2023-04-01T10:38:03.012480+00:00, run_after=2023-04-02T10:38:03.012480+00:00
[2023-04-02T10:38:03.064+0000] {processor.py:175} INFO - Processing /home/airflow/.local/lib/python3.7/site-packages/airflow/example_dags/tutorial.py took 0.218 seconds
[2023-04-02T10:38:33.835+0000] {processor.py:153} INFO - Started process (PID=2698) to work on /home/airflow/.local/lib/python3.7/site-packages/airflow/example_dags/tutorial.py
[2023-04-02T10:38:33.836+0000] {processor.py:743} INFO - Processing file /home/airflow/.local/lib/python3.7/site-packages/airflow/example_dags/tutorial.py for tasks to queue
[2023-04-02T10:38:33.838+0000] {logging_mixin.py:137} INFO - [2023-04-02T10:38:33.837+0000] {dagbag.py:532} INFO - Filling up the DagBag from /home/airflow/.local/lib/python3.7/site-packages/airflow/example_dags/tutorial.py
[2023-04-02T10:38:33.863+0000] {processor.py:753} INFO - DAG(s) dict_keys(['tutorial']) retrieved from /home/airflow/.local/lib/python3.7/site-packages/airflow/example_dags/tutorial.py
[2023-04-02T10:38:33.906+0000] {logging_mixin.py:137} INFO - [2023-04-02T10:38:33.906+0000] {dag.py:2705} INFO - Sync 1 DAGs
[2023-04-02T10:38:33.970+0000] {logging_mixin.py:137} INFO - [2023-04-02T10:38:33.969+0000] {dag.py:3456} INFO - Setting next_dagrun for tutorial to 2023-04-01T10:38:33.969548+00:00, run_after=2023-04-02T10:38:33.969548+00:00
[2023-04-02T10:38:34.009+0000] {processor.py:175} INFO - Processing /home/airflow/.local/lib/python3.7/site-packages/airflow/example_dags/tutorial.py took 0.181 seconds
[2023-04-02T10:39:05.026+0000] {processor.py:153} INFO - Started process (PID=2923) to work on /home/airflow/.local/lib/python3.7/site-packages/airflow/example_dags/tutorial.py
[2023-04-02T10:39:05.029+0000] {processor.py:743} INFO - Processing file /home/airflow/.local/lib/python3.7/site-packages/airflow/example_dags/tutorial.py for tasks to queue
[2023-04-02T10:39:05.030+0000] {logging_mixin.py:137} INFO - [2023-04-02T10:39:05.030+0000] {dagbag.py:532} INFO - Filling up the DagBag from /home/airflow/.local/lib/python3.7/site-packages/airflow/example_dags/tutorial.py
[2023-04-02T10:39:05.057+0000] {processor.py:753} INFO - DAG(s) dict_keys(['tutorial']) retrieved from /home/airflow/.local/lib/python3.7/site-packages/airflow/example_dags/tutorial.py
[2023-04-02T10:39:05.106+0000] {logging_mixin.py:137} INFO - [2023-04-02T10:39:05.106+0000] {dag.py:2705} INFO - Sync 1 DAGs
[2023-04-02T10:39:05.219+0000] {logging_mixin.py:137} INFO - [2023-04-02T10:39:05.219+0000] {dag.py:3456} INFO - Setting next_dagrun for tutorial to 2023-04-01T10:39:05.219195+00:00, run_after=2023-04-02T10:39:05.219195+00:00
[2023-04-02T10:39:05.294+0000] {processor.py:175} INFO - Processing /home/airflow/.local/lib/python3.7/site-packages/airflow/example_dags/tutorial.py took 0.272 seconds
[2023-04-02T10:39:36.053+0000] {processor.py:153} INFO - Started process (PID=3141) to work on /home/airflow/.local/lib/python3.7/site-packages/airflow/example_dags/tutorial.py
[2023-04-02T10:39:36.055+0000] {processor.py:743} INFO - Processing file /home/airflow/.local/lib/python3.7/site-packages/airflow/example_dags/tutorial.py for tasks to queue
[2023-04-02T10:39:36.058+0000] {logging_mixin.py:137} INFO - [2023-04-02T10:39:36.058+0000] {dagbag.py:532} INFO - Filling up the DagBag from /home/airflow/.local/lib/python3.7/site-packages/airflow/example_dags/tutorial.py
[2023-04-02T10:39:36.115+0000] {processor.py:753} INFO - DAG(s) dict_keys(['tutorial']) retrieved from /home/airflow/.local/lib/python3.7/site-packages/airflow/example_dags/tutorial.py
[2023-04-02T10:39:36.173+0000] {logging_mixin.py:137} INFO - [2023-04-02T10:39:36.173+0000] {dag.py:2705} INFO - Sync 1 DAGs
[2023-04-02T10:39:36.235+0000] {logging_mixin.py:137} INFO - [2023-04-02T10:39:36.235+0000] {dag.py:3456} INFO - Setting next_dagrun for tutorial to 2023-04-01T10:39:36.234473+00:00, run_after=2023-04-02T10:39:36.234473+00:00
[2023-04-02T10:39:36.287+0000] {processor.py:175} INFO - Processing /home/airflow/.local/lib/python3.7/site-packages/airflow/example_dags/tutorial.py took 0.243 seconds
[2023-04-02T10:40:07.215+0000] {processor.py:153} INFO - Started process (PID=3359) to work on /home/airflow/.local/lib/python3.7/site-packages/airflow/example_dags/tutorial.py
[2023-04-02T10:40:07.217+0000] {processor.py:743} INFO - Processing file /home/airflow/.local/lib/python3.7/site-packages/airflow/example_dags/tutorial.py for tasks to queue
[2023-04-02T10:40:07.221+0000] {logging_mixin.py:137} INFO - [2023-04-02T10:40:07.221+0000] {dagbag.py:532} INFO - Filling up the DagBag from /home/airflow/.local/lib/python3.7/site-packages/airflow/example_dags/tutorial.py
[2023-04-02T10:40:07.268+0000] {processor.py:753} INFO - DAG(s) dict_keys(['tutorial']) retrieved from /home/airflow/.local/lib/python3.7/site-packages/airflow/example_dags/tutorial.py
[2023-04-02T10:40:07.320+0000] {logging_mixin.py:137} INFO - [2023-04-02T10:40:07.319+0000] {dag.py:2705} INFO - Sync 1 DAGs
[2023-04-02T10:40:07.396+0000] {logging_mixin.py:137} INFO - [2023-04-02T10:40:07.396+0000] {dag.py:3456} INFO - Setting next_dagrun for tutorial to 2023-04-01T10:40:07.395375+00:00, run_after=2023-04-02T10:40:07.395375+00:00
[2023-04-02T10:40:07.434+0000] {processor.py:175} INFO - Processing /home/airflow/.local/lib/python3.7/site-packages/airflow/example_dags/tutorial.py took 0.230 seconds
[2023-04-02T10:40:38.214+0000] {processor.py:153} INFO - Started process (PID=3577) to work on /home/airflow/.local/lib/python3.7/site-packages/airflow/example_dags/tutorial.py
[2023-04-02T10:40:38.224+0000] {processor.py:743} INFO - Processing file /home/airflow/.local/lib/python3.7/site-packages/airflow/example_dags/tutorial.py for tasks to queue
[2023-04-02T10:40:38.227+0000] {logging_mixin.py:137} INFO - [2023-04-02T10:40:38.227+0000] {dagbag.py:532} INFO - Filling up the DagBag from /home/airflow/.local/lib/python3.7/site-packages/airflow/example_dags/tutorial.py
[2023-04-02T10:40:38.288+0000] {processor.py:753} INFO - DAG(s) dict_keys(['tutorial']) retrieved from /home/airflow/.local/lib/python3.7/site-packages/airflow/example_dags/tutorial.py
[2023-04-02T10:40:38.339+0000] {logging_mixin.py:137} INFO - [2023-04-02T10:40:38.339+0000] {dag.py:2705} INFO - Sync 1 DAGs
[2023-04-02T10:40:38.434+0000] {logging_mixin.py:137} INFO - [2023-04-02T10:40:38.434+0000] {dag.py:3456} INFO - Setting next_dagrun for tutorial to 2023-04-01T10:40:38.432801+00:00, run_after=2023-04-02T10:40:38.432801+00:00
[2023-04-02T10:40:38.511+0000] {processor.py:175} INFO - Processing /home/airflow/.local/lib/python3.7/site-packages/airflow/example_dags/tutorial.py took 0.301 seconds
[2023-04-02T10:41:08.901+0000] {processor.py:153} INFO - Started process (PID=3795) to work on /home/airflow/.local/lib/python3.7/site-packages/airflow/example_dags/tutorial.py
[2023-04-02T10:41:08.903+0000] {processor.py:743} INFO - Processing file /home/airflow/.local/lib/python3.7/site-packages/airflow/example_dags/tutorial.py for tasks to queue
[2023-04-02T10:41:08.911+0000] {logging_mixin.py:137} INFO - [2023-04-02T10:41:08.910+0000] {dagbag.py:532} INFO - Filling up the DagBag from /home/airflow/.local/lib/python3.7/site-packages/airflow/example_dags/tutorial.py
[2023-04-02T10:41:08.981+0000] {processor.py:753} INFO - DAG(s) dict_keys(['tutorial']) retrieved from /home/airflow/.local/lib/python3.7/site-packages/airflow/example_dags/tutorial.py
[2023-04-02T10:41:09.031+0000] {logging_mixin.py:137} INFO - [2023-04-02T10:41:09.031+0000] {dag.py:2705} INFO - Sync 1 DAGs
[2023-04-02T10:41:09.112+0000] {logging_mixin.py:137} INFO - [2023-04-02T10:41:09.112+0000] {dag.py:3456} INFO - Setting next_dagrun for tutorial to 2023-04-01T10:41:09.111682+00:00, run_after=2023-04-02T10:41:09.111682+00:00
[2023-04-02T10:41:09.153+0000] {processor.py:175} INFO - Processing /home/airflow/.local/lib/python3.7/site-packages/airflow/example_dags/tutorial.py took 0.258 seconds
[2023-04-02T10:41:39.779+0000] {processor.py:153} INFO - Started process (PID=4013) to work on /home/airflow/.local/lib/python3.7/site-packages/airflow/example_dags/tutorial.py
[2023-04-02T10:41:39.784+0000] {processor.py:743} INFO - Processing file /home/airflow/.local/lib/python3.7/site-packages/airflow/example_dags/tutorial.py for tasks to queue
[2023-04-02T10:41:39.790+0000] {logging_mixin.py:137} INFO - [2023-04-02T10:41:39.790+0000] {dagbag.py:532} INFO - Filling up the DagBag from /home/airflow/.local/lib/python3.7/site-packages/airflow/example_dags/tutorial.py
[2023-04-02T10:41:39.843+0000] {processor.py:753} INFO - DAG(s) dict_keys(['tutorial']) retrieved from /home/airflow/.local/lib/python3.7/site-packages/airflow/example_dags/tutorial.py
[2023-04-02T10:41:40.021+0000] {logging_mixin.py:137} INFO - [2023-04-02T10:41:40.020+0000] {dag.py:2705} INFO - Sync 1 DAGs
[2023-04-02T10:41:40.115+0000] {logging_mixin.py:137} INFO - [2023-04-02T10:41:40.115+0000] {dag.py:3456} INFO - Setting next_dagrun for tutorial to 2023-04-01T10:41:40.114695+00:00, run_after=2023-04-02T10:41:40.114695+00:00
[2023-04-02T10:41:40.262+0000] {processor.py:175} INFO - Processing /home/airflow/.local/lib/python3.7/site-packages/airflow/example_dags/tutorial.py took 0.496 seconds
[2023-04-02T10:42:12.315+0000] {processor.py:153} INFO - Started process (PID=4232) to work on /home/airflow/.local/lib/python3.7/site-packages/airflow/example_dags/tutorial.py
[2023-04-02T10:42:12.319+0000] {processor.py:743} INFO - Processing file /home/airflow/.local/lib/python3.7/site-packages/airflow/example_dags/tutorial.py for tasks to queue
[2023-04-02T10:42:12.324+0000] {logging_mixin.py:137} INFO - [2023-04-02T10:42:12.323+0000] {dagbag.py:532} INFO - Filling up the DagBag from /home/airflow/.local/lib/python3.7/site-packages/airflow/example_dags/tutorial.py
[2023-04-02T10:42:12.379+0000] {processor.py:753} INFO - DAG(s) dict_keys(['tutorial']) retrieved from /home/airflow/.local/lib/python3.7/site-packages/airflow/example_dags/tutorial.py
[2023-04-02T10:42:12.450+0000] {logging_mixin.py:137} INFO - [2023-04-02T10:42:12.450+0000] {dag.py:2705} INFO - Sync 1 DAGs
[2023-04-02T10:42:12.516+0000] {logging_mixin.py:137} INFO - [2023-04-02T10:42:12.516+0000] {dag.py:3456} INFO - Setting next_dagrun for tutorial to 2023-04-01T10:42:12.515541+00:00, run_after=2023-04-02T10:42:12.515541+00:00
[2023-04-02T10:42:12.564+0000] {processor.py:175} INFO - Processing /home/airflow/.local/lib/python3.7/site-packages/airflow/example_dags/tutorial.py took 0.259 seconds
[2023-04-02T10:42:43.418+0000] {processor.py:153} INFO - Started process (PID=4452) to work on /home/airflow/.local/lib/python3.7/site-packages/airflow/example_dags/tutorial.py
[2023-04-02T10:42:43.424+0000] {processor.py:743} INFO - Processing file /home/airflow/.local/lib/python3.7/site-packages/airflow/example_dags/tutorial.py for tasks to queue
[2023-04-02T10:42:43.430+0000] {logging_mixin.py:137} INFO - [2023-04-02T10:42:43.429+0000] {dagbag.py:532} INFO - Filling up the DagBag from /home/airflow/.local/lib/python3.7/site-packages/airflow/example_dags/tutorial.py
[2023-04-02T10:42:43.480+0000] {processor.py:753} INFO - DAG(s) dict_keys(['tutorial']) retrieved from /home/airflow/.local/lib/python3.7/site-packages/airflow/example_dags/tutorial.py
[2023-04-02T10:42:43.546+0000] {logging_mixin.py:137} INFO - [2023-04-02T10:42:43.546+0000] {dag.py:2705} INFO - Sync 1 DAGs
[2023-04-02T10:42:43.633+0000] {logging_mixin.py:137} INFO - [2023-04-02T10:42:43.633+0000] {dag.py:3456} INFO - Setting next_dagrun for tutorial to 2023-04-01T10:42:43.632580+00:00, run_after=2023-04-02T10:42:43.632580+00:00
[2023-04-02T10:42:43.693+0000] {processor.py:175} INFO - Processing /home/airflow/.local/lib/python3.7/site-packages/airflow/example_dags/tutorial.py took 0.282 seconds
[2023-04-02T10:43:13.809+0000] {processor.py:153} INFO - Started process (PID=4670) to work on /home/airflow/.local/lib/python3.7/site-packages/airflow/example_dags/tutorial.py
[2023-04-02T10:43:13.810+0000] {processor.py:743} INFO - Processing file /home/airflow/.local/lib/python3.7/site-packages/airflow/example_dags/tutorial.py for tasks to queue
[2023-04-02T10:43:13.813+0000] {logging_mixin.py:137} INFO - [2023-04-02T10:43:13.812+0000] {dagbag.py:532} INFO - Filling up the DagBag from /home/airflow/.local/lib/python3.7/site-packages/airflow/example_dags/tutorial.py
[2023-04-02T10:43:13.838+0000] {processor.py:753} INFO - DAG(s) dict_keys(['tutorial']) retrieved from /home/airflow/.local/lib/python3.7/site-packages/airflow/example_dags/tutorial.py
[2023-04-02T10:43:13.886+0000] {logging_mixin.py:137} INFO - [2023-04-02T10:43:13.885+0000] {dag.py:2705} INFO - Sync 1 DAGs
[2023-04-02T10:43:13.926+0000] {logging_mixin.py:137} INFO - [2023-04-02T10:43:13.925+0000] {dag.py:3456} INFO - Setting next_dagrun for tutorial to 2023-04-01T10:43:13.925596+00:00, run_after=2023-04-02T10:43:13.925596+00:00
[2023-04-02T10:43:13.958+0000] {processor.py:175} INFO - Processing /home/airflow/.local/lib/python3.7/site-packages/airflow/example_dags/tutorial.py took 0.156 seconds
[2023-04-02T10:43:44.259+0000] {processor.py:153} INFO - Started process (PID=4888) to work on /home/airflow/.local/lib/python3.7/site-packages/airflow/example_dags/tutorial.py
[2023-04-02T10:43:44.262+0000] {processor.py:743} INFO - Processing file /home/airflow/.local/lib/python3.7/site-packages/airflow/example_dags/tutorial.py for tasks to queue
[2023-04-02T10:43:44.265+0000] {logging_mixin.py:137} INFO - [2023-04-02T10:43:44.264+0000] {dagbag.py:532} INFO - Filling up the DagBag from /home/airflow/.local/lib/python3.7/site-packages/airflow/example_dags/tutorial.py
[2023-04-02T10:43:44.342+0000] {processor.py:753} INFO - DAG(s) dict_keys(['tutorial']) retrieved from /home/airflow/.local/lib/python3.7/site-packages/airflow/example_dags/tutorial.py
[2023-04-02T10:43:44.402+0000] {logging_mixin.py:137} INFO - [2023-04-02T10:43:44.402+0000] {dag.py:2705} INFO - Sync 1 DAGs
[2023-04-02T10:43:44.452+0000] {logging_mixin.py:137} INFO - [2023-04-02T10:43:44.452+0000] {dag.py:3456} INFO - Setting next_dagrun for tutorial to 2023-04-01T10:43:44.451181+00:00, run_after=2023-04-02T10:43:44.451181+00:00
[2023-04-02T10:43:44.491+0000] {processor.py:175} INFO - Processing /home/airflow/.local/lib/python3.7/site-packages/airflow/example_dags/tutorial.py took 0.239 seconds
[2023-04-02T10:44:14.598+0000] {processor.py:153} INFO - Started process (PID=5106) to work on /home/airflow/.local/lib/python3.7/site-packages/airflow/example_dags/tutorial.py
[2023-04-02T10:44:14.600+0000] {processor.py:743} INFO - Processing file /home/airflow/.local/lib/python3.7/site-packages/airflow/example_dags/tutorial.py for tasks to queue
[2023-04-02T10:44:14.603+0000] {logging_mixin.py:137} INFO - [2023-04-02T10:44:14.602+0000] {dagbag.py:532} INFO - Filling up the DagBag from /home/airflow/.local/lib/python3.7/site-packages/airflow/example_dags/tutorial.py
[2023-04-02T10:44:14.625+0000] {processor.py:753} INFO - DAG(s) dict_keys(['tutorial']) retrieved from /home/airflow/.local/lib/python3.7/site-packages/airflow/example_dags/tutorial.py
[2023-04-02T10:44:14.659+0000] {logging_mixin.py:137} INFO - [2023-04-02T10:44:14.659+0000] {dag.py:2705} INFO - Sync 1 DAGs
[2023-04-02T10:44:14.695+0000] {logging_mixin.py:137} INFO - [2023-04-02T10:44:14.695+0000] {dag.py:3456} INFO - Setting next_dagrun for tutorial to 2023-04-01T10:44:14.695099+00:00, run_after=2023-04-02T10:44:14.695099+00:00
[2023-04-02T10:44:14.739+0000] {processor.py:175} INFO - Processing /home/airflow/.local/lib/python3.7/site-packages/airflow/example_dags/tutorial.py took 0.148 seconds
[2023-04-02T10:44:45.041+0000] {processor.py:153} INFO - Started process (PID=5322) to work on /home/airflow/.local/lib/python3.7/site-packages/airflow/example_dags/tutorial.py
[2023-04-02T10:44:45.046+0000] {processor.py:743} INFO - Processing file /home/airflow/.local/lib/python3.7/site-packages/airflow/example_dags/tutorial.py for tasks to queue
[2023-04-02T10:44:45.054+0000] {logging_mixin.py:137} INFO - [2023-04-02T10:44:45.053+0000] {dagbag.py:532} INFO - Filling up the DagBag from /home/airflow/.local/lib/python3.7/site-packages/airflow/example_dags/tutorial.py
[2023-04-02T10:44:45.095+0000] {processor.py:753} INFO - DAG(s) dict_keys(['tutorial']) retrieved from /home/airflow/.local/lib/python3.7/site-packages/airflow/example_dags/tutorial.py
[2023-04-02T10:44:45.178+0000] {logging_mixin.py:137} INFO - [2023-04-02T10:44:45.178+0000] {dag.py:2705} INFO - Sync 1 DAGs
[2023-04-02T10:44:45.227+0000] {logging_mixin.py:137} INFO - [2023-04-02T10:44:45.225+0000] {dag.py:3456} INFO - Setting next_dagrun for tutorial to 2023-04-01T10:44:45.225436+00:00, run_after=2023-04-02T10:44:45.225436+00:00
[2023-04-02T10:44:45.265+0000] {processor.py:175} INFO - Processing /home/airflow/.local/lib/python3.7/site-packages/airflow/example_dags/tutorial.py took 0.229 seconds
[2023-04-02T10:45:15.995+0000] {processor.py:153} INFO - Started process (PID=5542) to work on /home/airflow/.local/lib/python3.7/site-packages/airflow/example_dags/tutorial.py
[2023-04-02T10:45:15.997+0000] {processor.py:743} INFO - Processing file /home/airflow/.local/lib/python3.7/site-packages/airflow/example_dags/tutorial.py for tasks to queue
[2023-04-02T10:45:16.000+0000] {logging_mixin.py:137} INFO - [2023-04-02T10:45:16.000+0000] {dagbag.py:532} INFO - Filling up the DagBag from /home/airflow/.local/lib/python3.7/site-packages/airflow/example_dags/tutorial.py
[2023-04-02T10:45:16.026+0000] {processor.py:753} INFO - DAG(s) dict_keys(['tutorial']) retrieved from /home/airflow/.local/lib/python3.7/site-packages/airflow/example_dags/tutorial.py
[2023-04-02T10:45:16.075+0000] {logging_mixin.py:137} INFO - [2023-04-02T10:45:16.075+0000] {dag.py:2705} INFO - Sync 1 DAGs
[2023-04-02T10:45:16.111+0000] {logging_mixin.py:137} INFO - [2023-04-02T10:45:16.111+0000] {dag.py:3456} INFO - Setting next_dagrun for tutorial to 2023-04-01T10:45:16.111286+00:00, run_after=2023-04-02T10:45:16.111286+00:00
[2023-04-02T10:45:16.155+0000] {processor.py:175} INFO - Processing /home/airflow/.local/lib/python3.7/site-packages/airflow/example_dags/tutorial.py took 0.167 seconds
[2023-04-02T10:45:46.734+0000] {processor.py:153} INFO - Started process (PID=5758) to work on /home/airflow/.local/lib/python3.7/site-packages/airflow/example_dags/tutorial.py
[2023-04-02T10:45:46.736+0000] {processor.py:743} INFO - Processing file /home/airflow/.local/lib/python3.7/site-packages/airflow/example_dags/tutorial.py for tasks to queue
[2023-04-02T10:45:46.741+0000] {logging_mixin.py:137} INFO - [2023-04-02T10:45:46.741+0000] {dagbag.py:532} INFO - Filling up the DagBag from /home/airflow/.local/lib/python3.7/site-packages/airflow/example_dags/tutorial.py
[2023-04-02T10:45:46.770+0000] {processor.py:753} INFO - DAG(s) dict_keys(['tutorial']) retrieved from /home/airflow/.local/lib/python3.7/site-packages/airflow/example_dags/tutorial.py
[2023-04-02T10:45:46.830+0000] {logging_mixin.py:137} INFO - [2023-04-02T10:45:46.830+0000] {dag.py:2705} INFO - Sync 1 DAGs
[2023-04-02T10:45:46.893+0000] {logging_mixin.py:137} INFO - [2023-04-02T10:45:46.893+0000] {dag.py:3456} INFO - Setting next_dagrun for tutorial to 2023-04-01T10:45:46.892899+00:00, run_after=2023-04-02T10:45:46.892899+00:00
[2023-04-02T10:45:46.934+0000] {processor.py:175} INFO - Processing /home/airflow/.local/lib/python3.7/site-packages/airflow/example_dags/tutorial.py took 0.207 seconds
[2023-04-02T10:46:17.633+0000] {processor.py:153} INFO - Started process (PID=5976) to work on /home/airflow/.local/lib/python3.7/site-packages/airflow/example_dags/tutorial.py
[2023-04-02T10:46:17.635+0000] {processor.py:743} INFO - Processing file /home/airflow/.local/lib/python3.7/site-packages/airflow/example_dags/tutorial.py for tasks to queue
[2023-04-02T10:46:17.636+0000] {logging_mixin.py:137} INFO - [2023-04-02T10:46:17.636+0000] {dagbag.py:532} INFO - Filling up the DagBag from /home/airflow/.local/lib/python3.7/site-packages/airflow/example_dags/tutorial.py
[2023-04-02T10:46:17.670+0000] {processor.py:753} INFO - DAG(s) dict_keys(['tutorial']) retrieved from /home/airflow/.local/lib/python3.7/site-packages/airflow/example_dags/tutorial.py
[2023-04-02T10:46:17.722+0000] {logging_mixin.py:137} INFO - [2023-04-02T10:46:17.721+0000] {dag.py:2705} INFO - Sync 1 DAGs
[2023-04-02T10:46:17.791+0000] {logging_mixin.py:137} INFO - [2023-04-02T10:46:17.791+0000] {dag.py:3456} INFO - Setting next_dagrun for tutorial to 2023-04-01T10:46:17.790921+00:00, run_after=2023-04-02T10:46:17.790921+00:00
[2023-04-02T10:46:17.925+0000] {processor.py:175} INFO - Processing /home/airflow/.local/lib/python3.7/site-packages/airflow/example_dags/tutorial.py took 0.297 seconds
[2023-04-02T10:46:48.516+0000] {processor.py:153} INFO - Started process (PID=6195) to work on /home/airflow/.local/lib/python3.7/site-packages/airflow/example_dags/tutorial.py
[2023-04-02T10:46:48.522+0000] {processor.py:743} INFO - Processing file /home/airflow/.local/lib/python3.7/site-packages/airflow/example_dags/tutorial.py for tasks to queue
[2023-04-02T10:46:48.527+0000] {logging_mixin.py:137} INFO - [2023-04-02T10:46:48.526+0000] {dagbag.py:532} INFO - Filling up the DagBag from /home/airflow/.local/lib/python3.7/site-packages/airflow/example_dags/tutorial.py
[2023-04-02T10:46:48.584+0000] {processor.py:753} INFO - DAG(s) dict_keys(['tutorial']) retrieved from /home/airflow/.local/lib/python3.7/site-packages/airflow/example_dags/tutorial.py
[2023-04-02T10:46:48.676+0000] {logging_mixin.py:137} INFO - [2023-04-02T10:46:48.676+0000] {dag.py:2705} INFO - Sync 1 DAGs
[2023-04-02T10:46:48.794+0000] {logging_mixin.py:137} INFO - [2023-04-02T10:46:48.794+0000] {dag.py:3456} INFO - Setting next_dagrun for tutorial to 2023-04-01T10:46:48.793705+00:00, run_after=2023-04-02T10:46:48.793705+00:00
[2023-04-02T10:46:48.886+0000] {processor.py:175} INFO - Processing /home/airflow/.local/lib/python3.7/site-packages/airflow/example_dags/tutorial.py took 0.378 seconds
[2023-04-02T10:47:19.131+0000] {processor.py:153} INFO - Started process (PID=6415) to work on /home/airflow/.local/lib/python3.7/site-packages/airflow/example_dags/tutorial.py
[2023-04-02T10:47:19.133+0000] {processor.py:743} INFO - Processing file /home/airflow/.local/lib/python3.7/site-packages/airflow/example_dags/tutorial.py for tasks to queue
[2023-04-02T10:47:19.136+0000] {logging_mixin.py:137} INFO - [2023-04-02T10:47:19.136+0000] {dagbag.py:532} INFO - Filling up the DagBag from /home/airflow/.local/lib/python3.7/site-packages/airflow/example_dags/tutorial.py
[2023-04-02T10:47:19.174+0000] {processor.py:753} INFO - DAG(s) dict_keys(['tutorial']) retrieved from /home/airflow/.local/lib/python3.7/site-packages/airflow/example_dags/tutorial.py
[2023-04-02T10:47:19.245+0000] {logging_mixin.py:137} INFO - [2023-04-02T10:47:19.245+0000] {dag.py:2705} INFO - Sync 1 DAGs
[2023-04-02T10:47:19.296+0000] {logging_mixin.py:137} INFO - [2023-04-02T10:47:19.296+0000] {dag.py:3456} INFO - Setting next_dagrun for tutorial to 2023-04-01T10:47:19.295919+00:00, run_after=2023-04-02T10:47:19.295919+00:00
[2023-04-02T10:47:19.344+0000] {processor.py:175} INFO - Processing /home/airflow/.local/lib/python3.7/site-packages/airflow/example_dags/tutorial.py took 0.218 seconds
[2023-04-02T10:47:49.774+0000] {processor.py:153} INFO - Started process (PID=6631) to work on /home/airflow/.local/lib/python3.7/site-packages/airflow/example_dags/tutorial.py
[2023-04-02T10:47:49.780+0000] {processor.py:743} INFO - Processing file /home/airflow/.local/lib/python3.7/site-packages/airflow/example_dags/tutorial.py for tasks to queue
[2023-04-02T10:47:49.783+0000] {logging_mixin.py:137} INFO - [2023-04-02T10:47:49.783+0000] {dagbag.py:532} INFO - Filling up the DagBag from /home/airflow/.local/lib/python3.7/site-packages/airflow/example_dags/tutorial.py
[2023-04-02T10:47:49.821+0000] {processor.py:753} INFO - DAG(s) dict_keys(['tutorial']) retrieved from /home/airflow/.local/lib/python3.7/site-packages/airflow/example_dags/tutorial.py
[2023-04-02T10:47:49.889+0000] {logging_mixin.py:137} INFO - [2023-04-02T10:47:49.889+0000] {dag.py:2705} INFO - Sync 1 DAGs
[2023-04-02T10:47:50.010+0000] {logging_mixin.py:137} INFO - [2023-04-02T10:47:50.010+0000] {dag.py:3456} INFO - Setting next_dagrun for tutorial to 2023-04-01T10:47:50.009805+00:00, run_after=2023-04-02T10:47:50.009805+00:00
[2023-04-02T10:47:50.046+0000] {processor.py:175} INFO - Processing /home/airflow/.local/lib/python3.7/site-packages/airflow/example_dags/tutorial.py took 0.286 seconds
[2023-04-02T10:48:20.553+0000] {processor.py:153} INFO - Started process (PID=6849) to work on /home/airflow/.local/lib/python3.7/site-packages/airflow/example_dags/tutorial.py
[2023-04-02T10:48:20.556+0000] {processor.py:743} INFO - Processing file /home/airflow/.local/lib/python3.7/site-packages/airflow/example_dags/tutorial.py for tasks to queue
[2023-04-02T10:48:20.558+0000] {logging_mixin.py:137} INFO - [2023-04-02T10:48:20.558+0000] {dagbag.py:532} INFO - Filling up the DagBag from /home/airflow/.local/lib/python3.7/site-packages/airflow/example_dags/tutorial.py
[2023-04-02T10:48:20.582+0000] {processor.py:753} INFO - DAG(s) dict_keys(['tutorial']) retrieved from /home/airflow/.local/lib/python3.7/site-packages/airflow/example_dags/tutorial.py
[2023-04-02T10:48:20.630+0000] {logging_mixin.py:137} INFO - [2023-04-02T10:48:20.629+0000] {dag.py:2705} INFO - Sync 1 DAGs
[2023-04-02T10:48:20.679+0000] {logging_mixin.py:137} INFO - [2023-04-02T10:48:20.678+0000] {dag.py:3456} INFO - Setting next_dagrun for tutorial to 2023-04-01T10:48:20.678266+00:00, run_after=2023-04-02T10:48:20.678266+00:00
[2023-04-02T10:48:20.730+0000] {processor.py:175} INFO - Processing /home/airflow/.local/lib/python3.7/site-packages/airflow/example_dags/tutorial.py took 0.182 seconds
[2023-04-02T10:48:51.261+0000] {processor.py:153} INFO - Started process (PID=7067) to work on /home/airflow/.local/lib/python3.7/site-packages/airflow/example_dags/tutorial.py
[2023-04-02T10:48:51.262+0000] {processor.py:743} INFO - Processing file /home/airflow/.local/lib/python3.7/site-packages/airflow/example_dags/tutorial.py for tasks to queue
[2023-04-02T10:48:51.265+0000] {logging_mixin.py:137} INFO - [2023-04-02T10:48:51.265+0000] {dagbag.py:532} INFO - Filling up the DagBag from /home/airflow/.local/lib/python3.7/site-packages/airflow/example_dags/tutorial.py
[2023-04-02T10:48:51.288+0000] {processor.py:753} INFO - DAG(s) dict_keys(['tutorial']) retrieved from /home/airflow/.local/lib/python3.7/site-packages/airflow/example_dags/tutorial.py
[2023-04-02T10:48:51.325+0000] {logging_mixin.py:137} INFO - [2023-04-02T10:48:51.325+0000] {dag.py:2705} INFO - Sync 1 DAGs
[2023-04-02T10:48:51.383+0000] {logging_mixin.py:137} INFO - [2023-04-02T10:48:51.383+0000] {dag.py:3456} INFO - Setting next_dagrun for tutorial to 2023-04-01T10:48:51.383319+00:00, run_after=2023-04-02T10:48:51.383319+00:00
[2023-04-02T10:48:51.421+0000] {processor.py:175} INFO - Processing /home/airflow/.local/lib/python3.7/site-packages/airflow/example_dags/tutorial.py took 0.165 seconds
[2023-04-02T10:49:21.773+0000] {processor.py:153} INFO - Started process (PID=7285) to work on /home/airflow/.local/lib/python3.7/site-packages/airflow/example_dags/tutorial.py
[2023-04-02T10:49:21.776+0000] {processor.py:743} INFO - Processing file /home/airflow/.local/lib/python3.7/site-packages/airflow/example_dags/tutorial.py for tasks to queue
[2023-04-02T10:49:21.782+0000] {logging_mixin.py:137} INFO - [2023-04-02T10:49:21.781+0000] {dagbag.py:532} INFO - Filling up the DagBag from /home/airflow/.local/lib/python3.7/site-packages/airflow/example_dags/tutorial.py
[2023-04-02T10:49:21.835+0000] {processor.py:753} INFO - DAG(s) dict_keys(['tutorial']) retrieved from /home/airflow/.local/lib/python3.7/site-packages/airflow/example_dags/tutorial.py
[2023-04-02T10:49:21.896+0000] {logging_mixin.py:137} INFO - [2023-04-02T10:49:21.896+0000] {dag.py:2705} INFO - Sync 1 DAGs
[2023-04-02T10:49:21.948+0000] {logging_mixin.py:137} INFO - [2023-04-02T10:49:21.948+0000] {dag.py:3456} INFO - Setting next_dagrun for tutorial to 2023-04-01T10:49:21.947798+00:00, run_after=2023-04-02T10:49:21.947798+00:00
[2023-04-02T10:49:21.988+0000] {processor.py:175} INFO - Processing /home/airflow/.local/lib/python3.7/site-packages/airflow/example_dags/tutorial.py took 0.222 seconds
[2023-04-02T10:49:52.487+0000] {processor.py:153} INFO - Started process (PID=7503) to work on /home/airflow/.local/lib/python3.7/site-packages/airflow/example_dags/tutorial.py
[2023-04-02T10:49:52.489+0000] {processor.py:743} INFO - Processing file /home/airflow/.local/lib/python3.7/site-packages/airflow/example_dags/tutorial.py for tasks to queue
[2023-04-02T10:49:52.500+0000] {logging_mixin.py:137} INFO - [2023-04-02T10:49:52.496+0000] {dagbag.py:532} INFO - Filling up the DagBag from /home/airflow/.local/lib/python3.7/site-packages/airflow/example_dags/tutorial.py
[2023-04-02T10:49:52.531+0000] {processor.py:753} INFO - DAG(s) dict_keys(['tutorial']) retrieved from /home/airflow/.local/lib/python3.7/site-packages/airflow/example_dags/tutorial.py
[2023-04-02T10:49:52.621+0000] {logging_mixin.py:137} INFO - [2023-04-02T10:49:52.620+0000] {dag.py:2705} INFO - Sync 1 DAGs
[2023-04-02T10:49:52.671+0000] {logging_mixin.py:137} INFO - [2023-04-02T10:49:52.671+0000] {dag.py:3456} INFO - Setting next_dagrun for tutorial to 2023-04-01T10:49:52.671453+00:00, run_after=2023-04-02T10:49:52.671453+00:00
[2023-04-02T10:49:52.696+0000] {processor.py:175} INFO - Processing /home/airflow/.local/lib/python3.7/site-packages/airflow/example_dags/tutorial.py took 0.218 seconds
[2023-04-02T10:50:22.889+0000] {processor.py:153} INFO - Started process (PID=7721) to work on /home/airflow/.local/lib/python3.7/site-packages/airflow/example_dags/tutorial.py
[2023-04-02T10:50:22.895+0000] {processor.py:743} INFO - Processing file /home/airflow/.local/lib/python3.7/site-packages/airflow/example_dags/tutorial.py for tasks to queue
[2023-04-02T10:50:22.898+0000] {logging_mixin.py:137} INFO - [2023-04-02T10:50:22.898+0000] {dagbag.py:532} INFO - Filling up the DagBag from /home/airflow/.local/lib/python3.7/site-packages/airflow/example_dags/tutorial.py
[2023-04-02T10:50:22.979+0000] {processor.py:753} INFO - DAG(s) dict_keys(['tutorial']) retrieved from /home/airflow/.local/lib/python3.7/site-packages/airflow/example_dags/tutorial.py
[2023-04-02T10:50:23.054+0000] {logging_mixin.py:137} INFO - [2023-04-02T10:50:23.053+0000] {dag.py:2705} INFO - Sync 1 DAGs
[2023-04-02T10:50:23.131+0000] {logging_mixin.py:137} INFO - [2023-04-02T10:50:23.131+0000] {dag.py:3456} INFO - Setting next_dagrun for tutorial to 2023-04-01T10:50:23.130956+00:00, run_after=2023-04-02T10:50:23.130956+00:00
[2023-04-02T10:50:23.190+0000] {processor.py:175} INFO - Processing /home/airflow/.local/lib/python3.7/site-packages/airflow/example_dags/tutorial.py took 0.316 seconds
