[2023-04-02T10:32:49.230+0000] {processor.py:153} INFO - Started process (PID=363) to work on /home/airflow/.local/lib/python3.7/site-packages/airflow/example_dags/plugins/event_listener.py
[2023-04-02T10:32:49.232+0000] {processor.py:743} INFO - Processing file /home/airflow/.local/lib/python3.7/site-packages/airflow/example_dags/plugins/event_listener.py for tasks to queue
[2023-04-02T10:32:49.235+0000] {logging_mixin.py:137} INFO - [2023-04-02T10:32:49.234+0000] {dagbag.py:532} INFO - Filling up the DagBag from /home/airflow/.local/lib/python3.7/site-packages/airflow/example_dags/plugins/event_listener.py
[2023-04-02T10:32:49.240+0000] {processor.py:755} WARNING - No viable dags retrieved from /home/airflow/.local/lib/python3.7/site-packages/airflow/example_dags/plugins/event_listener.py
[2023-04-02T10:32:49.265+0000] {processor.py:175} INFO - Processing /home/airflow/.local/lib/python3.7/site-packages/airflow/example_dags/plugins/event_listener.py took 0.042 seconds
[2023-04-02T10:33:24.788+0000] {processor.py:153} INFO - Started process (PID=576) to work on /home/airflow/.local/lib/python3.7/site-packages/airflow/example_dags/plugins/event_listener.py
[2023-04-02T10:33:24.792+0000] {processor.py:743} INFO - Processing file /home/airflow/.local/lib/python3.7/site-packages/airflow/example_dags/plugins/event_listener.py for tasks to queue
[2023-04-02T10:33:24.802+0000] {logging_mixin.py:137} INFO - [2023-04-02T10:33:24.801+0000] {dagbag.py:532} INFO - Filling up the DagBag from /home/airflow/.local/lib/python3.7/site-packages/airflow/example_dags/plugins/event_listener.py
[2023-04-02T10:33:24.818+0000] {processor.py:755} WARNING - No viable dags retrieved from /home/airflow/.local/lib/python3.7/site-packages/airflow/example_dags/plugins/event_listener.py
[2023-04-02T10:33:24.904+0000] {processor.py:175} INFO - Processing /home/airflow/.local/lib/python3.7/site-packages/airflow/example_dags/plugins/event_listener.py took 0.124 seconds
[2023-04-02T10:33:58.682+0000] {processor.py:153} INFO - Started process (PID=800) to work on /home/airflow/.local/lib/python3.7/site-packages/airflow/example_dags/plugins/event_listener.py
[2023-04-02T10:33:58.686+0000] {processor.py:743} INFO - Processing file /home/airflow/.local/lib/python3.7/site-packages/airflow/example_dags/plugins/event_listener.py for tasks to queue
[2023-04-02T10:33:58.692+0000] {logging_mixin.py:137} INFO - [2023-04-02T10:33:58.691+0000] {dagbag.py:532} INFO - Filling up the DagBag from /home/airflow/.local/lib/python3.7/site-packages/airflow/example_dags/plugins/event_listener.py
[2023-04-02T10:33:58.700+0000] {processor.py:755} WARNING - No viable dags retrieved from /home/airflow/.local/lib/python3.7/site-packages/airflow/example_dags/plugins/event_listener.py
[2023-04-02T10:33:58.762+0000] {processor.py:175} INFO - Processing /home/airflow/.local/lib/python3.7/site-packages/airflow/example_dags/plugins/event_listener.py took 0.108 seconds
[2023-04-02T10:34:29.448+0000] {processor.py:153} INFO - Started process (PID=1015) to work on /home/airflow/.local/lib/python3.7/site-packages/airflow/example_dags/plugins/event_listener.py
[2023-04-02T10:34:29.450+0000] {processor.py:743} INFO - Processing file /home/airflow/.local/lib/python3.7/site-packages/airflow/example_dags/plugins/event_listener.py for tasks to queue
[2023-04-02T10:34:29.453+0000] {logging_mixin.py:137} INFO - [2023-04-02T10:34:29.452+0000] {dagbag.py:532} INFO - Filling up the DagBag from /home/airflow/.local/lib/python3.7/site-packages/airflow/example_dags/plugins/event_listener.py
[2023-04-02T10:34:29.457+0000] {processor.py:755} WARNING - No viable dags retrieved from /home/airflow/.local/lib/python3.7/site-packages/airflow/example_dags/plugins/event_listener.py
[2023-04-02T10:34:29.487+0000] {processor.py:175} INFO - Processing /home/airflow/.local/lib/python3.7/site-packages/airflow/example_dags/plugins/event_listener.py took 0.044 seconds
[2023-04-02T10:35:00.571+0000] {processor.py:153} INFO - Started process (PID=1232) to work on /home/airflow/.local/lib/python3.7/site-packages/airflow/example_dags/plugins/event_listener.py
[2023-04-02T10:35:00.572+0000] {processor.py:743} INFO - Processing file /home/airflow/.local/lib/python3.7/site-packages/airflow/example_dags/plugins/event_listener.py for tasks to queue
[2023-04-02T10:35:00.575+0000] {logging_mixin.py:137} INFO - [2023-04-02T10:35:00.573+0000] {dagbag.py:532} INFO - Filling up the DagBag from /home/airflow/.local/lib/python3.7/site-packages/airflow/example_dags/plugins/event_listener.py
[2023-04-02T10:35:00.588+0000] {processor.py:755} WARNING - No viable dags retrieved from /home/airflow/.local/lib/python3.7/site-packages/airflow/example_dags/plugins/event_listener.py
[2023-04-02T10:35:00.615+0000] {processor.py:175} INFO - Processing /home/airflow/.local/lib/python3.7/site-packages/airflow/example_dags/plugins/event_listener.py took 0.053 seconds
[2023-04-02T10:35:32.212+0000] {processor.py:153} INFO - Started process (PID=1452) to work on /home/airflow/.local/lib/python3.7/site-packages/airflow/example_dags/plugins/event_listener.py
[2023-04-02T10:35:32.224+0000] {processor.py:743} INFO - Processing file /home/airflow/.local/lib/python3.7/site-packages/airflow/example_dags/plugins/event_listener.py for tasks to queue
[2023-04-02T10:35:32.232+0000] {logging_mixin.py:137} INFO - [2023-04-02T10:35:32.230+0000] {dagbag.py:532} INFO - Filling up the DagBag from /home/airflow/.local/lib/python3.7/site-packages/airflow/example_dags/plugins/event_listener.py
[2023-04-02T10:35:32.244+0000] {processor.py:755} WARNING - No viable dags retrieved from /home/airflow/.local/lib/python3.7/site-packages/airflow/example_dags/plugins/event_listener.py
[2023-04-02T10:35:32.286+0000] {processor.py:175} INFO - Processing /home/airflow/.local/lib/python3.7/site-packages/airflow/example_dags/plugins/event_listener.py took 0.090 seconds
[2023-04-02T10:36:02.798+0000] {processor.py:153} INFO - Started process (PID=1668) to work on /home/airflow/.local/lib/python3.7/site-packages/airflow/example_dags/plugins/event_listener.py
[2023-04-02T10:36:02.800+0000] {processor.py:743} INFO - Processing file /home/airflow/.local/lib/python3.7/site-packages/airflow/example_dags/plugins/event_listener.py for tasks to queue
[2023-04-02T10:36:02.804+0000] {logging_mixin.py:137} INFO - [2023-04-02T10:36:02.803+0000] {dagbag.py:532} INFO - Filling up the DagBag from /home/airflow/.local/lib/python3.7/site-packages/airflow/example_dags/plugins/event_listener.py
[2023-04-02T10:36:02.807+0000] {processor.py:755} WARNING - No viable dags retrieved from /home/airflow/.local/lib/python3.7/site-packages/airflow/example_dags/plugins/event_listener.py
[2023-04-02T10:36:02.827+0000] {processor.py:175} INFO - Processing /home/airflow/.local/lib/python3.7/site-packages/airflow/example_dags/plugins/event_listener.py took 0.036 seconds
[2023-04-02T10:36:33.308+0000] {processor.py:153} INFO - Started process (PID=1886) to work on /home/airflow/.local/lib/python3.7/site-packages/airflow/example_dags/plugins/event_listener.py
[2023-04-02T10:36:33.310+0000] {processor.py:743} INFO - Processing file /home/airflow/.local/lib/python3.7/site-packages/airflow/example_dags/plugins/event_listener.py for tasks to queue
[2023-04-02T10:36:33.313+0000] {logging_mixin.py:137} INFO - [2023-04-02T10:36:33.313+0000] {dagbag.py:532} INFO - Filling up the DagBag from /home/airflow/.local/lib/python3.7/site-packages/airflow/example_dags/plugins/event_listener.py
[2023-04-02T10:36:33.317+0000] {processor.py:755} WARNING - No viable dags retrieved from /home/airflow/.local/lib/python3.7/site-packages/airflow/example_dags/plugins/event_listener.py
[2023-04-02T10:36:33.345+0000] {processor.py:175} INFO - Processing /home/airflow/.local/lib/python3.7/site-packages/airflow/example_dags/plugins/event_listener.py took 0.043 seconds
[2023-04-02T10:37:04.077+0000] {processor.py:153} INFO - Started process (PID=2111) to work on /home/airflow/.local/lib/python3.7/site-packages/airflow/example_dags/plugins/event_listener.py
[2023-04-02T10:37:04.081+0000] {processor.py:743} INFO - Processing file /home/airflow/.local/lib/python3.7/site-packages/airflow/example_dags/plugins/event_listener.py for tasks to queue
[2023-04-02T10:37:04.089+0000] {logging_mixin.py:137} INFO - [2023-04-02T10:37:04.089+0000] {dagbag.py:532} INFO - Filling up the DagBag from /home/airflow/.local/lib/python3.7/site-packages/airflow/example_dags/plugins/event_listener.py
[2023-04-02T10:37:04.095+0000] {processor.py:755} WARNING - No viable dags retrieved from /home/airflow/.local/lib/python3.7/site-packages/airflow/example_dags/plugins/event_listener.py
[2023-04-02T10:37:04.129+0000] {processor.py:175} INFO - Processing /home/airflow/.local/lib/python3.7/site-packages/airflow/example_dags/plugins/event_listener.py took 0.060 seconds
[2023-04-02T10:37:34.515+0000] {processor.py:153} INFO - Started process (PID=2331) to work on /home/airflow/.local/lib/python3.7/site-packages/airflow/example_dags/plugins/event_listener.py
[2023-04-02T10:37:34.516+0000] {processor.py:743} INFO - Processing file /home/airflow/.local/lib/python3.7/site-packages/airflow/example_dags/plugins/event_listener.py for tasks to queue
[2023-04-02T10:37:34.520+0000] {logging_mixin.py:137} INFO - [2023-04-02T10:37:34.519+0000] {dagbag.py:532} INFO - Filling up the DagBag from /home/airflow/.local/lib/python3.7/site-packages/airflow/example_dags/plugins/event_listener.py
[2023-04-02T10:37:34.524+0000] {processor.py:755} WARNING - No viable dags retrieved from /home/airflow/.local/lib/python3.7/site-packages/airflow/example_dags/plugins/event_listener.py
[2023-04-02T10:37:34.547+0000] {processor.py:175} INFO - Processing /home/airflow/.local/lib/python3.7/site-packages/airflow/example_dags/plugins/event_listener.py took 0.036 seconds
[2023-04-02T10:38:05.325+0000] {processor.py:153} INFO - Started process (PID=2547) to work on /home/airflow/.local/lib/python3.7/site-packages/airflow/example_dags/plugins/event_listener.py
[2023-04-02T10:38:05.327+0000] {processor.py:743} INFO - Processing file /home/airflow/.local/lib/python3.7/site-packages/airflow/example_dags/plugins/event_listener.py for tasks to queue
[2023-04-02T10:38:05.330+0000] {logging_mixin.py:137} INFO - [2023-04-02T10:38:05.330+0000] {dagbag.py:532} INFO - Filling up the DagBag from /home/airflow/.local/lib/python3.7/site-packages/airflow/example_dags/plugins/event_listener.py
[2023-04-02T10:38:05.335+0000] {processor.py:755} WARNING - No viable dags retrieved from /home/airflow/.local/lib/python3.7/site-packages/airflow/example_dags/plugins/event_listener.py
[2023-04-02T10:38:05.358+0000] {processor.py:175} INFO - Processing /home/airflow/.local/lib/python3.7/site-packages/airflow/example_dags/plugins/event_listener.py took 0.040 seconds
[2023-04-02T10:38:36.317+0000] {processor.py:153} INFO - Started process (PID=2765) to work on /home/airflow/.local/lib/python3.7/site-packages/airflow/example_dags/plugins/event_listener.py
[2023-04-02T10:38:36.322+0000] {processor.py:743} INFO - Processing file /home/airflow/.local/lib/python3.7/site-packages/airflow/example_dags/plugins/event_listener.py for tasks to queue
[2023-04-02T10:38:36.325+0000] {logging_mixin.py:137} INFO - [2023-04-02T10:38:36.324+0000] {dagbag.py:532} INFO - Filling up the DagBag from /home/airflow/.local/lib/python3.7/site-packages/airflow/example_dags/plugins/event_listener.py
[2023-04-02T10:38:36.328+0000] {processor.py:755} WARNING - No viable dags retrieved from /home/airflow/.local/lib/python3.7/site-packages/airflow/example_dags/plugins/event_listener.py
[2023-04-02T10:38:36.357+0000] {processor.py:175} INFO - Processing /home/airflow/.local/lib/python3.7/site-packages/airflow/example_dags/plugins/event_listener.py took 0.048 seconds
[2023-04-02T10:39:07.085+0000] {processor.py:153} INFO - Started process (PID=2983) to work on /home/airflow/.local/lib/python3.7/site-packages/airflow/example_dags/plugins/event_listener.py
[2023-04-02T10:39:07.086+0000] {processor.py:743} INFO - Processing file /home/airflow/.local/lib/python3.7/site-packages/airflow/example_dags/plugins/event_listener.py for tasks to queue
[2023-04-02T10:39:07.090+0000] {logging_mixin.py:137} INFO - [2023-04-02T10:39:07.089+0000] {dagbag.py:532} INFO - Filling up the DagBag from /home/airflow/.local/lib/python3.7/site-packages/airflow/example_dags/plugins/event_listener.py
[2023-04-02T10:39:07.094+0000] {processor.py:755} WARNING - No viable dags retrieved from /home/airflow/.local/lib/python3.7/site-packages/airflow/example_dags/plugins/event_listener.py
[2023-04-02T10:39:07.117+0000] {processor.py:175} INFO - Processing /home/airflow/.local/lib/python3.7/site-packages/airflow/example_dags/plugins/event_listener.py took 0.040 seconds
[2023-04-02T10:39:37.763+0000] {processor.py:153} INFO - Started process (PID=3203) to work on /home/airflow/.local/lib/python3.7/site-packages/airflow/example_dags/plugins/event_listener.py
[2023-04-02T10:39:37.765+0000] {processor.py:743} INFO - Processing file /home/airflow/.local/lib/python3.7/site-packages/airflow/example_dags/plugins/event_listener.py for tasks to queue
[2023-04-02T10:39:37.768+0000] {logging_mixin.py:137} INFO - [2023-04-02T10:39:37.767+0000] {dagbag.py:532} INFO - Filling up the DagBag from /home/airflow/.local/lib/python3.7/site-packages/airflow/example_dags/plugins/event_listener.py
[2023-04-02T10:39:37.771+0000] {processor.py:755} WARNING - No viable dags retrieved from /home/airflow/.local/lib/python3.7/site-packages/airflow/example_dags/plugins/event_listener.py
[2023-04-02T10:39:37.795+0000] {processor.py:175} INFO - Processing /home/airflow/.local/lib/python3.7/site-packages/airflow/example_dags/plugins/event_listener.py took 0.037 seconds
[2023-04-02T10:40:08.939+0000] {processor.py:153} INFO - Started process (PID=3421) to work on /home/airflow/.local/lib/python3.7/site-packages/airflow/example_dags/plugins/event_listener.py
[2023-04-02T10:40:08.940+0000] {processor.py:743} INFO - Processing file /home/airflow/.local/lib/python3.7/site-packages/airflow/example_dags/plugins/event_listener.py for tasks to queue
[2023-04-02T10:40:08.945+0000] {logging_mixin.py:137} INFO - [2023-04-02T10:40:08.944+0000] {dagbag.py:532} INFO - Filling up the DagBag from /home/airflow/.local/lib/python3.7/site-packages/airflow/example_dags/plugins/event_listener.py
[2023-04-02T10:40:08.958+0000] {processor.py:755} WARNING - No viable dags retrieved from /home/airflow/.local/lib/python3.7/site-packages/airflow/example_dags/plugins/event_listener.py
[2023-04-02T10:40:09.002+0000] {processor.py:175} INFO - Processing /home/airflow/.local/lib/python3.7/site-packages/airflow/example_dags/plugins/event_listener.py took 0.068 seconds
[2023-04-02T10:40:41.773+0000] {processor.py:153} INFO - Started process (PID=3637) to work on /home/airflow/.local/lib/python3.7/site-packages/airflow/example_dags/plugins/event_listener.py
[2023-04-02T10:40:41.794+0000] {processor.py:743} INFO - Processing file /home/airflow/.local/lib/python3.7/site-packages/airflow/example_dags/plugins/event_listener.py for tasks to queue
[2023-04-02T10:40:41.824+0000] {logging_mixin.py:137} INFO - [2023-04-02T10:40:41.824+0000] {dagbag.py:532} INFO - Filling up the DagBag from /home/airflow/.local/lib/python3.7/site-packages/airflow/example_dags/plugins/event_listener.py
[2023-04-02T10:40:41.850+0000] {processor.py:755} WARNING - No viable dags retrieved from /home/airflow/.local/lib/python3.7/site-packages/airflow/example_dags/plugins/event_listener.py
[2023-04-02T10:40:41.957+0000] {processor.py:175} INFO - Processing /home/airflow/.local/lib/python3.7/site-packages/airflow/example_dags/plugins/event_listener.py took 0.203 seconds
[2023-04-02T10:41:12.758+0000] {processor.py:153} INFO - Started process (PID=3855) to work on /home/airflow/.local/lib/python3.7/site-packages/airflow/example_dags/plugins/event_listener.py
[2023-04-02T10:41:12.765+0000] {processor.py:743} INFO - Processing file /home/airflow/.local/lib/python3.7/site-packages/airflow/example_dags/plugins/event_listener.py for tasks to queue
[2023-04-02T10:41:12.769+0000] {logging_mixin.py:137} INFO - [2023-04-02T10:41:12.768+0000] {dagbag.py:532} INFO - Filling up the DagBag from /home/airflow/.local/lib/python3.7/site-packages/airflow/example_dags/plugins/event_listener.py
[2023-04-02T10:41:12.780+0000] {processor.py:755} WARNING - No viable dags retrieved from /home/airflow/.local/lib/python3.7/site-packages/airflow/example_dags/plugins/event_listener.py
[2023-04-02T10:41:12.841+0000] {processor.py:175} INFO - Processing /home/airflow/.local/lib/python3.7/site-packages/airflow/example_dags/plugins/event_listener.py took 0.092 seconds
[2023-04-02T10:41:43.823+0000] {processor.py:153} INFO - Started process (PID=4071) to work on /home/airflow/.local/lib/python3.7/site-packages/airflow/example_dags/plugins/event_listener.py
[2023-04-02T10:41:43.846+0000] {processor.py:743} INFO - Processing file /home/airflow/.local/lib/python3.7/site-packages/airflow/example_dags/plugins/event_listener.py for tasks to queue
[2023-04-02T10:41:43.853+0000] {logging_mixin.py:137} INFO - [2023-04-02T10:41:43.852+0000] {dagbag.py:532} INFO - Filling up the DagBag from /home/airflow/.local/lib/python3.7/site-packages/airflow/example_dags/plugins/event_listener.py
[2023-04-02T10:41:43.866+0000] {processor.py:755} WARNING - No viable dags retrieved from /home/airflow/.local/lib/python3.7/site-packages/airflow/example_dags/plugins/event_listener.py
[2023-04-02T10:41:43.927+0000] {processor.py:175} INFO - Processing /home/airflow/.local/lib/python3.7/site-packages/airflow/example_dags/plugins/event_listener.py took 0.113 seconds
[2023-04-02T10:42:15.426+0000] {processor.py:153} INFO - Started process (PID=4292) to work on /home/airflow/.local/lib/python3.7/site-packages/airflow/example_dags/plugins/event_listener.py
[2023-04-02T10:42:15.433+0000] {processor.py:743} INFO - Processing file /home/airflow/.local/lib/python3.7/site-packages/airflow/example_dags/plugins/event_listener.py for tasks to queue
[2023-04-02T10:42:15.449+0000] {logging_mixin.py:137} INFO - [2023-04-02T10:42:15.448+0000] {dagbag.py:532} INFO - Filling up the DagBag from /home/airflow/.local/lib/python3.7/site-packages/airflow/example_dags/plugins/event_listener.py
[2023-04-02T10:42:15.461+0000] {processor.py:755} WARNING - No viable dags retrieved from /home/airflow/.local/lib/python3.7/site-packages/airflow/example_dags/plugins/event_listener.py
[2023-04-02T10:42:15.542+0000] {processor.py:175} INFO - Processing /home/airflow/.local/lib/python3.7/site-packages/airflow/example_dags/plugins/event_listener.py took 0.131 seconds
[2023-04-02T10:42:45.884+0000] {processor.py:153} INFO - Started process (PID=4510) to work on /home/airflow/.local/lib/python3.7/site-packages/airflow/example_dags/plugins/event_listener.py
[2023-04-02T10:42:45.889+0000] {processor.py:743} INFO - Processing file /home/airflow/.local/lib/python3.7/site-packages/airflow/example_dags/plugins/event_listener.py for tasks to queue
[2023-04-02T10:42:45.893+0000] {logging_mixin.py:137} INFO - [2023-04-02T10:42:45.893+0000] {dagbag.py:532} INFO - Filling up the DagBag from /home/airflow/.local/lib/python3.7/site-packages/airflow/example_dags/plugins/event_listener.py
[2023-04-02T10:42:45.901+0000] {processor.py:755} WARNING - No viable dags retrieved from /home/airflow/.local/lib/python3.7/site-packages/airflow/example_dags/plugins/event_listener.py
[2023-04-02T10:42:45.938+0000] {processor.py:175} INFO - Processing /home/airflow/.local/lib/python3.7/site-packages/airflow/example_dags/plugins/event_listener.py took 0.061 seconds
[2023-04-02T10:43:16.654+0000] {processor.py:153} INFO - Started process (PID=4728) to work on /home/airflow/.local/lib/python3.7/site-packages/airflow/example_dags/plugins/event_listener.py
[2023-04-02T10:43:16.656+0000] {processor.py:743} INFO - Processing file /home/airflow/.local/lib/python3.7/site-packages/airflow/example_dags/plugins/event_listener.py for tasks to queue
[2023-04-02T10:43:16.658+0000] {logging_mixin.py:137} INFO - [2023-04-02T10:43:16.657+0000] {dagbag.py:532} INFO - Filling up the DagBag from /home/airflow/.local/lib/python3.7/site-packages/airflow/example_dags/plugins/event_listener.py
[2023-04-02T10:43:16.662+0000] {processor.py:755} WARNING - No viable dags retrieved from /home/airflow/.local/lib/python3.7/site-packages/airflow/example_dags/plugins/event_listener.py
[2023-04-02T10:43:16.688+0000] {processor.py:175} INFO - Processing /home/airflow/.local/lib/python3.7/site-packages/airflow/example_dags/plugins/event_listener.py took 0.040 seconds
[2023-04-02T10:43:47.066+0000] {processor.py:153} INFO - Started process (PID=4946) to work on /home/airflow/.local/lib/python3.7/site-packages/airflow/example_dags/plugins/event_listener.py
[2023-04-02T10:43:47.069+0000] {processor.py:743} INFO - Processing file /home/airflow/.local/lib/python3.7/site-packages/airflow/example_dags/plugins/event_listener.py for tasks to queue
[2023-04-02T10:43:47.072+0000] {logging_mixin.py:137} INFO - [2023-04-02T10:43:47.071+0000] {dagbag.py:532} INFO - Filling up the DagBag from /home/airflow/.local/lib/python3.7/site-packages/airflow/example_dags/plugins/event_listener.py
[2023-04-02T10:43:47.077+0000] {processor.py:755} WARNING - No viable dags retrieved from /home/airflow/.local/lib/python3.7/site-packages/airflow/example_dags/plugins/event_listener.py
[2023-04-02T10:43:47.103+0000] {processor.py:175} INFO - Processing /home/airflow/.local/lib/python3.7/site-packages/airflow/example_dags/plugins/event_listener.py took 0.043 seconds
[2023-04-02T10:44:18.123+0000] {processor.py:153} INFO - Started process (PID=5164) to work on /home/airflow/.local/lib/python3.7/site-packages/airflow/example_dags/plugins/event_listener.py
[2023-04-02T10:44:18.125+0000] {processor.py:743} INFO - Processing file /home/airflow/.local/lib/python3.7/site-packages/airflow/example_dags/plugins/event_listener.py for tasks to queue
[2023-04-02T10:44:18.128+0000] {logging_mixin.py:137} INFO - [2023-04-02T10:44:18.127+0000] {dagbag.py:532} INFO - Filling up the DagBag from /home/airflow/.local/lib/python3.7/site-packages/airflow/example_dags/plugins/event_listener.py
[2023-04-02T10:44:18.138+0000] {processor.py:755} WARNING - No viable dags retrieved from /home/airflow/.local/lib/python3.7/site-packages/airflow/example_dags/plugins/event_listener.py
[2023-04-02T10:44:18.180+0000] {processor.py:175} INFO - Processing /home/airflow/.local/lib/python3.7/site-packages/airflow/example_dags/plugins/event_listener.py took 0.065 seconds
[2023-04-02T10:44:49.057+0000] {processor.py:153} INFO - Started process (PID=5382) to work on /home/airflow/.local/lib/python3.7/site-packages/airflow/example_dags/plugins/event_listener.py
[2023-04-02T10:44:49.061+0000] {processor.py:743} INFO - Processing file /home/airflow/.local/lib/python3.7/site-packages/airflow/example_dags/plugins/event_listener.py for tasks to queue
[2023-04-02T10:44:49.065+0000] {logging_mixin.py:137} INFO - [2023-04-02T10:44:49.065+0000] {dagbag.py:532} INFO - Filling up the DagBag from /home/airflow/.local/lib/python3.7/site-packages/airflow/example_dags/plugins/event_listener.py
[2023-04-02T10:44:49.071+0000] {processor.py:755} WARNING - No viable dags retrieved from /home/airflow/.local/lib/python3.7/site-packages/airflow/example_dags/plugins/event_listener.py
[2023-04-02T10:44:49.098+0000] {processor.py:175} INFO - Processing /home/airflow/.local/lib/python3.7/site-packages/airflow/example_dags/plugins/event_listener.py took 0.047 seconds
[2023-04-02T10:45:19.874+0000] {processor.py:153} INFO - Started process (PID=5600) to work on /home/airflow/.local/lib/python3.7/site-packages/airflow/example_dags/plugins/event_listener.py
[2023-04-02T10:45:19.876+0000] {processor.py:743} INFO - Processing file /home/airflow/.local/lib/python3.7/site-packages/airflow/example_dags/plugins/event_listener.py for tasks to queue
[2023-04-02T10:45:19.882+0000] {logging_mixin.py:137} INFO - [2023-04-02T10:45:19.881+0000] {dagbag.py:532} INFO - Filling up the DagBag from /home/airflow/.local/lib/python3.7/site-packages/airflow/example_dags/plugins/event_listener.py
[2023-04-02T10:45:19.888+0000] {processor.py:755} WARNING - No viable dags retrieved from /home/airflow/.local/lib/python3.7/site-packages/airflow/example_dags/plugins/event_listener.py
[2023-04-02T10:45:19.932+0000] {processor.py:175} INFO - Processing /home/airflow/.local/lib/python3.7/site-packages/airflow/example_dags/plugins/event_listener.py took 0.073 seconds
[2023-04-02T10:45:50.234+0000] {processor.py:153} INFO - Started process (PID=5818) to work on /home/airflow/.local/lib/python3.7/site-packages/airflow/example_dags/plugins/event_listener.py
[2023-04-02T10:45:50.236+0000] {processor.py:743} INFO - Processing file /home/airflow/.local/lib/python3.7/site-packages/airflow/example_dags/plugins/event_listener.py for tasks to queue
[2023-04-02T10:45:50.240+0000] {logging_mixin.py:137} INFO - [2023-04-02T10:45:50.240+0000] {dagbag.py:532} INFO - Filling up the DagBag from /home/airflow/.local/lib/python3.7/site-packages/airflow/example_dags/plugins/event_listener.py
[2023-04-02T10:45:50.245+0000] {processor.py:755} WARNING - No viable dags retrieved from /home/airflow/.local/lib/python3.7/site-packages/airflow/example_dags/plugins/event_listener.py
[2023-04-02T10:45:50.274+0000] {processor.py:175} INFO - Processing /home/airflow/.local/lib/python3.7/site-packages/airflow/example_dags/plugins/event_listener.py took 0.046 seconds
[2023-04-02T10:46:20.785+0000] {processor.py:153} INFO - Started process (PID=6036) to work on /home/airflow/.local/lib/python3.7/site-packages/airflow/example_dags/plugins/event_listener.py
[2023-04-02T10:46:20.787+0000] {processor.py:743} INFO - Processing file /home/airflow/.local/lib/python3.7/site-packages/airflow/example_dags/plugins/event_listener.py for tasks to queue
[2023-04-02T10:46:20.791+0000] {logging_mixin.py:137} INFO - [2023-04-02T10:46:20.790+0000] {dagbag.py:532} INFO - Filling up the DagBag from /home/airflow/.local/lib/python3.7/site-packages/airflow/example_dags/plugins/event_listener.py
[2023-04-02T10:46:20.796+0000] {processor.py:755} WARNING - No viable dags retrieved from /home/airflow/.local/lib/python3.7/site-packages/airflow/example_dags/plugins/event_listener.py
[2023-04-02T10:46:20.830+0000] {processor.py:175} INFO - Processing /home/airflow/.local/lib/python3.7/site-packages/airflow/example_dags/plugins/event_listener.py took 0.049 seconds
[2023-04-02T10:46:51.476+0000] {processor.py:153} INFO - Started process (PID=6255) to work on /home/airflow/.local/lib/python3.7/site-packages/airflow/example_dags/plugins/event_listener.py
[2023-04-02T10:46:51.479+0000] {processor.py:743} INFO - Processing file /home/airflow/.local/lib/python3.7/site-packages/airflow/example_dags/plugins/event_listener.py for tasks to queue
[2023-04-02T10:46:51.481+0000] {logging_mixin.py:137} INFO - [2023-04-02T10:46:51.481+0000] {dagbag.py:532} INFO - Filling up the DagBag from /home/airflow/.local/lib/python3.7/site-packages/airflow/example_dags/plugins/event_listener.py
[2023-04-02T10:46:51.492+0000] {processor.py:755} WARNING - No viable dags retrieved from /home/airflow/.local/lib/python3.7/site-packages/airflow/example_dags/plugins/event_listener.py
[2023-04-02T10:46:51.534+0000] {processor.py:175} INFO - Processing /home/airflow/.local/lib/python3.7/site-packages/airflow/example_dags/plugins/event_listener.py took 0.069 seconds
[2023-04-02T10:47:22.252+0000] {processor.py:153} INFO - Started process (PID=6473) to work on /home/airflow/.local/lib/python3.7/site-packages/airflow/example_dags/plugins/event_listener.py
[2023-04-02T10:47:22.254+0000] {processor.py:743} INFO - Processing file /home/airflow/.local/lib/python3.7/site-packages/airflow/example_dags/plugins/event_listener.py for tasks to queue
[2023-04-02T10:47:22.256+0000] {logging_mixin.py:137} INFO - [2023-04-02T10:47:22.256+0000] {dagbag.py:532} INFO - Filling up the DagBag from /home/airflow/.local/lib/python3.7/site-packages/airflow/example_dags/plugins/event_listener.py
[2023-04-02T10:47:22.261+0000] {processor.py:755} WARNING - No viable dags retrieved from /home/airflow/.local/lib/python3.7/site-packages/airflow/example_dags/plugins/event_listener.py
[2023-04-02T10:47:22.297+0000] {processor.py:175} INFO - Processing /home/airflow/.local/lib/python3.7/site-packages/airflow/example_dags/plugins/event_listener.py took 0.052 seconds
[2023-04-02T10:47:52.459+0000] {processor.py:153} INFO - Started process (PID=6688) to work on /home/airflow/.local/lib/python3.7/site-packages/airflow/example_dags/plugins/event_listener.py
[2023-04-02T10:47:52.462+0000] {processor.py:743} INFO - Processing file /home/airflow/.local/lib/python3.7/site-packages/airflow/example_dags/plugins/event_listener.py for tasks to queue
[2023-04-02T10:47:52.464+0000] {logging_mixin.py:137} INFO - [2023-04-02T10:47:52.464+0000] {dagbag.py:532} INFO - Filling up the DagBag from /home/airflow/.local/lib/python3.7/site-packages/airflow/example_dags/plugins/event_listener.py
[2023-04-02T10:47:52.468+0000] {processor.py:755} WARNING - No viable dags retrieved from /home/airflow/.local/lib/python3.7/site-packages/airflow/example_dags/plugins/event_listener.py
[2023-04-02T10:47:52.484+0000] {processor.py:175} INFO - Processing /home/airflow/.local/lib/python3.7/site-packages/airflow/example_dags/plugins/event_listener.py took 0.032 seconds
[2023-04-02T10:48:22.693+0000] {processor.py:153} INFO - Started process (PID=6904) to work on /home/airflow/.local/lib/python3.7/site-packages/airflow/example_dags/plugins/event_listener.py
[2023-04-02T10:48:22.695+0000] {processor.py:743} INFO - Processing file /home/airflow/.local/lib/python3.7/site-packages/airflow/example_dags/plugins/event_listener.py for tasks to queue
[2023-04-02T10:48:22.698+0000] {logging_mixin.py:137} INFO - [2023-04-02T10:48:22.698+0000] {dagbag.py:532} INFO - Filling up the DagBag from /home/airflow/.local/lib/python3.7/site-packages/airflow/example_dags/plugins/event_listener.py
[2023-04-02T10:48:22.702+0000] {processor.py:755} WARNING - No viable dags retrieved from /home/airflow/.local/lib/python3.7/site-packages/airflow/example_dags/plugins/event_listener.py
[2023-04-02T10:48:22.723+0000] {processor.py:175} INFO - Processing /home/airflow/.local/lib/python3.7/site-packages/airflow/example_dags/plugins/event_listener.py took 0.035 seconds
[2023-04-02T10:48:53.752+0000] {processor.py:153} INFO - Started process (PID=7127) to work on /home/airflow/.local/lib/python3.7/site-packages/airflow/example_dags/plugins/event_listener.py
[2023-04-02T10:48:53.755+0000] {processor.py:743} INFO - Processing file /home/airflow/.local/lib/python3.7/site-packages/airflow/example_dags/plugins/event_listener.py for tasks to queue
[2023-04-02T10:48:53.759+0000] {logging_mixin.py:137} INFO - [2023-04-02T10:48:53.758+0000] {dagbag.py:532} INFO - Filling up the DagBag from /home/airflow/.local/lib/python3.7/site-packages/airflow/example_dags/plugins/event_listener.py
[2023-04-02T10:48:53.764+0000] {processor.py:755} WARNING - No viable dags retrieved from /home/airflow/.local/lib/python3.7/site-packages/airflow/example_dags/plugins/event_listener.py
[2023-04-02T10:48:53.791+0000] {processor.py:175} INFO - Processing /home/airflow/.local/lib/python3.7/site-packages/airflow/example_dags/plugins/event_listener.py took 0.050 seconds
[2023-04-02T10:49:24.549+0000] {processor.py:153} INFO - Started process (PID=7345) to work on /home/airflow/.local/lib/python3.7/site-packages/airflow/example_dags/plugins/event_listener.py
[2023-04-02T10:49:24.564+0000] {processor.py:743} INFO - Processing file /home/airflow/.local/lib/python3.7/site-packages/airflow/example_dags/plugins/event_listener.py for tasks to queue
[2023-04-02T10:49:24.569+0000] {logging_mixin.py:137} INFO - [2023-04-02T10:49:24.568+0000] {dagbag.py:532} INFO - Filling up the DagBag from /home/airflow/.local/lib/python3.7/site-packages/airflow/example_dags/plugins/event_listener.py
[2023-04-02T10:49:24.573+0000] {processor.py:755} WARNING - No viable dags retrieved from /home/airflow/.local/lib/python3.7/site-packages/airflow/example_dags/plugins/event_listener.py
[2023-04-02T10:49:24.602+0000] {processor.py:175} INFO - Processing /home/airflow/.local/lib/python3.7/site-packages/airflow/example_dags/plugins/event_listener.py took 0.060 seconds
[2023-04-02T10:49:54.838+0000] {processor.py:153} INFO - Started process (PID=7563) to work on /home/airflow/.local/lib/python3.7/site-packages/airflow/example_dags/plugins/event_listener.py
[2023-04-02T10:49:54.841+0000] {processor.py:743} INFO - Processing file /home/airflow/.local/lib/python3.7/site-packages/airflow/example_dags/plugins/event_listener.py for tasks to queue
[2023-04-02T10:49:54.845+0000] {logging_mixin.py:137} INFO - [2023-04-02T10:49:54.844+0000] {dagbag.py:532} INFO - Filling up the DagBag from /home/airflow/.local/lib/python3.7/site-packages/airflow/example_dags/plugins/event_listener.py
[2023-04-02T10:49:54.848+0000] {processor.py:755} WARNING - No viable dags retrieved from /home/airflow/.local/lib/python3.7/site-packages/airflow/example_dags/plugins/event_listener.py
[2023-04-02T10:49:54.873+0000] {processor.py:175} INFO - Processing /home/airflow/.local/lib/python3.7/site-packages/airflow/example_dags/plugins/event_listener.py took 0.041 seconds
[2023-04-02T10:50:25.558+0000] {processor.py:153} INFO - Started process (PID=7781) to work on /home/airflow/.local/lib/python3.7/site-packages/airflow/example_dags/plugins/event_listener.py
[2023-04-02T10:50:25.562+0000] {processor.py:743} INFO - Processing file /home/airflow/.local/lib/python3.7/site-packages/airflow/example_dags/plugins/event_listener.py for tasks to queue
[2023-04-02T10:50:25.563+0000] {logging_mixin.py:137} INFO - [2023-04-02T10:50:25.563+0000] {dagbag.py:532} INFO - Filling up the DagBag from /home/airflow/.local/lib/python3.7/site-packages/airflow/example_dags/plugins/event_listener.py
[2023-04-02T10:50:25.566+0000] {processor.py:755} WARNING - No viable dags retrieved from /home/airflow/.local/lib/python3.7/site-packages/airflow/example_dags/plugins/event_listener.py
[2023-04-02T10:50:25.585+0000] {processor.py:175} INFO - Processing /home/airflow/.local/lib/python3.7/site-packages/airflow/example_dags/plugins/event_listener.py took 0.036 seconds
